time	 y	 z	 f	 w	 l	 r	 u	 d	 m	 multi
   0.000  3628 3361   0 0  0  0 0 0 0 0  00000000
   0.805  3646 3150  83 1  0  0 0 0 0 0  00000000
   0.825  3615 3124  89 1  0  0 0 0 0 0  00000000
   0.843  3615 3125  94 1  0  0 0 0 0 0  00000000
   0.855  3615 3129  93 1  0  0 0 0 0 0  00000000
   0.868  3615 3130  88 1  0  0 0 0 0 0  00000000
   0.880  3633 3134  77 1  0  0 0 0 0 0  00000000
   0.893  3651 3204  44 1  0  0 0 0 0 0  00000000
   0.904  3651 3204   0 0  0  0 0 0 0 0  00000000
   0.992  3824 2985  63 1  0  0 0 0 0 0  00000000
   1.004  3781 2985  94 1  0  0 0 0 0 0  00000000
   1.017  3779 2968  97 1  0  0 0 0 0 0  00000000
   1.030  3777 2966  98 1  0  0 0 0 0 0  00000000
   1.042  3772 2964  99 1  0  0 0 0 0 0  00000000
   1.054  3770 2960  96 1  0  0 0 0 0 0  00000000
   1.067  3765 2955  91 1  0  0 0 0 0 0  00000000
   1.079  3759 2954  85 1  0  0 0 0 0 0  00000000
   1.092  3729 2991  74 1  0  0 0 0 0 0  00000000
   1.105  3730 3048  52 1  0  0 0 0 0 0  00000000
   1.116  3730 3048   0 0  0  0 0 0 0 0  00000000
   1.265  3781 3075  93 1  0  0 0 0 0 0  00000000
   1.278  3781 3035  91 1  0  0 0 0 0 0  00000000
   1.290  3781 3036  95 1  0  0 0 0 0 0  00000000
   1.303  3780 3037  95 1  0  0 0 0 0 0  00000000
   1.315  3778 3037  94 1  0  0 0 0 0 0  00000000
   1.327  3776 3038  94 1  0  0 0 0 0 0  00000000
   1.340  3774 3039  90 1  0  0 0 0 0 0  00000000
   1.352  3770 3043  86 1  0  0 0 0 0 0  00000000
   1.365  3738 3074  74 1  0  0 0 0 0 0  00000000
   1.377  3738 3136  44 1  0  0 0 0 0 0  00000000
   1.388  3738 3136   0 0  0  0 0 0 0 0  00000000
   1.538  3804 3105  93 1  0  0 0 0 0 0  00000000
   1.551  3804 3043  88 1  0  0 0 0 0 0  00000000
   1.562  3804 3043  92 1  0  0 0 0 0 0  00000000
   1.575  3804 3041  92 1  0  0 0 0 0 0  00000000
   1.588  3802 3039  91 1  0  0 0 0 0 0  00000000
   1.599  3802 3035  88 1  0  0 0 0 0 0  00000000
   1.612  3802 3035  85 1  0  0 0 0 0 0  00000000
   1.625  3819 3064  74 1  0  0 0 0 0 0  00000000
   1.636  3819 3137  51 1  0  0 0 0 0 0  00000000
   1.648  3819 3137   0 0  0  0 0 0 0 0  00000000
   1.798  4006 3034  43 1  0  0 0 0 0 0  00000000
   1.812  3933 3035  88 1  0  0 0 0 0 0  00000000
   1.824  3933 3035  89 1  0  0 0 0 0 0  00000000
   1.835  3933 3031  91 1  0  0 0 0 0 0  00000000
   1.848  3933 3027  91 1  0  0 0 0 0 0  00000000
   1.861  3932 3022  88 1  0  0 0 0 0 0  00000000
   1.873  3927 3015  83 1  0  0 0 0 0 0  00000000
   1.885  3926 3021  74 1  0  0 0 0 0 0  00000000
   1.898  3924 3088  58 1  0  0 0 0 0 0  00000000
   1.910  3924 3088   0 0  0  0 0 0 0 0  00000000
   2.083  3890 3086  56 1  0  0 0 0 0 0  00000000
   2.096  3805 3084  89 1  0  0 0 0 0 0  00000000
   2.109  3805 3056  89 1  0  0 0 0 0 0  00000000
   2.121  3805 3056  91 1  0  0 0 0 0 0  00000000
   2.146  3805 3056  89 1  0  0 0 0 0 0  00000000
   2.158  3804 3052  86 1  0  0 0 0 0 0  00000000
   2.171  3802 3048  80 1  0  0 0 0 0 0  00000000
   2.183  3796 3073  61 1  0  0 0 0 0 0  00000000
   2.194  3796 3073   0 0  0  0 0 0 0 0  00000000
   2.370  3791 3099  91 1  0  0 0 0 0 0  00000000
   2.382  3789 3050  84 1  0  0 0 0 0 0  00000000
   2.395  3787 3050  89 1  0  0 0 0 0 0  00000000
   2.406  3787 3050  88 1  0  0 0 0 0 0  00000000
   2.419  3785 3050  87 1  0  0 0 0 0 0  00000000
   2.432  3780 3050  82 1  0  0 0 0 0 0  00000000
   2.443  3774 3050  63 1  0  0 0 0 0 0  00000000
   2.455  3774 3050   0 0  0  0 0 0 0 0  00000000
   2.680  3675 3132  91 1  0  0 0 0 0 0  00000000
   2.693  3675 3062  84 1  0  0 0 0 0 0  00000000
   2.705  3675 3062  89 1  0  0 0 0 0 0  00000000
   2.717  3675 3060  89 1  0  0 0 0 0 0  00000000
   2.730  3675 3059  90 1  0  0 0 0 0 0  00000000
   2.742  3675 3059  92 1  0  0 0 0 0 0  00000000
   2.755  3675 3059  91 1  0  0 0 0 0 0  00000000
   2.816  3675 3060  90 1  0  0 0 0 0 0  00000000
   2.829  3675 3061  91 1  0  0 0 0 0 0  00000000
   2.841  3675 3062  92 1  0  0 0 0 0 0  00000000
   2.853  3675 3063  93 1  0  0 0 0 0 0  00000000
   2.866  3674 3064  93 1  0  0 0 0 0 0  00000000
   2.879  3672 3064  93 1  0  0 0 0 0 0  00000000
   2.890  3672 3065  94 1  0  0 0 0 0 0  00000000
   2.902  3672 3066  94 1  0  0 0 0 0 0  00000000
   2.915  3672 3070  94 1  0  0 0 0 0 0  00000000
   2.927  3672 3071  94 1  0  0 0 0 0 0  00000000
   2.941  3672 3072  94 1  0  0 0 0 0 0  00000000
   2.953  3672 3077  94 1  0  0 0 0 0 0  00000000
   2.964  3672 3078  95 1  0  0 0 0 0 0  00000000
   2.977  3672 3079  94 1  0  0 0 0 0 0  00000000
   2.989  3672 3080  94 1  0  0 0 0 0 0  00000000
   3.002  3672 3081  95 1  0  0 0 0 0 0  00000000
   3.014  3672 3085  94 1  0  0 0 0 0 0  00000000
   3.027  3670 3086  95 1  0  0 0 0 0 0  00000000
   3.039  3669 3087  95 1  0  0 0 0 0 0  00000000
   3.052  3668 3087  95 1  0  0 0 0 0 0  00000000
   3.064  3668 3088  96 1  0  0 0 0 0 0  00000000
   3.077  3668 3089  96 1  0  0 0 0 0 0  00000000
   3.089  3668 3090  97 1  0  0 0 0 0 0  00000000
   3.101  3668 3091  96 1  0  0 0 0 0 0  00000000
   3.113  3668 3091  97 1  0  0 0 0 0 0  00000000
   3.126  3668 3092  96 1  0  0 0 0 0 0  00000000
   3.214  3668 3092  93 1  0  0 0 0 0 0  00000000
   3.225  3668 3090  85 1  0  0 0 0 0 0  00000000
   3.239  3663 3122  61 1  0  0 0 0 0 0  00000000
   3.249  3663 3122   0 0  0  0 0 0 0 0  00000000
   3.424  3880 3122  39 1  0  0 0 0 0 0  00000000
   3.437  3755 3120  93 1  0  0 0 0 0 0  00000000
   3.449  3756 3080  91 1  0  0 0 0 0 0  00000000
   3.462  3757 3080  92 1  0  0 0 0 0 0  00000000
   3.474  3757 3080  90 1  0  0 0 0 0 0  00000000
   3.485  3761 3100  81 1  0  0 0 0 0 0  00000000
   3.498  3766 3197  45 1  0  0 0 0 0 0  00000000
   3.510  3766 3197   0 0  0  0 0 0 0 0  00000000
   3.598  3766 3088  93 1  0  0 0 0 0 0  00000000
   3.610  3767 3056  91 1  0  0 0 0 0 0  00000000
   3.623  3768 3056  93 1  0  0 0 0 0 0  00000000
   3.636  3768 3074  90 1  0  0 0 0 0 0  00000000
   3.648  3766 3124  78 1  0  0 0 0 0 0  00000000
   3.659  3712 3261  57 1  0  0 0 0 0 0  00000000
   3.671  3712 3261   0 0  0  0 0 0 0 0  00000000
   3.847  3667 3124  94 1  0  0 0 0 0 0  00000000
   3.857  3668 3056  91 1  0  0 0 0 0 0  00000000
   3.870  3669 3034  91 1  0  0 0 0 0 0  00000000
   3.884  3670 3034  92 1  0  0 0 0 0 0  00000000
   3.908  3670 3038  93 1  0  0 0 0 0 0  00000000
   3.921  3669 3062  92 1  0  0 0 0 0 0  00000000
   3.932  3668 3063  91 1  0  0 0 0 0 0  00000000
   3.947  3666 3064  91 1  0  0 0 0 0 0  00000000
   3.957  3666 3065  91 1  0  0 0 0 0 0  00000000
   3.970  3666 3070  90 1  0  0 0 0 0 0  00000000
   3.982  3666 3071  89 1  0  0 0 0 0 0  00000000
   3.996  3666 3077  90 1  0  0 0 0 0 0  00000000
   4.008  3666 3078  90 1  0  0 0 0 0 0  00000000
   4.020  3666 3083  90 1  0  0 0 0 0 0  00000000
   4.033  3665 3084  91 1  0  0 0 0 0 0  00000000
   4.045  3664 3085  92 1  0  0 0 0 0 0  00000000
   4.057  3662 3086  94 1  0  0 0 0 0 0  00000000
   4.069  3660 3087  94 1  0  0 0 0 0 0  00000000
   4.083  3659 3088  94 1  0  0 0 0 0 0  00000000
   4.094  3659 3089  95 1  0  0 0 0 0 0  00000000
   4.108  3659 3090  94 1  0  0 0 0 0 0  00000000
   4.120  3658 3091  95 1  0  0 0 0 0 0  00000000
   4.132  3658 3092  94 1  0  0 0 0 0 0  00000000
   4.144  3658 3092  95 1  0  0 0 0 0 0  00000000
   4.156  3658 3093  95 1  0  0 0 0 0 0  00000000
   4.169  3658 3094  95 1  0  0 0 0 0 0  00000000
   4.182  3658 3094  94 1  0  0 0 0 0 0  00000000
   4.194  3658 3094  95 1  0  0 0 0 0 0  00000000
   4.205  3658 3094  96 1  0  0 0 0 0 0  00000000
   4.218  3658 3094  95 1  0  0 0 0 0 0  00000000
   4.230  3658 3094  96 1  0  0 0 0 0 0  00000000
   4.244  3658 3094  95 1  0  0 0 0 0 0  00000000
   4.281  3658 3092  94 1  0  0 0 0 0 0  00000000
   4.293  3658 3090  91 1  0  0 0 0 0 0  00000000
   4.306  3674 3089  82 1  0  0 0 0 0 0  00000000
   4.317  3739 3172  45 1  0  0 0 0 0 0  00000000
   4.329  3739 3172   0 0  0  0 0 0 0 0  00000000
   4.429  3985 3079  39 1  0  0 0 0 0 0  00000000
   4.442  3819 3056  96 1  0  0 0 0 0 0  00000000
   4.454  3820 3036  95 1  0  0 0 0 0 0  00000000
   4.467  3821 3032  95 1  0  0 0 0 0 0  00000000
   4.479  3822 3031  95 1  0  0 0 0 0 0  00000000
   4.491  3822 3031  94 1  0  0 0 0 0 0  00000000
   4.504  3822 3056  91 1  0  0 0 0 0 0  00000000
   4.515  3806 3090  87 1  0  0 0 0 0 0  00000000
   4.529  3806 3129  81 1  0  0 0 0 0 0  00000000
   4.540  3781 3199  57 1  0  0 0 0 0 0  00000000
   4.553  3781 3199   0 0  0  0 0 0 0 0  00000000
   4.703  3815 3048  94 1  0  0 0 0 0 0  00000000
   4.714  3813 3002  93 1  0  0 0 0 0 0  00000000
   4.728  3811 3002  97 1  0  0 0 0 0 0  00000000
   4.740  3806 3001  97 1  0  0 0 0 0 0  00000000
   4.753  3805 3001  96 1  0  0 0 0 0 0  00000000
   4.764  3803 3001  93 1  0  0 0 0 0 0  00000000
   4.777  3801 3008  86 1  0  0 0 0 0 0  00000000
   4.788  3796 3047  67 1  0  0 0 0 0 0  00000000
   4.802  3796 3047   0 0  0  0 0 0 0 0  00000000
   4.987  3667 3112  93 1  0  0 0 0 0 0  00000000
   5.000  3667 3070  90 1  0  0 0 0 0 0  00000000
   5.012  3667 3070  94 1  0  0 0 0 0 0  00000000
   5.025  3667 3066  95 1  0  0 0 0 0 0  00000000
   5.062  3665 3066  96 1  0  0 0 0 0 0  00000000
   5.075  3663 3064  96 1  0  0 0 0 0 0  00000000
   5.087  3663 3062  96 1  0  0 0 0 0 0  00000000
   5.100  3663 3058  96 1  0  0 0 0 0 0  00000000
   5.112  3663 3057  95 1  0  0 0 0 0 0  00000000
   5.125  3663 3056  95 1  0  0 0 0 0 0  00000000
   5.137  3663 3056  94 1  0  0 0 0 0 0  00000000
   5.149  3663 3056  95 1  0  0 0 0 0 0  00000000
   5.174  3663 3055  95 1  0  0 0 0 0 0  00000000
   5.186  3663 3054  96 1  0  0 0 0 0 0  00000000
   5.235  3663 3055  97 1  0  0 0 0 0 0  00000000
   5.248  3663 3059  96 1  0  0 0 0 0 0  00000000
   5.261  3663 3060  97 1  0  0 0 0 0 0  00000000
   5.273  3663 3061  96 1  0  0 0 0 0 0  00000000
   5.286  3663 3062  96 1  0  0 0 0 0 0  00000000
   5.299  3662 3067  97 1  0  0 0 0 0 0  00000000
   5.311  3662 3097  96 1  0  0 0 0 0 0  00000000
   5.324  3662 3098  90 1  0  0 0 0 0 0  00000000
   5.335  3625 3171  56 1  0  0 0 0 0 0  00000000
   5.346  3625 3171   0 0  0  0 0 0 0 0  00000000
