time	 y	 z	 f	 w	 l	 r	 u	 d	 m	 multi
   0.000  4145 3001   0 0  0  0 0 0 0 0  00000000
   0.922  4506 2790  77 1  0  0 0 0 0 0  00000000
   0.933  4465 2811  60 1  0  0 0 0 0 0  00000000
   0.946  4465 2811   0 0  0  0 0 0 0 0  00000000
   1.145  4622 2811  47 1  0  0 0 0 0 0  00000000
   1.157  4620 2811  81 1  0  0 0 0 0 0  00000000
   1.170  4618 2811  85 1  0  0 0 0 0 0  00000000
   1.182  4616 2811  87 1  0  0 0 0 0 0  00000000
   1.194  4614 2806  85 1  0  0 0 0 0 0  00000000
   1.207  4609 2801  83 1  0  0 0 0 0 0  00000000
   1.219  4608 2806  78 1  0  0 0 0 0 0  00000000
   1.231  4578 2830  69 1  0  0 0 0 0 0  00000000
   1.243  4561 2863  50 1  0  0 0 0 0 0  00000000
   1.255  4561 2863   0 0  0  0 0 0 0 0  00000000
   1.418  4604 2921  81 1  0  0 0 0 0 0  00000000
   1.430  4604 2879  83 1  0  0 0 0 0 0  00000000
   1.443  4604 2877  85 1  0  0 0 0 0 0  00000000
   1.455  4602 2877  84 1  0  0 0 0 0 0  00000000
   1.467  4600 2875  81 1  0  0 0 0 0 0  00000000
   1.480  4594 2870  72 1  0  0 0 0 0 0  00000000
   1.492  4599 2899  50 1  0  0 0 0 0 0  00000000
   1.503  4599 2899   0 0  0  0 0 0 0 0  00000000
   1.703  4749 2900  71 1  0  0 0 0 0 0  00000000
   1.715  4700 2853  82 1  0  0 0 0 0 0  00000000
   1.728  4700 2853  88 1  0  0 0 0 0 0  00000000
   1.739  4700 2851  88 1  0  0 0 0 0 0  00000000
   1.752  4700 2846  84 1  0  0 0 0 0 0  00000000
   1.764  4670 2842  71 1  0  0 0 0 0 0  00000000
   1.777  4644 2873  55 1  0  0 0 0 0 0  00000000
   1.788  4644 2873   0 0  0  0 0 0 0 0  00000000
   1.963  4645 2932  73 1  0  0 0 0 0 0  00000000
   1.976  4623 2884  82 1  0  0 0 0 0 0  00000000
   2.001  4623 2853  86 1  0  0 0 0 0 0  00000000
   2.014  4622 2853  83 1  0  0 0 0 0 0  00000000
   2.026  4616 2853  76 1  0  0 0 0 0 0  00000000
   2.037  4610 2877  57 1  0  0 0 0 0 0  00000000
   2.049  4610 2877   0 0  0  0 0 0 0 0  00000000
   2.261  4519 2948  48 1  0  0 0 0 0 0  00000000
   2.274  4482 2890  87 1  0  0 0 0 0 0  00000000
   2.287  4482 2860  92 1  0  0 0 0 0 0  00000000
   2.298  4482 2837  94 1  0  0 0 0 0 0  00000000
   2.311  4480 2836  95 1  0  0 0 0 0 0  00000000
   2.324  4478 2831  95 1  0  0 0 0 0 0  00000000
   2.336  4476 2829  95 1  0  0 0 0 0 0  00000000
   2.349  4474 2827  95 1  0  0 0 0 0 0  00000000
   2.361  4474 2822  95 1  0  0 0 0 0 0  00000000
   2.373  4474 2816  95 1  0  0 0 0 0 0  00000000
   2.386  4474 2814  94 1  0  0 0 0 0 0  00000000
   2.398  4474 2812  94 1  0  0 0 0 0 0  00000000
   2.411  4474 2812  92 1  0  0 0 0 0 0  00000000
   2.436  4474 2811  93 1  0  0 0 0 0 0  00000000
   2.448  4474 2811  94 1  0  0 0 0 0 0  00000000
   2.460  4474 2811  95 1  0  0 0 0 0 0  00000000
   2.472  4474 2811  94 1  0  0 0 0 0 0  00000000
   2.486  4474 2811  95 1  0  0 0 0 0 0  00000000
   2.497  4474 2812  96 1  0  0 0 0 0 0  00000000
   2.510  4474 2813  95 1  0  0 0 0 0 0  00000000
   2.522  4474 2814  96 1  0  0 0 0 0 0  00000000
   2.534  4474 2814  95 1  0  0 0 0 0 0  00000000
   2.547  4474 2814  96 1  0  0 0 0 0 0  00000000
   2.560  4475 2814  95 1  0  0 0 0 0 0  00000000
   2.573  4476 2814  95 1  0  0 0 0 0 0  00000000
   2.584  4477 2814  94 1  0  0 0 0 0 0  00000000
   2.609  4477 2814  93 1  0  0 0 0 0 0  00000000
   2.622  4478 2812  90 1  0  0 0 0 0 0  00000000
   2.634  4522 2812  83 1  0  0 0 0 0 0  00000000
   2.646  4608 2812  68 1  0  0 0 0 0 0  00000000
   2.658  4678 2874  44 1  0  0 0 0 0 0  00000000
   2.670  4678 2874   0 0  0  0 0 0 0 0  00000000
   2.845  4934 2858  80 1  0  0 0 0 0 0  00000000
   2.857  4900 2858  89 1  0  0 0 0 0 0  00000000
   2.870  4900 2857  91 1  0  0 0 0 0 0  00000000
   2.882  4900 2857  92 1  0  0 0 0 0 0  00000000
   2.894  4896 2855  89 1  0  0 0 0 0 0  00000000
   2.907  4894 2850  83 1  0  0 0 0 0 0  00000000
   2.919  4865 2850  69 1  0  0 0 0 0 0  00000000
   2.931  4809 2867  41 1  0  0 0 0 0 0  00000000
   2.943  4809 2867   0 0  0  0 0 0 0 0  00000000
   3.118  4867 2844  89 1  0  0 0 0 0 0  00000000
   3.130  4867 2803  90 1  0  0 0 0 0 0  00000000
   3.143  4867 2803  92 1  0  0 0 0 0 0  00000000
   3.155  4865 2803  91 1  0  0 0 0 0 0  00000000
   3.167  4845 2803  85 1  0  0 0 0 0 0  00000000
   3.179  4817 2804  71 1  0  0 0 0 0 0  00000000
   3.192  4738 2878  44 1  0  0 0 0 0 0  00000000
   3.203  4738 2878   0 0  0  0 0 0 0 0  00000000
   3.428  4614 2986  52 1  0  0 0 0 0 0  00000000
   3.441  4562 2918  91 1  0  0 0 0 0 0  00000000
   3.452  4563 2886  95 1  0  0 0 0 0 0  00000000
   3.465  4564 2885  97 1  0  0 0 0 0 0  00000000
   3.477  4564 2879  97 1  0  0 0 0 0 0  00000000
   3.490  4564 2873  96 1  0  0 0 0 0 0  00000000
   3.503  4564 2867  96 1  0  0 0 0 0 0  00000000
   3.517  4564 2862  94 1  0  0 0 0 0 0  00000000
   3.527  4564 2861  94 1  0  0 0 0 0 0  00000000
   3.540  4564 2859  94 1  0  0 0 0 0 0  00000000
   3.552  4562 2857  93 1  0  0 0 0 0 0  00000000
   3.565  4560 2857  93 1  0  0 0 0 0 0  00000000
   3.578  4558 2857  92 1  0  0 0 0 0 0  00000000
   3.589  4558 2857  93 1  0  0 0 0 0 0  00000000
   3.601  4558 2857  94 1  0  0 0 0 0 0  00000000
   3.614  4556 2857  95 1  0  0 0 0 0 0  00000000
   3.626  4555 2858  96 1  0  0 0 0 0 0  00000000
   3.639  4551 2859  96 1  0  0 0 0 0 0  00000000
   3.651  4550 2860  96 1  0  0 0 0 0 0  00000000
   3.664  4550 2861  96 1  0  0 0 0 0 0  00000000
   3.676  4550 2865  96 1  0  0 0 0 0 0  00000000
   3.689  4550 2866  97 1  0  0 0 0 0 0  00000000
   3.701  4550 2867  96 1  0  0 0 0 0 0  00000000
   3.714  4550 2868  95 1  0  0 0 0 0 0  00000000
   3.727  4550 2868  92 1  0  0 0 0 0 0  00000000
   3.739  4550 2866  82 1  0  0 0 0 0 0  00000000
   3.751  4548 2899  61 1  0  0 0 0 0 0  00000000
   3.762  4548 2899   0 0  0  0 0 0 0 0  00000000
   3.875  4667 2872  66 1  0  0 0 0 0 0  00000000
   3.887  4631 2870  87 1  0  0 0 0 0 0  00000000
   3.901  4631 2865  91 1  0  0 0 0 0 0  00000000
   3.913  4631 2861  89 1  0  0 0 0 0 0  00000000
   3.923  4631 2839  81 1  0  0 0 0 0 0  00000000
   3.936  4631 2870  58 1  0  0 0 0 0 0  00000000
   3.947  4631 2870   0 0  0  0 0 0 0 0  00000000
   4.035  4824 2777  88 1  0  0 0 0 0 0  00000000
   4.048  4824 2755  90 1  0  0 0 0 0 0  00000000
   4.060  4824 2737  90 1  0  0 0 0 0 0  00000000
   4.073  4822 2735  87 1  0  0 0 0 0 0  00000000
   4.085  4818 2733  78 1  0  0 0 0 0 0  00000000
   4.099  4739 2792  55 1  0  0 0 0 0 0  00000000
   4.108  4739 2792   0 0  0  0 0 0 0 0  00000000
   4.321  4630 2830  86 1  0  0 0 0 0 0  00000000
   4.334  4631 2784  88 1  0  0 0 0 0 0  00000000
   4.345  4632 2784  90 1  0  0 0 0 0 0  00000000
   4.359  4633 2782  86 1  0  0 0 0 0 0  00000000
   4.372  4631 2780  71 1  0  0 0 0 0 0  00000000
   4.383  4524 2845  38 1  0  0 0 0 0 0  00000000
   4.394  4524 2845   0 0  0  0 0 0 0 0  00000000
   4.632  4610 2874  89 1  0  0 0 0 0 0  00000000
   4.644  4610 2844  95 1  0  0 0 0 0 0  00000000
   4.657  4610 2840  96 1  0  0 0 0 0 0  00000000
   4.670  4590 2838  97 1  0  0 0 0 0 0  00000000
   4.682  4590 2833  98 1  0  0 0 0 0 0  00000000
   4.693  4590 2827  97 1  0  0 0 0 0 0  00000000
   4.706  4590 2805  95 1  0  0 0 0 0 0  00000000
   4.719  4591 2805  95 1  0  0 0 0 0 0  00000000
   4.731  4592 2805  94 1  0  0 0 0 0 0  00000000
   4.744  4596 2803  93 1  0  0 0 0 0 0  00000000
   4.756  4600 2802  93 1  0  0 0 0 0 0  00000000
   4.769  4601 2798  92 1  0  0 0 0 0 0  00000000
   4.781  4602 2797  92 1  0  0 0 0 0 0  00000000
   4.794  4606 2795  92 1  0  0 0 0 0 0  00000000
   4.804  4607 2795  93 1  0  0 0 0 0 0  00000000
   4.817  4608 2795  93 1  0  0 0 0 0 0  00000000
   4.843  4609 2795  93 1  0  0 0 0 0 0  00000000
   4.892  4609 2793  93 1  0  0 0 0 0 0  00000000
   4.905  4609 2791  93 1  0  0 0 0 0 0  00000000
   4.917  4609 2786  93 1  0  0 0 0 0 0  00000000
   4.930  4610 2781  92 1  0  0 0 0 0 0  00000000
   4.942  4611 2775  92 1  0  0 0 0 0 0  00000000
   4.955  4611 2773  92 1  0  0 0 0 0 0  00000000
   4.967  4611 2771  92 1  0  0 0 0 0 0  00000000
   4.979  4611 2750  92 1  0  0 0 0 0 0  00000000
   4.992  4611 2750  91 1  0  0 0 0 0 0  00000000
   5.005  4611 2729  89 1  0  0 0 0 0 0  00000000
   5.017  4610 2728  89 1  0  0 0 0 0 0  00000000
   5.029  4608 2702  88 1  0  0 0 0 0 0  00000000
   5.042  4607 2702  88 1  0  0 0 0 0 0  00000000
   5.053  4607 2679  87 1  0  0 0 0 0 0  00000000
   5.066  4607 2677  87 1  0  0 0 0 0 0  00000000
   5.078  4607 2671  86 1  0  0 0 0 0 0  00000000
   5.090  4607 2669  86 1  0  0 0 0 0 0  00000000
   5.103  4607 2648  86 1  0  0 0 0 0 0  00000000
   5.141  4607 2648  87 1  0  0 0 0 0 0  00000000
   5.165  4607 2649  87 1  0  0 0 0 0 0  00000000
   5.178  4607 2655  87 1  0  0 0 0 0 0  00000000
   5.190  4607 2661  87 1  0  0 0 0 0 0  00000000
   5.202  4607 2666  88 1  0  0 0 0 0 0  00000000
   5.215  4607 2694  88 1  0  0 0 0 0 0  00000000
   5.239  4608 2694  87 1  0  0 0 0 0 0  00000000
   5.252  4609 2694  87 1  0  0 0 0 0 0  00000000
   5.265  4610 2694  87 1  0  0 0 0 0 0  00000000
   5.277  4611 2695  88 1  0  0 0 0 0 0  00000000
   5.289  4612 2695  88 1  0  0 0 0 0 0  00000000
   5.302  4612 2696  88 1  0  0 0 0 0 0  00000000
   5.314  4612 2697  87 1  0  0 0 0 0 0  00000000
   5.326  4613 2698  85 1  0  0 0 0 0 0  00000000
   5.340  4635 2702  76 1  0  0 0 0 0 0  00000000
   5.352  4635 2795  43 1  0  0 0 0 0 0  00000000
   5.362  4635 2795   0 0  0  0 0 0 0 0  00000000
