time	 y	 z	 f	 w	 l	 r	 u	 d	 m	 multi
   0.000  3552 3061   0 0  0  0 0 0 0 0  00000000
   0.891  3802 2974  42 1  0  0 0 0 0 0  00000000
   0.903  3802 2974   0 0  0  0 0 0 0 0  00000000
   1.114  3645 3015  57 1  0  0 0 0 0 0  00000000
   1.126  3543 2976  77 1  0  0 0 0 0 0  00000000
   1.138  3508 2953  85 1  0  0 0 0 0 0  00000000
   1.151  3504 2975  88 1  0  0 0 0 0 0  00000000
   1.164  3502 2975  89 1  0  0 0 0 0 0  00000000
   1.176  3500 2976  89 1  0  0 0 0 0 0  00000000
   1.185  3498 2977  89 1  0  0 0 0 0 0  00000000
   1.202  3504 2969  84 1  0  0 0 0 0 0  00000000
   1.214  3509 2962  83 1  0  0 0 0 0 0  00000000
   1.225  3510 2956  82 1  0  0 0 0 0 0  00000000
   1.238  3515 2952  82 1  0  0 0 0 0 0  00000000
   1.250  3516 2947  81 1  0  0 0 0 0 0  00000000
   1.263  3517 2942  81 1  0  0 0 0 0 0  00000000
   1.275  3518 2937  81 1  0  0 0 0 0 0  00000000
   1.288  3519 2936  82 1  0  0 0 0 0 0  00000000
   1.300  3519 2936  83 1  0  0 0 0 0 0  00000000
   1.312  3519 2936  84 1  0  0 0 0 0 0  00000000
   1.326  3519 2936  86 1  0  0 0 0 0 0  00000000
   1.337  3519 2937  85 1  0  0 0 0 0 0  00000000
   1.350  3519 2942  86 1  0  0 0 0 0 0  00000000
   1.362  3515 2943  89 1  0  0 0 0 0 0  00000000
   1.375  3513 2948  86 1  0  0 0 0 0 0  00000000
   1.387  3511 2949  88 1  0  0 0 0 0 0  00000000
   1.400  3509 2950  89 1  0  0 0 0 0 0  00000000
   1.412  3508 2951  88 1  0  0 0 0 0 0  00000000
   1.425  3508 2955  87 1  0  0 0 0 0 0  00000000
   1.437  3507 2956  89 1  0  0 0 0 0 0  00000000
   1.449  3506 2977  89 1  0  0 0 0 0 0  00000000
   1.462  3506 2977  90 1  0  0 0 0 0 0  00000000
   1.475  3506 2981  90 1  0  0 0 0 0 0  00000000
   1.487  3506 2985  91 1  0  0 0 0 0 0  00000000
   1.499  3506 2989  90 1  0  0 0 0 0 0  00000000
   1.512  3505 2995  91 1  0  0 0 0 0 0  00000000
   1.524  3505 2996  92 1  0  0 0 0 0 0  00000000
   1.536  3505 3001  90 1  0  0 0 0 0 0  00000000
   1.549  3505 3002  90 1  0  0 0 0 0 0  00000000
   1.561  3505 3003  89 1  0  0 0 0 0 0  00000000
   1.574  3537 3007  81 1  0  0 0 0 0 0  00000000
   1.586  3567 3028  71 1  0  0 0 0 0 0  00000000
   1.598  3567 3028   0 0  0  0 0 0 0 0  00000000
   1.748  3536 3061  79 1  0  0 0 0 0 0  00000000
   1.759  3534 3019  81 1  0  0 0 0 0 0  00000000
   1.773  3490 3002  87 1  0  0 0 0 0 0  00000000
   1.783  3490 3003  89 1  0  0 0 0 0 0  00000000
   1.796  3490 3026  88 1  0  0 0 0 0 0  00000000
   1.808  3490 3026  85 1  0  0 0 0 0 0  00000000
   1.834  3585 3047  70 1  0  0 0 0 0 0  00000000
   1.847  3709 3103  43 1  0  0 0 0 0 0  00000000
   1.858  3709 3103   0 0  0  0 0 0 0 0  00000000
   1.995  3820 3005  40 1  0  0 0 0 0 0  00000000
   2.008  3693 3006  78 1  0  0 0 0 0 0  00000000
   2.019  3671 2988  83 1  0  0 0 0 0 0  00000000
   2.032  3655 2988  88 1  0  0 0 0 0 0  00000000
   2.045  3653 2988  90 1  0  0 0 0 0 0  00000000
   2.057  3651 2989  90 1  0  0 0 0 0 0  00000000
   2.069  3651 2990  89 1  0  0 0 0 0 0  00000000
   2.082  3651 2990  87 1  0  0 0 0 0 0  00000000
   2.095  3658 2989  86 1  0  0 0 0 0 0  00000000
   2.107  3665 2968  83 1  0  0 0 0 0 0  00000000
   2.119  3700 2969  78 1  0  0 0 0 0 0  00000000
   2.131  3780 2993  65 1  0  0 0 0 0 0  00000000
   2.143  3780 2993   0 0  0  0 0 0 0 0  00000000
   2.268  3582 3046  78 1  0  0 0 0 0 0  00000000
   2.281  3564 3025  81 1  0  0 0 0 0 0  00000000
   2.293  3537 3023  84 1  0  0 0 0 0 0  00000000
   2.305  3537 3022  87 1  0  0 0 0 0 0  00000000
   2.318  3537 3022  84 1  0  0 0 0 0 0  00000000
   2.330  3537 3022  83 1  0  0 0 0 0 0  00000000
   2.342  3541 3023  80 1  0  0 0 0 0 0  00000000
   2.355  3579 3027  74 1  0  0 0 0 0 0  00000000
   2.368  3621 3067  65 1  0  0 0 0 0 0  00000000
   2.380  3621 3067   0 0  0  0 0 0 0 0  00000000
   2.517  3536 3089  77 1  0  0 0 0 0 0  00000000
   2.529  3508 3061  80 1  0  0 0 0 0 0  00000000
   2.542  3479 3061  85 1  0  0 0 0 0 0  00000000
   2.554  3479 3061  86 1  0  0 0 0 0 0  00000000
   2.566  3479 3061  85 1  0  0 0 0 0 0  00000000
   2.579  3480 3061  82 1  0  0 0 0 0 0  00000000
   2.592  3523 3065  73 1  0  0 0 0 0 0  00000000
   2.603  3579 3116  61 1  0  0 0 0 0 0  00000000
   2.614  3579 3116   0 0  0  0 0 0 0 0  00000000
   2.752  3527 3116  77 1  0  0 0 0 0 0  00000000
   2.765  3508 3081  80 1  0  0 0 0 0 0  00000000
   2.777  3460 3080  82 1  0  0 0 0 0 0  00000000
   2.790  3479 3096  85 1  0  0 0 0 0 0  00000000
   2.802  3479 3079  82 1  0  0 0 0 0 0  00000000
   2.815  3507 3096  74 1  0  0 0 0 0 0  00000000
   2.826  3555 3132  66 1  0  0 0 0 0 0  00000000
   2.838  3555 3132   0 0  0  0 0 0 0 0  00000000
   3.038  3685 3133  76 1  0  0 0 0 0 0  00000000
   3.050  3644 3061  80 1  0  0 0 0 0 0  00000000
   3.063  3624 3045  87 1  0  0 0 0 0 0  00000000
   3.075  3622 3046  92 1  0  0 0 0 0 0  00000000
   3.088  3616 3075  92 1  0  0 0 0 0 0  00000000
   3.100  3609 3075  93 1  0  0 0 0 0 0  00000000
   3.112  3607 3076  93 1  0  0 0 0 0 0  00000000
   3.124  3607 3076  92 1  0  0 0 0 0 0  00000000
   3.136  3607 3068  91 1  0  0 0 0 0 0  00000000
   3.150  3607 3060  90 1  0  0 0 0 0 0  00000000
   3.162  3608 3027  89 1  0  0 0 0 0 0  00000000
   3.174  3609 3025  88 1  0  0 0 0 0 0  00000000
   3.186  3610 3019  88 1  0  0 0 0 0 0  00000000
   3.199  3611 3017  87 1  0  0 0 0 0 0  00000000
   3.212  3612 3012  87 1  0  0 0 0 0 0  00000000
   3.224  3613 3007  87 1  0  0 0 0 0 0  00000000
   3.237  3613 3002  87 1  0  0 0 0 0 0  00000000
   3.249  3613 2995  86 1  0  0 0 0 0 0  00000000
   3.261  3613 2988  87 1  0  0 0 0 0 0  00000000
   3.273  3613 2986  86 1  0  0 0 0 0 0  00000000
   3.285  3613 2981  86 1  0  0 0 0 0 0  00000000
   3.298  3611 2976  86 1  0  0 0 0 0 0  00000000
   3.311  3609 2971  87 1  0  0 0 0 0 0  00000000
   3.323  3609 2947  85 1  0  0 0 0 0 0  00000000
   3.336  3609 2947  83 1  0  0 0 0 0 0  00000000
   3.348  3609 2945  83 1  0  0 0 0 0 0  00000000
   3.360  3609 2923  83 1  0  0 0 0 0 0  00000000
   3.373  3609 2921  83 1  0  0 0 0 0 0  00000000
   3.385  3609 2898  82 1  0  0 0 0 0 0  00000000
   3.398  3609 2896  81 1  0  0 0 0 0 0  00000000
   3.410  3609 2874  81 1  0  0 0 0 0 0  00000000
   3.423  3609 2872  81 1  0  0 0 0 0 0  00000000
   3.434  3609 2852  80 1  0  0 0 0 0 0  00000000
   3.448  3610 2850  80 1  0  0 0 0 0 0  00000000
   3.460  3611 2844  79 1  0  0 0 0 0 0  00000000
   3.472  3612 2823  79 1  0  0 0 0 0 0  00000000
   3.485  3613 2823  78 1  0  0 0 0 0 0  00000000
   3.497  3614 2821  78 1  0  0 0 0 0 0  00000000
   3.510  3614 2819  79 1  0  0 0 0 0 0  00000000
   3.522  3614 2791  77 1  0  0 0 0 0 0  00000000
   3.558  3614 2786  77 1  0  0 0 0 0 0  00000000
   3.572  3614 2780  77 1  0  0 0 0 0 0  00000000
   3.583  3614 2774  76 1  0  0 0 0 0 0  00000000
   3.596  3614 2768  76 1  0  0 0 0 0 0  00000000
   3.608  3614 2764  76 1  0  0 0 0 0 0  00000000
   3.621  3615 2758  76 1  0  0 0 0 0 0  00000000
   3.633  3616 2756  76 1  0  0 0 0 0 0  00000000
   3.645  3617 2755  76 1  0  0 0 0 0 0  00000000
   3.658  3618 2753  76 1  0  0 0 0 0 0  00000000
   3.670  3619 2753  75 1  0  0 0 0 0 0  00000000
   3.683  3620 2753  76 1  0  0 0 0 0 0  00000000
   3.695  3621 2753  76 1  0  0 0 0 0 0  00000000
   3.708  3621 2753  77 1  0  0 0 0 0 0  00000000
   3.719  3621 2754  77 1  0  0 0 0 0 0  00000000
   3.732  3621 2760  77 1  0  0 0 0 0 0  00000000
   3.744  3621 2765  77 1  0  0 0 0 0 0  00000000
   3.757  3621 2795  78 1  0  0 0 0 0 0  00000000
   3.769  3621 2796  79 1  0  0 0 0 0 0  00000000
   3.783  3621 2821  79 1  0  0 0 0 0 0  00000000
   3.795  3620 2822  79 1  0  0 0 0 0 0  00000000
   3.807  3619 2863  78 1  0  0 0 0 0 0  00000000
   3.820  3619 2864  76 1  0  0 0 0 0 0  00000000
   3.832  3656 2905  73 1  0  0 0 0 0 0  00000000
   3.845  3727 2932  61 1  0  0 0 0 0 0  00000000
   3.855  3727 2932   0 0  0  0 0 0 0 0  00000000
   4.117  3801 2932  83 1  0  0 0 0 0 0  00000000
   4.129  3799 2897  81 1  0  0 0 0 0 0  00000000
   4.143  3795 2895  86 1  0  0 0 0 0 0  00000000
   4.155  3793 2894  86 1  0  0 0 0 0 0  00000000
   4.166  3792 2892  85 1  0  0 0 0 0 0  00000000
   4.179  3792 2890  82 1  0  0 0 0 0 0  00000000
   4.192  3843 2897  77 1  0  0 0 0 0 0  00000000
   4.204  3955 2944  65 1  0  0 0 0 0 0  00000000
   4.216  3955 2944   0 0  0  0 0 0 0 0  00000000
   4.390  4059 2880  80 1  0  0 0 0 0 0  00000000
   4.402  4035 2856  79 1  0  0 0 0 0 0  00000000
   4.415  4016 2856  85 1  0  0 0 0 0 0  00000000
   4.428  4014 2856  88 1  0  0 0 0 0 0  00000000
   4.440  4012 2857  89 1  0  0 0 0 0 0  00000000
   4.453  4010 2862  89 1  0  0 0 0 0 0  00000000
   4.464  4010 2863  88 1  0  0 0 0 0 0  00000000
   4.479  4010 2864  88 1  0  0 0 0 0 0  00000000
   4.502  4010 2856  88 1  0  0 0 0 0 0  00000000
   4.515  4011 2849  87 1  0  0 0 0 0 0  00000000
   4.526  4012 2843  85 1  0  0 0 0 0 0  00000000
   4.539  4013 2838  85 1  0  0 0 0 0 0  00000000
   4.551  4014 2832  84 1  0  0 0 0 0 0  00000000
   4.565  4014 2826  85 1  0  0 0 0 0 0  00000000
   4.577  4014 2824  85 1  0  0 0 0 0 0  00000000
   4.590  4015 2820  86 1  0  0 0 0 0 0  00000000
   4.601  4015 2814  86 1  0  0 0 0 0 0  00000000
   4.613  4015 2791  86 1  0  0 0 0 0 0  00000000
   4.638  4015 2787  85 1  0  0 0 0 0 0  00000000
   4.651  4015 2781  85 1  0  0 0 0 0 0  00000000
   4.663  4016 2775  83 1  0  0 0 0 0 0  00000000
   4.676  4016 2768  83 1  0  0 0 0 0 0  00000000
   4.688  4016 2742  83 1  0  0 0 0 0 0  00000000
   4.700  4016 2741  83 1  0  0 0 0 0 0  00000000
   4.713  4020 2736  82 1  0  0 0 0 0 0  00000000
   4.726  4020 2713  82 1  0  0 0 0 0 0  00000000
   4.738  4020 2713  80 1  0  0 0 0 0 0  00000000
   4.750  4020 2713  81 1  0  0 0 0 0 0  00000000
   4.762  4020 2709  80 1  0  0 0 0 0 0  00000000
   4.775  4020 2707  80 1  0  0 0 0 0 0  00000000
   4.788  4020 2706  80 1  0  0 0 0 0 0  00000000
   4.799  4020 2706  81 1  0  0 0 0 0 0  00000000
   4.812  4021 2706  81 1  0  0 0 0 0 0  00000000
   4.849  4022 2706  81 1  0  0 0 0 0 0  00000000
   4.862  4023 2706  82 1  0  0 0 0 0 0  00000000
   4.875  4024 2710  83 1  0  0 0 0 0 0  00000000
   4.886  4025 2714  82 1  0  0 0 0 0 0  00000000
   4.899  4025 2718  83 1  0  0 0 0 0 0  00000000
   4.912  4025 2723  82 1  0  0 0 0 0 0  00000000
   4.924  4025 2724  83 1  0  0 0 0 0 0  00000000
   4.936  4025 2730  82 1  0  0 0 0 0 0  00000000
   4.949  4025 2736  83 1  0  0 0 0 0 0  00000000
   4.962  4025 2742  83 1  0  0 0 0 0 0  00000000
   4.973  4025 2743  83 1  0  0 0 0 0 0  00000000
   4.985  4025 2744  80 1  0  0 0 0 0 0  00000000
   4.998  4026 2742  77 1  0  0 0 0 0 0  00000000
   5.011  4055 2749  70 1  0  0 0 0 0 0  00000000
   5.023  4055 2791  54 1  0  0 0 0 0 0  00000000
   5.034  4055 2791   0 0  0  0 0 0 0 0  00000000
   5.283  3920 2792  55 1  0  0 0 0 0 0  00000000
   5.295  3820 2729  72 1  0  0 0 0 0 0  00000000
   5.308  3791 2712  78 1  0  0 0 0 0 0  00000000
   5.321  3787 2710  79 1  0  0 0 0 0 0  00000000
   5.334  3786 2709  78 1  0  0 0 0 0 0  00000000
   5.345  3806 2708  73 1  0  0 0 0 0 0  00000000
   5.358  3846 2738  64 1  0  0 0 0 0 0  00000000
   5.369  3846 2738   0 0  0  0 0 0 0 0  00000000
   5.582  4005 2891  80 1  0  0 0 0 0 0  00000000
   5.594  3966 2830  82 1  0  0 0 0 0 0  00000000
   5.605  3964 2812  86 1  0  0 0 0 0 0  00000000
   5.619  3959 2830  88 1  0  0 0 0 0 0  00000000
   5.631  3957 2831  90 1  0  0 0 0 0 0  00000000
   5.644  3953 2832  90 1  0  0 0 0 0 0  00000000
   5.657  3951 2833  90 1  0  0 0 0 0 0  00000000
   5.669  3951 2834  89 1  0  0 0 0 0 0  00000000
   5.681  3951 2834  87 1  0  0 0 0 0 0  00000000
   5.693  3951 2810  86 1  0  0 0 0 0 0  00000000
   5.706  3952 2809  85 1  0  0 0 0 0 0  00000000
   5.718  3953 2789  83 1  0  0 0 0 0 0  00000000
   5.731  3954 2787  82 1  0  0 0 0 0 0  00000000
   5.743  3955 2766  80 1  0  0 0 0 0 0  00000000
   5.755  3960 2766  78 1  0  0 0 0 0 0  00000000
   5.768  3990 2766  74 1  0  0 0 0 0 0  00000000
   5.780  4028 2767  65 1  0  0 0 0 0 0  00000000
   5.792  4062 2830  49 1  0  0 0 0 0 0  00000000
   5.804  4062 2830   0 0  0  0 0 0 0 0  00000000
   6.152  3899 2831  79 1  0  0 0 0 0 0  00000000
   6.164  3897 2831  83 1  0  0 0 0 0 0  00000000
   6.177  3872 2831  84 1  0  0 0 0 0 0  00000000
   6.190  3872 2831  85 1  0  0 0 0 0 0  00000000
   6.202  3872 2829  80 1  0  0 0 0 0 0  00000000
   6.214  3897 2836  74 1  0  0 0 0 0 0  00000000
   6.227  3932 2877  62 1  0  0 0 0 0 0  00000000
   6.239  3932 2877   0 0  0  0 0 0 0 0  00000000
   6.413  3933 2875  79 1  0  0 0 0 0 0  00000000
   6.426  3933 2819  81 1  0  0 0 0 0 0  00000000
   6.437  3910 2798  85 1  0  0 0 0 0 0  00000000
   6.450  3910 2798  87 1  0  0 0 0 0 0  00000000
   6.475  3910 2798  88 1  0  0 0 0 0 0  00000000
   6.488  3910 2799  87 1  0  0 0 0 0 0  00000000
   6.525  3910 2797  86 1  0  0 0 0 0 0  00000000
   6.537  3910 2790  85 1  0  0 0 0 0 0  00000000
   6.550  3911 2765  84 1  0  0 0 0 0 0  00000000
   6.562  3911 2765  85 1  0  0 0 0 0 0  00000000
   6.587  3912 2765  85 1  0  0 0 0 0 0  00000000
   6.612  3912 2765  86 1  0  0 0 0 0 0  00000000
   6.637  3912 2766  86 1  0  0 0 0 0 0  00000000
   6.649  3912 2767  86 1  0  0 0 0 0 0  00000000
   6.660  3912 2768  86 1  0  0 0 0 0 0  00000000
   6.673  3912 2768  87 1  0  0 0 0 0 0  00000000
   6.723  3912 2768  86 1  0  0 0 0 0 0  00000000
   6.761  3912 2767  86 1  0  0 0 0 0 0  00000000
   6.797  3912 2762  85 1  0  0 0 0 0 0  00000000
   6.809  3912 2757  85 1  0  0 0 0 0 0  00000000
   6.822  3912 2752  84 1  0  0 0 0 0 0  00000000
   6.835  3912 2746  84 1  0  0 0 0 0 0  00000000
   6.847  3912 2741  83 1  0  0 0 0 0 0  00000000
   6.860  3913 2734  82 1  0  0 0 0 0 0  00000000
   6.872  3918 2711  80 1  0  0 0 0 0 0  00000000
   6.885  3959 2711  77 1  0  0 0 0 0 0  00000000
   6.897  4052 2729  71 1  0  0 0 0 0 0  00000000
   6.909  4133 2755  59 1  0  0 0 0 0 0  00000000
   6.921  4133 2755   0 0  0  0 0 0 0 0  00000000
   7.008  3958 2858  77 1  0  0 0 0 0 0  00000000
   7.021  3957 2858  81 1  0  0 0 0 0 0  00000000
   7.033  3929 2858  83 1  0  0 0 0 0 0  00000000
   7.046  3929 2858  85 1  0  0 0 0 0 0  00000000
   7.058  3928 2859  84 1  0  0 0 0 0 0  00000000
   7.071  3927 2860  86 1  0  0 0 0 0 0  00000000
   7.083  3927 2864  85 1  0  0 0 0 0 0  00000000
   7.096  3926 2864  85 1  0  0 0 0 0 0  00000000
   7.108  3926 2862  84 1  0  0 0 0 0 0  00000000
   7.121  3926 2860  84 1  0  0 0 0 0 0  00000000
   7.134  3926 2858  84 1  0  0 0 0 0 0  00000000
   7.145  3926 2837  83 1  0  0 0 0 0 0  00000000
   7.158  3926 2837  84 1  0  0 0 0 0 0  00000000
   7.171  3926 2837  83 1  0  0 0 0 0 0  00000000
   7.196  3926 2835  84 1  0  0 0 0 0 0  00000000
   7.206  3926 2833  83 1  0  0 0 0 0 0  00000000
   7.220  3926 2831  83 1  0  0 0 0 0 0  00000000
   7.232  3926 2827  83 1  0  0 0 0 0 0  00000000
   7.245  3926 2826  82 1  0  0 0 0 0 0  00000000
   7.257  3926 2826  81 1  0  0 0 0 0 0  00000000
   7.270  3926 2797  79 1  0  0 0 0 0 0  00000000
   7.282  3943 2797  75 1  0  0 0 0 0 0  00000000
   7.294  3963 2798  72 1  0  0 0 0 0 0  00000000
   7.307  4004 2825  59 1  0  0 0 0 0 0  00000000
   7.317  4004 2825   0 0  0  0 0 0 0 0  00000000
   7.455  3729 2891  84 1  0  0 0 0 0 0  00000000
   7.468  3704 2869  84 1  0  0 0 0 0 0  00000000
   7.482  3702 2869  86 1  0  0 0 0 0 0  00000000
   7.493  3701 2869  85 1  0  0 0 0 0 0  00000000
   7.505  3701 2873  79 1  0  0 0 0 0 0  00000000
   7.518  3718 2922  66 1  0  0 0 0 0 0  00000000
   7.529  3718 2922   0 0  0  0 0 0 0 0  00000000
   7.605  3754 2922  74 1  0  0 0 0 0 0  00000000
   7.616  3729 2903  78 1  0  0 0 0 0 0  00000000
   7.629  3713 2903  81 1  0  0 0 0 0 0  00000000
   7.641  3711 2904  83 1  0  0 0 0 0 0  00000000
   7.653  3709 2910  82 1  0  0 0 0 0 0  00000000
   7.666  3709 2915  83 1  0  0 0 0 0 0  00000000
   7.678  3709 2916  82 1  0  0 0 0 0 0  00000000
   7.691  3709 2917  82 1  0  0 0 0 0 0  00000000
   7.703  3709 2918  82 1  0  0 0 0 0 0  00000000
   7.728  3709 2918  81 1  0  0 0 0 0 0  00000000
   7.741  3709 2917  81 1  0  0 0 0 0 0  00000000
   7.765  3709 2917  82 1  0  0 0 0 0 0  00000000
   7.778  3710 2915  82 1  0  0 0 0 0 0  00000000
   7.791  3710 2915  83 1  0  0 0 0 0 0  00000000
   7.840  3710 2916  83 1  0  0 0 0 0 0  00000000
   7.853  3710 2916  84 1  0  0 0 0 0 0  00000000
   7.865  3710 2917  84 1  0  0 0 0 0 0  00000000
   7.877  3710 2917  83 1  0  0 0 0 0 0  00000000
   7.915  3710 2917  82 1  0  0 0 0 0 0  00000000
   7.927  3710 2917  83 1  0  0 0 0 0 0  00000000
   7.951  3710 2917  84 1  0  0 0 0 0 0  00000000
   7.964  3710 2917  82 1  0  0 0 0 0 0  00000000
   7.976  3710 2917  83 1  0  0 0 0 0 0  00000000
   8.013  3710 2917  84 1  0  0 0 0 0 0  00000000
   8.026  3710 2917  83 1  0  0 0 0 0 0  00000000
   8.039  3710 2917  84 1  0  0 0 0 0 0  00000000
   8.051  3710 2917  83 1  0  0 0 0 0 0  00000000
   8.113  3710 2917  84 1  0  0 0 0 0 0  00000000
   8.137  3710 2917  83 1  0  0 0 0 0 0  00000000
   8.163  3710 2917  84 1  0  0 0 0 0 0  00000000
   8.176  3710 2917  83 1  0  0 0 0 0 0  00000000
   8.188  3710 2917  84 1  0  0 0 0 0 0  00000000
   8.200  3710 2918  83 1  0  0 0 0 0 0  00000000
   8.212  3710 2919  83 1  0  0 0 0 0 0  00000000
   8.224  3710 2920  84 1  0  0 0 0 0 0  00000000
   8.237  3710 2921  83 1  0  0 0 0 0 0  00000000
   8.249  3710 2922  83 1  0  0 0 0 0 0  00000000
   8.263  3710 2923  84 1  0  0 0 0 0 0  00000000
   8.287  3710 2924  84 1  0  0 0 0 0 0  00000000
   8.299  3710 2924  83 1  0  0 0 0 0 0  00000000
   8.337  3710 2925  84 1  0  0 0 0 0 0  00000000
   8.349  3710 2926  83 1  0  0 0 0 0 0  00000000
   8.362  3710 2926  84 1  0  0 0 0 0 0  00000000
   8.375  3710 2926  83 1  0  0 0 0 0 0  00000000
   8.387  3710 2927  84 1  0  0 0 0 0 0  00000000
   8.400  3710 2927  83 1  0  0 0 0 0 0  00000000
   8.461  3710 2925  83 1  0  0 0 0 0 0  00000000
   8.485  3710 2923  82 1  0  0 0 0 0 0  00000000
   8.497  3710 2921  83 1  0  0 0 0 0 0  00000000
   8.510  3710 2920  83 1  0  0 0 0 0 0  00000000
   8.522  3710 2919  83 1  0  0 0 0 0 0  00000000
   8.535  3710 2919  82 1  0  0 0 0 0 0  00000000
   8.547  3710 2914  84 1  0  0 0 0 0 0  00000000
   8.559  3710 2909  82 1  0  0 0 0 0 0  00000000
   8.572  3710 2907  83 1  0  0 0 0 0 0  00000000
   8.585  3710 2901  82 1  0  0 0 0 0 0  00000000
   8.598  3710 2899  83 1  0  0 0 0 0 0  00000000
   8.610  3710 2899  82 1  0  0 0 0 0 0  00000000
   8.634  3710 2897  82 1  0  0 0 0 0 0  00000000
   8.660  3710 2895  83 1  0  0 0 0 0 0  00000000
   8.672  3710 2895  82 1  0  0 0 0 0 0  00000000
   8.709  3710 2895  83 1  0  0 0 0 0 0  00000000
   8.746  3710 2895  82 1  0  0 0 0 0 0  00000000
   8.759  3710 2894  83 1  0  0 0 0 0 0  00000000
   8.783  3710 2894  82 1  0  0 0 0 0 0  00000000
   8.796  3710 2893  82 1  0  0 0 0 0 0  00000000
   8.808  3710 2891  83 1  0  0 0 0 0 0  00000000
   8.820  3709 2890  82 1  0  0 0 0 0 0  00000000
   8.833  3709 2888  82 1  0  0 0 0 0 0  00000000
   8.845  3709 2886  82 1  0  0 0 0 0 0  00000000
   8.857  3707 2882  82 1  0  0 0 0 0 0  00000000
   8.870  3706 2881  81 1  0  0 0 0 0 0  00000000
   8.883  3706 2879  82 1  0  0 0 0 0 0  00000000
   8.895  3706 2877  82 1  0  0 0 0 0 0  00000000
   8.908  3706 2875  81 1  0  0 0 0 0 0  00000000
   8.921  3707 2874  79 1  0  0 0 0 0 0  00000000
   8.933  3728 2853  76 1  0  0 0 0 0 0  00000000
   8.944  3746 2853  72 1  0  0 0 0 0 0  00000000
   8.957  3772 2854  67 1  0  0 0 0 0 0  00000000
   8.970  3811 2880  57 1  0  0 0 0 0 0  00000000
   8.983  3811 2880   0 0  0  0 0 0 0 0  00000000
