time	 y	 z	 f	 w	 l	 r	 u	 d	 m	 multi
   0.000  3771 2538   0 0  0  0 0 0 0 0  00000000
   0.759  3376 2653  86 1  0  0 0 0 0 0  00000000
   0.779  3374 2653  86 1  0  0 0 0 0 0  00000000
   0.797  3342 2682  73 1  0  0 0 0 0 0  00000000
   0.809  3258 2782  51 1  0  0 0 0 0 0  00000000
   0.821  3258 2782   0 0  0  0 0 0 0 0  00000000
   0.971  3450 2762  75 1  0  0 0 0 0 0  00000000
   0.983  3419 2684  81 1  0  0 0 0 0 0  00000000
   0.996  3419 2656  83 1  0  0 0 0 0 0  00000000
   1.009  3419 2654  82 1  0  0 0 0 0 0  00000000
   1.020  3419 2634  81 1  0  0 0 0 0 0  00000000
   1.032  3419 2634  79 1  0  0 0 0 0 0  00000000
   1.045  3419 2634  72 1  0  0 0 0 0 0  00000000
   1.059  3440 2677  49 1  0  0 0 0 0 0  00000000
   1.069  3440 2677   0 0  0  0 0 0 0 0  00000000
   1.270  3835 2656  80 1  0  0 0 0 0 0  00000000
   1.280  3853 2579  80 1  0  0 0 0 0 0  00000000
   1.293  3851 2543  83 1  0  0 0 0 0 0  00000000
   1.306  3814 2541  84 1  0  0 0 0 0 0  00000000
   1.318  3814 2541  85 1  0  0 0 0 0 0  00000000
   1.330  3814 2548  86 1  0  0 0 0 0 0  00000000
   1.343  3812 2552  85 1  0  0 0 0 0 0  00000000
   1.356  3810 2556  85 1  0  0 0 0 0 0  00000000
   1.368  3808 2557  86 1  0  0 0 0 0 0  00000000
   1.381  3808 2562  86 1  0  0 0 0 0 0  00000000
   1.393  3808 2563  86 1  0  0 0 0 0 0  00000000
   1.406  3808 2569  85 1  0  0 0 0 0 0  00000000
   1.417  3808 2570  85 1  0  0 0 0 0 0  00000000
   1.431  3808 2571  85 1  0  0 0 0 0 0  00000000
   1.442  3808 2572  86 1  0  0 0 0 0 0  00000000
   1.455  3808 2573  86 1  0  0 0 0 0 0  00000000
   1.468  3808 2573  85 1  0  0 0 0 0 0  00000000
   1.479  3808 2573  86 1  0  0 0 0 0 0  00000000
   1.518  3808 2573  85 1  0  0 0 0 0 0  00000000
   1.530  3808 2573  86 1  0  0 0 0 0 0  00000000
   1.555  3808 2571  86 1  0  0 0 0 0 0  00000000
   1.567  3808 2571  85 1  0  0 0 0 0 0  00000000
   1.579  3808 2571  86 1  0  0 0 0 0 0  00000000
   1.629  3808 2571  85 1  0  0 0 0 0 0  00000000
   1.642  3808 2571  87 1  0  0 0 0 0 0  00000000
   1.654  3808 2571  85 1  0  0 0 0 0 0  00000000
   1.666  3809 2571  85 1  0  0 0 0 0 0  00000000
   1.679  3810 2571  86 1  0  0 0 0 0 0  00000000
   1.690  3811 2571  86 1  0  0 0 0 0 0  00000000
   1.703  3812 2571  86 1  0  0 0 0 0 0  00000000
   1.716  3813 2571  86 1  0  0 0 0 0 0  00000000
   1.729  3814 2572  87 1  0  0 0 0 0 0  00000000
   1.741  3815 2577  87 1  0  0 0 0 0 0  00000000
   1.753  3816 2581  86 1  0  0 0 0 0 0  00000000
   1.765  3817 2582  84 1  0  0 0 0 0 0  00000000
   1.778  3870 2602  79 1  0  0 0 0 0 0  00000000
   1.790  3942 2602  73 1  0  0 0 0 0 0  00000000
   1.802  4042 2654  46 1  0  0 0 0 0 0  00000000
   1.814  4042 2654   0 0  0  0 0 0 0 0  00000000
   1.889  4430 2462  59 1  0  0 0 0 0 0  00000000
   1.902  4406 2438  81 1  0  0 0 0 0 0  00000000
   1.914  4406 2437  82 1  0  0 0 0 0 0  00000000
   1.927  4406 2437  83 1  0  0 0 0 0 0  00000000
   1.938  4406 2437  82 1  0  0 0 0 0 0  00000000
   1.952  4406 2437  79 1  0  0 0 0 0 0  00000000
   1.963  4406 2458  75 1  0  0 0 0 0 0  00000000
   1.976  4406 2489  63 1  0  0 0 0 0 0  00000000
   1.989  4406 2534  47 1  0  0 0 0 0 0  00000000
   2.001  4406 2534   0 0  0  0 0 0 0 0  00000000
   2.125  4165 2495  48 1  0  0 0 0 0 0  00000000
   2.138  4165 2495  77 1  0  0 0 0 0 0  00000000
   2.151  4165 2476  81 1  0  0 0 0 0 0  00000000
   2.163  4165 2476  83 1  0  0 0 0 0 0  00000000
   2.176  4142 2476  83 1  0  0 0 0 0 0  00000000
   2.187  4143 2477  83 1  0  0 0 0 0 0  00000000
   2.200  4143 2478  83 1  0  0 0 0 0 0  00000000
   2.212  4143 2482  84 1  0  0 0 0 0 0  00000000
   2.224  4143 2486  85 1  0  0 0 0 0 0  00000000
   2.237  4144 2487  84 1  0  0 0 0 0 0  00000000
   2.250  4145 2488  84 1  0  0 0 0 0 0  00000000
   2.262  4149 2488  84 1  0  0 0 0 0 0  00000000
   2.274  4153 2488  85 1  0  0 0 0 0 0  00000000
   2.287  4154 2488  85 1  0  0 0 0 0 0  00000000
   2.298  4155 2488  84 1  0  0 0 0 0 0  00000000
   2.311  4156 2488  85 1  0  0 0 0 0 0  00000000
   2.323  4160 2488  83 1  0  0 0 0 0 0  00000000
   2.335  4161 2488  85 1  0  0 0 0 0 0  00000000
   2.423  4161 2488  84 1  0  0 0 0 0 0  00000000
   2.435  4162 2488  85 1  0  0 0 0 0 0  00000000
   2.447  4163 2488  85 1  0  0 0 0 0 0  00000000
   2.460  4164 2488  85 1  0  0 0 0 0 0  00000000
   2.497  4165 2488  85 1  0  0 0 0 0 0  00000000
   2.510  4165 2488  84 1  0  0 0 0 0 0  00000000
   2.522  4166 2488  83 1  0  0 0 0 0 0  00000000
   2.532  4167 2488  83 1  0  0 0 0 0 0  00000000
   2.547  4172 2488  79 1  0  0 0 0 0 0  00000000
   2.560  4203 2488  74 1  0  0 0 0 0 0  00000000
   2.572  4238 2534  53 1  0  0 0 0 0 0  00000000
   2.584  4238 2534   0 0  0  0 0 0 0 0  00000000
   2.683  4133 2491  76 1  0  0 0 0 0 0  00000000
   2.696  4103 2456  85 1  0  0 0 0 0 0  00000000
   2.709  4103 2452  86 1  0  0 0 0 0 0  00000000
   2.720  4101 2451  86 1  0  0 0 0 0 0  00000000
   2.733  4099 2451  87 1  0  0 0 0 0 0  00000000
   2.745  4095 2451  88 1  0  0 0 0 0 0  00000000
   2.758  4091 2455  88 1  0  0 0 0 0 0  00000000
   2.770  4090 2460  87 1  0  0 0 0 0 0  00000000
   2.783  4090 2461  87 1  0  0 0 0 0 0  00000000
   2.795  4090 2462  88 1  0  0 0 0 0 0  00000000
   2.809  4090 2462  87 1  0  0 0 0 0 0  00000000
   2.820  4090 2462  88 1  0  0 0 0 0 0  00000000
   2.833  4090 2462  86 1  0  0 0 0 0 0  00000000
   2.845  4090 2462  87 1  0  0 0 0 0 0  00000000
   2.858  4090 2462  88 1  0  0 0 0 0 0  00000000
   2.882  4090 2460  87 1  0  0 0 0 0 0  00000000
   2.895  4090 2456  87 1  0  0 0 0 0 0  00000000
   2.907  4090 2455  87 1  0  0 0 0 0 0  00000000
   2.933  4090 2455  86 1  0  0 0 0 0 0  00000000
   2.945  4090 2455  84 1  0  0 0 0 0 0  00000000
   2.957  4090 2455  80 1  0  0 0 0 0 0  00000000
   2.969  4091 2489  56 1  0  0 0 0 0 0  00000000
   2.980  4091 2489   0 0  0  0 0 0 0 0  00000000
   3.106  3995 2596  81 1  0  0 0 0 0 0  00000000
   3.118  3996 2533  80 1  0  0 0 0 0 0  00000000
   3.131  3997 2531  80 1  0  0 0 0 0 0  00000000
   3.143  3996 2530  75 1  0  0 0 0 0 0  00000000
   3.155  3941 2587  41 1  0  0 0 0 0 0  00000000
   3.167  3941 2587   0 0  0  0 0 0 0 0  00000000
   3.242  3857 2611  75 1  0  0 0 0 0 0  00000000
   3.255  3827 2580  80 1  0  0 0 0 0 0  00000000
   3.266  3827 2578  81 1  0  0 0 0 0 0  00000000
   3.279  3827 2578  80 1  0  0 0 0 0 0  00000000
   3.292  3827 2596  79 1  0  0 0 0 0 0  00000000
   3.305  3827 2597  77 1  0  0 0 0 0 0  00000000
   3.317  3827 2601  79 1  0  0 0 0 0 0  00000000
   3.330  3831 2602  77 1  0  0 0 0 0 0  00000000
   3.342  3835 2603  77 1  0  0 0 0 0 0  00000000
   3.353  3840 2603  77 1  0  0 0 0 0 0  00000000
   3.367  3841 2603  77 1  0  0 0 0 0 0  00000000
   3.379  3842 2603  78 1  0  0 0 0 0 0  00000000
   3.392  3843 2603  78 1  0  0 0 0 0 0  00000000
   3.403  3844 2603  79 1  0  0 0 0 0 0  00000000
   3.417  3845 2603  79 1  0  0 0 0 0 0  00000000
   3.428  3846 2603  78 1  0  0 0 0 0 0  00000000
   3.441  3846 2603  79 1  0  0 0 0 0 0  00000000
   3.453  3846 2603  80 1  0  0 0 0 0 0  00000000
   3.465  3846 2603  79 1  0  0 0 0 0 0  00000000
   3.504  3846 2603  80 1  0  0 0 0 0 0  00000000
   3.553  3846 2603  79 1  0  0 0 0 0 0  00000000
   3.627  3846 2603  80 1  0  0 0 0 0 0  00000000
   3.640  3846 2603  81 1  0  0 0 0 0 0  00000000
   3.652  3846 2603  80 1  0  0 0 0 0 0  00000000
   3.665  3846 2603  79 1  0  0 0 0 0 0  00000000
   3.688  3847 2604  79 1  0  0 0 0 0 0  00000000
   3.726  3847 2604  80 1  0  0 0 0 0 0  00000000
   3.751  3847 2604  79 1  0  0 0 0 0 0  00000000
   3.763  3847 2604  80 1  0  0 0 0 0 0  00000000
   3.776  3847 2604  79 1  0  0 0 0 0 0  00000000
   3.801  3847 2604  80 1  0  0 0 0 0 0  00000000
   3.813  3848 2604  78 1  0  0 0 0 0 0  00000000
   3.825  3849 2604  79 1  0  0 0 0 0 0  00000000
   3.838  3850 2604  79 1  0  0 0 0 0 0  00000000
   3.850  3851 2604  79 1  0  0 0 0 0 0  00000000
   3.863  3852 2602  78 1  0  0 0 0 0 0  00000000
   3.876  3853 2601  78 1  0  0 0 0 0 0  00000000
   3.889  3854 2599  79 1  0  0 0 0 0 0  00000000
   3.900  3855 2598  79 1  0  0 0 0 0 0  00000000
   3.925  3855 2597  79 1  0  0 0 0 0 0  00000000
   3.937  3855 2595  79 1  0  0 0 0 0 0  00000000
   3.950  3855 2595  78 1  0  0 0 0 0 0  00000000
   3.974  3855 2593  79 1  0  0 0 0 0 0  00000000
   3.987  3855 2593  78 1  0  0 0 0 0 0  00000000
   4.011  3855 2588  78 1  0  0 0 0 0 0  00000000
   4.024  3855 2583  78 1  0  0 0 0 0 0  00000000
   4.036  3855 2581  78 1  0  0 0 0 0 0  00000000
   4.049  3855 2579  77 1  0  0 0 0 0 0  00000000
   4.075  3855 2579  78 1  0  0 0 0 0 0  00000000
   4.086  3856 2574  77 1  0  0 0 0 0 0  00000000
   4.098  3856 2573  78 1  0  0 0 0 0 0  00000000
   4.111  3856 2573  77 1  0  0 0 0 0 0  00000000
   4.136  3856 2573  78 1  0  0 0 0 0 0  00000000
   4.161  3856 2574  78 1  0  0 0 0 0 0  00000000
   4.185  3856 2574  79 1  0  0 0 0 0 0  00000000
   4.198  3856 2574  78 1  0  0 0 0 0 0  00000000
   4.210  3857 2574  78 1  0  0 0 0 0 0  00000000
   4.223  3858 2574  76 1  0  0 0 0 0 0  00000000
   4.235  3910 2574  73 1  0  0 0 0 0 0  00000000
   4.248  3962 2575  60 1  0  0 0 0 0 0  00000000
   4.259  3962 2575   0 0  0  0 0 0 0 0  00000000
