time	 y	 z	 f	 w	 l	 r	 u	 d	 m	 multi
   0.000  4153 2595   0 0  0  0 0 0 0 0  00000000
   0.560  2781 2791  79 1  0  0 0 0 0 0  00000000
   0.580  2782 2791  79 1  0  0 0 0 0 0  00000000
   0.597  2920 2821  64 1  0  0 0 0 0 0  00000000
   0.610  2920 2821   0 0  0  0 0 0 0 0  00000000
   0.796  3075 2676  85 1  0  0 0 0 0 0  00000000
   0.808  3075 2587  76 1  0  0 0 0 0 0  00000000
   0.821  3071 2587  82 1  0  0 0 0 0 0  00000000
   0.835  3070 2587  81 1  0  0 0 0 0 0  00000000
   0.847  3070 2585  81 1  0  0 0 0 0 0  00000000
   0.858  3070 2584  79 1  0  0 0 0 0 0  00000000
   0.883  3070 2584  78 1  0  0 0 0 0 0  00000000
   0.896  3070 2584  77 1  0  0 0 0 0 0  00000000
   0.908  3070 2584  79 1  0  0 0 0 0 0  00000000
   0.921  3071 2584  79 1  0  0 0 0 0 0  00000000
   0.933  3071 2585  80 1  0  0 0 0 0 0  00000000
   0.945  3071 2590  80 1  0  0 0 0 0 0  00000000
   0.958  3071 2595  81 1  0  0 0 0 0 0  00000000
   0.972  3071 2596  82 1  0  0 0 0 0 0  00000000
   0.983  3071 2597  83 1  0  0 0 0 0 0  00000000
   0.995  3071 2597  82 1  0  0 0 0 0 0  00000000
   1.008  3071 2597  83 1  0  0 0 0 0 0  00000000
   1.020  3071 2580  82 1  0  0 0 0 0 0  00000000
   1.033  3071 2580  84 1  0  0 0 0 0 0  00000000
   1.045  3071 2559  84 1  0  0 0 0 0 0  00000000
   1.095  3071 2559  85 1  0  0 0 0 0 0  00000000
   1.133  3071 2559  86 1  0  0 0 0 0 0  00000000
   1.168  3071 2559  87 1  0  0 0 0 0 0  00000000
   1.181  3071 2563  87 1  0  0 0 0 0 0  00000000
   1.195  3071 2564  87 1  0  0 0 0 0 0  00000000
   1.207  3071 2565  88 1  0  0 0 0 0 0  00000000
   1.219  3071 2566  88 1  0  0 0 0 0 0  00000000
   1.231  3071 2567  88 1  0  0 0 0 0 0  00000000
   1.243  3071 2568  88 1  0  0 0 0 0 0  00000000
   1.256  3071 2569  88 1  0  0 0 0 0 0  00000000
   1.269  3071 2570  88 1  0  0 0 0 0 0  00000000
   1.282  3071 2571  89 1  0  0 0 0 0 0  00000000
   1.294  3071 2572  89 1  0  0 0 0 0 0  00000000
   1.305  3071 2595  90 1  0  0 0 0 0 0  00000000
   1.318  3071 2595  89 1  0  0 0 0 0 0  00000000
   1.330  3071 2595  90 1  0  0 0 0 0 0  00000000
   1.343  3071 2595  89 1  0  0 0 0 0 0  00000000
   1.355  3071 2595  90 1  0  0 0 0 0 0  00000000
   1.368  3071 2594  89 1  0  0 0 0 0 0  00000000
   1.379  3071 2574  86 1  0  0 0 0 0 0  00000000
   1.392  3071 2570  81 1  0  0 0 0 0 0  00000000
   1.404  3072 2570  68 1  0  0 0 0 0 0  00000000
   1.416  3072 2570   0 0  0  0 0 0 0 0  00000000
   1.616  3073 2612  86 1  0  0 0 0 0 0  00000000
   1.627  3074 2612  84 1  0  0 0 0 0 0  00000000
   1.640  3075 2619  87 1  0  0 0 0 0 0  00000000
   1.652  3076 2626  88 1  0  0 0 0 0 0  00000000
   1.666  3076 2627  86 1  0  0 0 0 0 0  00000000
   1.678  3076 2621  82 1  0  0 0 0 0 0  00000000
   1.690  3081 2587  73 1  0  0 0 0 0 0  00000000
   1.703  3141 2588  46 1  0  0 0 0 0 0  00000000
   1.713  3141 2588   0 0  0  0 0 0 0 0  00000000
   1.901  3141 2592  84 1  0  0 0 0 0 0  00000000
   1.913  3141 2566  78 1  0  0 0 0 0 0  00000000
   1.927  3140 2589  82 1  0  0 0 0 0 0  00000000
   1.939  3138 2605  84 1  0  0 0 0 0 0  00000000
   1.963  3138 2626  86 1  0  0 0 0 0 0  00000000
   1.976  3138 2627  87 1  0  0 0 0 0 0  00000000
   1.988  3138 2631  85 1  0  0 0 0 0 0  00000000
   2.001  3138 2636  86 1  0  0 0 0 0 0  00000000
   2.013  3138 2641  88 1  0  0 0 0 0 0  00000000
   2.024  3138 2647  86 1  0  0 0 0 0 0  00000000
   2.037  3138 2653  89 1  0  0 0 0 0 0  00000000
   2.049  3136 2659  88 1  0  0 0 0 0 0  00000000
   2.062  3136 2682  93 1  0  0 0 0 0 0  00000000
   2.074  3136 2683  94 1  0  0 0 0 0 0  00000000
   2.088  3136 2688  93 1  0  0 0 0 0 0  00000000
   2.100  3136 2693  94 1  0  0 0 0 0 0  00000000
   2.112  3136 2698  95 1  0  0 0 0 0 0  00000000
   2.124  3136 2699  95 1  0  0 0 0 0 0  00000000
   2.138  3136 2700  95 1  0  0 0 0 0 0  00000000
   2.161  3136 2698  94 1  0  0 0 0 0 0  00000000
   2.174  3136 2692  93 1  0  0 0 0 0 0  00000000
   2.187  3135 2665  92 1  0  0 0 0 0 0  00000000
   2.200  3130 2663  89 1  0  0 0 0 0 0  00000000
   2.211  3130 2622  87 1  0  0 0 0 0 0  00000000
   2.224  3130 2589  80 1  0  0 0 0 0 0  00000000
   2.236  3128 2524  72 1  0  0 0 0 0 0  00000000
   2.248  3128 2525  51 1  0  0 0 0 0 0  00000000
   2.259  3128 2525   0 0  0  0 0 0 0 0  00000000
   2.434  3413 2587  46 1  0  0 0 0 0 0  00000000
   2.447  3344 2605  81 1  0  0 0 0 0 0  00000000
   2.459  3344 2642  82 1  0  0 0 0 0 0  00000000
   2.471  3342 2678  85 1  0  0 0 0 0 0  00000000
   2.484  3342 2702  88 1  0  0 0 0 0 0  00000000
   2.496  3342 2702  85 1  0  0 0 0 0 0  00000000
   2.509  3342 2698  84 1  0  0 0 0 0 0  00000000
   2.521  3342 2656  81 1  0  0 0 0 0 0  00000000
   2.534  3365 2627  74 1  0  0 0 0 0 0  00000000
   2.546  3366 2599  65 1  0  0 0 0 0 0  00000000
   2.557  3366 2599   0 0  0  0 0 0 0 0  00000000
   2.708  3404 2533  78 1  0  0 0 0 0 0  00000000
   2.720  3404 2566  77 1  0  0 0 0 0 0  00000000
   2.732  3404 2590  79 1  0  0 0 0 0 0  00000000
   2.744  3404 2607  80 1  0  0 0 0 0 0  00000000
   2.757  3404 2608  77 1  0  0 0 0 0 0  00000000
   2.769  3404 2612  73 1  0  0 0 0 0 0  00000000
   2.783  3443 2613  64 1  0  0 0 0 0 0  00000000
   2.794  3444 2634  46 1  0  0 0 0 0 0  00000000
   2.806  3444 2634   0 0  0  0 0 0 0 0  00000000
   2.981  3513 2611  76 1  0  0 0 0 0 0  00000000
   2.992  3513 2612  77 1  0  0 0 0 0 0  00000000
   3.006  3513 2639  80 1  0  0 0 0 0 0  00000000
   3.017  3511 2640  83 1  0  0 0 0 0 0  00000000
   3.030  3511 2641  79 1  0  0 0 0 0 0  00000000
   3.043  3511 2641  77 1  0  0 0 0 0 0  00000000
   3.056  3511 2622  73 1  0  0 0 0 0 0  00000000
   3.067  3511 2600  66 1  0  0 0 0 0 0  00000000
   3.079  3511 2600   0 0  0  0 0 0 0 0  00000000
   3.216  3560 2533  77 1  0  0 0 0 0 0  00000000
   3.229  3560 2534  77 1  0  0 0 0 0 0  00000000
   3.241  3560 2572  80 1  0  0 0 0 0 0  00000000
   3.253  3560 2573  81 1  0  0 0 0 0 0  00000000
   3.265  3560 2574  79 1  0  0 0 0 0 0  00000000
   3.279  3556 2574  74 1  0  0 0 0 0 0  00000000
   3.291  3555 2573  68 1  0  0 0 0 0 0  00000000
   3.303  3536 2571  45 1  0  0 0 0 0 0  00000000
   3.314  3536 2571   0 0  0  0 0 0 0 0  00000000
   3.464  3701 2523  52 1  0  0 0 0 0 0  00000000
   3.477  3581 2543  80 1  0  0 0 0 0 0  00000000
   3.488  3581 2566  80 1  0  0 0 0 0 0  00000000
   3.501  3579 2566  81 1  0  0 0 0 0 0  00000000
   3.513  3578 2567  80 1  0  0 0 0 0 0  00000000
   3.526  3578 2566  77 1  0  0 0 0 0 0  00000000
   3.539  3578 2525  67 1  0  0 0 0 0 0  00000000
   3.551  3578 2525   0 0  0  0 0 0 0 0  00000000
   3.724  3421 2555  82 1  0  0 0 0 0 0  00000000
   3.737  3421 2520  77 1  0  0 0 0 0 0  00000000
   3.750  3420 2543  79 1  0  0 0 0 0 0  00000000
   3.762  3420 2544  79 1  0  0 0 0 0 0  00000000
   3.775  3420 2539  77 1  0  0 0 0 0 0  00000000
   3.787  3420 2518  70 1  0  0 0 0 0 0  00000000
   3.799  3472 2541  49 1  0  0 0 0 0 0  00000000
   3.811  3472 2541   0 0  0  0 0 0 0 0  00000000
   4.035  3623 2612  77 1  0  0 0 0 0 0  00000000
   4.047  3623 2581  73 1  0  0 0 0 0 0  00000000
   4.060  3623 2601  76 1  0  0 0 0 0 0  00000000
   4.072  3623 2602  79 1  0  0 0 0 0 0  00000000
   4.086  3624 2626  79 1  0  0 0 0 0 0  00000000
   4.098  3628 2627  80 1  0  0 0 0 0 0  00000000
   4.109  3629 2627  81 1  0  0 0 0 0 0  00000000
   4.123  3630 2628  80 1  0  0 0 0 0 0  00000000
   4.135  3631 2629  81 1  0  0 0 0 0 0  00000000
   4.146  3631 2630  82 1  0  0 0 0 0 0  00000000
   4.158  3632 2631  81 1  0  0 0 0 0 0  00000000
   4.171  3632 2632  82 1  0  0 0 0 0 0  00000000
   4.209  3632 2632  84 1  0  0 0 0 0 0  00000000
   4.233  3632 2632  83 1  0  0 0 0 0 0  00000000
   4.247  3632 2632  84 1  0  0 0 0 0 0  00000000
   4.309  3632 2628  83 1  0  0 0 0 0 0  00000000
   4.321  3632 2627  84 1  0  0 0 0 0 0  00000000
   4.334  3632 2625  83 1  0  0 0 0 0 0  00000000
   4.346  3632 2625  84 1  0  0 0 0 0 0  00000000
   4.407  3632 2626  85 1  0  0 0 0 0 0  00000000
   4.420  3632 2627  85 1  0  0 0 0 0 0  00000000
   4.432  3632 2631  85 1  0  0 0 0 0 0  00000000
   4.444  3632 2653  86 1  0  0 0 0 0 0  00000000
   4.481  3632 2654  87 1  0  0 0 0 0 0  00000000
   4.494  3632 2679  88 1  0  0 0 0 0 0  00000000
   4.506  3632 2680  87 1  0  0 0 0 0 0  00000000
   4.519  3632 2681  87 1  0  0 0 0 0 0  00000000
   4.531  3632 2681  85 1  0  0 0 0 0 0  00000000
   4.543  3632 2660  80 1  0  0 0 0 0 0  00000000
   4.556  3664 2621  70 1  0  0 0 0 0 0  00000000
   4.568  3664 2621   0 0  0  0 0 0 0 0  00000000
