time	 y	 z	 f	 w	 l	 r	 u	 d	 m	 multi
   0.000  4103 2007   0 0  0  0 0 0 0 0  00000000
   0.421  3899 1960  57 1  0  0 0 0 0 0  00000000
   0.446  3897 1993  62 1  0  0 0 0 0 0  00000000
   0.458  3895 2011  64 1  0  0 0 0 0 0  00000000
   0.484  3895 2011  65 1  0  0 0 0 0 0  00000000
   0.495  3895 2012  66 1  0  0 0 0 0 0  00000000
   0.507  3895 2013  65 1  0  0 0 0 0 0  00000000
   0.545  3894 2014  66 1  0  0 0 0 0 0  00000000
   0.558  3893 2018  66 1  0  0 0 0 0 0  00000000
   0.569  3893 2023  66 1  0  0 0 0 0 0  00000000
   0.579  3893 2024  66 1  0  0 0 0 0 0  00000000
   0.589  3893 2025  67 1  0  0 0 0 0 0  00000000
   0.607  3893 2030  68 1  0  0 0 0 0 0  00000000
   0.620  3889 2031  66 1  0  0 0 0 0 0  00000000
   0.632  3889 2032  68 1  0  0 0 0 0 0  00000000
   0.645  3889 2032  67 1  0  0 0 0 0 0  00000000
   0.657  3888 2032  67 1  0  0 0 0 0 0  00000000
   0.670  3888 2037  68 1  0  0 0 0 0 0  00000000
   0.682  3888 2038  68 1  0  0 0 0 0 0  00000000
   0.691  3888 2039  68 1  0  0 0 0 0 0  00000000
   0.707  3888 2044  70 1  0  0 0 0 0 0  00000000
   0.719  3888 2048  69 1  0  0 0 0 0 0  00000000
   0.731  3888 2053  69 1  0  0 0 0 0 0  00000000
   0.744  3888 2058  70 1  0  0 0 0 0 0  00000000
   0.756  3888 2059  70 1  0  0 0 0 0 0  00000000
   0.769  3888 2060  69 1  0  0 0 0 0 0  00000000
   0.781  3888 2061  69 1  0  0 0 0 0 0  00000000
   0.793  3888 2061  70 1  0  0 0 0 0 0  00000000
   0.805  3888 2044  68 1  0  0 0 0 0 0  00000000
   0.819  3888 2016  65 1  0  0 0 0 0 0  00000000
   0.830  3888 1982  62 1  0  0 0 0 0 0  00000000
   0.843  3892 1940  52 1  0  0 0 0 0 0  00000000
   0.855  3892 1940   0 0  0  0 0 0 0 0  00000000
   1.017  3815 2084  68 1  0  0 0 0 0 0  00000000
   1.029  3813 2058  64 1  0  0 0 0 0 0  00000000
   1.042  3814 2099  68 1  0  0 0 0 0 0  00000000
   1.054  3815 2099  69 1  0  0 0 0 0 0  00000000
   1.067  3835 2116  69 1  0  0 0 0 0 0  00000000
   1.087  3836 2098  67 1  0  0 0 0 0 0  00000000
   1.098  3884 2061  61 1  0  0 0 0 0 0  00000000
   1.114  3884 2061   0 0  0  0 0 0 0 0  00000000
   1.301  3882 2329  79 1  0  0 0 0 0 0  00000000
   1.314  3881 2327  71 1  0  0 0 0 0 0  00000000
   1.327  3879 2344  74 1  0  0 0 0 0 0  00000000
   1.339  3860 2344  72 1  0  0 0 0 0 0  00000000
   1.351  3860 2316  61 1  0  0 0 0 0 0  00000000
   1.363  3860 2316   0 0  0  0 0 0 0 0  00000000
   1.563  3718 2470  79 1  0  0 0 0 0 0  00000000
   1.575  3718 2489  80 1  0  0 0 0 0 0  00000000
   1.587  3718 2490  82 1  0  0 0 0 0 0  00000000
   1.600  3718 2494  82 1  0  0 0 0 0 0  00000000
   1.612  3718 2494  80 1  0  0 0 0 0 0  00000000
   1.625  3718 2448  76 1  0  0 0 0 0 0  00000000
   1.637  3782 2390  60 1  0  0 0 0 0 0  00000000
   1.649  3782 2390   0 0  0  0 0 0 0 0  00000000
   1.812  3686 2442  85 1  0  0 0 0 0 0  00000000
   1.823  3686 2404  77 1  0  0 0 0 0 0  00000000
   1.837  3668 2449  83 1  0  0 0 0 0 0  00000000
   1.848  3668 2449  82 1  0  0 0 0 0 0  00000000
   1.861  3669 2448  80 1  0  0 0 0 0 0  00000000
   1.873  3670 2404  76 1  0  0 0 0 0 0  00000000
   1.884  3692 2341  64 1  0  0 0 0 0 0  00000000
   1.910  3692 2341   0 0  0  0 0 0 0 0  00000000
   2.072  3767 2456  87 1  0  0 0 0 0 0  00000000
   2.083  3766 2455  82 1  0  0 0 0 0 0  00000000
   2.093  3765 2454  82 1  0  0 0 0 0 0  00000000
   2.103  3764 2502  87 1  0  0 0 0 0 0  00000000
   2.121  3764 2502  86 1  0  0 0 0 0 0  00000000
   2.133  3764 2472  82 1  0  0 0 0 0 0  00000000
   2.146  3759 2410  74 1  0  0 0 0 0 0  00000000
   2.158  3797 2339  55 1  0  0 0 0 0 0  00000000
   2.170  3797 2339   0 0  0  0 0 0 0 0  00000000
   2.332  3861 2403  80 1  0  0 0 0 0 0  00000000
   2.345  3844 2404  78 1  0  0 0 0 0 0  00000000
   2.357  3842 2464  83 1  0  0 0 0 0 0  00000000
   2.369  3840 2464  82 1  0  0 0 0 0 0  00000000
   2.381  3840 2437  79 1  0  0 0 0 0 0  00000000
   2.394  3840 2389  73 1  0  0 0 0 0 0  00000000
   2.406  3841 2311  54 1  0  0 0 0 0 0  00000000
   2.418  3841 2311   0 0  0  0 0 0 0 0  00000000
   2.642  4014 2390  79 1  0  0 0 0 0 0  00000000
   2.655  4014 2361  76 1  0  0 0 0 0 0  00000000
   2.666  4014 2336  73 1  0  0 0 0 0 0  00000000
   2.679  4036 2305  49 1  0  0 0 0 0 0  00000000
   2.691  4036 2305   0 0  0  0 0 0 0 0  00000000
   2.791  3833 2443  88 1  0  0 0 0 0 0  00000000
   2.805  3833 2409  84 1  0  0 0 0 0 0  00000000
   2.816  3833 2434  86 1  0  0 0 0 0 0  00000000
   2.828  3829 2432  86 1  0  0 0 0 0 0  00000000
   2.841  3827 2402  83 1  0  0 0 0 0 0  00000000
   2.853  3823 2356  79 1  0  0 0 0 0 0  00000000
   2.866  3823 2328  74 1  0  0 0 0 0 0  00000000
   2.877  3824 2328  75 1  0  0 0 0 0 0  00000000
   2.891  3825 2329  77 1  0  0 0 0 0 0  00000000
   2.903  3826 2366  80 1  0  0 0 0 0 0  00000000
   2.915  3825 2400  83 1  0  0 0 0 0 0  00000000
   2.928  3823 2401  85 1  0  0 0 0 0 0  00000000
   2.939  3821 2407  85 1  0  0 0 0 0 0  00000000
   2.952  3820 2434  86 1  0  0 0 0 0 0  00000000
   2.964  3818 2434  86 1  0  0 0 0 0 0  00000000
   2.977  3813 2435  88 1  0  0 0 0 0 0  00000000
   2.989  3811 2439  89 1  0  0 0 0 0 0  00000000
   3.003  3809 2444  90 1  0  0 0 0 0 0  00000000
   3.014  3807 2472  91 1  0  0 0 0 0 0  00000000
   3.027  3806 2473  91 1  0  0 0 0 0 0  00000000
   3.039  3813 2478  91 1  0  0 0 0 0 0  00000000
   3.052  3808 2500  93 1  0  0 0 0 0 0  00000000
   3.064  3806 2500  95 1  0  0 0 0 0 0  00000000
   3.076  3806 2501  94 1  0  0 0 0 0 0  00000000
   3.088  3806 2506  95 1  0  0 0 0 0 0  00000000
   3.101  3806 2512  95 1  0  0 0 0 0 0  00000000
   3.113  3806 2513  95 1  0  0 0 0 0 0  00000000
   3.125  3804 2507  93 1  0  0 0 0 0 0  00000000
   3.138  3804 2472  89 1  0  0 0 0 0 0  00000000
   3.151  3804 2387  82 1  0  0 0 0 0 0  00000000
   3.162  3804 2271  63 1  0  0 0 0 0 0  00000000
   3.174  3804 2271   0 0  0  0 0 0 0 0  00000000
   3.276  3939 2404  86 1  0  0 0 0 0 0  00000000
   3.286  3939 2457  86 1  0  0 0 0 0 0  00000000
   3.299  3937 2525  91 1  0  0 0 0 0 0  00000000
   3.313  3935 2559  92 1  0  0 0 0 0 0  00000000
   3.325  3933 2559  93 1  0  0 0 0 0 0  00000000
   3.337  3933 2559  92 1  0  0 0 0 0 0  00000000
   3.349  3931 2558  91 1  0  0 0 0 0 0  00000000
   3.362  3926 2553  92 1  0  0 0 0 0 0  00000000
   3.374  3925 2551  91 1  0  0 0 0 0 0  00000000
   3.387  3925 2550  93 1  0  0 0 0 0 0  00000000
   3.400  3925 2550  92 1  0  0 0 0 0 0  00000000
   3.411  3925 2550  93 1  0  0 0 0 0 0  00000000
   3.425  3925 2554  93 1  0  0 0 0 0 0  00000000
   3.436  3925 2555  94 1  0  0 0 0 0 0  00000000
   3.449  3925 2556  93 1  0  0 0 0 0 0  00000000
   3.461  3925 2557  93 1  0  0 0 0 0 0  00000000
   3.473  3924 2557  93 1  0  0 0 0 0 0  00000000
   3.499  3922 2557  93 1  0  0 0 0 0 0  00000000
   3.511  3920 2556  93 1  0  0 0 0 0 0  00000000
   3.524  3920 2533  92 1  0  0 0 0 0 0  00000000
   3.535  3916 2533  91 1  0  0 0 0 0 0  00000000
   3.548  3915 2499  89 1  0  0 0 0 0 0  00000000
   3.560  3914 2413  83 1  0  0 0 0 0 0  00000000
   3.573  3914 2267  66 1  0  0 0 0 0 0  00000000
   3.584  3914 2267   0 0  0  0 0 0 0 0  00000000
   3.698  4189 2431  79 1  0  0 0 0 0 0  00000000
   3.710  4189 2470  78 1  0  0 0 0 0 0  00000000
   3.721  4187 2533  84 1  0  0 0 0 0 0  00000000
   3.734  4185 2533  81 1  0  0 0 0 0 0  00000000
   3.747  4179 2492  71 1  0  0 0 0 0 0  00000000
   3.759  4124 2457  41 1  0  0 0 0 0 0  00000000
   3.770  4124 2457   0 0  0  0 0 0 0 0  00000000
   3.846  4293 2457  51 1  0  0 0 0 0 0  00000000
   3.858  4181 2575  84 1  0  0 0 0 0 0  00000000
   3.870  4181 2687  91 1  0  0 0 0 0 0  00000000
   3.882  4181 2734  92 1  0  0 0 0 0 0  00000000
   3.895  4181 2735  92 1  0  0 0 0 0 0  00000000
   3.908  4181 2740  91 1  0  0 0 0 0 0  00000000
   3.920  4181 2714  89 1  0  0 0 0 0 0  00000000
   3.932  4181 2681  87 1  0  0 0 0 0 0  00000000
   3.945  4177 2641  85 1  0  0 0 0 0 0  00000000
   3.957  4173 2641  85 1  0  0 0 0 0 0  00000000
   3.970  4171 2642  86 1  0  0 0 0 0 0  00000000
   3.982  4170 2663  87 1  0  0 0 0 0 0  00000000
   3.995  4165 2664  88 1  0  0 0 0 0 0  00000000
   4.007  4163 2689  88 1  0  0 0 0 0 0  00000000
   4.020  4163 2689  89 1  0  0 0 0 0 0  00000000
   4.045  4163 2688  88 1  0  0 0 0 0 0  00000000
   4.058  4162 2665  88 1  0  0 0 0 0 0  00000000
   4.070  4162 2665  87 1  0  0 0 0 0 0  00000000
   4.082  4161 2666  87 1  0  0 0 0 0 0  00000000
   4.094  4161 2666  88 1  0  0 0 0 0 0  00000000
   4.107  4160 2670  88 1  0  0 0 0 0 0  00000000
   4.119  4156 2693  90 1  0  0 0 0 0 0  00000000
   4.132  4155 2693  89 1  0  0 0 0 0 0  00000000
   4.144  4155 2694  89 1  0  0 0 0 0 0  00000000
   4.155  4155 2695  90 1  0  0 0 0 0 0  00000000
   4.168  4155 2699  90 1  0  0 0 0 0 0  00000000
   4.193  4155 2699  89 1  0  0 0 0 0 0  00000000
   4.205  4155 2699  90 1  0  0 0 0 0 0  00000000
   4.243  4155 2703  91 1  0  0 0 0 0 0  00000000
   4.256  4155 2707  92 1  0  0 0 0 0 0  00000000
   4.268  4153 2713  93 1  0  0 0 0 0 0  00000000
   4.281  4153 2738  93 1  0  0 0 0 0 0  00000000
   4.293  4154 2738  94 1  0  0 0 0 0 0  00000000
   4.306  4154 2738  93 1  0  0 0 0 0 0  00000000
   4.318  4155 2736  94 1  0  0 0 0 0 0  00000000
   4.330  4156 2735  93 1  0  0 0 0 0 0  00000000
   4.342  4157 2742  94 1  0  0 0 0 0 0  00000000
   4.355  4158 2743  94 1  0  0 0 0 0 0  00000000
   4.367  4158 2744  94 1  0  0 0 0 0 0  00000000
   4.405  4158 2744  95 1  0  0 0 0 0 0  00000000
   4.417  4158 2742  93 1  0  0 0 0 0 0  00000000
   4.429  4158 2707  91 1  0  0 0 0 0 0  00000000
   4.441  4158 2634  85 1  0  0 0 0 0 0  00000000
   4.453  4158 2476  70 1  0  0 0 0 0 0  00000000
   4.465  4158 2476   0 0  0  0 0 0 0 0  00000000
