time	 y	 z	 f	 w	 l	 r	 u	 d	 m	 multi
   0.000  4158 2476   0 0  0  0 0 0 0 0  00000000
   1.946  3484 2621  83 1  0  0 0 0 0 0  00000000
   1.965  3484 2639  86 1  0  0 0 0 0 0  00000000
   1.984  3484 2615  84 1  0  0 0 0 0 0  00000000
   1.997  3484 2592  83 1  0  0 0 0 0 0  00000000
   2.008  3484 2574  79 1  0  0 0 0 0 0  00000000
   2.021  3484 2558  76 1  0  0 0 0 0 0  00000000
   2.034  3536 2558  59 1  0  0 0 0 0 0  00000000
   2.044  3536 2558   0 0  0  0 0 0 0 0  00000000
   2.219  3536 2734  83 1  0  0 0 0 0 0  00000000
   2.231  3535 2684  76 1  0  0 0 0 0 0  00000000
   2.244  3533 2708  79 1  0  0 0 0 0 0  00000000
   2.255  3531 2708  79 1  0  0 0 0 0 0  00000000
   2.269  3529 2684  76 1  0  0 0 0 0 0  00000000
   2.281  3527 2645  73 1  0  0 0 0 0 0  00000000
   2.294  3527 2628  67 1  0  0 0 0 0 0  00000000
   2.306  3564 2628  49 1  0  0 0 0 0 0  00000000
   2.316  3564 2628   0 0  0  0 0 0 0 0  00000000
   2.508  3606 2702  85 1  0  0 0 0 0 0  00000000
   2.530  3606 2700  83 1  0  0 0 0 0 0  00000000
   2.541  3606 2698  83 1  0  0 0 0 0 0  00000000
   2.554  3606 2692  81 1  0  0 0 0 0 0  00000000
   2.567  3606 2647  77 1  0  0 0 0 0 0  00000000
   2.579  3650 2626  71 1  0  0 0 0 0 0  00000000
   2.591  3748 2626  47 1  0  0 0 0 0 0  00000000
   2.603  3748 2626   0 0  0  0 0 0 0 0  00000000
   2.765  3712 2626  71 1  0  0 0 0 0 0  00000000
   2.778  3687 2625  72 1  0  0 0 0 0 0  00000000
   2.790  3687 2625  76 1  0  0 0 0 0 0  00000000
   2.816  3687 2625  74 1  0  0 0 0 0 0  00000000
   2.827  3691 2621  73 1  0  0 0 0 0 0  00000000
   2.839  3719 2616  71 1  0  0 0 0 0 0  00000000
   2.851  3769 2595  62 1  0  0 0 0 0 0  00000000
   2.864  3787 2595  47 1  0  0 0 0 0 0  00000000
   2.876  3787 2595   0 0  0  0 0 0 0 0  00000000
   3.001  3722 2642  75 1  0  0 0 0 0 0  00000000
   3.014  3722 2642  73 1  0  0 0 0 0 0  00000000
   3.026  3722 2642  76 1  0  0 0 0 0 0  00000000
   3.038  3722 2660  76 1  0  0 0 0 0 0  00000000
   3.051  3723 2643  74 1  0  0 0 0 0 0  00000000
   3.063  3723 2619  70 1  0  0 0 0 0 0  00000000
   3.075  3781 2599  55 1  0  0 0 0 0 0  00000000
   3.087  3781 2599   0 0  0  0 0 0 0 0  00000000
   3.273  3798 2662  49 1  0  0 0 0 0 0  00000000
   3.286  3722 2663  74 1  0  0 0 0 0 0  00000000
   3.299  3722 2697  78 1  0  0 0 0 0 0  00000000
   3.311  3722 2698  79 1  0  0 0 0 0 0  00000000
   3.324  3722 2703  81 1  0  0 0 0 0 0  00000000
   3.337  3722 2709  82 1  0  0 0 0 0 0  00000000
   3.348  3722 2732  82 1  0  0 0 0 0 0  00000000
   3.361  3722 2732  83 1  0  0 0 0 0 0  00000000
   3.374  3722 2750  83 1  0  0 0 0 0 0  00000000
   3.385  3722 2750  85 1  0  0 0 0 0 0  00000000
   3.397  3722 2750  84 1  0  0 0 0 0 0  00000000
   3.422  3722 2751  85 1  0  0 0 0 0 0  00000000
   3.435  3721 2752  86 1  0  0 0 0 0 0  00000000
   3.448  3721 2753  85 1  0  0 0 0 0 0  00000000
   3.461  3721 2754  86 1  0  0 0 0 0 0  00000000
   3.473  3721 2755  85 1  0  0 0 0 0 0  00000000
   3.485  3720 2756  85 1  0  0 0 0 0 0  00000000
   3.498  3718 2756  86 1  0  0 0 0 0 0  00000000
   3.523  3716 2756  86 1  0  0 0 0 0 0  00000000
   3.547  3716 2756  87 1  0  0 0 0 0 0  00000000
   3.559  3716 2756  86 1  0  0 0 0 0 0  00000000
   3.572  3716 2757  87 1  0  0 0 0 0 0  00000000
   3.584  3714 2757  87 1  0  0 0 0 0 0  00000000
   3.597  3714 2758  87 1  0  0 0 0 0 0  00000000
   3.609  3714 2759  87 1  0  0 0 0 0 0  00000000
   3.622  3714 2760  88 1  0  0 0 0 0 0  00000000
   3.634  3714 2761  89 1  0  0 0 0 0 0  00000000
   3.646  3714 2762  88 1  0  0 0 0 0 0  00000000
   3.658  3714 2766  88 1  0  0 0 0 0 0  00000000
   3.671  3714 2767  89 1  0  0 0 0 0 0  00000000
   3.684  3710 2802  90 1  0  0 0 0 0 0  00000000
   3.732  3710 2802  91 1  0  0 0 0 0 0  00000000
   3.745  3710 2802  89 1  0  0 0 0 0 0  00000000
   3.757  3710 2756  84 1  0  0 0 0 0 0  00000000
   3.770  3710 2641  71 1  0  0 0 0 0 0  00000000
   3.781  3710 2641   0 0  0  0 0 0 0 0  00000000
   4.055  3949 2615  74 1  0  0 0 0 0 0  00000000
   4.067  3949 2653  76 1  0  0 0 0 0 0  00000000
   4.080  3949 2713  80 1  0  0 0 0 0 0  00000000
   4.093  3949 2756  81 1  0  0 0 0 0 0  00000000
   4.118  3949 2737  77 1  0  0 0 0 0 0  00000000
   4.130  3989 2683  69 1  0  0 0 0 0 0  00000000
   4.142  3989 2683   0 0  0  0 0 0 0 0  00000000
   4.317  3933 2655  78 1  0  0 0 0 0 0  00000000
   4.329  3914 2634  75 1  0  0 0 0 0 0  00000000
   4.341  3914 2679  79 1  0  0 0 0 0 0  00000000
   4.353  3914 2707  80 1  0  0 0 0 0 0  00000000
   4.365  3914 2733  83 1  0  0 0 0 0 0  00000000
   4.378  3914 2755  85 1  0  0 0 0 0 0  00000000
   4.390  3910 2755  85 1  0  0 0 0 0 0  00000000
   4.403  3908 2756  86 1  0  0 0 0 0 0  00000000
   4.415  3907 2757  85 1  0  0 0 0 0 0  00000000
   4.428  3907 2750  84 1  0  0 0 0 0 0  00000000
   4.441  3907 2715  83 1  0  0 0 0 0 0  00000000
   4.453  3905 2689  80 1  0  0 0 0 0 0  00000000
   4.465  3903 2666  79 1  0  0 0 0 0 0  00000000
   4.478  3903 2643  78 1  0  0 0 0 0 0  00000000
   4.490  3903 2626  78 1  0  0 0 0 0 0  00000000
   4.503  3901 2601  76 1  0  0 0 0 0 0  00000000
   4.515  3899 2560  69 1  0  0 0 0 0 0  00000000
   4.528  3921 2527  59 1  0  0 0 0 0 0  00000000
   4.538  3921 2527   0 0  0  0 0 0 0 0  00000000
   4.701  3953 2687  70 1  0  0 0 0 0 0  00000000
   4.713  3912 2713  77 1  0  0 0 0 0 0  00000000
   4.725  3912 2755  80 1  0  0 0 0 0 0  00000000
   4.738  3910 2786  82 1  0  0 0 0 0 0  00000000
   4.750  3910 2769  81 1  0  0 0 0 0 0  00000000
   4.763  3910 2733  77 1  0  0 0 0 0 0  00000000
   4.775  3910 2659  68 1  0  0 0 0 0 0  00000000
   4.787  3933 2659  45 1  0  0 0 0 0 0  00000000
   4.799  3933 2659   0 0  0  0 0 0 0 0  00000000
   4.875  3934 2599  73 1  0  0 0 0 0 0  00000000
   4.888  3935 2622  74 1  0  0 0 0 0 0  00000000
   4.898  3936 2659  78 1  0  0 0 0 0 0  00000000
   4.912  3936 2699  82 1  0  0 0 0 0 0  00000000
   4.924  3936 2722  84 1  0  0 0 0 0 0  00000000
   4.937  3936 2749  85 1  0  0 0 0 0 0  00000000
   4.962  3936 2749  84 1  0  0 0 0 0 0  00000000
   4.974  3936 2747  84 1  0  0 0 0 0 0  00000000
   4.987  3936 2709  81 1  0  0 0 0 0 0  00000000
   4.998  3936 2655  77 1  0  0 0 0 0 0  00000000
   5.011  3936 2587  70 1  0  0 0 0 0 0  00000000
   5.024  3936 2551  58 1  0  0 0 0 0 0  00000000
   5.036  3936 2551   0 0  0  0 0 0 0 0  00000000
   5.147  3969 2643  76 1  0  0 0 0 0 0  00000000
   5.160  3969 2668  79 1  0  0 0 0 0 0  00000000
   5.173  3951 2756  85 1  0  0 0 0 0 0  00000000
   5.185  3951 2804  89 1  0  0 0 0 0 0  00000000
   5.198  3951 2833  90 1  0  0 0 0 0 0  00000000
   5.210  3951 2833  91 1  0  0 0 0 0 0  00000000
   5.222  3951 2833  90 1  0  0 0 0 0 0  00000000
   5.235  3950 2800  88 1  0  0 0 0 0 0  00000000
   5.247  3950 2743  86 1  0  0 0 0 0 0  00000000
   5.260  3948 2621  75 1  0  0 0 0 0 0  00000000
   5.272  3883 2524  45 1  0  0 0 0 0 0  00000000
   5.283  3883 2524   0 0  0  0 0 0 0 0  00000000
   5.446  3984 2653  76 1  0  0 0 0 0 0  00000000
   5.458  3982 2653  75 1  0  0 0 0 0 0  00000000
   5.471  3982 2689  78 1  0  0 0 0 0 0  00000000
   5.483  3980 2718  79 1  0  0 0 0 0 0  00000000
   5.495  3978 2743  82 1  0  0 0 0 0 0  00000000
   5.507  3972 2762  83 1  0  0 0 0 0 0  00000000
   5.521  3970 2778  85 1  0  0 0 0 0 0  00000000
   5.532  3968 2779  85 1  0  0 0 0 0 0  00000000
   5.545  3968 2784  86 1  0  0 0 0 0 0  00000000
   5.557  3968 2789  86 1  0  0 0 0 0 0  00000000
   5.570  3968 2810  86 1  0  0 0 0 0 0  00000000
   5.582  3968 2829  88 1  0  0 0 0 0 0  00000000
   5.607  3968 2833  89 1  0  0 0 0 0 0  00000000
   5.620  3968 2854  89 1  0  0 0 0 0 0  00000000
   5.632  3968 2854  90 1  0  0 0 0 0 0  00000000
   5.668  3968 2855  91 1  0  0 0 0 0 0  00000000
   5.682  3968 2856  90 1  0  0 0 0 0 0  00000000
   5.694  3968 2860  91 1  0  0 0 0 0 0  00000000
   5.706  3968 2864  91 1  0  0 0 0 0 0  00000000
   5.718  3968 2865  91 1  0  0 0 0 0 0  00000000
   5.732  3968 2866  91 1  0  0 0 0 0 0  00000000
   5.743  3968 2870  92 1  0  0 0 0 0 0  00000000
   5.755  3968 2874  91 1  0  0 0 0 0 0  00000000
   5.768  3968 2878  92 1  0  0 0 0 0 0  00000000
   5.780  3968 2879  92 1  0  0 0 0 0 0  00000000
   5.793  3968 2880  92 1  0  0 0 0 0 0  00000000
   5.807  3968 2884  93 1  0  0 0 0 0 0  00000000
   5.819  3968 2890  92 1  0  0 0 0 0 0  00000000
   5.830  3968 2891  94 1  0  0 0 0 0 0  00000000
   5.842  3968 2892  94 1  0  0 0 0 0 0  00000000
   5.852  3968 2893  94 1  0  0 0 0 0 0  00000000
   5.862  3968 2898  94 1  0  0 0 0 0 0  00000000
   5.879  3968 2919  96 1  0  0 0 0 0 0  00000000
   5.905  3968 2920  96 1  0  0 0 0 0 0  00000000
   5.916  3968 2926  97 1  0  0 0 0 0 0  00000000
   5.929  3968 2927  96 1  0  0 0 0 0 0  00000000
   5.942  3968 2928  97 1  0  0 0 0 0 0  00000000
   5.966  3968 2926  97 1  0  0 0 0 0 0  00000000
   5.980  3968 2892  96 1  0  0 0 0 0 0  00000000
   5.992  3968 2890  94 1  0  0 0 0 0 0  00000000
   6.004  3966 2825  90 1  0  0 0 0 0 0  00000000
   6.017  3961 2699  81 1  0  0 0 0 0 0  00000000
   6.029  3932 2517  62 1  0  0 0 0 0 0  00000000
   6.041  3932 2517   0 0  0  0 0 0 0 0  00000000
