time	 y	 z	 f	 w	 l	 r	 u	 d	 m	 multi
   0.000  3625 3171   0 0  0  0 0 0 0 0  00000000
   0.732  3486 3172  80 1  0  0 0 0 0 0  00000000
   0.741  3486 3177  80 1  0  0 0 0 0 0  00000000
   0.751  3486 3177  81 1  0  0 0 0 0 0  00000000
   0.769  3486 3177  82 1  0  0 0 0 0 0  00000000
   0.807  3484 3178  81 1  0  0 0 0 0 0  00000000
   0.819  3482 3179  81 1  0  0 0 0 0 0  00000000
   0.832  3480 3180  82 1  0  0 0 0 0 0  00000000
   0.856  3480 3181  82 1  0  0 0 0 0 0  00000000
   0.869  3480 3182  82 1  0  0 0 0 0 0  00000000
   0.882  3480 3183  83 1  0  0 0 0 0 0  00000000
   0.893  3480 3184  83 1  0  0 0 0 0 0  00000000
   0.906  3480 3184  84 1  0  0 0 0 0 0  00000000
   0.918  3480 3184  83 1  0  0 0 0 0 0  00000000
   0.931  3480 3184  84 1  0  0 0 0 0 0  00000000
   0.943  3480 3184  83 1  0  0 0 0 0 0  00000000
   0.956  3480 3184  84 1  0  0 0 0 0 0  00000000
   0.967  3480 3184  85 1  0  0 0 0 0 0  00000000
   0.981  3480 3184  84 1  0  0 0 0 0 0  00000000
   1.005  3480 3185  84 1  0  0 0 0 0 0  00000000
   1.018  3480 3186  84 1  0  0 0 0 0 0  00000000
   1.030  3480 3186  85 1  0  0 0 0 0 0  00000000
   1.054  3479 3186  85 1  0  0 0 0 0 0  00000000
   1.068  3479 3187  84 1  0  0 0 0 0 0  00000000
   1.080  3479 3187  85 1  0  0 0 0 0 0  00000000
   1.105  3478 3187  84 1  0  0 0 0 0 0  00000000
   1.130  3473 3187  82 1  0  0 0 0 0 0  00000000
   1.142  3471 3188  78 1  0  0 0 0 0 0  00000000
   1.155  3469 3242  59 1  0  0 0 0 0 0  00000000
   1.167  3469 3242   0 0  0  0 0 0 0 0  00000000
   1.303  3469 3172  44 1  0  0 0 0 0 0  00000000
   1.316  3366 3130  85 1  0  0 0 0 0 0  00000000
   1.329  3387 3112  86 1  0  0 0 0 0 0  00000000
   1.341  3385 3110  86 1  0  0 0 0 0 0  00000000
   1.353  3383 3108  87 1  0  0 0 0 0 0  00000000
   1.364  3379 3106  88 1  0  0 0 0 0 0  00000000
   1.378  3374 3105  88 1  0  0 0 0 0 0  00000000
   1.390  3369 3104  89 1  0  0 0 0 0 0  00000000
   1.403  3367 3102  89 1  0  0 0 0 0 0  00000000
   1.415  3363 3102  90 1  0  0 0 0 0 0  00000000
   1.427  3362 3098  88 1  0  0 0 0 0 0  00000000
   1.439  3360 3096  88 1  0  0 0 0 0 0  00000000
   1.464  3360 3095  89 1  0  0 0 0 0 0  00000000
   1.477  3360 3095  88 1  0  0 0 0 0 0  00000000
   1.489  3360 3095  89 1  0  0 0 0 0 0  00000000
   1.515  3360 3095  88 1  0  0 0 0 0 0  00000000
   1.538  3360 3090  89 1  0  0 0 0 0 0  00000000
   1.551  3360 3089  90 1  0  0 0 0 0 0  00000000
   1.564  3360 3089  89 1  0  0 0 0 0 0  00000000
   1.588  3360 3089  88 1  0  0 0 0 0 0  00000000
   1.614  3360 3089  86 1  0  0 0 0 0 0  00000000
   1.626  3360 3112  80 1  0  0 0 0 0 0  00000000
   1.638  3360 3207  54 1  0  0 0 0 0 0  00000000
   1.649  3360 3207   0 0  0  0 0 0 0 0  00000000
   1.750  3553 3055  87 1  0  0 0 0 0 0  00000000
   1.762  3537 2991  87 1  0  0 0 0 0 0  00000000
   1.800  3535 2991  90 1  0  0 0 0 0 0  00000000
   1.811  3534 2991  85 1  0  0 0 0 0 0  00000000
   1.824  3532 3033  73 1  0  0 0 0 0 0  00000000
   1.836  3532 3033   0 0  0  0 0 0 0 0  00000000
   1.911  3560 2917  70 1  0  0 0 0 0 0  00000000
   1.924  3505 2867  85 1  0  0 0 0 0 0  00000000
   1.936  3506 2866  87 1  0  0 0 0 0 0  00000000
   1.948  3511 2862  86 1  0  0 0 0 0 0  00000000
   1.960  3516 2861  86 1  0  0 0 0 0 0  00000000
   1.973  3517 2861  85 1  0  0 0 0 0 0  00000000
   1.986  3521 2892  81 1  0  0 0 0 0 0  00000000
   1.998  3550 2958  74 1  0  0 0 0 0 0  00000000
   2.011  3521 3055  48 1  0  0 0 0 0 0  00000000
   2.021  3521 3055   0 0  0  0 0 0 0 0  00000000
   2.209  3602 2966  86 1  0  0 0 0 0 0  00000000
   2.221  3603 2947  84 1  0  0 0 0 0 0  00000000
   2.234  3609 2947  85 1  0  0 0 0 0 0  00000000
   2.246  3610 2948  85 1  0  0 0 0 0 0  00000000
   2.259  3611 2949  85 1  0  0 0 0 0 0  00000000
   2.272  3612 2973  85 1  0  0 0 0 0 0  00000000
   2.284  3612 2973  83 1  0  0 0 0 0 0  00000000
   2.295  3611 3002  83 1  0  0 0 0 0 0  00000000
   2.308  3609 3033  81 1  0  0 0 0 0 0  00000000
   2.320  3603 3034  80 1  0  0 0 0 0 0  00000000
   2.333  3581 3067  78 1  0  0 0 0 0 0  00000000
   2.346  3581 3068  76 1  0  0 0 0 0 0  00000000
   2.357  3576 3069  75 1  0  0 0 0 0 0  00000000
   2.371  3554 3098  70 1  0  0 0 0 0 0  00000000
   2.383  3501 3139  48 1  0  0 0 0 0 0  00000000
   2.395  3501 3139   0 0  0  0 0 0 0 0  00000000
   2.756  3084 3105  87 1  0  0 0 0 0 0  00000000
   2.767  3085 3105  85 1  0  0 0 0 0 0  00000000
   2.781  3090 3105  84 1  0  0 0 0 0 0  00000000
   2.793  3091 3106  83 1  0  0 0 0 0 0  00000000
   2.802  3092 3107  83 1  0  0 0 0 0 0  00000000
   2.817  3092 3234  77 1  0  0 0 0 0 0  00000000
   2.829  3087 3333  59 1  0  0 0 0 0 0  00000000
   2.841  3087 3333   0 0  0  0 0 0 0 0  00000000
   3.003  3761 3047  88 1  0  0 0 0 0 0  00000000
   3.016  3761 2957  86 1  0  0 0 0 0 0  00000000
   3.028  3761 2955  88 1  0  0 0 0 0 0  00000000
   3.041  3761 2933  88 1  0  0 0 0 0 0  00000000
   3.065  3761 2934  89 1  0  0 0 0 0 0  00000000
   3.077  3757 2939  87 1  0  0 0 0 0 0  00000000
   3.090  3756 2986  84 1  0  0 0 0 0 0  00000000
   3.103  3728 3033  75 1  0  0 0 0 0 0  00000000
   3.116  3692 3137  57 1  0  0 0 0 0 0  00000000
   3.126  3692 3137   0 0  0  0 0 0 0 0  00000000
   3.300  3202 3178  88 1  0  0 0 0 0 0  00000000
   3.313  3203 3074  81 1  0  0 0 0 0 0  00000000
   3.325  3203 3072  87 1  0  0 0 0 0 0  00000000
   3.338  3207 3070  83 1  0  0 0 0 0 0  00000000
   3.350  3208 3070  83 1  0  0 0 0 0 0  00000000
   3.363  3209 3070  79 1  0  0 0 0 0 0  00000000
   3.375  3213 3100  72 1  0  0 0 0 0 0  00000000
   3.388  3206 3188  47 1  0  0 0 0 0 0  00000000
   3.399  3206 3188   0 0  0  0 0 0 0 0  00000000
   3.562  3348 3188  84 1  0  0 0 0 0 0  00000000
   3.573  3349 3106  80 1  0  0 0 0 0 0  00000000
   3.586  3355 3104  82 1  0  0 0 0 0 0  00000000
   3.598  3360 3102  81 1  0  0 0 0 0 0  00000000
   3.611  3361 3098  81 1  0  0 0 0 0 0  00000000
   3.637  3361 3120  78 1  0  0 0 0 0 0  00000000
   3.648  3339 3172  71 1  0  0 0 0 0 0  00000000
   3.660  3260 3285  44 1  0  0 0 0 0 0  00000000
   3.672  3260 3285   0 0  0  0 0 0 0 0  00000000
   3.847  3155 3268  82 1  0  0 0 0 0 0  00000000
   3.859  3153 3174  77 1  0  0 0 0 0 0  00000000
   3.872  3160 3172  81 1  0  0 0 0 0 0  00000000
   3.884  3164 3168  80 1  0  0 0 0 0 0  00000000
   3.897  3165 3167  81 1  0  0 0 0 0 0  00000000
   3.908  3165 3168  78 1  0  0 0 0 0 0  00000000
   3.921  3165 3207  74 1  0  0 0 0 0 0  00000000
   3.934  3165 3279  57 1  0  0 0 0 0 0  00000000
   3.945  3165 3279   0 0  0  0 0 0 0 0  00000000
   4.132  3321 3211  58 1  0  0 0 0 0 0  00000000
   4.145  3237 3095  80 1  0  0 0 0 0 0  00000000
   4.157  3237 3067  83 1  0  0 0 0 0 0  00000000
   4.171  3237 3048  85 1  0  0 0 0 0 0  00000000
   4.207  3235 3048  85 1  0  0 0 0 0 0  00000000
   4.219  3230 3064  82 1  0  0 0 0 0 0  00000000
   4.232  3228 3064  76 1  0  0 0 0 0 0  00000000
   4.244  3177 3131  58 1  0  0 0 0 0 0  00000000
   4.256  3177 3131   0 0  0  0 0 0 0 0  00000000
   4.405  3255 3172  76 1  0  0 0 0 0 0  00000000
   4.418  3253 3097  80 1  0  0 0 0 0 0  00000000
   4.430  3249 3079  82 1  0  0 0 0 0 0  00000000
   4.443  3248 3077  84 1  0  0 0 0 0 0  00000000
   4.455  3247 3075  85 1  0  0 0 0 0 0  00000000
   4.468  3245 3071  85 1  0  0 0 0 0 0  00000000
   4.479  3241 3070  85 1  0  0 0 0 0 0  00000000
   4.492  3239 3070  85 1  0  0 0 0 0 0  00000000
   4.505  3237 3070  86 1  0  0 0 0 0 0  00000000
   4.516  3237 3069  85 1  0  0 0 0 0 0  00000000
   4.566  3231 3069  89 1  0  0 0 0 0 0  00000000
   4.579  3231 3069  86 1  0  0 0 0 0 0  00000000
   4.592  3231 3064  86 1  0  0 0 0 0 0  00000000
   4.603  3231 3062  85 1  0  0 0 0 0 0  00000000
   4.616  3231 3061  85 1  0  0 0 0 0 0  00000000
   4.629  3231 3056  86 1  0  0 0 0 0 0  00000000
   4.640  3231 3054  86 1  0  0 0 0 0 0  00000000
   4.653  3232 3052  86 1  0  0 0 0 0 0  00000000
   4.666  3232 3047  86 1  0  0 0 0 0 0  00000000
   4.678  3232 3046  86 1  0  0 0 0 0 0  00000000
   4.692  3232 3046  85 1  0  0 0 0 0 0  00000000
   4.703  3232 3067  83 1  0  0 0 0 0 0  00000000
   4.715  3159 3144  55 1  0  0 0 0 0 0  00000000
   4.727  3159 3144   0 0  0  0 0 0 0 0  00000000
