time	 y	 z	 f	 w	 l	 r	 u	 d	 m	 multi
   0.000  4077 2927   0 0  0  0 0 0 0 0  00000000
   1.016  4078 2790  85 1  0  0 0 0 0 0  00000000
   1.026  4079 2790  85 1  0  0 0 0 0 0  00000000
   1.042  4126 2822  76 1  0  0 0 0 0 0  00000000
   1.054  4157 2883  61 1  0  0 0 0 0 0  00000000
   1.064  4157 2883   0 0  0  0 0 0 0 0  00000000
   1.165  4070 3006  75 1  0  0 0 0 0 0  00000000
   1.177  4068 2941  76 1  0  0 0 0 0 0  00000000
   1.190  4068 2921  77 1  0  0 0 0 0 0  00000000
   1.202  4066 2921  76 1  0  0 0 0 0 0  00000000
   1.214  4065 2920  73 1  0  0 0 0 0 0  00000000
   1.227  4060 2927  64 1  0  0 0 0 0 0  00000000
   1.239  4060 2927   0 0  0  0 0 0 0 0  00000000
   1.326  4083 2908  75 1  0  0 0 0 0 0  00000000
   1.337  4082 2864  77 1  0  0 0 0 0 0  00000000
   1.348  4081 2864  77 1  0  0 0 0 0 0  00000000
   1.358  4077 2837  79 1  0  0 0 0 0 0  00000000
   1.376  4072 2837  74 1  0  0 0 0 0 0  00000000
   1.388  4070 2885  68 1  0  0 0 0 0 0  00000000
   1.400  4068 2968  49 1  0  0 0 0 0 0  00000000
   1.411  4068 2968   0 0  0  0 0 0 0 0  00000000
   1.574  4151 2952  69 1  0  0 0 0 0 0  00000000
   1.587  4122 2826  77 1  0  0 0 0 0 0  00000000
   1.599  4122 2768  80 1  0  0 0 0 0 0  00000000
   1.623  4118 2768  81 1  0  0 0 0 0 0  00000000
   1.636  4116 2768  82 1  0  0 0 0 0 0  00000000
   1.648  4115 2768  80 1  0  0 0 0 0 0  00000000
   1.661  4115 2768  78 1  0  0 0 0 0 0  00000000
   1.673  4153 2775  74 1  0  0 0 0 0 0  00000000
   1.686  4186 2822  66 1  0  0 0 0 0 0  00000000
   1.698  4186 2822   0 0  0  0 0 0 0 0  00000000
   2.380  4327 2716  93 1  0  0 0 0 0 0  00000000
   2.393  4344 2661  97 1  0  0 0 0 0 0  00000000
   2.430  4366 2590  91 1  0  0 0 0 0 0  00000000
   2.444  4388 2588  84 1  0  0 0 0 0 0  00000000
   2.455  4417 2588  66 1  0  0 0 0 0 0  00000000
   2.467  4417 2588   0 0  0  0 0 0 0 0  00000000
   2.654  4596 2633  82 1  0  0 0 0 0 0  00000000
   2.666  4596 2633  86 1  0  0 0 0 0 0  00000000
   2.679  4596 2611  87 1  0  0 0 0 0 0  00000000
   2.703  4595 2609  86 1  0  0 0 0 0 0  00000000
   2.717  4595 2587  84 1  0  0 0 0 0 0  00000000
   2.728  4595 2587  82 1  0  0 0 0 0 0  00000000
   2.741  4611 2587  77 1  0  0 0 0 0 0  00000000
   2.753  4611 2625  70 1  0  0 0 0 0 0  00000000
   2.766  4526 2702  41 1  0  0 0 0 0 0  00000000
   2.777  4526 2702   0 0  0  0 0 0 0 0  00000000
   3.249  4611 2732  81 1  0  0 0 0 0 0  00000000
   3.261  4612 2695  84 1  0  0 0 0 0 0  00000000
   3.274  4613 2694  84 1  0  0 0 0 0 0  00000000
   3.287  4614 2689  80 1  0  0 0 0 0 0  00000000
   3.299  4614 2713  69 1  0  0 0 0 0 0  00000000
   3.312  4614 2713   0 0  0  0 0 0 0 0  00000000
   3.498  4242 2934  53 1  0  0 0 0 0 0  00000000
   3.510  4210 2866  77 1  0  0 0 0 0 0  00000000
   3.522  4228 2801  81 1  0  0 0 0 0 0  00000000
   3.534  4228 2781  81 1  0  0 0 0 0 0  00000000
   3.548  4226 2779  80 1  0  0 0 0 0 0  00000000
   3.559  4226 2779  78 1  0  0 0 0 0 0  00000000
   3.573  4266 2802  72 1  0  0 0 0 0 0  00000000
   3.584  4295 2844  59 1  0  0 0 0 0 0  00000000
   3.596  4295 2844   0 0  0  0 0 0 0 0  00000000
   3.746  4604 2821  74 1  0  0 0 0 0 0  00000000
   3.758  4604 2750  76 1  0  0 0 0 0 0  00000000
   3.771  4604 2721  77 1  0  0 0 0 0 0  00000000
   3.796  4604 2721  75 1  0  0 0 0 0 0  00000000
   3.808  4605 2755  71 1  0  0 0 0 0 0  00000000
   3.821  4628 2805  62 1  0  0 0 0 0 0  00000000
   3.833  4628 2805   0 0  0  0 0 0 0 0  00000000
   4.006  4628 2805  70 1  0  0 0 0 0 0  00000000
   4.019  4628 2737  74 1  0  0 0 0 0 0  00000000
   4.031  4629 2714  74 1  0  0 0 0 0 0  00000000
   4.045  4634 2714  73 1  0  0 0 0 0 0  00000000
   4.057  4662 2738  70 1  0  0 0 0 0 0  00000000
   4.068  4724 2757  62 1  0  0 0 0 0 0  00000000
   4.080  4748 2837  41 1  0  0 0 0 0 0  00000000
   4.092  4748 2837   0 0  0  0 0 0 0 0  00000000
   4.255  5218 2786  73 1  0  0 0 0 0 0  00000000
   4.268  5219 2689  75 1  0  0 0 0 0 0  00000000
   4.279  5224 2661  76 1  0  0 0 0 0 0  00000000
   4.291  5225 2661  75 1  0  0 0 0 0 0  00000000
   4.304  5230 2690  70 1  0  0 0 0 0 0  00000000
   4.317  5260 2769  51 1  0  0 0 0 0 0  00000000
   4.328  5260 2769   0 0  0  0 0 0 0 0  00000000
   4.564  4602 2914  75 1  0  0 0 0 0 0  00000000
   4.576  4601 2822  77 1  0  0 0 0 0 0  00000000
   4.586  4600 2822  77 1  0  0 0 0 0 0  00000000
   4.596  4600 2784  78 1  0  0 0 0 0 0  00000000
   4.615  4595 2782  78 1  0  0 0 0 0 0  00000000
   4.626  4590 2778  78 1  0  0 0 0 0 0  00000000
   4.636  4588 2776  78 1  0  0 0 0 0 0  00000000
   4.646  4588 2776  77 1  0  0 0 0 0 0  00000000
   4.677  4589 2776  78 1  0  0 0 0 0 0  00000000
   4.689  4590 2776  77 1  0  0 0 0 0 0  00000000
   4.701  4594 2776  76 1  0  0 0 0 0 0  00000000
   4.714  4595 2776  76 1  0  0 0 0 0 0  00000000
   4.726  4595 2776  77 1  0  0 0 0 0 0  00000000
   4.739  4596 2776  76 1  0  0 0 0 0 0  00000000
   4.752  4597 2776  77 1  0  0 0 0 0 0  00000000
   4.775  4601 2772  76 1  0  0 0 0 0 0  00000000
   4.788  4605 2770  77 1  0  0 0 0 0 0  00000000
   4.801  4606 2768  76 1  0  0 0 0 0 0  00000000
   4.813  4607 2768  76 1  0  0 0 0 0 0  00000000
   4.826  4607 2767  75 1  0  0 0 0 0 0  00000000
   4.837  4607 2767  76 1  0  0 0 0 0 0  00000000
   4.851  4607 2765  75 1  0  0 0 0 0 0  00000000
   4.863  4607 2765  76 1  0  0 0 0 0 0  00000000
   4.876  4608 2765  76 1  0  0 0 0 0 0  00000000
   4.887  4609 2764  75 1  0  0 0 0 0 0  00000000
   4.900  4610 2763  75 1  0  0 0 0 0 0  00000000
   4.912  4611 2762  76 1  0  0 0 0 0 0  00000000
   4.924  4611 2761  75 1  0  0 0 0 0 0  00000000
   4.938  4612 2761  75 1  0  0 0 0 0 0  00000000
   4.950  4613 2761  75 1  0  0 0 0 0 0  00000000
   4.974  4614 2761  75 1  0  0 0 0 0 0  00000000
   4.987  4615 2759  74 1  0  0 0 0 0 0  00000000
   4.999  4615 2759  75 1  0  0 0 0 0 0  00000000
   5.011  4615 2757  75 1  0  0 0 0 0 0  00000000
   5.024  4615 2738  75 1  0  0 0 0 0 0  00000000
   5.036  4615 2736  75 1  0  0 0 0 0 0  00000000
   5.050  4615 2732  74 1  0  0 0 0 0 0  00000000
   5.061  4615 2726  74 1  0  0 0 0 0 0  00000000
   5.074  4615 2724  74 1  0  0 0 0 0 0  00000000
   5.086  4615 2720  73 1  0  0 0 0 0 0  00000000
   5.098  4615 2714  73 1  0  0 0 0 0 0  00000000
   5.111  4615 2712  73 1  0  0 0 0 0 0  00000000
   5.136  4615 2710  74 1  0  0 0 0 0 0  00000000
   5.161  4615 2710  73 1  0  0 0 0 0 0  00000000
   5.185  4649 2727  70 1  0  0 0 0 0 0  00000000
   5.198  4723 2727  65 1  0  0 0 0 0 0  00000000
   5.210  4793 2743  59 1  0  0 0 0 0 0  00000000
   5.223  4793 2743   0 0  0  0 0 0 0 0  00000000
