time	 y	 z	 f	 w	 l	 r	 u	 d	 m	 multi
   0.000  3578 3834   0 0  0  0 0 0 0 0  00000000
   0.656  4069 2911  84 1  0  0 0 0 0 0  00000000
   0.682  4069 2878  81 1  0  0 0 0 0 0  00000000
   0.695  4069 2898  79 1  0  0 0 0 0 0  00000000
   0.706  4086 2934  77 1  0  0 0 0 0 0  00000000
   0.719  4087 2957  76 1  0  0 0 0 0 0  00000000
   0.732  4111 2958  75 1  0  0 0 0 0 0  00000000
   0.744  4111 2986  76 1  0  0 0 0 0 0  00000000
   0.768  4128 3005  77 1  0  0 0 0 0 0  00000000
   0.780  4128 3005  78 1  0  0 0 0 0 0  00000000
   0.793  4128 3005  79 1  0  0 0 0 0 0  00000000
   0.806  4129 3005  79 1  0  0 0 0 0 0  00000000
   0.818  4130 3005  78 1  0  0 0 0 0 0  00000000
   0.830  4131 3005  78 1  0  0 0 0 0 0  00000000
   0.842  4131 3003  79 1  0  0 0 0 0 0  00000000
   0.856  4131 3001  79 1  0  0 0 0 0 0  00000000
   0.868  4131 2996  80 1  0  0 0 0 0 0  00000000
   0.880  4131 2991  81 1  0  0 0 0 0 0  00000000
   0.893  4131 2989  80 1  0  0 0 0 0 0  00000000
   0.905  4131 2987  79 1  0  0 0 0 0 0  00000000
   0.917  4131 2983  76 1  0  0 0 0 0 0  00000000
   0.929  4131 2977  68 1  0  0 0 0 0 0  00000000
   0.941  4126 3020  45 1  0  0 0 0 0 0  00000000
   0.953  4126 3020   0 0  0  0 0 0 0 0  00000000
   1.178  4316 3001  42 1  0  0 0 0 0 0  00000000
   1.190  4191 2972  84 1  0  0 0 0 0 0  00000000
   1.203  4219 2900  84 1  0  0 0 0 0 0  00000000
   1.216  4219 2879  84 1  0  0 0 0 0 0  00000000
   1.228  4217 2879  84 1  0  0 0 0 0 0  00000000
   1.239  4215 2879  83 1  0  0 0 0 0 0  00000000
   1.252  4210 2879  78 1  0  0 0 0 0 0  00000000
   1.265  4205 2907  68 1  0  0 0 0 0 0  00000000
   1.278  4205 2907   0 0  0  0 0 0 0 0  00000000
   1.451  4317 2939  79 1  0  0 0 0 0 0  00000000
   1.463  4317 2887  78 1  0  0 0 0 0 0  00000000
   1.476  4317 2885  78 1  0  0 0 0 0 0  00000000
   1.488  4316 2883  76 1  0  0 0 0 0 0  00000000
   1.501  4311 2911  69 1  0  0 0 0 0 0  00000000
   1.513  4280 2977  52 1  0  0 0 0 0 0  00000000
   1.525  4280 2977   0 0  0  0 0 0 0 0  00000000
   1.723  4110 3166  79 1  0  0 0 0 0 0  00000000
   1.736  4111 3050  81 1  0  0 0 0 0 0  00000000
   1.749  4133 2991  82 1  0  0 0 0 0 0  00000000
   1.761  4131 2992  83 1  0  0 0 0 0 0  00000000
   1.774  4129 3012  83 1  0  0 0 0 0 0  00000000
   1.785  4129 3012  81 1  0  0 0 0 0 0  00000000
   1.798  4127 3016  80 1  0  0 0 0 0 0  00000000
   1.812  4125 3021  79 1  0  0 0 0 0 0  00000000
   1.822  4125 3043  75 1  0  0 0 0 0 0  00000000
   1.835  4125 3043  74 1  0  0 0 0 0 0  00000000
   1.847  4125 3043  73 1  0  0 0 0 0 0  00000000
   1.861  4130 3043  71 1  0  0 0 0 0 0  00000000
   1.873  4131 3044  70 1  0  0 0 0 0 0  00000000
   1.885  4131 3050  66 1  0  0 0 0 0 0  00000000
   1.898  4129 3079  67 1  0  0 0 0 0 0  00000000
   1.910  4125 3079  66 1  0  0 0 0 0 0  00000000
   1.923  4132 3080  70 1  0  0 0 0 0 0  00000000
   1.935  4136 3085  72 1  0  0 0 0 0 0  00000000
   1.949  4137 3086  73 1  0  0 0 0 0 0  00000000
   1.961  4137 3087  74 1  0  0 0 0 0 0  00000000
   1.974  4138 3088  75 1  0  0 0 0 0 0  00000000
   1.984  4139 3088  74 1  0  0 0 0 0 0  00000000
   1.998  4140 3088  74 1  0  0 0 0 0 0  00000000
   2.009  4145 3088  75 1  0  0 0 0 0 0  00000000
   2.022  4146 3088  73 1  0  0 0 0 0 0  00000000
   2.034  4147 3088  70 1  0  0 0 0 0 0  00000000
   2.046  4115 3112  55 1  0  0 0 0 0 0  00000000
   2.059  4115 3112   0 0  0  0 0 0 0 0  00000000
   2.171  4037 3143  78 1  0  0 0 0 0 0  00000000
   2.183  4059 3064  76 1  0  0 0 0 0 0  00000000
   2.196  4081 3062  79 1  0  0 0 0 0 0  00000000
   2.207  4056 3062  75 1  0  0 0 0 0 0  00000000
   2.220  4057 3130  65 1  0  0 0 0 0 0  00000000
   2.233  4037 3219  41 1  0  0 0 0 0 0  00000000
   2.244  4037 3219   0 0  0  0 0 0 0 0  00000000
   2.307  4059 3076  76 1  0  0 0 0 0 0  00000000
   2.319  4083 2976  73 1  0  0 0 0 0 0  00000000
   2.332  4084 2947  71 1  0  0 0 0 0 0  00000000
   2.344  4084 2947  73 1  0  0 0 0 0 0  00000000
   2.357  4084 2974  74 1  0  0 0 0 0 0  00000000
   2.368  4079 3005  72 1  0  0 0 0 0 0  00000000
   2.382  4077 3063  69 1  0  0 0 0 0 0  00000000
   2.394  4077 3124  61 1  0  0 0 0 0 0  00000000
   2.406  4060 3173  49 1  0  0 0 0 0 0  00000000
   2.418  4060 3173   0 0  0  0 0 0 0 0  00000000
   2.580  4318 3173  76 1  0  0 0 0 0 0  00000000
   2.593  4318 3087  76 1  0  0 0 0 0 0  00000000
   2.606  4319 3040  77 1  0  0 0 0 0 0  00000000
   2.618  4320 3040  77 1  0  0 0 0 0 0  00000000
   2.629  4321 3056  77 1  0  0 0 0 0 0  00000000
   2.642  4322 3056  75 1  0  0 0 0 0 0  00000000
   2.654  4326 3057  72 1  0  0 0 0 0 0  00000000
   2.667  4331 3104  68 1  0  0 0 0 0 0  00000000
   2.679  4401 3135  51 1  0  0 0 0 0 0  00000000
   2.690  4401 3135   0 0  0  0 0 0 0 0  00000000
   2.866  4667 3076  71 1  0  0 0 0 0 0  00000000
   2.878  4668 3022  70 1  0  0 0 0 0 0  00000000
   2.891  4693 2987  70 1  0  0 0 0 0 0  00000000
   2.902  4693 3005  69 1  0  0 0 0 0 0  00000000
   2.916  4693 3006  70 1  0  0 0 0 0 0  00000000
   2.928  4693 3046  68 1  0  0 0 0 0 0  00000000
   2.941  4693 3090  62 1  0  0 0 0 0 0  00000000
   2.952  4693 3112  48 1  0  0 0 0 0 0  00000000
   2.964  4693 3112   0 0  0  0 0 0 0 0  00000000
   3.126  4536 3145  71 1  0  0 0 0 0 0  00000000
   3.138  4536 3045  72 1  0  0 0 0 0 0  00000000
   3.151  4537 3012  73 1  0  0 0 0 0 0  00000000
   3.164  4538 3012  73 1  0  0 0 0 0 0  00000000
   3.176  4538 3013  72 1  0  0 0 0 0 0  00000000
   3.188  4538 3070  68 1  0  0 0 0 0 0  00000000
   3.201  4539 3124  60 1  0  0 0 0 0 0  00000000
   3.212  4539 3124   0 0  0  0 0 0 0 0  00000000
   3.399  4303 3240  73 1  0  0 0 0 0 0  00000000
   3.411  4303 3138  73 1  0  0 0 0 0 0  00000000
   3.424  4303 3096  74 1  0  0 0 0 0 0  00000000
   3.449  4301 3135  73 1  0  0 0 0 0 0  00000000
   3.461  4299 3203  66 1  0  0 0 0 0 0  00000000
   3.473  4306 3275  39 1  0  0 0 0 0 0  00000000
   3.484  4306 3275   0 0  0  0 0 0 0 0  00000000
   3.659  5003 3212  62 1  0  0 0 0 0 0  00000000
   3.672  5003 3139  62 1  0  0 0 0 0 0  00000000
   3.684  5003 3155  63 1  0  0 0 0 0 0  00000000
   3.697  5001 3198  62 1  0  0 0 0 0 0  00000000
   3.708  4960 3301  54 1  0  0 0 0 0 0  00000000
   3.721  4960 3301   0 0  0  0 0 0 0 0  00000000
   3.956  3728 3565  71 1  0  0 0 0 0 0  00000000
   3.970  3746 3410  72 1  0  0 0 0 0 0  00000000
   3.981  3782 3334  71 1  0  0 0 0 0 0  00000000
   3.994  3766 3334  74 1  0  0 0 0 0 0  00000000
   4.006  3766 3350  75 1  0  0 0 0 0 0  00000000
   4.019  3766 3351  74 1  0  0 0 0 0 0  00000000
   4.032  3766 3356  73 1  0  0 0 0 0 0  00000000
   4.044  3784 3381  71 1  0  0 0 0 0 0  00000000
   4.056  3800 3381  68 1  0  0 0 0 0 0  00000000
   4.094  3801 3379  69 1  0  0 0 0 0 0  00000000
   4.107  3802 3374  67 1  0  0 0 0 0 0  00000000
   4.119  3807 3369  68 1  0  0 0 0 0 0  00000000
   4.132  3808 3367  68 1  0  0 0 0 0 0  00000000
   4.143  3809 3366  68 1  0  0 0 0 0 0  00000000
   4.155  3814 3364  68 1  0  0 0 0 0 0  00000000
   4.168  3815 3362  69 1  0  0 0 0 0 0  00000000
   4.180  3816 3362  68 1  0  0 0 0 0 0  00000000
   4.192  3817 3362  69 1  0  0 0 0 0 0  00000000
   4.218  3821 3362  70 1  0  0 0 0 0 0  00000000
   4.230  3821 3362  69 1  0  0 0 0 0 0  00000000
   4.242  3821 3363  69 1  0  0 0 0 0 0  00000000
   4.254  3821 3367  70 1  0  0 0 0 0 0  00000000
   4.267  3819 3368  70 1  0  0 0 0 0 0  00000000
   4.280  3815 3369  69 1  0  0 0 0 0 0  00000000
   4.292  3815 3370  70 1  0  0 0 0 0 0  00000000
   4.305  3815 3371  70 1  0  0 0 0 0 0  00000000
   4.317  3816 3372  71 1  0  0 0 0 0 0  00000000
   4.331  3817 3372  71 1  0  0 0 0 0 0  00000000
   4.342  3817 3372  70 1  0  0 0 0 0 0  00000000
   4.355  3817 3370  70 1  0  0 0 0 0 0  00000000
   4.366  3817 3365  70 1  0  0 0 0 0 0  00000000
   4.379  3818 3359  70 1  0  0 0 0 0 0  00000000
   4.392  3823 3357  70 1  0  0 0 0 0 0  00000000
   4.404  3824 3351  71 1  0  0 0 0 0 0  00000000
   4.417  3825 3349  70 1  0  0 0 0 0 0  00000000
   4.429  3826 3344  69 1  0  0 0 0 0 0  00000000
   4.441  3830 3342  71 1  0  0 0 0 0 0  00000000
   4.454  3831 3340  71 1  0  0 0 0 0 0  00000000
   4.467  3832 3339  70 1  0  0 0 0 0 0  00000000
   4.477  3833 3339  70 1  0  0 0 0 0 0  00000000
   4.491  3834 3335  71 1  0  0 0 0 0 0  00000000
   4.504  3834 3333  70 1  0  0 0 0 0 0  00000000
   4.516  3834 3327  70 1  0  0 0 0 0 0  00000000
   4.527  3834 3325  70 1  0  0 0 0 0 0  00000000
   4.540  3834 3319  68 1  0  0 0 0 0 0  00000000
   4.553  3834 3315  69 1  0  0 0 0 0 0  00000000
   4.565  3834 3314  70 1  0  0 0 0 0 0  00000000
   4.578  3834 3314  68 1  0  0 0 0 0 0  00000000
   4.590  3832 3314  68 1  0  0 0 0 0 0  00000000
   4.602  3828 3315  62 1  0  0 0 0 0 0  00000000
   4.615  3828 3315   0 0  0  0 0 0 0 0  00000000
