time	 y	 z	 f	 w	 l	 r	 u	 d	 m	 multi
   0.000  3447 3281   0 0  0  0 0 0 0 0  00000000
   1.051  3648 3241  80 1  0  0 0 0 0 0  00000000
   1.062  3646 3205  86 1  0  0 0 0 0 0  00000000
   1.074  3641 3204  88 1  0  0 0 0 0 0  00000000
   1.087  3640 3204  90 1  0  0 0 0 0 0  00000000
   1.100  3640 3204  88 1  0  0 0 0 0 0  00000000
   1.112  3640 3204  85 1  0  0 0 0 0 0  00000000
   1.125  3640 3204  79 1  0  0 0 0 0 0  00000000
   1.137  3640 3232  71 1  0  0 0 0 0 0  00000000
   1.150  3638 3299  48 1  0  0 0 0 0 0  00000000
   1.161  3638 3299   0 0  0  0 0 0 0 0  00000000
   1.310  3862 3226  44 1  0  0 0 0 0 0  00000000
   1.323  3834 3178  77 1  0  0 0 0 0 0  00000000
   1.335  3857 3139  80 1  0  0 0 0 0 0  00000000
   1.347  3857 3120  80 1  0  0 0 0 0 0  00000000
   1.360  3855 3120  80 1  0  0 0 0 0 0  00000000
   1.372  3855 3120  81 1  0  0 0 0 0 0  00000000
   1.386  3851 3120  80 1  0  0 0 0 0 0  00000000
   1.398  3850 3120  80 1  0  0 0 0 0 0  00000000
   1.410  3850 3120  79 1  0  0 0 0 0 0  00000000
   1.422  3850 3120  81 1  0  0 0 0 0 0  00000000
   1.434  3850 3120  80 1  0  0 0 0 0 0  00000000
   1.447  3851 3120  80 1  0  0 0 0 0 0  00000000
   1.471  3851 3120  81 1  0  0 0 0 0 0  00000000
   1.484  3851 3120  80 1  0  0 0 0 0 0  00000000
   1.497  3851 3119  81 1  0  0 0 0 0 0  00000000
   1.508  3851 3119  80 1  0  0 0 0 0 0  00000000
   1.521  3852 3117  81 1  0  0 0 0 0 0  00000000
   1.534  3853 3117  82 1  0  0 0 0 0 0  00000000
   1.546  3853 3117  80 1  0  0 0 0 0 0  00000000
   1.559  3857 3117  81 1  0  0 0 0 0 0  00000000
   1.572  3857 3113  79 1  0  0 0 0 0 0  00000000
   1.583  3857 3112  77 1  0  0 0 0 0 0  00000000
   1.596  3857 3112  74 1  0  0 0 0 0 0  00000000
   1.607  3895 3112  62 1  0  0 0 0 0 0  00000000
   1.620  3895 3112   0 0  0  0 0 0 0 0  00000000
   1.831  4111 2976  80 1  0  0 0 0 0 0  00000000
   1.844  4112 2932  81 1  0  0 0 0 0 0  00000000
   1.857  4113 2905  83 1  0  0 0 0 0 0  00000000
   1.869  4114 2905  83 1  0  0 0 0 0 0  00000000
   1.882  4114 2905  82 1  0  0 0 0 0 0  00000000
   1.894  4114 2905  81 1  0  0 0 0 0 0  00000000
   1.906  4114 2903  79 1  0  0 0 0 0 0  00000000
   1.918  4097 2899  72 1  0  0 0 0 0 0  00000000
   1.931  4097 2905  67 1  0  0 0 0 0 0  00000000
   1.943  4097 2910  54 1  0  0 0 0 0 0  00000000
   1.956  4097 2910   0 0  0  0 0 0 0 0  00000000
   2.080  3977 2991  65 1  0  0 0 0 0 0  00000000
   2.092  3925 2967  78 1  0  0 0 0 0 0  00000000
   2.105  3925 2946  81 1  0  0 0 0 0 0  00000000
   2.129  3926 2946  80 1  0  0 0 0 0 0  00000000
   2.141  3927 2946  79 1  0  0 0 0 0 0  00000000
   2.154  3931 2945  76 1  0  0 0 0 0 0  00000000
   2.166  3972 2945  69 1  0  0 0 0 0 0  00000000
   2.179  4004 2945  54 1  0  0 0 0 0 0  00000000
   2.189  4004 2945   0 0  0  0 0 0 0 0  00000000
   2.340  4107 2972  56 1  0  0 0 0 0 0  00000000
   2.352  4062 2914  74 1  0  0 0 0 0 0  00000000
   2.372  4062 2893  75 1  0  0 0 0 0 0  00000000
   2.390  4062 2893  76 1  0  0 0 0 0 0  00000000
   2.402  4062 2893  75 1  0  0 0 0 0 0  00000000
   2.427  4062 2893  73 1  0  0 0 0 0 0  00000000
   2.439  4063 2894  70 1  0  0 0 0 0 0  00000000
   2.451  4101 2923  61 1  0  0 0 0 0 0  00000000
   2.464  4101 2923   0 0  0  0 0 0 0 0  00000000
   2.588  4164 2945  49 1  0  0 0 0 0 0  00000000
   2.601  4135 2924  74 1  0  0 0 0 0 0  00000000
   2.614  4135 2899  76 1  0  0 0 0 0 0  00000000
   2.638  4133 2899  76 1  0  0 0 0 0 0  00000000
   2.651  4133 2899  75 1  0  0 0 0 0 0  00000000
   2.663  4133 2918  70 1  0  0 0 0 0 0  00000000
   2.675  4161 2918  64 1  0  0 0 0 0 0  00000000
   2.685  4161 2917  64 1  0  0 0 0 0 0  00000000
   2.699  4161 2917   0 0  0  0 0 0 0 0  00000000
   2.849  4054 2974  73 1  0  0 0 0 0 0  00000000
   2.860  4054 2912  76 1  0  0 0 0 0 0  00000000
   2.874  4036 2877  80 1  0  0 0 0 0 0  00000000
   2.886  4035 2877  80 1  0  0 0 0 0 0  00000000
   2.898  4033 2877  81 1  0  0 0 0 0 0  00000000
   2.911  4029 2877  81 1  0  0 0 0 0 0  00000000
   2.924  4028 2877  81 1  0  0 0 0 0 0  00000000
   2.936  4028 2877  80 1  0  0 0 0 0 0  00000000
   2.961  4028 2877  81 1  0  0 0 0 0 0  00000000
   2.974  4028 2877  79 1  0  0 0 0 0 0  00000000
   3.022  4028 2877  80 1  0  0 0 0 0 0  00000000
   3.035  4028 2875  80 1  0  0 0 0 0 0  00000000
   3.047  4028 2873  80 1  0  0 0 0 0 0  00000000
   3.060  4028 2871  80 1  0  0 0 0 0 0  00000000
   3.073  4028 2870  80 1  0  0 0 0 0 0  00000000
   3.085  4028 2868  79 1  0  0 0 0 0 0  00000000
   3.098  4028 2864  77 1  0  0 0 0 0 0  00000000
   3.109  4032 2863  73 1  0  0 0 0 0 0  00000000
   3.122  4068 2870  59 1  0  0 0 0 0 0  00000000
   3.133  4068 2870   0 0  0  0 0 0 0 0  00000000
   3.248  3896 3001  68 1  0  0 0 0 0 0  00000000
   3.259  3873 2951  73 1  0  0 0 0 0 0  00000000
   3.270  3874 2951  74 1  0  0 0 0 0 0  00000000
   3.283  3875 2951  73 1  0  0 0 0 0 0  00000000
   3.295  3876 2952  70 1  0  0 0 0 0 0  00000000
   3.308  3869 3014  44 1  0  0 0 0 0 0  00000000
   3.319  3869 3014   0 0  0  0 0 0 0 0  00000000
   3.407  3780 2961  73 1  0  0 0 0 0 0  00000000
   3.420  3763 2900  75 1  0  0 0 0 0 0  00000000
   3.433  3763 2877  75 1  0  0 0 0 0 0  00000000
   3.443  3763 2877  76 1  0  0 0 0 0 0  00000000
   3.456  3763 2878  76 1  0  0 0 0 0 0  00000000
   3.469  3763 2879  76 1  0  0 0 0 0 0  00000000
   3.481  3763 2880  75 1  0  0 0 0 0 0  00000000
   3.494  3763 2881  74 1  0  0 0 0 0 0  00000000
   3.506  3763 2882  74 1  0  0 0 0 0 0  00000000
   3.531  3768 2882  73 1  0  0 0 0 0 0  00000000
   3.544  3769 2882  74 1  0  0 0 0 0 0  00000000
   3.557  3770 2882  74 1  0  0 0 0 0 0  00000000
   3.580  3770 2883  75 1  0  0 0 0 0 0  00000000
   3.605  3775 2883  78 1  0  0 0 0 0 0  00000000
   3.618  3775 2883  75 1  0  0 0 0 0 0  00000000
   3.643  3775 2883  76 1  0  0 0 0 0 0  00000000
   3.655  3775 2883  78 1  0  0 0 0 0 0  00000000
   3.668  3775 2884  76 1  0  0 0 0 0 0  00000000
   3.680  3775 2885  78 1  0  0 0 0 0 0  00000000
   3.693  3775 2889  76 1  0  0 0 0 0 0  00000000
   3.705  3775 2894  76 1  0  0 0 0 0 0  00000000
   3.718  3774 2895  76 1  0  0 0 0 0 0  00000000
   3.730  3774 2896  76 1  0  0 0 0 0 0  00000000
   3.755  3774 2894  76 1  0  0 0 0 0 0  00000000
   3.768  3774 2893  76 1  0  0 0 0 0 0  00000000
   3.792  3772 2893  77 1  0  0 0 0 0 0  00000000
   3.816  3772 2893  76 1  0  0 0 0 0 0  00000000
   3.829  3772 2893  77 1  0  0 0 0 0 0  00000000
   3.841  3772 2893  76 1  0  0 0 0 0 0  00000000
   3.854  3772 2893  77 1  0  0 0 0 0 0  00000000
   3.879  3772 2893  76 1  0  0 0 0 0 0  00000000
   3.891  3772 2893  77 1  0  0 0 0 0 0  00000000
   3.903  3770 2893  77 1  0  0 0 0 0 0  00000000
   3.953  3770 2894  77 1  0  0 0 0 0 0  00000000
   3.979  3769 2894  77 1  0  0 0 0 0 0  00000000
   3.990  3769 2895  77 1  0  0 0 0 0 0  00000000
   4.003  3769 2896  77 1  0  0 0 0 0 0  00000000
   4.015  3770 2897  80 1  0  0 0 0 0 0  00000000
   4.028  3770 2897  78 1  0  0 0 0 0 0  00000000
   4.039  3770 2897  77 1  0  0 0 0 0 0  00000000
   4.078  3770 2898  77 1  0  0 0 0 0 0  00000000
   4.102  3787 2898  79 1  0  0 0 0 0 0  00000000
   4.115  3771 2898  77 1  0  0 0 0 0 0  00000000
   4.139  3790 2898  79 1  0  0 0 0 0 0  00000000
   4.151  3772 2898  77 1  0  0 0 0 0 0  00000000
   4.164  3772 2898  76 1  0  0 0 0 0 0  00000000
   4.176  3772 2898  77 1  0  0 0 0 0 0  00000000
   4.239  3772 2898  76 1  0  0 0 0 0 0  00000000
   4.263  3772 2898  77 1  0  0 0 0 0 0  00000000
   4.300  3772 2898  76 1  0  0 0 0 0 0  00000000
   4.312  3791 2898  79 1  0  0 0 0 0 0  00000000
   4.325  3769 2898  77 1  0  0 0 0 0 0  00000000
   4.337  3770 2898  79 1  0  0 0 0 0 0  00000000
   4.350  3771 2898  76 1  0  0 0 0 0 0  00000000
   4.363  3771 2898  77 1  0  0 0 0 0 0  00000000
   4.375  3772 2898  79 1  0  0 0 0 0 0  00000000
   4.388  3772 2898  77 1  0  0 0 0 0 0  00000000
   4.401  3771 2898  78 1  0  0 0 0 0 0  00000000
   4.413  3769 2899  78 1  0  0 0 0 0 0  00000000
   4.426  3769 2900  80 1  0  0 0 0 0 0  00000000
   4.438  3769 2901  78 1  0  0 0 0 0 0  00000000
   4.449  3769 2902  79 1  0  0 0 0 0 0  00000000
   4.463  3769 2907  80 1  0  0 0 0 0 0  00000000
   4.475  3769 2912  80 1  0  0 0 0 0 0  00000000
   4.487  3769 2913  80 1  0  0 0 0 0 0  00000000
   4.512  3769 2914  80 1  0  0 0 0 0 0  00000000
   4.524  3775 2920  83 1  0  0 0 0 0 0  00000000
   4.537  3768 2920  81 1  0  0 0 0 0 0  00000000
   4.550  3766 2921  82 1  0  0 0 0 0 0  00000000
   4.562  3764 2922  83 1  0  0 0 0 0 0  00000000
   4.574  3762 2928  81 1  0  0 0 0 0 0  00000000
   4.585  3761 2929  74 1  0  0 0 0 0 0  00000000
   4.598  3806 2934  47 1  0  0 0 0 0 0  00000000
   4.610  3806 2934   0 0  0  0 0 0 0 0  00000000
