time	 y	 z	 f	 w	 l	 r	 u	 d	 m	 multi
   0.000  4653 2232   0 0  0  0 0 0 0 0  00000000
   0.729  4279 2312  83 1  0  0 0 0 0 0  00000000
   0.749  4277 2294  82 1  0  0 0 0 0 0  00000000
   0.767  4273 2292  80 1  0  0 0 0 0 0  00000000
   0.780  4268 2286  75 1  0  0 0 0 0 0  00000000
   0.791  4267 2286  69 1  0  0 0 0 0 0  00000000
   0.804  4261 2327  60 1  0  0 0 0 0 0  00000000
   0.816  4197 2359  43 1  0  0 0 0 0 0  00000000
   0.828  4197 2359   0 0  0  0 0 0 0 0  00000000
   1.226  4198 2600  74 1  0  0 0 0 0 0  00000000
   1.239  4177 2527  83 1  0  0 0 0 0 0  00000000
   1.251  4177 2490  85 1  0  0 0 0 0 0  00000000
   1.263  4175 2488  86 1  0  0 0 0 0 0  00000000
   1.277  4169 2484  87 1  0  0 0 0 0 0  00000000
   1.290  4144 2483  88 1  0  0 0 0 0 0  00000000
   1.303  4143 2483  89 1  0  0 0 0 0 0  00000000
   1.351  4143 2484  89 1  0  0 0 0 0 0  00000000
   1.363  4143 2489  89 1  0  0 0 0 0 0  00000000
   1.376  4143 2490  88 1  0  0 0 0 0 0  00000000
   1.388  4143 2491  89 1  0  0 0 0 0 0  00000000
   1.401  4143 2492  89 1  0  0 0 0 0 0  00000000
   1.412  4143 2493  88 1  0  0 0 0 0 0  00000000
   1.451  4143 2493  89 1  0  0 0 0 0 0  00000000
   1.574  4144 2493  87 1  0  0 0 0 0 0  00000000
   1.587  4144 2493  88 1  0  0 0 0 0 0  00000000
   1.600  4144 2493  89 1  0  0 0 0 0 0  00000000
   1.612  4144 2493  88 1  0  0 0 0 0 0  00000000
   1.625  4145 2491  87 1  0  0 0 0 0 0  00000000
   1.637  4146 2486  85 1  0  0 0 0 0 0  00000000
   1.649  4166 2481  77 1  0  0 0 0 0 0  00000000
   1.661  4196 2505  60 1  0  0 0 0 0 0  00000000
   1.672  4196 2505   0 0  0  0 0 0 0 0  00000000
   1.786  4505 2355  70 1  0  0 0 0 0 0  00000000
   1.796  4461 2353  83 1  0  0 0 0 0 0  00000000
   1.809  4461 2348  84 1  0  0 0 0 0 0  00000000
   1.822  4461 2346  84 1  0  0 0 0 0 0  00000000
   1.835  4461 2345  85 1  0  0 0 0 0 0  00000000
   1.848  4455 2345  86 1  0  0 0 0 0 0  00000000
   1.859  4453 2345  83 1  0  0 0 0 0 0  00000000
   1.884  4451 2345  83 1  0  0 0 0 0 0  00000000
   1.909  4450 2345  83 1  0  0 0 0 0 0  00000000
   1.933  4450 2346  83 1  0  0 0 0 0 0  00000000
   1.946  4451 2347  84 1  0  0 0 0 0 0  00000000
   1.959  4452 2347  84 1  0  0 0 0 0 0  00000000
   1.971  4453 2347  84 1  0  0 0 0 0 0  00000000
   1.983  4453 2347  85 1  0  0 0 0 0 0  00000000
   1.997  4454 2347  84 1  0  0 0 0 0 0  00000000
   2.021  4454 2347  83 1  0  0 0 0 0 0  00000000
   2.033  4454 2347  82 1  0  0 0 0 0 0  00000000
   2.046  4454 2329  77 1  0  0 0 0 0 0  00000000
   2.058  4454 2354  59 1  0  0 0 0 0 0  00000000
   2.070  4454 2354   0 0  0  0 0 0 0 0  00000000
   2.170  4396 2325  85 1  0  0 0 0 0 0  00000000
   2.182  4416 2293  82 1  0  0 0 0 0 0  00000000
   2.208  4415 2293  81 1  0  0 0 0 0 0  00000000
   2.220  4350 2310  74 1  0  0 0 0 0 0  00000000
   2.232  4186 2430  44 1  0  0 0 0 0 0  00000000
   2.243  4186 2430   0 0  0  0 0 0 0 0  00000000
   2.330  4213 2430  77 1  0  0 0 0 0 0  00000000
   2.344  4213 2410  77 1  0  0 0 0 0 0  00000000
   2.356  4213 2408  77 1  0  0 0 0 0 0  00000000
   2.370  4213 2406  77 1  0  0 0 0 0 0  00000000
   2.393  4213 2406  76 1  0  0 0 0 0 0  00000000
   2.406  4217 2406  77 1  0  0 0 0 0 0  00000000
   2.418  4218 2404  76 1  0  0 0 0 0 0  00000000
   2.431  4219 2404  76 1  0  0 0 0 0 0  00000000
   2.443  4219 2404  77 1  0  0 0 0 0 0  00000000
   2.492  4219 2404  78 1  0  0 0 0 0 0  00000000
   2.530  4218 2404  77 1  0  0 0 0 0 0  00000000
   2.542  4216 2404  78 1  0  0 0 0 0 0  00000000
   2.555  4214 2404  79 1  0  0 0 0 0 0  00000000
   2.567  4214 2404  78 1  0  0 0 0 0 0  00000000
   2.592  4214 2405  78 1  0  0 0 0 0 0  00000000
   2.605  4214 2406  78 1  0  0 0 0 0 0  00000000
   2.616  4214 2407  79 1  0  0 0 0 0 0  00000000
   2.629  4212 2411  79 1  0  0 0 0 0 0  00000000
   2.641  4212 2412  80 1  0  0 0 0 0 0  00000000
   2.654  4212 2418  81 1  0  0 0 0 0 0  00000000
   2.666  4212 2419  80 1  0  0 0 0 0 0  00000000
   2.679  4212 2425  80 1  0  0 0 0 0 0  00000000
   2.691  4211 2426  79 1  0  0 0 0 0 0  00000000
   2.704  4211 2427  78 1  0  0 0 0 0 0  00000000
   2.716  4211 2428  73 1  0  0 0 0 0 0  00000000
   2.728  4251 2464  56 1  0  0 0 0 0 0  00000000
   2.739  4251 2464   0 0  0  0 0 0 0 0  00000000
   2.840  4398 2266  76 1  0  0 0 0 0 0  00000000
   2.864  4398 2264  76 1  0  0 0 0 0 0  00000000
   2.877  4398 2262  77 1  0  0 0 0 0 0  00000000
   2.889  4398 2261  77 1  0  0 0 0 0 0  00000000
   2.901  4398 2261  78 1  0  0 0 0 0 0  00000000
   2.914  4397 2261  77 1  0  0 0 0 0 0  00000000
   2.927  4392 2261  79 1  0  0 0 0 0 0  00000000
   2.939  4392 2259  76 1  0  0 0 0 0 0  00000000
   2.964  4392 2259  77 1  0  0 0 0 0 0  00000000
   3.039  4392 2259  78 1  0  0 0 0 0 0  00000000
   3.051  4392 2259  77 1  0  0 0 0 0 0  00000000
   3.062  4384 2259  79 1  0  0 0 0 0 0  00000000
   3.075  4384 2239  73 1  0  0 0 0 0 0  00000000
   3.088  4384 2239  68 1  0  0 0 0 0 0  00000000
   3.100  4382 2289  54 1  0  0 0 0 0 0  00000000
   3.112  4382 2289   0 0  0  0 0 0 0 0  00000000
   3.199  4414 2266  52 1  0  0 0 0 0 0  00000000
   3.212  4381 2266  75 1  0  0 0 0 0 0  00000000
   3.224  4381 2266  76 1  0  0 0 0 0 0  00000000
   3.238  4379 2266  76 1  0  0 0 0 0 0  00000000
   3.250  4377 2248  74 1  0  0 0 0 0 0  00000000
   3.262  4349 2248  71 1  0  0 0 0 0 0  00000000
   3.286  4349 2248   0 0  0  0 0 0 0 0  00000000
   3.349  4349 2266  76 1  0  0 0 0 0 0  00000000
   3.361  4372 2241  73 1  0  0 0 0 0 0  00000000
   3.374  4372 2241  74 1  0  0 0 0 0 0  00000000
   3.398  4349 2242  77 1  0  0 0 0 0 0  00000000
   3.410  4349 2243  77 1  0  0 0 0 0 0  00000000
   3.423  4349 2244  76 1  0  0 0 0 0 0  00000000
   3.435  4349 2245  76 1  0  0 0 0 0 0  00000000
   3.448  4349 2246  76 1  0  0 0 0 0 0  00000000
   3.460  4350 2247  76 1  0  0 0 0 0 0  00000000
   3.472  4354 2251  77 1  0  0 0 0 0 0  00000000
   3.486  4355 2252  76 1  0  0 0 0 0 0  00000000
   3.498  4355 2253  76 1  0  0 0 0 0 0  00000000
   3.511  4355 2253  77 1  0  0 0 0 0 0  00000000
   3.523  4355 2257  77 1  0  0 0 0 0 0  00000000
   3.536  4355 2258  78 1  0  0 0 0 0 0  00000000
   3.547  4355 2259  78 1  0  0 0 0 0 0  00000000
   3.560  4355 2260  78 1  0  0 0 0 0 0  00000000
   3.585  4355 2260  77 1  0  0 0 0 0 0  00000000
   3.597  4355 2260  78 1  0  0 0 0 0 0  00000000
   3.609  4355 2261  78 1  0  0 0 0 0 0  00000000
   3.621  4355 2262  78 1  0  0 0 0 0 0  00000000
   3.647  4355 2263  79 1  0  0 0 0 0 0  00000000
   3.671  4355 2267  79 1  0  0 0 0 0 0  00000000
   3.684  4355 2268  79 1  0  0 0 0 0 0  00000000
   3.695  4355 2269  79 1  0  0 0 0 0 0  00000000
   3.708  4355 2270  79 1  0  0 0 0 0 0  00000000
   3.746  4355 2271  78 1  0  0 0 0 0 0  00000000
   3.755  4355 2272  78 1  0  0 0 0 0 0  00000000
   3.770  4356 2273  81 1  0  0 0 0 0 0  00000000
   3.782  4357 2273  79 1  0  0 0 0 0 0  00000000
   3.795  4357 2274  79 1  0  0 0 0 0 0  00000000
   3.820  4357 2274  78 1  0  0 0 0 0 0  00000000
   3.832  4357 2274  79 1  0  0 0 0 0 0  00000000
   3.894  4357 2274  78 1  0  0 0 0 0 0  00000000
   3.918  4357 2274  79 1  0  0 0 0 0 0  00000000
   3.931  4358 2274  79 1  0  0 0 0 0 0  00000000
   3.944  4359 2274  78 1  0  0 0 0 0 0  00000000
   3.969  4359 2274  79 1  0  0 0 0 0 0  00000000
   3.981  4359 2274  78 1  0  0 0 0 0 0  00000000
   3.994  4359 2274  79 1  0  0 0 0 0 0  00000000
   4.026  4359 2274  78 1  0  0 0 0 0 0  00000000
   4.044  4359 2274  77 1  0  0 0 0 0 0  00000000
   4.057  4359 2274  78 1  0  0 0 0 0 0  00000000
   4.069  4360 2272  78 1  0  0 0 0 0 0  00000000
   4.094  4360 2272  77 1  0  0 0 0 0 0  00000000
   4.106  4360 2272  78 1  0  0 0 0 0 0  00000000
   4.130  4360 2272  77 1  0  0 0 0 0 0  00000000
   4.142  4361 2272  77 1  0  0 0 0 0 0  00000000
   4.155  4362 2272  78 1  0  0 0 0 0 0  00000000
   4.167  4367 2272  79 1  0  0 0 0 0 0  00000000
   4.180  4367 2272  78 1  0  0 0 0 0 0  00000000
   4.193  4367 2273  78 1  0  0 0 0 0 0  00000000
   4.205  4367 2273  79 1  0  0 0 0 0 0  00000000
   4.217  4368 2273  80 1  0  0 0 0 0 0  00000000
   4.227  4369 2273  80 1  0  0 0 0 0 0  00000000
   4.241  4369 2274  80 1  0  0 0 0 0 0  00000000
   4.256  4369 2275  79 1  0  0 0 0 0 0  00000000
   4.267  4369 2276  78 1  0  0 0 0 0 0  00000000
   4.279  4369 2276  79 1  0  0 0 0 0 0  00000000
   4.292  4367 2276  79 1  0  0 0 0 0 0  00000000
   4.330  4367 2276  77 1  0  0 0 0 0 0  00000000
   4.341  4367 2276  78 1  0  0 0 0 0 0  00000000
   4.354  4367 2275  77 1  0  0 0 0 0 0  00000000
   4.366  4367 2275  78 1  0  0 0 0 0 0  00000000
   4.378  4385 2275  75 1  0  0 0 0 0 0  00000000
   4.390  4367 2274  77 1  0  0 0 0 0 0  00000000
   4.404  4367 2273  78 1  0  0 0 0 0 0  00000000
   4.416  4368 2273  79 1  0  0 0 0 0 0  00000000
   4.429  4368 2271  77 1  0  0 0 0 0 0  00000000
   4.441  4368 2271  76 1  0  0 0 0 0 0  00000000
   4.454  4369 2247  73 1  0  0 0 0 0 0  00000000
   4.465  4401 2247  67 1  0  0 0 0 0 0  00000000
   4.478  4449 2271  54 1  0  0 0 0 0 0  00000000
   4.489  4449 2271   0 0  0  0 0 0 0 0  00000000
