time	 y	 z	 f	 w	 l	 r	 u	 d	 m	 multi
   0.000  4132 2945   0 0  0  0 0 0 0 0  00000000
   0.816  4260 2805  86 1  0  0 0 0 0 0  00000000
   0.841  4242 2801  86 1  0  0 0 0 0 0  00000000
   0.853  4242 2795  79 1  0  0 0 0 0 0  00000000
   0.867  4225 2791  67 1  0  0 0 0 0 0  00000000
   0.879  4195 2816  40 1  0  0 0 0 0 0  00000000
   0.891  4195 2816   0 0  0  0 0 0 0 0  00000000
   0.953  4282 2762  49 1  0  0 0 0 0 0  00000000
   0.965  4280 2762  85 1  0  0 0 0 0 0  00000000
   0.977  4278 2762  88 1  0  0 0 0 0 0  00000000
   0.990  4277 2734  88 1  0  0 0 0 0 0  00000000
   1.003  4275 2732  84 1  0  0 0 0 0 0  00000000
   1.015  4275 2731  76 1  0  0 0 0 0 0  00000000
   1.027  4275 2800  55 1  0  0 0 0 0 0  00000000
   1.038  4275 2800   0 0  0  0 0 0 0 0  00000000
   1.102  4322 2766  64 1  0  0 0 0 0 0  00000000
   1.115  4294 2722  83 1  0  0 0 0 0 0  00000000
   1.127  4292 2721  86 1  0  0 0 0 0 0  00000000
   1.139  4290 2719  86 1  0  0 0 0 0 0  00000000
   1.152  4288 2719  84 1  0  0 0 0 0 0  00000000
   1.163  4284 2719  79 1  0  0 0 0 0 0  00000000
   1.176  4282 2738  70 1  0  0 0 0 0 0  00000000
   1.189  4282 2810  54 1  0  0 0 0 0 0  00000000
   1.200  4282 2810   0 0  0  0 0 0 0 0  00000000
   1.400  4277 2957  42 1  0  0 0 0 0 0  00000000
   1.412  4212 2857  84 1  0  0 0 0 0 0  00000000
   1.425  4212 2820  88 1  0  0 0 0 0 0  00000000
   1.449  4212 2820  86 1  0  0 0 0 0 0  00000000
   1.461  4210 2816  80 1  0  0 0 0 0 0  00000000
   1.475  4208 2816  70 1  0  0 0 0 0 0  00000000
   1.487  4186 2858  46 1  0  0 0 0 0 0  00000000
   1.497  4186 2858   0 0  0  0 0 0 0 0  00000000
   1.698  4342 2826  79 1  0  0 0 0 0 0  00000000
   1.710  4342 2801  81 1  0  0 0 0 0 0  00000000
   1.722  4340 2801  83 1  0  0 0 0 0 0  00000000
   1.735  4338 2802  81 1  0  0 0 0 0 0  00000000
   1.748  4333 2803  76 1  0  0 0 0 0 0  00000000
   1.760  4310 2830  65 1  0  0 0 0 0 0  00000000
   1.771  4277 2831  45 1  0  0 0 0 0 0  00000000
   1.783  4277 2831   0 0  0  0 0 0 0 0  00000000
   1.958  4218 2914  79 1  0  0 0 0 0 0  00000000
   1.982  4218 2850  83 1  0  0 0 0 0 0  00000000
   2.008  4218 2850  79 1  0  0 0 0 0 0  00000000
   2.021  4214 2850  71 1  0  0 0 0 0 0  00000000
   2.033  4157 2887  49 1  0  0 0 0 0 0  00000000
   2.044  4157 2887   0 0  0  0 0 0 0 0  00000000
   2.281  4331 2887  83 1  0  0 0 0 0 0  00000000
   2.293  4331 2835  87 1  0  0 0 0 0 0  00000000
   2.305  4326 2833  88 1  0  0 0 0 0 0  00000000
   2.318  4322 2833  89 1  0  0 0 0 0 0  00000000
   2.331  4317 2833  89 1  0  0 0 0 0 0  00000000
   2.343  4316 2831  89 1  0  0 0 0 0 0  00000000
   2.355  4316 2831  88 1  0  0 0 0 0 0  00000000
   2.379  4316 2831  87 1  0  0 0 0 0 0  00000000
   2.429  4317 2831  87 1  0  0 0 0 0 0  00000000
   2.442  4318 2831  87 1  0  0 0 0 0 0  00000000
   2.455  4319 2831  87 1  0  0 0 0 0 0  00000000
   2.467  4320 2829  87 1  0  0 0 0 0 0  00000000
   2.480  4321 2825  88 1  0  0 0 0 0 0  00000000
   2.491  4345 2824  90 1  0  0 0 0 0 0  00000000
   2.504  4341 2824  87 1  0  0 0 0 0 0  00000000
   2.515  4340 2824  88 1  0  0 0 0 0 0  00000000
   2.529  4338 2824  87 1  0  0 0 0 0 0  00000000
   2.541  4336 2824  87 1  0  0 0 0 0 0  00000000
   2.553  4336 2824  85 1  0  0 0 0 0 0  00000000
   2.566  4335 2824  83 1  0  0 0 0 0 0  00000000
   2.578  4335 2797  77 1  0  0 0 0 0 0  00000000
   2.591  4354 2818  67 1  0  0 0 0 0 0  00000000
   2.603  4381 2835  51 1  0  0 0 0 0 0  00000000
   2.615  4381 2835   0 0  0  0 0 0 0 0  00000000
   2.864  4465 2867  79 1  0  0 0 0 0 0  00000000
   2.876  4441 2831  85 1  0  0 0 0 0 0  00000000
   2.889  4425 2830  89 1  0  0 0 0 0 0  00000000
   2.901  4423 2830  88 1  0  0 0 0 0 0  00000000
   2.914  4421 2830  87 1  0  0 0 0 0 0  00000000
   2.926  4419 2830  83 1  0  0 0 0 0 0  00000000
   2.938  4376 2828  72 1  0  0 0 0 0 0  00000000
   2.951  4349 2867  57 1  0  0 0 0 0 0  00000000
   2.963  4349 2867   0 0  0  0 0 0 0 0  00000000
   3.174  4479 2804  85 1  0  0 0 0 0 0  00000000
   3.187  4479 2802  87 1  0  0 0 0 0 0  00000000
   3.200  4477 2800  85 1  0  0 0 0 0 0  00000000
   3.210  4475 2798  83 1  0  0 0 0 0 0  00000000
   3.224  4453 2815  74 1  0  0 0 0 0 0  00000000
   3.236  4409 2835  56 1  0  0 0 0 0 0  00000000
   3.247  4409 2835   0 0  0  0 0 0 0 0  00000000
   3.446  4575 2860  55 1  0  0 0 0 0 0  00000000
   3.459  4515 2844  82 1  0  0 0 0 0 0  00000000
   3.471  4515 2809  86 1  0  0 0 0 0 0  00000000
   3.483  4513 2807  87 1  0  0 0 0 0 0  00000000
   3.498  4507 2807  88 1  0  0 0 0 0 0  00000000
   3.509  4505 2806  86 1  0  0 0 0 0 0  00000000
   3.521  4503 2806  86 1  0  0 0 0 0 0  00000000
   3.534  4503 2801  85 1  0  0 0 0 0 0  00000000
   3.546  4503 2799  84 1  0  0 0 0 0 0  00000000
   3.558  4503 2799  83 1  0  0 0 0 0 0  00000000
   3.571  4504 2799  83 1  0  0 0 0 0 0  00000000
   3.584  4505 2799  83 1  0  0 0 0 0 0  00000000
   3.596  4506 2799  82 1  0  0 0 0 0 0  00000000
   3.609  4507 2799  83 1  0  0 0 0 0 0  00000000
   3.621  4508 2799  83 1  0  0 0 0 0 0  00000000
   3.633  4509 2799  84 1  0  0 0 0 0 0  00000000
   3.646  4510 2799  85 1  0  0 0 0 0 0  00000000
   3.657  4510 2799  84 1  0  0 0 0 0 0  00000000
   3.670  4511 2799  85 1  0  0 0 0 0 0  00000000
   3.682  4511 2799  84 1  0  0 0 0 0 0  00000000
   3.696  4511 2816  85 1  0  0 0 0 0 0  00000000
   3.707  4511 2814  85 1  0  0 0 0 0 0  00000000
   3.721  4511 2812  85 1  0  0 0 0 0 0  00000000
   3.732  4511 2812  84 1  0  0 0 0 0 0  00000000
   3.756  4511 2810  83 1  0  0 0 0 0 0  00000000
   3.769  4511 2805  79 1  0  0 0 0 0 0  00000000
   3.782  4511 2805  69 1  0  0 0 0 0 0  00000000
   3.793  4488 2837  41 1  0  0 0 0 0 0  00000000
   3.805  4488 2837   0 0  0  0 0 0 0 0  00000000
   3.919  4560 2838  83 1  0  0 0 0 0 0  00000000
   3.930  4560 2816  84 1  0  0 0 0 0 0  00000000
   3.955  4560 2816  82 1  0  0 0 0 0 0  00000000
   3.968  4558 2791  72 1  0  0 0 0 0 0  00000000
   3.981  4515 2824  46 1  0  0 0 0 0 0  00000000
   3.992  4515 2824   0 0  0  0 0 0 0 0  00000000
   4.055  4621 2735  79 1  0  0 0 0 0 0  00000000
   4.066  4621 2709  82 1  0  0 0 0 0 0  00000000
   4.080  4621 2709  84 1  0  0 0 0 0 0  00000000
   4.093  4617 2707  84 1  0  0 0 0 0 0  00000000
   4.105  4615 2706  83 1  0  0 0 0 0 0  00000000
   4.117  4614 2704  80 1  0  0 0 0 0 0  00000000
   4.129  4612 2704  73 1  0  0 0 0 0 0  00000000
   4.142  4589 2747  62 1  0  0 0 0 0 0  00000000
   4.154  4589 2747   0 0  0  0 0 0 0 0  00000000
   4.341  4636 2745  80 1  0  0 0 0 0 0  00000000
   4.352  4636 2702  82 1  0  0 0 0 0 0  00000000
   4.365  4636 2702  83 1  0  0 0 0 0 0  00000000
   4.378  4634 2702  79 1  0  0 0 0 0 0  00000000
   4.390  4581 2751  58 1  0  0 0 0 0 0  00000000
   4.401  4581 2751   0 0  0  0 0 0 0 0  00000000
   4.625  4512 2933  56 1  0  0 0 0 0 0  00000000
   4.637  4461 2843  83 1  0  0 0 0 0 0  00000000
   4.650  4461 2789  86 1  0  0 0 0 0 0  00000000
   4.663  4461 2767  89 1  0  0 0 0 0 0  00000000
   4.675  4459 2767  88 1  0  0 0 0 0 0  00000000
   4.688  4454 2765  88 1  0  0 0 0 0 0  00000000
   4.701  4449 2765  88 1  0  0 0 0 0 0  00000000
   4.712  4447 2763  87 1  0  0 0 0 0 0  00000000
   4.725  4447 2762  86 1  0  0 0 0 0 0  00000000
   4.737  4447 2761  85 1  0  0 0 0 0 0  00000000
   4.750  4448 2761  83 1  0  0 0 0 0 0  00000000
   4.762  4453 2761  82 1  0  0 0 0 0 0  00000000
   4.775  4454 2761  81 1  0  0 0 0 0 0  00000000
   4.786  4455 2761  82 1  0  0 0 0 0 0  00000000
   4.800  4460 2761  82 1  0  0 0 0 0 0  00000000
   4.812  4465 2761  82 1  0  0 0 0 0 0  00000000
   4.825  4466 2761  83 1  0  0 0 0 0 0  00000000
   4.836  4467 2765  84 1  0  0 0 0 0 0  00000000
   4.849  4468 2766  84 1  0  0 0 0 0 0  00000000
   4.862  4469 2767  84 1  0  0 0 0 0 0  00000000
   4.874  4469 2768  84 1  0  0 0 0 0 0  00000000
   4.887  4469 2769  84 1  0  0 0 0 0 0  00000000
   4.899  4469 2770  83 1  0  0 0 0 0 0  00000000
   4.912  4469 2770  84 1  0  0 0 0 0 0  00000000
   4.924  4469 2770  85 1  0  0 0 0 0 0  00000000
   4.936  4469 2770  83 1  0  0 0 0 0 0  00000000
   4.949  4469 2770  84 1  0  0 0 0 0 0  00000000
   4.962  4469 2770  85 1  0  0 0 0 0 0  00000000
   4.974  4469 2770  84 1  0  0 0 0 0 0  00000000
   4.998  4470 2770  83 1  0  0 0 0 0 0  00000000
   5.023  4470 2770  84 1  0  0 0 0 0 0  00000000
   5.034  4471 2770  83 1  0  0 0 0 0 0  00000000
   5.060  4471 2770  84 1  0  0 0 0 0 0  00000000
   5.085  4471 2769  84 1  0  0 0 0 0 0  00000000
   5.122  4471 2769  85 1  0  0 0 0 0 0  00000000
   5.147  4471 2769  83 1  0  0 0 0 0 0  00000000
   5.159  4471 2768  85 1  0  0 0 0 0 0  00000000
   5.172  4471 2764  85 1  0  0 0 0 0 0  00000000
   5.184  4471 2762  84 1  0  0 0 0 0 0  00000000
   5.196  4471 2758  84 1  0  0 0 0 0 0  00000000
   5.209  4471 2752  83 1  0  0 0 0 0 0  00000000
   5.221  4471 2747  82 1  0  0 0 0 0 0  00000000
   5.234  4471 2723  81 1  0  0 0 0 0 0  00000000
   5.246  4472 2721  78 1  0  0 0 0 0 0  00000000
   5.259  4511 2716  74 1  0  0 0 0 0 0  00000000
   5.271  4575 2710  66 1  0  0 0 0 0 0  00000000
   5.283  4643 2732  45 1  0  0 0 0 0 0  00000000
   5.295  4643 2732   0 0  0  0 0 0 0 0  00000000
