time	 y	 z	 f	 w	 l	 r	 u	 d	 m	 multi
   0.000  4105 3032   0 0  0  0 0 0 0 0  00000000
   1.081  3862 2886  93 1  0  0 0 0 0 0  00000000
   1.107  3844 2857  79 1  0  0 0 0 0 0  00000000
   1.119  3814 2838  58 1  0  0 0 0 0 0  00000000
   1.131  3814 2838   0 0  0  0 0 0 0 0  00000000
   1.231  3985 2838  79 1  0  0 0 0 0 0  00000000
   1.244  3983 2839  87 1  0  0 0 0 0 0  00000000
   1.256  3981 2840  91 1  0  0 0 0 0 0  00000000
   1.269  3980 2841  88 1  0  0 0 0 0 0  00000000
   1.281  3978 2822  83 1  0  0 0 0 0 0  00000000
   1.293  3956 2822  72 1  0  0 0 0 0 0  00000000
   1.306  3956 2849  56 1  0  0 0 0 0 0  00000000
   1.318  3956 2849   0 0  0  0 0 0 0 0  00000000
   1.529  3956 2924  78 1  0  0 0 0 0 0  00000000
   1.541  3939 2924  87 1  0  0 0 0 0 0  00000000
   1.554  3939 2924  92 1  0  0 0 0 0 0  00000000
   1.567  3939 2925  91 1  0  0 0 0 0 0  00000000
   1.579  3937 2925  89 1  0  0 0 0 0 0  00000000
   1.591  3935 2924  85 1  0  0 0 0 0 0  00000000
   1.600  3933 2922  85 1  0  0 0 0 0 0  00000000
   1.615  3894 2920  65 1  0  0 0 0 0 0  00000000
   1.628  3831 2952  43 1  0  0 0 0 0 0  00000000
   1.639  3831 2952   0 0  0  0 0 0 0 0  00000000
   1.814  3729 3055  76 1  0  0 0 0 0 0  00000000
   1.827  3713 3039  85 1  0  0 0 0 0 0  00000000
   1.839  3713 3040  90 1  0  0 0 0 0 0  00000000
   1.852  3712 3041  89 1  0  0 0 0 0 0  00000000
   1.865  3712 3041  86 1  0  0 0 0 0 0  00000000
   1.876  3710 3039  80 1  0  0 0 0 0 0  00000000
   1.889  3710 3038  70 1  0  0 0 0 0 0  00000000
   1.900  3742 3038  48 1  0  0 0 0 0 0  00000000
   1.912  3742 3038   0 0  0  0 0 0 0 0  00000000
   2.087  4055 2932  66 1  0  0 0 0 0 0  00000000
   2.100  4037 2911  75 1  0  0 0 0 0 0  00000000
   2.112  4038 2911  79 1  0  0 0 0 0 0  00000000
   2.123  4038 2928  75 1  0  0 0 0 0 0  00000000
   2.137  4038 2928  69 1  0  0 0 0 0 0  00000000
   2.149  3988 2928  53 1  0  0 0 0 0 0  00000000
   2.161  3988 2928   0 0  0  0 0 0 0 0  00000000
   2.347  3525 3191  90 1  0  0 0 0 0 0  00000000
   2.360  3525 3160  93 1  0  0 0 0 0 0  00000000
   2.372  3523 3160  95 1  0  0 0 0 0 0  00000000
   2.385  3521 3158  96 1  0  0 0 0 0 0  00000000
   2.397  3519 3157  94 1  0  0 0 0 0 0  00000000
   2.410  3517 3155  93 1  0  0 0 0 0 0  00000000
   2.422  3516 3150  92 1  0  0 0 0 0 0  00000000
   2.435  3497 3119  87 1  0  0 0 0 0 0  00000000
   2.446  3497 3119  85 1  0  0 0 0 0 0  00000000
   2.459  3516 3119  77 1  0  0 0 0 0 0  00000000
   2.472  3514 3119  65 1  0  0 0 0 0 0  00000000
   2.484  3514 3166  46 1  0  0 0 0 0 0  00000000
   2.496  3514 3166   0 0  0  0 0 0 0 0  00000000
   2.621  4005 3027  84 1  0  0 0 0 0 0  00000000
   2.634  4005 3008  87 1  0  0 0 0 0 0  00000000
   2.646  3987 3006  89 1  0  0 0 0 0 0  00000000
   2.658  3987 3005  89 1  0  0 0 0 0 0  00000000
   2.671  3987 3003  86 1  0  0 0 0 0 0  00000000
   2.682  3987 2998  83 1  0  0 0 0 0 0  00000000
   2.695  3987 2976  75 1  0  0 0 0 0 0  00000000
   2.707  3988 2977  58 1  0  0 0 0 0 0  00000000
   2.720  3988 2977   0 0  0  0 0 0 0 0  00000000
   2.870  4442 2978  60 1  0  0 0 0 0 0  00000000
   2.881  4440 2979  76 1  0  0 0 0 0 0  00000000
   2.894  4403 2979  77 1  0  0 0 0 0 0  00000000
   2.905  4403 2977  77 1  0  0 0 0 0 0  00000000
   2.918  4401 2975  75 1  0  0 0 0 0 0  00000000
   2.931  4401 2973  69 1  0  0 0 0 0 0  00000000
   2.943  4401 2995  56 1  0  0 0 0 0 0  00000000
   2.955  4401 2995   0 0  0  0 0 0 0 0  00000000
   3.242  4300 3061  71 1  0  0 0 0 0 0  00000000
   3.253  4280 3033  82 1  0  0 0 0 0 0  00000000
   3.266  4258 3031  86 1  0  0 0 0 0 0  00000000
   3.279  4258 3029  87 1  0  0 0 0 0 0  00000000
   3.291  4258 3028  85 1  0  0 0 0 0 0  00000000
   3.303  4258 3028  84 1  0  0 0 0 0 0  00000000
   3.316  4258 3002  77 1  0  0 0 0 0 0  00000000
   3.328  4258 3003  55 1  0  0 0 0 0 0  00000000
   3.338  4258 3003   0 0  0  0 0 0 0 0  00000000
   3.440  4345 3004  51 1  0  0 0 0 0 0  00000000
   3.452  4268 2998  85 1  0  0 0 0 0 0  00000000
   3.464  4268 2992  86 1  0  0 0 0 0 0  00000000
   3.476  4268 2990  87 1  0  0 0 0 0 0  00000000
   3.490  4268 2985  86 1  0  0 0 0 0 0  00000000
   3.502  4268 2979  84 1  0  0 0 0 0 0  00000000
   3.515  4268 2977  81 1  0  0 0 0 0 0  00000000
   3.527  4268 2977  79 1  0  0 0 0 0 0  00000000
   3.539  4275 2981  77 1  0  0 0 0 0 0  00000000
   3.552  4279 2982  74 1  0  0 0 0 0 0  00000000
   3.563  4304 2988  71 1  0  0 0 0 0 0  00000000
   3.576  4343 2989  61 1  0  0 0 0 0 0  00000000
   3.588  4343 2989   0 0  0  0 0 0 0 0  00000000
   3.738  4365 2943  76 1  0  0 0 0 0 0  00000000
   3.750  4363 2900  80 1  0  0 0 0 0 0  00000000
   3.763  4334 2900  84 1  0  0 0 0 0 0  00000000
   3.775  4334 2878  84 1  0  0 0 0 0 0  00000000
   3.800  4334 2878  83 1  0  0 0 0 0 0  00000000
   3.812  4334 2878  80 1  0  0 0 0 0 0  00000000
   3.825  4335 2878  74 1  0  0 0 0 0 0  00000000
   3.837  4335 2882  63 1  0  0 0 0 0 0  00000000
   3.849  4334 2919  40 1  0  0 0 0 0 0  00000000
   3.860  4334 2919   0 0  0  0 0 0 0 0  00000000
   3.998  4291 2940  47 1  0  0 0 0 0 0  00000000
   4.010  4244 2940  83 1  0  0 0 0 0 0  00000000
   4.023  4228 2917  87 1  0  0 0 0 0 0  00000000
   4.035  4226 2917  89 1  0  0 0 0 0 0  00000000
   4.048  4225 2916  88 1  0  0 0 0 0 0  00000000
   4.060  4224 2916  88 1  0  0 0 0 0 0  00000000
   4.073  4224 2912  86 1  0  0 0 0 0 0  00000000
   4.086  4224 2907  84 1  0  0 0 0 0 0  00000000
   4.098  4224 2901  79 1  0  0 0 0 0 0  00000000
   4.109  4224 2901  70 1  0  0 0 0 0 0  00000000
   4.122  4199 2920  43 1  0  0 0 0 0 0  00000000
   4.133  4199 2920   0 0  0  0 0 0 0 0  00000000
   4.271  4216 2973  84 1  0  0 0 0 0 0  00000000
   4.283  4216 2931  86 1  0  0 0 0 0 0  00000000
   4.296  4215 2931  87 1  0  0 0 0 0 0  00000000
   4.307  4213 2930  88 1  0  0 0 0 0 0  00000000
   4.320  4213 2930  86 1  0  0 0 0 0 0  00000000
   4.332  4211 2925  85 1  0  0 0 0 0 0  00000000
   4.346  4209 2920  82 1  0  0 0 0 0 0  00000000
   4.358  4207 2920  75 1  0  0 0 0 0 0  00000000
   4.369  4205 2945  61 1  0  0 0 0 0 0  00000000
   4.383  4205 2945   0 0  0  0 0 0 0 0  00000000
   4.557  4063 3016  84 1  0  0 0 0 0 0  00000000
   4.569  4059 2977  87 1  0  0 0 0 0 0  00000000
   4.581  4036 2957  88 1  0  0 0 0 0 0  00000000
   4.594  4036 2978  89 1  0  0 0 0 0 0  00000000
   4.606  4034 2978  89 1  0  0 0 0 0 0  00000000
   4.619  4030 2977  89 1  0  0 0 0 0 0  00000000
   4.631  4028 2958  88 1  0  0 0 0 0 0  00000000
   4.680  4028 2958  89 1  0  0 0 0 0 0  00000000
   4.693  4028 2958  87 1  0  0 0 0 0 0  00000000
   4.706  4028 2958  88 1  0  0 0 0 0 0  00000000
   4.731  4028 2958  89 1  0  0 0 0 0 0  00000000
   4.742  4028 2958  88 1  0  0 0 0 0 0  00000000
   4.755  4028 2959  89 1  0  0 0 0 0 0  00000000
   4.767  4028 2960  89 1  0  0 0 0 0 0  00000000
   4.779  4028 2961  89 1  0  0 0 0 0 0  00000000
   4.793  4028 2962  89 1  0  0 0 0 0 0  00000000
   4.805  4028 2963  90 1  0  0 0 0 0 0  00000000
   4.817  4028 2963  89 1  0  0 0 0 0 0  00000000
   4.830  4028 2964  89 1  0  0 0 0 0 0  00000000
   4.855  4028 2965  89 1  0  0 0 0 0 0  00000000
   4.891  4029 2965  89 1  0  0 0 0 0 0  00000000
   4.916  4030 2965  89 1  0  0 0 0 0 0  00000000
   4.941  4031 2965  90 1  0  0 0 0 0 0  00000000
   4.954  4031 2964  89 1  0  0 0 0 0 0  00000000
   4.966  4032 2964  89 1  0  0 0 0 0 0  00000000
   4.978  4032 2963  90 1  0  0 0 0 0 0  00000000
   4.990  4032 2963  89 1  0  0 0 0 0 0  00000000
   5.002  4032 2963  90 1  0  0 0 0 0 0  00000000
   5.015  4032 2962  88 1  0  0 0 0 0 0  00000000
   5.028  4057 2968  92 1  0  0 0 0 0 0  00000000
   5.041  4036 2962  89 1  0  0 0 0 0 0  00000000
   5.053  4036 2962  90 1  0  0 0 0 0 0  00000000
   5.091  4036 2963  90 1  0  0 0 0 0 0  00000000
   5.102  4036 2963  89 1  0  0 0 0 0 0  00000000
   5.127  4036 2962  90 1  0  0 0 0 0 0  00000000
   5.164  4036 2962  89 1  0  0 0 0 0 0  00000000
   5.177  4036 2960  89 1  0  0 0 0 0 0  00000000
   5.189  4036 2958  88 1  0  0 0 0 0 0  00000000
   5.202  4036 2958  89 1  0  0 0 0 0 0  00000000
   5.227  4036 2958  90 1  0  0 0 0 0 0  00000000
   5.239  4036 2956  89 1  0  0 0 0 0 0  00000000
   5.251  4036 2950  86 1  0  0 0 0 0 0  00000000
   5.262  4036 2946  86 1  0  0 0 0 0 0  00000000
   5.275  4059 2924  73 1  0  0 0 0 0 0  00000000
   5.288  4077 2991  44 1  0  0 0 0 0 0  00000000
   5.299  4077 2991   0 0  0  0 0 0 0 0  00000000
