time	 y	 z	 f	 w	 l	 r	 u	 d	 m	 multi
   0.000  3860 2809   0 0  0  0 0 0 0 0  00000000
   0.713  3762 3070  80 1  0  0 0 0 0 0  00000000
   0.740  3791 3044  78 1  0  0 0 0 0 0  00000000
   0.751  3856 3069  62 1  0  0 0 0 0 0  00000000
   0.762  3856 3069   0 0  0  0 0 0 0 0  00000000
   0.850  3815 3252  74 1  0  0 0 0 0 0  00000000
   0.863  3793 3155  80 1  0  0 0 0 0 0  00000000
   0.875  3793 3129  81 1  0  0 0 0 0 0  00000000
   0.901  3791 3129  76 1  0  0 0 0 0 0  00000000
   0.912  3769 3171  61 1  0  0 0 0 0 0  00000000
   0.924  3769 3171   0 0  0  0 0 0 0 0  00000000
   0.999  3867 3124  73 1  0  0 0 0 0 0  00000000
   1.011  3887 3076  75 1  0  0 0 0 0 0  00000000
   1.024  3887 3075  75 1  0  0 0 0 0 0  00000000
   1.037  3885 3075  76 1  0  0 0 0 0 0  00000000
   1.049  3864 3082  73 1  0  0 0 0 0 0  00000000
   1.060  3841 3135  66 1  0  0 0 0 0 0  00000000
   1.074  3767 3192  42 1  0  0 0 0 0 0  00000000
   1.084  3767 3192   0 0  0  0 0 0 0 0  00000000
   1.260  3728 3237  74 1  0  0 0 0 0 0  00000000
   1.273  3750 3158  79 1  0  0 0 0 0 0  00000000
   1.284  3751 3124  81 1  0  0 0 0 0 0  00000000
   1.297  3751 3122  79 1  0  0 0 0 0 0  00000000
   1.309  3749 3120  78 1  0  0 0 0 0 0  00000000
   1.322  3748 3120  75 1  0  0 0 0 0 0  00000000
   1.334  3776 3153  64 1  0  0 0 0 0 0  00000000
   1.346  3776 3154  44 1  0  0 0 0 0 0  00000000
   1.358  3776 3154   0 0  0  0 0 0 0 0  00000000
   1.520  3892 3154  75 1  0  0 0 0 0 0  00000000
   1.533  3892 3098  79 1  0  0 0 0 0 0  00000000
   1.545  3892 3073  80 1  0  0 0 0 0 0  00000000
   1.557  3892 3073  78 1  0  0 0 0 0 0  00000000
   1.570  3892 3073  76 1  0  0 0 0 0 0  00000000
   1.583  3892 3073  73 1  0  0 0 0 0 0  00000000
   1.594  3892 3096  66 1  0  0 0 0 0 0  00000000
   1.608  3867 3097  45 1  0  0 0 0 0 0  00000000
   1.619  3867 3097   0 0  0  0 0 0 0 0  00000000
   1.769  3973 3135  76 1  0  0 0 0 0 0  00000000
   1.781  3973 3089  79 1  0  0 0 0 0 0  00000000
   1.794  3973 3087  79 1  0  0 0 0 0 0  00000000
   1.806  3971 3082  78 1  0  0 0 0 0 0  00000000
   1.819  3967 3076  76 1  0  0 0 0 0 0  00000000
   1.831  3966 3097  72 1  0  0 0 0 0 0  00000000
   1.842  3945 3115  60 1  0  0 0 0 0 0  00000000
   1.866  3945 3115   0 0  0  0 0 0 0 0  00000000
   2.066  3945 3207  75 1  0  0 0 0 0 0  00000000
   2.078  3946 3112  77 1  0  0 0 0 0 0  00000000
   2.091  3950 3082  79 1  0  0 0 0 0 0  00000000
   2.104  3951 3082  79 1  0  0 0 0 0 0  00000000
   2.129  3950 3083  79 1  0  0 0 0 0 0  00000000
   2.178  3950 3083  78 1  0  0 0 0 0 0  00000000
   2.191  3950 3081  79 1  0  0 0 0 0 0  00000000
   2.216  3950 3081  78 1  0  0 0 0 0 0  00000000
   2.240  3950 3079  79 1  0  0 0 0 0 0  00000000
   2.253  3950 3077  80 1  0  0 0 0 0 0  00000000
   2.265  3950 3075  79 1  0  0 0 0 0 0  00000000
   2.314  3950 3075  78 1  0  0 0 0 0 0  00000000
   2.326  3950 3075  77 1  0  0 0 0 0 0  00000000
   2.338  3951 3075  75 1  0  0 0 0 0 0  00000000
   2.351  3956 3097  70 1  0  0 0 0 0 0  00000000
   2.364  4026 3130  45 1  0  0 0 0 0 0  00000000
   2.375  4026 3130   0 0  0  0 0 0 0 0  00000000
   2.488  4211 3028  69 1  0  0 0 0 0 0  00000000
   2.501  4194 2934  74 1  0  0 0 0 0 0  00000000
   2.513  4195 2911  76 1  0  0 0 0 0 0  00000000
   2.526  4196 2911  76 1  0  0 0 0 0 0  00000000
   2.539  4197 2912  67 1  0  0 0 0 0 0  00000000
   2.549  4197 2912   0 0  0  0 0 0 0 0  00000000
   2.637  4283 2912  69 1  0  0 0 0 0 0  00000000
   2.650  4281 2878  72 1  0  0 0 0 0 0  00000000
   2.662  4279 2876  73 1  0  0 0 0 0 0  00000000
   2.674  4277 2876  72 1  0  0 0 0 0 0  00000000
   2.687  4271 2876  70 1  0  0 0 0 0 0  00000000
   2.699  4269 2911  61 1  0  0 0 0 0 0  00000000
   2.712  4269 2911   0 0  0  0 0 0 0 0  00000000
   2.897  4268 2951  57 1  0  0 0 0 0 0  00000000
   2.910  4231 2900  74 1  0  0 0 0 0 0  00000000
   2.922  4231 2871  76 1  0  0 0 0 0 0  00000000
   2.947  4229 2892  74 1  0  0 0 0 0 0  00000000
   2.960  4155 2920  58 1  0  0 0 0 0 0  00000000
   2.970  4155 2920   0 0  0  0 0 0 0 0  00000000
   3.171  4213 3039  72 1  0  0 0 0 0 0  00000000
   3.184  4213 2933  75 1  0  0 0 0 0 0  00000000
   3.197  4213 2883  78 1  0  0 0 0 0 0  00000000
   3.233  4211 2857  79 1  0  0 0 0 0 0  00000000
   3.245  4210 2857  80 1  0  0 0 0 0 0  00000000
   3.258  4210 2857  79 1  0  0 0 0 0 0  00000000
   3.269  4208 2858  79 1  0  0 0 0 0 0  00000000
   3.283  4207 2859  79 1  0  0 0 0 0 0  00000000
   3.307  4207 2860  79 1  0  0 0 0 0 0  00000000
   3.319  4207 2861  79 1  0  0 0 0 0 0  00000000
   3.332  4207 2861  78 1  0  0 0 0 0 0  00000000
   3.345  4207 2861  79 1  0  0 0 0 0 0  00000000
   3.369  4207 2861  78 1  0  0 0 0 0 0  00000000
   3.406  4207 2860  78 1  0  0 0 0 0 0  00000000
   3.419  4207 2860  79 1  0  0 0 0 0 0  00000000
   3.431  4207 2860  78 1  0  0 0 0 0 0  00000000
   3.468  4207 2858  76 1  0  0 0 0 0 0  00000000
   3.482  4207 2859  75 1  0  0 0 0 0 0  00000000
   3.493  4207 2885  67 1  0  0 0 0 0 0  00000000
   3.505  4177 2911  40 1  0  0 0 0 0 0  00000000
   3.518  4177 2911   0 0  0  0 0 0 0 0  00000000
   3.617  4175 2927  73 1  0  0 0 0 0 0  00000000
   3.630  4173 2903  77 1  0  0 0 0 0 0  00000000
   3.642  4173 2903  76 1  0  0 0 0 0 0  00000000
   3.655  4171 2898  74 1  0  0 0 0 0 0  00000000
   3.667  4195 2905  67 1  0  0 0 0 0 0  00000000
   3.680  4195 2905   0 0  0  0 0 0 0 0  00000000
   3.753  4296 2865  73 1  0  0 0 0 0 0  00000000
   3.766  4296 2820  75 1  0  0 0 0 0 0  00000000
   3.779  4296 2792  76 1  0  0 0 0 0 0  00000000
   3.792  4296 2793  75 1  0  0 0 0 0 0  00000000
   3.804  4295 2793  75 1  0  0 0 0 0 0  00000000
   3.816  4293 2793  70 1  0  0 0 0 0 0  00000000
   3.828  4320 2837  63 1  0  0 0 0 0 0  00000000
   3.841  4348 2897  44 1  0  0 0 0 0 0  00000000
   3.852  4348 2897   0 0  0  0 0 0 0 0  00000000
   4.026  4348 2866  77 1  0  0 0 0 0 0  00000000
   4.038  4348 2821  78 1  0  0 0 0 0 0  00000000
   4.058  4349 2821  78 1  0  0 0 0 0 0  00000000
   4.076  4348 2844  73 1  0  0 0 0 0 0  00000000
   4.088  4318 2906  54 1  0  0 0 0 0 0  00000000
   4.100  4318 2906   0 0  0  0 0 0 0 0  00000000
   4.337  4125 3055  84 1  0  0 0 0 0 0  00000000
   4.350  4126 2978  88 1  0  0 0 0 0 0  00000000
   4.362  4126 2957  88 1  0  0 0 0 0 0  00000000
   4.375  4130 2955  88 1  0  0 0 0 0 0  00000000
   4.388  4131 2950  86 1  0  0 0 0 0 0  00000000
   4.399  4132 2945  85 1  0  0 0 0 0 0  00000000
   4.411  4132 2944  83 1  0  0 0 0 0 0  00000000
   4.424  4132 2942  83 1  0  0 0 0 0 0  00000000
   4.436  4132 2940  83 1  0  0 0 0 0 0  00000000
   4.449  4137 2940  82 1  0  0 0 0 0 0  00000000
   4.461  4142 2940  83 1  0  0 0 0 0 0  00000000
   4.473  4143 2939  82 1  0  0 0 0 0 0  00000000
   4.486  4144 2939  85 1  0  0 0 0 0 0  00000000
   4.499  4144 2939  84 1  0  0 0 0 0 0  00000000
   4.511  4144 2939  86 1  0  0 0 0 0 0  00000000
   4.536  4144 2940  84 1  0  0 0 0 0 0  00000000
   4.548  4144 2945  86 1  0  0 0 0 0 0  00000000
   4.561  4144 2946  86 1  0  0 0 0 0 0  00000000
   4.574  4144 2947  85 1  0  0 0 0 0 0  00000000
   4.598  4144 2948  86 1  0  0 0 0 0 0  00000000
   4.611  4144 2948  85 1  0  0 0 0 0 0  00000000
   4.673  4144 2948  86 1  0  0 0 0 0 0  00000000
   4.685  4144 2948  85 1  0  0 0 0 0 0  00000000
   4.697  4144 2948  86 1  0  0 0 0 0 0  00000000
   4.710  4144 2948  85 1  0  0 0 0 0 0  00000000
   4.722  4144 2948  86 1  0  0 0 0 0 0  00000000
   4.759  4145 2948  87 1  0  0 0 0 0 0  00000000
   4.771  4146 2948  87 1  0  0 0 0 0 0  00000000
   4.784  4146 2948  86 1  0  0 0 0 0 0  00000000
   4.834  4146 2948  87 1  0  0 0 0 0 0  00000000
   4.846  4146 2946  87 1  0  0 0 0 0 0  00000000
   4.858  4146 2944  86 1  0  0 0 0 0 0  00000000
   4.883  4147 2944  85 1  0  0 0 0 0 0  00000000
   4.896  4147 2943  87 1  0  0 0 0 0 0  00000000
   4.908  4147 2943  86 1  0  0 0 0 0 0  00000000
   4.921  4148 2943  85 1  0  0 0 0 0 0  00000000
   4.933  4148 2943  86 1  0  0 0 0 0 0  00000000
   4.945  4148 2941  86 1  0  0 0 0 0 0  00000000
   4.970  4148 2941  87 1  0  0 0 0 0 0  00000000
   4.983  4148 2940  87 1  0  0 0 0 0 0  00000000
   4.995  4148 2938  86 1  0  0 0 0 0 0  00000000
   5.008  4149 2938  87 1  0  0 0 0 0 0  00000000
   5.021  4149 2938  86 1  0  0 0 0 0 0  00000000
   5.033  4150 2938  85 1  0  0 0 0 0 0  00000000
   5.046  4151 2937  86 1  0  0 0 0 0 0  00000000
   5.057  4151 2937  85 1  0  0 0 0 0 0  00000000
   5.069  4151 2937  83 1  0  0 0 0 0 0  00000000
   5.082  4151 2982  75 1  0  0 0 0 0 0  00000000
   5.095  4151 2982   0 0  0  0 0 0 0 0  00000000
