time	 y	 z	 f	 w	 l	 r	 u	 d	 m	 multi
   0.000  2393 3304   0 0  0  0 0 0 0 0  00000000
   0.943  2478 3658  78 1  0  0 0 0 0 0  00000000
   0.962  2478 3659  80 1  0  0 0 0 0 0  00000000
   0.973  2478 3659  77 1  0  0 0 0 0 0  00000000
   0.993  2515 3680  72 1  0  0 0 0 0 0  00000000
   1.005  2579 3696  64 1  0  0 0 0 0 0  00000000
   1.017  2597 3694  46 1  0  0 0 0 0 0  00000000
   1.029  2597 3694   0 0  0  0 0 0 0 0  00000000
   1.129  4107 2612  72 1  0  0 0 0 0 0  00000000
   1.142  4107 2571  67 1  0  0 0 0 0 0  00000000
   1.155  4107 2571  71 1  0  0 0 0 0 0  00000000
   1.166  4105 2571  72 1  0  0 0 0 0 0  00000000
   1.191  4105 2571  71 1  0  0 0 0 0 0  00000000
   1.204  4103 2572  72 1  0  0 0 0 0 0  00000000
   1.216  4103 2576  71 1  0  0 0 0 0 0  00000000
   1.228  4083 2576  68 1  0  0 0 0 0 0  00000000
   1.241  4103 2577  68 1  0  0 0 0 0 0  00000000
   1.253  4104 2578  60 1  0  0 0 0 0 0  00000000
   1.266  4154 2579  49 1  0  0 0 0 0 0  00000000
   1.277  4154 2579   0 0  0  0 0 0 0 0  00000000
   1.403  2633 3511  82 1  0  0 0 0 0 0  00000000
   1.415  2633 3509  81 1  0  0 0 0 0 0  00000000
   1.428  2633 3504  81 1  0  0 0 0 0 0  00000000
   1.440  2633 3502  82 1  0  0 0 0 0 0  00000000
   1.453  2631 3496  81 1  0  0 0 0 0 0  00000000
   1.465  2637 3496  77 1  0  0 0 0 0 0  00000000
   1.477  2665 3523  75 1  0  0 0 0 0 0  00000000
   1.489  2697 3543  71 1  0  0 0 0 0 0  00000000
   1.501  2740 3565  63 1  0  0 0 0 0 0  00000000
   1.514  2740 3565   0 0  0  0 0 0 0 0  00000000
   1.700  4240 2321  76 1  0  0 0 0 0 0  00000000
   1.719  4241 2288  74 1  0  0 0 0 0 0  00000000
   1.738  4242 2272  75 1  0  0 0 0 0 0  00000000
   1.751  4243 2272  75 1  0  0 0 0 0 0  00000000
   1.800  4243 2272  74 1  0  0 0 0 0 0  00000000
   1.813  4243 2276  74 1  0  0 0 0 0 0  00000000
   1.824  4243 2277  74 1  0  0 0 0 0 0  00000000
   1.837  4243 2278  74 1  0  0 0 0 0 0  00000000
   1.849  4243 2279  74 1  0  0 0 0 0 0  00000000
   1.888  4243 2279  73 1  0  0 0 0 0 0  00000000
   1.900  4243 2279  70 1  0  0 0 0 0 0  00000000
   1.912  4268 2241  60 1  0  0 0 0 0 0  00000000
   1.924  4268 2219  40 1  0  0 0 0 0 0  00000000
   1.937  2614 3578  85 1  0  0 0 0 0 0  00000000
   1.949  2594 3538  81 1  0  0 0 0 0 0  00000000
   1.961  2592 3538  85 1  0  0 0 0 0 0  00000000
   1.974  2588 3538  85 1  0  0 0 0 0 0  00000000
   1.985  2586 3538  86 1  0  0 0 0 0 0  00000000
   1.999  2581 3539  86 1  0  0 0 0 0 0  00000000
   2.011  2580 3540  86 1  0  0 0 0 0 0  00000000
   2.022  2580 3541  83 1  0  0 0 0 0 0  00000000
   2.035  2580 3542  84 1  0  0 0 0 0 0  00000000
   2.048  2580 3547  82 1  0  0 0 0 0 0  00000000
   2.060  2580 3553  81 1  0  0 0 0 0 0  00000000
   2.072  2580 3559  79 1  0  0 0 0 0 0  00000000
   2.085  2581 3584  78 1  0  0 0 0 0 0  00000000
   2.097  2582 3584  76 1  0  0 0 0 0 0  00000000
   2.110  2608 3585  75 1  0  0 0 0 0 0  00000000
   2.123  2608 3586  72 1  0  0 0 0 0 0  00000000
   2.134  2612 3587  68 1  0  0 0 0 0 0  00000000
   2.148  2670 3588  60 1  0  0 0 0 0 0  00000000
   2.161  2704 3569  52 1  0  0 0 0 0 0  00000000
   2.172  2687 3569  40 1  0  0 0 0 0 0  00000000
   2.184  2687 3569   0 0  0  0 0 0 0 0  00000000
   2.246  4345 2123  68 1  0  0 0 0 0 0  00000000
   2.258  4325 2099  67 1  0  0 0 0 0 0  00000000
   2.271  4325 2099  69 1  0  0 0 0 0 0  00000000
   2.284  4325 2099  70 1  0  0 0 0 0 0  00000000
   2.295  4325 2099  71 1  0  0 0 0 0 0  00000000
   2.307  4325 2103  71 1  0  0 0 0 0 0  00000000
   2.317  4325 2107  71 1  0  0 0 0 0 0  00000000
   2.332  4325 2112  72 1  0  0 0 0 0 0  00000000
   2.343  4325 2113  72 1  0  0 0 0 0 0  00000000
   2.352  4325 2114  72 1  0  0 0 0 0 0  00000000
   2.370  4329 2115  73 1  0  0 0 0 0 0  00000000
   2.383  4333 2116  72 1  0  0 0 0 0 0  00000000
   2.395  4334 2120  73 1  0  0 0 0 0 0  00000000
   2.408  4335 2120  72 1  0  0 0 0 0 0  00000000
   2.420  4336 2120  72 1  0  0 0 0 0 0  00000000
   2.432  4341 2120  71 1  0  0 0 0 0 0  00000000
   2.445  4342 2120  71 1  0  0 0 0 0 0  00000000
   2.457  4347 2120  71 1  0  0 0 0 0 0  00000000
   2.471  4348 2120  70 1  0  0 0 0 0 0  00000000
   2.482  4353 2120  62 1  0  0 0 0 0 0  00000000
   2.494  4358 2120  46 1  0  0 0 0 0 0  00000000
   2.505  4358 2120   0 0  0  0 0 0 0 0  00000000
   2.570  2615 3552  93 1  0  0 0 0 0 0  00000000
   2.581  2598 3478  85 1  0  0 0 0 0 0  00000000
   2.594  2596 3479  90 1  0  0 0 0 0 0  00000000
   2.606  2594 3480  91 1  0  0 0 0 0 0  00000000
   2.618  2589 3480  90 1  0  0 0 0 0 0  00000000
   2.631  2588 3480  90 1  0  0 0 0 0 0  00000000
   2.644  2588 3481  89 1  0  0 0 0 0 0  00000000
   2.655  2587 3482  89 1  0  0 0 0 0 0  00000000
   2.668  2587 3486  87 1  0  0 0 0 0 0  00000000
   2.680  2587 3487  88 1  0  0 0 0 0 0  00000000
   2.693  2587 3488  86 1  0  0 0 0 0 0  00000000
   2.705  2587 3489  86 1  0  0 0 0 0 0  00000000
   2.718  2587 3493  85 1  0  0 0 0 0 0  00000000
   2.731  2587 3494  85 1  0  0 0 0 0 0  00000000
   2.743  2587 3517  85 1  0  0 0 0 0 0  00000000
   2.779  2587 3517  83 1  0  0 0 0 0 0  00000000
   2.793  2587 3534  77 1  0  0 0 0 0 0  00000000
   2.805  2587 3534  57 1  0  0 0 0 0 0  00000000
   2.818  2587 3534   0 0  0  0 0 0 0 0  00000000
   2.854  4120 2217  74 1  0  0 0 0 0 0  00000000
   2.867  4100 2153  70 1  0  0 0 0 0 0  00000000
   2.880  4101 2153  72 1  0  0 0 0 0 0  00000000
   2.905  4101 2153  73 1  0  0 0 0 0 0  00000000
   2.916  4129 2154  76 1  0  0 0 0 0 0  00000000
   2.929  4129 2154  75 1  0  0 0 0 0 0  00000000
   2.942  4129 2155  75 1  0  0 0 0 0 0  00000000
   2.954  4129 2156  75 1  0  0 0 0 0 0  00000000
   2.965  4133 2157  75 1  0  0 0 0 0 0  00000000
   2.975  4134 2158  75 1  0  0 0 0 0 0  00000000
   2.990  4139 2164  75 1  0  0 0 0 0 0  00000000
   3.003  4144 2165  73 1  0  0 0 0 0 0  00000000
   3.015  4145 2166  74 1  0  0 0 0 0 0  00000000
   3.027  4149 2171  72 1  0  0 0 0 0 0  00000000
   3.040  4150 2172  71 1  0  0 0 0 0 0  00000000
   3.053  4144 2178  64 1  0  0 0 0 0 0  00000000
   3.065  4176 2179  40 1  0  0 0 0 0 0  00000000
   3.076  4176 2179   0 0  0  0 0 0 0 0  00000000
   3.102  2440 3661  93 1  0  0 0 0 0 0  00000000
   3.116  2420 3617  89 1  0  0 0 0 0 0  00000000
   3.128  2420 3590  91 1  0  0 0 0 0 0  00000000
   3.140  2419 3590  91 1  0  0 0 0 0 0  00000000
   3.152  2419 3586  91 1  0  0 0 0 0 0  00000000
   3.165  2419 3581  90 1  0  0 0 0 0 0  00000000
   3.176  2419 3580  88 1  0  0 0 0 0 0  00000000
   3.190  2426 3611  85 1  0  0 0 0 0 0  00000000
   3.201  2431 3642  84 1  0  0 0 0 0 0  00000000
   3.215  2460 3673  81 1  0  0 0 0 0 0  00000000
   3.227  2461 3715  79 1  0  0 0 0 0 0  00000000
   3.239  2467 3743  78 1  0  0 0 0 0 0  00000000
   3.250  2492 3789  74 1  0  0 0 0 0 0  00000000
   3.263  2492 3811  70 1  0  0 0 0 0 0  00000000
   3.276  2491 3812  68 1  0  0 0 0 0 0  00000000
   3.288  2491 3851  62 1  0  0 0 0 0 0  00000000
   3.300  2491 3851  49 1  0  0 0 0 0 0  00000000
   3.312  2491 3851   0 0  0  0 0 0 0 0  00000000
   3.363  4163 2456  47 1  0  0 0 0 0 0  00000000
   3.375  4076 2389  78 1  0  0 0 0 0 0  00000000
   3.387  4077 2389  79 1  0  0 0 0 0 0  00000000
   3.400  4078 2384  80 1  0  0 0 0 0 0  00000000
   3.412  4078 2382  81 1  0  0 0 0 0 0  00000000
   3.425  4078 2377  81 1  0  0 0 0 0 0  00000000
   3.438  4079 2377  80 1  0  0 0 0 0 0  00000000
   3.450  4080 2377  80 1  0  0 0 0 0 0  00000000
   3.463  4081 2377  80 1  0  0 0 0 0 0  00000000
   3.476  4086 2378  80 1  0  0 0 0 0 0  00000000
   3.487  4091 2379  80 1  0  0 0 0 0 0  00000000
   3.500  4096 2380  79 1  0  0 0 0 0 0  00000000
   3.512  4101 2384  78 1  0  0 0 0 0 0  00000000
   3.523  4105 2385  77 1  0  0 0 0 0 0  00000000
   3.537  4127 2386  76 1  0  0 0 0 0 0  00000000
   3.549  4127 2387  75 1  0  0 0 0 0 0  00000000
   3.562  4156 2387  68 1  0  0 0 0 0 0  00000000
   3.574  4157 2353  43 1  0  0 0 0 0 0  00000000
   3.585  4157 2353   0 0  0  0 0 0 0 0  00000000
   3.611  2724 3693  40 1  0  0 0 0 0 0  00000000
   3.624  2511 3668  96 1  0  0 0 0 0 0  00000000
   3.637  2511 3639  98 1  0  0 0 0 0 0  00000000
   3.647  2510 3618  97 1  0  0 0 0 0 0  00000000
   3.660  2490 3618  94 1  0  0 0 0 0 0  00000000
   3.675  2491 3616  94 1  0  0 0 0 0 0  00000000
   3.685  2492 3616  91 1  0  0 0 0 0 0  00000000
   3.699  2493 3647  86 1  0  0 0 0 0 0  00000000
   3.711  2494 3677  84 1  0  0 0 0 0 0  00000000
   3.723  2495 3703  81 1  0  0 0 0 0 0  00000000
   3.736  2496 3703  81 1  0  0 0 0 0 0  00000000
   3.746  2497 3738  78 1  0  0 0 0 0 0  00000000
   3.760  2502 3784  74 1  0  0 0 0 0 0  00000000
   3.770  2503 3784  74 1  0  0 0 0 0 0  00000000
   3.785  2503 3800  69 1  0  0 0 0 0 0  00000000
   3.797  2504 3800  69 1  0  0 0 0 0 0  00000000
   3.809  2504 3804  67 1  0  0 0 0 0 0  00000000
   3.819  2504 3805  67 1  0  0 0 0 0 0  00000000
   3.834  2504 3805   0 0  0  0 0 0 0 0  00000000
   3.922  4009 2403  87 1  0  0 0 0 0 0  00000000
   3.933  4009 2322  80 1  0  0 0 0 0 0  00000000
   3.946  4004 2339  85 1  0  0 0 0 0 0  00000000
   3.959  4002 2340  86 1  0  0 0 0 0 0  00000000
   3.971  4000 2366  87 1  0  0 0 0 0 0  00000000
   3.984  4000 2367  87 1  0  0 0 0 0 0  00000000
   3.996  4000 2390  88 1  0  0 0 0 0 0  00000000
   4.009  4000 2391  88 1  0  0 0 0 0 0  00000000
   4.021  4001 2395  88 1  0  0 0 0 0 0  00000000
   4.033  4002 2399  89 1  0  0 0 0 0 0  00000000
   4.046  4003 2405  88 1  0  0 0 0 0 0  00000000
   4.058  4008 2406  88 1  0  0 0 0 0 0  00000000
   4.071  4030 2411  90 1  0  0 0 0 0 0  00000000
   4.084  4030 2412  89 1  0  0 0 0 0 0  00000000
   4.096  4030 2413  88 1  0  0 0 0 0 0  00000000
   4.107  4031 2413  91 1  0  0 0 0 0 0  00000000
   4.120  4032 2413  92 1  0  0 0 0 0 0  00000000
   4.133  4032 2413  90 1  0  0 0 0 0 0  00000000
   4.144  4033 2414  93 1  0  0 0 0 0 0  00000000
   4.157  4034 2418  94 1  0  0 0 0 0 0  00000000
   4.170  4035 2422  93 1  0  0 0 0 0 0  00000000
   4.182  4036 2423  94 1  0  0 0 0 0 0  00000000
   4.194  4037 2424  94 1  0  0 0 0 0 0  00000000
   4.208  4038 2429  94 1  0  0 0 0 0 0  00000000
   4.220  4039 2435  94 1  0  0 0 0 0 0  00000000
   4.233  4039 2436  92 1  0  0 0 0 0 0  00000000
   4.244  4040 2458  94 1  0  0 0 0 0 0  00000000
   4.257  4041 2458  94 1  0  0 0 0 0 0  00000000
   4.269  4042 2475  94 1  0  0 0 0 0 0  00000000
   4.282  4043 2491  94 1  0  0 0 0 0 0  00000000
   4.294  4048 2512  92 1  0  0 0 0 0 0  00000000
   4.306  4048 2528  82 1  0  0 0 0 0 0  00000000
   4.318  4048 2582  52 1  0  0 0 0 0 0  00000000
   4.330  4048 2582   0 0  0  0 0 0 0 0  00000000
   4.430  3832 2821  88 1  0  0 0 0 0 0  00000000
   4.444  3851 2796  88 1  0  0 0 0 0 0  00000000
   4.467  3850 2796  90 1  0  0 0 0 0 0  00000000
   4.480  3850 2803  90 1  0  0 0 0 0 0  00000000
   4.492  3848 2834  90 1  0  0 0 0 0 0  00000000
   4.505  3846 2835  89 1  0  0 0 0 0 0  00000000
   4.518  3844 2857  88 1  0  0 0 0 0 0  00000000
   4.530  3844 2858  88 1  0  0 0 0 0 0  00000000
   4.543  3844 2862  88 1  0  0 0 0 0 0  00000000
   4.553  3844 2863  89 1  0  0 0 0 0 0  00000000
   4.567  3844 2864  89 1  0  0 0 0 0 0  00000000
   4.603  3844 2862  89 1  0  0 0 0 0 0  00000000
   4.613  3844 2861  89 1  0  0 0 0 0 0  00000000
   4.629  3844 2857  89 1  0  0 0 0 0 0  00000000
   4.642  3844 2855  89 1  0  0 0 0 0 0  00000000
   4.654  3844 2855  90 1  0  0 0 0 0 0  00000000
   4.666  3844 2855  91 1  0  0 0 0 0 0  00000000
   4.691  3844 2855  90 1  0  0 0 0 0 0  00000000
   4.716  3842 2855  90 1  0  0 0 0 0 0  00000000
   4.729  3841 2855  90 1  0  0 0 0 0 0  00000000
   4.802  3842 2855  90 1  0  0 0 0 0 0  00000000
   4.814  3843 2855  91 1  0  0 0 0 0 0  00000000
   4.828  3844 2851  90 1  0  0 0 0 0 0  00000000
   4.839  3844 2850  90 1  0  0 0 0 0 0  00000000
   4.864  3844 2848  89 1  0  0 0 0 0 0  00000000
   4.877  3844 2848  90 1  0  0 0 0 0 0  00000000
   4.890  3844 2848  89 1  0  0 0 0 0 0  00000000
   4.927  3844 2871  89 1  0  0 0 0 0 0  00000000
   4.940  3844 2871  83 1  0  0 0 0 0 0  00000000
   4.952  3818 2871  63 1  0  0 0 0 0 0  00000000
   4.963  3818 2871   0 0  0  0 0 0 0 0  00000000
