time	 y	 z	 f	 w	 l	 r	 u	 d	 m	 multi
   0.000  2727 3256   0 0  0  0 0 0 0 0  00000000
   1.109  2648 3597  62 1  0  0 0 0 0 0  00000000
   1.133  2648 3597   0 0  0  0 0 0 0 0  00000000
   1.271  3758 2434  68 1  0  0 0 0 0 0  00000000
   1.283  3757 2434  66 1  0  0 0 0 0 0  00000000
   1.296  3757 2432  68 1  0  0 0 0 0 0  00000000
   1.305  3757 2430  68 1  0  0 0 0 0 0  00000000
   1.320  3757 2428  69 1  0  0 0 0 0 0  00000000
   1.345  3757 2428  67 1  0  0 0 0 0 0  00000000
   1.358  3757 2427  64 1  0  0 0 0 0 0  00000000
   1.370  3757 2427  60 1  0  0 0 0 0 0  00000000
   1.383  3792 2428  58 1  0  0 0 0 0 0  00000000
   1.394  3814 2428  53 1  0  0 0 0 0 0  00000000
   1.407  3815 2426  46 1  0  0 0 0 0 0  00000000
   1.420  3815 2426   0 0  0  0 0 0 0 0  00000000
   1.557  2558 3530  50 1  0  0 0 0 0 0  00000000
   1.568  2511 3500  67 1  0  0 0 0 0 0  00000000
   1.581  2511 3498  68 1  0  0 0 0 0 0  00000000
   1.593  2511 3494  69 1  0  0 0 0 0 0  00000000
   1.607  2509 3492  71 1  0  0 0 0 0 0  00000000
   1.618  2508 3492  70 1  0  0 0 0 0 0  00000000
   1.642  2508 3492  68 1  0  0 0 0 0 0  00000000
   1.655  2508 3493  67 1  0  0 0 0 0 0  00000000
   1.668  2508 3498  65 1  0  0 0 0 0 0  00000000
   1.680  2508 3520  63 1  0  0 0 0 0 0  00000000
   1.693  2508 3538  59 1  0  0 0 0 0 0  00000000
   1.705  2528 3557  52 1  0  0 0 0 0 0  00000000
   1.718  2528 3558  45 1  0  0 0 0 0 0  00000000
   1.730  2528 3558   0 0  0  0 0 0 0 0  00000000
   1.867  3944 2289  48 1  0  0 0 0 0 0  00000000
   1.878  3885 2290  67 1  0  0 0 0 0 0  00000000
   1.892  3885 2291  64 1  0  0 0 0 0 0  00000000
   1.903  3885 2291  67 1  0  0 0 0 0 0  00000000
   1.960  3883 2291  67 1  0  0 0 0 0 0  00000000
   2.003  3883 2289  66 1  0  0 0 0 0 0  00000000
   2.015  3884 2285  64 1  0  0 0 0 0 0  00000000
   2.028  3913 2279  62 1  0  0 0 0 0 0  00000000
   2.040  3953 2255  56 1  0  0 0 0 0 0  00000000
   2.052  3954 2233  41 1  0  0 0 0 0 0  00000000
   2.064  3954 2233   0 0  0  0 0 0 0 0  00000000
   2.127  2581 3655  74 1  0  0 0 0 0 0  00000000
   2.140  2581 3653  70 1  0  0 0 0 0 0  00000000
   2.151  2581 3651  73 1  0  0 0 0 0 0  00000000
   2.165  2581 3649  74 1  0  0 0 0 0 0  00000000
   2.177  2581 3649  76 1  0  0 0 0 0 0  00000000
   2.190  2577 3649  76 1  0  0 0 0 0 0  00000000
   2.201  2576 3668  76 1  0  0 0 0 0 0  00000000
   2.214  2572 3688  77 1  0  0 0 0 0 0  00000000
   2.227  2566 3687  79 1  0  0 0 0 0 0  00000000
   2.239  2564 3687  79 1  0  0 0 0 0 0  00000000
   2.252  2562 3687  79 1  0  0 0 0 0 0  00000000
   2.264  2560 3688  78 1  0  0 0 0 0 0  00000000
   2.277  2560 3692  79 1  0  0 0 0 0 0  00000000
   2.289  2560 3697  80 1  0  0 0 0 0 0  00000000
   2.302  2558 3698  80 1  0  0 0 0 0 0  00000000
   2.314  2558 3699  80 1  0  0 0 0 0 0  00000000
   2.325  2554 3704  79 1  0  0 0 0 0 0  00000000
   2.338  2553 3708  79 1  0  0 0 0 0 0  00000000
   2.350  2553 3730  77 1  0  0 0 0 0 0  00000000
   2.363  2553 3730  74 1  0  0 0 0 0 0  00000000
   2.375  2553 3730  67 1  0  0 0 0 0 0  00000000
   2.388  2553 3734  59 1  0  0 0 0 0 0  00000000
   2.401  3943 2592  71 1  0  0 0 0 0 0  00000000
   2.412  3943 2590  68 1  0  0 0 0 0 0  00000000
   2.425  3941 2588  72 1  0  0 0 0 0 0  00000000
   2.438  3940 2588  72 1  0  0 0 0 0 0  00000000
   2.463  3939 2588  73 1  0  0 0 0 0 0  00000000
   2.475  3939 2589  73 1  0  0 0 0 0 0  00000000
   2.486  3939 2590  73 1  0  0 0 0 0 0  00000000
   2.501  3939 2594  73 1  0  0 0 0 0 0  00000000
   2.512  3939 2595  73 1  0  0 0 0 0 0  00000000
   2.523  3940 2600  74 1  0  0 0 0 0 0  00000000
   2.536  3941 2604  73 1  0  0 0 0 0 0  00000000
   2.549  3942 2605  73 1  0  0 0 0 0 0  00000000
   2.561  3946 2606  71 1  0  0 0 0 0 0  00000000
   2.574  3947 2611  72 1  0  0 0 0 0 0  00000000
   2.586  3948 2612  71 1  0  0 0 0 0 0  00000000
   2.599  3953 2613  70 1  0  0 0 0 0 0  00000000
   2.611  3954 2614  68 1  0  0 0 0 0 0  00000000
   2.623  3986 2615  62 1  0  0 0 0 0 0  00000000
   2.636  3986 2615   0 0  0  0 0 0 0 0  00000000
   2.872  4046 2582  72 1  0  0 0 0 0 0  00000000
   2.883  4044 2551  70 1  0  0 0 0 0 0  00000000
   2.896  4042 2551  72 1  0  0 0 0 0 0  00000000
   2.921  4042 2551  71 1  0  0 0 0 0 0  00000000
   2.946  4043 2551  71 1  0  0 0 0 0 0  00000000
   2.958  4068 2555  70 1  0  0 0 0 0 0  00000000
   2.970  4068 2560  66 1  0  0 0 0 0 0  00000000
   2.983  4107 2566  60 1  0  0 0 0 0 0  00000000
   2.995  4107 2571  45 1  0  0 0 0 0 0  00000000
   3.007  4107 2571   0 0  0  0 0 0 0 0  00000000
   3.257  2548 3389  81 1  0  0 0 0 0 0  00000000
   3.267  2546 3363  74 1  0  0 0 0 0 0  00000000
   3.281  2541 3363  79 1  0  0 0 0 0 0  00000000
   3.294  2539 3363  79 1  0  0 0 0 0 0  00000000
   3.306  2537 3364  77 1  0  0 0 0 0 0  00000000
   3.319  2537 3389  75 1  0  0 0 0 0 0  00000000
   3.331  2537 3421  71 1  0  0 0 0 0 0  00000000
   3.343  2533 3456  65 1  0  0 0 0 0 0  00000000
   3.356  2507 3500  46 1  0  0 0 0 0 0  00000000
   3.366  2507 3500   0 0  0  0 0 0 0 0  00000000
   3.542  3835 2548  78 1  0  0 0 0 0 0  00000000
   3.554  3836 2511  71 1  0  0 0 0 0 0  00000000
   3.566  3836 2511  75 1  0  0 0 0 0 0  00000000
   3.603  3836 2515  75 1  0  0 0 0 0 0  00000000
   3.616  3836 2516  75 1  0  0 0 0 0 0  00000000
   3.628  3836 2517  73 1  0  0 0 0 0 0  00000000
   3.641  3836 2518  70 1  0  0 0 0 0 0  00000000
   3.654  3853 2519  64 1  0  0 0 0 0 0  00000000
   3.665  3852 2519  47 1  0  0 0 0 0 0  00000000
   3.677  3852 2519   0 0  0  0 0 0 0 0  00000000
