time	 y	 z	 f	 w	 l	 r	 u	 d	 m	 multi
   0.000  4217 2903   0 0  0  0 0 0 0 0  00000000
   1.344  3223 3256  72 1  0  0 0 0 0 0  00000000
   1.356  3223 3256  68 1  0  0 0 0 0 0  00000000
   1.370  3223 3254  70 1  0  0 0 0 0 0  00000000
   1.381  3224 3254  68 1  0  0 0 0 0 0  00000000
   1.394  3258 3278  67 1  0  0 0 0 0 0  00000000
   1.406  3259 3308  64 1  0  0 0 0 0 0  00000000
   1.419  3286 3309  57 1  0  0 0 0 0 0  00000000
   1.431  3286 3309   0 0  0  0 0 0 0 0  00000000
   1.642  4079 2656  70 1  0  0 0 0 0 0  00000000
   1.654  4047 2620  65 1  0  0 0 0 0 0  00000000
   1.667  4048 2621  69 1  0  0 0 0 0 0  00000000
   1.679  4049 2622  70 1  0  0 0 0 0 0  00000000
   1.692  4050 2623  70 1  0  0 0 0 0 0  00000000
   1.705  4051 2624  69 1  0  0 0 0 0 0  00000000
   1.717  4052 2625  68 1  0  0 0 0 0 0  00000000
   1.729  4057 2626  66 1  0  0 0 0 0 0  00000000
   1.741  4100 2627  63 1  0  0 0 0 0 0  00000000
   1.755  4101 2600  51 1  0  0 0 0 0 0  00000000
   1.767  4101 2600   0 0  0  0 0 0 0 0  00000000
   1.901  3136 3497  50 1  0  0 0 0 0 0  00000000
   1.914  3078 3442  74 1  0  0 0 0 0 0  00000000
   1.928  3078 3442  78 1  0  0 0 0 0 0  00000000
   1.941  3073 3440  79 1  0  0 0 0 0 0  00000000
   1.952  3068 3439  79 1  0  0 0 0 0 0  00000000
   1.965  3067 3439  77 1  0  0 0 0 0 0  00000000
   1.977  3067 3461  74 1  0  0 0 0 0 0  00000000
   1.989  3068 3502  69 1  0  0 0 0 0 0  00000000
   2.002  3089 3523  62 1  0  0 0 0 0 0  00000000
   2.014  3116 3577  46 1  0  0 0 0 0 0  00000000
   2.026  3116 3577   0 0  0  0 0 0 0 0  00000000
   2.151  4137 2559  59 1  0  0 0 0 0 0  00000000
   2.164  4071 2524  66 1  0  0 0 0 0 0  00000000
   2.176  4071 2524  68 1  0  0 0 0 0 0  00000000
   2.189  4071 2503  70 1  0  0 0 0 0 0  00000000
   2.201  4071 2503  71 1  0  0 0 0 0 0  00000000
   2.213  4071 2503  72 1  0  0 0 0 0 0  00000000
   2.237  4071 2503  73 1  0  0 0 0 0 0  00000000
   2.262  4071 2503  72 1  0  0 0 0 0 0  00000000
   2.275  4069 2503  71 1  0  0 0 0 0 0  00000000
   2.300  4069 2503  70 1  0  0 0 0 0 0  00000000
   2.312  4076 2503  71 1  0  0 0 0 0 0  00000000
   2.325  4080 2503  71 1  0  0 0 0 0 0  00000000
   2.337  4081 2503  69 1  0  0 0 0 0 0  00000000
   2.350  4103 2501  66 1  0  0 0 0 0 0  00000000
   2.362  4132 2461  58 1  0  0 0 0 0 0  00000000
   2.375  4132 2407  45 1  0  0 0 0 0 0  00000000
   2.385  4132 2407   0 0  0  0 0 0 0 0  00000000
   2.399  2804 3689  79 1  0  0 0 0 0 0  00000000
   2.411  2804 3687  77 1  0  0 0 0 0 0  00000000
   2.424  2802 3683  80 1  0  0 0 0 0 0  00000000
   2.437  2800 3682  81 1  0  0 0 0 0 0  00000000
   2.448  2798 3680  81 1  0  0 0 0 0 0  00000000
   2.461  2793 3679  81 1  0  0 0 0 0 0  00000000
   2.474  2789 3679  81 1  0  0 0 0 0 0  00000000
   2.487  2788 3679  81 1  0  0 0 0 0 0  00000000
   2.497  2786 3680  79 1  0  0 0 0 0 0  00000000
   2.510  2784 3681  78 1  0  0 0 0 0 0  00000000
   2.524  2784 3685  78 1  0  0 0 0 0 0  00000000
   2.536  2782 3686  76 1  0  0 0 0 0 0  00000000
   2.549  2780 3691  74 1  0  0 0 0 0 0  00000000
   2.560  2778 3721  71 1  0  0 0 0 0 0  00000000
   2.573  2772 3741  70 1  0  0 0 0 0 0  00000000
   2.588  2766 3741  67 1  0  0 0 0 0 0  00000000
   2.597  2760 3745  62 1  0  0 0 0 0 0  00000000
   2.609  2759 3783  49 1  0  0 0 0 0 0  00000000
   2.622  2759 3783   0 0  0  0 0 0 0 0  00000000
   2.660  4020 2481  74 1  0  0 0 0 0 0  00000000
   2.672  4004 2481  69 1  0  0 0 0 0 0  00000000
   2.685  4004 2481  72 1  0  0 0 0 0 0  00000000
   2.697  4004 2481  73 1  0  0 0 0 0 0  00000000
   2.722  4004 2482  73 1  0  0 0 0 0 0  00000000
   2.747  4004 2483  72 1  0  0 0 0 0 0  00000000
   2.759  4004 2484  70 1  0  0 0 0 0 0  00000000
   2.770  4005 2488  66 1  0  0 0 0 0 0  00000000
   2.781  4006 2489  66 1  0  0 0 0 0 0  00000000
   2.796  4006 2489   0 0  0  0 0 0 0 0  00000000
   2.920  2634 3742  76 1  0  0 0 0 0 0  00000000
   2.932  2634 3740  78 1  0  0 0 0 0 0  00000000
   2.944  2634 3738  80 1  0  0 0 0 0 0  00000000
   2.957  2632 3737  81 1  0  0 0 0 0 0  00000000
   2.969  2630 3737  81 1  0  0 0 0 0 0  00000000
   2.982  2628 3737  82 1  0  0 0 0 0 0  00000000
   2.996  2628 3737  80 1  0  0 0 0 0 0  00000000
   3.009  2628 3738  78 1  0  0 0 0 0 0  00000000
   3.020  2628 3757  78 1  0  0 0 0 0 0  00000000
   3.032  2628 3777  77 1  0  0 0 0 0 0  00000000
   3.045  2628 3796  75 1  0  0 0 0 0 0  00000000
   3.056  2628 3797  74 1  0  0 0 0 0 0  00000000
   3.070  2628 3824  74 1  0  0 0 0 0 0  00000000
   3.082  2628 3825  74 1  0  0 0 0 0 0  00000000
   3.094  2628 3860  71 1  0  0 0 0 0 0  00000000
   3.105  2622 3861  71 1  0  0 0 0 0 0  00000000
   3.119  2588 3866  68 1  0  0 0 0 0 0  00000000
   3.130  2588 3867  64 1  0  0 0 0 0 0  00000000
   3.144  2588 3873  56 1  0  0 0 0 0 0  00000000
   3.156  2588 3873   0 0  0  0 0 0 0 0  00000000
   3.193  4059 2456  71 1  0  0 0 0 0 0  00000000
   3.206  4032 2437  68 1  0  0 0 0 0 0  00000000
   3.218  4033 2437  68 1  0  0 0 0 0 0  00000000
   3.231  4034 2437  71 1  0  0 0 0 0 0  00000000
   3.243  4035 2437  71 1  0  0 0 0 0 0  00000000
   3.268  4036 2438  70 1  0  0 0 0 0 0  00000000
   3.280  4041 2464  70 1  0  0 0 0 0 0  00000000
   3.292  4046 2465  69 1  0  0 0 0 0 0  00000000
   3.304  4047 2492  66 1  0  0 0 0 0 0  00000000
   3.317  4052 2511  64 1  0  0 0 0 0 0  00000000
   3.329  4079 2540  58 1  0  0 0 0 0 0  00000000
   3.342  4079 2566  48 1  0  0 0 0 0 0  00000000
   3.355  4079 2566   0 0  0  0 0 0 0 0  00000000
   3.441  2526 3958  66 1  0  0 0 0 0 0  00000000
   3.453  2504 3958  67 1  0  0 0 0 0 0  00000000
   3.466  2488 3954  73 1  0  0 0 0 0 0  00000000
   3.479  2488 3953  74 1  0  0 0 0 0 0  00000000
   3.491  2488 3953  75 1  0  0 0 0 0 0  00000000
   3.502  2488 3953  74 1  0  0 0 0 0 0  00000000
   3.540  2488 3953  72 1  0  0 0 0 0 0  00000000
   3.553  2488 3957  71 1  0  0 0 0 0 0  00000000
   3.565  2511 3980  68 1  0  0 0 0 0 0  00000000
   3.578  2511 3981  66 1  0  0 0 0 0 0  00000000
   3.590  2511 3985  65 1  0  0 0 0 0 0  00000000
   3.604  2515 4006  62 1  0  0 0 0 0 0  00000000
   3.615  2537 4027  56 1  0  0 0 0 0 0  00000000
   3.627  2559 4028  45 1  0  0 0 0 0 0  00000000
   3.639  2559 4028   0 0  0  0 0 0 0 0  00000000
   3.739  4011 2620  75 1  0  0 0 0 0 0  00000000
   3.752  4009 2602  69 1  0  0 0 0 0 0  00000000
   3.764  4008 2602  73 1  0  0 0 0 0 0  00000000
   3.776  4008 2602  74 1  0  0 0 0 0 0  00000000
   3.789  4008 2602  73 1  0  0 0 0 0 0  00000000
   3.802  4008 2602  72 1  0  0 0 0 0 0  00000000
   3.813  4008 2602  70 1  0  0 0 0 0 0  00000000
   3.827  4008 2602  69 1  0  0 0 0 0 0  00000000
   3.839  4014 2602  64 1  0  0 0 0 0 0  00000000
   3.851  4062 2622  51 1  0  0 0 0 0 0  00000000
   3.862  4062 2622   0 0  0  0 0 0 0 0  00000000
   4.000  2632 3973  69 1  0  0 0 0 0 0  00000000
   4.012  2591 3952  67 1  0  0 0 0 0 0  00000000
   4.024  2607 3953  73 1  0  0 0 0 0 0  00000000
   4.037  2607 3953  75 1  0  0 0 0 0 0  00000000
   4.068  2607 3953  74 1  0  0 0 0 0 0  00000000
   4.086  2607 3953  71 1  0  0 0 0 0 0  00000000
   4.099  2578 3953  68 1  0  0 0 0 0 0  00000000
   4.111  2579 3954  64 1  0  0 0 0 0 0  00000000
   4.124  2580 3978  56 1  0  0 0 0 0 0  00000000
   4.135  2666 4046  37 1  0  0 0 0 0 0  00000000
   4.147  2666 4046   0 0  0  0 0 0 0 0  00000000
   4.285  4042 2566  82 1  0  0 0 0 0 0  00000000
   4.297  4042 2526  76 1  0  0 0 0 0 0  00000000
   4.310  4042 2548  81 1  0  0 0 0 0 0  00000000
   4.323  4042 2546  81 1  0  0 0 0 0 0  00000000
   4.335  4042 2542  81 1  0  0 0 0 0 0  00000000
   4.347  4042 2540  80 1  0  0 0 0 0 0  00000000
   4.360  4042 2539  80 1  0  0 0 0 0 0  00000000
   4.371  4041 2537  75 1  0  0 0 0 0 0  00000000
   4.385  4041 2537  70 1  0  0 0 0 0 0  00000000
   4.397  4068 2557  59 1  0  0 0 0 0 0  00000000
   4.410  4069 2558  43 1  0  0 0 0 0 0  00000000
   4.421  4069 2558   0 0  0  0 0 0 0 0  00000000
   4.558  2488 4069  74 1  0  0 0 0 0 0  00000000
   4.571  2488 4070  71 1  0  0 0 0 0 0  00000000
   4.583  2488 4070  74 1  0  0 0 0 0 0  00000000
   4.620  2488 4071  72 1  0  0 0 0 0 0  00000000
   4.632  2488 4072  70 1  0  0 0 0 0 0  00000000
   4.645  2510 4077  63 1  0  0 0 0 0 0  00000000
   4.657  2511 4110  54 1  0  0 0 0 0 0  00000000
   4.668  2511 4110   0 0  0  0 0 0 0 0  00000000
   4.832  4101 2547  45 1  0  0 0 0 0 0  00000000
   4.843  4051 2656  85 1  0  0 0 0 0 0  00000000
   4.856  4051 2622  82 1  0  0 0 0 0 0  00000000
   4.868  4051 2639  88 1  0  0 0 0 0 0  00000000
   4.893  4051 2639  86 1  0  0 0 0 0 0  00000000
   4.906  4051 2634  84 1  0  0 0 0 0 0  00000000
   4.918  4051 2627  82 1  0  0 0 0 0 0  00000000
   4.931  4047 2595  77 1  0  0 0 0 0 0  00000000
   4.942  4045 2565  68 1  0  0 0 0 0 0  00000000
   4.955  4045 2544  48 1  0  0 0 0 0 0  00000000
   4.967  4045 2544   0 0  0  0 0 0 0 0  00000000
   5.104  2505 4107  40 1  0  0 0 0 0 0  00000000
   5.116  2448 4061  74 1  0  0 0 0 0 0  00000000
   5.141  2448 4044  75 1  0  0 0 0 0 0  00000000
   5.153  2448 4044  76 1  0  0 0 0 0 0  00000000
   5.166  2448 4044  75 1  0  0 0 0 0 0  00000000
   5.179  2448 4044  74 1  0  0 0 0 0 0  00000000
   5.191  2452 4045  72 1  0  0 0 0 0 0  00000000
   5.202  2504 4069  65 1  0  0 0 0 0 0  00000000
   5.216  2523 4069  59 1  0  0 0 0 0 0  00000000
   5.228  2565 4087  48 1  0  0 0 0 0 0  00000000
   5.239  2565 4087   0 0  0  0 0 0 0 0  00000000
   5.427  4093 2591  93 1  0  0 0 0 0 0  00000000
   5.439  4075 2512  81 1  0  0 0 0 0 0  00000000
   5.451  4075 2534  88 1  0  0 0 0 0 0  00000000
   5.465  4073 2511  83 1  0  0 0 0 0 0  00000000
   5.476  4071 2484  74 1  0  0 0 0 0 0  00000000
   5.489  4070 2461  69 1  0  0 0 0 0 0  00000000
   5.501  4070 2459  56 1  0  0 0 0 0 0  00000000
   5.513  4070 2459   0 0  0  0 0 0 0 0  00000000
   5.700  2410 4054  77 1  0  0 0 0 0 0  00000000
   5.713  2408 4054  74 1  0  0 0 0 0 0  00000000
   5.725  2406 4054  77 1  0  0 0 0 0 0  00000000
   5.737  2405 4052  78 1  0  0 0 0 0 0  00000000
   5.749  2404 4051  78 1  0  0 0 0 0 0  00000000
   5.762  2404 4050  77 1  0  0 0 0 0 0  00000000
   5.774  2403 4048  77 1  0  0 0 0 0 0  00000000
   5.787  2403 4046  76 1  0  0 0 0 0 0  00000000
   5.799  2403 4053  74 1  0  0 0 0 0 0  00000000
   5.813  2403 4054  71 1  0  0 0 0 0 0  00000000
   5.823  2403 4055  69 1  0  0 0 0 0 0  00000000
   5.836  2403 4059  63 1  0  0 0 0 0 0  00000000
   5.848  2447 4080  53 1  0  0 0 0 0 0  00000000
   5.861  2425 4115  38 1  0  0 0 0 0 0  00000000
   5.872  2425 4115   0 0  0  0 0 0 0 0  00000000
   6.060  4149 2675  97 1  0  0 0 0 0 0  00000000
   6.072  4118 2566  82 1  0  0 0 0 0 0  00000000
   6.083  4119 2566  87 1  0  0 0 0 0 0  00000000
   6.096  4119 2564  87 1  0  0 0 0 0 0  00000000
   6.110  4119 2534  85 1  0  0 0 0 0 0  00000000
   6.122  4115 2518  80 1  0  0 0 0 0 0  00000000
   6.134  4065 2495  72 1  0  0 0 0 0 0  00000000
   6.147  4084 2477  61 1  0  0 0 0 0 0  00000000
   6.159  4084 2475  43 1  0  0 0 0 0 0  00000000
   6.171  4084 2475   0 0  0  0 0 0 0 0  00000000
   6.190  2495 4068  65 1  0  0 0 0 0 0  00000000
   6.207  2434 4046  76 1  0  0 0 0 0 0  00000000
   6.233  2434 4042  76 1  0  0 0 0 0 0  00000000
   6.245  2434 4040  76 1  0  0 0 0 0 0  00000000
   6.270  2430 4040  76 1  0  0 0 0 0 0  00000000
   6.282  2428 4040  74 1  0  0 0 0 0 0  00000000
   6.295  2426 4040  70 1  0  0 0 0 0 0  00000000
   6.307  2432 4078  47 1  0  0 0 0 0 0  00000000
   6.318  2432 4078   0 0  0  0 0 0 0 0  00000000
   6.358  4038 2566  85 1  0  0 0 0 0 0  00000000
   6.370  4077 2567  94 1  0  0 0 0 0 0  00000000
   6.382  4077 2568  93 1  0  0 0 0 0 0  00000000
   6.395  4077 2568  90 1  0  0 0 0 0 0  00000000
   6.407  4078 2548  84 1  0  0 0 0 0 0  00000000
   6.419  4133 2548  73 1  0  0 0 0 0 0  00000000
   6.431  4134 2519  46 1  0  0 0 0 0 0  00000000
   6.443  4134 2519   0 0  0  0 0 0 0 0  00000000
   6.693  2411 4008  80 1  0  0 0 0 0 0  00000000
   6.704  2411 4008  77 1  0  0 0 0 0 0  00000000
   6.717  2409 4006  80 1  0  0 0 0 0 0  00000000
   6.730  2407 4005  80 1  0  0 0 0 0 0  00000000
   6.742  2407 4001  79 1  0  0 0 0 0 0  00000000
   6.755  2407 4000  77 1  0  0 0 0 0 0  00000000
   6.766  2431 4000  72 1  0  0 0 0 0 0  00000000
   6.779  2479 4016  59 1  0  0 0 0 0 0  00000000
   6.791  2479 4016   0 0  0  0 0 0 0 0  00000000
   6.977  4169 2543  91 1  0  0 0 0 0 0  00000000
   6.990  4168 2467  82 1  0  0 0 0 0 0  00000000
   7.002  4166 2468  87 1  0  0 0 0 0 0  00000000
   7.015  4164 2468  88 1  0  0 0 0 0 0  00000000
   7.028  4164 2468  87 1  0  0 0 0 0 0  00000000
   7.039  4163 2451  86 1  0  0 0 0 0 0  00000000
   7.051  4143 2451  83 1  0  0 0 0 0 0  00000000
   7.065  4144 2449  82 1  0  0 0 0 0 0  00000000
   7.077  4145 2428  78 1  0  0 0 0 0 0  00000000
   7.089  4146 2428  75 1  0  0 0 0 0 0  00000000
   7.102  4147 2428  75 1  0  0 0 0 0 0  00000000
   7.114  4148 2423  72 1  0  0 0 0 0 0  00000000
   7.127  4149 2421  70 1  0  0 0 0 0 0  00000000
   7.138  4153 2419  69 1  0  0 0 0 0 0  00000000
   7.151  4154 2419  67 1  0  0 0 0 0 0  00000000
   7.163  4148 2398  64 1  0  0 0 0 0 0  00000000
   7.176  4144 2398  63 1  0  0 0 0 0 0  00000000
   7.188  4142 2398  61 1  0  0 0 0 0 0  00000000
   7.202  4136 2398  57 1  0  0 0 0 0 0  00000000
   7.212  4134 2398  49 1  0  0 0 0 0 0  00000000
   7.225  4134 2398   0 0  0  0 0 0 0 0  00000000
   7.337  2309 4019  77 1  0  0 0 0 0 0  00000000
   7.350  2309 4017  75 1  0  0 0 0 0 0  00000000
   7.362  2308 3994  77 1  0  0 0 0 0 0  00000000
   7.387  2308 3994  78 1  0  0 0 0 0 0  00000000
   7.400  2308 3994  77 1  0  0 0 0 0 0  00000000
   7.412  2308 3992  76 1  0  0 0 0 0 0  00000000
   7.421  2308 3991  76 1  0  0 0 0 0 0  00000000
   7.430  2328 3989  72 1  0  0 0 0 0 0  00000000
   7.449  2328 3989   0 0  0  0 0 0 0 0  00000000
   7.461  3972 2397  64 1  0  0 0 0 0 0  00000000
   7.473  3928 2397  71 1  0  0 0 0 0 0  00000000
   7.488  3928 2396  70 1  0  0 0 0 0 0  00000000
   7.499  3929 2396  79 1  0  0 0 0 0 0  00000000
   7.513  3930 2397  81 1  0  0 0 0 0 0  00000000
   7.523  3931 2403  82 1  0  0 0 0 0 0  00000000
   7.536  3932 2404  83 1  0  0 0 0 0 0  00000000
   7.549  3933 2405  83 1  0  0 0 0 0 0  00000000
   7.561  3934 2406  81 1  0  0 0 0 0 0  00000000
   7.573  3935 2407  80 1  0  0 0 0 0 0  00000000
   7.586  3940 2407  79 1  0  0 0 0 0 0  00000000
   7.598  3941 2379  76 1  0  0 0 0 0 0  00000000
   7.610  3942 2377  71 1  0  0 0 0 0 0  00000000
   7.622  3987 2336  49 1  0  0 0 0 0 0  00000000
   7.634  3987 2336   0 0  0  0 0 0 0 0  00000000
   7.672  2395 3864  85 1  0  0 0 0 0 0  00000000
   7.684  2394 3812  77 1  0  0 0 0 0 0  00000000
   7.697  2389 3813  84 1  0  0 0 0 0 0  00000000
   7.710  2384 3814  84 1  0  0 0 0 0 0  00000000
   7.723  2382 3814  83 1  0  0 0 0 0 0  00000000
   7.734  2382 3806  81 1  0  0 0 0 0 0  00000000
   7.747  2382 3801  77 1  0  0 0 0 0 0  00000000
   7.759  2382 3800  73 1  0  0 0 0 0 0  00000000
   7.771  2380 3800  68 1  0  0 0 0 0 0  00000000
   7.783  2350 3834  57 1  0  0 0 0 0 0  00000000
   7.796  2350 3834   0 0  0  0 0 0 0 0  00000000
   8.057  3950 2534  36 1  0  0 0 0 0 0  00000000
   8.069  3897 2551  80 1  0  0 0 0 0 0  00000000
   8.081  3895 2496  72 1  0  0 0 0 0 0  00000000
   8.094  3895 2497  79 1  0  0 0 0 0 0  00000000
   8.107  3895 2497  78 1  0  0 0 0 0 0  00000000
   8.119  3893 2497  77 1  0  0 0 0 0 0  00000000
   8.131  3888 2497  74 1  0  0 0 0 0 0  00000000
   8.145  3883 2497  72 1  0  0 0 0 0 0  00000000
   8.156  3878 2497  66 1  0  0 0 0 0 0  00000000
   8.168  3840 2497  46 1  0  0 0 0 0 0  00000000
   8.180  3840 2497   0 0  0  0 0 0 0 0  00000000
   8.219  2245 4035  76 1  0  0 0 0 0 0  00000000
   8.231  2219 4035  71 1  0  0 0 0 0 0  00000000
   8.243  2215 4031  76 1  0  0 0 0 0 0  00000000
   8.256  2214 4029  78 1  0  0 0 0 0 0  00000000
   8.268  2210 4024  76 1  0  0 0 0 0 0  00000000
   8.280  2208 4019  77 1  0  0 0 0 0 0  00000000
   8.292  2208 4017  73 1  0  0 0 0 0 0  00000000
   8.304  2206 4017  75 1  0  0 0 0 0 0  00000000
   8.318  2206 4018  71 1  0  0 0 0 0 0  00000000
   8.329  2206 4019  68 1  0  0 0 0 0 0  00000000
   8.342  2206 4023  61 1  0  0 0 0 0 0  00000000
   8.354  2229 4029  41 1  0  0 0 0 0 0  00000000
   8.366  2229 4029   0 0  0  0 0 0 0 0  00000000
   8.393  3958 2526  89 1  0  0 0 0 0 0  00000000
   8.405  3958 2452  81 1  0  0 0 0 0 0  00000000
   8.417  3958 2472  86 1  0  0 0 0 0 0  00000000
   8.430  3958 2472  88 1  0  0 0 0 0 0  00000000
   8.442  3958 2472  87 1  0  0 0 0 0 0  00000000
   8.455  3958 2472  86 1  0  0 0 0 0 0  00000000
   8.479  3958 2472  85 1  0  0 0 0 0 0  00000000
   8.491  3958 2471  83 1  0  0 0 0 0 0  00000000
   8.504  3958 2469  81 1  0  0 0 0 0 0  00000000
   8.517  3959 2469  80 1  0  0 0 0 0 0  00000000
   8.529  3960 2469  79 1  0  0 0 0 0 0  00000000
   8.540  3961 2469  77 1  0  0 0 0 0 0  00000000
   8.554  3966 2469  78 1  0  0 0 0 0 0  00000000
   8.565  3967 2469  78 1  0  0 0 0 0 0  00000000
   8.579  3968 2469  77 1  0  0 0 0 0 0  00000000
   8.591  3969 2469  76 1  0  0 0 0 0 0  00000000
   8.603  3970 2469  74 1  0  0 0 0 0 0  00000000
   8.616  3970 2469  66 1  0  0 0 0 0 0  00000000
   8.628  4014 2468  46 1  0  0 0 0 0 0  00000000
   8.640  4014 2468   0 0  0  0 0 0 0 0  00000000
   8.764  2123 4036  78 1  0  0 0 0 0 0  00000000
   8.777  2121 4036  73 1  0  0 0 0 0 0  00000000
   8.789  2119 4035  77 1  0  0 0 0 0 0  00000000
   8.802  2114 4013  77 1  0  0 0 0 0 0  00000000
   8.814  2112 4014  77 1  0  0 0 0 0 0  00000000
   8.826  2112 4015  77 1  0  0 0 0 0 0  00000000
   8.840  2112 4020  75 1  0  0 0 0 0 0  00000000
   8.851  2112 4021  73 1  0  0 0 0 0 0  00000000
   8.863  2113 4027  70 1  0  0 0 0 0 0  00000000
   8.876  2181 4055  59 1  0  0 0 0 0 0  00000000
   8.887  2181 4055   0 0  0  0 0 0 0 0  00000000
   8.938  3863 2576  86 1  0  0 0 0 0 0  00000000
   8.950  3864 2519  82 1  0  0 0 0 0 0  00000000
   8.963  3865 2520  86 1  0  0 0 0 0 0  00000000
   8.975  3866 2543  86 1  0  0 0 0 0 0  00000000
   8.987  3867 2543  86 1  0  0 0 0 0 0  00000000
   9.001  3867 2543  85 1  0  0 0 0 0 0  00000000
   9.014  3867 2544  82 1  0  0 0 0 0 0  00000000
   9.025  3867 2549  80 1  0  0 0 0 0 0  00000000
   9.038  3865 2550  69 1  0  0 0 0 0 0  00000000
   9.050  3813 2523  46 1  0  0 0 0 0 0  00000000
   9.061  3813 2523   0 0  0  0 0 0 0 0  00000000
   9.099  2136 4045  78 1  0  0 0 0 0 0  00000000
   9.111  2134 4045  75 1  0  0 0 0 0 0  00000000
   9.124  2129 4043  79 1  0  0 0 0 0 0  00000000
   9.136  2127 4038  79 1  0  0 0 0 0 0  00000000
   9.149  2125 4036  78 1  0  0 0 0 0 0  00000000
   9.161  2125 4034  77 1  0  0 0 0 0 0  00000000
   9.174  2125 4034  74 1  0  0 0 0 0 0  00000000
   9.186  2125 4034  70 1  0  0 0 0 0 0  00000000
   9.199  2171 4056  62 1  0  0 0 0 0 0  00000000
   9.211  2171 4056  56 1  0  0 0 0 0 0  00000000
   9.224  2171 4100  45 1  0  0 0 0 0 0  00000000
   9.235  2171 4100   0 0  0  0 0 0 0 0  00000000
   9.483  3938 2606  90 1  0  0 0 0 0 0  00000000
   9.496  3938 2505  80 1  0  0 0 0 0 0  00000000
   9.509  3938 2503  84 1  0  0 0 0 0 0  00000000
   9.521  3936 2475  80 1  0  0 0 0 0 0  00000000
   9.533  3931 2443  76 1  0  0 0 0 0 0  00000000
   9.546  3898 2414  70 1  0  0 0 0 0 0  00000000
   9.558  3876 2369  57 1  0  0 0 0 0 0  00000000
   9.570  3876 2369   0 0  0  0 0 0 0 0  00000000
   9.608  2154 3782  71 1  0  0 0 0 0 0  00000000
   9.621  2121 3715  82 1  0  0 0 0 0 0  00000000
   9.632  2105 3679  86 1  0  0 0 0 0 0  00000000
   9.646  2103 3632  87 1  0  0 0 0 0 0  00000000
   9.657  2076 3577  88 1  0  0 0 0 0 0  00000000
   9.670  2076 3531  86 1  0  0 0 0 0 0  00000000
   9.683  2074 3486  83 1  0  0 0 0 0 0  00000000
   9.696  2068 3445  79 1  0  0 0 0 0 0  00000000
   9.707  2028 3421  74 1  0  0 0 0 0 0  00000000
   9.720  1985 3383  62 1  0  0 0 0 0 0  00000000
   9.733  1985 3383   0 0  0  0 0 0 0 0  00000000
   9.856  4097 2271  75 1  0  0 0 0 0 0  00000000
   9.868  4097 2177  69 1  0  0 0 0 0 0  00000000
   9.881  4097 2178  71 1  0  0 0 0 0 0  00000000
   9.893  4097 2182  71 1  0  0 0 0 0 0  00000000
   9.906  4097 2187  71 1  0  0 0 0 0 0  00000000
   9.918  4097 2211  69 1  0  0 0 0 0 0  00000000
   9.930  4097 2237  65 1  0  0 0 0 0 0  00000000
   9.943  4098 2282  57 1  0  0 0 0 0 0  00000000
   9.956  4098 2282   0 0  0  0 0 0 0 0  00000000
  10.191  2344 3349  84 1  0  0 0 0 0 0  00000000
  10.203  2344 3322  82 1  0  0 0 0 0 0  00000000
  10.217  2344 3322  84 1  0  0 0 0 0 0  00000000
  10.240  2344 3322  83 1  0  0 0 0 0 0  00000000
  10.254  2385 3323  77 1  0  0 0 0 0 0  00000000
  10.265  2462 3329  60 1  0  0 0 0 0 0  00000000
  10.277  2462 3329   0 0  0  0 0 0 0 0  00000000
  10.365  4484 2489  96 1  0  0 0 0 0 0  00000000
  10.377  4484 2432  87 1  0  0 0 0 0 0  00000000
  10.390  4484 2492  93 1  0  0 0 0 0 0  00000000
  10.403  4484 2512  93 1  0  0 0 0 0 0  00000000
  10.415  4484 2513  90 1  0  0 0 0 0 0  00000000
  10.427  4484 2552  87 1  0  0 0 0 0 0  00000000
  10.440  4484 2550  80 1  0  0 0 0 0 0  00000000
  10.453  4433 2499  61 1  0  0 0 0 0 0  00000000
  10.463  4433 2499   0 0  0  0 0 0 0 0  00000000
  10.514  2738 3586  42 1  0  0 0 0 0 0  00000000
  10.526  2651 3640  84 1  0  0 0 0 0 0  00000000
  10.539  2651 3624  87 1  0  0 0 0 0 0  00000000
  10.550  2651 3622  89 1  0  0 0 0 0 0  00000000
  10.564  2651 3599  90 1  0  0 0 0 0 0  00000000
  10.576  2651 3599  89 1  0  0 0 0 0 0  00000000
  10.589  2651 3598  89 1  0  0 0 0 0 0  00000000
  10.602  2651 3569  88 1  0  0 0 0 0 0  00000000
  10.614  2651 3567  86 1  0  0 0 0 0 0  00000000
  10.626  2651 3562  84 1  0  0 0 0 0 0  00000000
  10.638  2651 3540  82 1  0  0 0 0 0 0  00000000
  10.650  2651 3538  79 1  0  0 0 0 0 0  00000000
  10.663  2651 3509  75 1  0  0 0 0 0 0  00000000
  10.676  2655 3509  73 1  0  0 0 0 0 0  00000000
  10.688  2656 3509  71 1  0  0 0 0 0 0  00000000
  10.701  2661 3510  66 1  0  0 0 0 0 0  00000000
  10.712  2665 3514  64 1  0  0 0 0 0 0  00000000
  10.725  2666 3515  53 1  0  0 0 0 0 0  00000000
  10.737  2666 3515   0 0  0  0 0 0 0 0  00000000
  10.886  4619 2768 103 1  0  0 0 0 0 0  00000000
  10.898  4642 2750  76 1  0  0 0 0 0 0  00000000
  10.911  4600 2751  95 1  0  0 0 0 0 0  00000000
  10.923  4600 2752  96 1  0  0 0 0 0 0  00000000
  10.936  4600 2757  94 1  0  0 0 0 0 0  00000000
  10.948  4600 2758  93 1  0  0 0 0 0 0  00000000
  10.961  4600 2758  89 1  0  0 0 0 0 0  00000000
  10.973  4640 2713  75 1  0  0 0 0 0 0  00000000
  10.984  4601 2643  50 1  0  0 0 0 0 0  00000000
  10.996  4601 2643   0 0  0  0 0 0 0 0  00000000
  11.047  2560 3721  92 1  0  0 0 0 0 0  00000000
  11.060  2536 3720  82 1  0  0 0 0 0 0  00000000
  11.072  2536 3716  87 1  0  0 0 0 0 0  00000000
  11.084  2536 3710  86 1  0  0 0 0 0 0  00000000
  11.098  2536 3708  85 1  0  0 0 0 0 0  00000000
  11.109  2531 3703  80 1  0  0 0 0 0 0  00000000
  11.122  2531 3698  70 1  0  0 0 0 0 0  00000000
  11.133  2531 3698   0 0  0  0 0 0 0 0  00000000
  11.185  4654 3026  52 1  0  0 0 0 0 0  00000000
  11.196  4536 3097  93 1  0  0 0 0 0 0  00000000
  11.209  4572 3096 100 1  0  0 0 0 0 0  00000000
  11.221  4572 3140  98 1  0  0 0 0 0 0  00000000
  11.233  4572 3164  97 1  0  0 0 0 0 0  00000000
  11.246  4576 3204  94 1  0  0 0 0 0 0  00000000
  11.259  4613 3243  91 1  0  0 0 0 0 0  00000000
  11.270  4614 3244  90 1  0  0 0 0 0 0  00000000
  11.283  4618 3310  88 1  0  0 0 0 0 0  00000000
  11.295  4654 3310  80 1  0  0 0 0 0 0  00000000
  11.308  4654 3333  74 1  0  0 0 0 0 0  00000000
  11.319  4633 3333  59 1  0  0 0 0 0 0  00000000
  11.344  4633 3333   0 0  0  0 0 0 0 0  00000000
  11.358  2445 3771  93 1  0  0 0 0 0 0  00000000
  11.370  2445 3792  81 1  0  0 0 0 0 0  00000000
  11.383  2445 3771  90 1  0  0 0 0 0 0  00000000
  11.395  2445 3770  91 1  0  0 0 0 0 0  00000000
  11.408  2445 3770  92 1  0  0 0 0 0 0  00000000
  11.419  2445 3765  92 1  0  0 0 0 0 0  00000000
  11.433  2445 3760  92 1  0  0 0 0 0 0  00000000
  11.444  2443 3754  91 1  0  0 0 0 0 0  00000000
  11.457  2441 3752  91 1  0  0 0 0 0 0  00000000
  11.469  2439 3729  91 1  0  0 0 0 0 0  00000000
  11.481  2437 3729  88 1  0  0 0 0 0 0  00000000
  11.494  2433 3730  82 1  0  0 0 0 0 0  00000000
  11.506  2475 3730  58 1  0  0 0 0 0 0  00000000
  11.517  2475 3730   0 0  0  0 0 0 0 0  00000000
  11.581  4666 3070 101 1  0  0 0 0 0 0  00000000
  11.593  4714 3022  96 1  0  0 0 0 0 0  00000000
  11.606  4667 3040  97 1  0  0 0 0 0 0  00000000
  11.631  4665 2996  91 1  0  0 0 0 0 0  00000000
  11.643  4641 2923  74 1  0  0 0 0 0 0  00000000
  11.654  4553 2883  40 1  0  0 0 0 0 0  00000000
  11.666  4553 2883   0 0  0  0 0 0 0 0  00000000
  11.679  2453 3771  92 1  0  0 0 0 0 0  00000000
  11.692  2451 3771  90 1  0  0 0 0 0 0  00000000
  11.705  2449 3769  92 1  0  0 0 0 0 0  00000000
  11.719  2444 3744  93 1  0  0 0 0 0 0  00000000
  11.729  2439 3742  93 1  0  0 0 0 0 0  00000000
  11.743  2437 3740  91 1  0  0 0 0 0 0  00000000
  11.754  2437 3734  86 1  0  0 0 0 0 0  00000000
  11.767  2472 3713  67 1  0  0 0 0 0 0  00000000
  11.779  2472 3713   0 0  0  0 0 0 0 0  00000000
  11.817  4622 3046 103 1  0  0 0 0 0 0  00000000
  11.829  4623 3046  96 1  0  0 0 0 0 0  00000000
  11.842  4624 3047  98 1  0  0 0 0 0 0  00000000
  11.854  4624 3089  97 1  0  0 0 0 0 0  00000000
  11.867  4624 3089  96 1  0  0 0 0 0 0  00000000
  11.879  4624 3089  95 1  0  0 0 0 0 0  00000000
  11.891  4624 3089  92 1  0  0 0 0 0 0  00000000
  11.904  4624 3115  85 1  0  0 0 0 0 0  00000000
  11.915  4558 3178  42 1  0  0 0 0 0 0  00000000
  11.927  4558 3178   0 0  0  0 0 0 0 0  00000000
  11.942  2654 3734  95 1  0  0 0 0 0 0  00000000
  11.953  2653 3734  91 1  0  0 0 0 0 0  00000000
  11.965  2648 3734  94 1  0  0 0 0 0 0  00000000
  11.977  2642 3730  96 1  0  0 0 0 0 0  00000000
  11.990  2640 3703  95 1  0  0 0 0 0 0  00000000
  12.004  2638 3701  94 1  0  0 0 0 0 0  00000000
  12.016  2638 3679  93 1  0  0 0 0 0 0  00000000
  12.027  2638 3679  92 1  0  0 0 0 0 0  00000000
  12.052  2638 3661  88 1  0  0 0 0 0 0  00000000
  12.065  2638 3661  83 1  0  0 0 0 0 0  00000000
  12.078  2656 3641  73 1  0  0 0 0 0 0  00000000
  12.090  2656 3641   0 0  0  0 0 0 0 0  00000000
  12.152  4823 2888  88 1  0  0 0 0 0 0  00000000
  12.164  4723 2952  83 1  0  0 0 0 0 0  00000000
  12.177  4756 2873 100 1  0  0 0 0 0 0  00000000
  12.189  4756 2843 100 1  0  0 0 0 0 0  00000000
  12.201  4755 2843  99 1  0  0 0 0 0 0  00000000
  12.214  4755 2839  99 1  0  0 0 0 0 0  00000000
  12.227  4755 2838  98 1  0  0 0 0 0 0  00000000
  12.239  4755 2838  97 1  0  0 0 0 0 0  00000000
  12.250  4755 2844  95 1  0  0 0 0 0 0  00000000
  12.264  4755 2850  92 1  0  0 0 0 0 0  00000000
  12.275  4737 2891  78 1  0  0 0 0 0 0  00000000
  12.289  4738 2907  58 1  0  0 0 0 0 0  00000000
  12.299  4738 2907   0 0  0  0 0 0 0 0  00000000
  12.338  2609 3751  96 1  0  0 0 0 0 0  00000000
  12.350  2609 3751  92 1  0  0 0 0 0 0  00000000
  12.362  2608 3731  96 1  0  0 0 0 0 0  00000000
  12.375  2606 3729  98 1  0  0 0 0 0 0  00000000
  12.387  2606 3707  96 1  0  0 0 0 0 0  00000000
  12.399  2604 3707  98 1  0  0 0 0 0 0  00000000
  12.412  2603 3707  96 1  0  0 0 0 0 0  00000000
  12.424  2603 3707  93 1  0  0 0 0 0 0  00000000
  12.437  2629 3687  84 1  0  0 0 0 0 0  00000000
  12.449  2760 3685  50 1  0  0 0 0 0 0  00000000
  12.460  2760 3685   0 0  0  0 0 0 0 0  00000000
  12.486  4889 2831  91 1  0  0 0 0 0 0  00000000
  12.499  4805 2883  95 1  0  0 0 0 0 0  00000000
  12.511  4806 2863 105 1  0  0 0 0 0 0  00000000
  12.524  4806 2838 106 1  0  0 0 0 0 0  00000000
  12.549  4806 2804 102 1  0  0 0 0 0 0  00000000
  12.561  4805 2778  96 1  0  0 0 0 0 0  00000000
  12.573  4772 2721  79 1  0  0 0 0 0 0  00000000
  12.586  4711 2668  50 1  0  0 0 0 0 0  00000000
  12.599  4711 2668   0 0  0  0 0 0 0 0  00000000
