time	 y	 z	 f	 w	 l	 r	 u	 d	 m	 multi
   0.000  2050 3490   0 0  0  0 0 0 0 0  00000000
   1.533  2431 3360  85 1  0  0 0 0 0 0  00000000
   1.558  2431 3336  87 1  0  0 0 0 0 0  00000000
   1.570  2431 3336  86 1  0  0 0 0 0 0  00000000
   1.582  2431 3337  85 1  0  0 0 0 0 0  00000000
   1.596  2431 3338  82 1  0  0 0 0 0 0  00000000
   1.610  2431 3339  78 1  0  0 0 0 0 0  00000000
   1.621  2503 3344  67 1  0  0 0 0 0 0  00000000
   1.631  2611 3350  42 1  0  0 0 0 0 0  00000000
   1.644  2611 3350   0 0  0  0 0 0 0 0  00000000
   1.768  3972 2525  73 1  0  0 0 0 0 0  00000000
   1.781  3972 2523  68 1  0  0 0 0 0 0  00000000
   1.794  3971 2517  71 1  0  0 0 0 0 0  00000000
   1.806  3969 2515  72 1  0  0 0 0 0 0  00000000
   1.819  3964 2515  72 1  0  0 0 0 0 0  00000000
   1.832  3963 2515  71 1  0  0 0 0 0 0  00000000
   1.844  3963 2516  72 1  0  0 0 0 0 0  00000000
   1.855  3963 2517  71 1  0  0 0 0 0 0  00000000
   1.869  3963 2518  70 1  0  0 0 0 0 0  00000000
   1.894  3964 2518  69 1  0  0 0 0 0 0  00000000
   1.905  3969 2518  68 1  0  0 0 0 0 0  00000000
   1.918  4001 2517  65 1  0  0 0 0 0 0  00000000
   1.930  4029 2512  62 1  0  0 0 0 0 0  00000000
   1.939  4029 2510  62 1  0  0 0 0 0 0  00000000
   1.949  4097 2483  50 1  0  0 0 0 0 0  00000000
   1.966  4097 2483   0 0  0  0 0 0 0 0  00000000
   2.043  2623 3344  88 1  0  0 0 0 0 0  00000000
   2.053  2590 3246  78 1  0  0 0 0 0 0  00000000
   2.066  2573 3275  89 1  0  0 0 0 0 0  00000000
   2.078  2573 3275  90 1  0  0 0 0 0 0  00000000
   2.091  2573 3275  89 1  0  0 0 0 0 0  00000000
   2.116  2573 3276  87 1  0  0 0 0 0 0  00000000
   2.129  2571 3282  83 1  0  0 0 0 0 0  00000000
   2.142  2571 3288  77 1  0  0 0 0 0 0  00000000
   2.154  2572 3322  67 1  0  0 0 0 0 0  00000000
   2.166  2591 3323  44 1  0  0 0 0 0 0  00000000
   2.176  2591 3323   0 0  0  0 0 0 0 0  00000000
   2.289  4043 2504  58 1  0  0 0 0 0 0  00000000
   2.302  3975 2484  69 1  0  0 0 0 0 0  00000000
   2.315  3976 2484  71 1  0  0 0 0 0 0  00000000
   2.328  3976 2484  72 1  0  0 0 0 0 0  00000000
   2.364  3977 2484  73 1  0  0 0 0 0 0  00000000
   2.374  3978 2484  73 1  0  0 0 0 0 0  00000000
   2.383  3979 2488  72 1  0  0 0 0 0 0  00000000
   2.402  3983 2493  69 1  0  0 0 0 0 0  00000000
   2.415  4005 2498  66 1  0  0 0 0 0 0  00000000
   2.426  4023 2498  55 1  0  0 0 0 0 0  00000000
   2.445  4023 2498   0 0  0  0 0 0 0 0  00000000
   2.538  2488 3389  76 1  0  0 0 0 0 0  00000000
   2.551  2454 3346  78 1  0  0 0 0 0 0  00000000
   2.563  2452 3363  85 1  0  0 0 0 0 0  00000000
   2.575  2446 3363  85 1  0  0 0 0 0 0  00000000
   2.588  2444 3362  85 1  0  0 0 0 0 0  00000000
   2.600  2443 3362  86 1  0  0 0 0 0 0  00000000
   2.613  2441 3363  84 1  0  0 0 0 0 0  00000000
   2.625  2441 3364  83 1  0  0 0 0 0 0  00000000
   2.638  2441 3369  80 1  0  0 0 0 0 0  00000000
   2.650  2442 3375  75 1  0  0 0 0 0 0  00000000
   2.662  2485 3381  67 1  0  0 0 0 0 0  00000000
   2.675  2547 3408  50 1  0  0 0 0 0 0  00000000
   2.687  2547 3408   0 0  0  0 0 0 0 0  00000000
   2.786  4195 2188  46 1  0  0 0 0 0 0  00000000
   2.799  4112 2165  68 1  0  0 0 0 0 0  00000000
   2.811  4112 2165  69 1  0  0 0 0 0 0  00000000
   2.824  4112 2163  69 1  0  0 0 0 0 0  00000000
   2.836  4112 2163  70 1  0  0 0 0 0 0  00000000
   2.861  4112 2163  71 1  0  0 0 0 0 0  00000000
   2.873  4112 2167  70 1  0  0 0 0 0 0  00000000
   2.886  4112 2172  70 1  0  0 0 0 0 0  00000000
   2.898  4112 2194  70 1  0  0 0 0 0 0  00000000
   2.922  4112 2195  69 1  0  0 0 0 0 0  00000000
   2.935  4112 2196  69 1  0  0 0 0 0 0  00000000
   2.947  4112 2197  67 1  0  0 0 0 0 0  00000000
   2.960  4132 2197  60 1  0  0 0 0 0 0  00000000
   2.972  4183 2180  38 1  0  0 0 0 0 0  00000000
   2.983  4183 2180   0 0  0  0 0 0 0 0  00000000
   3.034  2558 3278  82 1  0  0 0 0 0 0  00000000
   3.047  2556 3279  86 1  0  0 0 0 0 0  00000000
   3.059  2536 3280  87 1  0  0 0 0 0 0  00000000
   3.072  2536 3286  86 1  0  0 0 0 0 0  00000000
   3.084  2536 3291  86 1  0  0 0 0 0 0  00000000
   3.097  2536 3296  85 1  0  0 0 0 0 0  00000000
   3.110  2536 3301  85 1  0  0 0 0 0 0  00000000
   3.122  2536 3307  83 1  0  0 0 0 0 0  00000000
   3.134  2536 3313  82 1  0  0 0 0 0 0  00000000
   3.146  2536 3318  78 1  0  0 0 0 0 0  00000000
   3.159  2532 3319  73 1  0  0 0 0 0 0  00000000
   3.172  2504 3341  63 1  0  0 0 0 0 0  00000000
   3.183  2505 3341  47 1  0  0 0 0 0 0  00000000
   3.195  2505 3341   0 0  0  0 0 0 0 0  00000000
   3.295  4098 2290  59 1  0  0 0 0 0 0  00000000
   3.307  4030 2254  70 1  0  0 0 0 0 0  00000000
   3.321  4030 2255  72 1  0  0 0 0 0 0  00000000
   3.333  4030 2256  72 1  0  0 0 0 0 0  00000000
   3.345  4030 2257  73 1  0  0 0 0 0 0  00000000
   3.357  4030 2258  72 1  0  0 0 0 0 0  00000000
   3.369  4030 2262  72 1  0  0 0 0 0 0  00000000
   3.379  4030 2263  72 1  0  0 0 0 0 0  00000000
   3.394  4030 2264  72 1  0  0 0 0 0 0  00000000
   3.404  4030 2265  72 1  0  0 0 0 0 0  00000000
   3.414  4030 2266  70 1  0  0 0 0 0 0  00000000
   3.431  4059 2267  57 1  0  0 0 0 0 0  00000000
   3.444  4096 2260  45 1  0  0 0 0 0 0  00000000
   3.455  4096 2260   0 0  0  0 0 0 0 0  00000000
   3.519  2527 3212  89 1  0  0 0 0 0 0  00000000
   3.530  2511 3211  89 1  0  0 0 0 0 0  00000000
   3.543  2511 3192  92 1  0  0 0 0 0 0  00000000
   3.555  2511 3192  91 1  0  0 0 0 0 0  00000000
   3.580  2511 3192  90 1  0  0 0 0 0 0  00000000
   3.593  2511 3192  88 1  0  0 0 0 0 0  00000000
   3.605  2511 3212  84 1  0  0 0 0 0 0  00000000
   3.618  2511 3213  81 1  0  0 0 0 0 0  00000000
   3.630  2512 3262  75 1  0  0 0 0 0 0  00000000
   3.643  2572 3293  63 1  0  0 0 0 0 0  00000000
   3.654  2572 3293   0 0  0  0 0 0 0 0  00000000
   3.753  4223 2228  34 1  0  0 0 0 0 0  00000000
   3.768  4082 2146  68 1  0  0 0 0 0 0  00000000
   3.778  4082 2146  69 1  0  0 0 0 0 0  00000000
   3.803  4082 2146  70 1  0  0 0 0 0 0  00000000
   3.828  4082 2146  69 1  0  0 0 0 0 0  00000000
   3.841  4083 2147  68 1  0  0 0 0 0 0  00000000
   3.854  4084 2152  68 1  0  0 0 0 0 0  00000000
   3.866  4085 2156  66 1  0  0 0 0 0 0  00000000
   3.878  4086 2161  64 1  0  0 0 0 0 0  00000000
   3.890  4087 2166  59 1  0  0 0 0 0 0  00000000
   3.903  4106 2214  51 1  0  0 0 0 0 0  00000000
   3.916  4106 2214   0 0  0  0 0 0 0 0  00000000
   4.015  2481 3243  91 1  0  0 0 0 0 0  00000000
   4.027  2459 3208  86 1  0  0 0 0 0 0  00000000
   4.040  2459 3208  90 1  0  0 0 0 0 0  00000000
   4.053  2459 3206  91 1  0  0 0 0 0 0  00000000
   4.063  2457 3201  90 1  0  0 0 0 0 0  00000000
   4.076  2455 3195  89 1  0  0 0 0 0 0  00000000
   4.089  2455 3189  88 1  0  0 0 0 0 0  00000000
   4.101  2455 3183  89 1  0  0 0 0 0 0  00000000
   4.114  2454 3178  88 1  0  0 0 0 0 0  00000000
   4.126  2454 3176  87 1  0  0 0 0 0 0  00000000
   4.139  2454 3171  86 1  0  0 0 0 0 0  00000000
   4.151  2454 3166  87 1  0  0 0 0 0 0  00000000
   4.164  2454 3164  87 1  0  0 0 0 0 0  00000000
   4.177  2454 3162  87 1  0  0 0 0 0 0  00000000
   4.188  2454 3160  87 1  0  0 0 0 0 0  00000000
   4.201  2454 3158  88 1  0  0 0 0 0 0  00000000
   4.213  2454 3156  87 1  0  0 0 0 0 0  00000000
   4.225  2454 3154  88 1  0  0 0 0 0 0  00000000
   4.239  2454 3152  88 1  0  0 0 0 0 0  00000000
   4.250  2454 3150  88 1  0  0 0 0 0 0  00000000
   4.263  2454 3146  88 1  0  0 0 0 0 0  00000000
   4.275  2454 3144  87 1  0  0 0 0 0 0  00000000
   4.288  2454 3143  87 1  0  0 0 0 0 0  00000000
   4.300  2454 3141  86 1  0  0 0 0 0 0  00000000
   4.313  2454 3141  87 1  0  0 0 0 0 0  00000000
   4.325  2454 3141  88 1  0  0 0 0 0 0  00000000
   4.337  2454 3141  85 1  0  0 0 0 0 0  00000000
   4.349  2454 3141  81 1  0  0 0 0 0 0  00000000
   4.362  2454 3141  72 1  0  0 0 0 0 0  00000000
   4.374  2454 3141   0 0  0  0 0 0 0 0  00000000
   4.500  2534 3198  86 1  0  0 0 0 0 0  00000000
   4.512  2530 3198  86 1  0  0 0 0 0 0  00000000
   4.524  2526 3197  88 1  0  0 0 0 0 0  00000000
   4.536  2525 3197  87 1  0  0 0 0 0 0  00000000
   4.548  2525 3198  87 1  0  0 0 0 0 0  00000000
   4.561  2525 3199  87 1  0  0 0 0 0 0  00000000
   4.573  2525 3203  86 1  0  0 0 0 0 0  00000000
   4.587  2525 3226  86 1  0  0 0 0 0 0  00000000
   4.598  2525 3227  85 1  0  0 0 0 0 0  00000000
   4.610  2526 3232  84 1  0  0 0 0 0 0  00000000
   4.623  2549 3255  84 1  0  0 0 0 0 0  00000000
   4.635  2549 3256  83 1  0  0 0 0 0 0  00000000
   4.648  2549 3278  83 1  0  0 0 0 0 0  00000000
   4.672  2549 3278  84 1  0  0 0 0 0 0  00000000
   4.685  2549 3279  85 1  0  0 0 0 0 0  00000000
   4.722  2549 3279  86 1  0  0 0 0 0 0  00000000
   4.809  2549 3275  86 1  0  0 0 0 0 0  00000000
   4.821  2549 3273  86 1  0  0 0 0 0 0  00000000
   4.846  2549 3271  86 1  0  0 0 0 0 0  00000000
   4.871  2548 3269  85 1  0  0 0 0 0 0  00000000
   4.896  2548 3269  84 1  0  0 0 0 0 0  00000000
   4.908  2548 3247  82 1  0  0 0 0 0 0  00000000
   4.921  2548 3247  77 1  0  0 0 0 0 0  00000000
   4.933  2600 3243  65 1  0  0 0 0 0 0  00000000
   4.944  2600 3243   0 0  0  0 0 0 0 0  00000000
