time	 y	 z	 f	 w	 l	 r	 u	 d	 m	 multi
   0.000  4711 2668   0 0  0  0 0 0 0 0  00000000
   1.164  2918 3594  51 1  0  0 0 0 0 0  00000000
   1.184  2918 3551  40 1  0  0 0 0 0 0  00000000
   1.193  2918 3551   0 0  0  0 0 0 0 0  00000000
   1.711  4354 2410  73 1  0  0 0 0 0 0  00000000
   1.723  4354 2410  70 1  0  0 0 0 0 0  00000000
   1.735  4352 2410  71 1  0  0 0 0 0 0  00000000
   1.748  4350 2410  72 1  0  0 0 0 0 0  00000000
   1.761  4350 2429  71 1  0  0 0 0 0 0  00000000
   1.772  4345 2449  68 1  0  0 0 0 0 0  00000000
   1.785  4324 2481  65 1  0  0 0 0 0 0  00000000
   1.797  4324 2499  62 1  0  0 0 0 0 0  00000000
   1.817  4322 2541  52 1  0  0 0 0 0 0  00000000
   1.834  4322 2541   0 0  0  0 0 0 0 0  00000000
   2.047  3060 3577  75 1  0  0 0 0 0 0  00000000
   2.059  3060 3549  74 1  0  0 0 0 0 0  00000000
   2.071  3060 3547  77 1  0  0 0 0 0 0  00000000
   2.084  3060 3542  78 1  0  0 0 0 0 0  00000000
   2.096  3060 3540  79 1  0  0 0 0 0 0  00000000
   2.108  3060 3538  77 1  0  0 0 0 0 0  00000000
   2.133  3060 3538  75 1  0  0 0 0 0 0  00000000
   2.145  3060 3538  74 1  0  0 0 0 0 0  00000000
   2.156  3060 3564  71 1  0  0 0 0 0 0  00000000
   2.169  3060 3564  68 1  0  0 0 0 0 0  00000000
   2.183  3060 3565  66 1  0  0 0 0 0 0  00000000
   2.195  3060 3571  58 1  0  0 0 0 0 0  00000000
   2.208  3107 3600  41 1  0  0 0 0 0 0  00000000
   2.219  3107 3600   0 0  0  0 0 0 0 0  00000000
   2.269  4409 2335  72 1  0  0 0 0 0 0  00000000
   2.281  4409 2336  72 1  0  0 0 0 0 0  00000000
   2.294  4409 2337  74 1  0  0 0 0 0 0  00000000
   2.306  4409 2338  75 1  0  0 0 0 0 0  00000000
   2.319  4409 2343  75 1  0  0 0 0 0 0  00000000
   2.331  4409 2348  75 1  0  0 0 0 0 0  00000000
   2.344  4409 2353  75 1  0  0 0 0 0 0  00000000
   2.356  4409 2374  74 1  0  0 0 0 0 0  00000000
   2.368  4410 2374  73 1  0  0 0 0 0 0  00000000
   2.383  4410 2374  69 1  0  0 0 0 0 0  00000000
   2.394  4433 2374  64 1  0  0 0 0 0 0  00000000
   2.405  4457 2374  50 1  0  0 0 0 0 0  00000000
   2.416  4457 2374   0 0  0  0 0 0 0 0  00000000
   2.455  3055 3640  80 1  0  0 0 0 0 0  00000000
   2.468  3053 3614  77 1  0  0 0 0 0 0  00000000
   2.480  3048 3614  80 1  0  0 0 0 0 0  00000000
   2.493  3047 3614  81 1  0  0 0 0 0 0  00000000
   2.506  3047 3614  80 1  0  0 0 0 0 0  00000000
   2.517  3047 3634  79 1  0  0 0 0 0 0  00000000
   2.531  3047 3662  77 1  0  0 0 0 0 0  00000000
   2.543  3048 3698  74 1  0  0 0 0 0 0  00000000
   2.556  3082 3730  71 1  0  0 0 0 0 0  00000000
   2.567  3135 3764  61 1  0  0 0 0 0 0  00000000
   2.578  3135 3764   0 0  0  0 0 0 0 0  00000000
   2.641  4477 2587  62 1  0  0 0 0 0 0  00000000
   2.653  4427 2556  71 1  0  0 0 0 0 0  00000000
   2.666  4428 2556  75 1  0  0 0 0 0 0  00000000
   2.679  4429 2556  77 1  0  0 0 0 0 0  00000000
   2.704  4429 2563  78 1  0  0 0 0 0 0  00000000
   2.716  4429 2567  78 1  0  0 0 0 0 0  00000000
   2.728  4429 2588  77 1  0  0 0 0 0 0  00000000
   2.740  4429 2588  76 1  0  0 0 0 0 0  00000000
   2.753  4430 2588  70 1  0  0 0 0 0 0  00000000
   2.765  4430 2587  55 1  0  0 0 0 0 0  00000000
   2.778  4430 2587   0 0  0  0 0 0 0 0  00000000
   2.852  3031 3844  69 1  0  0 0 0 0 0  00000000
   2.865  3029 3803  70 1  0  0 0 0 0 0  00000000
   2.877  3027 3803  73 1  0  0 0 0 0 0  00000000
   2.889  3026 3803  74 1  0  0 0 0 0 0  00000000
   2.902  3025 3803  73 1  0  0 0 0 0 0  00000000
   2.915  3023 3807  73 1  0  0 0 0 0 0  00000000
   2.927  3023 3811  71 1  0  0 0 0 0 0  00000000
   2.940  3023 3815  70 1  0  0 0 0 0 0  00000000
   2.952  3023 3821  66 1  0  0 0 0 0 0  00000000
   2.965  3054 3822  59 1  0  0 0 0 0 0  00000000
   2.977  3054 3822   0 0  0  0 0 0 0 0  00000000
   3.026  4519 2540  76 1  0  0 0 0 0 0  00000000
   3.039  4518 2512  70 1  0  0 0 0 0 0  00000000
   3.051  4516 2512  74 1  0  0 0 0 0 0  00000000
   3.064  4516 2512  75 1  0  0 0 0 0 0  00000000
   3.075  4515 2512  74 1  0  0 0 0 0 0  00000000
   3.112  4515 2512  72 1  0  0 0 0 0 0  00000000
   3.125  4535 2512  70 1  0  0 0 0 0 0  00000000
   3.138  4535 2512  68 1  0  0 0 0 0 0  00000000
   3.150  4556 2510  58 1  0  0 0 0 0 0  00000000
   3.163  4579 2484  39 1  0  0 0 0 0 0  00000000
   3.175  4579 2484   0 0  0  0 0 0 0 0  00000000
   3.237  3015 3796  73 1  0  0 0 0 0 0  00000000
   3.249  3015 3794  70 1  0  0 0 0 0 0  00000000
   3.262  3015 3792  72 1  0  0 0 0 0 0  00000000
   3.274  3013 3792  73 1  0  0 0 0 0 0  00000000
   3.287  3011 3791  71 1  0  0 0 0 0 0  00000000
   3.311  3012 3812  69 1  0  0 0 0 0 0  00000000
   3.323  3047 3812  67 1  0  0 0 0 0 0  00000000
   3.336  3085 3812  63 1  0  0 0 0 0 0  00000000
   3.348  3177 3810  53 1  0  0 0 0 0 0  00000000
   3.360  3196 3765  41 1  0  0 0 0 0 0  00000000
   3.373  3196 3765   0 0  0  0 0 0 0 0  00000000
   3.448  4575 2464  76 1  0  0 0 0 0 0  00000000
   3.460  4575 2441  68 1  0  0 0 0 0 0  00000000
   3.473  4575 2442  72 1  0  0 0 0 0 0  00000000
   3.497  4574 2443  71 1  0  0 0 0 0 0  00000000
   3.509  4574 2443  70 1  0  0 0 0 0 0  00000000
   3.522  4574 2444  69 1  0  0 0 0 0 0  00000000
   3.534  4574 2445  65 1  0  0 0 0 0 0  00000000
   3.547  4575 2450  59 1  0  0 0 0 0 0  00000000
   3.560  4645 2451  42 1  0  0 0 0 0 0  00000000
   3.571  4645 2451   0 0  0  0 0 0 0 0  00000000
   3.658  3140 3721  52 1  0  0 0 0 0 0  00000000
   3.671  3084 3721  69 1  0  0 0 0 0 0  00000000
   3.684  3084 3721  71 1  0  0 0 0 0 0  00000000
   3.722  3084 3721  70 1  0  0 0 0 0 0  00000000
   3.733  3084 3722  70 1  0  0 0 0 0 0  00000000
   3.746  3084 3745  68 1  0  0 0 0 0 0  00000000
   3.758  3104 3765  68 1  0  0 0 0 0 0  00000000
   3.771  3104 3765  65 1  0  0 0 0 0 0  00000000
   3.784  3105 3789  63 1  0  0 0 0 0 0  00000000
   3.794  3124 3789  60 1  0  0 0 0 0 0  00000000
   3.807  3155 3789  54 1  0  0 0 0 0 0  00000000
   3.820  3155 3768  46 1  0  0 0 0 0 0  00000000
   3.831  3155 3768   0 0  0  0 0 0 0 0  00000000
   3.931  4558 2334  74 1  0  0 0 0 0 0  00000000
   3.944  4542 2310  66 1  0  0 0 0 0 0  00000000
   3.956  4542 2310  69 1  0  0 0 0 0 0  00000000
   3.969  4542 2310  68 1  0  0 0 0 0 0  00000000
   3.983  4542 2309  68 1  0  0 0 0 0 0  00000000
   3.994  4542 2309  67 1  0  0 0 0 0 0  00000000
   4.006  4542 2309  65 1  0  0 0 0 0 0  00000000
   4.019  4563 2309  62 1  0  0 0 0 0 0  00000000
   4.031  4590 2309  57 1  0  0 0 0 0 0  00000000
   4.044  4610 2309  43 1  0  0 0 0 0 0  00000000
   4.055  4610 2309   0 0  0  0 0 0 0 0  00000000
   4.179  3056 3681  70 1  0  0 0 0 0 0  00000000
   4.193  3056 3681  68 1  0  0 0 0 0 0  00000000
   4.205  3056 3681  71 1  0  0 0 0 0 0  00000000
   4.230  3055 3681  71 1  0  0 0 0 0 0  00000000
   4.255  3055 3681  70 1  0  0 0 0 0 0  00000000
   4.267  3055 3688  69 1  0  0 0 0 0 0  00000000
   4.278  3055 3692  67 1  0  0 0 0 0 0  00000000
   4.292  3056 3693  66 1  0  0 0 0 0 0  00000000
   4.304  3078 3714  62 1  0  0 0 0 0 0  00000000
   4.317  3134 3714  52 1  0  0 0 0 0 0  00000000
   4.329  3134 3714   0 0  0  0 0 0 0 0  00000000
   4.453  4528 2273  73 1  0  0 0 0 0 0  00000000
   4.465  4528 2247  67 1  0  0 0 0 0 0  00000000
   4.477  4528 2247  70 1  0  0 0 0 0 0  00000000
   4.514  4528 2247  68 1  0  0 0 0 0 0  00000000
   4.527  4528 2247  66 1  0  0 0 0 0 0  00000000
   4.540  4529 2251  62 1  0  0 0 0 0 0  00000000
   4.553  4560 2252  53 1  0  0 0 0 0 0  00000000
   4.564  4561 2256  38 1  0  0 0 0 0 0  00000000
   4.576  4561 2256   0 0  0  0 0 0 0 0  00000000
   4.702  3071 3656  69 1  0  0 0 0 0 0  00000000
   4.712  3055 3656  68 1  0  0 0 0 0 0  00000000
   4.725  3055 3656  72 1  0  0 0 0 0 0  00000000
   4.750  3055 3656  71 1  0  0 0 0 0 0  00000000
   4.763  3055 3657  70 1  0  0 0 0 0 0  00000000
   4.776  3055 3682  69 1  0  0 0 0 0 0  00000000
   4.788  3055 3683  66 1  0  0 0 0 0 0  00000000
   4.800  3056 3688  60 1  0  0 0 0 0 0  00000000
   4.813  3132 3717  44 1  0  0 0 0 0 0  00000000
   4.824  3132 3717   0 0  0  0 0 0 0 0  00000000
   5.037  4536 2293  73 1  0  0 0 0 0 0  00000000
   5.049  4536 2265  66 1  0  0 0 0 0 0  00000000
   5.061  4536 2265  70 1  0  0 0 0 0 0  00000000
   5.072  4536 2265  68 1  0  0 0 0 0 0  00000000
   5.085  4534 2265  65 1  0  0 0 0 0 0  00000000
   5.096  4532 2265  65 1  0  0 0 0 0 0  00000000
   5.110  4532 2265  34 1  0  0 0 0 0 0  00000000
   5.122  4532 2265   0 0  0  0 0 0 0 0  00000000
   5.420  3140 3645  48 1  0  0 0 0 0 0  00000000
   5.433  3061 3643  73 1  0  0 0 0 0 0  00000000
   5.446  3062 3641  75 1  0  0 0 0 0 0  00000000
   5.458  3062 3636  77 1  0  0 0 0 0 0  00000000
   5.470  3062 3634  78 1  0  0 0 0 0 0  00000000
   5.483  3062 3632  77 1  0  0 0 0 0 0  00000000
   5.496  3062 3632  76 1  0  0 0 0 0 0  00000000
   5.508  3066 3652  74 1  0  0 0 0 0 0  00000000
   5.520  3070 3668  74 1  0  0 0 0 0 0  00000000
   5.533  3071 3669  74 1  0  0 0 0 0 0  00000000
   5.546  3072 3693  73 1  0  0 0 0 0 0  00000000
   5.558  3073 3693  72 1  0  0 0 0 0 0  00000000
   5.571  3074 3693  72 1  0  0 0 0 0 0  00000000
   5.582  3074 3694  71 1  0  0 0 0 0 0  00000000
   5.595  3074 3695  73 1  0  0 0 0 0 0  00000000
   5.607  3074 3696  73 1  0  0 0 0 0 0  00000000
   5.620  3074 3697  73 1  0  0 0 0 0 0  00000000
   5.632  3069 3697  70 1  0  0 0 0 0 0  00000000
   5.644  3064 3667  64 1  0  0 0 0 0 0  00000000
   5.656  3071 3665  49 1  0  0 0 0 0 0  00000000
   5.668  3071 3665   0 0  0  0 0 0 0 0  00000000
   5.693  4537 2299  73 1  0  0 0 0 0 0  00000000
   5.705  4537 2280  71 1  0  0 0 0 0 0  00000000
   5.718  4537 2281  73 1  0  0 0 0 0 0  00000000
   5.732  4537 2285  75 1  0  0 0 0 0 0  00000000
   5.742  4537 2286  74 1  0  0 0 0 0 0  00000000
   5.756  4537 2291  75 1  0  0 0 0 0 0  00000000
   5.768  4537 2313  74 1  0  0 0 0 0 0  00000000
   5.781  4537 2314  73 1  0  0 0 0 0 0  00000000
   5.792  4537 2335  73 1  0  0 0 0 0 0  00000000
   5.805  4537 2336  72 1  0  0 0 0 0 0  00000000
   5.818  4537 2360  71 1  0  0 0 0 0 0  00000000
   5.830  4537 2360  70 1  0  0 0 0 0 0  00000000
   5.842  4537 2360  69 1  0  0 0 0 0 0  00000000
   5.855  4535 2358  68 1  0  0 0 0 0 0  00000000
   5.868  4533 2356  66 1  0  0 0 0 0 0  00000000
   5.880  4533 2351  60 1  0  0 0 0 0 0  00000000
   5.892  4558 2302  42 1  0  0 0 0 0 0  00000000
   5.902  4558 2302   0 0  0  0 0 0 0 0  00000000
   5.967  3036 3633  75 1  0  0 0 0 0 0  00000000
   5.992  3036 3632  76 1  0  0 0 0 0 0  00000000
   6.005  3036 3631  76 1  0  0 0 0 0 0  00000000
   6.016  3036 3638  75 1  0  0 0 0 0 0  00000000
   6.029  3036 3667  74 1  0  0 0 0 0 0  00000000
   6.042  3037 3688  74 1  0  0 0 0 0 0  00000000
   6.054  3043 3707  73 1  0  0 0 0 0 0  00000000
   6.066  3070 3730  70 1  0  0 0 0 0 0  00000000
   6.079  3092 3730  66 1  0  0 0 0 0 0  00000000
   6.092  3122 3766  60 1  0  0 0 0 0 0  00000000
   6.103  3168 3745  44 1  0  0 0 0 0 0  00000000
   6.114  3168 3745   0 0  0  0 0 0 0 0  00000000
   6.215  4569 2327  78 1  0  0 0 0 0 0  00000000
   6.227  4569 2275  71 1  0  0 0 0 0 0  00000000
   6.239  4569 2275  74 1  0  0 0 0 0 0  00000000
   6.252  4567 2275  74 1  0  0 0 0 0 0  00000000
   6.265  4566 2275  73 1  0  0 0 0 0 0  00000000
   6.277  4566 2275  72 1  0  0 0 0 0 0  00000000
   6.289  4565 2279  69 1  0  0 0 0 0 0  00000000
   6.302  4561 2283  65 1  0  0 0 0 0 0  00000000
   6.314  4560 2288  58 1  0  0 0 0 0 0  00000000
   6.327  4555 2366  38 1  0  0 0 0 0 0  00000000
   6.337  4555 2366   0 0  0  0 0 0 0 0  00000000
   6.463  3004 3681  76 1  0  0 0 0 0 0  00000000
   6.475  3004 3681  74 1  0  0 0 0 0 0  00000000
   6.487  3004 3681  75 1  0  0 0 0 0 0  00000000
   6.512  3004 3681  74 1  0  0 0 0 0 0  00000000
   6.525  3005 3685  74 1  0  0 0 0 0 0  00000000
   6.538  3011 3714  71 1  0  0 0 0 0 0  00000000
   6.549  3040 3715  68 1  0  0 0 0 0 0  00000000
   6.562  3059 3720  61 1  0  0 0 0 0 0  00000000
   6.575  3059 3720   0 0  0  0 0 0 0 0  00000000
   6.735  4497 2307  78 1  0  0 0 0 0 0  00000000
   6.748  4465 2231  64 1  0  0 0 0 0 0  00000000
   6.761  4466 2231  64 1  0  0 0 0 0 0  00000000
   6.773  4459 2231  58 1  0  0 0 0 0 0  00000000
   6.785  4459 2231  38 1  0  0 0 0 0 0  00000000
   6.796  4459 2231   0 0  0  0 0 0 0 0  00000000
