time	 y	 z	 f	 w	 l	 r	 u	 d	 m	 multi
   0.000  3818 2871   0 0  0  0 0 0 0 0  00000000
   1.152  2637 3227  82 1  0  0 0 0 0 0  00000000
   1.177  2635 3227  85 1  0  0 0 0 0 0  00000000
   1.190  2635 3245  86 1  0  0 0 0 0 0  00000000
   1.202  2635 3245  85 1  0  0 0 0 0 0  00000000
   1.215  2635 3245  83 1  0  0 0 0 0 0  00000000
   1.228  2635 3246  82 1  0  0 0 0 0 0  00000000
   1.239  2639 3280  79 1  0  0 0 0 0 0  00000000
   1.251  2672 3313  73 1  0  0 0 0 0 0  00000000
   1.264  2709 3355  59 1  0  0 0 0 0 0  00000000
   1.276  2709 3355   0 0  0  0 0 0 0 0  00000000
   1.425  4037 2499  76 1  0  0 0 0 0 0  00000000
   1.437  4037 2451  72 1  0  0 0 0 0 0  00000000
   1.449  4037 2451  74 1  0  0 0 0 0 0  00000000
   1.462  4038 2451  74 1  0  0 0 0 0 0  00000000
   1.474  4038 2451  75 1  0  0 0 0 0 0  00000000
   1.487  4039 2451  75 1  0  0 0 0 0 0  00000000
   1.500  4040 2451  73 1  0  0 0 0 0 0  00000000
   1.524  4040 2451  71 1  0  0 0 0 0 0  00000000
   1.537  4040 2452  71 1  0  0 0 0 0 0  00000000
   1.549  4040 2453  68 1  0  0 0 0 0 0  00000000
   1.561  4059 2454  64 1  0  0 0 0 0 0  00000000
   1.573  4097 2454  57 1  0  0 0 0 0 0  00000000
   1.586  4116 2437  47 1  0  0 0 0 0 0  00000000
   1.597  4116 2437   0 0  0  0 0 0 0 0  00000000
   1.661  2706 3482  87 1  0  0 0 0 0 0  00000000
   1.673  2706 3430  80 1  0  0 0 0 0 0  00000000
   1.686  2704 3430  85 1  0  0 0 0 0 0  00000000
   1.698  2703 3430  85 1  0  0 0 0 0 0  00000000
   1.710  2702 3429  86 1  0  0 0 0 0 0  00000000
   1.722  2702 3427  85 1  0  0 0 0 0 0  00000000
   1.736  2700 3427  85 1  0  0 0 0 0 0  00000000
   1.748  2700 3427  86 1  0  0 0 0 0 0  00000000
   1.760  2699 3427  84 1  0  0 0 0 0 0  00000000
   1.772  2695 3446  84 1  0  0 0 0 0 0  00000000
   1.785  2695 3446  82 1  0  0 0 0 0 0  00000000
   1.798  2695 3450  81 1  0  0 0 0 0 0  00000000
   1.810  2695 3454  79 1  0  0 0 0 0 0  00000000
   1.821  2695 3455  77 1  0  0 0 0 0 0  00000000
   1.834  2695 3455  76 1  0  0 0 0 0 0  00000000
   1.847  2695 3456  73 1  0  0 0 0 0 0  00000000
   1.859  2695 3456  63 1  0  0 0 0 0 0  00000000
   1.872  2716 3421  44 1  0  0 0 0 0 0  00000000
   1.884  2716 3421   0 0  0  0 0 0 0 0  00000000
   1.897  4210 2310  70 1  0  0 0 0 0 0  00000000
   1.909  4176 2289  72 1  0  0 0 0 0 0  00000000
   1.934  4177 2289  76 2  0  0 0 0 0 0  00000000
   1.959  4178 2311  76 2  0  0 0 0 0 0  00000000
   1.983  4179 2311  75 1  0  0 0 0 0 0  00000000
   1.996  4184 2311  75 1  0  0 0 0 0 0  00000000
   2.008  4189 2312  74 1  0  0 0 0 0 0  00000000
   2.021  4190 2316  73 1  0  0 0 0 0 0  00000000
   2.033  4195 2317  72 1  0  0 0 0 0 0  00000000
   2.045  4201 2318  71 1  0  0 0 0 0 0  00000000
   2.058  4206 2318  69 1  0  0 0 0 0 0  00000000
   2.070  4210 2319  67 1  0  0 0 0 0 0  00000000
   2.083  4215 2319  59 1  0  0 0 0 0 0  00000000
   2.096  4251 2276  40 1  0  0 0 0 0 0  00000000
   2.106  4251 2276   0 0  0  0 0 0 0 0  00000000
   2.145  2641 3499  86 1  0  0 0 0 0 0  00000000
   2.157  2640 3483  86 1  0  0 0 0 0 0  00000000
   2.170  2639 3484  87 1  0  0 0 0 0 0  00000000
   2.181  2634 3484  88 1  0  0 0 0 0 0  00000000
   2.194  2628 3484  87 1  0  0 0 0 0 0  00000000
   2.207  2626 3485  86 1  0  0 0 0 0 0  00000000
   2.219  2626 3486  84 1  0  0 0 0 0 0  00000000
   2.232  2626 3487  82 1  0  0 0 0 0 0  00000000
   2.244  2626 3488  80 1  0  0 0 0 0 0  00000000
   2.257  2626 3493  77 1  0  0 0 0 0 0  00000000
   2.269  2626 3519  75 1  0  0 0 0 0 0  00000000
   2.282  2626 3520  72 1  0  0 0 0 0 0  00000000
   2.292  2644 3549  70 1  0  0 0 0 0 0  00000000
   2.306  2644 3550  67 1  0  0 0 0 0 0  00000000
   2.319  2662 3570  62 1  0  0 0 0 0 0  00000000
   2.331  2632 3570  52 1  0  0 0 0 0 0  00000000
   2.343  2632 3570   0 0  0  0 0 0 0 0  00000000
   2.406  4224 2373  77 1  0  0 0 0 0 0  00000000
   2.417  4207 2320  72 1  0  0 0 0 0 0  00000000
   2.431  4207 2320  76 1  0  0 0 0 0 0  00000000
   2.442  4207 2320  75 1  0  0 0 0 0 0  00000000
   2.455  4207 2320  76 1  0  0 0 0 0 0  00000000
   2.468  4208 2321  75 1  0  0 0 0 0 0  00000000
   2.479  4209 2322  74 1  0  0 0 0 0 0  00000000
   2.493  4210 2323  74 1  0  0 0 0 0 0  00000000
   2.505  4211 2324  72 1  0  0 0 0 0 0  00000000
   2.516  4215 2325  68 1  0  0 0 0 0 0  00000000
   2.529  4237 2347  57 1  0  0 0 0 0 0  00000000
   2.542  4237 2347   0 0  0  0 0 0 0 0  00000000
   2.678  2689 3511  88 1  0  0 0 0 0 0  00000000
   2.691  2689 3485  84 1  0  0 0 0 0 0  00000000
   2.703  2688 3485  86 1  0  0 0 0 0 0  00000000
   2.741  2688 3485  85 1  0  0 0 0 0 0  00000000
   2.753  2688 3486  83 1  0  0 0 0 0 0  00000000
   2.765  2688 3487  82 1  0  0 0 0 0 0  00000000
   2.777  2689 3491  79 1  0  0 0 0 0 0  00000000
   2.789  2690 3517  74 1  0  0 0 0 0 0  00000000
   2.802  2711 3540  65 1  0  0 0 0 0 0  00000000
   2.815  2742 3541  50 1  0  0 0 0 0 0  00000000
   2.826  2742 3541   0 0  0  0 0 0 0 0  00000000
   2.926  4228 2301  76 1  0  0 0 0 0 0  00000000
   2.938  4229 2299  74 1  0  0 0 0 0 0  00000000
   2.951  4229 2299  77 1  0  0 0 0 0 0  00000000
   2.963  4230 2299  77 1  0  0 0 0 0 0  00000000
   2.976  4231 2298  76 1  0  0 0 0 0 0  00000000
   2.989  4231 2298  77 1  0  0 0 0 0 0  00000000
   3.001  4231 2298  76 1  0  0 0 0 0 0  00000000
   3.014  4232 2298  75 1  0  0 0 0 0 0  00000000
   3.026  4232 2302  74 1  0  0 0 0 0 0  00000000
   3.037  4233 2303  72 1  0  0 0 0 0 0  00000000
   3.050  4238 2304  70 1  0  0 0 0 0 0  00000000
   3.062  4271 2305  67 1  0  0 0 0 0 0  00000000
   3.075  4318 2306  57 1  0  0 0 0 0 0  00000000
   3.087  4384 2329  42 1  0  0 0 0 0 0  00000000
   3.098  4384 2329   0 0  0  0 0 0 0 0  00000000
   3.212  2771 3472  88 1  0  0 0 0 0 0  00000000
   3.224  2770 3456  87 1  0  0 0 0 0 0  00000000
   3.237  2768 3454  89 1  0  0 0 0 0 0  00000000
   3.249  2768 3454  88 1  0  0 0 0 0 0  00000000
   3.273  2768 3454  87 1  0  0 0 0 0 0  00000000
   3.286  2768 3454  85 1  0  0 0 0 0 0  00000000
   3.300  2768 3454  83 1  0  0 0 0 0 0  00000000
   3.310  2768 3470  82 1  0  0 0 0 0 0  00000000
   3.323  2769 3489  77 1  0  0 0 0 0 0  00000000
   3.335  2773 3490  73 1  0  0 0 0 0 0  00000000
   3.348  2810 3491  65 1  0  0 0 0 0 0  00000000
   3.361  2834 3530  49 1  0  0 0 0 0 0  00000000
   3.372  2834 3530   0 0  0  0 0 0 0 0  00000000
   3.473  4300 2241  75 1  0  0 0 0 0 0  00000000
   3.485  4301 2213  72 1  0  0 0 0 0 0  00000000
   3.498  4301 2214  74 1  0  0 0 0 0 0  00000000
   3.510  4301 2215  75 1  0  0 0 0 0 0  00000000
   3.522  4301 2216  75 1  0  0 0 0 0 0  00000000
   3.535  4301 2217  75 1  0  0 0 0 0 0  00000000
   3.547  4301 2218  74 1  0  0 0 0 0 0  00000000
   3.571  4302 2218  73 1  0  0 0 0 0 0  00000000
   3.584  4303 2219  73 1  0  0 0 0 0 0  00000000
   3.597  4304 2220  72 1  0  0 0 0 0 0  00000000
   3.608  4305 2220  71 1  0  0 0 0 0 0  00000000
   3.620  4306 2220  71 1  0  0 0 0 0 0  00000000
   3.647  4307 2220  70 1  0  0 0 0 0 0  00000000
   3.657  4334 2220  63 1  0  0 0 0 0 0  00000000
   3.670  4334 2219  52 1  0  0 0 0 0 0  00000000
   3.682  4334 2219   0 0  0  0 0 0 0 0  00000000
   3.720  2697 3503  90 1  0  0 0 0 0 0  00000000
   3.733  2695 3503  87 1  0  0 0 0 0 0  00000000
   3.745  2694 3499  88 1  0  0 0 0 0 0  00000000
   3.758  2692 3497  89 1  0  0 0 0 0 0  00000000
   3.771  2692 3495  89 1  0  0 0 0 0 0  00000000
   3.783  2690 3494  87 1  0  0 0 0 0 0  00000000
   3.795  2689 3494  85 1  0  0 0 0 0 0  00000000
   3.807  2687 3494  85 1  0  0 0 0 0 0  00000000
   3.820  2685 3495  83 1  0  0 0 0 0 0  00000000
   3.832  2685 3499  81 1  0  0 0 0 0 0  00000000
   3.844  2685 3523  81 1  0  0 0 0 0 0  00000000
   3.857  2685 3523  79 1  0  0 0 0 0 0  00000000
   3.869  2686 3523  77 1  0  0 0 0 0 0  00000000
   3.882  2686 3527  77 1  0  0 0 0 0 0  00000000
   3.894  2686 3532  77 1  0  0 0 0 0 0  00000000
   3.907  2686 3533  77 1  0  0 0 0 0 0  00000000
   3.919  2686 3534  75 1  0  0 0 0 0 0  00000000
   3.931  2686 3534  64 1  0  0 0 0 0 0  00000000
   3.943  2686 3534   0 0  0  0 0 0 0 0  00000000
   3.993  4292 2145  74 1  0  0 0 0 0 0  00000000
   4.005  4293 2143  73 1  0  0 0 0 0 0  00000000
   4.017  4294 2142  74 1  0  0 0 0 0 0  00000000
   4.027  4295 2142  74 1  0  0 0 0 0 0  00000000
   4.037  4296 2142  75 1  0  0 0 0 0 0  00000000
   4.055  4297 2142  75 1  0  0 0 0 0 0  00000000
   4.074  4298 2142  74 1  0  0 0 0 0 0  00000000
   4.092  4299 2142  73 1  0  0 0 0 0 0  00000000
   4.102  4300 2142  73 1  0  0 0 0 0 0  00000000
   4.117  4304 2142  72 1  0  0 0 0 0 0  00000000
   4.130  4308 2142  71 1  0  0 0 0 0 0  00000000
   4.142  4309 2142  71 1  0  0 0 0 0 0  00000000
   4.155  4310 2142  69 1  0  0 0 0 0 0  00000000
   4.166  4344 2140  60 1  0  0 0 0 0 0  00000000
   4.179  4379 2140  41 1  0  0 0 0 0 0  00000000
   4.191  4379 2140   0 0  0  0 0 0 0 0  00000000
   4.219  2777 3451  91 1  0  0 0 0 0 0  00000000
   4.230  2761 3383  86 1  0  0 0 0 0 0  00000000
   4.242  2761 3404  92 1  0  0 0 0 0 0  00000000
   4.254  2759 3404  93 1  0  0 0 0 0 0  00000000
   4.266  2757 3403  93 1  0  0 0 0 0 0  00000000
   4.279  2752 3398  93 1  0  0 0 0 0 0  00000000
   4.291  2750 3393  91 1  0  0 0 0 0 0  00000000
   4.305  2750 3388  89 1  0  0 0 0 0 0  00000000
   4.317  2750 3383  87 1  0  0 0 0 0 0  00000000
   4.328  2750 3381  84 1  0  0 0 0 0 0  00000000
   4.341  2750 3381  82 1  0  0 0 0 0 0  00000000
   4.353  2751 3385  81 1  0  0 0 0 0 0  00000000
   4.366  2755 3389  79 1  0  0 0 0 0 0  00000000
   4.378  2756 3410  78 1  0  0 0 0 0 0  00000000
   4.390  2757 3410  78 1  0  0 0 0 0 0  00000000
   4.403  2757 3411  78 1  0  0 0 0 0 0  00000000
   4.416  2757 3412  76 1  0  0 0 0 0 0  00000000
   4.429  2758 3395  62 1  0  0 0 0 0 0  00000000
   4.440  2758 3395   0 0  0  0 0 0 0 0  00000000
   4.478  4376 2109  75 1  0  0 0 0 0 0  00000000
   4.490  4374 2028  68 1  0  0 0 0 0 0  00000000
   4.501  4373 2044  70 1  0  0 0 0 0 0  00000000
   4.527  4372 2044  71 1  0  0 0 0 0 0  00000000
   4.539  4372 2044  70 1  0  0 0 0 0 0  00000000
   4.559  4372 2042  69 1  0  0 0 0 0 0  00000000
   4.577  4372 2040  68 1  0  0 0 0 0 0  00000000
   4.589  4376 2038  67 1  0  0 0 0 0 0  00000000
   4.601  4402 2032  65 1  0  0 0 0 0 0  00000000
   4.613  4423 2030  67 1  0  0 0 0 0 0  00000000
   4.626  4423 2024  66 1  0  0 0 0 0 0  00000000
   4.638  4424 2022  65 1  0  0 0 0 0 0  00000000
   4.651  4449 2020  64 1  0  0 0 0 0 0  00000000
   4.663  4482 1970  57 1  0  0 0 0 0 0  00000000
   4.676  4505 1939  43 1  0  0 0 0 0 0  00000000
   4.687  4505 1939   0 0  0  0 0 0 0 0  00000000
   4.726  2742 3178  91 1  0  0 0 0 0 0  00000000
   4.738  2742 3146  91 1  0  0 0 0 0 0  00000000
   4.751  2742 3130  91 1  0  0 0 0 0 0  00000000
   4.763  2737 3129  91 1  0  0 0 0 0 0  00000000
   4.775  2731 3123  90 1  0  0 0 0 0 0  00000000
   4.787  2729 3097  89 1  0  0 0 0 0 0  00000000
   4.800  2727 3097  88 1  0  0 0 0 0 0  00000000
   4.812  2726 3076  84 1  0  0 0 0 0 0  00000000
   4.825  2726 3076  82 1  0  0 0 0 0 0  00000000
   4.837  2698 3077  80 1  0  0 0 0 0 0  00000000
   4.850  2675 3116  76 1  0  0 0 0 0 0  00000000
   4.862  2642 3138  74 1  0  0 0 0 0 0  00000000
   4.875  2614 3186  72 1  0  0 0 0 0 0  00000000
   4.886  2590 3242  70 1  0  0 0 0 0 0  00000000
   4.899  2559 3300  72 1  0  0 0 0 0 0  00000000
   4.911  2528 3345  70 1  0  0 0 0 0 0  00000000
   4.924  2503 3396  69 1  0  0 0 0 0 0  00000000
   4.937  2484 3441  68 1  0  0 0 0 0 0  00000000
   4.949  2452 3481  67 1  0  0 0 0 0 0  00000000
   4.962  2450 3549  54 1  0  0 0 0 0 0  00000000
   4.973  2450 3549   0 0  0  0 0 0 0 0  00000000
   5.023  3782 2502  91 1  0  0 0 0 0 0  00000000
   5.036  3782 2430  83 1  0  0 0 0 0 0  00000000
   5.048  3782 2431  87 1  0  0 0 0 0 0  00000000
   5.060  3783 2432  88 1  0  0 0 0 0 0  00000000
   5.072  3820 2433  87 1  0  0 0 0 0 0  00000000
   5.085  3821 2434  85 1  0  0 0 0 0 0  00000000
   5.097  3826 2464  85 1  0  0 0 0 0 0  00000000
   5.122  3826 2464  83 1  0  0 0 0 0 0  00000000
   5.141  3827 2465  82 1  0  0 0 0 0 0  00000000
   5.160  3832 2465  81 1  0  0 0 0 0 0  00000000
   5.172  3833 2465  79 1  0  0 0 0 0 0  00000000
   5.185  3839 2442  74 1  0  0 0 0 0 0  00000000
   5.197  3840 2397  63 1  0  0 0 0 0 0  00000000
   5.210  3841 2364  54 1  0  0 0 0 0 0  00000000
   5.222  3886 2310  49 1  0  0 0 0 0 0  00000000
   5.234  3936 2193  36 1  0  0 0 0 0 0  00000000
   5.246  3936 2193   0 0  0  0 0 0 0 0  00000000
   5.270  2189 3687  92 1  0  0 0 0 0 0  00000000
   5.284  2173 3611  83 1  0  0 0 0 0 0  00000000
   5.296  2174 3612  93 1  0  0 0 0 0 0  00000000
   5.309  2173 3613  94 1  0  0 0 0 0 0  00000000
   5.321  2169 3613  96 1  0  0 0 0 0 0  00000000
   5.334  2142 3605  95 1  0  0 0 0 0 0  00000000
   5.346  2142 3600  95 1  0  0 0 0 0 0  00000000
   5.358  2142 3599  94 1  0  0 0 0 0 0  00000000
   5.370  2142 3594  93 1  0  0 0 0 0 0  00000000
   5.383  2142 3571  90 1  0  0 0 0 0 0  00000000
   5.395  2142 3569  86 1  0  0 0 0 0 0  00000000
   5.408  2142 3567  84 1  0  0 0 0 0 0  00000000
   5.420  2143 3567  80 1  0  0 0 0 0 0  00000000
   5.433  2164 3585  77 1  0  0 0 0 0 0  00000000
   5.445  2165 3604  72 1  0  0 0 0 0 0  00000000
   5.458  2225 3639  50 1  0  0 0 0 0 0  00000000
   5.469  2225 3639   0 0  0  0 0 0 0 0  00000000
   5.556  3825 2287  86 1  0  0 0 0 0 0  00000000
   5.568  3841 2219  84 1  0  0 0 0 0 0  00000000
   5.594  3841 2217  86 1  0  0 0 0 0 0  00000000
   5.606  3841 2213  86 1  0  0 0 0 0 0  00000000
   5.618  3841 2211  85 1  0  0 0 0 0 0  00000000
   5.631  3841 2183  84 1  0  0 0 0 0 0  00000000
   5.655  3841 2159  81 1  0  0 0 0 0 0  00000000
   5.669  3842 2155  79 1  0  0 0 0 0 0  00000000
   5.681  3843 2118  76 1  0  0 0 0 0 0  00000000
   5.700  3843 2102  75 1  0  0 0 0 0 0  00000000
   5.720  3844 2100  74 1  0  0 0 0 0 0  00000000
   5.731  3845 2098  75 1  0  0 0 0 0 0  00000000
   5.743  3849 2096  74 1  0  0 0 0 0 0  00000000
   5.755  3853 2094  74 1  0  0 0 0 0 0  00000000
   5.765  3854 2093  74 1  0  0 0 0 0 0  00000000
   5.780  3855 2093  73 1  0  0 0 0 0 0  00000000
   5.793  3855 2093  74 1  0  0 0 0 0 0  00000000
   5.804  3855 2093  75 1  0  0 0 0 0 0  00000000
   5.817  3856 2093  74 1  0  0 0 0 0 0  00000000
   5.848  3856 2093  75 1  0  0 0 0 0 0  00000000
   5.867  3856 2098  75 1  0  0 0 0 0 0  00000000
   5.876  3856 2099  75 1  0  0 0 0 0 0  00000000
   5.892  3857 2100  76 1  0  0 0 0 0 0  00000000
   5.901  3858 2101  76 1  0  0 0 0 0 0  00000000
   5.911  3859 2101  76 1  0  0 0 0 0 0  00000000
   5.929  3860 2102  75 1  0  0 0 0 0 0  00000000
   5.941  3861 2103  76 1  0  0 0 0 0 0  00000000
   5.954  3861 2107  76 1  0  0 0 0 0 0  00000000
   5.967  3862 2108  75 1  0  0 0 0 0 0  00000000
   5.978  3863 2108  76 1  0  0 0 0 0 0  00000000
   5.991  3863 2109  76 1  0  0 0 0 0 0  00000000
   6.003  3863 2110  76 1  0  0 0 0 0 0  00000000
   6.016  3864 2110  76 1  0  0 0 0 0 0  00000000
   6.028  3865 2110  75 1  0  0 0 0 0 0  00000000
   6.041  3866 2110  76 1  0  0 0 0 0 0  00000000
   6.052  3867 2110  76 1  0  0 0 0 0 0  00000000
   6.062  3868 2110  76 1  0  0 0 0 0 0  00000000
   6.072  3869 2111  76 1  0  0 0 0 0 0  00000000
   6.090  3870 2111  76 1  0  0 0 0 0 0  00000000
   6.100  3871 2111  76 1  0  0 0 0 0 0  00000000
   6.115  3871 2112  76 1  0  0 0 0 0 0  00000000
   6.124  3871 2113  76 1  0  0 0 0 0 0  00000000
   6.152  3872 2113  76 1  0  0 0 0 0 0  00000000
   6.165  3873 2113  76 1  0  0 0 0 0 0  00000000
   6.176  3873 2113  75 1  0  0 0 0 0 0  00000000
   6.189  3874 2113  75 1  0  0 0 0 0 0  00000000
   6.202  3875 2109  75 1  0  0 0 0 0 0  00000000
   6.214  3876 2108  74 1  0  0 0 0 0 0  00000000
   6.227  3877 2108  75 1  0  0 0 0 0 0  00000000
   6.239  3878 2106  75 1  0  0 0 0 0 0  00000000
   6.252  3879 2105  75 1  0  0 0 0 0 0  00000000
   6.264  3880 2105  74 1  0  0 0 0 0 0  00000000
   6.283  3880 2105  75 1  0  0 0 0 0 0  00000000
   6.301  3881 2105  75 1  0  0 0 0 0 0  00000000
   6.338  3882 2105  75 1  0  0 0 0 0 0  00000000
   6.351  3882 2106  76 1  0  0 0 0 0 0  00000000
   6.363  3882 2106  75 1  0  0 0 0 0 0  00000000
   6.389  3883 2106  76 1  0  0 0 0 0 0  00000000
   6.400  3883 2107  75 1  0  0 0 0 0 0  00000000
   6.414  3883 2107  76 1  0  0 0 0 0 0  00000000
   6.425  3883 2108  76 1  0  0 0 0 0 0  00000000
   6.435  3883 2109  76 1  0  0 0 0 0 0  00000000
   6.463  3883 2110  76 1  0  0 0 0 0 0  00000000
   6.475  3883 2114  76 1  0  0 0 0 0 0  00000000
   6.488  3883 2115  76 1  0  0 0 0 0 0  00000000
   6.549  3883 2115  75 1  0  0 0 0 0 0  00000000
   6.575  3883 2115  77 1  0  0 0 0 0 0  00000000
   6.599  3879 2091  73 1  0  0 0 0 0 0  00000000
   6.611  3879 2091   0 0  0  0 0 0 0 0  00000000
