time	 y	 z	 f	 w	 l	 r	 u	 d	 m	 multi
   0.000  1784 4135   0 0  0  0 0 0 0 0  00000000
   0.903  4036 2377  73 1  0  0 0 0 0 0  00000000
   0.923  4036 2377  72 1  0  0 0 0 0 0  00000000
   0.940  4034 2377  69 1  0  0 0 0 0 0  00000000
   0.953  4030 2402  64 1  0  0 0 0 0 0  00000000
   0.965  4030 2447  50 1  0  0 0 0 0 0  00000000
   0.977  4030 2447   0 0  0  0 0 0 0 0  00000000
   1.338  2618 3790  69 1  0  0 0 0 0 0  00000000
   1.351  2558 3758  75 1  0  0 0 0 0 0  00000000
   1.362  2558 3759  81 1  0  0 0 0 0 0  00000000
   1.376  2556 3759  82 1  0  0 0 0 0 0  00000000
   1.387  2550 3759  83 1  0  0 0 0 0 0  00000000
   1.400  2548 3758  82 1  0  0 0 0 0 0  00000000
   1.412  2546 3756  81 1  0  0 0 0 0 0  00000000
   1.424  2545 3756  80 1  0  0 0 0 0 0  00000000
   1.437  2540 3756  76 1  0  0 0 0 0 0  00000000
   1.449  2540 3756  71 1  0  0 0 0 0 0  00000000
   1.462  2564 3756  55 1  0  0 0 0 0 0  00000000
   1.473  2564 3756   0 0  0  0 0 0 0 0  00000000
   1.487  4021 2591  60 1  0  0 0 0 0 0  00000000
   1.499  3959 2591  73 1  0  0 0 0 0 0  00000000
   1.511  3959 2592  77 1  0  0 0 0 0 0  00000000
   1.524  3959 2593  77 1  0  0 0 0 0 0  00000000
   1.536  3959 2597  79 1  0  0 0 0 0 0  00000000
   1.548  3959 2602  79 1  0  0 0 0 0 0  00000000
   1.561  3959 2603  79 1  0  0 0 0 0 0  00000000
   1.573  3960 2604  80 1  0  0 0 0 0 0  00000000
   1.586  3965 2609  78 1  0  0 0 0 0 0  00000000
   1.599  3971 2610  78 1  0  0 0 0 0 0  00000000
   1.610  3994 2611  77 1  0  0 0 0 0 0  00000000
   1.623  3995 2612  75 1  0  0 0 0 0 0  00000000
   1.636  3996 2617  77 1  0  0 0 0 0 0  00000000
   1.649  3996 2618  76 1  0  0 0 0 0 0  00000000
   1.661  3996 2619  77 1  0  0 0 0 0 0  00000000
   1.673  3996 2623  77 1  0  0 0 0 0 0  00000000
   1.686  3996 2624  78 1  0  0 0 0 0 0  00000000
   1.697  3996 2625  78 1  0  0 0 0 0 0  00000000
   1.710  3996 2626  78 1  0  0 0 0 0 0  00000000
   1.722  3996 2627  79 1  0  0 0 0 0 0  00000000
   1.735  3996 2628  78 1  0  0 0 0 0 0  00000000
   1.859  3996 2626  78 1  0  0 0 0 0 0  00000000
   1.921  3996 2621  79 1  0  0 0 0 0 0  00000000
   1.933  3996 2620  78 1  0  0 0 0 0 0  00000000
   1.947  3996 2618  79 1  0  0 0 0 0 0  00000000
   1.959  3996 2617  77 1  0  0 0 0 0 0  00000000
   1.970  3996 2617  79 1  0  0 0 0 0 0  00000000
   2.058  3996 2617  80 1  0  0 0 0 0 0  00000000
   2.082  3996 2617  79 1  0  0 0 0 0 0  00000000
   2.096  3996 2617  78 1  0  0 0 0 0 0  00000000
   2.107  3996 2617  76 1  0  0 0 0 0 0  00000000
   2.120  3995 2621  65 1  0  0 0 0 0 0  00000000
   2.131  3995 2621   0 0  0  0 0 0 0 0  00000000
   2.467  2389 3971  73 1  0  0 0 0 0 0  00000000
   2.480  2387 3903  74 1  0  0 0 0 0 0  00000000
   2.492  2381 3871  79 1  0  0 0 0 0 0  00000000
   2.504  2379 3869  81 1  0  0 0 0 0 0  00000000
   2.516  2379 3864  81 1  0  0 0 0 0 0  00000000
   2.526  2379 3862  81 1  0  0 0 0 0 0  00000000
   2.535  2379 3861  75 1  0  0 0 0 0 0  00000000
   2.553  2379 3861   0 0  0  0 0 0 0 0  00000000
   2.839  3515 3364  78 1  0  0 0 0 0 0  00000000
   2.851  3516 3320  72 1  0  0 0 0 0 0  00000000
   2.865  3517 3318  75 1  0  0 0 0 0 0  00000000
   2.877  3517 3294  74 1  0  0 0 0 0 0  00000000
   2.888  3518 3294  75 1  0  0 0 0 0 0  00000000
   2.902  3519 3294  74 1  0  0 0 0 0 0  00000000
   2.913  3520 3294  74 1  0  0 0 0 0 0  00000000
   2.927  3520 3294  72 1  0  0 0 0 0 0  00000000
   2.938  3543 3294  70 1  0  0 0 0 0 0  00000000
   2.951  3569 3311  68 1  0  0 0 0 0 0  00000000
   2.963  3615 3311  54 1  0  0 0 0 0 0  00000000
   2.975  3615 3311   0 0  0  0 0 0 0 0  00000000
   3.001  2101 4191  65 1  0  0 0 0 0 0  00000000
   3.012  2097 4191  65 1  0  0 0 0 0 0  00000000
   3.025  2091 4187  66 1  0  0 0 0 0 0  00000000
   3.037  2087 4185  67 1  0  0 0 0 0 0  00000000
   3.050  2085 4183  67 1  0  0 0 0 0 0  00000000
   3.063  2085 4181  67 1  0  0 0 0 0 0  00000000
   3.075  2085 4180  67 1  0  0 0 0 0 0  00000000
   3.088  2085 4178  67 1  0  0 0 0 0 0  00000000
   3.136  2085 4177  67 1  0  0 0 0 0 0  00000000
   3.149  2085 4175  67 1  0  0 0 0 0 0  00000000
   3.161  2085 4173  67 1  0  0 0 0 0 0  00000000
   3.174  2085 4171  67 1  0  0 0 0 0 0  00000000
   3.186  2085 4171  68 1  0  0 0 0 0 0  00000000
   3.199  2083 4169  69 1  0  0 0 0 0 0  00000000
   3.211  2083 4164  69 1  0  0 0 0 0 0  00000000
   3.224  2081 4162  69 1  0  0 0 0 0 0  00000000
   3.236  2080 4161  69 1  0  0 0 0 0 0  00000000
   3.249  2080 4159  69 1  0  0 0 0 0 0  00000000
   3.273  2080 4154  70 1  0  0 0 0 0 0  00000000
   3.286  2080 4154  69 1  0  0 0 0 0 0  00000000
   3.322  2080 4152  70 1  0  0 0 0 0 0  00000000
   3.360  2078 4152  70 1  0  0 0 0 0 0  00000000
   3.385  2078 4152  71 1  0  0 0 0 0 0  00000000
   3.397  2076 4151  70 1  0  0 0 0 0 0  00000000
   3.410  2076 4146  71 1  0  0 0 0 0 0  00000000
   3.423  2076 4145  70 1  0  0 0 0 0 0  00000000
   3.435  2076 4143  71 1  0  0 0 0 0 0  00000000
   3.460  2076 4143  70 1  0  0 0 0 0 0  00000000
   3.472  2076 4143  71 1  0  0 0 0 0 0  00000000
   3.583  2076 4143  72 1  0  0 0 0 0 0  00000000
   3.596  2076 4143  71 1  0  0 0 0 0 0  00000000
   3.608  2076 4142  72 1  0  0 0 0 0 0  00000000
   3.621  2077 4142  71 1  0  0 0 0 0 0  00000000
   3.632  2078 4142  70 1  0  0 0 0 0 0  00000000
   3.646  2079 4142  71 1  0  0 0 0 0 0  00000000
   3.658  2080 4142  69 1  0  0 0 0 0 0  00000000
   3.671  2081 4146  67 1  0  0 0 0 0 0  00000000
   3.683  2100 4189  63 1  0  0 0 0 0 0  00000000
   3.695  2098 4245  48 1  0  0 0 0 0 0  00000000
   3.707  2098 4245   0 0  0  0 0 0 0 0  00000000
   4.054  3142 3658  75 1  0  0 0 0 0 0  00000000
   4.069  3162 3554  70 1  0  0 0 0 0 0  00000000
   4.080  3162 3523  74 1  0  0 0 0 0 0  00000000
   4.094  3162 3521  73 1  0  0 0 0 0 0  00000000
   4.105  3163 3519  73 1  0  0 0 0 0 0  00000000
   4.118  3164 3517  73 1  0  0 0 0 0 0  00000000
   4.130  3165 3517  71 1  0  0 0 0 0 0  00000000
   4.143  3197 3524  69 1  0  0 0 0 0 0  00000000
   4.155  3226 3550  64 1  0  0 0 0 0 0  00000000
   4.167  3226 3571  54 1  0  0 0 0 0 0  00000000
   4.181  3226 3571   0 0  0  0 0 0 0 0  00000000
   4.488  1983 4224  65 1  0  0 0 0 0 0  00000000
   4.501  1983 4224  64 1  0  0 0 0 0 0  00000000
   4.513  1981 4224  65 1  0  0 0 0 0 0  00000000
   4.526  1979 4224  65 1  0  0 0 0 0 0  00000000
   4.539  1977 4224  65 1  0  0 0 0 0 0  00000000
   4.551  1977 4225  65 1  0  0 0 0 0 0  00000000
   4.564  1975 4245  63 1  0  0 0 0 0 0  00000000
   4.576  1975 4245  64 1  0  0 0 0 0 0  00000000
   4.588  1975 4245  63 1  0  0 0 0 0 0  00000000
   4.601  1975 4246  63 1  0  0 0 0 0 0  00000000
   4.613  1975 4251  61 1  0  0 0 0 0 0  00000000
   4.625  1975 4274  60 1  0  0 0 0 0 0  00000000
   4.637  1975 4274  58 1  0  0 0 0 0 0  00000000
   4.652  1976 4299  54 1  0  0 0 0 0 0  00000000
   4.665  3185 3319  74 1  0  0 0 0 0 0  00000000
   4.675  3183 3319  76 1  0  0 0 0 0 0  00000000
   4.687  3181 3319  77 1  0  0 0 0 0 0  00000000
   4.700  3180 3319  77 1  0  0 0 0 0 0  00000000
   4.725  3180 3323  77 1  0  0 0 0 0 0  00000000
   4.737  3180 3324  77 1  0  0 0 0 0 0  00000000
   4.750  3181 3325  76 1  0  0 0 0 0 0  00000000
   4.762  3185 3326  76 1  0  0 0 0 0 0  00000000
   4.775  3189 3326  75 1  0  0 0 0 0 0  00000000
   4.787  3190 3326  74 1  0  0 0 0 0 0  00000000
   4.799  3196 3324  74 1  0  0 0 0 0 0  00000000
   4.812  3202 3322  74 1  0  0 0 0 0 0  00000000
   4.825  3203 3315  75 1  0  0 0 0 0 0  00000000
   4.838  3204 3308  74 1  0  0 0 0 0 0  00000000
   4.849  3204 3301  74 1  0  0 0 0 0 0  00000000
   4.862  3204 3275  74 1  0  0 0 0 0 0  00000000
   4.874  3204 3273  74 1  0  0 0 0 0 0  00000000
   4.885  3204 3268  73 1  0  0 0 0 0 0  00000000
   4.899  3205 3262  72 1  0  0 0 0 0 0  00000000
   4.910  3206 3233  72 1  0  0 0 0 0 0  00000000
   4.923  3231 3212  69 1  0  0 0 0 0 0  00000000
   4.936  3261 3187  67 1  0  0 0 0 0 0  00000000
   4.949  3322 3170  63 1  0  0 0 0 0 0  00000000
   4.960  3389 3139  54 1  0  0 0 0 0 0  00000000
   4.973  3389 3139   0 0  0  0 0 0 0 0  00000000
   5.121  1995 3412  83 1  0  0 0 0 0 0  00000000
   5.135  1995 3390  83 1  0  0 0 0 0 0  00000000
   5.148  1995 3386  85 1  0  0 0 0 0 0  00000000
   5.159  1994 3381  85 1  0  0 0 0 0 0  00000000
   5.172  1994 3376  84 1  0  0 0 0 0 0  00000000
   5.184  1993 3372  83 1  0  0 0 0 0 0  00000000
   5.196  1993 3372  82 1  0  0 0 0 0 0  00000000
   5.222  1997 3396  80 1  0  0 0 0 0 0  00000000
   5.234  2001 3396  78 1  0  0 0 0 0 0  00000000
   5.246  2002 3397  78 1  0  0 0 0 0 0  00000000
   5.259  2007 3422  75 1  0  0 0 0 0 0  00000000
   5.271  2012 3422  74 1  0  0 0 0 0 0  00000000
   5.284  2017 3423  72 1  0  0 0 0 0 0  00000000
   5.297  2022 3424  70 1  0  0 0 0 0 0  00000000
   5.307  2045 3425  66 1  0  0 0 0 0 0  00000000
   5.320  2046 3450  58 1  0  0 0 0 0 0  00000000
   5.332  2046 3450   0 0  0  0 0 0 0 0  00000000
   5.431  3509 2559  73 1  0  0 0 0 0 0  00000000
   5.445  3509 2581  71 1  0  0 0 0 0 0  00000000
   5.458  3509 2581  73 1  0  0 0 0 0 0  00000000
   5.470  3503 2600  74 1  0  0 0 0 0 0  00000000
   5.482  3501 2600  75 1  0  0 0 0 0 0  00000000
   5.494  3500 2600  75 1  0  0 0 0 0 0  00000000
   5.507  3498 2600  75 1  0  0 0 0 0 0  00000000
   5.544  3515 2580  73 1  0  0 0 0 0 0  00000000
   5.557  3516 2580  73 1  0  0 0 0 0 0  00000000
   5.569  3521 2580  72 1  0  0 0 0 0 0  00000000
   5.581  3526 2579  72 1  0  0 0 0 0 0  00000000
   5.594  3531 2559  72 1  0  0 0 0 0 0  00000000
   5.606  3532 2559  72 1  0  0 0 0 0 0  00000000
   5.619  3538 2559  70 1  0  0 0 0 0 0  00000000
   5.631  3561 2519  68 1  0  0 0 0 0 0  00000000
   5.644  3586 2482  64 1  0  0 0 0 0 0  00000000
   5.656  3586 2413  53 1  0  0 0 0 0 0  00000000
   5.668  3586 2413   0 0  0  0 0 0 0 0  00000000
   5.693  1845 3427  82 1  0  0 0 0 0 0  00000000
   5.705  1843 3425  83 1  0  0 0 0 0 0  00000000
   5.717  1837 3419  84 1  0  0 0 0 0 0  00000000
   5.730  1832 3412  85 1  0  0 0 0 0 0  00000000
   5.742  1830 3404  84 1  0  0 0 0 0 0  00000000
   5.756  1828 3402  84 1  0  0 0 0 0 0  00000000
   5.768  1826 3401  82 1  0  0 0 0 0 0  00000000
   5.779  1826 3417  80 1  0  0 0 0 0 0  00000000
   5.792  1826 3443  79 1  0  0 0 0 0 0  00000000
   5.804  1826 3466  77 1  0  0 0 0 0 0  00000000
   5.818  1847 3496  74 1  0  0 0 0 0 0  00000000
   5.829  1883 3512  71 1  0  0 0 0 0 0  00000000
   5.843  1949 3512  62 1  0  0 0 0 0 0  00000000
   5.854  1971 3540  43 1  0  0 0 0 0 0  00000000
   5.865  1971 3540   0 0  0  0 0 0 0 0  00000000
   5.953  3524 2481  58 1  0  0 0 0 0 0  00000000
   5.966  3461 2431  71 1  0  0 0 0 0 0  00000000
   5.978  3461 2431  73 1  0  0 0 0 0 0  00000000
   5.990  3461 2431  74 1  0  0 0 0 0 0  00000000
   6.016  3461 2431  73 1  0  0 0 0 0 0  00000000
   6.028  3461 2449  73 1  0  0 0 0 0 0  00000000
   6.041  3461 2450  72 1  0  0 0 0 0 0  00000000
   6.053  3461 2472  72 1  0  0 0 0 0 0  00000000
   6.066  3461 2490  71 1  0  0 0 0 0 0  00000000
   6.078  3479 2491  69 1  0  0 0 0 0 0  00000000
   6.090  3508 2533  65 1  0  0 0 0 0 0  00000000
   6.103  3549 2534  64 1  0  0 0 0 0 0  00000000
   6.115  3587 2535  60 1  0  0 0 0 0 0  00000000
   6.124  3587 2536  60 1  0  0 0 0 0 0  00000000
   6.134  3623 2512  54 1  0  0 0 0 0 0  00000000
   6.150  3623 2512   0 0  0  0 0 0 0 0  00000000
   6.214  2058 3342  36 1  0  0 0 0 0 0  00000000
   6.225  1946 3310  83 1  0  0 0 0 0 0  00000000
   6.239  1946 3291  86 1  0  0 0 0 0 0  00000000
   6.251  1946 3289  87 1  0  0 0 0 0 0  00000000
   6.263  1944 3285  86 1  0  0 0 0 0 0  00000000
   6.276  1944 3284  86 1  0  0 0 0 0 0  00000000
   6.288  1942 3282  87 1  0  0 0 0 0 0  00000000
   6.314  1942 3280  85 1  0  0 0 0 0 0  00000000
   6.325  1942 3280  84 1  0  0 0 0 0 0  00000000
   6.364  1942 3281  83 1  0  0 0 0 0 0  00000000
   6.376  1942 3285  85 1  0  0 0 0 0 0  00000000
   6.388  1942 3290  85 1  0  0 0 0 0 0  00000000
   6.399  1942 3291  85 1  0  0 0 0 0 0  00000000
   6.412  1942 3296  86 1  0  0 0 0 0 0  00000000
   6.425  1942 3301  86 1  0  0 0 0 0 0  00000000
   6.437  1941 3306  86 1  0  0 0 0 0 0  00000000
   6.450  1939 3307  86 1  0  0 0 0 0 0  00000000
   6.462  1937 3311  85 1  0  0 0 0 0 0  00000000
   6.474  1937 3312  84 1  0  0 0 0 0 0  00000000
   6.487  1937 3313  80 1  0  0 0 0 0 0  00000000
   6.500  1938 3313  77 1  0  0 0 0 0 0  00000000
   6.511  1965 3313  71 1  0  0 0 0 0 0  00000000
   6.523  2020 3314  57 1  0  0 0 0 0 0  00000000
   6.538  3543 2356  71 1  0  0 0 0 0 0  00000000
   6.549  3543 2356  70 1  0  0 0 0 0 0  00000000
   6.562  3543 2357  71 1  0  0 0 0 0 0  00000000
   6.574  3543 2389  73 1  0  0 0 0 0 0  00000000
   6.598  3543 2390  72 1  0  0 0 0 0 0  00000000
   6.611  3543 2411  73 1  0  0 0 0 0 0  00000000
   6.649  3543 2411  72 1  0  0 0 0 0 0  00000000
   6.661  3547 2411  72 1  0  0 0 0 0 0  00000000
   6.674  3551 2411  73 1  0  0 0 0 0 0  00000000
   6.685  3552 2411  73 1  0  0 0 0 0 0  00000000
   6.698  3553 2411  74 1  0  0 0 0 0 0  00000000
   6.710  3553 2409  73 1  0  0 0 0 0 0  00000000
   6.723  3553 2404  74 1  0  0 0 0 0 0  00000000
   6.736  3553 2399  73 1  0  0 0 0 0 0  00000000
   6.749  3554 2397  73 1  0  0 0 0 0 0  00000000
   6.760  3554 2395  72 1  0  0 0 0 0 0  00000000
   6.773  3555 2393  72 1  0  0 0 0 0 0  00000000
   6.784  3556 2393  72 1  0  0 0 0 0 0  00000000
   6.797  3557 2393  71 1  0  0 0 0 0 0  00000000
   6.810  3563 2393  69 1  0  0 0 0 0 0  00000000
   6.822  3586 2393  59 1  0  0 0 0 0 0  00000000
   6.833  3586 2393   0 0  0  0 0 0 0 0  00000000
   6.970  3584 2343  57 1  0  0 0 0 0 0  00000000
   6.983  3508 2341  72 1  0  0 0 0 0 0  00000000
   6.995  3508 2341  73 1  0  0 0 0 0 0  00000000
   7.008  3508 2340  74 1  0  0 0 0 0 0  00000000
   7.045  3508 2359  75 1  0  0 0 0 0 0  00000000
   7.057  3508 2359  74 1  0  0 0 0 0 0  00000000
   7.084  3509 2363  73 1  0  0 0 0 0 0  00000000
   7.095  3530 2368  72 1  0  0 0 0 0 0  00000000
   7.107  3531 2374  70 1  0  0 0 0 0 0  00000000
   7.121  3552 2380  68 1  0  0 0 0 0 0  00000000
   7.132  3583 2381  64 1  0  0 0 0 0 0  00000000
   7.144  3606 2375  60 1  0  0 0 0 0 0  00000000
   7.157  3604 2346  58 1  0  0 0 0 0 0  00000000
   7.172  3568 2321  51 1  0  0 0 0 0 0  00000000
   7.182  3568 2321   0 0  0  0 0 0 0 0  00000000
   7.220  1799 3476  65 1  0  0 0 0 0 0  00000000
   7.231  1738 3474  77 1  0  0 0 0 0 0  00000000
   7.243  1736 3472  79 1  0  0 0 0 0 0  00000000
   7.256  1732 3466  81 1  0  0 0 0 0 0  00000000
   7.268  1728 3460  81 1  0  0 0 0 0 0  00000000
   7.281  1727 3454  82 1  0  0 0 0 0 0  00000000
   7.293  1727 3448  81 1  0  0 0 0 0 0  00000000
   7.306  1727 3446  79 1  0  0 0 0 0 0  00000000
   7.318  1728 3446  78 1  0  0 0 0 0 0  00000000
   7.331  1729 3484  74 1  0  0 0 0 0 0  00000000
   7.343  1759 3504  72 1  0  0 0 0 0 0  00000000
   7.355  1780 3521  69 1  0  0 0 0 0 0  00000000
   7.369  1812 3549  62 1  0  0 0 0 0 0  00000000
   7.380  1829 3531  39 1  0  0 0 0 0 0  00000000
   7.392  1829 3531   0 0  0  0 0 0 0 0  00000000
   7.505  3345 2291  77 1  0  0 0 0 0 0  00000000
   7.516  3343 2246  71 1  0  0 0 0 0 0  00000000
   7.530  3342 2246  74 1  0  0 0 0 0 0  00000000
   7.579  3342 2247  73 1  0  0 0 0 0 0  00000000
   7.592  3342 2253  71 1  0  0 0 0 0 0  00000000
   7.603  3342 2276  68 1  0  0 0 0 0 0  00000000
   7.616  3367 2300  63 1  0  0 0 0 0 0  00000000
   7.628  3404 2321  49 1  0  0 0 0 0 0  00000000
   7.640  3404 2321   0 0  0  0 0 0 0 0  00000000
   7.765  1798 3522  44 1  0  0 0 0 0 0  00000000
   7.777  1716 3469  79 1  0  0 0 0 0 0  00000000
   7.790  1716 3469  81 1  0  0 0 0 0 0  00000000
   7.803  1716 3467  82 1  0  0 0 0 0 0  00000000
   7.815  1716 3463  82 1  0  0 0 0 0 0  00000000
   7.827  1716 3462  80 1  0  0 0 0 0 0  00000000
   7.840  1716 3481  78 1  0  0 0 0 0 0  00000000
   7.852  1751 3504  76 1  0  0 0 0 0 0  00000000
   7.865  1779 3532  71 1  0  0 0 0 0 0  00000000
   7.877  1838 3533  57 1  0  0 0 0 0 0  00000000
   7.888  1838 3533   0 0  0  0 0 0 0 0  00000000
   8.039  3214 2330  77 1  0  0 0 0 0 0  00000000
   8.050  3214 2313  73 1  0  0 0 0 0 0  00000000
   8.063  3214 2313  75 1  0  0 0 0 0 0  00000000
   8.076  3214 2313  76 1  0  0 0 0 0 0  00000000
   8.126  3214 2313  75 1  0  0 0 0 0 0  00000000
   8.138  3214 2313  76 1  0  0 0 0 0 0  00000000
   8.163  3214 2312  76 1  0  0 0 0 0 0  00000000
   8.174  3214 2312  77 1  0  0 0 0 0 0  00000000
   8.199  3214 2310  76 1  0  0 0 0 0 0  00000000
   8.211  3214 2310  77 1  0  0 0 0 0 0  00000000
   8.225  3214 2308  78 1  0  0 0 0 0 0  00000000
   8.249  3214 2306  78 1  0  0 0 0 0 0  00000000
   8.260  3214 2305  77 1  0  0 0 0 0 0  00000000
   8.274  3214 2305  78 1  0  0 0 0 0 0  00000000
   8.286  3215 2303  77 1  0  0 0 0 0 0  00000000
   8.299  3216 2301  78 1  0  0 0 0 0 0  00000000
   8.311  3217 2300  78 1  0  0 0 0 0 0  00000000
   8.323  3217 2298  78 1  0  0 0 0 0 0  00000000
   8.336  3221 2298  79 1  0  0 0 0 0 0  00000000
   8.348  3222 2299  78 1  0  0 0 0 0 0  00000000
   8.361  3223 2300  79 1  0  0 0 0 0 0  00000000
   8.373  3223 2301  78 1  0  0 0 0 0 0  00000000
   8.385  3223 2301  79 1  0  0 0 0 0 0  00000000
   8.398  3224 2301  79 1  0  0 0 0 0 0  00000000
   8.423  3224 2301  80 1  0  0 0 0 0 0  00000000
   8.435  3224 2301  79 1  0  0 0 0 0 0  00000000
   8.459  3224 2299  79 1  0  0 0 0 0 0  00000000
   8.473  3224 2298  79 1  0  0 0 0 0 0  00000000
   8.547  3225 2302  78 1  0  0 0 0 0 0  00000000
   8.559  3226 2303  76 1  0  0 0 0 0 0  00000000
   8.569  3227 2304  76 1  0  0 0 0 0 0  00000000
   8.585  3283 2356  63 1  0  0 0 0 0 0  00000000
   8.597  3321 2431  38 1  0  0 0 0 0 0  00000000
   8.608  3321 2431   0 0  0  0 0 0 0 0  00000000
  10.423  3447 2472  74 1  0  0 0 0 0 0  00000000
  10.449  3512 2389  76 1  0  0 0 0 0 0  00000000
  10.459  3512 2387  74 1  0  0 0 0 0 0  00000000
  10.472  3542 2385  70 1  0  0 0 0 0 0  00000000
  10.485  3576 2421  61 1  0  0 0 0 0 0  00000000
  10.496  3576 2421   0 0  0  0 0 0 0 0  00000000
  10.856  3503 2804  82 1  0  0 0 0 0 0  00000000
  10.868  3503 2775  79 1  0  0 0 0 0 0  00000000
  10.889  3503 2775  82 1  0  0 0 0 0 0  00000000
  10.899  3501 2775  83 1  0  0 0 0 0 0  00000000
  10.918  3495 2801  82 1  0  0 0 0 0 0  00000000
  10.931  3472 2829  80 1  0  0 0 0 0 0  00000000
  10.944  3470 2860  80 1  0  0 0 0 0 0  00000000
  10.956  3468 2880  79 1  0  0 0 0 0 0  00000000
  10.968  3446 2906  79 1  0  0 0 0 0 0  00000000
  10.981  3446 2931  78 1  0  0 0 0 0 0  00000000
  10.994  3420 2932  76 1  0  0 0 0 0 0  00000000
  11.006  3420 2958  77 1  0  0 0 0 0 0  00000000
  11.019  3421 2958  76 1  0  0 0 0 0 0  00000000
  11.031  3422 2958  77 1  0  0 0 0 0 0  00000000
  11.044  3423 2958  79 1  0  0 0 0 0 0  00000000
  11.056  3428 2958  80 1  0  0 0 0 0 0  00000000
  11.068  3429 2956  82 1  0  0 0 0 0 0  00000000
  11.081  3430 2954  82 1  0  0 0 0 0 0  00000000
  11.093  3431 2953  83 1  0  0 0 0 0 0  00000000
  11.106  3431 2953  84 1  0  0 0 0 0 0  00000000
  11.117  3431 2953  85 1  0  0 0 0 0 0  00000000
  11.130  3431 2953  84 1  0  0 0 0 0 0  00000000
  11.156  3431 2953  83 1  0  0 0 0 0 0  00000000
  11.168  3431 2953  84 1  0  0 0 0 0 0  00000000
  11.179  3431 2953  83 1  0  0 0 0 0 0  00000000
  11.188  3432 2953  83 1  0  0 0 0 0 0  00000000
  11.198  3433 2953  84 1  0  0 0 0 0 0  00000000
  11.217  3433 2953  85 1  0  0 0 0 0 0  00000000
  11.231  3434 2953  84 1  0  0 0 0 0 0  00000000
  11.242  3435 2952  84 1  0  0 0 0 0 0  00000000
  11.268  3435 2951  85 1  0  0 0 0 0 0  00000000
  11.278  3435 2951  86 1  0  0 0 0 0 0  00000000
  11.292  3436 2951  85 1  0  0 0 0 0 0  00000000
  11.366  3440 2951  87 1  0  0 0 0 0 0  00000000
  11.378  3441 2955  86 1  0  0 0 0 0 0  00000000
  11.390  3442 2956  87 1  0  0 0 0 0 0  00000000
  11.404  3443 2956  87 1  0  0 0 0 0 0  00000000
  11.415  3444 2956  87 1  0  0 0 0 0 0  00000000
  11.429  3445 2956  87 1  0  0 0 0 0 0  00000000
  11.440  3446 2956  87 1  0  0 0 0 0 0  00000000
  11.453  3447 2956  87 1  0  0 0 0 0 0  00000000
  11.477  3447 2956  88 1  0  0 0 0 0 0  00000000
  11.503  3447 2956  87 1  0  0 0 0 0 0  00000000
  11.515  3447 2955  88 1  0  0 0 0 0 0  00000000
  11.527  3447 2955  87 1  0  0 0 0 0 0  00000000
  11.539  3447 2955  86 1  0  0 0 0 0 0  00000000
  11.552  3447 2955  78 1  0  0 0 0 0 0  00000000
  11.564  3428 3001  56 1  0  0 0 0 0 0  00000000
  11.576  3428 3001   0 0  0  0 0 0 0 0  00000000
  11.862  3226 3166  78 1  0  0 0 0 0 0  00000000
  11.874  3197 3063  79 1  0  0 0 0 0 0  00000000
  11.887  3217 3015  85 1  0  0 0 0 0 0  00000000
  11.900  3218 2975  86 1  0  0 0 0 0 0  00000000
  11.912  3219 2951  86 1  0  0 0 0 0 0  00000000
  11.925  3224 2952  85 1  0  0 0 0 0 0  00000000
  11.937  3225 2957  83 1  0  0 0 0 0 0  00000000
  11.950  3259 3012  74 1  0  0 0 0 0 0  00000000
  11.961  3282 3090  54 1  0  0 0 0 0 0  00000000
  11.972  3282 3090   0 0  0  0 0 0 0 0  00000000
  12.234  3049 3347  85 1  0  0 0 0 0 0  00000000
  12.247  3049 3280  79 1  0  0 0 0 0 0  00000000
  12.259  3049 3276  82 1  0  0 0 0 0 0  00000000
  12.272  3049 3253  80 1  0  0 0 0 0 0  00000000
  12.285  3070 3253  74 1  0  0 0 0 0 0  00000000
  12.296  3111 3288  62 1  0  0 0 0 0 0  00000000
  12.308  3111 3288   0 0  0  0 0 0 0 0  00000000
  12.396  3212 3288  44 1  0  0 0 0 0 0  00000000
  12.409  3149 3267  81 1  0  0 0 0 0 0  00000000
  12.420  3149 3267  82 1  0  0 0 0 0 0  00000000
  12.433  3149 3265  84 1  0  0 0 0 0 0  00000000
  12.446  3147 3263  85 1  0  0 0 0 0 0  00000000
  12.458  3145 3263  85 1  0  0 0 0 0 0  00000000
  12.469  3139 3263  85 1  0  0 0 0 0 0  00000000
  12.483  3137 3264  85 1  0  0 0 0 0 0  00000000
  12.495  3135 3268  84 1  0  0 0 0 0 0  00000000
  12.508  3133 3269  84 1  0  0 0 0 0 0  00000000
  12.520  3131 3269  84 1  0  0 0 0 0 0  00000000
  12.533  3130 3270  85 1  0  0 0 0 0 0  00000000
  12.544  3130 3270  84 1  0  0 0 0 0 0  00000000
  12.569  3130 3270  86 1  0  0 0 0 0 0  00000000
  12.582  3130 3270  84 1  0  0 0 0 0 0  00000000
  12.594  3130 3270  86 1  0  0 0 0 0 0  00000000
  12.606  3130 3270  85 1  0  0 0 0 0 0  00000000
  12.619  3130 3270  86 1  0  0 0 0 0 0  00000000
  12.632  3130 3270  85 1  0  0 0 0 0 0  00000000
  12.656  3128 3270  85 1  0  0 0 0 0 0  00000000
  12.669  3127 3270  86 1  0  0 0 0 0 0  00000000
  12.693  3127 3270  85 1  0  0 0 0 0 0  00000000
  12.717  3127 3270  86 1  0  0 0 0 0 0  00000000
  12.793  3127 3270  87 1  0  0 0 0 0 0  00000000
  12.806  3127 3270  86 1  0  0 0 0 0 0  00000000
  12.829  3127 3271  87 1  0  0 0 0 0 0  00000000
  12.843  3127 3271  86 1  0  0 0 0 0 0  00000000
  12.855  3127 3271  87 1  0  0 0 0 0 0  00000000
  12.904  3127 3271  88 1  0  0 0 0 0 0  00000000
  12.916  3127 3271  87 1  0  0 0 0 0 0  00000000
  12.941  3125 3271  88 1  0  0 0 0 0 0  00000000
  12.954  3121 3271  88 1  0  0 0 0 0 0  00000000
  12.966  3120 3269  87 1  0  0 0 0 0 0  00000000
  12.980  3118 3267  87 1  0  0 0 0 0 0  00000000
  12.992  3113 3261  86 1  0  0 0 0 0 0  00000000
  13.004  3111 3259  87 1  0  0 0 0 0 0  00000000
  13.017  3092 3253  85 1  0  0 0 0 0 0  00000000
  13.028  3092 3251  86 1  0  0 0 0 0 0  00000000
  13.041  3092 3247  84 1  0  0 0 0 0 0  00000000
  13.053  3092 3246  84 1  0  0 0 0 0 0  00000000
  13.066  3092 3242  82 1  0  0 0 0 0 0  00000000
  13.078  3092 3241  73 1  0  0 0 0 0 0  00000000
  13.091  3040 3309  50 1  0  0 0 0 0 0  00000000
  13.103  3040 3309   0 0  0  0 0 0 0 0  00000000
  13.451  2993 3475  81 1  0  0 0 0 0 0  00000000
  13.462  2989 3334  76 1  0  0 0 0 0 0  00000000
  13.475  2987 3302  82 1  0  0 0 0 0 0  00000000
  13.487  2987 3271  84 1  0  0 0 0 0 0  00000000
  13.512  2986 3271  83 1  0  0 0 0 0 0  00000000
  13.525  2984 3271  77 1  0  0 0 0 0 0  00000000
  13.538  2984 3310  69 1  0  0 0 0 0 0  00000000
  13.549  3007 3356  47 1  0  0 0 0 0 0  00000000
  13.561  3007 3356   0 0  0  0 0 0 0 0  00000000
  13.760  3081 3407  82 1  0  0 0 0 0 0  00000000
  13.773  3060 3325  78 1  0  0 0 0 0 0  00000000
  13.786  3061 3326  82 1  0  0 0 0 0 0  00000000
  13.798  3061 3326  81 1  0  0 0 0 0 0  00000000
  13.811  3061 3326  79 1  0  0 0 0 0 0  00000000
  13.822  3065 3349  75 1  0  0 0 0 0 0  00000000
  13.834  3101 3383  64 1  0  0 0 0 0 0  00000000
  13.847  3101 3383   0 0  0  0 0 0 0 0  00000000
  13.971  3148 3383  83 1  0  0 0 0 0 0  00000000
  13.984  3146 3356  79 1  0  0 0 0 0 0  00000000
  13.996  3146 3356  82 1  0  0 0 0 0 0  00000000
  14.009  3145 3356  82 1  0  0 0 0 0 0  00000000
  14.021  3143 3356  80 1  0  0 0 0 0 0  00000000
  14.035  3141 3377  77 1  0  0 0 0 0 0  00000000
  14.047  3140 3411  72 1  0  0 0 0 0 0  00000000
  14.058  3135 3469  56 1  0  0 0 0 0 0  00000000
  14.069  3135 3469   0 0  0  0 0 0 0 0  00000000
  14.232  3051 3328  85 1  0  0 0 0 0 0  00000000
  14.244  3051 3308  82 1  0  0 0 0 0 0  00000000
  14.257  3051 3308  84 1  0  0 0 0 0 0  00000000
  14.269  3051 3308  83 1  0  0 0 0 0 0  00000000
  14.282  3051 3308  81 1  0  0 0 0 0 0  00000000
  14.294  3051 3308  77 1  0  0 0 0 0 0  00000000
  14.306  3067 3336  67 1  0  0 0 0 0 0  00000000
  14.319  3067 3367  45 1  0  0 0 0 0 0  00000000
  14.329  3067 3367   0 0  0  0 0 0 0 0  00000000
  14.481  3613 3155  85 1  0  0 0 0 0 0  00000000
  14.493  3613 3124  82 1  0  0 0 0 0 0  00000000
  14.506  3613 3124  86 1  0  0 0 0 0 0  00000000
  14.530  3611 3125  84 1  0  0 0 0 0 0  00000000
  14.542  3605 3126  82 1  0  0 0 0 0 0  00000000
  14.555  3574 3154  75 1  0  0 0 0 0 0  00000000
  14.567  3536 3205  65 1  0  0 0 0 0 0  00000000
  14.579  3462 3242  43 1  0  0 0 0 0 0  00000000
  14.591  3462 3242   0 0  0  0 0 0 0 0  00000000
  14.740  2686 3478  81 1  0  0 0 0 0 0  00000000
  14.752  2662 3446  83 1  0  0 0 0 0 0  00000000
  14.766  2662 3444  86 1  0  0 0 0 0 0  00000000
  14.779  2662 3442  86 1  0  0 0 0 0 0  00000000
  14.791  2662 3441  85 1  0  0 0 0 0 0  00000000
  14.803  2662 3441  83 1  0  0 0 0 0 0  00000000
  14.816  2662 3448  80 1  0  0 0 0 0 0  00000000
  14.828  2662 3483  72 1  0  0 0 0 0 0  00000000
  14.841  2660 3512  55 1  0  0 0 0 0 0  00000000
  14.851  2660 3512   0 0  0  0 0 0 0 0  00000000
  15.014  2748 3393  82 1  0  0 0 0 0 0  00000000
  15.026  2729 3343  82 1  0  0 0 0 0 0  00000000
  15.039  2729 3341  87 1  0  0 0 0 0 0  00000000
  15.052  2729 3319  88 1  0  0 0 0 0 0  00000000
  15.063  2729 3319  89 1  0  0 0 0 0 0  00000000
  15.075  2727 3319  89 1  0  0 0 0 0 0  00000000
  15.100  2727 3319  88 1  0  0 0 0 0 0  00000000
  15.113  2726 3319  88 1  0  0 0 0 0 0  00000000
  15.125  2726 3319  87 1  0  0 0 0 0 0  00000000
  15.138  2726 3319  88 1  0  0 0 0 0 0  00000000
  15.150  2726 3320  87 1  0  0 0 0 0 0  00000000
  15.162  2726 3321  87 1  0  0 0 0 0 0  00000000
  15.175  2726 3322  86 1  0  0 0 0 0 0  00000000
  15.188  2727 3322  87 1  0  0 0 0 0 0  00000000
  15.199  2727 3323  87 1  0  0 0 0 0 0  00000000
  15.212  2727 3323  88 1  0  0 0 0 0 0  00000000
  15.225  2727 3324  88 1  0  0 0 0 0 0  00000000
  15.237  2727 3325  88 1  0  0 0 0 0 0  00000000
  15.250  2727 3326  89 1  0  0 0 0 0 0  00000000
  15.262  2727 3327  89 1  0  0 0 0 0 0  00000000
  15.274  2727 3332  89 1  0  0 0 0 0 0  00000000
  15.287  2727 3333  87 1  0  0 0 0 0 0  00000000
  15.299  2727 3334  86 1  0  0 0 0 0 0  00000000
  15.312  2727 3355  80 1  0  0 0 0 0 0  00000000
  15.324  2746 3356  69 1  0  0 0 0 0 0  00000000
  15.337  2763 3388  53 1  0  0 0 0 0 0  00000000
  15.349  2763 3388   0 0  0  0 0 0 0 0  00000000
  15.447  2912 3265  74 1  0  0 0 0 0 0  00000000
  15.460  2894 3246  86 1  0  0 0 0 0 0  00000000
  15.474  2894 3246  91 1  0  0 0 0 0 0  00000000
  15.498  2894 3246  90 1  0  0 0 0 0 0  00000000
  15.510  2894 3246  85 1  0  0 0 0 0 0  00000000
  15.522  2895 3253  78 1  0  0 0 0 0 0  00000000
  15.534  2930 3310  58 1  0  0 0 0 0 0  00000000
  15.546  2930 3310   0 0  0  0 0 0 0 0  00000000
  15.610  2994 3282  55 1  0  0 0 0 0 0  00000000
  15.622  2945 3251  90 1  0  0 0 0 0 0  00000000
  15.634  2945 3249  95 1  0  0 0 0 0 0  00000000
  15.646  2944 3247  97 1  0  0 0 0 0 0  00000000
  15.659  2942 3245  98 1  0  0 0 0 0 0  00000000
  15.672  2937 3245  98 1  0  0 0 0 0 0  00000000
  15.683  2933 3245  98 1  0  0 0 0 0 0  00000000
  15.696  2932 3245  98 1  0  0 0 0 0 0  00000000
  15.708  2927 3245  98 1  0  0 0 0 0 0  00000000
  15.721  2925 3245  96 1  0  0 0 0 0 0  00000000
  15.733  2924 3245  95 1  0  0 0 0 0 0  00000000
  15.747  2924 3245  96 1  0  0 0 0 0 0  00000000
  15.759  2924 3227  95 1  0  0 0 0 0 0  00000000
  15.771  2924 3227  96 1  0  0 0 0 0 0  00000000
  15.808  2924 3222  97 1  0  0 0 0 0 0  00000000
  15.821  2924 3220  96 1  0  0 0 0 0 0  00000000
  15.834  2924 3215  96 1  0  0 0 0 0 0  00000000
  15.845  2924 3213  97 1  0  0 0 0 0 0  00000000
  15.870  2924 3213  96 1  0  0 0 0 0 0  00000000
  15.882  2923 3213  98 1  0  0 0 0 0 0  00000000
  15.895  2923 3213  97 1  0  0 0 0 0 0  00000000
  15.907  2923 3213  98 1  0  0 0 0 0 0  00000000
  15.919  2923 3213  97 1  0  0 0 0 0 0  00000000
  15.932  2923 3213  98 1  0  0 0 0 0 0  00000000
  15.945  2923 3213  97 1  0  0 0 0 0 0  00000000
  15.957  2922 3213  97 1  0  0 0 0 0 0  00000000
  16.044  2922 3213  98 1  0  0 0 0 0 0  00000000
  16.057  2922 3213  97 1  0  0 0 0 0 0  00000000
  16.094  2922 3211  99 1  0  0 0 0 0 0  00000000
  16.105  2922 3207  98 1  0  0 0 0 0 0  00000000
  16.118  2922 3206  98 1  0  0 0 0 0 0  00000000
  16.143  2922 3204  98 1  0  0 0 0 0 0  00000000
  16.155  2923 3202  98 1  0  0 0 0 0 0  00000000
  16.170  2924 3200  98 1  0  0 0 0 0 0  00000000
  16.181  2924 3198  97 1  0  0 0 0 0 0  00000000
  16.194  2924 3194  98 1  0  0 0 0 0 0  00000000
  16.206  2928 3193  97 1  0  0 0 0 0 0  00000000
  16.217  2929 3191  98 1  0  0 0 0 0 0  00000000
  16.230  2930 3186  97 1  0  0 0 0 0 0  00000000
  16.242  2930 3184  97 1  0  0 0 0 0 0  00000000
  16.255  2930 3183  96 1  0  0 0 0 0 0  00000000
  16.267  2930 3181  95 1  0  0 0 0 0 0  00000000
  16.280  2930 3181  94 1  0  0 0 0 0 0  00000000
  16.292  2931 3179  91 1  0  0 0 0 0 0  00000000
  16.316  2931 3174  80 1  0  0 0 0 0 0  00000000
  16.330  2932 3203  67 1  0  0 0 0 0 0  00000000
  16.342  2932 3203   0 0  0  0 0 0 0 0  00000000
