time	 y	 z	 f	 w	 l	 r	 u	 d	 m	 multi
   0.000  2180 3623   0 0  0  0 0 0 0 0  00000000
   0.878  2502 3422  79 1  0  0 0 0 0 0  00000000
   0.887  2501 3420  81 1  0  0 0 0 0 0  00000000
   0.901  2501 3415  81 1  0  0 0 0 0 0  00000000
   0.912  2500 3409  81 1  0  0 0 0 0 0  00000000
   0.925  2500 3403  80 1  0  0 0 0 0 0  00000000
   0.938  2500 3381  79 1  0  0 0 0 0 0  00000000
   0.951  2500 3379  78 1  0  0 0 0 0 0  00000000
   0.963  2500 3374  75 1  0  0 0 0 0 0  00000000
   0.974  2500 3369  74 1  0  0 0 0 0 0  00000000
   0.988  2500 3364  73 1  0  0 0 0 0 0  00000000
   1.000  2500 3359  73 1  0  0 0 0 0 0  00000000
   1.012  2500 3353  71 1  0  0 0 0 0 0  00000000
   1.024  2500 3351  71 1  0  0 0 0 0 0  00000000
   1.037  2500 3349  72 1  0  0 0 0 0 0  00000000
   1.049  2500 3344  72 1  0  0 0 0 0 0  00000000
   1.063  2500 3342  72 1  0  0 0 0 0 0  00000000
   1.074  2500 3342  71 1  0  0 0 0 0 0  00000000
   1.099  2500 3342  70 1  0  0 0 0 0 0  00000000
   1.113  2499 3348  65 1  0  0 0 0 0 0  00000000
   1.128  2499 3376  53 1  0  0 0 0 0 0  00000000
   1.137  2499 3376   0 0  0  0 0 0 0 0  00000000
   2.290  3833 3055  82 1  0  0 0 0 0 0  00000000
   2.309  3833 2995  75 1  0  0 0 0 0 0  00000000
   2.327  3833 2993  78 1  0  0 0 0 0 0  00000000
   2.340  3833 2987  78 1  0  0 0 0 0 0  00000000
   2.352  3833 2982  77 1  0  0 0 0 0 0  00000000
   2.364  3833 2980  75 1  0  0 0 0 0 0  00000000
   2.377  3833 2980  73 1  0  0 0 0 0 0  00000000
   2.389  3833 2980  74 1  0  0 0 0 0 0  00000000
   2.401  3833 2980  73 1  0  0 0 0 0 0  00000000
   2.414  3833 2975  74 1  0  0 0 0 0 0  00000000
   2.427  3833 2969  73 1  0  0 0 0 0 0  00000000
   2.438  3833 2964  73 1  0  0 0 0 0 0  00000000
   2.452  3833 2960  73 1  0  0 0 0 0 0  00000000
   2.464  3833 2955  73 1  0  0 0 0 0 0  00000000
   2.476  3834 2950  72 1  0  0 0 0 0 0  00000000
   2.489  3833 2925  71 1  0  0 0 0 0 0  00000000
   2.502  3833 2925  70 1  0  0 0 0 0 0  00000000
   2.513  3834 2925  66 1  0  0 0 0 0 0  00000000
   2.526  3838 2925  61 1  0  0 0 0 0 0  00000000
   2.539  3839 2958  45 1  0  0 0 0 0 0  00000000
   2.549  3839 2958   0 0  0  0 0 0 0 0  00000000
   3.903  2664 3373  35 1  0  0 0 0 0 0  00000000
   3.928  2545 3373  79 1  0  0 0 0 0 0  00000000
   3.941  2545 3373  80 1  0  0 0 0 0 0  00000000
   3.952  2545 3350  78 1  0  0 0 0 0 0  00000000
   3.965  2546 3350  76 1  0  0 0 0 0 0  00000000
   3.977  2565 3367  69 1  0  0 0 0 0 0  00000000
   3.991  2586 3368  54 1  0  0 0 0 0 0  00000000
   4.002  2586 3368   0 0  0  0 0 0 0 0  00000000
   4.263  3962 2414  72 1  0  0 0 0 0 0  00000000
   4.276  3962 2389  65 1  0  0 0 0 0 0  00000000
   4.287  3962 2390  68 1  0  0 0 0 0 0  00000000
   4.300  3962 2391  68 1  0  0 0 0 0 0  00000000
   4.313  3962 2392  68 1  0  0 0 0 0 0  00000000
   4.325  3962 2393  66 1  0  0 0 0 0 0  00000000
   4.337  3962 2394  65 1  0  0 0 0 0 0  00000000
   4.351  3962 2394  60 1  0  0 0 0 0 0  00000000
   4.362  3962 2387  50 1  0  0 0 0 0 0  00000000
   4.375  3962 2387   0 0  0  0 0 0 0 0  00000000
   5.503  2601 3347  60 1  0  0 0 0 0 0  00000000
   5.516  2555 3348  68 1  0  0 0 0 0 0  00000000
   5.528  2556 3349  70 1  0  0 0 0 0 0  00000000
   5.540  2556 3349  72 1  0  0 0 0 0 0  00000000
   5.553  2556 3349  71 1  0  0 0 0 0 0  00000000
   5.578  2556 3349  69 1  0  0 0 0 0 0  00000000
   5.590  2556 3349  68 1  0  0 0 0 0 0  00000000
   5.603  2557 3349  65 1  0  0 0 0 0 0  00000000
   5.615  2587 3345  61 1  0  0 0 0 0 0  00000000
   5.628  2566 3343  52 1  0  0 0 0 0 0  00000000
   5.640  2566 3343   0 0  0  0 0 0 0 0  00000000
   6.621  3920 2397  70 1  0  0 0 0 0 0  00000000
   6.634  3902 2393  68 1  0  0 0 0 0 0  00000000
   6.645  3902 2388  71 1  0  0 0 0 0 0  00000000
   6.657  3902 2386  71 1  0  0 0 0 0 0  00000000
   6.720  3902 2386  70 1  0  0 0 0 0 0  00000000
   6.733  3902 2386  69 1  0  0 0 0 0 0  00000000
   6.745  3902 2382  70 1  0  0 0 0 0 0  00000000
   6.757  3902 2381  70 1  0  0 0 0 0 0  00000000
   6.782  3902 2379  70 1  0  0 0 0 0 0  00000000
   6.794  3902 2377  70 1  0  0 0 0 0 0  00000000
   6.806  3902 2375  69 1  0  0 0 0 0 0  00000000
   6.819  3902 2374  69 1  0  0 0 0 0 0  00000000
   6.856  3901 2374  69 1  0  0 0 0 0 0  00000000
   6.868  3901 2374  70 1  0  0 0 0 0 0  00000000
   6.905  3901 2375  70 1  0  0 0 0 0 0  00000000
   6.931  3901 2376  70 1  0  0 0 0 0 0  00000000
   6.956  3901 2376  69 1  0  0 0 0 0 0  00000000
   6.968  3901 2376  70 1  0  0 0 0 0 0  00000000
   7.017  3901 2376  69 1  0  0 0 0 0 0  00000000
   7.043  3901 2376  68 1  0  0 0 0 0 0  00000000
   7.054  3901 2376  67 1  0  0 0 0 0 0  00000000
   7.067  3905 2376  64 1  0  0 0 0 0 0  00000000
   7.079  3910 2376  56 1  0  0 0 0 0 0  00000000
   7.091  3910 2376   0 0  0  0 0 0 0 0  00000000
   7.922  2523 3532  46 1  0  0 0 0 0 0  00000000
   7.936  2474 3532  69 1  0  0 0 0 0 0  00000000
   7.948  2474 3564  74 1  0  0 0 0 0 0  00000000
   7.960  2452 3565  77 1  0  0 0 0 0 0  00000000
   7.970  2452 3566  77 1  0  0 0 0 0 0  00000000
   7.985  2429 3611  82 1  0  0 0 0 0 0  00000000
   7.998  2428 3612  83 1  0  0 0 0 0 0  00000000
   8.010  2426 3618  84 1  0  0 0 0 0 0  00000000
   8.026  2425 3640  85 1  0  0 0 0 0 0  00000000
   8.035  2425 3640  83 1  0  0 0 0 0 0  00000000
   8.047  2424 3636  83 1  0  0 0 0 0 0  00000000
   8.060  2424 3630  83 1  0  0 0 0 0 0  00000000
   8.072  2424 3607  81 1  0  0 0 0 0 0  00000000
   8.084  2424 3605  80 1  0  0 0 0 0 0  00000000
   8.096  2424 3565  79 1  0  0 0 0 0 0  00000000
   8.109  2424 3520  74 1  0  0 0 0 0 0  00000000
   8.122  2424 3492  67 1  0  0 0 0 0 0  00000000
   8.133  2454 3490  54 1  0  0 0 0 0 0  00000000
   8.146  2454 3490   0 0  0  0 0 0 0 0  00000000
   9.040  3958 2666  71 1  0  0 0 0 0 0  00000000
   9.052  3958 2666  70 1  0  0 0 0 0 0  00000000
   9.065  3958 2666  72 1  0  0 0 0 0 0  00000000
   9.078  3958 2666  73 1  0  0 0 0 0 0  00000000
   9.089  3954 2666  73 1  0  0 0 0 0 0  00000000
   9.102  3953 2666  73 1  0  0 0 0 0 0  00000000
   9.152  3953 2667  73 1  0  0 0 0 0 0  00000000
   9.188  3953 2667  72 1  0  0 0 0 0 0  00000000
   9.200  3953 2667  71 1  0  0 0 0 0 0  00000000
   9.220  3954 2666  70 1  0  0 0 0 0 0  00000000
   9.238  3987 2666  61 1  0  0 0 0 0 0  00000000
   9.250  4017 2666  43 1  0  0 0 0 0 0  00000000
   9.262  4017 2666   0 0  0  0 0 0 0 0  00000000
   9.661  2606 3786  64 1  0  0 0 0 0 0  00000000
   9.673  2578 3786  69 1  0  0 0 0 0 0  00000000
   9.684  2578 3787  73 1  0  0 0 0 0 0  00000000
   9.697  2578 3791  74 1  0  0 0 0 0 0  00000000
   9.709  2578 3792  74 1  0  0 0 0 0 0  00000000
   9.721  2578 3793  72 1  0  0 0 0 0 0  00000000
   9.734  2578 3794  71 1  0  0 0 0 0 0  00000000
   9.746  2578 3794  66 1  0  0 0 0 0 0  00000000
   9.760  3936 2673  75 1  0  0 0 0 0 0  00000000
   9.772  3937 2674  76 1  0  0 0 0 0 0  00000000
   9.784  3938 2674  78 1  0  0 0 0 0 0  00000000
   9.796  3942 2674  78 1  0  0 0 0 0 0  00000000
   9.809  3943 2678  77 1  0  0 0 0 0 0  00000000
   9.821  3944 2679  77 1  0  0 0 0 0 0  00000000
   9.835  3945 2680  76 1  0  0 0 0 0 0  00000000
   9.846  3946 2681  74 1  0  0 0 0 0 0  00000000
   9.859  3947 2673  71 1  0  0 0 0 0 0  00000000
   9.896  2384 3769  79 1  0  0 0 0 0 0  00000000
   9.908  2384 3770  79 1  0  0 0 0 0 0  00000000
   9.920  2384 3771  77 1  0  0 0 0 0 0  00000000
   9.933  2384 3806  75 1  0  0 0 0 0 0  00000000
   9.945  2384 3837  69 1  0  0 0 0 0 0  00000000
   9.959  3970 2642  37 1  0  0 0 0 0 0  00000000
   9.971  3881 2703  80 1  0  0 0 0 0 0  00000000
   9.983  3881 2704  80 1  0  0 0 0 0 0  00000000
   9.995  3881 2709  80 1  0  0 0 0 0 0  00000000
  10.008  3882 2756  79 1  0  0 0 0 0 0  00000000
  10.020  3886 2784  79 1  0  0 0 0 0 0  00000000
  10.033  3909 2819  79 1  0  0 0 0 0 0  00000000
  10.046  3909 2849  77 1  0  0 0 0 0 0  00000000
  10.058  3929 2850  75 1  0  0 0 0 0 0  00000000
  10.070  3946 2874  74 1  0  0 0 0 0 0  00000000
  10.082  3947 2874  74 1  0  0 0 0 0 0  00000000
  10.094  3974 2874  73 1  0  0 0 0 0 0  00000000
  10.107  3975 2874  74 1  0  0 0 0 0 0  00000000
  10.120  3975 2874  75 1  0  0 0 0 0 0  00000000
  10.132  3975 2875  76 1  0  0 0 0 0 0  00000000
  10.145  3975 2876  75 1  0  0 0 0 0 0  00000000
  10.157  3973 2877  75 1  0  0 0 0 0 0  00000000
  10.168  3952 2878  74 1  0  0 0 0 0 0  00000000
  10.181  3950 2879  73 1  0  0 0 0 0 0  00000000
  10.193  3915 2900  70 1  0  0 0 0 0 0  00000000
  10.205  3891 2900  67 1  0  0 0 0 0 0  00000000
  10.220  3856 2900  62 1  0  0 0 0 0 0  00000000
  10.231  3834 2900  52 1  0  0 0 0 0 0  00000000
  10.243  3834 2900   0 0  0  0 0 0 0 0  00000000
  10.393  3909 2751  60 1  0  0 0 0 0 0  00000000
  10.406  3843 2751  78 1  0  0 0 0 0 0  00000000
  10.418  3844 2751  79 1  0  0 0 0 0 0  00000000
  10.430  3845 2751  79 1  0  0 0 0 0 0  00000000
  10.442  3845 2751  78 1  0  0 0 0 0 0  00000000
  10.454  3845 2777  77 1  0  0 0 0 0 0  00000000
  10.467  3845 2802  75 1  0  0 0 0 0 0  00000000
  10.478  3850 2826  73 1  0  0 0 0 0 0  00000000
  10.491  3851 2827  72 1  0  0 0 0 0 0  00000000
  10.503  3852 2852  70 1  0  0 0 0 0 0  00000000
  10.516  3853 2852  67 1  0  0 0 0 0 0  00000000
  10.528  3854 2852  66 1  0  0 0 0 0 0  00000000
  10.541  3858 2850  64 1  0  0 0 0 0 0  00000000
  10.553  3858 2818  60 1  0  0 0 0 0 0  00000000
  10.565  3857 2816  56 1  0  0 0 0 0 0  00000000
  10.579  3835 2784  51 1  0  0 0 0 0 0  00000000
  10.590  3835 2784   0 0  0  0 0 0 0 0  00000000
  10.678  2175 3840  54 1  0  0 0 0 0 0  00000000
  10.690  2118 3840  73 1  0  0 0 0 0 0  00000000
  10.702  2118 3835  75 1  0  0 0 0 0 0  00000000
  10.714  2118 3815  76 1  0  0 0 0 0 0  00000000
  10.739  2118 3815  75 1  0  0 0 0 0 0  00000000
  10.764  2118 3816  74 1  0  0 0 0 0 0  00000000
  10.776  2118 3817  74 1  0  0 0 0 0 0  00000000
  10.789  2118 3818  74 1  0  0 0 0 0 0  00000000
  10.801  2118 3818  73 1  0  0 0 0 0 0  00000000
  10.862  2118 3817  73 1  0  0 0 0 0 0  00000000
  10.888  2118 3816  72 1  0  0 0 0 0 0  00000000
  10.913  2118 3816  71 1  0  0 0 0 0 0  00000000
  10.937  2118 3817  71 1  0  0 0 0 0 0  00000000
  10.947  2118 3818  71 1  0  0 0 0 0 0  00000000
  10.958  2119 3819  71 1  0  0 0 0 0 0  00000000
  10.975  2120 3819  71 1  0  0 0 0 0 0  00000000
  10.988  2124 3819  67 1  0  0 0 0 0 0  00000000
  11.000  2158 3820  57 1  0  0 0 0 0 0  00000000
  11.013  2158 3820   0 0  0  0 0 0 0 0  00000000
  11.125  3592 2701  77 1  0  0 0 0 0 0  00000000
  11.137  3575 2660  77 1  0  0 0 0 0 0  00000000
  11.148  3575 2660  79 1  0  0 0 0 0 0  00000000
  11.162  3575 2661  80 1  0  0 0 0 0 0  00000000
  11.174  3575 2666  80 1  0  0 0 0 0 0  00000000
  11.186  3575 2670  80 1  0  0 0 0 0 0  00000000
  11.199  3575 2676  80 1  0  0 0 0 0 0  00000000
  11.211  3576 2677  80 1  0  0 0 0 0 0  00000000
  11.223  3577 2678  80 1  0  0 0 0 0 0  00000000
  11.235  3578 2679  80 1  0  0 0 0 0 0  00000000
  11.248  3578 2680  79 1  0  0 0 0 0 0  00000000
  11.273  3578 2680  80 1  0  0 0 0 0 0  00000000
  11.285  3578 2680  79 1  0  0 0 0 0 0  00000000
  11.298  3578 2662  80 1  0  0 0 0 0 0  00000000
  11.309  3578 2662  79 1  0  0 0 0 0 0  00000000
  11.322  3578 2657  79 1  0  0 0 0 0 0  00000000
  11.335  3578 2656  79 1  0  0 0 0 0 0  00000000
  11.359  3579 2654  78 1  0  0 0 0 0 0  00000000
  11.372  3580 2652  79 1  0  0 0 0 0 0  00000000
  11.385  3580 2650  78 1  0  0 0 0 0 0  00000000
  11.434  3580 2650  79 1  0  0 0 0 0 0  00000000
  11.447  3580 2649  78 1  0  0 0 0 0 0  00000000
  11.472  3580 2647  78 1  0  0 0 0 0 0  00000000
  11.483  3580 2645  78 1  0  0 0 0 0 0  00000000
  11.496  3581 2643  78 1  0  0 0 0 0 0  00000000
  11.508  3582 2643  78 1  0  0 0 0 0 0  00000000
  11.518  3583 2643  78 1  0  0 0 0 0 0  00000000
  11.528  3583 2641  78 1  0  0 0 0 0 0  00000000
  11.546  3583 2641  79 1  0  0 0 0 0 0  00000000
  11.558  3584 2641  78 1  0  0 0 0 0 0  00000000
  11.572  3584 2640  78 1  0  0 0 0 0 0  00000000
  11.620  3585 2640  78 1  0  0 0 0 0 0  00000000
  11.633  3585 2640  77 1  0  0 0 0 0 0  00000000
  11.645  3586 2640  77 1  0  0 0 0 0 0  00000000
  11.658  3587 2640  78 1  0  0 0 0 0 0  00000000
  11.670  3588 2639  78 1  0  0 0 0 0 0  00000000
  11.683  3589 2637  77 1  0  0 0 0 0 0  00000000
  11.695  3590 2635  78 1  0  0 0 0 0 0  00000000
  11.707  3591 2633  77 1  0  0 0 0 0 0  00000000
  11.720  3592 2633  77 1  0  0 0 0 0 0  00000000
  11.733  3593 2633  78 1  0  0 0 0 0 0  00000000
  11.745  3593 2633  77 1  0  0 0 0 0 0  00000000
  11.770  3593 2631  77 1  0  0 0 0 0 0  00000000
  11.782  3593 2629  77 1  0  0 0 0 0 0  00000000
  11.794  3593 2627  77 1  0  0 0 0 0 0  00000000
  11.831  3593 2625  76 1  0  0 0 0 0 0  00000000
  11.844  3593 2625  75 1  0  0 0 0 0 0  00000000
  11.856  3593 2625  74 1  0  0 0 0 0 0  00000000
  11.869  3593 2621  70 1  0  0 0 0 0 0  00000000
  11.880  3597 2621  64 1  0  0 0 0 0 0  00000000
  11.892  3597 2647  41 1  0  0 0 0 0 0  00000000
  11.905  3597 2647   0 0  0  0 0 0 0 0  00000000
  12.191  2518 3670  55 1  0  0 0 0 0 0  00000000
  12.203  2446 3670  76 1  0  0 0 0 0 0  00000000
  12.216  2446 3670  81 1  0  0 0 0 0 0  00000000
  12.240  2446 3670  83 1  0  0 0 0 0 0  00000000
  12.253  2444 3670  84 1  0  0 0 0 0 0  00000000
  12.265  2444 3665  83 1  0  0 0 0 0 0  00000000
  12.278  2444 3660  82 1  0  0 0 0 0 0  00000000
  12.291  2443 3655  83 1  0  0 0 0 0 0  00000000
  12.302  2443 3650  82 1  0  0 0 0 0 0  00000000
  12.315  2443 3648  82 1  0  0 0 0 0 0  00000000
  12.328  2441 3624  83 1  0  0 0 0 0 0  00000000
  12.341  2440 3622  83 1  0  0 0 0 0 0  00000000
  12.352  2438 3617  82 1  0  0 0 0 0 0  00000000
  12.364  2437 3611  82 1  0  0 0 0 0 0  00000000
  12.377  2436 3606  83 1  0  0 0 0 0 0  00000000
  12.389  2436 3601  82 1  0  0 0 0 0 0  00000000
  12.402  2436 3580  81 1  0  0 0 0 0 0  00000000
  12.427  2436 3580  82 1  0  0 0 0 0 0  00000000
  12.439  2436 3580  81 1  0  0 0 0 0 0  00000000
  12.452  2436 3579  82 1  0  0 0 0 0 0  00000000
  12.464  2435 3577  82 1  0  0 0 0 0 0  00000000
  12.490  2434 3573  82 1  0  0 0 0 0 0  00000000
  12.501  2432 3572  82 1  0  0 0 0 0 0  00000000
  12.527  2432 3571  82 1  0  0 0 0 0 0  00000000
  12.538  2432 3571  81 1  0  0 0 0 0 0  00000000
  12.551  2432 3571  82 1  0  0 0 0 0 0  00000000
  12.563  2432 3571  81 1  0  0 0 0 0 0  00000000
  12.575  2432 3565  82 1  0  0 0 0 0 0  00000000
  12.588  2432 3563  82 1  0  0 0 0 0 0  00000000
  12.601  2432 3563  81 1  0  0 0 0 0 0  00000000
  12.613  2432 3563  82 1  0  0 0 0 0 0  00000000
  12.638  2432 3561  81 1  0  0 0 0 0 0  00000000
  12.650  2432 3559  81 1  0  0 0 0 0 0  00000000
  12.674  2432 3558  81 1  0  0 0 0 0 0  00000000
  12.688  2432 3556  81 1  0  0 0 0 0 0  00000000
  12.701  2432 3555  80 1  0  0 0 0 0 0  00000000
  12.712  2432 3553  80 1  0  0 0 0 0 0  00000000
  12.725  2432 3548  80 1  0  0 0 0 0 0  00000000
  12.738  2432 3546  80 1  0  0 0 0 0 0  00000000
  12.750  2432 3544  80 1  0  0 0 0 0 0  00000000
  12.762  2432 3540  79 1  0  0 0 0 0 0  00000000
  12.774  2432 3538  80 1  0  0 0 0 0 0  00000000
  12.786  2432 3536  80 1  0  0 0 0 0 0  00000000
  12.799  2432 3531  80 1  0  0 0 0 0 0  00000000
  12.812  2432 3530  79 1  0  0 0 0 0 0  00000000
  12.836  2432 3528  79 1  0  0 0 0 0 0  00000000
  12.849  2432 3526  79 1  0  0 0 0 0 0  00000000
  12.861  2430 3524  79 1  0  0 0 0 0 0  00000000
  12.873  2430 3520  79 1  0  0 0 0 0 0  00000000
  12.886  2430 3518  79 1  0  0 0 0 0 0  00000000
  12.910  2430 3518  78 1  0  0 0 0 0 0  00000000
  12.923  2430 3518  79 1  0  0 0 0 0 0  00000000
  12.973  2430 3518  80 1  0  0 0 0 0 0  00000000
  12.985  2430 3518  79 1  0  0 0 0 0 0  00000000
  12.998  2430 3518  80 1  0  0 0 0 0 0  00000000
  13.011  2430 3518  79 1  0  0 0 0 0 0  00000000
  13.023  2428 3518  80 1  0  0 0 0 0 0  00000000
  13.035  2428 3519  81 1  0  0 0 0 0 0  00000000
  13.047  2427 3520  80 1  0  0 0 0 0 0  00000000
  13.059  2425 3521  80 1  0  0 0 0 0 0  00000000
  13.073  2425 3522  80 1  0  0 0 0 0 0  00000000
  13.085  2425 3528  80 1  0  0 0 0 0 0  00000000
  13.097  2425 3533  81 1  0  0 0 0 0 0  00000000
  13.110  2425 3534  80 1  0  0 0 0 0 0  00000000
  13.123  2425 3539  81 1  0  0 0 0 0 0  00000000
  13.135  2425 3544  82 1  0  0 0 0 0 0  00000000
  13.147  2425 3548  82 1  0  0 0 0 0 0  00000000
  13.160  2425 3549  82 1  0  0 0 0 0 0  00000000
  13.172  2425 3553  82 1  0  0 0 0 0 0  00000000
  13.185  2425 3554  82 1  0  0 0 0 0 0  00000000
  13.196  2425 3555  82 1  0  0 0 0 0 0  00000000
  13.209  2425 3555  83 1  0  0 0 0 0 0  00000000
  13.220  2425 3555  82 1  0  0 0 0 0 0  00000000
  13.233  2425 3553  81 1  0  0 0 0 0 0  00000000
  13.246  2425 3548  79 1  0  0 0 0 0 0  00000000
  13.258  2429 3517  74 1  0  0 0 0 0 0  00000000
  13.270  2433 3517  60 1  0  0 0 0 0 0  00000000
  13.281  2433 3517   0 0  0  0 0 0 0 0  00000000
  13.606  3516 2885  73 1  0  0 0 0 0 0  00000000
  13.618  3535 2824  73 1  0  0 0 0 0 0  00000000
  13.630  3554 2778  77 1  0  0 0 0 0 0  00000000
  13.643  3577 2755  80 1  0  0 0 0 0 0  00000000
  13.655  3577 2753  81 1  0  0 0 0 0 0  00000000
  13.667  3577 2749  81 1  0  0 0 0 0 0  00000000
  13.680  3577 2748  82 1  0  0 0 0 0 0  00000000
  13.705  3577 2746  81 1  0  0 0 0 0 0  00000000
  13.717  3577 2744  82 1  0  0 0 0 0 0  00000000
  13.730  3575 2739  81 1  0  0 0 0 0 0  00000000
  13.741  3573 2734  84 1  0  0 0 0 0 0  00000000
  13.754  3573 2729  81 1  0  0 0 0 0 0  00000000
  13.767  3573 2724  81 1  0  0 0 0 0 0  00000000
  13.779  3569 2703  83 1  0  0 0 0 0 0  00000000
  13.792  3568 2703  80 1  0  0 0 0 0 0  00000000
  13.804  3568 2701  80 1  0  0 0 0 0 0  00000000
  13.816  3568 2699  79 1  0  0 0 0 0 0  00000000
  13.829  3568 2693  79 1  0  0 0 0 0 0  00000000
  13.841  3568 2687  78 1  0  0 0 0 0 0  00000000
  13.854  3568 2682  79 1  0  0 0 0 0 0  00000000
  13.866  3566 2676  80 1  0  0 0 0 0 0  00000000
  13.879  3565 2674  77 1  0  0 0 0 0 0  00000000
  13.892  3565 2669  78 1  0  0 0 0 0 0  00000000
  13.903  3565 2667  78 1  0  0 0 0 0 0  00000000
  13.915  3565 2667  79 1  0  0 0 0 0 0  00000000
  13.927  3565 2665  78 1  0  0 0 0 0 0  00000000
  13.940  3565 2663  80 1  0  0 0 0 0 0  00000000
  13.954  3565 2662  78 1  0  0 0 0 0 0  00000000
  13.980  3565 2662  79 1  0  0 0 0 0 0  00000000
  14.016  3564 2662  80 1  0  0 0 0 0 0  00000000
  14.027  3564 2662  79 1  0  0 0 0 0 0  00000000
  14.040  3564 2662  81 1  0  0 0 0 0 0  00000000
  14.052  3564 2662  79 1  0  0 0 0 0 0  00000000
  14.165  3564 2661  79 1  0  0 0 0 0 0  00000000
  14.202  3564 2657  80 1  0  0 0 0 0 0  00000000
  14.213  3564 2656  79 1  0  0 0 0 0 0  00000000
  14.263  3564 2656  78 1  0  0 0 0 0 0  00000000
  14.277  3564 2656  79 1  0  0 0 0 0 0  00000000
  14.301  3565 2656  79 1  0  0 0 0 0 0  00000000
  14.325  3565 2656  80 1  0  0 0 0 0 0  00000000
  14.338  3565 2657  79 1  0  0 0 0 0 0  00000000
  14.350  3565 2662  80 1  0  0 0 0 0 0  00000000
  14.363  3565 2663  80 1  0  0 0 0 0 0  00000000
  14.376  3565 2668  81 1  0  0 0 0 0 0  00000000
  14.387  3565 2669  80 1  0  0 0 0 0 0  00000000
  14.400  3565 2670  81 1  0  0 0 0 0 0  00000000
  14.412  3565 2674  80 1  0  0 0 0 0 0  00000000
  14.425  3565 2675  81 1  0  0 0 0 0 0  00000000
  14.436  3565 2680  82 1  0  0 0 0 0 0  00000000
  14.450  3565 2681  80 1  0  0 0 0 0 0  00000000
  14.462  3565 2682  81 1  0  0 0 0 0 0  00000000
  14.474  3565 2683  81 1  0  0 0 0 0 0  00000000
  14.487  3565 2684  82 1  0  0 0 0 0 0  00000000
  14.498  3565 2685  81 1  0  0 0 0 0 0  00000000
  14.511  3565 2685  83 1  0  0 0 0 0 0  00000000
  14.524  3565 2686  83 1  0  0 0 0 0 0  00000000
  14.536  3564 2690  83 1  0  0 0 0 0 0  00000000
  14.549  3564 2691  83 1  0  0 0 0 0 0  00000000
  14.561  3564 2692  82 1  0  0 0 0 0 0  00000000
  14.573  3564 2697  82 1  0  0 0 0 0 0  00000000
  14.587  3564 2698  82 1  0  0 0 0 0 0  00000000
  14.599  3564 2699  82 1  0  0 0 0 0 0  00000000
  14.610  3564 2703  83 1  0  0 0 0 0 0  00000000
  14.623  3564 2704  83 1  0  0 0 0 0 0  00000000
  14.636  3564 2704  82 1  0  0 0 0 0 0  00000000
  14.673  3564 2704  80 2  0  0 0 0 0 0  00000000
  14.748  3564 2705  82 2  0  0 0 0 0 0  00000000
  14.773  3564 2706  80 2  0  0 0 0 0 0  00000000
  14.797  3564 2710  82 1  0  0 0 0 0 0  00000000
  14.809  3564 2714  82 1  0  0 0 0 0 0  00000000
  14.822  3564 2714  81 1  0  0 0 0 0 0  00000000
  14.834  3565 2714  78 1  0  0 0 0 0 0  00000000
  14.845  3566 2715  71 1  0  0 0 0 0 0  00000000
  14.858  3567 2750  39 1  0  0 0 0 0 0  00000000
  14.870  3567 2750   0 0  0  0 0 0 0 0  00000000
  15.206  2311 3784  77 1  0  0 0 0 0 0  00000000
  15.231  2309 3783  79 1  0  0 0 0 0 0  00000000
  15.243  2303 3783  80 1  0  0 0 0 0 0  00000000
  15.256  2301 3783  81 1  0  0 0 0 0 0  00000000
  15.268  2299 3783  81 1  0  0 0 0 0 0  00000000
  15.281  2297 3783  82 1  0  0 0 0 0 0  00000000
  15.305  2296 3783  81 1  0  0 0 0 0 0  00000000
  15.329  2294 3783  82 1  0  0 0 0 0 0  00000000
  15.339  2292 3783  82 1  0  0 0 0 0 0  00000000
  15.367  2292 3778  82 1  0  0 0 0 0 0  00000000
  15.380  2292 3776  81 1  0  0 0 0 0 0  00000000
  15.393  2292 3775  81 1  0  0 0 0 0 0  00000000
  15.405  2291 3775  81 1  0  0 0 0 0 0  00000000
  15.416  2287 3775  82 1  0  0 0 0 0 0  00000000
  15.430  2286 3775  82 1  0  0 0 0 0 0  00000000
  15.442  2286 3775  81 1  0  0 0 0 0 0  00000000
  15.478  2286 3774  80 1  0  0 0 0 0 0  00000000
  15.491  2286 3773  78 1  0  0 0 0 0 0  00000000
  15.504  2287 3768  76 1  0  0 0 0 0 0  00000000
  15.517  2292 3766  70 1  0  0 0 0 0 0  00000000
  15.528  2292 3782  59 1  0  0 0 0 0 0  00000000
  15.541  2261 3778  41 1  0  0 0 0 0 0  00000000
  15.552  2261 3778   0 0  0  0 0 0 0 0  00000000
  15.715  3240 2921  76 1  0  0 0 0 0 0  00000000
  15.728  3240 2921  77 1  0  0 0 0 0 0  00000000
  15.739  3240 2919  77 1  0  0 0 0 0 0  00000000
  15.750  3240 2918  77 1  0  0 0 0 0 0  00000000
  15.758  3240 2917  77 1  0  0 0 0 0 0  00000000
  15.777  3240 2917  78 1  0  0 0 0 0 0  00000000
  15.801  3240 2917  77 1  0  0 0 0 0 0  00000000
  15.827  3240 2917  78 1  0  0 0 0 0 0  00000000
  15.838  3240 2913  78 1  0  0 0 0 0 0  00000000
  15.851  3239 2893  78 1  0  0 0 0 0 0  00000000
  15.863  3237 2893  77 1  0  0 0 0 0 0  00000000
  15.876  3235 2893  77 1  0  0 0 0 0 0  00000000
  15.888  3235 2893  78 1  0  0 0 0 0 0  00000000
  15.901  3235 2893  77 1  0  0 0 0 0 0  00000000
  15.914  3234 2891  77 1  0  0 0 0 0 0  00000000
  15.925  3234 2889  77 1  0  0 0 0 0 0  00000000
  15.951  3234 2889  76 1  0  0 0 0 0 0  00000000
  15.962  3234 2887  76 1  0  0 0 0 0 0  00000000
  16.001  3235 2887  75 1  0  0 0 0 0 0  00000000
  16.012  3240 2887  73 1  0  0 0 0 0 0  00000000
  16.025  3246 2885  72 1  0  0 0 0 0 0  00000000
  16.038  3269 2855  68 1  0  0 0 0 0 0  00000000
  16.049  3269 2824  58 1  0  0 0 0 0 0  00000000
  16.061  3287 2704  37 1  0  0 0 0 0 0  00000000
  16.076  1866 3914  72 1  0  0 0 0 0 0  00000000
  16.087  1864 3891  73 1  0  0 0 0 0 0  00000000
  16.099  1842 3889  77 1  0  0 0 0 0 0  00000000
  16.111  1842 3887  79 1  0  0 0 0 0 0  00000000
  16.124  1842 3885  78 1  0  0 0 0 0 0  00000000
  16.137  1842 3884  78 1  0  0 0 0 0 0  00000000
  16.149  1842 3883  79 1  0  0 0 0 0 0  00000000
  16.161  1840 3883  78 1  0  0 0 0 0 0  00000000
  16.174  1840 3883  79 1  0  0 0 0 0 0  00000000
  16.198  1840 3883  78 1  0  0 0 0 0 0  00000000
  16.211  1840 3881  78 1  0  0 0 0 0 0  00000000
  16.223  1838 3879  78 1  0  0 0 0 0 0  00000000
  16.236  1838 3878  79 1  0  0 0 0 0 0  00000000
  16.249  1837 3878  78 1  0  0 0 0 0 0  00000000
  16.261  1837 3878  79 1  0  0 0 0 0 0  00000000
  16.273  1835 3878  79 1  0  0 0 0 0 0  00000000
  16.322  1835 3879  79 1  0  0 0 0 0 0  00000000
  16.334  1835 3879  78 1  0  0 0 0 0 0  00000000
  16.360  1835 3879  79 1  0  0 0 0 0 0  00000000
  16.372  1835 3879  78 1  0  0 0 0 0 0  00000000
  16.385  1835 3880  79 1  0  0 0 0 0 0  00000000
  16.398  1835 3880  78 1  0  0 0 0 0 0  00000000
  16.411  1835 3881  79 1  0  0 0 0 0 0  00000000
  16.421  1835 3881  78 1  0  0 0 0 0 0  00000000
  16.434  1835 3881  79 1  0  0 0 0 0 0  00000000
  16.446  1835 3882  77 1  0  0 0 0 0 0  00000000
  16.484  1835 3882  71 1  0  0 0 0 0 0  00000000
  16.496  1870 3883  52 1  0  0 0 0 0 0  00000000
  16.508  1870 3883   0 0  0  0 0 0 0 0  00000000
  16.645  1836 3965  73 1  0  0 0 0 0 0  00000000
  16.657  1836 3965  74 1  0  0 0 0 0 0  00000000
  16.670  1835 3963  74 1  0  0 0 0 0 0  00000000
  16.682  1833 3942  76 1  0  0 0 0 0 0  00000000
  16.720  1831 3942  75 1  0  0 0 0 0 0  00000000
  16.744  1831 3942  74 1  0  0 0 0 0 0  00000000
  16.757  1831 3942  72 1  0  0 0 0 0 0  00000000
  16.769  1838 3937  68 1  0  0 0 0 0 0  00000000
  16.782  1866 3932  63 1  0  0 0 0 0 0  00000000
  16.793  1898 3927  51 1  0  0 0 0 0 0  00000000
  16.805  1898 3927   0 0  0  0 0 0 0 0  00000000
  16.918  3131 2728  52 1  0  0 0 0 0 0  00000000
  16.931  3078 2726  77 1  0  0 0 0 0 0  00000000
  16.943  3078 2726  80 1  0  0 0 0 0 0  00000000
  16.956  3078 2724  80 1  0  0 0 0 0 0  00000000
  16.968  3078 2724  81 1  0  0 0 0 0 0  00000000
  16.993  3078 2724  82 1  0  0 0 0 0 0  00000000
  17.006  3078 2724  80 1  0  0 0 0 0 0  00000000
  17.027  3077 2724  80 1  0  0 0 0 0 0  00000000
  17.055  3077 2724  81 1  0  0 0 0 0 0  00000000
  17.068  3077 2722  80 1  0  0 0 0 0 0  00000000
  17.080  3077 2720  79 1  0  0 0 0 0 0  00000000
  17.093  3077 2720  80 1  0  0 0 0 0 0  00000000
  17.105  3077 2719  79 1  0  0 0 0 0 0  00000000
  17.117  3077 2718  79 1  0  0 0 0 0 0  00000000
  17.129  3075 2717  79 1  0  0 0 0 0 0  00000000
  17.142  3075 2712  79 1  0  0 0 0 0 0  00000000
  17.154  3075 2711  78 1  0  0 0 0 0 0  00000000
  17.167  3075 2710  79 1  0  0 0 0 0 0  00000000
  17.179  3075 2710  78 1  0  0 0 0 0 0  00000000
  17.191  3075 2709  79 1  0  0 0 0 0 0  00000000
  17.240  3075 2708  79 1  0  0 0 0 0 0  00000000
  17.278  3075 2708  81 1  0  0 0 0 0 0  00000000
  17.291  3075 2708  79 1  0  0 0 0 0 0  00000000
  17.352  3075 2708  81 1  0  0 0 0 0 0  00000000
  17.364  3075 2709  79 1  0  0 0 0 0 0  00000000
  17.377  3075 2710  80 1  0  0 0 0 0 0  00000000
  17.390  3075 2711  81 1  0  0 0 0 0 0  00000000
  17.402  3075 2712  80 1  0  0 0 0 0 0  00000000
  17.415  3075 2713  80 1  0  0 0 0 0 0  00000000
  17.427  3075 2718  81 1  0  0 0 0 0 0  00000000
  17.440  3075 2719  80 1  0  0 0 0 0 0  00000000
  17.451  3075 2720  81 1  0  0 0 0 0 0  00000000
  17.464  3076 2721  79 1  0  0 0 0 0 0  00000000
  17.476  3080 2721  79 1  0  0 0 0 0 0  00000000
  17.489  3101 2721  75 1  0  0 0 0 0 0  00000000
  17.502  3129 2721  65 1  0  0 0 0 0 0  00000000
  17.513  3175 2721  52 1  0  0 0 0 0 0  00000000
  17.526  3175 2721   0 0  0  0 0 0 0 0  00000000
  17.552  1843 3884  69 1  0  0 0 0 0 0  00000000
  17.563  1803 3864  78 1  0  0 0 0 0 0  00000000
  17.576  1801 3845  80 1  0  0 0 0 0 0  00000000
  17.589  1799 3845  82 1  0  0 0 0 0 0  00000000
  17.601  1795 3844  82 1  0  0 0 0 0 0  00000000
  17.614  1793 3842  82 1  0  0 0 0 0 0  00000000
  17.626  1791 3842  82 1  0  0 0 0 0 0  00000000
  17.638  1790 3837  81 1  0  0 0 0 0 0  00000000
  17.651  1790 3832  81 1  0  0 0 0 0 0  00000000
  17.663  1790 3826  81 1  0  0 0 0 0 0  00000000
  17.675  1789 3821  80 1  0  0 0 0 0 0  00000000
  17.687  1789 3819  81 1  0  0 0 0 0 0  00000000
  17.699  1789 3814  80 1  0  0 0 0 0 0  00000000
  17.712  1787 3812  80 1  0  0 0 0 0 0  00000000
  17.724  1785 3810  81 1  0  0 0 0 0 0  00000000
  17.738  1783 3808  81 1  0  0 0 0 0 0  00000000
  17.749  1781 3808  81 1  0  0 0 0 0 0  00000000
  17.761  1781 3807  80 1  0  0 0 0 0 0  00000000
  17.774  1781 3805  80 1  0  0 0 0 0 0  00000000
  17.811  1781 3804  80 1  0  0 0 0 0 0  00000000
  17.835  1781 3804  79 1  0  0 0 0 0 0  00000000
  17.848  1780 3804  79 1  0  0 0 0 0 0  00000000
  17.861  1780 3802  80 1  0  0 0 0 0 0  00000000
  17.873  1780 3802  79 1  0  0 0 0 0 0  00000000
  17.886  1780 3800  80 1  0  0 0 0 0 0  00000000
  17.898  1780 3798  80 1  0  0 0 0 0 0  00000000
  17.913  1780 3796  80 1  0  0 0 0 0 0  00000000
  17.923  1780 3796  79 1  0  0 0 0 0 0  00000000
  17.936  1780 3796  80 1  0  0 0 0 0 0  00000000
  17.947  1780 3796  79 1  0  0 0 0 0 0  00000000
  17.974  1780 3796  78 1  0  0 0 0 0 0  00000000
  17.986  1781 3796  76 1  0  0 0 0 0 0  00000000
  17.998  1782 3797  69 1  0  0 0 0 0 0  00000000
  18.011  1827 3801  51 1  0  0 0 0 0 0  00000000
  18.022  1827 3801   0 0  0  0 0 0 0 0  00000000
  18.110  3282 2690  78 1  0  0 0 0 0 0  00000000
  18.123  3282 2688  76 1  0  0 0 0 0 0  00000000
  18.135  3282 2687  78 1  0  0 0 0 0 0  00000000
  18.147  3282 2685  79 1  0  0 0 0 0 0  00000000
  18.160  3282 2685  80 1  0  0 0 0 0 0  00000000
  18.171  3282 2686  80 1  0  0 0 0 0 0  00000000
  18.185  3280 2691  79 1  0  0 0 0 0 0  00000000
  18.196  3278 2692  80 1  0  0 0 0 0 0  00000000
  18.209  3278 2698  81 1  0  0 0 0 0 0  00000000
  18.221  3278 2703  80 1  0  0 0 0 0 0  00000000
  18.234  3278 2704  80 1  0  0 0 0 0 0  00000000
  18.246  3278 2705  79 1  0  0 0 0 0 0  00000000
  18.259  3279 2706  77 1  0  0 0 0 0 0  00000000
  18.271  3284 2707  73 1  0  0 0 0 0 0  00000000
  18.284  3310 2708  62 1  0  0 0 0 0 0  00000000
  18.296  3344 2749  43 1  0  0 0 0 0 0  00000000
  18.307  3344 2749   0 0  0  0 0 0 0 0  00000000
