time	 y	 z	 f	 w	 l	 r	 u	 d	 m	 multi
   0.000  3578 2850   0 0  0  0 0 0 0 0  00000000
   1.894  4091 2212  71 1  0  0 0 0 0 0  00000000
   1.919  4091 2210  73 1  0  0 0 0 0 0  00000000
   1.932  4091 2208  74 1  0  0 0 0 0 0  00000000
   1.945  4091 2203  74 1  0  0 0 0 0 0  00000000
   1.956  4091 2201  73 1  0  0 0 0 0 0  00000000
   1.969  4092 2180  73 1  0  0 0 0 0 0  00000000
   1.982  4092 2180  72 1  0  0 0 0 0 0  00000000
   1.993  4092 2176  71 1  0  0 0 0 0 0  00000000
   2.006  4093 2170  68 1  0  0 0 0 0 0  00000000
   2.019  4093 2165  68 1  0  0 0 0 0 0  00000000
   2.032  4094 2145  65 1  0  0 0 0 0 0  00000000
   2.043  4095 2145  66 1  0  0 0 0 0 0  00000000
   2.056  4095 2145  65 1  0  0 0 0 0 0  00000000
   2.069  4095 2143  64 1  0  0 0 0 0 0  00000000
   2.080  4095 2123  57 1  0  0 0 0 0 0  00000000
   2.093  4099 2100  40 1  0  0 0 0 0 0  00000000
   2.105  4099 2100   0 0  0  0 0 0 0 0  00000000
   2.155  2403 3356  61 1  0  0 0 0 0 0  00000000
   2.168  2325 3383  86 1  0  0 0 0 0 0  00000000
   2.181  2325 3383  92 1  0  0 0 0 0 0  00000000
   2.206  2323 3363  92 1  0  0 0 0 0 0  00000000
   2.218  2321 3361  91 1  0  0 0 0 0 0  00000000
   2.231  2321 3359  89 1  0  0 0 0 0 0  00000000
   2.243  2321 3354  87 1  0  0 0 0 0 0  00000000
   2.254  2322 3352  84 1  0  0 0 0 0 0  00000000
   2.267  2342 3350  83 1  0  0 0 0 0 0  00000000
   2.280  2342 3350  81 1  0  0 0 0 0 0  00000000
   2.292  2343 3374  77 1  0  0 0 0 0 0  00000000
   2.305  2344 3375  72 1  0  0 0 0 0 0  00000000
   2.317  2366 3398  68 1  0  0 0 0 0 0  00000000
   2.330  2386 3397  53 1  0  0 0 0 0 0  00000000
   2.341  2386 3397   0 0  0  0 0 0 0 0  00000000
   2.429  3989 2279  85 1  0  0 0 0 0 0  00000000
   2.441  4009 2279  85 1  0  0 0 0 0 0  00000000
   2.454  4009 2333  90 1  0  0 0 0 0 0  00000000
   2.466  4010 2364  91 1  0  0 0 0 0 0  00000000
   2.478  4011 2383  94 1  0  0 0 0 0 0  00000000
   2.491  4046 2422  90 1  0  0 0 0 0 0  00000000
   2.502  4075 2444  88 1  0  0 0 0 0 0  00000000
   2.516  4092 2469  87 1  0  0 0 0 0 0  00000000
   2.527  4093 2495  85 1  0  0 0 0 0 0  00000000
   2.540  4097 2519  82 1  0  0 0 0 0 0  00000000
   2.552  4101 2519  76 1  0  0 0 0 0 0  00000000
   2.565  4102 2519  69 1  0  0 0 0 0 0  00000000
   2.578  4103 2502  60 1  0  0 0 0 0 0  00000000
   2.590  4104 2502  45 1  0  0 0 0 0 0  00000000
   2.602  4104 2502   0 0  0  0 0 0 0 0  00000000
   2.676  2273 3631  47 1  0  0 0 0 0 0  00000000
   2.689  2164 3677  85 1  0  0 0 0 0 0  00000000
   2.702  2164 3677  89 1  0  0 0 0 0 0  00000000
   2.714  2164 3677  90 1  0  0 0 0 0 0  00000000
   2.726  2164 3675  91 1  0  0 0 0 0 0  00000000
   2.739  2164 3669  90 1  0  0 0 0 0 0  00000000
   2.750  2164 3647  89 1  0  0 0 0 0 0  00000000
   2.764  2164 3648  86 1  0  0 0 0 0 0  00000000
   2.776  2164 3648  85 1  0  0 0 0 0 0  00000000
   2.788  2164 3648  82 1  0  0 0 0 0 0  00000000
   2.805  2187 3647  76 1  0  0 0 0 0 0  00000000
   2.813  2210 3647  65 1  0  0 0 0 0 0  00000000
   2.825  2228 3647  48 1  0  0 0 0 0 0  00000000
   2.837  2228 3647   0 0  0  0 0 0 0 0  00000000
   2.938  4100 2873  65 1  0  0 0 0 0 0  00000000
   2.949  4033 2899  77 1  0  0 0 0 0 0  00000000
   2.962  4033 2900  98 1  0  0 0 0 0 0  00000000
   2.975  4032 2926  98 1  0  0 0 0 0 0  00000000
   2.987  4031 2926  97 1  0  0 0 0 0 0  00000000
   2.999  4031 2924  97 1  0  0 0 0 0 0  00000000
   3.011  4031 2884  95 1  0  0 0 0 0 0  00000000
   3.024  4031 2882  93 1  0  0 0 0 0 0  00000000
   3.038  4031 2850  89 1  0  0 0 0 0 0  00000000
   3.050  4052 2789  78 1  0  0 0 0 0 0  00000000
   3.061  4052 2758  71 1  0  0 0 0 0 0  00000000
   3.074  4052 2742  52 1  0  0 0 0 0 0  00000000
   3.085  4052 2742   0 0  0  0 0 0 0 0  00000000
   3.173  2273 3611  60 1  0  0 0 0 0 0  00000000
   3.185  2210 3670  81 1  0  0 0 0 0 0  00000000
   3.198  2210 3670  91 1  0  0 0 0 0 0  00000000
   3.211  2210 3670  93 1  0  0 0 0 0 0  00000000
   3.222  2210 3669  95 1  0  0 0 0 0 0  00000000
   3.236  2208 3669  92 1  0  0 0 0 0 0  00000000
   3.247  2208 3648  91 1  0  0 0 0 0 0  00000000
   3.260  2208 3648  88 1  0  0 0 0 0 0  00000000
   3.273  2208 3648  87 1  0  0 0 0 0 0  00000000
   3.284  2208 3648  86 1  0  0 0 0 0 0  00000000
   3.296  2212 3648  83 1  0  0 0 0 0 0  00000000
   3.307  2213 3648  83 1  0  0 0 0 0 0  00000000
   3.321  2217 3648  83 1  0  0 0 0 0 0  00000000
   3.335  2218 3649  84 1  0  0 0 0 0 0  00000000
   3.347  2218 3654  85 1  0  0 0 0 0 0  00000000
   3.359  2240 3681  88 1  0  0 0 0 0 0  00000000
   3.372  2240 3681  90 1  0  0 0 0 0 0  00000000
   3.385  2238 3682  91 1  0  0 0 0 0 0  00000000
   3.397  2236 3686  94 1  0  0 0 0 0 0  00000000
   3.409  2236 3691  92 1  0  0 0 0 0 0  00000000
   3.422  2235 3696  94 1  0  0 0 0 0 0  00000000
   3.434  2235 3697  94 1  0  0 0 0 0 0  00000000
   3.446  2231 3698  94 1  0  0 0 0 0 0  00000000
   3.458  2230 3699  92 1  0  0 0 0 0 0  00000000
   3.470  2230 3700  93 1  0  0 0 0 0 0  00000000
   3.484  2230 3700  94 1  0  0 0 0 0 0  00000000
   3.509  2228 3700  94 1  0  0 0 0 0 0  00000000
   3.521  2228 3700  95 1  0  0 0 0 0 0  00000000
   3.533  2224 3700  98 1  0  0 0 0 0 0  00000000
   3.544  2223 3700  95 1  0  0 0 0 0 0  00000000
   3.557  2241 3700  94 1  0  0 0 0 0 0  00000000
   3.570  2224 3700  96 1  0  0 0 0 0 0  00000000
   3.582  2222 3701  97 1  0  0 0 0 0 0  00000000
   3.595  2238 3702  93 1  0  0 0 0 0 0  00000000
   3.607  2236 3702  94 1  0  0 0 0 0 0  00000000
   3.621  2207 3702  87 1  0  0 0 0 0 0  00000000
   3.631  2208 3702  75 1  0  0 0 0 0 0  00000000
   3.643  2256 3669  45 1  0  0 0 0 0 0  00000000
   3.656  2256 3669   0 0  0  0 0 0 0 0  00000000
   3.744  4036 2905 102 1  0  0 0 0 0 0  00000000
   3.755  4069 2906  94 1  0  0 0 0 0 0  00000000
   3.768  4037 2943 101 1  0  0 0 0 0 0  00000000
   3.781  4037 2967 103 1  0  0 0 0 0 0  00000000
   3.793  4037 2968 102 1  0  0 0 0 0 0  00000000
   3.807  4037 2974 103 1  0  0 0 0 0 0  00000000
   3.819  4037 2980 104 1  0  0 0 0 0 0  00000000
   3.831  4037 2981 104 1  0  0 0 0 0 0  00000000
   3.843  4038 2981 103 1  0  0 0 0 0 0  00000000
   3.855  4070 2954  97 1  0  0 0 0 0 0  00000000
   3.869  4049 2955 104 1  0  0 0 0 0 0  00000000
   3.881  4083 2932  99 1  0  0 0 0 0 0  00000000
   3.893  4050 2954 104 1  0  0 0 0 0 0  00000000
   3.906  4050 2926 106 1  0  0 0 0 0 0  00000000
   3.931  4050 2900 107 1  0  0 0 0 0 0  00000000
   3.941  4050 2900 105 1  0  0 0 0 0 0  00000000
   3.955  4050 2900 106 1  0  0 0 0 0 0  00000000
   3.992  4050 2898 106 1  0  0 0 0 0 0  00000000
   4.004  4050 2877 104 1  0  0 0 0 0 0  00000000
   4.017  4050 2856 105 1  0  0 0 0 0 0  00000000
   4.030  4050 2856 104 1  0  0 0 0 0 0  00000000
   4.041  4051 2839 103 1  0  0 0 0 0 0  00000000
   4.054  4051 2839 102 1  0  0 0 0 0 0  00000000
   4.067  4051 2835 101 1  0  0 0 0 0 0  00000000
   4.079  4052 2830 100 1  0  0 0 0 0 0  00000000
   4.092  4052 2806  97 1  0  0 0 0 0 0  00000000
   4.104  4053 2804  96 1  0  0 0 0 0 0  00000000
   4.116  4078 2738  88 1  0  0 0 0 0 0  00000000
   4.128  4078 2708  85 1  0  0 0 0 0 0  00000000
   4.142  4076 2673  79 1  0  0 0 0 0 0  00000000
   4.152  4075 2627  72 1  0  0 0 0 0 0  00000000
   4.165  4075 2588  64 1  0  0 0 0 0 0  00000000
   4.178  4023 2572  49 1  0  0 0 0 0 0  00000000
   4.189  4023 2572   0 0  0  0 0 0 0 0  00000000
   4.228  2086 3722  95 1  0  0 0 0 0 0  00000000
   4.241  2086 3722  89 1  0  0 0 0 0 0  00000000
   4.252  2085 3702  95 1  0  0 0 0 0 0  00000000
   4.265  2084 3678  97 1  0  0 0 0 0 0  00000000
   4.277  2082 3677  97 1  0  0 0 0 0 0  00000000
   4.290  2082 3675  98 1  0  0 0 0 0 0  00000000
   4.302  2082 3669  98 1  0  0 0 0 0 0  00000000
   4.315  2080 3663  98 1  0  0 0 0 0 0  00000000
   4.327  2080 3661  98 1  0  0 0 0 0 0  00000000
   4.341  2078 3660  99 1  0  0 0 0 0 0  00000000
   4.364  2078 3658  99 1  0  0 0 0 0 0  00000000
   4.377  2076 3654  99 1  0  0 0 0 0 0  00000000
   4.388  2076 3649  99 1  0  0 0 0 0 0  00000000
   4.401  2076 3648 101 1  0  0 0 0 0 0  00000000
   4.414  2074 3647 101 1  0  0 0 0 0 0  00000000
   4.438  2074 3647 102 1  0  0 0 0 0 0  00000000
   4.451  2074 3643 101 1  0  0 0 0 0 0  00000000
   4.463  2074 3637 102 1  0  0 0 0 0 0  00000000
   4.475  2074 3633 103 1  0  0 0 0 0 0  00000000
   4.489  2074 3608 103 1  0  0 0 0 0 0  00000000
   4.501  2074 3606 103 1  0  0 0 0 0 0  00000000
   4.513  2074 3601 103 1  0  0 0 0 0 0  00000000
   4.525  2074 3569 103 1  0  0 0 0 0 0  00000000
   4.550  2074 3546 103 1  0  0 0 0 0 0  00000000
   4.563  2074 3544 103 1  0  0 0 0 0 0  00000000
   4.575  2074 3523 103 1  0  0 0 0 0 0  00000000
   4.588  2074 3521 103 1  0  0 0 0 0 0  00000000
   4.601  2074 3501 104 1  0  0 0 0 0 0  00000000
   4.638  2074 3477 105 1  0  0 0 0 0 0  00000000
   4.650  2074 3477 103 1  0  0 0 0 0 0  00000000
   4.663  2072 3457 105 1  0  0 0 0 0 0  00000000
   4.675  2070 3455 105 1  0  0 0 0 0 0  00000000
   4.687  2070 3454 105 1  0  0 0 0 0 0  00000000
   4.700  2068 3429 104 1  0  0 0 0 0 0  00000000
   4.725  2066 3429 105 1  0  0 0 0 0 0  00000000
   4.737  2066 3413 106 1  0  0 0 0 0 0  00000000
   4.748  2066 3414 106 1  0  0 0 0 0 0  00000000
   4.761  2066 3414 105 1  0  0 0 0 0 0  00000000
   4.774  2066 3414 106 1  0  0 0 0 0 0  00000000
   4.785  2066 3412 105 1  0  0 0 0 0 0  00000000
   4.798  2066 3389 105 1  0  0 0 0 0 0  00000000
   4.811  2066 3369 106 1  0  0 0 0 0 0  00000000
   4.823  2066 3369 105 1  0  0 0 0 0 0  00000000
   4.836  2066 3367 104 1  0  0 0 0 0 0  00000000
   4.848  2066 3342 104 1  0  0 0 0 0 0  00000000
   4.860  2066 3342 105 1  0  0 0 0 0 0  00000000
   4.873  2066 3341 104 1  0  0 0 0 0 0  00000000
   4.886  2066 3337 104 1  0  0 0 0 0 0  00000000
   4.899  2066 3335 104 1  0  0 0 0 0 0  00000000
   4.909  2066 3333 103 1  0  0 0 0 0 0  00000000
   4.922  2066 3329 104 1  0  0 0 0 0 0  00000000
   4.935  2066 3324 103 1  0  0 0 0 0 0  00000000
   4.947  2066 3322 102 1  0  0 0 0 0 0  00000000
   4.960  2066 3320 100 1  0  0 0 0 0 0  00000000
   4.972  2066 3285  97 1  0  0 0 0 0 0  00000000
   4.985  2066 3285  90 1  0  0 0 0 0 0  00000000
   4.997  2101 3267  77 1  0  0 0 0 0 0  00000000
   5.008  2101 3267   0 0  0  0 0 0 0 0  00000000
   5.296  3959 2540  79 1  0  0 0 0 0 0  00000000
   5.308  3959 2517  74 1  0  0 0 0 0 0  00000000
   5.320  3984 2541  81 1  0  0 0 0 0 0  00000000
   5.332  3984 2566  86 1  0  0 0 0 0 0  00000000
   5.344  3985 2567  89 1  0  0 0 0 0 0  00000000
   5.357  3986 2592  92 1  0  0 0 0 0 0  00000000
   5.369  3987 2611  95 1  0  0 0 0 0 0  00000000
   5.381  3988 2612  96 1  0  0 0 0 0 0  00000000
   5.394  3989 2613  97 1  0  0 0 0 0 0  00000000
   5.406  3990 2614  96 1  0  0 0 0 0 0  00000000
   5.420  3994 2614  97 1  0  0 0 0 0 0  00000000
   5.432  3995 2606  97 1  0  0 0 0 0 0  00000000
   5.444  3995 2604  97 1  0  0 0 0 0 0  00000000
   5.456  3995 2602  96 1  0  0 0 0 0 0  00000000
   5.469  3995 2560  96 1  0  0 0 0 0 0  00000000
   5.481  3995 2533  94 1  0  0 0 0 0 0  00000000
   5.493  3995 2501  91 1  0  0 0 0 0 0  00000000
   5.506  3995 2444  82 1  0  0 0 0 0 0  00000000
   5.518  3974 2370  69 1  0  0 0 0 0 0  00000000
   5.530  3941 2295  43 1  0  0 0 0 0 0  00000000
   5.542  3941 2295   0 0  0  0 0 0 0 0  00000000
   5.791  2253 3623  66 1  0  0 0 0 0 0  00000000
   5.803  2210 3658  78 1  0  0 0 0 0 0  00000000
   5.816  2210 3658  88 1  0  0 0 0 0 0  00000000
   5.828  2210 3656  91 1  0  0 0 0 0 0  00000000
   5.840  2210 3651  93 1  0  0 0 0 0 0  00000000
   5.854  2210 3650  94 1  0  0 0 0 0 0  00000000
   5.865  2208 3650  96 1  0  0 0 0 0 0  00000000
   5.878  2206 3650  97 1  0  0 0 0 0 0  00000000
   5.890  2204 3631  97 1  0  0 0 0 0 0  00000000
   5.902  2203 3631  96 1  0  0 0 0 0 0  00000000
   5.915  2202 3613  96 1  0  0 0 0 0 0  00000000
   5.928  2202 3591  97 1  0  0 0 0 0 0  00000000
   5.940  2202 3565  96 1  0  0 0 0 0 0  00000000
   5.953  2200 3532  93 1  0  0 0 0 0 0  00000000
   5.965  2198 3503  94 1  0  0 0 0 0 0  00000000
   5.978  2198 3468  91 1  0  0 0 0 0 0  00000000
   5.990  2196 3443  91 1  0  0 0 0 0 0  00000000
   6.002  2196 3427  91 1  0  0 0 0 0 0  00000000
   6.015  2196 3425  92 1  0  0 0 0 0 0  00000000
   6.026  2196 3394  92 1  0  0 0 0 0 0  00000000
   6.040  2195 3376  92 1  0  0 0 0 0 0  00000000
   6.051  2193 3356  90 1  0  0 0 0 0 0  00000000
   6.076  2192 3310  89 1  0  0 0 0 0 0  00000000
   6.090  2192 3294  87 1  0  0 0 0 0 0  00000000
   6.103  2190 3267  87 1  0  0 0 0 0 0  00000000
   6.114  2188 3239  85 1  0  0 0 0 0 0  00000000
   6.126  2188 3237  85 1  0  0 0 0 0 0  00000000
   6.138  2188 3213  83 1  0  0 0 0 0 0  00000000
   6.151  2188 3213  84 1  0  0 0 0 0 0  00000000
   6.163  2188 3208  84 1  0  0 0 0 0 0  00000000
   6.176  2188 3202  84 1  0  0 0 0 0 0  00000000
   6.188  2186 3180  81 1  0  0 0 0 0 0  00000000
   6.201  2185 3181  83 1  0  0 0 0 0 0  00000000
   6.213  2185 3180  82 1  0  0 0 0 0 0  00000000
   6.226  2185 3180  83 1  0  0 0 0 0 0  00000000
   6.238  2181 3178  81 1  0  0 0 0 0 0  00000000
   6.251  2181 3176  84 1  0  0 0 0 0 0  00000000
   6.262  2179 3155  81 1  0  0 0 0 0 0  00000000
   6.275  2178 3155  81 1  0  0 0 0 0 0  00000000
   6.288  2177 3150  80 1  0  0 0 0 0 0  00000000
   6.301  2177 3145  80 1  0  0 0 0 0 0  00000000
   6.312  2177 3143  83 1  0  0 0 0 0 0  00000000
   6.325  2177 3121  80 1  0  0 0 0 0 0  00000000
   6.337  2177 3121  79 1  0  0 0 0 0 0  00000000
   6.350  2177 3119  77 1  0  0 0 0 0 0  00000000
   6.363  2177 3114  76 1  0  0 0 0 0 0  00000000
   6.375  2177 3088  72 1  0  0 0 0 0 0  00000000
   6.387  2154 3070  64 1  0  0 0 0 0 0  00000000
   6.399  2155 3068  44 1  0  0 0 0 0 0  00000000
   6.411  2155 3068   0 0  0  0 0 0 0 0  00000000
   6.585  3885 2903  44 1  0  0 0 0 0 0  00000000
   6.598  3831 2904  68 1  0  0 0 0 0 0  00000000
   6.611  3831 2905  68 1  0  0 0 0 0 0  00000000
   6.623  3831 2905  69 1  0  0 0 0 0 0  00000000
   6.634  3831 2905  70 1  0  0 0 0 0 0  00000000
   6.659  3831 2905  71 1  0  0 0 0 0 0  00000000
   6.673  3827 2905  71 1  0  0 0 0 0 0  00000000
   6.685  3826 2905  71 1  0  0 0 0 0 0  00000000
   6.698  3826 2905  70 1  0  0 0 0 0 0  00000000
   6.760  3849 2905  68 1  0  0 0 0 0 0  00000000
   6.772  3868 2905  66 1  0  0 0 0 0 0  00000000
   6.785  3910 2904  63 1  0  0 0 0 0 0  00000000
   6.796  3958 2870  55 1  0  0 0 0 0 0  00000000
   6.809  3976 2870  39 1  0  0 0 0 0 0  00000000
   6.821  3976 2870   0 0  0  0 0 0 0 0  00000000
   6.857  2202 3434  60 1  0  0 0 0 0 0  00000000
   6.870  2182 3410  76 1  0  0 0 0 0 0  00000000
   6.883  2182 3406  80 1  0  0 0 0 0 0  00000000
   6.896  2182 3377  80 1  0  0 0 0 0 0  00000000
   6.908  2182 3375  82 1  0  0 0 0 0 0  00000000
   6.921  2182 3348  80 1  0  0 0 0 0 0  00000000
   6.934  2182 3347  80 1  0  0 0 0 0 0  00000000
   6.946  2182 3342  77 1  0  0 0 0 0 0  00000000
   6.957  2202 3340  73 1  0  0 0 0 0 0  00000000
   6.969  2228 3335  71 1  0  0 0 0 0 0  00000000
   6.983  2253 3333  64 1  0  0 0 0 0 0  00000000
   6.995  2312 3309  48 1  0  0 0 0 0 0  00000000
   7.006  2312 3309   0 0  0  0 0 0 0 0  00000000
   7.155  3931 2520  66 1  0  0 0 0 0 0  00000000
   7.181  3931 2520  67 1  0  0 0 0 0 0  00000000
   7.193  3931 2520  68 1  0  0 0 0 0 0  00000000
   7.219  3931 2521  67 1  0  0 0 0 0 0  00000000
   7.230  3931 2527  68 1  0  0 0 0 0 0  00000000
   7.243  3931 2533  67 1  0  0 0 0 0 0  00000000
   7.256  3931 2560  68 1  0  0 0 0 0 0  00000000
   7.268  3931 2561  68 1  0  0 0 0 0 0  00000000
   7.281  3932 2567  67 1  0  0 0 0 0 0  00000000
   7.292  3954 2614  67 1  0  0 0 0 0 0  00000000
   7.317  3984 2677  62 1  0  0 0 0 0 0  00000000
   7.329  4004 2717  50 1  0  0 0 0 0 0  00000000
   7.341  4004 2717   0 0  0  0 0 0 0 0  00000000
   7.379  2250 3874  73 1  0  0 0 0 0 0  00000000
   7.393  2229 3875  72 1  0  0 0 0 0 0  00000000
   7.405  2229 3912  74 1  0  0 0 0 0 0  00000000
   7.416  2224 3913  75 1  0  0 0 0 0 0  00000000
   7.429  2222 3919  75 1  0  0 0 0 0 0  00000000
   7.441  2216 3920  75 1  0  0 0 0 0 0  00000000
   7.454  2211 3921  75 1  0  0 0 0 0 0  00000000
   7.466  2206 3921  75 1  0  0 0 0 0 0  00000000
   7.479  2205 3900  75 1  0  0 0 0 0 0  00000000
   7.491  2203 3898  74 1  0  0 0 0 0 0  00000000
   7.504  2203 3892  74 1  0  0 0 0 0 0  00000000
   7.516  2203 3871  74 1  0  0 0 0 0 0  00000000
   7.529  2203 3871  73 1  0  0 0 0 0 0  00000000
   7.541  2202 3867  73 1  0  0 0 0 0 0  00000000
   7.554  2197 3846  72 1  0  0 0 0 0 0  00000000
   7.565  2195 3844  70 1  0  0 0 0 0 0  00000000
   7.578  2195 3824  59 1  0  0 0 0 0 0  00000000
   7.591  2195 3824   0 0  0  0 0 0 0 0  00000000
   7.628  3683 3040  66 1  0  0 0 0 0 0  00000000
   7.640  3683 3041  68 1  0  0 0 0 0 0  00000000
   7.653  3683 3042  68 1  0  0 0 0 0 0  00000000
   7.664  3683 3062  69 1  0  0 0 0 0 0  00000000
   7.677  3683 3063  68 1  0  0 0 0 0 0  00000000
   7.689  3684 3068  68 1  0  0 0 0 0 0  00000000
   7.702  3688 3115  68 1  0  0 0 0 0 0  00000000
   7.714  3713 3163  66 1  0  0 0 0 0 0  00000000
   7.727  3714 3232  63 1  0  0 0 0 0 0  00000000
   7.739  3720 3278  52 1  0  0 0 0 0 0  00000000
   7.751  3720 3278   0 0  0  0 0 0 0 0  00000000
   7.876  1905 4223  48 1  0  0 0 0 0 0  00000000
   7.887  1856 4205  59 1  0  0 0 0 0 0  00000000
   7.900  1856 4185  62 1  0  0 0 0 0 0  00000000
   7.912  1854 4185  63 1  0  0 0 0 0 0  00000000
   7.925  1852 4185  63 1  0  0 0 0 0 0  00000000
   7.937  1852 4184  64 1  0  0 0 0 0 0  00000000
   7.950  1850 4183  63 1  0  0 0 0 0 0  00000000
   7.963  1850 4183  62 1  0  0 0 0 0 0  00000000
   7.974  1850 4183  61 1  0  0 0 0 0 0  00000000
   7.987  1850 4187  60 1  0  0 0 0 0 0  00000000
   8.000  1857 4209  57 1  0  0 0 0 0 0  00000000
   8.012  1903 4210  52 1  0  0 0 0 0 0  00000000
   8.024  1930 4216  41 1  0  0 0 0 0 0  00000000
   8.036  1930 4216   0 0  0  0 0 0 0 0  00000000
   8.149  3508 3257  70 1  0  0 0 0 0 0  00000000
   8.161  3484 3233  68 1  0  0 0 0 0 0  00000000
   8.175  3484 3233  70 1  0  0 0 0 0 0  00000000
   8.185  3484 3234  72 1  0  0 0 0 0 0  00000000
   8.198  3484 3235  72 1  0  0 0 0 0 0  00000000
   8.210  3484 3236  71 1  0  0 0 0 0 0  00000000
   8.223  3484 3237  71 1  0  0 0 0 0 0  00000000
   8.235  3484 3238  70 1  0  0 0 0 0 0  00000000
   8.248  3484 3239  69 1  0  0 0 0 0 0  00000000
   8.260  3485 3240  69 1  0  0 0 0 0 0  00000000
   8.272  3486 3240  68 1  0  0 0 0 0 0  00000000
   8.285  3487 3240  68 1  0  0 0 0 0 0  00000000
   8.297  3527 3239  67 1  0  0 0 0 0 0  00000000
   8.310  3577 3203  64 1  0  0 0 0 0 0  00000000
   8.323  3616 3177  60 1  0  0 0 0 0 0  00000000
   8.335  3654 3154  46 1  0  0 0 0 0 0  00000000
   8.346  3654 3154   0 0  0  0 0 0 0 0  00000000
   8.409  2091 3772  39 1  0  0 0 0 0 0  00000000
   8.422  2047 3812  72 1  0  0 0 0 0 0  00000000
   8.435  2047 3810  75 1  0  0 0 0 0 0  00000000
   8.447  2047 3808  74 1  0  0 0 0 0 0  00000000
   8.459  2047 3806  75 1  0  0 0 0 0 0  00000000
   8.471  2047 3806  74 1  0  0 0 0 0 0  00000000
   8.484  2047 3807  73 1  0  0 0 0 0 0  00000000
   8.496  2069 3839  72 1  0  0 0 0 0 0  00000000
   8.508  2070 3858  71 1  0  0 0 0 0 0  00000000
   8.521  2108 3859  69 1  0  0 0 0 0 0  00000000
   8.533  2109 3888  66 1  0  0 0 0 0 0  00000000
   8.546  2165 3888  58 1  0  0 0 0 0 0  00000000
   8.559  2186 3889  42 1  0  0 0 0 0 0  00000000
   8.569  2186 3889   0 0  0  0 0 0 0 0  00000000
   8.645  3709 3027  72 1  0  0 0 0 0 0  00000000
   8.657  3707 3027  67 1  0  0 0 0 0 0  00000000
   8.666  3705 3027  67 1  0  0 0 0 0 0  00000000
   8.676  3703 3027  70 1  0  0 0 0 0 0  00000000
   8.695  3701 3028  69 1  0  0 0 0 0 0  00000000
   8.707  3701 3056  69 1  0  0 0 0 0 0  00000000
   8.719  3701 3089  67 1  0  0 0 0 0 0  00000000
   8.732  3705 3111  66 1  0  0 0 0 0 0  00000000
   8.744  3711 3145  63 1  0  0 0 0 0 0  00000000
   8.757  3751 3172  57 1  0  0 0 0 0 0  00000000
   8.769  3751 3172   0 0  0  0 0 0 0 0  00000000
   8.881  1940 4033  60 1  0  0 0 0 0 0  00000000
   8.892  1923 4031  65 1  0  0 0 0 0 0  00000000
   8.905  1923 4029  67 1  0  0 0 0 0 0  00000000
   8.918  1923 4027  67 1  0  0 0 0 0 0  00000000
   8.930  1923 4025  67 1  0  0 0 0 0 0  00000000
   8.955  1924 4043  65 1  0  0 0 0 0 0  00000000
   8.967  1928 4064  63 1  0  0 0 0 0 0  00000000
   8.979  1967 4088  60 1  0  0 0 0 0 0  00000000
   8.992  1995 4116  54 1  0  0 0 0 0 0  00000000
   9.004  2061 4117  41 1  0  0 0 0 0 0  00000000
   9.016  2061 4117   0 0  0  0 0 0 0 0  00000000
   9.154  3507 3292  73 1  0  0 0 0 0 0  00000000
   9.166  3505 3290  67 1  0  0 0 0 0 0  00000000
   9.178  3505 3289  70 1  0  0 0 0 0 0  00000000
   9.215  3505 3290  69 1  0  0 0 0 0 0  00000000
   9.228  3505 3291  66 1  0  0 0 0 0 0  00000000
   9.241  3538 3297  58 1  0  0 0 0 0 0  00000000
   9.253  3538 3297   0 0  0  0 0 0 0 0  00000000
   9.414  1893 4135  48 1  0  0 0 0 0 0  00000000
   9.427  1856 4109  62 1  0  0 0 0 0 0  00000000
   9.439  1856 4109  64 1  0  0 0 0 0 0  00000000
   9.451  1856 4108  65 1  0  0 0 0 0 0  00000000
   9.464  1856 4107  65 1  0  0 0 0 0 0  00000000
   9.489  1856 4107  66 1  0  0 0 0 0 0  00000000
   9.501  1856 4105  66 1  0  0 0 0 0 0  00000000
   9.525  1856 4104  66 1  0  0 0 0 0 0  00000000
   9.538  1856 4104  67 1  0  0 0 0 0 0  00000000
   9.551  1855 4103  67 1  0  0 0 0 0 0  00000000
   9.562  1855 4098  67 1  0  0 0 0 0 0  00000000
   9.575  1854 4096  68 1  0  0 0 0 0 0  00000000
   9.588  1854 4095  67 1  0  0 0 0 0 0  00000000
   9.600  1854 4091  68 1  0  0 0 0 0 0  00000000
   9.613  1854 4090  67 1  0  0 0 0 0 0  00000000
   9.625  1854 4090  68 1  0  0 0 0 0 0  00000000
   9.638  1854 4086  69 1  0  0 0 0 0 0  00000000
   9.650  1854 4085  69 1  0  0 0 0 0 0  00000000
   9.674  1854 4080  69 1  0  0 0 0 0 0  00000000
   9.687  1854 4079  69 1  0  0 0 0 0 0  00000000
   9.699  1854 4075  70 1  0  0 0 0 0 0  00000000
   9.711  1854 4074  69 1  0  0 0 0 0 0  00000000
   9.725  1854 4074  70 1  0  0 0 0 0 0  00000000
   9.762  1854 4073  70 1  0  0 0 0 0 0  00000000
   9.786  1854 4073  69 1  0  0 0 0 0 0  00000000
   9.799  1854 4073  70 1  0  0 0 0 0 0  00000000
   9.810  1854 4071  71 1  0  0 0 0 0 0  00000000
   9.823  1853 4071  70 1  0  0 0 0 0 0  00000000
   9.861  1853 4071  71 1  0  0 0 0 0 0  00000000
   9.874  1853 4071  70 1  0  0 0 0 0 0  00000000
   9.886  1853 4069  70 1  0  0 0 0 0 0  00000000
   9.911  1852 4068  70 1  0  0 0 0 0 0  00000000
   9.923  1852 4068  71 1  0  0 0 0 0 0  00000000
   9.935  1852 4068  70 1  0  0 0 0 0 0  00000000
   9.948  1852 4064  70 1  0  0 0 0 0 0  00000000
   9.960  1851 4063  71 1  0  0 0 0 0 0  00000000
   9.972  1851 4061  70 1  0  0 0 0 0 0  00000000
   9.985  1851 4059  71 1  0  0 0 0 0 0  00000000
  10.021  1851 4059  70 1  0  0 0 0 0 0  00000000
  10.034  1851 4057  71 1  0  0 0 0 0 0  00000000
  10.046  1851 4055  71 1  0  0 0 0 0 0  00000000
  10.059  1851 4053  70 1  0  0 0 0 0 0  00000000
  10.084  1851 4052  71 1  0  0 0 0 0 0  00000000
  10.109  1851 4050  71 1  0  0 0 0 0 0  00000000
  10.133  1851 4048  71 1  0  0 0 0 0 0  00000000
  10.146  1851 4046  71 1  0  0 0 0 0 0  00000000
  10.159  1851 4042  72 1  0  0 0 0 0 0  00000000
  10.171  1851 4041  71 1  0  0 0 0 0 0  00000000
  10.183  1851 4040  71 1  0  0 0 0 0 0  00000000
  10.196  1850 4039  71 1  0  0 0 0 0 0  00000000
  10.222  1850 4037  71 1  0  0 0 0 0 0  00000000
  10.233  1850 4035  71 1  0  0 0 0 0 0  00000000
  10.245  1850 4030  72 1  0  0 0 0 0 0  00000000
  10.258  1850 4028  71 1  0  0 0 0 0 0  00000000
  10.270  1850 4027  72 1  0  0 0 0 0 0  00000000
  10.283  1850 4027  71 1  0  0 0 0 0 0  00000000
  10.369  1850 4028  71 1  0  0 0 0 0 0  00000000
  10.383  1850 4033  71 1  0  0 0 0 0 0  00000000
  10.395  1850 4037  71 1  0  0 0 0 0 0  00000000
  10.407  1850 4038  71 1  0  0 0 0 0 0  00000000
  10.419  1850 4043  71 1  0  0 0 0 0 0  00000000
  10.432  1850 4048  70 1  0  0 0 0 0 0  00000000
  10.444  1851 4053  70 1  0  0 0 0 0 0  00000000
  10.456  1851 4077  69 1  0  0 0 0 0 0  00000000
  10.469  1852 4077  68 1  0  0 0 0 0 0  00000000
  10.481  1852 4093  67 1  0  0 0 0 0 0  00000000
  10.493  1853 4094  63 1  0  0 0 0 0 0  00000000
  10.506  1880 4129  50 1  0  0 0 0 0 0  00000000
  10.518  1880 4129   0 0  0  0 0 0 0 0  00000000
  10.556  3597 3355  64 1  0  0 0 0 0 0  00000000
  10.569  3578 3355  66 1  0  0 0 0 0 0  00000000
  10.581  3578 3355  68 1  0  0 0 0 0 0  00000000
  10.594  3576 3355  69 1  0  0 0 0 0 0  00000000
  10.606  3574 3355  69 1  0  0 0 0 0 0  00000000
  10.618  3573 3356  69 1  0  0 0 0 0 0  00000000
  10.643  3573 3357  70 1  0  0 0 0 0 0  00000000
  10.655  3573 3357  69 1  0  0 0 0 0 0  00000000
  10.668  3573 3357  70 1  0  0 0 0 0 0  00000000
  10.692  3573 3355  70 1  0  0 0 0 0 0  00000000
  10.704  3573 3353  70 1  0  0 0 0 0 0  00000000
  10.717  3573 3351  70 1  0  0 0 0 0 0  00000000
  10.729  3574 3345  71 1  0  0 0 0 0 0  00000000
  10.742  3579 3338  70 1  0  0 0 0 0 0  00000000
  10.755  3580 3332  71 1  0  0 0 0 0 0  00000000
  10.767  3581 3326  71 1  0  0 0 0 0 0  00000000
  10.779  3582 3302  71 1  0  0 0 0 0 0  00000000
  10.792  3583 3302  71 1  0  0 0 0 0 0  00000000
  10.805  3587 3281  71 1  0  0 0 0 0 0  00000000
  10.816  3588 3282  71 1  0  0 0 0 0 0  00000000
  10.829  3588 3283  71 1  0  0 0 0 0 0  00000000
  10.866  3589 3283  72 1  0  0 0 0 0 0  00000000
  10.879  3590 3283  72 1  0  0 0 0 0 0  00000000
  10.890  3591 3281  71 1  0  0 0 0 0 0  00000000
  10.903  3592 3281  72 1  0  0 0 0 0 0  00000000
  10.916  3593 3281  71 1  0  0 0 0 0 0  00000000
  10.928  3594 3281  71 1  0  0 0 0 0 0  00000000
  10.941  3595 3281  71 1  0  0 0 0 0 0  00000000
  10.953  3596 3281  71 1  0  0 0 0 0 0  00000000
  10.990  3597 3281  71 1  0  0 0 0 0 0  00000000
  11.003  3598 3281  71 1  0  0 0 0 0 0  00000000
  11.015  3599 3279  71 1  0  0 0 0 0 0  00000000
  11.028  3600 3279  71 1  0  0 0 0 0 0  00000000
  11.039  3601 3279  71 1  0  0 0 0 0 0  00000000
  11.053  3602 3279  70 1  0  0 0 0 0 0  00000000
  11.065  3607 3279  70 1  0  0 0 0 0 0  00000000
  11.077  3608 3279  71 1  0  0 0 0 0 0  00000000
  11.089  3609 3279  71 1  0  0 0 0 0 0  00000000
  11.126  3609 3283  71 1  0  0 0 0 0 0  00000000
  11.139  3609 3288  70 1  0  0 0 0 0 0  00000000
  11.151  3609 3309  70 1  0  0 0 0 0 0  00000000
  11.164  3610 3309  68 1  0  0 0 0 0 0  00000000
  11.176  3611 3336  63 1  0  0 0 0 0 0  00000000
  11.188  3611 3336   0 0  0  0 0 0 0 0  00000000
