time	 y	 z	 f	 w	 l	 r	 u	 d	 m	 multi
   0.000  1957 3931   0 0  0  0 0 0 0 0  00000000
   1.332  2447 3028  79 1  0  0 0 0 0 0  00000000
   1.353  2445 3028  82 1  0  0 0 0 0 0  00000000
   1.371  2441 3026  85 1  0  0 0 0 0 0  00000000
   1.383  2439 3024  85 1  0  0 0 0 0 0  00000000
   1.396  2438 3024  84 1  0  0 0 0 0 0  00000000
   1.407  2438 3024  82 1  0  0 0 0 0 0  00000000
   1.421  2438 3024  80 1  0  0 0 0 0 0  00000000
   1.433  2439 3025  74 1  0  0 0 0 0 0  00000000
   1.442  2443 3026  74 1  0  0 0 0 0 0  00000000
   1.456  2443 3026   0 0  0  0 0 0 0 0  00000000
   1.780  3526 2330  53 1  0  0 0 0 0 0  00000000
   1.793  3492 2328  69 1  0  0 0 0 0 0  00000000
   1.804  3490 2323  68 1  0  0 0 0 0 0  00000000
   1.818  3489 2318  72 1  0  0 0 0 0 0  00000000
   1.830  3488 2316  72 1  0  0 0 0 0 0  00000000
   1.842  3486 2316  71 1  0  0 0 0 0 0  00000000
   1.851  3484 2316  71 1  0  0 0 0 0 0  00000000
   1.861  3484 2311  71 1  0  0 0 0 0 0  00000000
   1.879  3485 2309  70 1  0  0 0 0 0 0  00000000
   1.892  3486 2307  70 1  0  0 0 0 0 0  00000000
   1.904  3491 2306  70 1  0  0 0 0 0 0  00000000
   1.917  3492 2306  70 1  0  0 0 0 0 0  00000000
   1.929  3496 2305  70 1  0  0 0 0 0 0  00000000
   1.941  3497 2303  70 1  0  0 0 0 0 0  00000000
   1.954  3498 2303  71 1  0  0 0 0 0 0  00000000
   1.965  3499 2303  71 1  0  0 0 0 0 0  00000000
   1.991  3499 2303  70 1  0  0 0 0 0 0  00000000
   2.003  3499 2303  68 1  0  0 0 0 0 0  00000000
   2.016  3499 2303  62 1  0  0 0 0 0 0  00000000
   2.029  3499 2321  48 1  0  0 0 0 0 0  00000000
   2.040  3499 2321   0 0  0  0 0 0 0 0  00000000
   2.164  2196 3369  82 1  0  0 0 0 0 0  00000000
   2.178  2196 3333  80 1  0  0 0 0 0 0  00000000
   2.189  2173 3331  82 1  0  0 0 0 0 0  00000000
   2.202  2173 3325  85 1  0  0 0 0 0 0  00000000
   2.214  2173 3321  85 1  0  0 0 0 0 0  00000000
   2.226  2173 3319  85 1  0  0 0 0 0 0  00000000
   2.238  2173 3319  83 1  0  0 0 0 0 0  00000000
   2.251  2173 3319  84 1  0  0 0 0 0 0  00000000
   2.264  2173 3319  83 1  0  0 0 0 0 0  00000000
   2.277  2173 3320  80 1  0  0 0 0 0 0  00000000
   2.289  2173 3321  82 1  0  0 0 0 0 0  00000000
   2.301  2174 3321  80 1  0  0 0 0 0 0  00000000
   2.314  2174 3322  78 1  0  0 0 0 0 0  00000000
   2.326  2174 3323  74 1  0  0 0 0 0 0  00000000
   2.339  2178 3323  69 1  0  0 0 0 0 0  00000000
   2.352  2179 3348  65 1  0  0 0 0 0 0  00000000
   2.364  2172 3349  61 1  0  0 0 0 0 0  00000000
   2.375  2167 3384  56 1  0  0 0 0 0 0  00000000
   2.388  2161 3410  50 1  0  0 0 0 0 0  00000000
   2.400  2137 3406  42 1  0  0 0 0 0 0  00000000
   2.413  2137 3406   0 0  0  0 0 0 0 0  00000000
   2.760  3500 2789  73 1  0  0 0 0 0 0  00000000
   2.773  3500 2752  71 1  0  0 0 0 0 0  00000000
   2.785  3500 2750  73 1  0  0 0 0 0 0  00000000
   2.797  3500 2744  73 1  0  0 0 0 0 0  00000000
   2.810  3500 2739  74 1  0  0 0 0 0 0  00000000
   2.823  3499 2738  73 1  0  0 0 0 0 0  00000000
   2.834  3498 2738  74 1  0  0 0 0 0 0  00000000
   2.847  3497 2738  73 1  0  0 0 0 0 0  00000000
   2.860  3497 2739  74 1  0  0 0 0 0 0  00000000
   2.873  3497 2740  73 1  0  0 0 0 0 0  00000000
   2.885  3497 2745  73 1  0  0 0 0 0 0  00000000
   2.896  3497 2746  72 1  0  0 0 0 0 0  00000000
   2.908  3497 2747  72 1  0  0 0 0 0 0  00000000
   2.934  3498 2747  71 1  0  0 0 0 0 0  00000000
   2.947  3502 2747  71 1  0  0 0 0 0 0  00000000
   2.959  3507 2747  68 1  0  0 0 0 0 0  00000000
   2.972  3540 2747  60 1  0  0 0 0 0 0  00000000
   2.984  3540 2747   0 0  0  0 0 0 0 0  00000000
   3.294  2146 3702  70 1  0  0 0 0 0 0  00000000
   3.306  2144 3642  72 1  0  0 0 0 0 0  00000000
   3.319  2138 3641  76 1  0  0 0 0 0 0  00000000
   3.332  2132 3618  78 1  0  0 0 0 0 0  00000000
   3.344  2130 3616  78 1  0  0 0 0 0 0  00000000
   3.355  2129 3610  78 1  0  0 0 0 0 0  00000000
   3.368  2129 3608  78 1  0  0 0 0 0 0  00000000
   3.380  2129 3607  77 1  0  0 0 0 0 0  00000000
   3.393  2129 3605  75 1  0  0 0 0 0 0  00000000
   3.404  2130 3605  70 1  0  0 0 0 0 0  00000000
   3.418  2173 3623  54 1  0  0 0 0 0 0  00000000
   3.428  2173 3623   0 0  0  0 0 0 0 0  00000000
   3.679  3576 3033  38 1  0  0 0 0 0 0  00000000
   3.690  3455 2976  71 1  0  0 0 0 0 0  00000000
   3.709  3472 2974  71 1  0  0 0 0 0 0  00000000
   3.729  3472 2969  72 1  0  0 0 0 0 0  00000000
   3.739  3470 2967  72 1  0  0 0 0 0 0  00000000
   3.752  3468 2966  72 1  0  0 0 0 0 0  00000000
   3.764  3468 2966  71 1  0  0 0 0 0 0  00000000
   3.790  3493 2947  63 1  0  0 0 0 0 0  00000000
   3.801  3524 2893  40 1  0  0 0 0 0 0  00000000
   3.813  3524 2893   0 0  0  0 0 0 0 0  00000000
   3.852  2075 3868  69 1  0  0 0 0 0 0  00000000
   3.864  2073 3868  72 1  0  0 0 0 0 0  00000000
   3.877  2073 3868  73 1  0  0 0 0 0 0  00000000
   3.902  2073 3868  72 1  0  0 0 0 0 0  00000000
   3.915  2071 3868  72 1  0  0 0 0 0 0  00000000
   3.927  2071 3868  71 1  0  0 0 0 0 0  00000000
   3.938  2071 3868  70 1  0  0 0 0 0 0  00000000
   3.951  2071 3866  71 1  0  0 0 0 0 0  00000000
   3.963  2071 3861  71 1  0  0 0 0 0 0  00000000
   3.976  2071 3859  71 1  0  0 0 0 0 0  00000000
   4.001  2071 3857  71 1  0  0 0 0 0 0  00000000
   4.014  2071 3857  72 1  0  0 0 0 0 0  00000000
   4.026  2069 3857  72 1  0  0 0 0 0 0  00000000
   4.038  2067 3857  72 1  0  0 0 0 0 0  00000000
   4.050  2067 3857  71 1  0  0 0 0 0 0  00000000
   4.063  2067 3857  72 1  0  0 0 0 0 0  00000000
   4.075  2067 3855  72 1  0  0 0 0 0 0  00000000
   4.087  2067 3853  73 1  0  0 0 0 0 0  00000000
   4.099  2067 3853  72 1  0  0 0 0 0 0  00000000
   4.112  2067 3853  71 1  0  0 0 0 0 0  00000000
   4.138  2067 3853  70 1  0  0 0 0 0 0  00000000
   4.151  2067 3853  68 1  0  0 0 0 0 0  00000000
   4.162  2067 3854  62 1  0  0 0 0 0 0  00000000
   4.174  2026 3890  45 1  0  0 0 0 0 0  00000000
   4.186  2026 3890   0 0  0  0 0 0 0 0  00000000
   4.385  3515 2884  43 1  0  0 0 0 0 0  00000000
   4.398  3431 2856  69 1  0  0 0 0 0 0  00000000
   4.410  3431 2856  71 1  0  0 0 0 0 0  00000000
   4.423  3431 2856  72 1  0  0 0 0 0 0  00000000
   4.435  3431 2856  71 1  0  0 0 0 0 0  00000000
   4.447  3431 2856  70 1  0  0 0 0 0 0  00000000
   4.460  3431 2856  69 1  0  0 0 0 0 0  00000000
   4.472  3464 2856  63 1  0  0 0 0 0 0  00000000
   4.484  3484 2856  52 1  0  0 0 0 0 0  00000000
   4.496  3484 2856   0 0  0  0 0 0 0 0  00000000
   4.658  2012 3765  77 1  0  0 0 0 0 0  00000000
   4.671  2012 3747  76 1  0  0 0 0 0 0  00000000
   4.695  2012 3748  76 1  0  0 0 0 0 0  00000000
   4.708  2013 3770  72 1  0  0 0 0 0 0  00000000
   4.721  2014 3811  66 1  0  0 0 0 0 0  00000000
   4.733  2015 3884  44 1  0  0 0 0 0 0  00000000
   4.745  2015 3884   0 0  0  0 0 0 0 0  00000000
   4.944  3281 3279  73 1  0  0 0 0 0 0  00000000
   4.956  3279 3179  66 1  0  0 0 0 0 0  00000000
   4.969  3277 3179  72 1  0  0 0 0 0 0  00000000
   4.981  3275 3179  72 1  0  0 0 0 0 0  00000000
   4.994  3273 3178  71 1  0  0 0 0 0 0  00000000
   5.018  3269 3177  70 1  0  0 0 0 0 0  00000000
   5.031  3268 3177  70 1  0  0 0 0 0 0  00000000
   5.043  3268 3177  68 1  0  0 0 0 0 0  00000000
   5.056  3286 3177  63 1  0  0 0 0 0 0  00000000
   5.068  3313 3211  43 1  0  0 0 0 0 0  00000000
   5.080  3313 3211   0 0  0  0 0 0 0 0  00000000
   5.377  1969 4039  70 1  0  0 0 0 0 0  00000000
   5.390  1969 4022  65 1  0  0 0 0 0 0  00000000
   5.402  1967 4022  68 1  0  0 0 0 0 0  00000000
   5.415  1965 4022  68 1  0  0 0 0 0 0  00000000
   5.427  1963 4022  67 1  0  0 0 0 0 0  00000000
   5.440  1986 4046  67 1  0  0 0 0 0 0  00000000
   5.452  2006 4078  65 1  0  0 0 0 0 0  00000000
   5.465  2027 4108  63 1  0  0 0 0 0 0  00000000
   5.477  2047 4136  57 1  0  0 0 0 0 0  00000000
   5.490  2078 4166  39 1  0  0 0 0 0 0  00000000
   5.501  2078 4166   0 0  0  0 0 0 0 0  00000000
   5.552  3515 3036  48 1  0  0 0 0 0 0  00000000
   5.564  3453 3036  71 1  0  0 0 0 0 0  00000000
   5.577  3453 3036  73 1  0  0 0 0 0 0  00000000
   5.602  3453 3036  74 1  0  0 0 0 0 0  00000000
   5.614  3453 3036  73 1  0  0 0 0 0 0  00000000
   5.628  3452 3037  72 1  0  0 0 0 0 0  00000000
   5.653  3452 3038  72 1  0  0 0 0 0 0  00000000
   5.664  3452 3039  71 1  0  0 0 0 0 0  00000000
   5.675  3453 3039  72 1  0  0 0 0 0 0  00000000
   5.689  3454 3039  70 1  0  0 0 0 0 0  00000000
   5.701  3455 3039  70 1  0  0 0 0 0 0  00000000
   5.714  3456 3039  71 1  0  0 0 0 0 0  00000000
   5.726  3460 3039  70 1  0  0 0 0 0 0  00000000
   5.738  3461 3039  71 1  0  0 0 0 0 0  00000000
   5.775  3461 3039  72 1  0  0 0 0 0 0  00000000
   5.813  3462 3015  73 1  0  0 0 0 0 0  00000000
   5.826  3463 3015  73 1  0  0 0 0 0 0  00000000
   5.838  3464 3015  73 1  0  0 0 0 0 0  00000000
   5.849  3465 3015  73 1  0  0 0 0 0 0  00000000
   5.862  3466 3015  73 1  0  0 0 0 0 0  00000000
   5.874  3467 3015  71 1  0  0 0 0 0 0  00000000
   5.887  3468 3015  71 1  0  0 0 0 0 0  00000000
   5.899  3493 3015  67 1  0  0 0 0 0 0  00000000
   5.912  3494 3034  59 1  0  0 0 0 0 0  00000000
   5.924  3498 3034  43 1  0  0 0 0 0 0  00000000
   5.936  3498 3034   0 0  0  0 0 0 0 0  00000000
   6.111  2013 3939  72 1  0  0 0 0 0 0  00000000
   6.123  2013 3935  70 1  0  0 0 0 0 0  00000000
   6.135  2012 3930  73 1  0  0 0 0 0 0  00000000
   6.147  2011 3928  74 1  0  0 0 0 0 0  00000000
   6.160  2011 3927  73 1  0  0 0 0 0 0  00000000
   6.185  2011 3927  71 1  0  0 0 0 0 0  00000000
   6.197  2011 3931  67 1  0  0 0 0 0 0  00000000
   6.209  1994 3954  56 1  0  0 0 0 0 0  00000000
   6.221  1994 3954   0 0  0  0 0 0 0 0  00000000
   6.557  3427 3068  44 1  0  0 0 0 0 0  00000000
   6.569  3323 3044  72 1  0  0 0 0 0 0  00000000
   6.582  3323 3042  72 1  0  0 0 0 0 0  00000000
   6.594  3323 3040  75 1  0  0 0 0 0 0  00000000
   6.607  3323 3039  75 1  0  0 0 0 0 0  00000000
   6.619  3323 3039  74 1  0  0 0 0 0 0  00000000
   6.643  3323 3039  73 1  0  0 0 0 0 0  00000000
   6.656  3323 3039  72 1  0  0 0 0 0 0  00000000
   6.669  3323 3040  69 1  0  0 0 0 0 0  00000000
   6.681  3324 3044  60 1  0  0 0 0 0 0  00000000
   6.694  3324 3044   0 0  0  0 0 0 0 0  00000000
   6.730  1715 4168  63 1  0  0 0 0 0 0  00000000
   6.743  1715 4151  61 1  0  0 0 0 0 0  00000000
   6.755  1714 4149  65 1  0  0 0 0 0 0  00000000
   6.769  1713 4143  65 1  0  0 0 0 0 0  00000000
   6.781  1713 4141  66 1  0  0 0 0 0 0  00000000
   6.793  1709 4139  65 1  0  0 0 0 0 0  00000000
   6.806  1707 4137  65 1  0  0 0 0 0 0  00000000
   6.817  1705 4137  65 1  0  0 0 0 0 0  00000000
   6.829  1704 4137  64 1  0  0 0 0 0 0  00000000
   6.842  1704 4138  63 1  0  0 0 0 0 0  00000000
   6.855  1704 4142  62 1  0  0 0 0 0 0  00000000
   6.868  1704 4147  61 1  0  0 0 0 0 0  00000000
   6.878  1704 4153  59 1  0  0 0 0 0 0  00000000
   6.892  1704 4178  58 1  0  0 0 0 0 0  00000000
   6.904  1704 4178  56 1  0  0 0 0 0 0  00000000
   6.918  1702 4201  48 1  0  0 0 0 0 0  00000000
   6.929  1702 4201   0 0  0  0 0 0 0 0  00000000
   7.128  3355 3020  72 1  0  0 0 0 0 0  00000000
   7.141  3355 3020  71 1  0  0 0 0 0 0  00000000
   7.153  3355 3019  73 1  0  0 0 0 0 0  00000000
   7.165  3355 3017  74 1  0  0 0 0 0 0  00000000
   7.177  3355 3015  73 1  0  0 0 0 0 0  00000000
   7.190  3355 3015  74 1  0  0 0 0 0 0  00000000
   7.202  3355 3015  73 1  0  0 0 0 0 0  00000000
   7.227  3355 3016  72 1  0  0 0 0 0 0  00000000
   7.240  3355 3016  65 1  0  0 0 0 0 0  00000000
   7.251  3381 2947  39 1  0  0 0 0 0 0  00000000
   7.264  3381 2947   0 0  0  0 0 0 0 0  00000000
   7.289  1829 4087  64 1  0  0 0 0 0 0  00000000
   7.300  1787 4068  69 1  0  0 0 0 0 0  00000000
   7.313  1787 4068  71 1  0  0 0 0 0 0  00000000
   7.338  1787 4067  71 1  0  0 0 0 0 0  00000000
   7.377  1787 4067  70 1  0  0 0 0 0 0  00000000
   7.389  1786 4067  71 1  0  0 0 0 0 0  00000000
   7.413  1786 4067  70 1  0  0 0 0 0 0  00000000
   7.425  1786 4067  71 1  0  0 0 0 0 0  00000000
   7.450  1786 4065  71 1  0  0 0 0 0 0  00000000
   7.489  1786 4063  72 1  0  0 0 0 0 0  00000000
   7.499  1786 4061  72 1  0  0 0 0 0 0  00000000
   7.512  1784 4061  71 1  0  0 0 0 0 0  00000000
   7.525  1784 4061  72 1  0  0 0 0 0 0  00000000
   7.562  1784 4061  71 1  0  0 0 0 0 0  00000000
   7.574  1784 4061  72 1  0  0 0 0 0 0  00000000
   7.649  1784 4060  72 1  0  0 0 0 0 0  00000000
   7.662  1782 4058  72 1  0  0 0 0 0 0  00000000
   7.673  1782 4056  72 1  0  0 0 0 0 0  00000000
   7.686  1782 4054  73 1  0  0 0 0 0 0  00000000
   7.698  1782 4053  72 1  0  0 0 0 0 0  00000000
   7.711  1782 4051  72 1  0  0 0 0 0 0  00000000
   7.723  1782 4050  72 1  0  0 0 0 0 0  00000000
   7.736  1782 4049  72 1  0  0 0 0 0 0  00000000
   7.748  1782 4047  72 1  0  0 0 0 0 0  00000000
   7.785  1782 4043  73 1  0  0 0 0 0 0  00000000
   7.799  1782 4041  72 1  0  0 0 0 0 0  00000000
   7.810  1782 4040  72 1  0  0 0 0 0 0  00000000
   7.822  1782 4040  73 1  0  0 0 0 0 0  00000000
   7.835  1782 4040  72 1  0  0 0 0 0 0  00000000
   7.860  1782 4040  73 1  0  0 0 0 0 0  00000000
   7.871  1782 4040  72 1  0  0 0 0 0 0  00000000
   7.897  1782 4041  71 1  0  0 0 0 0 0  00000000
   7.909  1782 4060  69 1  0  0 0 0 0 0  00000000
   7.922  1783 4061  63 1  0  0 0 0 0 0  00000000
   7.934  1784 4135  39 1  0  0 0 0 0 0  00000000
   7.946  1784 4135   0 0  0  0 0 0 0 0  00000000
