time	 y	 z	 f	 w	 l	 r	 u	 d	 m	 multi
   0.000  3804 3194   0 0  0  0 0 0 0 0  00000000
   1.392  4017 2795  75 1  0  0 0 0 0 0  00000000
   1.415  4017 2795  74 1  0  0 0 0 0 0  00000000
   1.440  4017 2795  76 1  0  0 0 0 0 0  00000000
   1.464  4015 2795  75 1  0  0 0 0 0 0  00000000
   1.477  4013 2795  76 1  0  0 0 0 0 0  00000000
   1.502  4011 2795  76 1  0  0 0 0 0 0  00000000
   1.526  4011 2795  75 1  0  0 0 0 0 0  00000000
   1.551  4011 2795  71 1  0  0 0 0 0 0  00000000
   1.563  4035 2795  55 1  0  0 0 0 0 0  00000000
   1.575  4035 2795   0 0  0  0 0 0 0 0  00000000
   2.147  2503 3768  62 1  0  0 0 0 0 0  00000000
   2.160  2458 3734  73 1  0  0 0 0 0 0  00000000
   2.172  2458 3734  77 1  0  0 0 0 0 0  00000000
   2.184  2458 3732  78 1  0  0 0 0 0 0  00000000
   2.197  2458 3730  79 1  0  0 0 0 0 0  00000000
   2.209  2458 3728  79 1  0  0 0 0 0 0  00000000
   2.222  2458 3726  78 1  0  0 0 0 0 0  00000000
   2.235  2458 3724  78 1  0  0 0 0 0 0  00000000
   2.246  2458 3723  78 1  0  0 0 0 0 0  00000000
   2.259  2458 3718  78 1  0  0 0 0 0 0  00000000
   2.271  2458 3716  77 1  0  0 0 0 0 0  00000000
   2.283  2458 3711  77 1  0  0 0 0 0 0  00000000
   2.296  2458 3710  76 1  0  0 0 0 0 0  00000000
   2.308  2458 3709  77 1  0  0 0 0 0 0  00000000
   2.333  2458 3707  76 1  0  0 0 0 0 0  00000000
   2.345  2456 3707  75 1  0  0 0 0 0 0  00000000
   2.358  2456 3707  73 1  0  0 0 0 0 0  00000000
   2.370  2456 3707  68 1  0  0 0 0 0 0  00000000
   2.383  2480 3708  54 1  0  0 0 0 0 0  00000000
   2.395  2480 3708   0 0  0  0 0 0 0 0  00000000
   2.631  3798 2802  76 1  0  0 0 0 0 0  00000000
   2.644  3798 2802  73 1  0  0 0 0 0 0  00000000
   2.656  3798 2802  74 1  0  0 0 0 0 0  00000000
   2.669  3798 2802  75 1  0  0 0 0 0 0  00000000
   2.681  3798 2802  74 1  0  0 0 0 0 0  00000000
   2.693  3798 2802  75 1  0  0 0 0 0 0  00000000
   2.706  3798 2803  75 1  0  0 0 0 0 0  00000000
   2.719  3796 2804  73 1  0  0 0 0 0 0  00000000
   2.730  3796 2808  72 1  0  0 0 0 0 0  00000000
   2.744  3796 2809  70 1  0  0 0 0 0 0  00000000
   2.757  3797 2810  66 1  0  0 0 0 0 0  00000000
   2.768  3841 2811  53 1  0  0 0 0 0 0  00000000
   2.779  3841 2811   0 0  0  0 0 0 0 0  00000000
   2.915  2396 3709  36 1  0  0 0 0 0 0  00000000
   2.929  2317 3709  75 1  0  0 0 0 0 0  00000000
   2.941  2317 3709  78 1  0  0 0 0 0 0  00000000
   2.965  2317 3709  80 1  0  0 0 0 0 0  00000000
   2.978  2317 3709  78 1  0  0 0 0 0 0  00000000
   2.990  2317 3709  77 1  0  0 0 0 0 0  00000000
   3.015  2318 3727  74 1  0  0 0 0 0 0  00000000
   3.028  2344 3727  71 1  0  0 0 0 0 0  00000000
   3.041  2376 3728  63 1  0  0 0 0 0 0  00000000
   3.053  2376 3728   0 0  0  0 0 0 0 0  00000000
   3.214  3915 2664  78 1  0  0 0 0 0 0  00000000
   3.227  3915 2633  75 1  0  0 0 0 0 0  00000000
   3.239  3915 2633  77 1  0  0 0 0 0 0  00000000
   3.276  3914 2633  76 1  0  0 0 0 0 0  00000000
   3.289  3914 2634  74 1  0  0 0 0 0 0  00000000
   3.302  3914 2635  68 1  0  0 0 0 0 0  00000000
   3.314  3912 2687  51 1  0  0 0 0 0 0  00000000
   3.325  3912 2687   0 0  0  0 0 0 0 0  00000000
   3.500  2333 3647  78 1  0  0 0 0 0 0  00000000
   3.511  2331 3625  78 1  0  0 0 0 0 0  00000000
   3.524  2330 3624  80 1  0  0 0 0 0 0  00000000
   3.537  2328 3624  82 1  0  0 0 0 0 0  00000000
   3.549  2322 3624  83 1  0  0 0 0 0 0  00000000
   3.561  2317 3624  84 1  0  0 0 0 0 0  00000000
   3.574  2315 3624  83 1  0  0 0 0 0 0  00000000
   3.611  2315 3622  83 1  0  0 0 0 0 0  00000000
   3.624  2313 3620  84 1  0  0 0 0 0 0  00000000
   3.636  2313 3618  83 1  0  0 0 0 0 0  00000000
   3.649  2313 3617  82 1  0  0 0 0 0 0  00000000
   3.661  2313 3617  83 1  0  0 0 0 0 0  00000000
   3.672  2313 3615  82 1  0  0 0 0 0 0  00000000
   3.685  2313 3611  84 1  0  0 0 0 0 0  00000000
   3.698  2309 3609  85 1  0  0 0 0 0 0  00000000
   3.711  2308 3609  85 1  0  0 0 0 0 0  00000000
   3.723  2308 3609  86 1  0  0 0 0 0 0  00000000
   3.735  2308 3607  86 1  0  0 0 0 0 0  00000000
   3.748  2306 3605  86 1  0  0 0 0 0 0  00000000
   3.760  2306 3603  85 1  0  0 0 0 0 0  00000000
   3.773  2306 3601  85 1  0  0 0 0 0 0  00000000
   3.786  2306 3600  85 1  0  0 0 0 0 0  00000000
   3.797  2306 3595  85 1  0  0 0 0 0 0  00000000
   3.809  2306 3593  84 1  0  0 0 0 0 0  00000000
   3.822  2306 3592  85 1  0  0 0 0 0 0  00000000
   3.834  2306 3588  83 1  0  0 0 0 0 0  00000000
   3.847  2306 3586  84 1  0  0 0 0 0 0  00000000
   3.860  2306 3581  83 1  0  0 0 0 0 0  00000000
   3.871  2306 3580  81 1  0  0 0 0 0 0  00000000
   3.884  2306 3580  79 1  0  0 0 0 0 0  00000000
   3.897  2307 3578  77 1  0  0 0 0 0 0  00000000
   3.909  2333 3577  71 1  0  0 0 0 0 0  00000000
   3.921  2372 3577  62 1  0  0 0 0 0 0  00000000
   3.935  2393 3603  41 1  0  0 0 0 0 0  00000000
   3.945  2393 3603   0 0  0  0 0 0 0 0  00000000
   3.995  3954 2954  57 1  0  0 0 0 0 0  00000000
   4.008  3929 2955  65 1  0  0 0 0 0 0  00000000
   4.021  3927 2960  67 1  0  0 0 0 0 0  00000000
   4.034  3925 2961  68 1  0  0 0 0 0 0  00000000
   4.046  3920 2962  69 1  0  0 0 0 0 0  00000000
   4.058  3920 2963  70 1  0  0 0 0 0 0  00000000
   4.071  3920 2964  69 1  0  0 0 0 0 0  00000000
   4.082  3920 2965  70 1  0  0 0 0 0 0  00000000
   4.095  3920 2966  70 1  0  0 0 0 0 0  00000000
   4.108  3920 2967  70 1  0  0 0 0 0 0  00000000
   4.120  3920 2968  70 1  0  0 0 0 0 0  00000000
   4.133  3920 2969  70 1  0  0 0 0 0 0  00000000
   4.158  3920 2969  69 1  0  0 0 0 0 0  00000000
   4.170  3920 2970  70 1  0  0 0 0 0 0  00000000
   4.183  3920 2970  69 1  0  0 0 0 0 0  00000000
   4.194  3920 2971  71 1  0  0 0 0 0 0  00000000
   4.207  3920 2972  70 1  0  0 0 0 0 0  00000000
   4.220  3920 2973  70 1  0  0 0 0 0 0  00000000
   4.232  3920 2977  69 1  0  0 0 0 0 0  00000000
   4.246  3925 2978  68 1  0  0 0 0 0 0  00000000
   4.259  3931 2982  65 1  0  0 0 0 0 0  00000000
   4.269  3960 2982  56 1  0  0 0 0 0 0  00000000
   4.281  3960 2982   0 0  0  0 0 0 0 0  00000000
   4.517  2555 3892  64 1  0  0 0 0 0 0  00000000
   4.529  2553 3871  64 1  0  0 0 0 0 0  00000000
   4.542  2523 3872  68 1  0  0 0 0 0 0  00000000
   4.553  2523 3872  69 1  0  0 0 0 0 0  00000000
   4.567  2523 3873  70 1  0  0 0 0 0 0  00000000
   4.580  2523 3878  70 1  0  0 0 0 0 0  00000000
   4.591  2523 3882  69 1  0  0 0 0 0 0  00000000
   4.604  2523 3883  70 1  0  0 0 0 0 0  00000000
   4.615  2523 3888  69 1  0  0 0 0 0 0  00000000
   4.630  2523 3889  69 1  0  0 0 0 0 0  00000000
   4.641  2523 3889  70 1  0  0 0 0 0 0  00000000
   4.666  2523 3887  70 1  0  0 0 0 0 0  00000000
   4.678  2523 3886  70 1  0  0 0 0 0 0  00000000
   4.715  2521 3884  71 1  0  0 0 0 0 0  00000000
   4.753  2520 3884  71 1  0  0 0 0 0 0  00000000
   4.765  2518 3884  72 1  0  0 0 0 0 0  00000000
   4.778  2516 3884  72 1  0  0 0 0 0 0  00000000
   4.790  2516 3884  71 1  0  0 0 0 0 0  00000000
   4.802  2516 3880  72 1  0  0 0 0 0 0  00000000
   4.815  2516 3879  72 1  0  0 0 0 0 0  00000000
   4.826  2516 3879  71 1  0  0 0 0 0 0  00000000
   4.839  2516 3878  72 1  0  0 0 0 0 0  00000000
   4.877  2516 3876  72 1  0  0 0 0 0 0  00000000
   4.889  2516 3876  73 1  0  0 0 0 0 0  00000000
   4.914  2516 3874  73 1  0  0 0 0 0 0  00000000
   4.939  2514 3874  72 1  0  0 0 0 0 0  00000000
   4.995  2514 3874  73 1  0  0 0 0 0 0  00000000
   5.014  2513 3874  72 1  0  0 0 0 0 0  00000000
   5.038  2513 3872  72 1  0  0 0 0 0 0  00000000
   5.051  2517 3870  72 1  0  0 0 0 0 0  00000000
   5.062  2522 3868  71 1  0  0 0 0 0 0  00000000
   5.075  2523 3866  68 1  0  0 0 0 0 0  00000000
   5.087  2563 3864  63 1  0  0 0 0 0 0  00000000
   5.100  2619 3860  56 1  0  0 0 0 0 0  00000000
   5.112  2619 3860   0 0  0  0 0 0 0 0  00000000
   5.497  3729 3007  57 1  0  0 0 0 0 0  00000000
   5.509  3712 2981  64 1  0  0 0 0 0 0  00000000
   5.522  3712 2981  65 1  0  0 0 0 0 0  00000000
   5.535  3712 2981  67 1  0  0 0 0 0 0  00000000
   5.547  3711 2981  69 1  0  0 0 0 0 0  00000000
   5.560  3707 2981  71 1  0  0 0 0 0 0  00000000
   5.570  3701 2982  71 1  0  0 0 0 0 0  00000000
   5.584  3699 2983  72 1  0  0 0 0 0 0  00000000
   5.597  3699 2984  72 1  0  0 0 0 0 0  00000000
   5.608  3697 2984  72 1  0  0 0 0 0 0  00000000
   5.622  3697 2984  73 1  0  0 0 0 0 0  00000000
   5.635  3697 2983  73 1  0  0 0 0 0 0  00000000
   5.646  3697 2981  73 1  0  0 0 0 0 0  00000000
   5.659  3697 2977  74 1  0  0 0 0 0 0  00000000
   5.671  3697 2975  73 1  0  0 0 0 0 0  00000000
   5.683  3697 2973  72 1  0  0 0 0 0 0  00000000
   5.697  3697 2973  68 1  0  0 0 0 0 0  00000000
   5.709  3697 2968  50 1  0  0 0 0 0 0  00000000
   5.720  3697 2968   0 0  0  0 0 0 0 0  00000000
   6.044  2372 3993  68 1  0  0 0 0 0 0  00000000
   6.055  2370 3968  66 1  0  0 0 0 0 0  00000000
   6.069  2345 3968  70 1  0  0 0 0 0 0  00000000
   6.080  2345 3968  71 1  0  0 0 0 0 0  00000000
   6.093  2345 3968  72 1  0  0 0 0 0 0  00000000
   6.104  2345 3968  71 1  0  0 0 0 0 0  00000000
   6.117  2345 3967  72 1  0  0 0 0 0 0  00000000
   6.129  2344 3963  73 1  0  0 0 0 0 0  00000000
   6.142  2342 3961  72 1  0  0 0 0 0 0  00000000
   6.155  2342 3959  71 1  0  0 0 0 0 0  00000000
   6.167  2342 3954  71 1  0  0 0 0 0 0  00000000
   6.180  2342 3950  71 1  0  0 0 0 0 0  00000000
   6.191  2342 3948  72 1  0  0 0 0 0 0  00000000
   6.205  2342 3943  72 1  0  0 0 0 0 0  00000000
   6.216  2342 3938  72 1  0  0 0 0 0 0  00000000
   6.230  2342 3936  72 1  0  0 0 0 0 0  00000000
   6.241  2341 3931  73 1  0  0 0 0 0 0  00000000
   6.254  2340 3929  73 1  0  0 0 0 0 0  00000000
   6.266  2340 3928  73 1  0  0 0 0 0 0  00000000
   6.279  2338 3926  73 1  0  0 0 0 0 0  00000000
   6.290  2337 3926  72 1  0  0 0 0 0 0  00000000
   6.310  2337 3924  73 1  0  0 0 0 0 0  00000000
   6.328  2335 3920  73 1  0  0 0 0 0 0  00000000
   6.341  2335 3918  72 1  0  0 0 0 0 0  00000000
   6.353  2335 3917  73 1  0  0 0 0 0 0  00000000
   6.378  2335 3917  72 1  0  0 0 0 0 0  00000000
   6.390  2335 3917  73 1  0  0 0 0 0 0  00000000
   6.403  2334 3917  73 1  0  0 0 0 0 0  00000000
   6.415  2334 3917  72 1  0  0 0 0 0 0  00000000
   6.429  2334 3917  74 1  0  0 0 0 0 0  00000000
   6.441  2334 3917  73 1  0  0 0 0 0 0  00000000
   6.502  2334 3922  72 1  0  0 0 0 0 0  00000000
   6.516  2334 3923  73 1  0  0 0 0 0 0  00000000
   6.527  2334 3928  72 1  0  0 0 0 0 0  00000000
   6.538  2335 3932  71 1  0  0 0 0 0 0  00000000
   6.549  2336 3933  71 1  0  0 0 0 0 0  00000000
   6.563  2360 3939  67 1  0  0 0 0 0 0  00000000
   6.573  2360 3944  67 1  0  0 0 0 0 0  00000000
   6.590  2392 3973  46 1  0  0 0 0 0 0  00000000
   6.600  2392 3973   0 0  0  0 0 0 0 0  00000000
   6.837  3787 3040  72 1  0  0 0 0 0 0  00000000
   6.850  3788 3040  64 1  0  0 0 0 0 0  00000000
   6.862  3789 3040  69 1  0  0 0 0 0 0  00000000
   6.871  3790 3040  69 1  0  0 0 0 0 0  00000000
   6.900  3790 3040  70 1  0  0 0 0 0 0  00000000
   6.911  3790 3041  68 1  0  0 0 0 0 0  00000000
   6.923  3790 3042  69 1  0  0 0 0 0 0  00000000
   6.937  3790 3043  68 1  0  0 0 0 0 0  00000000
   6.961  3807 3043  62 1  0  0 0 0 0 0  00000000
   6.973  3807 3026  52 1  0  0 0 0 0 0  00000000
   6.986  3807 3026   0 0  0  0 0 0 0 0  00000000
   7.073  2245 4151  57 1  0  0 0 0 0 0  00000000
   7.085  2241 4151  56 1  0  0 0 0 0 0  00000000
   7.098  2236 4151  58 1  0  0 0 0 0 0  00000000
   7.110  2235 4151  60 1  0  0 0 0 0 0  00000000
   7.123  2231 4151  60 1  0  0 0 0 0 0  00000000
   7.134  2229 4151  60 1  0  0 0 0 0 0  00000000
   7.172  2228 4152  59 1  0  0 0 0 0 0  00000000
   7.184  2226 4172  59 1  0  0 0 0 0 0  00000000
   7.197  2226 4173  58 1  0  0 0 0 0 0  00000000
   7.210  2225 4178  57 1  0  0 0 0 0 0  00000000
   7.222  2225 4211  56 1  0  0 0 0 0 0  00000000
   7.235  2225 4212  56 1  0  0 0 0 0 0  00000000
   7.247  2225 4235  55 1  0  0 0 0 0 0  00000000
   7.260  2225 4235  51 1  0  0 0 0 0 0  00000000
   7.271  2226 4235  45 1  0  0 0 0 0 0  00000000
   7.283  2226 4235   0 0  0  0 0 0 0 0  00000000
   7.384  3751 2940  63 1  0  0 0 0 0 0  00000000
   7.395  3728 2936  68 1  0  0 0 0 0 0  00000000
   7.408  3728 2931  66 1  0  0 0 0 0 0  00000000
   7.420  3728 2927  70 1  0  0 0 0 0 0  00000000
   7.433  3728 2925  69 1  0  0 0 0 0 0  00000000
   7.445  3728 2924  70 1  0  0 0 0 0 0  00000000
   7.458  3728 2924  68 1  0  0 0 0 0 0  00000000
   7.471  3728 2924  66 1  0  0 0 0 0 0  00000000
   7.483  3729 2924  63 1  0  0 0 0 0 0  00000000
   7.495  3730 2924  57 1  0  0 0 0 0 0  00000000
   7.507  3734 2948  44 1  0  0 0 0 0 0  00000000
   7.519  3734 2948   0 0  0  0 0 0 0 0  00000000
   7.656  2213 4063  48 1  0  0 0 0 0 0  00000000
   7.668  2136 4061  65 1  0  0 0 0 0 0  00000000
   7.681  2136 4059  67 1  0  0 0 0 0 0  00000000
   7.694  2136 4054  68 1  0  0 0 0 0 0  00000000
   7.705  2136 4052  69 1  0  0 0 0 0 0  00000000
   7.718  2136 4050  69 1  0  0 0 0 0 0  00000000
   7.731  2136 4050  68 1  0  0 0 0 0 0  00000000
   7.743  2136 4051  67 1  0  0 0 0 0 0  00000000
   7.755  2136 4056  65 1  0  0 0 0 0 0  00000000
   7.768  2136 4080  65 1  0  0 0 0 0 0  00000000
   7.780  2136 4081  62 1  0  0 0 0 0 0  00000000
   7.792  2164 4087  57 1  0  0 0 0 0 0  00000000
   7.804  2164 4124  51 1  0  0 0 0 0 0  00000000
   7.817  2127 4125  38 1  0  0 0 0 0 0  00000000
   7.828  2127 4125   0 0  0  0 0 0 0 0  00000000
   7.954  3696 2717  75 1  0  0 0 0 0 0  00000000
   7.967  3694 2713  73 1  0  0 0 0 0 0  00000000
   7.978  3692 2711  74 1  0  0 0 0 0 0  00000000
   7.991  3687 2709  75 1  0  0 0 0 0 0  00000000
   8.004  3685 2704  74 1  0  0 0 0 0 0  00000000
   8.016  3684 2702  70 1  0  0 0 0 0 0  00000000
   8.029  3684 2702  67 1  0  0 0 0 0 0  00000000
   8.041  3682 2722  57 1  0  0 0 0 0 0  00000000
   8.053  3659 2688  37 1  0  0 0 0 0 0  00000000
   8.064  3659 2688   0 0  0  0 0 0 0 0  00000000
   8.215  2112 4069  67 1  0  0 0 0 0 0  00000000
   8.227  2092 4068  67 1  0  0 0 0 0 0  00000000
   8.240  2092 4066  71 1  0  0 0 0 0 0  00000000
   8.251  2092 4066  72 1  0  0 0 0 0 0  00000000
   8.264  2092 4064  72 1  0  0 0 0 0 0  00000000
   8.276  2092 4062  72 1  0  0 0 0 0 0  00000000
   8.289  2092 4061  71 1  0  0 0 0 0 0  00000000
   8.300  2091 4061  71 1  0  0 0 0 0 0  00000000
   8.314  2091 4061  72 1  0  0 0 0 0 0  00000000
   8.327  2091 4061  71 1  0  0 0 0 0 0  00000000
   8.337  2091 4061  72 1  0  0 0 0 0 0  00000000
   8.351  2090 4061  71 1  0  0 0 0 0 0  00000000
   8.362  2090 4061  72 1  0  0 0 0 0 0  00000000
   8.375  2090 4061  71 1  0  0 0 0 0 0  00000000
   8.412  2090 4062  69 1  0  0 0 0 0 0  00000000
   8.425  2091 4062  66 1  0  0 0 0 0 0  00000000
   8.437  2128 4066  59 1  0  0 0 0 0 0  00000000
   8.450  2184 4093  48 1  0  0 0 0 0 0  00000000
   8.462  2184 4093   0 0  0  0 0 0 0 0  00000000
   8.475  3704 2697  76 1  0  0 0 0 0 0  00000000
   8.487  3685 2695  77 1  0  0 0 0 0 0  00000000
   8.499  3685 2694  81 1  0  0 0 0 0 0  00000000
   8.512  3685 2694  82 1  0  0 0 0 0 0  00000000
   8.537  3685 2694  81 1  0  0 0 0 0 0  00000000
   8.550  3686 2692  81 1  0  0 0 0 0 0  00000000
   8.563  3687 2690  81 1  0  0 0 0 0 0  00000000
   8.574  3691 2689  80 1  0  0 0 0 0 0  00000000
   8.588  3695 2690  79 1  0  0 0 0 0 0  00000000
   8.600  3725 2711  79 1  0  0 0 0 0 0  00000000
   8.612  3725 2711  78 1  0  0 0 0 0 0  00000000
   8.623  3760 2737  76 1  0  0 0 0 0 0  00000000
   8.637  3800 2737  72 1  0  0 0 0 0 0  00000000
   8.649  3855 2738  64 1  0  0 0 0 0 0  00000000
   8.661  3899 2743  45 1  0  0 0 0 0 0  00000000
   8.673  3899 2743   0 0  0  0 0 0 0 0  00000000
   8.723  2143 4068  69 1  0  0 0 0 0 0  00000000
   8.735  2115 4066  70 1  0  0 0 0 0 0  00000000
   8.750  2115 4036  74 1  0  0 0 0 0 0  00000000
   8.772  2115 4036  73 1  0  0 0 0 0 0  00000000
   8.798  2115 4055  73 1  0  0 0 0 0 0  00000000
   8.810  2115 4055  72 1  0  0 0 0 0 0  00000000
   8.823  2115 4055  70 1  0  0 0 0 0 0  00000000
   8.834  2113 4074  69 1  0  0 0 0 0 0  00000000
   8.848  2111 4075  68 1  0  0 0 0 0 0  00000000
   8.860  2111 4108  64 1  0  0 0 0 0 0  00000000
   8.873  2111 4109  60 1  0  0 0 0 0 0  00000000
   8.885  2150 4146  44 1  0  0 0 0 0 0  00000000
   8.896  2150 4146   0 0  0  0 0 0 0 0  00000000
   8.984  3714 2934  82 1  0  0 0 0 0 0  00000000
   8.996  3715 2932  81 1  0  0 0 0 0 0  00000000
   9.010  3716 2931  83 1  0  0 0 0 0 0  00000000
   9.021  3717 2931  84 1  0  0 0 0 0 0  00000000
   9.034  3718 2931  82 1  0  0 0 0 0 0  00000000
   9.047  3719 2932  81 1  0  0 0 0 0 0  00000000
   9.058  3718 2953  79 1  0  0 0 0 0 0  00000000
   9.070  3718 2954  79 1  0  0 0 0 0 0  00000000
   9.080  3718 2955  79 1  0  0 0 0 0 0  00000000
   9.095  3718 2988  75 1  0  0 0 0 0 0  00000000
   9.108  3718 2989  70 1  0  0 0 0 0 0  00000000
   9.121  3718 2990  63 1  0  0 0 0 0 0  00000000
   9.133  3743 3040  49 1  0  0 0 0 0 0  00000000
   9.143  3743 3040   0 0  0  0 0 0 0 0  00000000
   9.231  1904 4209  63 1  0  0 0 0 0 0  00000000
   9.245  1872 4208  65 1  0  0 0 0 0 0  00000000
   9.255  1872 4181  67 1  0  0 0 0 0 0  00000000
   9.306  1872 4182  65 1  0  0 0 0 0 0  00000000
   9.318  1872 4219  62 1  0  0 0 0 0 0  00000000
   9.331  1915 4252  56 1  0  0 0 0 0 0  00000000
   9.343  1946 4310  44 1  0  0 0 0 0 0  00000000
   9.355  1946 4310   0 0  0  0 0 0 0 0  00000000
   9.480  3645 3291  84 1  0  0 0 0 0 0  00000000
   9.492  3645 3233  76 1  0  0 0 0 0 0  00000000
   9.505  3645 3233  80 1  0  0 0 0 0 0  00000000
   9.530  3645 3214  78 1  0  0 0 0 0 0  00000000
   9.543  3645 3214  75 1  0  0 0 0 0 0  00000000
   9.555  3645 3214  71 1  0  0 0 0 0 0  00000000
   9.567  3665 3231  61 1  0  0 0 0 0 0  00000000
   9.579  3703 3232  39 1  0  0 0 0 0 0  00000000
   9.591  3703 3232   0 0  0  0 0 0 0 0  00000000
   9.765  2319 4152  57 1  0  0 0 0 0 0  00000000
   9.777  2283 4108  68 1  0  0 0 0 0 0  00000000
   9.790  2283 4080  71 1  0  0 0 0 0 0  00000000
   9.802  2283 4078  72 1  0  0 0 0 0 0  00000000
   9.815  2283 4076  73 1  0  0 0 0 0 0  00000000
   9.828  2283 4072  73 1  0  0 0 0 0 0  00000000
   9.852  2282 4070  73 1  0  0 0 0 0 0  00000000
   9.865  2281 4068  73 1  0  0 0 0 0 0  00000000
   9.877  2281 4064  72 1  0  0 0 0 0 0  00000000
   9.890  2281 4062  73 1  0  0 0 0 0 0  00000000
   9.902  2280 4060  73 1  0  0 0 0 0 0  00000000
   9.914  2280 4058  74 1  0  0 0 0 0 0  00000000
   9.924  2280 4056  74 1  0  0 0 0 0 0  00000000
   9.939  2280 4052  74 1  0  0 0 0 0 0  00000000
   9.952  2280 4046  75 1  0  0 0 0 0 0  00000000
   9.963  2280 4044  74 1  0  0 0 0 0 0  00000000
   9.977  2280 4039  75 1  0  0 0 0 0 0  00000000
   9.988  2279 4037  76 1  0  0 0 0 0 0  00000000
  10.001  2275 4035  76 1  0  0 0 0 0 0  00000000
  10.014  2274 4011  76 1  0  0 0 0 0 0  00000000
  10.026  2274 4011  77 1  0  0 0 0 0 0  00000000
  10.050  2274 3991  77 1  0  0 0 0 0 0  00000000
  10.075  2274 3989  77 1  0  0 0 0 0 0  00000000
  10.088  2274 3968  77 1  0  0 0 0 0 0  00000000
  10.100  2274 3968  76 1  0  0 0 0 0 0  00000000
  10.113  2274 3966  77 1  0  0 0 0 0 0  00000000
  10.125  2273 3964  77 1  0  0 0 0 0 0  00000000
  10.138  2273 3940  77 1  0  0 0 0 0 0  00000000
  10.150  2272 3940  76 1  0  0 0 0 0 0  00000000
  10.163  2272 3940  77 1  0  0 0 0 0 0  00000000
  10.174  2272 3938  76 1  0  0 0 0 0 0  00000000
  10.184  2272 3936  76 1  0  0 0 0 0 0  00000000
  10.193  2270 3934  77 1  0  0 0 0 0 0  00000000
  10.211  2269 3912  76 1  0  0 0 0 0 0  00000000
  10.225  2269 3912  75 1  0  0 0 0 0 0  00000000
  10.237  2269 3910  75 1  0  0 0 0 0 0  00000000
  10.250  2269 3906  75 1  0  0 0 0 0 0  00000000
  10.262  2269 3904  75 1  0  0 0 0 0 0  00000000
  10.274  2269 3899  75 1  0  0 0 0 0 0  00000000
  10.287  2269 3894  76 1  0  0 0 0 0 0  00000000
  10.299  2269 3889  75 1  0  0 0 0 0 0  00000000
  10.312  2269 3884  75 1  0  0 0 0 0 0  00000000
  10.324  2269 3878  76 1  0  0 0 0 0 0  00000000
  10.336  2269 3876  75 1  0  0 0 0 0 0  00000000
  10.349  2269 3874  75 1  0  0 0 0 0 0  00000000
  10.360  2268 3872  75 1  0  0 0 0 0 0  00000000
  10.373  2268 3867  75 1  0  0 0 0 0 0  00000000
  10.386  2266 3862  75 1  0  0 0 0 0 0  00000000
  10.399  2266 3860  75 1  0  0 0 0 0 0  00000000
  10.411  2266 3858  74 1  0  0 0 0 0 0  00000000
  10.423  2266 3853  74 1  0  0 0 0 0 0  00000000
  10.436  2266 3848  75 1  0  0 0 0 0 0  00000000
  10.447  2266 3843  75 1  0  0 0 0 0 0  00000000
  10.461  2266 3837  75 1  0  0 0 0 0 0  00000000
  10.474  2266 3835  75 1  0  0 0 0 0 0  00000000
  10.486  2265 3833  75 1  0  0 0 0 0 0  00000000
  10.497  2264 3831  75 1  0  0 0 0 0 0  00000000
  10.509  2264 3829  75 1  0  0 0 0 0 0  00000000
  10.523  2264 3829  74 1  0  0 0 0 0 0  00000000
  10.534  2264 3829  75 1  0  0 0 0 0 0  00000000
  10.547  2264 3827  74 1  0  0 0 0 0 0  00000000
  10.559  2264 3827  75 1  0  0 0 0 0 0  00000000
  10.572  2264 3825  75 1  0  0 0 0 0 0  00000000
  10.622  2263 3825  75 1  0  0 0 0 0 0  00000000
  10.633  2263 3826  75 1  0  0 0 0 0 0  00000000
  10.647  2263 3832  75 1  0  0 0 0 0 0  00000000
  10.659  2263 3833  73 1  0  0 0 0 0 0  00000000
  10.670  2263 3834  73 1  0  0 0 0 0 0  00000000
  10.683  2298 3839  69 1  0  0 0 0 0 0  00000000
  10.696  2353 3840  61 1  0  0 0 0 0 0  00000000
  10.709  2420 3841  44 1  0  0 0 0 0 0  00000000
  10.720  2420 3841   0 0  0  0 0 0 0 0  00000000
  10.907  3909 3135  66 1  0  0 0 0 0 0  00000000
  10.919  3907 3135  64 1  0  0 0 0 0 0  00000000
  10.931  3905 3135  67 1  0  0 0 0 0 0  00000000
  10.944  3904 3135  67 1  0  0 0 0 0 0  00000000
  10.969  3904 3135  68 1  0  0 0 0 0 0  00000000
  10.993  3905 3135  68 1  0  0 0 0 0 0  00000000
  11.006  3906 3135  67 1  0  0 0 0 0 0  00000000
  11.018  3910 3136  67 1  0  0 0 0 0 0  00000000
  11.031  3911 3137  68 1  0  0 0 0 0 0  00000000
  11.044  3912 3137  68 1  0  0 0 0 0 0  00000000
  11.056  3913 3138  68 1  0  0 0 0 0 0  00000000
  11.068  3913 3139  68 1  0  0 0 0 0 0  00000000
  11.081  3914 3139  68 1  0  0 0 0 0 0  00000000
  11.119  3914 3140  68 1  0  0 0 0 0 0  00000000
  11.131  3914 3144  67 1  0  0 0 0 0 0  00000000
  11.142  3914 3145  68 1  0  0 0 0 0 0  00000000
  11.155  3914 3149  67 1  0  0 0 0 0 0  00000000
  11.168  3914 3150  66 1  0  0 0 0 0 0  00000000
  11.179  3918 3151  64 1  0  0 0 0 0 0  00000000
  11.192  3951 3180  59 1  0  0 0 0 0 0  00000000
  11.204  3996 3178  44 1  0  0 0 0 0 0  00000000
  11.216  3996 3178   0 0  0  0 0 0 0 0  00000000
