time	 y	 z	 f	 w	 l	 r	 u	 d	 m	 multi
   0.000  1964 4055   0 0  0  0 0 0 0 0  00000000
   1.520  3713 2751  72 1  0  0 0 0 0 0  00000000
   1.539  3713 2751  77 1  0  0 0 0 0 0  00000000
   1.558  3713 2750  78 1  0  0 0 0 0 0  00000000
   1.569  3713 2748  77 1  0  0 0 0 0 0  00000000
   1.595  3713 2746  76 1  0  0 0 0 0 0  00000000
   1.607  3713 2742  76 1  0  0 0 0 0 0  00000000
   1.619  3746 2742  73 1  0  0 0 0 0 0  00000000
   1.631  3775 2743  67 1  0  0 0 0 0 0  00000000
   1.644  3815 2776  56 1  0  0 0 0 0 0  00000000
   1.656  3815 2776   0 0  0  0 0 0 0 0  00000000
   1.830  2302 3770  44 1  0  0 0 0 0 0  00000000
   1.843  2202 3730  79 1  0  0 0 0 0 0  00000000
   1.854  2202 3730  85 1  0  0 0 0 0 0  00000000
   1.880  2203 3726  87 1  0  0 0 0 0 0  00000000
   1.893  2204 3724  87 1  0  0 0 0 0 0  00000000
   1.905  2205 3719  85 1  0  0 0 0 0 0  00000000
   1.918  2206 3717  85 1  0  0 0 0 0 0  00000000
   1.930  2206 3712  81 1  0  0 0 0 0 0  00000000
   1.942  2206 3710  79 1  0  0 0 0 0 0  00000000
   1.954  2206 3710  69 1  0  0 0 0 0 0  00000000
   1.966  2207 3710  62 1  0  0 0 0 0 0  00000000
   1.978  2208 3746  47 1  0  0 0 0 0 0  00000000
   1.990  2208 3746   0 0  0  0 0 0 0 0  00000000
   2.103  3637 2587  79 1  0  0 0 0 0 0  00000000
   2.116  3637 2571  77 1  0  0 0 0 0 0  00000000
   2.129  3637 2571  79 1  0  0 0 0 0 0  00000000
   2.141  3637 2572  79 1  0  0 0 0 0 0  00000000
   2.152  3637 2573  80 1  0  0 0 0 0 0  00000000
   2.161  3637 2574  80 1  0  0 0 0 0 0  00000000
   2.172  3637 2578  79 1  0  0 0 0 0 0  00000000
   2.215  3637 2578  78 1  0  0 0 0 0 0  00000000
   2.228  3637 2578  77 1  0  0 0 0 0 0  00000000
   2.240  3637 2578  76 1  0  0 0 0 0 0  00000000
   2.253  3641 2578  74 1  0  0 0 0 0 0  00000000
   2.265  3668 2574  66 1  0  0 0 0 0 0  00000000
   2.276  3724 2568  46 1  0  0 0 0 0 0  00000000
   2.288  3724 2568   0 0  0  0 0 0 0 0  00000000
   2.313  2202 3834  79 1  0  0 0 0 0 0  00000000
   2.327  2198 3812  80 1  0  0 0 0 0 0  00000000
   2.340  2192 3812  82 1  0  0 0 0 0 0  00000000
   2.351  2190 3812  83 1  0  0 0 0 0 0  00000000
   2.363  2188 3812  82 1  0  0 0 0 0 0  00000000
   2.376  2187 3812  82 1  0  0 0 0 0 0  00000000
   2.388  2187 3812  80 1  0  0 0 0 0 0  00000000
   2.400  2187 3812  79 1  0  0 0 0 0 0  00000000
   2.414  2187 3812  77 1  0  0 0 0 0 0  00000000
   2.426  2182 3813  75 1  0  0 0 0 0 0  00000000
   2.438  2181 3836  71 1  0  0 0 0 0 0  00000000
   2.450  2181 3865  65 1  0  0 0 0 0 0  00000000
   2.462  2181 3866  57 1  0  0 0 0 0 0  00000000
   2.476  2143 3904  41 1  0  0 0 0 0 0  00000000
   2.486  2143 3904   0 0  0  0 0 0 0 0  00000000
   2.550  3729 2743  55 1  0  0 0 0 0 0  00000000
   2.562  3675 2739  77 1  0  0 0 0 0 0  00000000
   2.574  3675 2737  79 1  0  0 0 0 0 0  00000000
   2.588  3675 2735  80 1  0  0 0 0 0 0  00000000
   2.637  3676 2739  80 1  0  0 0 0 0 0  00000000
   2.649  3677 2744  80 1  0  0 0 0 0 0  00000000
   2.662  3678 2766  78 1  0  0 0 0 0 0  00000000
   2.673  3679 2766  77 1  0  0 0 0 0 0  00000000
   2.686  3701 2766  73 1  0  0 0 0 0 0  00000000
   2.699  3701 2766  70 1  0  0 0 0 0 0  00000000
   2.711  3738 2767  61 1  0  0 0 0 0 0  00000000
   2.723  3739 2767  45 1  0  0 0 0 0 0  00000000
   2.735  3739 2767   0 0  0  0 0 0 0 0  00000000
   2.785  2111 3940  78 1  0  0 0 0 0 0  00000000
   2.797  2111 3940  77 1  0  0 0 0 0 0  00000000
   2.810  2109 3940  80 1  0  0 0 0 0 0  00000000
   2.823  2107 3939  80 1  0  0 0 0 0 0  00000000
   2.835  2105 3937  80 1  0  0 0 0 0 0  00000000
   2.848  2104 3937  79 1  0  0 0 0 0 0  00000000
   2.860  2100 3933  80 1  0  0 0 0 0 0  00000000
   2.872  2099 3932  79 1  0  0 0 0 0 0  00000000
   2.885  2099 3931  78 1  0  0 0 0 0 0  00000000
   2.910  2099 3931  79 1  0  0 0 0 0 0  00000000
   2.934  2099 3931  78 1  0  0 0 0 0 0  00000000
   2.946  2099 3932  78 1  0  0 0 0 0 0  00000000
   2.959  2099 3933  79 1  0  0 0 0 0 0  00000000
   2.971  2099 3937  79 1  0  0 0 0 0 0  00000000
   2.984  2099 3938  79 1  0  0 0 0 0 0  00000000
   2.996  2099 3939  78 1  0  0 0 0 0 0  00000000
   3.009  2099 3940  77 1  0  0 0 0 0 0  00000000
   3.021  2099 3940  74 1  0  0 0 0 0 0  00000000
   3.034  2103 3940  68 1  0  0 0 0 0 0  00000000
   3.046  2160 3940  53 1  0  0 0 0 0 0  00000000
   3.059  3687 2792  76 1  0  0 0 0 0 0  00000000
   3.070  3687 2790  77 1  0  0 0 0 0 0  00000000
   3.080  3687 2788  77 1  0  0 0 0 0 0  00000000
   3.090  3687 2786  78 1  0  0 0 0 0 0  00000000
   3.108  3687 2784  79 1  0  0 0 0 0 0  00000000
   3.121  3688 2784  79 1  0  0 0 0 0 0  00000000
   3.134  3689 2784  78 1  0  0 0 0 0 0  00000000
   3.144  3690 2784  78 1  0  0 0 0 0 0  00000000
   3.154  3691 2784  78 1  0  0 0 0 0 0  00000000
   3.164  3692 2784  77 1  0  0 0 0 0 0  00000000
   3.183  3716 2784  77 1  0  0 0 0 0 0  00000000
   3.208  3717 2785  75 1  0  0 0 0 0 0  00000000
   3.220  3717 2786  76 1  0  0 0 0 0 0  00000000
   3.232  3718 2790  75 1  0  0 0 0 0 0  00000000
   3.245  3723 2791  74 1  0  0 0 0 0 0  00000000
   3.258  3729 2784  74 1  0  0 0 0 0 0  00000000
   3.270  3760 2778  74 1  0  0 0 0 0 0  00000000
   3.282  3760 2772  74 1  0  0 0 0 0 0  00000000
   3.296  3760 2767  73 1  0  0 0 0 0 0  00000000
   3.308  3761 2761  73 1  0  0 0 0 0 0  00000000
   3.319  3766 2735  74 1  0  0 0 0 0 0  00000000
   3.331  3771 2734  73 1  0  0 0 0 0 0  00000000
   3.344  3772 2734  74 1  0  0 0 0 0 0  00000000
   3.356  3773 2734  73 1  0  0 0 0 0 0  00000000
   3.369  3774 2734  70 1  0  0 0 0 0 0  00000000
   3.380  3775 2761  65 1  0  0 0 0 0 0  00000000
   3.394  3775 2799  53 1  0  0 0 0 0 0  00000000
   3.407  3775 2799   0 0  0  0 0 0 0 0  00000000
   3.517  3643 2996  76 1  0  0 0 0 0 0  00000000
   3.530  3639 2965  79 1  0  0 0 0 0 0  00000000
   3.542  3635 2963  81 1  0  0 0 0 0 0  00000000
   3.555  3629 2963  83 1  0  0 0 0 0 0  00000000
   3.567  3627 2963  83 1  0  0 0 0 0 0  00000000
   3.580  3626 2985  83 1  0  0 0 0 0 0  00000000
   3.592  3624 2986  83 1  0  0 0 0 0 0  00000000
   3.605  3623 3011  83 1  0  0 0 0 0 0  00000000
   3.617  3623 3011  82 1  0  0 0 0 0 0  00000000
   3.629  3623 3012  80 1  0  0 0 0 0 0  00000000
   3.642  3623 3013  80 1  0  0 0 0 0 0  00000000
   3.667  3623 3013  79 1  0  0 0 0 0 0  00000000
   3.692  3623 3009  78 1  0  0 0 0 0 0  00000000
   3.705  3623 2981  78 1  0  0 0 0 0 0  00000000
   3.716  3644 2957  75 1  0  0 0 0 0 0  00000000
   3.728  3671 2928  74 1  0  0 0 0 0 0  00000000
   3.741  3672 2878  71 1  0  0 0 0 0 0  00000000
   3.754  3723 2832  59 1  0  0 0 0 0 0  00000000
   3.765  3723 2832   0 0  0  0 0 0 0 0  00000000
   3.802  2212 3913  77 1  0  0 0 0 0 0  00000000
   3.815  2212 3886  76 1  0  0 0 0 0 0  00000000
   3.829  2210 3885  80 1  0  0 0 0 0 0  00000000
   3.839  2206 3863  81 1  0  0 0 0 0 0  00000000
   3.853  2204 3863  80 1  0  0 0 0 0 0  00000000
   3.864  2203 3863  77 1  0  0 0 0 0 0  00000000
   3.877  2219 3864  78 1  0  0 0 0 0 0  00000000
   3.890  2219 3892  74 1  0  0 0 0 0 0  00000000
   3.902  2220 3911  73 1  0  0 0 0 0 0  00000000
   3.915  2251 3928  71 1  0  0 0 0 0 0  00000000
   3.927  2251 3945  70 1  0  0 0 0 0 0  00000000
   3.940  2251 3968  68 1  0  0 0 0 0 0  00000000
   3.951  2251 3968  67 1  0  0 0 0 0 0  00000000
   3.964  2251 3969  67 1  0  0 0 0 0 0  00000000
   3.977  2251 3970  67 1  0  0 0 0 0 0  00000000
   3.989  2251 3971  68 1  0  0 0 0 0 0  00000000
   4.002  2251 3972  69 1  0  0 0 0 0 0  00000000
   4.014  2251 3973  68 1  0  0 0 0 0 0  00000000
   4.026  2251 3974  67 1  0  0 0 0 0 0  00000000
   4.050  2251 3974  64 1  0  0 0 0 0 0  00000000
   4.063  2274 3972  58 1  0  0 0 0 0 0  00000000
   4.076  2312 3945  45 1  0  0 0 0 0 0  00000000
   4.088  2312 3945   0 0  0  0 0 0 0 0  00000000
   4.101  3728 2941  75 1  0  0 0 0 0 0  00000000
   4.113  3726 2941  69 1  0  0 0 0 0 0  00000000
   4.123  3725 2941  69 1  0  0 0 0 0 0  00000000
   4.138  3725 2941  72 1  0  0 0 0 0 0  00000000
   4.163  3725 2925  73 1  0  0 0 0 0 0  00000000
   4.175  3726 2925  73 1  0  0 0 0 0 0  00000000
   4.188  3727 2923  72 1  0  0 0 0 0 0  00000000
   4.201  3728 2893  71 1  0  0 0 0 0 0  00000000
   4.213  3749 2893  71 1  0  0 0 0 0 0  00000000
   4.226  3749 2891  71 1  0  0 0 0 0 0  00000000
   4.239  3749 2866  70 1  0  0 0 0 0 0  00000000
   4.249  3750 2864  68 1  0  0 0 0 0 0  00000000
   4.263  3754 2844  68 1  0  0 0 0 0 0  00000000
   4.275  3755 2826  68 1  0  0 0 0 0 0  00000000
   4.288  3755 2804  67 1  0  0 0 0 0 0  00000000
   4.300  3717 2771  66 1  0  0 0 0 0 0  00000000
   4.312  3679 2728  65 1  0  0 0 0 0 0  00000000
   4.324  3626 2666  64 1  0  0 0 0 0 0  00000000
   4.337  3592 2589  60 1  0  0 0 0 0 0  00000000
   4.361  1929 3503  64 1  0  0 0 0 0 0  00000000
   4.374  1910 3478  69 1  0  0 0 0 0 0  00000000
   4.386  1910 3478  68 1  0  0 0 0 0 0  00000000
   4.398  1910 3478  69 1  0  0 0 0 0 0  00000000
   4.412  1910 3479  68 1  0  0 0 0 0 0  00000000
   4.423  1910 3523  67 1  0  0 0 0 0 0  00000000
   4.437  1911 3571  65 1  0  0 0 0 0 0  00000000
   4.448  1941 3619  62 1  0  0 0 0 0 0  00000000
   4.460  1966 3662  63 1  0  0 0 0 0 0  00000000
   4.473  1967 3704  61 1  0  0 0 0 0 0  00000000
   4.486  2007 3756  60 1  0  0 0 0 0 0  00000000
   4.497  2026 3782  60 1  0  0 0 0 0 0  00000000
   4.510  2026 3783  58 1  0  0 0 0 0 0  00000000
   4.522  2026 3787  54 1  0  0 0 0 0 0  00000000
   4.534  2005 3788  42 1  0  0 0 0 0 0  00000000
   4.546  2005 3788   0 0  0  0 0 0 0 0  00000000
   4.746  3679 3164  71 1  0  0 0 0 0 0  00000000
   4.758  3679 3140  71 1  0  0 0 0 0 0  00000000
   4.771  3679 3138  72 1  0  0 0 0 0 0  00000000
   4.797  3679 3138  73 1  0  0 0 0 0 0  00000000
   4.820  3679 3139  73 1  0  0 0 0 0 0  00000000
   4.833  3679 3144  73 1  0  0 0 0 0 0  00000000
   4.845  3679 3145  73 1  0  0 0 0 0 0  00000000
   4.858  3679 3146  74 1  0  0 0 0 0 0  00000000
   4.871  3679 3147  74 1  0  0 0 0 0 0  00000000
   4.883  3679 3148  74 1  0  0 0 0 0 0  00000000
   4.894  3697 3153  73 1  0  0 0 0 0 0  00000000
   4.907  3697 3154  73 1  0  0 0 0 0 0  00000000
   4.919  3697 3155  73 1  0  0 0 0 0 0  00000000
   4.932  3714 3161  69 1  0  0 0 0 0 0  00000000
   4.944  3715 3205  59 1  0  0 0 0 0 0  00000000
   4.958  3715 3205   0 0  0  0 0 0 0 0  00000000
   5.093  1606 4374  49 1  0  0 0 0 0 0  00000000
   5.105  1606 4310  52 1  0  0 0 0 0 0  00000000
   5.118  1606 4294  53 1  0  0 0 0 0 0  00000000
   5.131  1606 4292  53 1  0  0 0 0 0 0  00000000
   5.142  1606 4290  53 1  0  0 0 0 0 0  00000000
   5.168  1601 4309  52 1  0  0 0 0 0 0  00000000
   5.181  1600 4344  50 1  0  0 0 0 0 0  00000000
   5.192  1596 4400  48 1  0  0 0 0 0 0  00000000
   5.205  1568 4497  42 1  0  0 0 0 0 0  00000000
   5.217  1568 4497   0 0  0  0 0 0 0 0  00000000
   5.404  3296 3221  67 1  0  0 0 0 0 0  00000000
   5.416  3278 3154  70 1  0  0 0 0 0 0  00000000
   5.428  3278 3150  72 1  0  0 0 0 0 0  00000000
   5.442  3295 3116  74 1  0  0 0 0 0 0  00000000
   5.454  3295 3116  75 1  0  0 0 0 0 0  00000000
   5.466  3295 3114  75 1  0  0 0 0 0 0  00000000
   5.478  3295 3112  75 1  0  0 0 0 0 0  00000000
   5.491  3295 3108  74 1  0  0 0 0 0 0  00000000
   5.503  3295 3107  75 1  0  0 0 0 0 0  00000000
   5.516  3295 3106  75 1  0  0 0 0 0 0  00000000
   5.528  3296 3104  74 1  0  0 0 0 0 0  00000000
   5.540  3297 3102  74 1  0  0 0 0 0 0  00000000
   5.553  3303 3098  75 1  0  0 0 0 0 0  00000000
   5.565  3304 3096  74 1  0  0 0 0 0 0  00000000
   5.577  3305 3091  73 1  0  0 0 0 0 0  00000000
   5.590  3306 3085  74 1  0  0 0 0 0 0  00000000
   5.602  3307 3079  75 1  0  0 0 0 0 0  00000000
   5.614  3307 3077  75 1  0  0 0 0 0 0  00000000
   5.628  3307 3071  74 1  0  0 0 0 0 0  00000000
   5.639  3308 3050  75 1  0  0 0 0 0 0  00000000
   5.653  3312 3050  75 1  0  0 0 0 0 0  00000000
   5.664  3313 3050  74 1  0  0 0 0 0 0  00000000
   5.677  3317 3046  75 1  0  0 0 0 0 0  00000000
   5.689  3321 3042  75 1  0  0 0 0 0 0  00000000
   5.702  3322 3037  76 1  0  0 0 0 0 0  00000000
   5.713  3323 3032  76 1  0  0 0 0 0 0  00000000
   5.726  3327 3030  75 1  0  0 0 0 0 0  00000000
   5.739  3328 3028  75 1  0  0 0 0 0 0  00000000
   5.751  3328 3026  75 1  0  0 0 0 0 0  00000000
   5.764  3329 3025  75 1  0  0 0 0 0 0  00000000
   5.776  3329 3023  76 1  0  0 0 0 0 0  00000000
   5.789  3329 3021  75 1  0  0 0 0 0 0  00000000
   5.801  3330 3021  75 1  0  0 0 0 0 0  00000000
   5.814  3330 3019  75 1  0  0 0 0 0 0  00000000
   5.825  3331 3019  75 1  0  0 0 0 0 0  00000000
   5.837  3331 3018  75 1  0  0 0 0 0 0  00000000
   5.850  3331 3016  76 1  0  0 0 0 0 0  00000000
   5.863  3331 3016  75 1  0  0 0 0 0 0  00000000
   5.875  3332 3014  75 1  0  0 0 0 0 0  00000000
   5.888  3332 3012  75 1  0  0 0 0 0 0  00000000
   5.900  3332 3010  76 1  0  0 0 0 0 0  00000000
   5.912  3332 3009  76 1  0  0 0 0 0 0  00000000
   5.925  3332 3009  75 1  0  0 0 0 0 0  00000000
   5.937  3332 3009  76 1  0  0 0 0 0 0  00000000
   5.988  3333 3009  75 1  0  0 0 0 0 0  00000000
   6.000  3334 3009  76 1  0  0 0 0 0 0  00000000
   6.012  3335 3009  75 1  0  0 0 0 0 0  00000000
   6.025  3336 3009  75 1  0  0 0 0 0 0  00000000
   6.037  3336 3004  75 1  0  0 0 0 0 0  00000000
   6.050  3337 3003  76 1  0  0 0 0 0 0  00000000
   6.060  3338 3003  75 1  0  0 0 0 0 0  00000000
   6.073  3338 3003  76 1  0  0 0 0 0 0  00000000
   6.086  3339 3003  75 1  0  0 0 0 0 0  00000000
   6.098  3340 3001  76 1  0  0 0 0 0 0  00000000
   6.111  3341 2999  75 1  0  0 0 0 0 0  00000000
   6.124  3342 2997  76 1  0  0 0 0 0 0  00000000
   6.136  3342 2997  75 1  0  0 0 0 0 0  00000000
   6.149  3343 2997  75 1  0  0 0 0 0 0  00000000
   6.160  3343 2997  74 1  0  0 0 0 0 0  00000000
   6.173  3344 2997  75 1  0  0 0 0 0 0  00000000
   6.186  3344 2997  76 1  0  0 0 0 0 0  00000000
   6.198  3344 2998  76 1  0  0 0 0 0 0  00000000
   6.211  3344 2999  75 1  0  0 0 0 0 0  00000000
   6.223  3344 3000  74 1  0  0 0 0 0 0  00000000
   6.235  3345 3000  74 1  0  0 0 0 0 0  00000000
   6.248  3349 3000  72 1  0  0 0 0 0 0  00000000
   6.260  3371 3000  68 1  0  0 0 0 0 0  00000000
   6.272  3371 3000   0 0  0  0 0 0 0 0  00000000
   6.582  2453 3115  77 1  0  0 0 0 0 0  00000000
   6.595  2453 3076  74 1  0  0 0 0 0 0  00000000
   6.608  2433 3076  80 1  0  0 0 0 0 0  00000000
   6.621  2433 3076  82 1  0  0 0 0 0 0  00000000
   6.633  2433 3076  83 1  0  0 0 0 0 0  00000000
   6.657  2433 3076  84 1  0  0 0 0 0 0  00000000
   6.669  2433 3074  85 1  0  0 0 0 0 0  00000000
   6.682  2433 3070  85 1  0  0 0 0 0 0  00000000
   6.694  2433 3065  84 1  0  0 0 0 0 0  00000000
   6.707  2433 3063  83 1  0  0 0 0 0 0  00000000
   6.719  2433 3061  84 1  0  0 0 0 0 0  00000000
   6.731  2433 3061  83 1  0  0 0 0 0 0  00000000
   6.744  2433 3056  85 1  0  0 0 0 0 0  00000000
   6.757  2433 3055  84 1  0  0 0 0 0 0  00000000
   6.769  2433 3055  85 1  0  0 0 0 0 0  00000000
   6.782  2433 3054  85 1  0  0 0 0 0 0  00000000
   6.830  2433 3054  84 1  0  0 0 0 0 0  00000000
   6.843  2433 3054  85 1  0  0 0 0 0 0  00000000
   6.868  2433 3054  84 1  0  0 0 0 0 0  00000000
   6.880  2433 3052  85 1  0  0 0 0 0 0  00000000
   6.893  2433 3052  84 1  0  0 0 0 0 0  00000000
   6.905  2433 3050  84 1  0  0 0 0 0 0  00000000
   6.931  2433 3050  85 1  0  0 0 0 0 0  00000000
   6.992  2433 3051  85 1  0  0 0 0 0 0  00000000
   7.004  2433 3052  85 1  0  0 0 0 0 0  00000000
   7.016  2433 3053  85 1  0  0 0 0 0 0  00000000
   7.030  2431 3058  87 1  0  0 0 0 0 0  00000000
   7.042  2429 3063  86 1  0  0 0 0 0 0  00000000
   7.054  2427 3067  87 1  0  0 0 0 0 0  00000000
   7.066  2427 3090  87 1  0  0 0 0 0 0  00000000
   7.079  2427 3090  88 1  0  0 0 0 0 0  00000000
   7.090  2426 3090  88 1  0  0 0 0 0 0  00000000
   7.140  2426 3091  88 1  0  0 0 0 0 0  00000000
   7.153  2426 3092  87 1  0  0 0 0 0 0  00000000
   7.166  2426 3093  88 1  0  0 0 0 0 0  00000000
   7.177  2426 3099  87 1  0  0 0 0 0 0  00000000
   7.191  2427 3100  86 1  0  0 0 0 0 0  00000000
   7.204  2427 3101  85 1  0  0 0 0 0 0  00000000
   7.215  2428 3102  84 1  0  0 0 0 0 0  00000000
   7.228  2429 3108  81 1  0  0 0 0 0 0  00000000
   7.240  2430 3109  78 1  0  0 0 0 0 0  00000000
   7.253  2456 3110  69 1  0  0 0 0 0 0  00000000
   7.265  2456 3110   0 0  0  0 0 0 0 0  00000000
   7.475  3686 2434  71 1  0  0 0 0 0 0  00000000
   7.487  3652 2389  69 1  0  0 0 0 0 0  00000000
   7.501  3652 2389  72 1  0  0 0 0 0 0  00000000
   7.512  3652 2390  73 1  0  0 0 0 0 0  00000000
   7.525  3652 2391  73 1  0  0 0 0 0 0  00000000
   7.539  3652 2395  73 1  0  0 0 0 0 0  00000000
   7.551  3652 2399  72 1  0  0 0 0 0 0  00000000
   7.563  3652 2404  72 1  0  0 0 0 0 0  00000000
   7.575  3652 2405  70 1  0  0 0 0 0 0  00000000
   7.588  3653 2409  65 1  0  0 0 0 0 0  00000000
   7.601  3692 2410  55 1  0  0 0 0 0 0  00000000
   7.613  3692 2410   0 0  0  0 0 0 0 0  00000000
   7.774  2085 3443  88 1  0  0 0 0 0 0  00000000
   7.787  2083 3409  84 1  0  0 0 0 0 0  00000000
   7.800  2081 3409  89 1  0  0 0 0 0 0  00000000
   7.810  2077 3407  89 1  0  0 0 0 0 0  00000000
   7.823  2075 3383  88 1  0  0 0 0 0 0  00000000
   7.835  2075 3383  86 1  0  0 0 0 0 0  00000000
   7.848  2076 3384  85 1  0  0 0 0 0 0  00000000
   7.860  2080 3390  82 1  0  0 0 0 0 0  00000000
   7.873  2110 3422  79 1  0  0 0 0 0 0  00000000
   7.886  2126 3423  71 1  0  0 0 0 0 0  00000000
   7.897  2194 3466  48 1  0  0 0 0 0 0  00000000
   7.909  2194 3466   0 0  0  0 0 0 0 0  00000000
   8.034  3643 2212  70 1  0  0 0 0 0 0  00000000
   8.047  3608 2165  70 1  0  0 0 0 0 0  00000000
   8.059  3608 2166  73 1  0  0 0 0 0 0  00000000
   8.071  3608 2167  74 1  0  0 0 0 0 0  00000000
   8.084  3607 2168  73 1  0  0 0 0 0 0  00000000
   8.096  3607 2169  74 1  0  0 0 0 0 0  00000000
   8.109  3607 2169  73 1  0  0 0 0 0 0  00000000
   8.120  3607 2169  71 1  0  0 0 0 0 0  00000000
   8.133  3607 2168  68 1  0  0 0 0 0 0  00000000
   8.145  3614 2168  62 1  0  0 0 0 0 0  00000000
   8.158  3620 2169  46 1  0  0 0 0 0 0  00000000
   8.170  3620 2169   0 0  0  0 0 0 0 0  00000000
   8.294  2198 3322  58 1  0  0 0 0 0 0  00000000
   8.306  2114 3322  84 1  0  0 0 0 0 0  00000000
   8.320  2114 3322  89 1  0  0 0 0 0 0  00000000
   8.332  2114 3322  90 1  0  0 0 0 0 0  00000000
   8.344  2114 3320  89 1  0  0 0 0 0 0  00000000
   8.357  2115 3319  87 1  0  0 0 0 0 0  00000000
   8.369  2146 3319  84 1  0  0 0 0 0 0  00000000
   8.382  2183 3319  80 1  0  0 0 0 0 0  00000000
   8.394  2230 3323  70 1  0  0 0 0 0 0  00000000
   8.406  2325 3363  43 1  0  0 0 0 0 0  00000000
   8.418  2325 3363   0 0  0  0 0 0 0 0  00000000
   8.581  3581 2227  79 1  0  0 0 0 0 0  00000000
   8.593  3579 2153  71 1  0  0 0 0 0 0  00000000
   8.605  3577 2153  73 1  0  0 0 0 0 0  00000000
   8.629  3577 2153  71 1  0  0 0 0 0 0  00000000
   8.642  3577 2153  69 1  0  0 0 0 0 0  00000000
   8.654  3606 2170  65 1  0  0 0 0 0 0  00000000
   8.679  3606 2170   0 0  0  0 0 0 0 0  00000000
   8.891  2036 3585  87 1  0  0 0 0 0 0  00000000
   8.902  2036 3557  86 1  0  0 0 0 0 0  00000000
   8.915  2036 3557  87 1  0  0 0 0 0 0  00000000
   8.928  2035 3557  90 1  0  0 0 0 0 0  00000000
   8.940  2035 3557  91 1  0  0 0 0 0 0  00000000
   8.953  2035 3556  90 1  0  0 0 0 0 0  00000000
   8.965  2035 3554  89 1  0  0 0 0 0 0  00000000
   8.974  2035 3552  89 1  0  0 0 0 0 0  00000000
   8.990  2035 3547  88 1  0  0 0 0 0 0  00000000
   9.002  2035 3542  86 1  0  0 0 0 0 0  00000000
   9.014  2035 3540  87 1  0  0 0 0 0 0  00000000
   9.027  2035 3534  87 1  0  0 0 0 0 0  00000000
   9.039  2035 3532  86 1  0  0 0 0 0 0  00000000
   9.051  2035 3532  87 1  0  0 0 0 0 0  00000000
   9.064  2035 3530  89 1  0  0 0 0 0 0  00000000
   9.076  2035 3530  90 1  0  0 0 0 0 0  00000000
   9.089  2035 3531  90 1  0  0 0 0 0 0  00000000
   9.101  2035 3535  90 1  0  0 0 0 0 0  00000000
   9.114  2035 3536  91 1  0  0 0 0 0 0  00000000
   9.126  2035 3540  91 1  0  0 0 0 0 0  00000000
   9.139  2035 3541  91 1  0  0 0 0 0 0  00000000
   9.152  2035 3542  91 1  0  0 0 0 0 0  00000000
   9.163  2034 3542  91 1  0  0 0 0 0 0  00000000
   9.176  2034 3542  92 1  0  0 0 0 0 0  00000000
   9.201  2034 3542  91 1  0  0 0 0 0 0  00000000
   9.225  2034 3540  92 1  0  0 0 0 0 0  00000000
   9.238  2034 3539  92 1  0  0 0 0 0 0  00000000
   9.250  2034 3539  93 1  0  0 0 0 0 0  00000000
   9.263  2032 3539  94 1  0  0 0 0 0 0  00000000
   9.276  2031 3539  93 1  0  0 0 0 0 0  00000000
   9.289  2031 3540  94 1  0  0 0 0 0 0  00000000
   9.301  2031 3541  93 1  0  0 0 0 0 0  00000000
   9.313  2031 3541  94 1  0  0 0 0 0 0  00000000
   9.326  2031 3541  93 1  0  0 0 0 0 0  00000000
   9.337  2031 3541  95 1  0  0 0 0 0 0  00000000
   9.351  2029 3539  95 1  0  0 0 0 0 0  00000000
   9.362  2027 3538  95 1  0  0 0 0 0 0  00000000
   9.374  2027 3536  94 1  0  0 0 0 0 0  00000000
   9.387  2027 3531  96 1  0  0 0 0 0 0  00000000
   9.400  2027 3526  94 1  0  0 0 0 0 0  00000000
   9.412  2027 3524  94 1  0  0 0 0 0 0  00000000
   9.423  2027 3504  95 1  0  0 0 0 0 0  00000000
   9.449  2027 3503  95 1  0  0 0 0 0 0  00000000
   9.473  2027 3503  93 1  0  0 0 0 0 0  00000000
   9.486  2027 3503  92 1  0  0 0 0 0 0  00000000
   9.499  2027 3501  94 1  0  0 0 0 0 0  00000000
   9.510  2027 3501  93 1  0  0 0 0 0 0  00000000
   9.524  2027 3497  93 1  0  0 0 0 0 0  00000000
   9.537  2027 3495  93 1  0  0 0 0 0 0  00000000
   9.547  2027 3495  94 1  0  0 0 0 0 0  00000000
   9.560  2027 3495  95 1  0  0 0 0 0 0  00000000
   9.586  2027 3495  94 1  0  0 0 0 0 0  00000000
   9.598  2027 3496  94 1  0  0 0 0 0 0  00000000
   9.610  2025 3517  95 1  0  0 0 0 0 0  00000000
   9.623  2024 3515  94 1  0  0 0 0 0 0  00000000
   9.635  2024 3515  95 1  0  0 0 0 0 0  00000000
   9.647  2024 3515  92 1  0  0 0 0 0 0  00000000
   9.659  2024 3515  94 1  0  0 0 0 0 0  00000000
   9.671  2024 3515  95 1  0  0 0 0 0 0  00000000
   9.684  2024 3515  94 1  0  0 0 0 0 0  00000000
   9.709  2024 3516  95 1  0  0 0 0 0 0  00000000
   9.723  2024 3517  95 1  0  0 0 0 0 0  00000000
   9.733  2024 3518  94 1  0  0 0 0 0 0  00000000
   9.746  2020 3519  95 1  0  0 0 0 0 0  00000000
   9.759  2020 3519  93 1  0  0 0 0 0 0  00000000
   9.771  2020 3519  94 1  0  0 0 0 0 0  00000000
   9.808  2020 3523  92 1  0  0 0 0 0 0  00000000
   9.821  2020 3528  93 1  0  0 0 0 0 0  00000000
   9.833  2020 3533  93 1  0  0 0 0 0 0  00000000
   9.846  2020 3538  94 1  0  0 0 0 0 0  00000000
   9.859  2020 3560  94 1  0  0 0 0 0 0  00000000
   9.870  2020 3560  95 1  0  0 0 0 0 0  00000000
   9.883  2020 3561  94 1  0  0 0 0 0 0  00000000
   9.895  2020 3562  94 1  0  0 0 0 0 0  00000000
   9.907  2020 3567  93 1  0  0 0 0 0 0  00000000
   9.920  2020 3589  94 1  0  0 0 0 0 0  00000000
   9.932  2020 3589  93 1  0  0 0 0 0 0  00000000
   9.946  2020 3590  90 1  0  0 0 0 0 0  00000000
   9.957  2024 3613  86 1  0  0 0 0 0 0  00000000
   9.970  2049 3631  79 1  0  0 0 0 0 0  00000000
   9.982  2086 3694  62 1  0  0 0 0 0 0  00000000
   9.994  2086 3694   0 0  0  0 0 0 0 0  00000000
  10.156  3559 2888  77 1  0  0 0 0 0 0  00000000
  10.169  3559 2864  73 1  0  0 0 0 0 0  00000000
  10.180  3559 2864  77 1  0  0 0 0 0 0  00000000
  10.193  3557 2862  77 1  0  0 0 0 0 0  00000000
  10.205  3555 2861  78 1  0  0 0 0 0 0  00000000
  10.218  3553 2861  78 1  0  0 0 0 0 0  00000000
  10.231  3548 2861  78 1  0  0 0 0 0 0  00000000
  10.242  3546 2861  79 1  0  0 0 0 0 0  00000000
  10.255  3546 2861  78 1  0  0 0 0 0 0  00000000
  10.268  3546 2861  79 1  0  0 0 0 0 0  00000000
  10.279  3546 2861  78 1  0  0 0 0 0 0  00000000
  10.318  3546 2861  79 1  0  0 0 0 0 0  00000000
  10.329  3546 2859  79 1  0  0 0 0 0 0  00000000
  10.355  3546 2859  80 1  0  0 0 0 0 0  00000000
  10.379  3546 2857  79 1  0  0 0 0 0 0  00000000
  10.405  3546 2857  80 1  0  0 0 0 0 0  00000000
  10.417  3546 2857  79 1  0  0 0 0 0 0  00000000
  10.441  3546 2855  79 1  0  0 0 0 0 0  00000000
  10.455  3546 2853  80 1  0  0 0 0 0 0  00000000
  10.479  3546 2851  80 1  0  0 0 0 0 0  00000000
  10.492  3546 2849  80 1  0  0 0 0 0 0  00000000
  10.503  3546 2844  80 1  0  0 0 0 0 0  00000000
  10.516  3546 2842  81 1  0  0 0 0 0 0  00000000
  10.528  3546 2837  81 1  0  0 0 0 0 0  00000000
  10.541  3546 2836  80 1  0  0 0 0 0 0  00000000
  10.554  3547 2831  81 1  0  0 0 0 0 0  00000000
  10.565  3547 2829  80 1  0  0 0 0 0 0  00000000
  10.577  3547 2823  80 1  0  0 0 0 0 0  00000000
  10.591  3548 2821  80 1  0  0 0 0 0 0  00000000
  10.602  3549 2821  80 1  0  0 0 0 0 0  00000000
  10.615  3550 2821  80 1  0  0 0 0 0 0  00000000
  10.628  3551 2819  81 1  0  0 0 0 0 0  00000000
  10.640  3552 2819  80 1  0  0 0 0 0 0  00000000
  10.652  3552 2820  80 1  0  0 0 0 0 0  00000000
  10.665  3553 2824  78 1  0  0 0 0 0 0  00000000
  10.677  3578 2828  74 1  0  0 0 0 0 0  00000000
  10.690  3578 2850  59 1  0  0 0 0 0 0  00000000
  10.701  3578 2850   0 0  0  0 0 0 0 0  00000000
