time	 y	 z	 f	 w	 l	 r	 u	 d	 m	 multi
   0.000  4096 2612   0 0  0  0 0 0 0 0  00000000
   1.506  3889 2679  80 1  0  0 0 0 0 0  00000000
   1.532  3889 2625  82 1  0  0 0 0 0 0  00000000
   1.542  3889 2625  84 1  0  0 0 0 0 0  00000000
   1.568  3890 2625  85 1  0  0 0 0 0 0  00000000
   1.580  3891 2625  84 1  0  0 0 0 0 0  00000000
   1.606  3892 2625  83 1  0  0 0 0 0 0  00000000
   1.618  3893 2623  81 1  0  0 0 0 0 0  00000000
   1.630  3897 2624  79 1  0  0 0 0 0 0  00000000
   1.643  3921 2625  76 1  0  0 0 0 0 0  00000000
   1.654  3922 2647  70 1  0  0 0 0 0 0  00000000
   1.667  3941 2711  49 1  0  0 0 0 0 0  00000000
   1.679  3941 2711   0 0  0  0 0 0 0 0  00000000
   1.840  2461 3703  55 1  0  0 0 0 0 0  00000000
   1.853  2375 3699  76 1  0  0 0 0 0 0  00000000
   1.866  2375 3698  80 1  0  0 0 0 0 0  00000000
   1.903  2375 3698  79 1  0  0 0 0 0 0  00000000
   1.916  2373 3698  78 1  0  0 0 0 0 0  00000000
   1.928  2368 3698  78 1  0  0 0 0 0 0  00000000
   1.940  2362 3699  75 1  0  0 0 0 0 0  00000000
   1.953  2356 3700  69 1  0  0 0 0 0 0  00000000
   1.964  2349 3744  57 1  0  0 0 0 0 0  00000000
   1.978  2349 3744   0 0  0  0 0 0 0 0  00000000
   2.126  3844 2557  79 1  0  0 0 0 0 0  00000000
   2.139  3842 2511  75 1  0  0 0 0 0 0  00000000
   2.151  3838 2511  80 1  0  0 0 0 0 0  00000000
   2.164  3816 2511  82 1  0  0 0 0 0 0  00000000
   2.176  3817 2509  81 1  0  0 0 0 0 0  00000000
   2.188  3817 2509  82 1  0  0 0 0 0 0  00000000
   2.200  3821 2509  79 1  0  0 0 0 0 0  00000000
   2.212  3821 2509  81 1  0  0 0 0 0 0  00000000
   2.224  3837 2509  78 1  0  0 0 0 0 0  00000000
   2.238  3837 2509  76 1  0  0 0 0 0 0  00000000
   2.251  3837 2509  72 1  0  0 0 0 0 0  00000000
   2.263  3860 2509  67 1  0  0 0 0 0 0  00000000
   2.275  3898 2526  57 1  0  0 0 0 0 0  00000000
   2.287  3898 2526   0 0  0  0 0 0 0 0  00000000
   2.349  2240 3777  70 1  0  0 0 0 0 0  00000000
   2.361  2197 3777  78 1  0  0 0 0 0 0  00000000
   2.374  2197 3773  83 1  0  0 0 0 0 0  00000000
   2.387  2195 3767  85 1  0  0 0 0 0 0  00000000
   2.400  2193 3765  86 1  0  0 0 0 0 0  00000000
   2.411  2191 3760  84 1  0  0 0 0 0 0  00000000
   2.425  2191 3738  82 1  0  0 0 0 0 0  00000000
   2.436  2189 3738  81 1  0  0 0 0 0 0  00000000
   2.448  2188 3738  79 1  0  0 0 0 0 0  00000000
   2.461  2188 3738  75 1  0  0 0 0 0 0  00000000
   2.472  2188 3742  70 1  0  0 0 0 0 0  00000000
   2.485  2213 3771  58 1  0  0 0 0 0 0  00000000
   2.497  2213 3771   0 0  0  0 0 0 0 0  00000000
   2.610  3785 2555  46 1  0  0 0 0 0 0  00000000
   2.622  3707 2555  79 1  0  0 0 0 0 0  00000000
   2.635  3707 2554  78 1  0  0 0 0 0 0  00000000
   2.647  3707 2554  80 1  0  0 0 0 0 0  00000000
   2.660  3708 2554  81 1  0  0 0 0 0 0  00000000
   2.673  3709 2554  81 1  0  0 0 0 0 0  00000000
   2.684  3710 2554  80 1  0  0 0 0 0 0  00000000
   2.697  3711 2555  80 1  0  0 0 0 0 0  00000000
   2.709  3712 2560  78 1  0  0 0 0 0 0  00000000
   2.721  3716 2564  77 1  0  0 0 0 0 0  00000000
   2.734  3720 2565  74 1  0  0 0 0 0 0  00000000
   2.747  3775 2588  63 1  0  0 0 0 0 0  00000000
   2.758  3794 2589  49 1  0  0 0 0 0 0  00000000
   2.769  3794 2589   0 0  0  0 0 0 0 0  00000000
   2.857  2199 3824  83 1  0  0 0 0 0 0  00000000
   2.870  2199 3801  78 1  0  0 0 0 0 0  00000000
   2.882  2197 3801  82 1  0  0 0 0 0 0  00000000
   2.895  2192 3801  82 1  0  0 0 0 0 0  00000000
   2.907  2190 3801  81 1  0  0 0 0 0 0  00000000
   2.920  2189 3802  79 1  0  0 0 0 0 0  00000000
   2.932  2189 3824  76 1  0  0 0 0 0 0  00000000
   2.946  2216 3853  70 1  0  0 0 0 0 0  00000000
   2.957  2250 3874  57 1  0  0 0 0 0 0  00000000
   2.968  2250 3874   0 0  0  0 0 0 0 0  00000000
   3.143  3759 2764  83 1  0  0 0 0 0 0  00000000
   3.156  3759 2714  78 1  0  0 0 0 0 0  00000000
   3.168  3759 2714  82 1  0  0 0 0 0 0  00000000
   3.181  3758 2714  83 1  0  0 0 0 0 0  00000000
   3.194  3756 2714  83 1  0  0 0 0 0 0  00000000
   3.230  3756 2714  81 1  0  0 0 0 0 0  00000000
   3.243  3756 2714  80 1  0  0 0 0 0 0  00000000
   3.255  3756 2714  77 1  0  0 0 0 0 0  00000000
   3.267  3756 2714  71 1  0  0 0 0 0 0  00000000
   3.280  3757 2714  59 1  0  0 0 0 0 0  00000000
   3.292  3803 2668  41 1  0  0 0 0 0 0  00000000
   3.304  3803 2668   0 0  0  0 0 0 0 0  00000000
   3.403  2126 3914  78 1  0  0 0 0 0 0  00000000
   3.417  2126 3912  77 1  0  0 0 0 0 0  00000000
   3.429  2125 3907  79 1  0  0 0 0 0 0  00000000
   3.441  2123 3902  81 1  0  0 0 0 0 0  00000000
   3.454  2123 3901  79 1  0  0 0 0 0 0  00000000
   3.479  2121 3902  77 1  0  0 0 0 0 0  00000000
   3.490  2121 3924  75 1  0  0 0 0 0 0  00000000
   3.504  2122 3924  73 1  0  0 0 0 0 0  00000000
   3.515  2150 3946  68 1  0  0 0 0 0 0  00000000
   3.528  2176 3946  57 1  0  0 0 0 0 0  00000000
   3.541  2176 3946   0 0  0  0 0 0 0 0  00000000
   3.664  3726 2790  78 1  0  0 0 0 0 0  00000000
   3.689  3726 2788  80 1  0  0 0 0 0 0  00000000
   3.702  3725 2786  81 1  0  0 0 0 0 0  00000000
   3.714  3725 2784  80 1  0  0 0 0 0 0  00000000
   3.726  3725 2784  79 1  0  0 0 0 0 0  00000000
   3.751  3725 2784  76 1  0  0 0 0 0 0  00000000
   3.763  3726 2788  75 1  0  0 0 0 0 0  00000000
   3.777  3747 2812  71 1  0  0 0 0 0 0  00000000
   3.789  3768 2829  60 1  0  0 0 0 0 0  00000000
   3.801  3768 2829   0 0  0  0 0 0 0 0  00000000
   3.912  2270 3914  61 1  0  0 0 0 0 0  00000000
   3.925  2211 3912  74 1  0  0 0 0 0 0  00000000
   3.937  2211 3910  77 1  0  0 0 0 0 0  00000000
   3.950  2211 3908  78 1  0  0 0 0 0 0  00000000
   3.962  2211 3906  78 1  0  0 0 0 0 0  00000000
   3.975  2211 3906  77 1  0  0 0 0 0 0  00000000
   3.989  2211 3906  75 1  0  0 0 0 0 0  00000000
   3.999  2211 3907  71 1  0  0 0 0 0 0  00000000
   4.012  2252 3933  64 1  0  0 0 0 0 0  00000000
   4.023  2335 3933  41 1  0  0 0 0 0 0  00000000
   4.035  2335 3933   0 0  0  0 0 0 0 0  00000000
   4.161  3726 2846  79 1  0  0 0 0 0 0  00000000
   4.174  3726 2824  78 1  0  0 0 0 0 0  00000000
   4.186  3726 2824  80 1  0  0 0 0 0 0  00000000
   4.210  3725 2825  80 1  0  0 0 0 0 0  00000000
   4.223  3725 2826  80 1  0  0 0 0 0 0  00000000
   4.235  3725 2832  79 1  0  0 0 0 0 0  00000000
   4.248  3725 2855  79 1  0  0 0 0 0 0  00000000
   4.260  3725 2856  77 1  0  0 0 0 0 0  00000000
   4.273  3725 2888  74 1  0  0 0 0 0 0  00000000
   4.285  3725 2906  72 1  0  0 0 0 0 0  00000000
   4.298  3726 2932  66 1  0  0 0 0 0 0  00000000
   4.310  3760 2957  47 1  0  0 0 0 0 0  00000000
   4.321  3760 2957   0 0  0  0 0 0 0 0  00000000
   4.396  2104 4013  74 1  0  0 0 0 0 0  00000000
   4.409  2082 3990  73 1  0  0 0 0 0 0  00000000
   4.422  2080 3990  76 1  0  0 0 0 0 0  00000000
   4.434  2075 3990  77 1  0  0 0 0 0 0  00000000
   4.446  2074 3990  76 1  0  0 0 0 0 0  00000000
   4.458  2074 3990  74 1  0  0 0 0 0 0  00000000
   4.471  2072 4021  70 1  0  0 0 0 0 0  00000000
   4.483  2072 4053  64 1  0  0 0 0 0 0  00000000
   4.495  2072 4053   0 0  0  0 0 0 0 0  00000000
   4.670  3691 3080  79 1  0  0 0 0 0 0  00000000
   4.681  3691 3049  76 1  0  0 0 0 0 0  00000000
   4.694  3691 3047  79 1  0  0 0 0 0 0  00000000
   4.706  3691 3047  80 1  0  0 0 0 0 0  00000000
   4.731  3691 3043  79 1  0  0 0 0 0 0  00000000
   4.744  3691 3042  79 1  0  0 0 0 0 0  00000000
   4.757  3691 3042  78 1  0  0 0 0 0 0  00000000
   4.769  3692 3042  78 1  0  0 0 0 0 0  00000000
   4.782  3693 3042  78 1  0  0 0 0 0 0  00000000
   4.794  3694 3042  77 1  0  0 0 0 0 0  00000000
   4.807  3695 3042  77 1  0  0 0 0 0 0  00000000
   4.819  3701 3042  77 1  0  0 0 0 0 0  00000000
   4.831  3702 3042  77 1  0  0 0 0 0 0  00000000
   4.843  3703 3042  76 1  0  0 0 0 0 0  00000000
   4.856  3708 3042  77 1  0  0 0 0 0 0  00000000
   4.868  3709 3042  76 1  0  0 0 0 0 0  00000000
   4.881  3709 3042  75 1  0  0 0 0 0 0  00000000
   4.893  3707 3019  70 1  0  0 0 0 0 0  00000000
   4.905  3706 2992  61 1  0  0 0 0 0 0  00000000
   4.917  3705 2952  40 1  0  0 0 0 0 0  00000000
   4.929  3705 2952   0 0  0  0 0 0 0 0  00000000
   4.956  2021 4083  68 1  0  0 0 0 0 0  00000000
   4.967  1979 4079  72 1  0  0 0 0 0 0  00000000
   4.980  1979 4056  75 1  0  0 0 0 0 0  00000000
   5.004  1977 4056  75 1  0  0 0 0 0 0  00000000
   5.017  1976 4056  74 1  0  0 0 0 0 0  00000000
   5.042  1976 4056  73 1  0  0 0 0 0 0  00000000
   5.054  1976 4056  72 1  0  0 0 0 0 0  00000000
   5.066  1976 4057  71 1  0  0 0 0 0 0  00000000
   5.079  1976 4061  68 1  0  0 0 0 0 0  00000000
   5.091  1976 4084  63 1  0  0 0 0 0 0  00000000
   5.103  1976 4084  58 1  0  0 0 0 0 0  00000000
   5.115  1993 4088  47 1  0  0 0 0 0 0  00000000
   5.128  1993 4088   0 0  0  0 0 0 0 0  00000000
   5.203  3628 2957  75 1  0  0 0 0 0 0  00000000
   5.216  3604 2937  75 1  0  0 0 0 0 0  00000000
   5.228  3605 2937  79 1  0  0 0 0 0 0  00000000
   5.240  3610 2937  79 1  0  0 0 0 0 0  00000000
   5.253  3611 2938  79 1  0  0 0 0 0 0  00000000
   5.266  3612 2942  79 1  0  0 0 0 0 0  00000000
   5.278  3616 2946  78 1  0  0 0 0 0 0  00000000
   5.290  3617 2951  77 1  0  0 0 0 0 0  00000000
   5.303  3618 2975  77 1  0  0 0 0 0 0  00000000
   5.315  3622 2975  77 1  0  0 0 0 0 0  00000000
   5.328  3623 2993  75 1  0  0 0 0 0 0  00000000
   5.340  3628 2993  73 1  0  0 0 0 0 0  00000000
   5.352  3629 2993  70 1  0  0 0 0 0 0  00000000
   5.364  3659 2993  64 1  0  0 0 0 0 0  00000000
   5.376  3660 2961  52 1  0  0 0 0 0 0  00000000
   5.390  3660 2961   0 0  0  0 0 0 0 0  00000000
   5.451  1928 3993  74 1  0  0 0 0 0 0  00000000
   5.463  1928 3993  73 1  0  0 0 0 0 0  00000000
   5.476  1926 3991  77 1  0  0 0 0 0 0  00000000
   5.488  1924 3989  75 1  0  0 0 0 0 0  00000000
   5.501  1922 3987  76 1  0  0 0 0 0 0  00000000
   5.513  1923 3994  72 1  0  0 0 0 0 0  00000000
   5.526  1942 4030  69 1  0  0 0 0 0 0  00000000
   5.539  1994 4050  64 1  0  0 0 0 0 0  00000000
   5.550  2037 4067  39 1  0  0 0 0 0 0  00000000
   5.561  2037 4067   0 0  0  0 0 0 0 0  00000000
   5.724  3663 2988  67 1  0  0 0 0 0 0  00000000
   5.737  3596 2953  79 1  0  0 0 0 0 0  00000000
   5.750  3597 2951  80 1  0  0 0 0 0 0  00000000
   5.761  3601 2949  82 1  0  0 0 0 0 0  00000000
   5.774  3602 2949  81 1  0  0 0 0 0 0  00000000
   5.787  3603 2949  80 1  0  0 0 0 0 0  00000000
   5.800  3604 2967  78 1  0  0 0 0 0 0  00000000
   5.811  3604 2996  77 1  0  0 0 0 0 0  00000000
   5.824  3604 3022  74 1  0  0 0 0 0 0  00000000
   5.836  3608 3039  67 1  0  0 0 0 0 0  00000000
   5.845  3609 3039  67 1  0  0 0 0 0 0  00000000
   5.860  3609 3039   0 0  0  0 0 0 0 0  00000000
   6.022  2027 4116  49 1  0  0 0 0 0 0  00000000
   6.034  1975 4068  70 1  0  0 0 0 0 0  00000000
   6.047  1975 4068  72 1  0  0 0 0 0 0  00000000
   6.058  1975 4068  74 1  0  0 0 0 0 0  00000000
   6.072  1975 4067  75 1  0  0 0 0 0 0  00000000
   6.084  1975 4066  75 1  0  0 0 0 0 0  00000000
   6.109  1975 4064  75 1  0  0 0 0 0 0  00000000
   6.122  1975 4062  75 1  0  0 0 0 0 0  00000000
   6.159  1975 4057  76 1  0  0 0 0 0 0  00000000
   6.171  1975 4055  76 1  0  0 0 0 0 0  00000000
   6.183  1975 4036  77 1  0  0 0 0 0 0  00000000
   6.208  1975 4036  76 1  0  0 0 0 0 0  00000000
   6.221  1974 4036  77 1  0  0 0 0 0 0  00000000
   6.233  1974 4035  77 1  0  0 0 0 0 0  00000000
   6.245  1974 4035  78 1  0  0 0 0 0 0  00000000
   6.258  1974 4033  78 1  0  0 0 0 0 0  00000000
   6.270  1974 4027  78 1  0  0 0 0 0 0  00000000
   6.283  1974 4025  78 1  0  0 0 0 0 0  00000000
   6.307  1974 4025  77 1  0  0 0 0 0 0  00000000
   6.319  1974 4021  78 1  0  0 0 0 0 0  00000000
   6.332  1974 4020  78 1  0  0 0 0 0 0  00000000
   6.344  1974 4020  77 1  0  0 0 0 0 0  00000000
   6.357  1973 4018  78 1  0  0 0 0 0 0  00000000
   6.369  1973 4016  78 1  0  0 0 0 0 0  00000000
   6.382  1973 4014  78 1  0  0 0 0 0 0  00000000
   6.395  1971 4012  78 1  0  0 0 0 0 0  00000000
   6.419  1971 4010  78 1  0  0 0 0 0 0  00000000
   6.431  1971 4008  78 1  0  0 0 0 0 0  00000000
   6.444  1969 4006  79 1  0  0 0 0 0 0  00000000
   6.456  1969 4002  78 1  0  0 0 0 0 0  00000000
   6.469  1969 4000  79 1  0  0 0 0 0 0  00000000
   6.481  1969 3999  78 1  0  0 0 0 0 0  00000000
   6.543  1969 4000  77 1  0  0 0 0 0 0  00000000
   6.555  1968 4005  75 1  0  0 0 0 0 0  00000000
   6.568  1964 4028  68 1  0  0 0 0 0 0  00000000
   6.581  1964 4055  48 1  0  0 0 0 0 0  00000000
   6.592  1964 4055   0 0  0  0 0 0 0 0  00000000
