time	 y	 z	 f	 w	 l	 r	 u	 d	 m	 multi
   0.000  2393 3667   0 0  0  0 0 0 0 0  00000000
   0.805  3687 2656  74 1  0  0 0 0 0 0  00000000
   0.817  3687 2656  73 1  0  0 0 0 0 0  00000000
   0.829  3687 2674  73 1  0  0 0 0 0 0  00000000
   0.854  3691 2674  73 1  0  0 0 0 0 0  00000000
   0.865  3695 2674  73 1  0  0 0 0 0 0  00000000
   0.878  3696 2673  73 1  0  0 0 0 0 0  00000000
   0.890  3696 2669  72 1  0  0 0 0 0 0  00000000
   0.904  3696 2664  72 1  0  0 0 0 0 0  00000000
   0.915  3697 2636  71 1  0  0 0 0 0 0  00000000
   0.927  3670 2602  64 1  0  0 0 0 0 0  00000000
   0.940  3671 2566  43 1  0  0 0 0 0 0  00000000
   0.951  3671 2566   0 0  0  0 0 0 0 0  00000000
   1.101  2302 3302  59 1  0  0 0 0 0 0  00000000
   1.114  2253 3275  76 1  0  0 0 0 0 0  00000000
   1.127  2251 3275  80 1  0  0 0 0 0 0  00000000
   1.139  2250 3275  81 1  0  0 0 0 0 0  00000000
   1.176  2248 3276  81 1  0  0 0 0 0 0  00000000
   1.189  2248 3281  80 1  0  0 0 0 0 0  00000000
   1.201  2246 3287  79 1  0  0 0 0 0 0  00000000
   1.213  2246 3309  78 1  0  0 0 0 0 0  00000000
   1.227  2246 3310  77 1  0  0 0 0 0 0  00000000
   1.238  2246 3334  73 1  0  0 0 0 0 0  00000000
   1.251  2246 3335  70 1  0  0 0 0 0 0  00000000
   1.263  2253 3363  63 1  0  0 0 0 0 0  00000000
   1.275  2253 3389  51 1  0  0 0 0 0 0  00000000
   1.288  2253 3389   0 0  0  0 0 0 0 0  00000000
   1.362  3705 2555  73 1  0  0 0 0 0 0  00000000
   1.374  3704 2554  71 1  0  0 0 0 0 0  00000000
   1.387  3702 2554  73 1  0  0 0 0 0 0  00000000
   1.400  3702 2555  74 1  0  0 0 0 0 0  00000000
   1.413  3700 2561  73 1  0  0 0 0 0 0  00000000
   1.423  3700 2592  73 1  0  0 0 0 0 0  00000000
   1.437  3699 2627  73 1  0  0 0 0 0 0  00000000
   1.450  3699 2645  74 1  0  0 0 0 0 0  00000000
   1.461  3697 2673  74 1  0  0 0 0 0 0  00000000
   1.474  3695 2690  73 1  0  0 0 0 0 0  00000000
   1.498  3695 2690  74 1  0  0 0 0 0 0  00000000
   1.511  3695 2690  72 1  0  0 0 0 0 0  00000000
   1.536  3696 2690  72 1  0  0 0 0 0 0  00000000
   1.549  3697 2688  70 1  0  0 0 0 0 0  00000000
   1.560  3698 2661  68 1  0  0 0 0 0 0  00000000
   1.573  3703 2635  60 1  0  0 0 0 0 0  00000000
   1.598  2180 3745  73 1  0  0 0 0 0 0  00000000
   1.609  2178 3745  76 1  0  0 0 0 0 0  00000000
   1.623  2178 3745  77 1  0  0 0 0 0 0  00000000
   1.635  2177 3745  78 1  0  0 0 0 0 0  00000000
   1.647  2172 3745  77 1  0  0 0 0 0 0  00000000
   1.660  2170 3745  79 1  0  0 0 0 0 0  00000000
   1.672  2170 3746  79 1  0  0 0 0 0 0  00000000
   1.685  2170 3766  77 1  0  0 0 0 0 0  00000000
   1.722  2170 3783  74 1  0  0 0 0 0 0  00000000
   1.734  2170 3783  73 1  0  0 0 0 0 0  00000000
   1.747  2171 3800  71 1  0  0 0 0 0 0  00000000
   1.760  2172 3801  70 1  0  0 0 0 0 0  00000000
   1.772  2173 3825  67 1  0  0 0 0 0 0  00000000
   1.784  2206 3826  64 1  0  0 0 0 0 0  00000000
   1.796  2248 3832  56 1  0  0 0 0 0 0  00000000
   1.808  2266 3832  45 1  0  0 0 0 0 0  00000000
   1.820  2266 3832   0 0  0  0 0 0 0 0  00000000
   2.057  2272 3878  74 1  0  0 0 0 0 0  00000000
   2.069  2272 3856  73 1  0  0 0 0 0 0  00000000
   2.082  2270 3856  77 1  0  0 0 0 0 0  00000000
   2.095  2268 3856  78 1  0  0 0 0 0 0  00000000
   2.107  2266 3856  79 1  0  0 0 0 0 0  00000000
   2.119  2266 3857  79 1  0  0 0 0 0 0  00000000
   2.131  2264 3858  79 1  0  0 0 0 0 0  00000000
   2.144  2264 3859  79 1  0  0 0 0 0 0  00000000
   2.156  2264 3859  78 1  0  0 0 0 0 0  00000000
   2.182  2264 3860  78 1  0  0 0 0 0 0  00000000
   2.193  2264 3861  78 1  0  0 0 0 0 0  00000000
   2.206  2264 3862  78 1  0  0 0 0 0 0  00000000
   2.244  2264 3862  77 1  0  0 0 0 0 0  00000000
   2.256  2264 3862  74 1  0  0 0 0 0 0  00000000
   2.268  2264 3863  71 1  0  0 0 0 0 0  00000000
   2.280  2283 3863  59 1  0  0 0 0 0 0  00000000
   2.293  2283 3863   0 0  0  0 0 0 0 0  00000000
   2.405  3824 2885  69 1  0  0 0 0 0 0  00000000
   2.417  3793 2863  71 1  0  0 0 0 0 0  00000000
   2.429  3793 2863  74 1  0  0 0 0 0 0  00000000
   2.442  3793 2863  75 1  0  0 0 0 0 0  00000000
   2.453  3791 2863  76 1  0  0 0 0 0 0  00000000
   2.466  3789 2863  77 1  0  0 0 0 0 0  00000000
   2.479  3784 2863  77 1  0  0 0 0 0 0  00000000
   2.491  3782 2863  76 1  0  0 0 0 0 0  00000000
   2.504  3781 2863  76 1  0  0 0 0 0 0  00000000
   2.516  3781 2863  75 1  0  0 0 0 0 0  00000000
   2.540  3781 2863  74 1  0  0 0 0 0 0  00000000
   2.553  3781 2863  73 1  0  0 0 0 0 0  00000000
   2.566  3781 2863  72 1  0  0 0 0 0 0  00000000
   2.578  3782 2861  70 1  0  0 0 0 0 0  00000000
   2.591  3803 2861  66 1  0  0 0 0 0 0  00000000
   2.603  3844 2857  55 1  0  0 0 0 0 0  00000000
   2.615  3844 2857   0 0  0  0 0 0 0 0  00000000
   2.751  2302 3770  68 1  0  0 0 0 0 0  00000000
   2.764  2271 3752  72 1  0  0 0 0 0 0  00000000
   2.776  2269 3752  78 1  0  0 0 0 0 0  00000000
   2.788  2264 3752  79 1  0  0 0 0 0 0  00000000
   2.801  2262 3752  79 1  0  0 0 0 0 0  00000000
   2.814  2260 3752  81 1  0  0 0 0 0 0  00000000
   2.826  2258 3752  80 1  0  0 0 0 0 0  00000000
   2.839  2256 3751  80 1  0  0 0 0 0 0  00000000
   2.851  2256 3750  80 1  0  0 0 0 0 0  00000000
   2.864  2252 3746  80 1  0  0 0 0 0 0  00000000
   2.876  2251 3744  81 1  0  0 0 0 0 0  00000000
   2.888  2251 3721  81 1  0  0 0 0 0 0  00000000
   2.902  2251 3721  82 1  0  0 0 0 0 0  00000000
   2.976  2250 3701  83 1  0  0 0 0 0 0  00000000
   2.989  2250 3702  83 1  0  0 0 0 0 0  00000000
   3.013  2248 3702  83 1  0  0 0 0 0 0  00000000
   3.025  2244 3702  84 1  0  0 0 0 0 0  00000000
   3.038  2243 3702  84 1  0  0 0 0 0 0  00000000
   3.049  2242 3700  84 1  0  0 0 0 0 0  00000000
   3.062  2242 3696  84 1  0  0 0 0 0 0  00000000
   3.074  2242 3673  83 1  0  0 0 0 0 0  00000000
   3.087  2242 3673  84 1  0  0 0 0 0 0  00000000
   3.099  2242 3673  83 1  0  0 0 0 0 0  00000000
   3.112  2242 3671  84 1  0  0 0 0 0 0  00000000
   3.124  2242 3669  83 1  0  0 0 0 0 0  00000000
   3.136  2242 3647  84 1  0  0 0 0 0 0  00000000
   3.149  2242 3647  83 1  0  0 0 0 0 0  00000000
   3.161  2242 3646  82 1  0  0 0 0 0 0  00000000
   3.174  2242 3641  82 1  0  0 0 0 0 0  00000000
   3.187  2242 3619  82 1  0  0 0 0 0 0  00000000
   3.197  2240 3619  80 1  0  0 0 0 0 0  00000000
   3.210  2240 3618  82 1  0  0 0 0 0 0  00000000
   3.223  2240 3618  81 1  0  0 0 0 0 0  00000000
   3.235  2240 3613  80 1  0  0 0 0 0 0  00000000
   3.248  2240 3612  81 1  0  0 0 0 0 0  00000000
   3.260  2240 3593  80 1  0  0 0 0 0 0  00000000
   3.322  2240 3591  80 1  0  0 0 0 0 0  00000000
   3.335  2238 3589  80 1  0  0 0 0 0 0  00000000
   3.348  2236 3587  79 1  0  0 0 0 0 0  00000000
   3.361  2236 3582  80 1  0  0 0 0 0 0  00000000
   3.373  2236 3580  79 1  0  0 0 0 0 0  00000000
   3.385  2236 3578  79 1  0  0 0 0 0 0  00000000
   3.397  2235 3577  79 1  0  0 0 0 0 0  00000000
   3.409  2235 3573  79 1  0  0 0 0 0 0  00000000
   3.421  2235 3571  79 1  0  0 0 0 0 0  00000000
   3.432  2235 3569  79 1  0  0 0 0 0 0  00000000
   3.441  2235 3567  79 1  0  0 0 0 0 0  00000000
   3.459  2235 3565  79 1  0  0 0 0 0 0  00000000
   3.471  2235 3563  78 1  0  0 0 0 0 0  00000000
   3.484  2235 3559  78 1  0  0 0 0 0 0  00000000
   3.497  2234 3554  78 1  0  0 0 0 0 0  00000000
   3.510  2234 3549  78 1  0  0 0 0 0 0  00000000
   3.523  2234 3543  77 1  0  0 0 0 0 0  00000000
   3.533  2234 3521  77 1  0  0 0 0 0 0  00000000
   3.545  2232 3521  77 1  0  0 0 0 0 0  00000000
   3.571  2230 3504  75 1  0  0 0 0 0 0  00000000
   3.583  2230 3502  76 1  0  0 0 0 0 0  00000000
   3.596  2228 3500  76 1  0  0 0 0 0 0  00000000
   3.608  2228 3495  75 1  0  0 0 0 0 0  00000000
   3.621  2226 3493  75 1  0  0 0 0 0 0  00000000
   3.633  2224 3488  75 1  0  0 0 0 0 0  00000000
   3.645  2224 3482  75 1  0  0 0 0 0 0  00000000
   3.657  2224 3480  75 1  0  0 0 0 0 0  00000000
   3.683  2241 3480  75 1  0  0 0 0 0 0  00000000
   3.694  2241 3480  74 1  0  0 0 0 0 0  00000000
   3.707  2279 3512  69 1  0  0 0 0 0 0  00000000
   3.719  2353 3559  63 1  0  0 0 0 0 0  00000000
   3.732  2435 3604  44 1  0  0 0 0 0 0  00000000
   3.744  2435 3604   0 0  0  0 0 0 0 0  00000000
   3.894  3736 3213  66 1  0  0 0 0 0 0  00000000
   3.906  3736 3211  64 1  0  0 0 0 0 0  00000000
   3.917  3734 3206  68 1  0  0 0 0 0 0  00000000
   3.930  3732 3201  68 1  0  0 0 0 0 0  00000000
   3.943  3732 3196  69 1  0  0 0 0 0 0  00000000
   3.955  3732 3195  69 1  0  0 0 0 0 0  00000000
   3.968  3732 3194  69 1  0  0 0 0 0 0  00000000
   4.005  3730 3194  70 1  0  0 0 0 0 0  00000000
   4.017  3730 3192  70 1  0  0 0 0 0 0  00000000
   4.030  3730 3188  69 1  0  0 0 0 0 0  00000000
   4.042  3729 3186  70 1  0  0 0 0 0 0  00000000
   4.055  3727 3182  70 1  0  0 0 0 0 0  00000000
   4.067  3727 3181  70 1  0  0 0 0 0 0  00000000
   4.079  3727 3180  70 1  0  0 0 0 0 0  00000000
   4.105  3726 3179  70 1  0  0 0 0 0 0  00000000
   4.128  3724 3179  70 1  0  0 0 0 0 0  00000000
   4.166  3724 3179  71 1  0  0 0 0 0 0  00000000
   4.179  3724 3180  70 1  0  0 0 0 0 0  00000000
   4.191  3725 3184  68 1  0  0 0 0 0 0  00000000
   4.204  3751 3189  64 1  0  0 0 0 0 0  00000000
   4.215  3804 3194  50 1  0  0 0 0 0 0  00000000
   4.228  3804 3194   0 0  0  0 0 0 0 0  00000000
