time	 y	 z	 f	 w	 l	 r	 u	 d	 m	 multi
   0.000  3611 3336   0 0  0  0 0 0 0 0  00000000
   1.443  3762 2450  77 1  0  0 0 0 0 0  00000000
   1.468  3762 2412  77 1  0  0 0 0 0 0  00000000
   1.493  3762 2410  77 1  0  0 0 0 0 0  00000000
   1.530  3762 2408  77 1  0  0 0 0 0 0  00000000
   1.543  3762 2406  77 1  0  0 0 0 0 0  00000000
   1.554  3762 2404  77 1  0  0 0 0 0 0  00000000
   1.567  3763 2402  77 1  0  0 0 0 0 0  00000000
   1.580  3764 2398  77 1  0  0 0 0 0 0  00000000
   1.593  3764 2397  77 1  0  0 0 0 0 0  00000000
   1.618  3764 2396  77 1  0  0 0 0 0 0  00000000
   1.630  3764 2395  77 1  0  0 0 0 0 0  00000000
   1.692  3764 2391  76 1  0  0 0 0 0 0  00000000
   1.705  3765 2390  75 1  0  0 0 0 0 0  00000000
   1.716  3766 2390  67 1  0  0 0 0 0 0  00000000
   1.728  3798 2390  52 1  0  0 0 0 0 0  00000000
   1.740  3798 2390   0 0  0  0 0 0 0 0  00000000
   1.853  2224 3681  63 1  0  0 0 0 0 0  00000000
   1.865  2160 3680  76 1  0  0 0 0 0 0  00000000
   1.878  2160 3680  81 1  0  0 0 0 0 0  00000000
   1.890  2160 3680  82 1  0  0 0 0 0 0  00000000
   1.903  2160 3680  83 1  0  0 0 0 0 0  00000000
   1.916  2160 3681  83 1  0  0 0 0 0 0  00000000
   1.928  2160 3682  81 1  0  0 0 0 0 0  00000000
   1.940  2160 3683  82 1  0  0 0 0 0 0  00000000
   1.952  2160 3684  79 1  0  0 0 0 0 0  00000000
   1.965  2159 3690  77 1  0  0 0 0 0 0  00000000
   1.977  2157 3714  74 1  0  0 0 0 0 0  00000000
   1.990  2155 3714  69 1  0  0 0 0 0 0  00000000
   2.002  2155 3732  61 1  0  0 0 0 0 0  00000000
   2.014  2155 3732   0 0  0  0 0 0 0 0  00000000
   2.138  3723 2656  76 1  0  0 0 0 0 0  00000000
   2.151  3723 2655  74 1  0  0 0 0 0 0  00000000
   2.163  3723 2655  76 1  0  0 0 0 0 0  00000000
   2.200  3721 2655  77 1  0  0 0 0 0 0  00000000
   2.213  3719 2673  78 1  0  0 0 0 0 0  00000000
   2.237  3719 2673  76 1  0  0 0 0 0 0  00000000
   2.250  3720 2690  77 1  0  0 0 0 0 0  00000000
   2.262  3724 2690  76 1  0  0 0 0 0 0  00000000
   2.275  3725 2690  76 1  0  0 0 0 0 0  00000000
   2.287  3730 2690  76 1  0  0 0 0 0 0  00000000
   2.301  3736 2690  75 1  0  0 0 0 0 0  00000000
   2.311  3741 2690  75 1  0  0 0 0 0 0  00000000
   2.324  3742 2690  73 1  0  0 0 0 0 0  00000000
   2.336  3747 2690  69 1  0  0 0 0 0 0  00000000
   2.350  3777 2688  57 1  0  0 0 0 0 0  00000000
   2.363  3777 2688   0 0  0  0 0 0 0 0  00000000
   2.387  2035 3960  75 1  0  0 0 0 0 0  00000000
   2.399  2035 3958  74 1  0  0 0 0 0 0  00000000
   2.411  2016 3954  77 1  0  0 0 0 0 0  00000000
   2.425  2016 3953  78 1  0  0 0 0 0 0  00000000
   2.461  2016 3952  77 1  0  0 0 0 0 0  00000000
   2.473  2016 3952  76 1  0  0 0 0 0 0  00000000
   2.486  2016 3971  74 1  0  0 0 0 0 0  00000000
   2.498  2016 3992  72 1  0  0 0 0 0 0  00000000
   2.511  2037 4015  70 1  0  0 0 0 0 0  00000000
   2.524  2038 4034  67 1  0  0 0 0 0 0  00000000
   2.535  2069 4055  62 1  0  0 0 0 0 0  00000000
   2.548  2089 4079  53 1  0  0 0 0 0 0  00000000
   2.559  2089 4079   0 0  0  0 0 0 0 0  00000000
   2.660  3654 3034  76 1  0  0 0 0 0 0  00000000
   2.673  3655 3034  75 1  0  0 0 0 0 0  00000000
   2.684  3656 3034  77 1  0  0 0 0 0 0  00000000
   2.696  3657 3034  77 1  0  0 0 0 0 0  00000000
   2.709  3662 3034  77 1  0  0 0 0 0 0  00000000
   2.721  3663 3034  77 1  0  0 0 0 0 0  00000000
   2.735  3664 3055  76 1  0  0 0 0 0 0  00000000
   2.747  3669 3055  75 1  0  0 0 0 0 0  00000000
   2.760  3674 3055  73 1  0  0 0 0 0 0  00000000
   2.771  3697 3056  69 1  0  0 0 0 0 0  00000000
   2.784  3726 3056  58 1  0  0 0 0 0 0  00000000
   2.797  3726 3056   0 0  0  0 0 0 0 0  00000000
   2.895  2047 4156  67 1  0  0 0 0 0 0  00000000
   2.919  2043 4156  68 1  0  0 0 0 0 0  00000000
   2.933  2041 4156  68 1  0  0 0 0 0 0  00000000
   2.945  2040 4156  69 1  0  0 0 0 0 0  00000000
   2.957  2040 4154  68 1  0  0 0 0 0 0  00000000
   2.970  2040 4153  68 1  0  0 0 0 0 0  00000000
   3.057  2040 4154  68 1  0  0 0 0 0 0  00000000
   3.068  2040 4154  69 1  0  0 0 0 0 0  00000000
   3.106  2040 4153  70 1  0  0 0 0 0 0  00000000
   3.143  2040 4153  69 1  0  0 0 0 0 0  00000000
   3.156  2040 4153  70 1  0  0 0 0 0 0  00000000
   3.168  2040 4152  70 1  0  0 0 0 0 0  00000000
   3.181  2040 4150  69 1  0  0 0 0 0 0  00000000
   3.218  2040 4146  69 1  0  0 0 0 0 0  00000000
   3.230  2040 4145  69 1  0  0 0 0 0 0  00000000
   3.255  2038 4145  69 1  0  0 0 0 0 0  00000000
   3.267  2038 4145  70 1  0  0 0 0 0 0  00000000
   3.279  2038 4145  69 1  0  0 0 0 0 0  00000000
   3.304  2038 4145  70 1  0  0 0 0 0 0  00000000
   3.317  2038 4145  69 1  0  0 0 0 0 0  00000000
   3.329  2038 4145  70 1  0  0 0 0 0 0  00000000
   3.354  2038 4145  69 1  0  0 0 0 0 0  00000000
   3.379  2037 4145  69 1  0  0 0 0 0 0  00000000
   3.391  2037 4145  70 1  0  0 0 0 0 0  00000000
   3.404  2037 4145  69 1  0  0 0 0 0 0  00000000
   3.416  2037 4145  70 1  0  0 0 0 0 0  00000000
   3.429  2037 4145  69 1  0  0 0 0 0 0  00000000
   3.466  2037 4145  70 1  0  0 0 0 0 0  00000000
   3.478  2037 4145  69 1  0  0 0 0 0 0  00000000
   3.492  2037 4146  69 1  0  0 0 0 0 0  00000000
   3.515  2037 4146  70 1  0  0 0 0 0 0  00000000
   3.527  2037 4146  69 1  0  0 0 0 0 0  00000000
   3.541  2037 4146  70 1  0  0 0 0 0 0  00000000
   3.552  2037 4146  69 1  0  0 0 0 0 0  00000000
   3.565  2037 4146  70 1  0  0 0 0 0 0  00000000
   3.578  2037 4145  70 1  0  0 0 0 0 0  00000000
   3.590  2037 4143  70 1  0  0 0 0 0 0  00000000
   3.615  2037 4142  71 1  0  0 0 0 0 0  00000000
   3.628  2035 4142  69 1  0  0 0 0 0 0  00000000
   3.640  2033 4140  70 1  0  0 0 0 0 0  00000000
   3.652  2033 4139  70 1  0  0 0 0 0 0  00000000
   3.689  2034 4139  66 1  0  0 0 0 0 0  00000000
   3.702  2058 4140  57 1  0  0 0 0 0 0  00000000
   3.713  2058 4140   0 0  0  0 0 0 0 0  00000000
   3.962  3697 3143  38 1  0  0 0 0 0 0  00000000
   3.975  3661 3111  71 1  0  0 0 0 0 0  00000000
   3.986  3661 3109  70 1  0  0 0 0 0 0  00000000
   4.000  3661 3104  72 1  0  0 0 0 0 0  00000000
   4.012  3661 3099  74 1  0  0 0 0 0 0  00000000
   4.025  3661 3097  74 1  0  0 0 0 0 0  00000000
   4.037  3661 3096  75 1  0  0 0 0 0 0  00000000
   4.050  3662 3091  75 1  0  0 0 0 0 0  00000000
   4.061  3663 3091  76 1  0  0 0 0 0 0  00000000
   4.074  3663 3091  75 1  0  0 0 0 0 0  00000000
   4.086  3663 3091  76 1  0  0 0 0 0 0  00000000
   4.099  3664 3091  75 1  0  0 0 0 0 0  00000000
   4.112  3664 3091  76 1  0  0 0 0 0 0  00000000
   4.124  3668 3091  75 1  0  0 0 0 0 0  00000000
   4.137  3669 3091  75 1  0  0 0 0 0 0  00000000
   4.148  3670 3091  75 1  0  0 0 0 0 0  00000000
   4.186  3670 3091  76 1  0  0 0 0 0 0  00000000
   4.224  3670 3089  76 1  0  0 0 0 0 0  00000000
   4.236  3670 3087  77 1  0  0 0 0 0 0  00000000
   4.248  3670 3087  76 1  0  0 0 0 0 0  00000000
   4.260  3670 3086  76 1  0  0 0 0 0 0  00000000
   4.273  3670 3086  77 1  0  0 0 0 0 0  00000000
   4.286  3670 3086  76 1  0  0 0 0 0 0  00000000
   4.322  3670 3087  76 1  0  0 0 0 0 0  00000000
   4.335  3670 3088  76 1  0  0 0 0 0 0  00000000
   4.348  3670 3089  77 1  0  0 0 0 0 0  00000000
   4.360  3670 3090  76 1  0  0 0 0 0 0  00000000
   4.372  3670 3091  77 1  0  0 0 0 0 0  00000000
   4.385  3670 3092  76 1  0  0 0 0 0 0  00000000
   4.397  3670 3093  76 1  0  0 0 0 0 0  00000000
   4.410  3670 3093  77 1  0  0 0 0 0 0  00000000
   4.421  3671 3094  77 1  0  0 0 0 0 0  00000000
   4.448  3671 3094  76 2  0  0 0 0 0 0  00000000
   4.497  3671 3098  76 2  0  0 0 0 0 0  00000000
   4.521  3672 3102  75 1  0  0 0 0 0 0  00000000
   4.534  3673 3103  66 1  0  0 0 0 0 0  00000000
   4.545  3673 3103   0 0  0  0 0 0 0 0  00000000
   4.830  2182 4070  69 1  0  0 0 0 0 0  00000000
   4.857  2182 4068  70 1  0  0 0 0 0 0  00000000
   4.869  2181 4066  71 1  0  0 0 0 0 0  00000000
   4.880  2181 4066  70 1  0  0 0 0 0 0  00000000
   4.893  2181 4066  71 1  0  0 0 0 0 0  00000000
   4.904  2181 4066  69 1  0  0 0 0 0 0  00000000
   4.917  2181 4067  68 1  0  0 0 0 0 0  00000000
   4.930  2181 4093  67 1  0  0 0 0 0 0  00000000
   4.943  2205 4093  64 1  0  0 0 0 0 0  00000000
   4.955  2205 4122  63 1  0  0 0 0 0 0  00000000
   4.967  2205 4123  61 1  0  0 0 0 0 0  00000000
   4.979  2205 4146  58 1  0  0 0 0 0 0  00000000
   4.992  2205 4162  53 1  0  0 0 0 0 0  00000000
   5.005  2187 4162  44 1  0  0 0 0 0 0  00000000
   5.016  2187 4162   0 0  0  0 0 0 0 0  00000000
   5.104  3583 3224  49 1  0  0 0 0 0 0  00000000
   5.117  3514 3242  71 1  0  0 0 0 0 0  00000000
   5.128  3514 3258  72 1  0  0 0 0 0 0  00000000
   5.141  3514 3258  73 1  0  0 0 0 0 0  00000000
   5.153  3514 3258  74 1  0  0 0 0 0 0  00000000
   5.166  3514 3259  74 1  0  0 0 0 0 0  00000000
   5.178  3514 3263  74 1  0  0 0 0 0 0  00000000
   5.191  3515 3268  74 1  0  0 0 0 0 0  00000000
   5.203  3516 3269  74 1  0  0 0 0 0 0  00000000
   5.216  3517 3270  74 1  0  0 0 0 0 0  00000000
   5.229  3521 3276  74 1  0  0 0 0 0 0  00000000
   5.240  3525 3277  75 1  0  0 0 0 0 0  00000000
   5.253  3529 3278  75 1  0  0 0 0 0 0  00000000
   5.266  3530 3279  75 1  0  0 0 0 0 0  00000000
   5.278  3535 3280  75 1  0  0 0 0 0 0  00000000
   5.291  3540 3281  73 1  0  0 0 0 0 0  00000000
   5.302  3541 3281  70 1  0  0 0 0 0 0  00000000
   5.314  3542 3281  62 1  0  0 0 0 0 0  00000000
   5.327  3563 3252  47 1  0  0 0 0 0 0  00000000
   5.338  3563 3252   0 0  0  0 0 0 0 0  00000000
   5.352  1926 4274  50 1  0  0 0 0 0 0  00000000
   5.363  1857 4219  63 1  0  0 0 0 0 0  00000000
   5.377  1857 4219  64 1  0  0 0 0 0 0  00000000
   5.389  1855 4218  64 1  0  0 0 0 0 0  00000000
   5.402  1853 4218  65 1  0  0 0 0 0 0  00000000
   5.413  1851 4218  65 1  0  0 0 0 0 0  00000000
   5.426  1851 4218  64 1  0  0 0 0 0 0  00000000
   5.439  1851 4236  63 1  0  0 0 0 0 0  00000000
   5.452  1851 4236  62 1  0  0 0 0 0 0  00000000
   5.463  1851 4237  61 1  0  0 0 0 0 0  00000000
   5.476  1851 4261  59 1  0  0 0 0 0 0  00000000
   5.489  1873 4287  55 1  0  0 0 0 0 0  00000000
   5.501  1903 4320  47 1  0  0 0 0 0 0  00000000
   5.512  1903 4320   0 0  0  0 0 0 0 0  00000000
   5.625  3550 3098  77 1  0  0 0 0 0 0  00000000
   5.639  3551 3098  75 1  0  0 0 0 0 0  00000000
   5.651  3552 3098  76 1  0  0 0 0 0 0  00000000
   5.663  3553 3098  76 1  0  0 0 0 0 0  00000000
   5.688  3553 3098  75 1  0  0 0 0 0 0  00000000
   5.700  3553 3098  74 1  0  0 0 0 0 0  00000000
   5.724  3557 3098  72 1  0  0 0 0 0 0  00000000
   5.736  3561 3099  69 1  0  0 0 0 0 0  00000000
   5.750  3601 3123  62 1  0  0 0 0 0 0  00000000
   5.761  3633 3121  46 1  0  0 0 0 0 0  00000000
   5.773  3633 3121   0 0  0  0 0 0 0 0  00000000
   5.860  1921 4055  72 1  0  0 0 0 0 0  00000000
   5.873  1896 4029  72 1  0  0 0 0 0 0  00000000
   5.886  1896 4027  75 1  0  0 0 0 0 0  00000000
   5.898  1896 4021  75 1  0  0 0 0 0 0  00000000
   5.910  1896 4019  74 1  0  0 0 0 0 0  00000000
   5.923  1919 4019  69 1  0  0 0 0 0 0  00000000
   5.934  1920 4062  65 1  0  0 0 0 0 0  00000000
   5.947  1971 4100  53 1  0  0 0 0 0 0  00000000
   5.959  1971 4100   0 0  0  0 0 0 0 0  00000000
   6.145  3535 3064  79 1  0  0 0 0 0 0  00000000
   6.171  3535 3033  80 1  0  0 0 0 0 0  00000000
   6.184  3535 3032  80 1  0  0 0 0 0 0  00000000
   6.196  3535 3032  79 1  0  0 0 0 0 0  00000000
   6.209  3533 3032  79 1  0  0 0 0 0 0  00000000
   6.222  3531 3032  79 1  0  0 0 0 0 0  00000000
   6.232  3530 3032  77 1  0  0 0 0 0 0  00000000
   6.245  3530 3032  76 1  0  0 0 0 0 0  00000000
   6.259  3530 3032  75 1  0  0 0 0 0 0  00000000
   6.271  3531 3032  73 1  0  0 0 0 0 0  00000000
   6.282  3557 3032  71 1  0  0 0 0 0 0  00000000
   6.295  3588 3032  67 1  0  0 0 0 0 0  00000000
   6.307  3622 3032  60 1  0  0 0 0 0 0  00000000
   6.320  3664 3001  41 1  0  0 0 0 0 0  00000000
   6.331  3664 3001   0 0  0  0 0 0 0 0  00000000
   6.382  2011 4068  74 1  0  0 0 0 0 0  00000000
   6.395  2009 4066  70 1  0  0 0 0 0 0  00000000
   6.406  2007 4060  74 1  0  0 0 0 0 0  00000000
   6.420  2005 4054  74 1  0  0 0 0 0 0  00000000
   6.432  2005 4052  74 1  0  0 0 0 0 0  00000000
   6.445  2004 4051  73 1  0  0 0 0 0 0  00000000
   6.457  2004 4051  72 1  0  0 0 0 0 0  00000000
   6.469  2004 4052  69 1  0  0 0 0 0 0  00000000
   6.482  2004 4056  67 1  0  0 0 0 0 0  00000000
   6.493  2024 4077  65 1  0  0 0 0 0 0  00000000
   6.506  2046 4078  60 1  0  0 0 0 0 0  00000000
   6.517  2068 4109  44 1  0  0 0 0 0 0  00000000
   6.530  2068 4109   0 0  0  0 0 0 0 0  00000000
   6.643  3643 3000  68 1  0  0 0 0 0 0  00000000
   6.654  3600 2965  72 1  0  0 0 0 0 0  00000000
   6.667  3600 2966  74 1  0  0 0 0 0 0  00000000
   6.679  3600 2966  75 1  0  0 0 0 0 0  00000000
   6.692  3600 2967  74 1  0  0 0 0 0 0  00000000
   6.705  3600 2968  74 1  0  0 0 0 0 0  00000000
   6.717  3600 2969  74 1  0  0 0 0 0 0  00000000
   6.730  3600 2974  73 1  0  0 0 0 0 0  00000000
   6.742  3601 2978  72 1  0  0 0 0 0 0  00000000
   6.755  3602 2983  70 1  0  0 0 0 0 0  00000000
   6.768  3625 2984  66 1  0  0 0 0 0 0  00000000
   6.779  3656 2984  53 1  0  0 0 0 0 0  00000000
   6.791  3656 2984   0 0  0  0 0 0 0 0  00000000
   6.915  2021 4079  72 1  0  0 0 0 0 0  00000000
   6.928  2021 4080  68 1  0  0 0 0 0 0  00000000
   6.941  2020 4080  70 1  0  0 0 0 0 0  00000000
   6.989  2020 4081  68 1  0  0 0 0 0 0  00000000
   7.003  2020 4102  68 1  0  0 0 0 0 0  00000000
   7.014  2020 4103  66 1  0  0 0 0 0 0  00000000
   7.027  2020 4130  65 1  0  0 0 0 0 0  00000000
   7.040  2021 4130  61 1  0  0 0 0 0 0  00000000
   7.052  2049 4151  52 1  0  0 0 0 0 0  00000000
   7.064  2049 4151   0 0  0  0 0 0 0 0  00000000
   7.164  3519 3020  68 1  0  0 0 0 0 0  00000000
   7.177  3472 3001  72 1  0  0 0 0 0 0  00000000
   7.188  3472 3001  74 1  0  0 0 0 0 0  00000000
   7.214  3472 3002  74 1  0  0 0 0 0 0  00000000
   7.251  3472 3003  73 1  0  0 0 0 0 0  00000000
   7.263  3476 3004  72 1  0  0 0 0 0 0  00000000
   7.275  3477 3008  72 1  0  0 0 0 0 0  00000000
   7.289  3507 3014  69 1  0  0 0 0 0 0  00000000
   7.302  3540 3015  65 1  0  0 0 0 0 0  00000000
   7.313  3569 3016  63 1  0  0 0 0 0 0  00000000
   7.325  3600 3010  55 1  0  0 0 0 0 0  00000000
   7.336  3632 2953  48 1  0  0 0 0 0 0  00000000
   7.349  3632 2953   0 0  0  0 0 0 0 0  00000000
   7.386  2036 4161  48 1  0  0 0 0 0 0  00000000
   7.400  1974 4102  70 1  0  0 0 0 0 0  00000000
   7.412  1974 4102  72 1  0  0 0 0 0 0  00000000
   7.425  1974 4100  72 1  0  0 0 0 0 0  00000000
   7.438  1974 4098  71 1  0  0 0 0 0 0  00000000
   7.450  1974 4096  71 1  0  0 0 0 0 0  00000000
   7.462  1995 4097  68 1  0  0 0 0 0 0  00000000
   7.474  2026 4130  64 1  0  0 0 0 0 0  00000000
   7.487  2078 4146  53 1  0  0 0 0 0 0  00000000
   7.498  2078 4146   0 0  0  0 0 0 0 0  00000000
   7.673  3626 3074  78 1  0  0 0 0 0 0  00000000
   7.685  3627 3074  75 1  0  0 0 0 0 0  00000000
   7.698  3627 3056  77 1  0  0 0 0 0 0  00000000
   7.710  3625 3056  77 1  0  0 0 0 0 0  00000000
   7.723  3623 3056  76 1  0  0 0 0 0 0  00000000
   7.744  3623 3057  76 1  0  0 0 0 0 0  00000000
   7.760  3623 3081  74 1  0  0 0 0 0 0  00000000
   7.784  3623 3080  74 1  0  0 0 0 0 0  00000000
   7.797  3624 3080  73 1  0  0 0 0 0 0  00000000
   7.810  3625 3080  74 1  0  0 0 0 0 0  00000000
   7.822  3626 3080  74 1  0  0 0 0 0 0  00000000
   7.835  3627 3080  74 1  0  0 0 0 0 0  00000000
   7.846  3628 3080  73 1  0  0 0 0 0 0  00000000
   7.859  3634 3061  68 1  0  0 0 0 0 0  00000000
   7.870  3662 3034  61 1  0  0 0 0 0 0  00000000
   7.883  3663 2993  51 1  0  0 0 0 0 0  00000000
   7.895  3663 2993   0 0  0  0 0 0 0 0  00000000
   7.920  2115 4108  65 1  0  0 0 0 0 0  00000000
   7.934  2069 4083  70 1  0  0 0 0 0 0  00000000
   7.946  2067 4081  73 1  0  0 0 0 0 0  00000000
   7.958  2063 4077  75 1  0  0 0 0 0 0  00000000
   7.971  2058 4072  75 1  0  0 0 0 0 0  00000000
   7.982  2056 4070  74 1  0  0 0 0 0 0  00000000
   7.995  2055 4070  73 1  0  0 0 0 0 0  00000000
   8.008  2053 4071  71 1  0  0 0 0 0 0  00000000
   8.020  2053 4098  70 1  0  0 0 0 0 0  00000000
   8.032  2054 4114  68 1  0  0 0 0 0 0  00000000
   8.044  2059 4115  67 1  0  0 0 0 0 0  00000000
   8.057  2085 4120  66 1  0  0 0 0 0 0  00000000
   8.069  2085 4146  65 1  0  0 0 0 0 0  00000000
   8.081  2086 4146  65 1  0  0 0 0 0 0  00000000
   8.094  2087 4146  65 1  0  0 0 0 0 0  00000000
   8.107  2087 4147  65 1  0  0 0 0 0 0  00000000
   8.119  2087 4148  65 1  0  0 0 0 0 0  00000000
   8.132  2087 4149  64 1  0  0 0 0 0 0  00000000
   8.144  2088 4150  61 1  0  0 0 0 0 0  00000000
   8.157  2089 4154  53 1  0  0 0 0 0 0  00000000
   8.168  2089 4154   0 0  0  0 0 0 0 0  00000000
   8.194  3673 3111  69 1  0  0 0 0 0 0  00000000
   8.206  3643 3109  69 1  0  0 0 0 0 0  00000000
   8.219  3643 3108  71 1  0  0 0 0 0 0  00000000
   8.244  3643 3108  72 1  0  0 0 0 0 0  00000000
   8.268  3643 3109  71 1  0  0 0 0 0 0  00000000
   8.280  3643 3130  71 1  0  0 0 0 0 0  00000000
   8.293  3644 3131  70 1  0  0 0 0 0 0  00000000
   8.305  3649 3158  70 1  0  0 0 0 0 0  00000000
   8.317  3654 3159  68 1  0  0 0 0 0 0  00000000
   8.329  3660 3163  66 1  0  0 0 0 0 0  00000000
   8.342  3697 3187  62 1  0  0 0 0 0 0  00000000
   8.354  3739 3187  51 1  0  0 0 0 0 0  00000000
   8.367  3739 3187   0 0  0  0 0 0 0 0  00000000
   8.441  2016 4137  61 1  0  0 0 0 0 0  00000000
   8.454  1983 4135  65 1  0  0 0 0 0 0  00000000
   8.466  1983 4130  68 1  0  0 0 0 0 0  00000000
   8.479  1982 4102  69 1  0  0 0 0 0 0  00000000
   8.491  1982 4103  68 1  0  0 0 0 0 0  00000000
   8.505  1982 4129  67 1  0  0 0 0 0 0  00000000
   8.516  2001 4130  65 1  0  0 0 0 0 0  00000000
   8.528  2020 4157  61 1  0  0 0 0 0 0  00000000
   8.541  2060 4185  53 1  0  0 0 0 0 0  00000000
   8.552  2060 4185   0 0  0  0 0 0 0 0  00000000
   8.703  3579 3248  75 1  0  0 0 0 0 0  00000000
   8.714  3557 3211  69 1  0  0 0 0 0 0  00000000
   8.727  3557 3228  72 1  0  0 0 0 0 0  00000000
   8.752  3557 3228  71 1  0  0 0 0 0 0  00000000
   8.764  3557 3228  69 1  0  0 0 0 0 0  00000000
   8.778  3558 3235  64 1  0  0 0 0 0 0  00000000
   8.791  3593 3241  48 1  0  0 0 0 0 0  00000000
   8.802  3593 3241   0 0  0  0 0 0 0 0  00000000
   8.951  2024 4093  73 1  0  0 0 0 0 0  00000000
   8.962  2024 4093  68 1  0  0 0 0 0 0  00000000
   8.976  2024 4093  71 1  0  0 0 0 0 0  00000000
   8.988  2023 4093  70 1  0  0 0 0 0 0  00000000
   9.013  2030 4115  66 1  0  0 0 0 0 0  00000000
   9.024  2054 4146  62 1  0  0 0 0 0 0  00000000
   9.037  2088 4177  49 1  0  0 0 0 0 0  00000000
   9.049  2088 4177   0 0  0  0 0 0 0 0  00000000
   9.211  3504 3137  71 1  0  0 0 0 0 0  00000000
   9.223  3474 3098  72 1  0  0 0 0 0 0  00000000
   9.236  3474 3098  76 1  0  0 0 0 0 0  00000000
   9.249  3475 3096  78 1  0  0 0 0 0 0  00000000
   9.261  3476 3073  79 1  0  0 0 0 0 0  00000000
   9.273  3477 3073  79 1  0  0 0 0 0 0  00000000
   9.285  3478 3073  79 1  0  0 0 0 0 0  00000000
   9.310  3479 3073  79 1  0  0 0 0 0 0  00000000
   9.323  3484 3073  79 1  0  0 0 0 0 0  00000000
   9.335  3485 3073  78 1  0  0 0 0 0 0  00000000
   9.348  3486 3073  79 1  0  0 0 0 0 0  00000000
   9.360  3487 3071  79 1  0  0 0 0 0 0  00000000
   9.373  3488 3070  78 1  0  0 0 0 0 0  00000000
   9.384  3488 3070  79 1  0  0 0 0 0 0  00000000
   9.410  3488 3070  80 1  0  0 0 0 0 0  00000000
   9.472  3489 3070  80 1  0  0 0 0 0 0  00000000
   9.485  3489 3070  81 1  0  0 0 0 0 0  00000000
   9.498  3489 3069  80 1  0  0 0 0 0 0  00000000
   9.509  3489 3065  80 1  0  0 0 0 0 0  00000000
   9.522  3489 3063  81 1  0  0 0 0 0 0  00000000
   9.534  3489 3062  81 1  0  0 0 0 0 0  00000000
   9.546  3489 3062  80 1  0  0 0 0 0 0  00000000
   9.558  3489 3061  80 1  0  0 0 0 0 0  00000000
   9.571  3489 3056  81 1  0  0 0 0 0 0  00000000
   9.584  3489 3055  81 1  0  0 0 0 0 0  00000000
   9.596  3489 3053  81 1  0  0 0 0 0 0  00000000
   9.608  3489 3049  80 1  0  0 0 0 0 0  00000000
   9.621  3489 3044  81 1  0  0 0 0 0 0  00000000
   9.633  3489 3042  80 1  0  0 0 0 0 0  00000000
   9.647  3490 3040  80 1  0  0 0 0 0 0  00000000
   9.658  3491 3039  81 1  0  0 0 0 0 0  00000000
   9.670  3492 3039  80 1  0  0 0 0 0 0  00000000
   9.684  3493 3039  80 1  0  0 0 0 0 0  00000000
   9.694  3493 3035  80 1  0  0 0 0 0 0  00000000
   9.707  3493 3030  81 1  0  0 0 0 0 0  00000000
   9.719  3493 3028  81 1  0  0 0 0 0 0  00000000
   9.732  3493 3027  80 1  0  0 0 0 0 0  00000000
   9.744  3493 3027  81 1  0  0 0 0 0 0  00000000
   9.769  3493 3027  80 1  0  0 0 0 0 0  00000000
   9.782  3494 3027  78 1  0  0 0 0 0 0  00000000
   9.795  3498 3027  73 1  0  0 0 0 0 0  00000000
   9.806  3569 3055  60 1  0  0 0 0 0 0  00000000
   9.818  3569 3055   0 0  0  0 0 0 0 0  00000000
