time	 y	 z	 f	 w	 l	 r	 u	 d	 m	 multi
   0.000  3569 3055   0 0  0  0 0 0 0 0  00000000
   5.847  3648 2821  65 1  0  0 0 0 0 0  00000000
   5.873  3609 2731  77 1  0  0 0 0 0 0  00000000
   5.886  3609 2729  79 1  0  0 0 0 0 0  00000000
   5.898  3609 2728  80 1  0  0 0 0 0 0  00000000
   5.911  3608 2724  80 1  0  0 0 0 0 0  00000000
   5.922  3604 2719  80 1  0  0 0 0 0 0  00000000
   5.934  3602 2717  80 1  0  0 0 0 0 0  00000000
   5.946  3600 2712  79 1  0  0 0 0 0 0  00000000
   5.959  3599 2711  79 1  0  0 0 0 0 0  00000000
   5.986  3599 2709  79 1  0  0 0 0 0 0  00000000
   6.035  3599 2709  80 1  0  0 0 0 0 0  00000000
   6.058  3599 2709  81 1  0  0 0 0 0 0  00000000
   6.072  3599 2709  80 1  0  0 0 0 0 0  00000000
   6.083  3597 2709  81 1  0  0 0 0 0 0  00000000
   6.095  3597 2709  80 1  0  0 0 0 0 0  00000000
   6.121  3597 2709  79 1  0  0 0 0 0 0  00000000
   6.133  3596 2710  79 1  0  0 0 0 0 0  00000000
   6.145  3591 2710  80 1  0  0 0 0 0 0  00000000
   6.158  3590 2711  80 1  0  0 0 0 0 0  00000000
   6.196  3590 2712  80 1  0  0 0 0 0 0  00000000
   6.207  3590 2717  79 1  0  0 0 0 0 0  00000000
   6.221  3590 2722  79 1  0  0 0 0 0 0  00000000
   6.232  3590 2723  78 1  0  0 0 0 0 0  00000000
   6.245  3590 2727  78 1  0  0 0 0 0 0  00000000
   6.256  3590 2732  75 1  0  0 0 0 0 0  00000000
   6.271  3591 2758  68 1  0  0 0 0 0 0  00000000
   6.281  3592 2790  48 1  0  0 0 0 0 0  00000000
   6.293  3592 2790   0 0  0  0 0 0 0 0  00000000
   6.604  2307 4008  76 1  0  0 0 0 0 0  00000000
   6.617  2307 4008  74 1  0  0 0 0 0 0  00000000
   6.629  2305 4007  76 1  0  0 0 0 0 0  00000000
   6.642  2304 4006  76 1  0  0 0 0 0 0  00000000
   6.654  2304 4006  77 1  0  0 0 0 0 0  00000000
   6.667  2304 4006  75 1  0  0 0 0 0 0  00000000
   6.678  2304 4006  72 1  0  0 0 0 0 0  00000000
   6.698  2279 4010  66 1  0  0 0 0 0 0  00000000
   6.715  2324 4045  38 1  0  0 0 0 0 0  00000000
   6.728  2324 4045   0 0  0  0 0 0 0 0  00000000
   6.865  3569 3015  77 1  0  0 0 0 0 0  00000000
   6.878  3569 3015  74 1  0  0 0 0 0 0  00000000
   6.890  3546 3014  78 1  0  0 0 0 0 0  00000000
   6.902  3546 3014  79 1  0  0 0 0 0 0  00000000
   6.915  3546 3013  79 1  0  0 0 0 0 0  00000000
   6.927  3546 3013  78 1  0  0 0 0 0 0  00000000
   6.939  3546 3013  79 1  0  0 0 0 0 0  00000000
   6.952  3546 3013  78 1  0  0 0 0 0 0  00000000
   6.964  3563 3013  78 1  0  0 0 0 0 0  00000000
   6.978  3563 3013  76 1  0  0 0 0 0 0  00000000
   6.990  3586 3014  73 1  0  0 0 0 0 0  00000000
   7.001  3646 3015  69 1  0  0 0 0 0 0  00000000
   7.014  3705 2991  59 1  0  0 0 0 0 0  00000000
   7.026  3705 2991   0 0  0  0 0 0 0 0  00000000
   7.126  2210 4114  49 1  0  0 0 0 0 0  00000000
   7.138  2126 4070  69 1  0  0 0 0 0 0  00000000
   7.150  2126 4070  73 1  0  0 0 0 0 0  00000000
   7.163  2126 4069  73 1  0  0 0 0 0 0  00000000
   7.176  2126 4068  74 1  0  0 0 0 0 0  00000000
   7.187  2126 4068  73 1  0  0 0 0 0 0  00000000
   7.225  2126 4068  71 1  0  0 0 0 0 0  00000000
   7.237  2126 4088  66 1  0  0 0 0 0 0  00000000
   7.250  2164 4089  50 1  0  0 0 0 0 0  00000000
   7.261  2164 4089   0 0  0  0 0 0 0 0  00000000
   7.424  3543 3328  63 1  0  0 0 0 0 0  00000000
   7.435  3504 3305  69 1  0  0 0 0 0 0  00000000
   7.448  3504 3305  72 1  0  0 0 0 0 0  00000000
   7.461  3504 3303  73 1  0  0 0 0 0 0  00000000
   7.473  3504 3302  74 1  0  0 0 0 0 0  00000000
   7.485  3504 3302  73 1  0  0 0 0 0 0  00000000
   7.498  3504 3300  74 1  0  0 0 0 0 0  00000000
   7.535  3504 3300  73 1  0  0 0 0 0 0  00000000
   7.547  3505 3300  73 1  0  0 0 0 0 0  00000000
   7.561  3506 3300  73 1  0  0 0 0 0 0  00000000
   7.573  3507 3300  73 1  0  0 0 0 0 0  00000000
   7.585  3508 3301  75 1  0  0 0 0 0 0  00000000
   7.597  3509 3302  74 1  0  0 0 0 0 0  00000000
   7.609  3510 3303  74 1  0  0 0 0 0 0  00000000
   7.634  3511 3304  75 1  0  0 0 0 0 0  00000000
   7.647  3511 3304  74 1  0  0 0 0 0 0  00000000
   7.672  3511 3304  75 1  0  0 0 0 0 0  00000000
   7.683  3515 3304  74 1  0  0 0 0 0 0  00000000
   7.696  3516 3305  74 1  0  0 0 0 0 0  00000000
   7.708  3517 3305  74 1  0  0 0 0 0 0  00000000
   7.722  3517 3305  73 1  0  0 0 0 0 0  00000000
   7.734  3517 3305  74 1  0  0 0 0 0 0  00000000
   7.754  3517 3305  75 1  0  0 0 0 0 0  00000000
   7.760  3517 3305  74 1  0  0 0 0 0 0  00000000
   7.774  3517 3305  75 1  0  0 0 0 0 0  00000000
   7.784  3517 3305  74 1  0  0 0 0 0 0  00000000
   7.796  3517 3306  74 1  0  0 0 0 0 0  00000000
   7.808  3517 3307  75 1  0  0 0 0 0 0  00000000
   7.833  3517 3308  74 1  0  0 0 0 0 0  00000000
   7.845  3517 3309  74 1  0  0 0 0 0 0  00000000
   7.870  3517 3309  75 1  0  0 0 0 0 0  00000000
   7.882  3517 3310  75 1  0  0 0 0 0 0  00000000
   7.895  3517 3310  74 1  0  0 0 0 0 0  00000000
   7.920  3517 3311  74 1  0  0 0 0 0 0  00000000
   7.932  3517 3312  75 1  0  0 0 0 0 0  00000000
   7.945  3517 3313  74 1  0  0 0 0 0 0  00000000
   7.957  3517 3314  74 1  0  0 0 0 0 0  00000000
   7.970  3517 3315  74 1  0  0 0 0 0 0  00000000
   7.994  3518 3316  72 1  0  0 0 0 0 0  00000000
   8.007  3560 3317  64 1  0  0 0 0 0 0  00000000
   8.019  3622 3318  44 1  0  0 0 0 0 0  00000000
   8.030  3622 3318   0 0  0  0 0 0 0 0  00000000
   8.143  2055 4068  74 1  0  0 0 0 0 0  00000000
   8.156  2055 4068  75 1  0  0 0 0 0 0  00000000
   8.168  2055 4066  76 1  0  0 0 0 0 0  00000000
   8.180  2051 4064  77 1  0  0 0 0 0 0  00000000
   8.192  2050 4062  77 1  0  0 0 0 0 0  00000000
   8.205  2048 4062  77 1  0  0 0 0 0 0  00000000
   8.218  2046 4061  77 1  0  0 0 0 0 0  00000000
   8.229  2044 4061  77 1  0  0 0 0 0 0  00000000
   8.242  2044 4061  76 1  0  0 0 0 0 0  00000000
   8.267  2044 4061  77 1  0  0 0 0 0 0  00000000
   8.366  2044 4061  76 1  0  0 0 0 0 0  00000000
   8.391  2044 4061  77 1  0  0 0 0 0 0  00000000
   8.441  2043 4061  77 1  0  0 0 0 0 0  00000000
   8.465  2043 4061  76 1  0  0 0 0 0 0  00000000
   8.479  2043 4061  77 1  0  0 0 0 0 0  00000000
   8.504  2043 4061  76 1  0  0 0 0 0 0  00000000
   8.515  2043 4061  75 1  0  0 0 0 0 0  00000000
   8.528  2043 4061  73 1  0  0 0 0 0 0  00000000
   8.539  2061 4061  69 1  0  0 0 0 0 0  00000000
   8.552  2095 4088  61 1  0  0 0 0 0 0  00000000
   8.564  2124 4089  53 1  0  0 0 0 0 0  00000000
   8.577  2096 4157  40 1  0  0 0 0 0 0  00000000
   8.590  2096 4157   0 0  0  0 0 0 0 0  00000000
   8.602  3393 2951  65 1  0  0 0 0 0 0  00000000
   8.615  3367 2951  73 1  0  0 0 0 0 0  00000000
   8.628  3367 2951  74 1  0  0 0 0 0 0  00000000
   8.640  3367 2951  75 1  0  0 0 0 0 0  00000000
   8.652  3367 2951  77 1  0  0 0 0 0 0  00000000
   8.664  3367 2951  76 1  0  0 0 0 0 0  00000000
   8.677  3367 2951  77 1  0  0 0 0 0 0  00000000
   8.713  3368 2952  77 1  0  0 0 0 0 0  00000000
   8.726  3369 2953  77 1  0  0 0 0 0 0  00000000
   8.739  3370 2954  77 1  0  0 0 0 0 0  00000000
   8.749  3371 2954  77 1  0  0 0 0 0 0  00000000
   8.764  3375 2954  78 1  0  0 0 0 0 0  00000000
   8.776  3376 2954  77 1  0  0 0 0 0 0  00000000
   8.789  3380 2954  77 1  0  0 0 0 0 0  00000000
   8.801  3415 2953  72 1  0  0 0 0 0 0  00000000
   8.814  3446 2922  64 1  0  0 0 0 0 0  00000000
   8.825  3491 2922  47 1  0  0 0 0 0 0  00000000
   8.836  3491 2922   0 0  0  0 0 0 0 0  00000000
   8.913  2048 4041  75 1  0  0 0 0 0 0  00000000
   8.937  2020 4013  78 1  0  0 0 0 0 0  00000000
   8.949  2020 4012  80 1  0  0 0 0 0 0  00000000
   8.962  2020 4012  79 1  0  0 0 0 0 0  00000000
   8.975  2020 4010  79 1  0  0 0 0 0 0  00000000
   8.987  2020 4008  77 1  0  0 0 0 0 0  00000000
   8.999  2020 4009  74 1  0  0 0 0 0 0  00000000
   9.013  2049 4039  69 1  0  0 0 0 0 0  00000000
   9.024  2089 4067  55 1  0  0 0 0 0 0  00000000
   9.035  2089 4067   0 0  0  0 0 0 0 0  00000000
   9.185  3473 2999  63 1  0  0 0 0 0 0  00000000
   9.197  3420 2933  73 1  0  0 0 0 0 0  00000000
   9.216  3420 2931  76 1  0  0 0 0 0 0  00000000
   9.234  3420 2929  78 1  0  0 0 0 0 0  00000000
   9.248  3420 2923  79 1  0  0 0 0 0 0  00000000
   9.259  3420 2921  79 1  0  0 0 0 0 0  00000000
   9.273  3420 2916  79 1  0  0 0 0 0 0  00000000
   9.284  3420 2915  78 1  0  0 0 0 0 0  00000000
   9.297  3420 2913  78 1  0  0 0 0 0 0  00000000
   9.310  3421 2913  79 1  0  0 0 0 0 0  00000000
   9.321  3422 2913  78 1  0  0 0 0 0 0  00000000
   9.347  3422 2911  79 1  0  0 0 0 0 0  00000000
   9.359  3422 2911  78 1  0  0 0 0 0 0  00000000
   9.372  3422 2911  79 1  0  0 0 0 0 0  00000000
   9.384  3422 2911  80 1  0  0 0 0 0 0  00000000
   9.396  3422 2910  79 1  0  0 0 0 0 0  00000000
   9.409  3422 2910  80 1  0  0 0 0 0 0  00000000
   9.421  3422 2910  79 1  0  0 0 0 0 0  00000000
   9.433  3422 2910  80 1  0  0 0 0 0 0  00000000
   9.458  3422 2910  79 1  0  0 0 0 0 0  00000000
   9.471  3423 2910  80 1  0  0 0 0 0 0  00000000
   9.483  3424 2910  80 1  0  0 0 0 0 0  00000000
   9.495  3424 2910  79 1  0  0 0 0 0 0  00000000
   9.527  3425 2910  80 1  0  0 0 0 0 0  00000000
   9.545  3425 2910  81 1  0  0 0 0 0 0  00000000
   9.559  3425 2911  80 1  0  0 0 0 0 0  00000000
   9.570  3425 2911  81 1  0  0 0 0 0 0  00000000
   9.583  3425 2911  79 1  0  0 0 0 0 0  00000000
   9.595  3425 2911  81 1  0  0 0 0 0 0  00000000
   9.607  3425 2911  80 1  0  0 0 0 0 0  00000000
   9.620  3425 2911  79 1  0  0 0 0 0 0  00000000
   9.632  3425 2915  79 1  0  0 0 0 0 0  00000000
   9.644  3425 2916  81 1  0  0 0 0 0 0  00000000
   9.657  3425 2917  80 1  0  0 0 0 0 0  00000000
   9.670  3425 2922  81 1  0  0 0 0 0 0  00000000
   9.683  3425 2923  82 1  0  0 0 0 0 0  00000000
   9.694  3425 2924  81 1  0  0 0 0 0 0  00000000
   9.706  3423 2925  81 1  0  0 0 0 0 0  00000000
   9.719  3421 2929  79 1  0  0 0 0 0 0  00000000
   9.733  3421 2930  77 1  0  0 0 0 0 0  00000000
   9.744  3422 2931  72 1  0  0 0 0 0 0  00000000
   9.756  3427 2931  64 1  0  0 0 0 0 0  00000000
   9.768  3479 2956  45 1  0  0 0 0 0 0  00000000
   9.780  3479 2956   0 0  0  0 0 0 0 0  00000000
   9.991  2020 4113  67 1  0  0 0 0 0 0  00000000
  10.004  1986 4109  70 1  0  0 0 0 0 0  00000000
  10.016  1986 4080  75 1  0  0 0 0 0 0  00000000
  10.029  1986 4078  75 1  0  0 0 0 0 0  00000000
  10.054  1986 4076  76 1  0  0 0 0 0 0  00000000
  10.066  1986 4076  74 1  0  0 0 0 0 0  00000000
  10.079  1986 4076  73 1  0  0 0 0 0 0  00000000
  10.090  1987 4077  71 1  0  0 0 0 0 0  00000000
  10.104  2016 4101  65 1  0  0 0 0 0 0  00000000
  10.116  2067 4102  54 1  0  0 0 0 0 0  00000000
  10.127  2067 4102   0 0  0  0 0 0 0 0  00000000
  10.277  3515 2968  41 1  0  0 0 0 0 0  00000000
  10.290  3420 2966  74 1  0  0 0 0 0 0  00000000
  10.301  3420 2965  75 1  0  0 0 0 0 0  00000000
  10.314  3419 2963  75 1  0  0 0 0 0 0  00000000
  10.326  3420 2962  79 1  0  0 0 0 0 0  00000000
  10.339  3420 2960  77 1  0  0 0 0 0 0  00000000
  10.353  3420 2960  76 1  0  0 0 0 0 0  00000000
  10.365  3421 2960  76 1  0  0 0 0 0 0  00000000
  10.376  3426 2961  71 1  0  0 0 0 0 0  00000000
  10.389  3490 2986  63 1  0  0 0 0 0 0  00000000
  10.402  3490 2986   0 0  0  0 0 0 0 0  00000000
  10.550  2041 4115  70 1  0  0 0 0 0 0  00000000
  10.562  2041 4115  69 1  0  0 0 0 0 0  00000000
  10.574  2020 4089  74 1  0  0 0 0 0 0  00000000
  10.613  2020 4089  72 1  0  0 0 0 0 0  00000000
  10.624  2020 4089  71 1  0  0 0 0 0 0  00000000
  10.638  2021 4107  68 1  0  0 0 0 0 0  00000000
  10.650  2063 4124  60 1  0  0 0 0 0 0  00000000
  10.661  2063 4124   0 0  0  0 0 0 0 0  00000000
  10.836  3356 3433  61 1  0  0 0 0 0 0  00000000
  10.848  3324 3409  68 1  0  0 0 0 0 0  00000000
  10.860  3324 3407  72 1  0  0 0 0 0 0  00000000
  10.873  3324 3403  73 1  0  0 0 0 0 0  00000000
  10.886  3324 3398  73 1  0  0 0 0 0 0  00000000
  10.898  3324 3396  74 1  0  0 0 0 0 0  00000000
  10.911  3324 3391  74 1  0  0 0 0 0 0  00000000
  10.923  3324 3390  73 1  0  0 0 0 0 0  00000000
  10.935  3325 3390  74 1  0  0 0 0 0 0  00000000
  10.947  3326 3390  73 1  0  0 0 0 0 0  00000000
  10.960  3327 3391  73 1  0  0 0 0 0 0  00000000
  10.973  3328 3412  74 1  0  0 0 0 0 0  00000000
  10.984  3328 3413  73 1  0  0 0 0 0 0  00000000
  10.998  3328 3414  73 1  0  0 0 0 0 0  00000000
  11.010  3328 3415  73 1  0  0 0 0 0 0  00000000
  11.022  3328 3415  74 1  0  0 0 0 0 0  00000000
  11.033  3328 3415  73 1  0  0 0 0 0 0  00000000
  11.060  3328 3415  74 1  0  0 0 0 0 0  00000000
  11.072  3328 3416  74 1  0  0 0 0 0 0  00000000
  11.097  3328 3416  73 1  0  0 0 0 0 0  00000000
  11.109  3328 3416  74 1  0  0 0 0 0 0  00000000
  11.133  3328 3416  73 1  0  0 0 0 0 0  00000000
  11.158  3328 3416  74 1  0  0 0 0 0 0  00000000
  11.196  3328 3416  73 1  0  0 0 0 0 0  00000000
  11.269  3328 3417  74 1  0  0 0 0 0 0  00000000
  11.282  3328 3418  74 1  0  0 0 0 0 0  00000000
  11.294  3328 3419  73 1  0  0 0 0 0 0  00000000
  11.307  3328 3420  74 1  0  0 0 0 0 0  00000000
  11.344  3328 3420  73 1  0  0 0 0 0 0  00000000
  11.370  3328 3420  74 1  0  0 0 0 0 0  00000000
  11.393  3328 3421  73 1  0  0 0 0 0 0  00000000
  11.406  3328 3421  71 1  0  0 0 0 0 0  00000000
  11.419  3355 3422  66 1  0  0 0 0 0 0  00000000
  11.431  3400 3423  51 1  0  0 0 0 0 0  00000000
  11.442  3400 3423   0 0  0  0 0 0 0 0  00000000
  11.642  1974 4186  67 1  0  0 0 0 0 0  00000000
  11.654  1974 4186  65 1  0  0 0 0 0 0  00000000
  11.667  1974 4184  67 1  0  0 0 0 0 0  00000000
  11.679  1973 4180  68 1  0  0 0 0 0 0  00000000
  11.691  1971 4179  69 1  0  0 0 0 0 0  00000000
  11.704  1969 4179  68 1  0  0 0 0 0 0  00000000
  11.716  1968 4179  67 1  0  0 0 0 0 0  00000000
  11.729  1968 4179  64 1  0  0 0 0 0 0  00000000
  11.741  1968 4210  60 1  0  0 0 0 0 0  00000000
  11.755  1968 4236  52 1  0  0 0 0 0 0  00000000
  11.766  1968 4236   0 0  0  0 0 0 0 0  00000000
  11.916  3390 3186  75 1  0  0 0 0 0 0  00000000
  11.928  3371 3160  72 1  0  0 0 0 0 0  00000000
  11.941  3371 3160  75 1  0  0 0 0 0 0  00000000
  12.002  3371 3160  73 1  0  0 0 0 0 0  00000000
  12.014  3372 3161  71 1  0  0 0 0 0 0  00000000
  12.027  3396 3162  64 1  0  0 0 0 0 0  00000000
  12.039  3454 3163  43 1  0  0 0 0 0 0  00000000
  12.050  3454 3163   0 0  0  0 0 0 0 0  00000000
  12.188  2052 4137  70 1  0  0 0 0 0 0  00000000
  12.201  2050 4137  68 1  0  0 0 0 0 0  00000000
  12.213  2048 4137  70 1  0  0 0 0 0 0  00000000
  12.225  2047 4137  71 1  0  0 0 0 0 0  00000000
  12.237  2047 4136  70 1  0  0 0 0 0 0  00000000
  12.250  2047 4136  68 1  0  0 0 0 0 0  00000000
  12.262  2047 4136  66 1  0  0 0 0 0 0  00000000
  12.275  2070 4162  61 1  0  0 0 0 0 0  00000000
  12.287  2130 4206  43 1  0  0 0 0 0 0  00000000
  12.300  2130 4206   0 0  0  0 0 0 0 0  00000000
  12.486  3361 3103  77 1  0  0 0 0 0 0  00000000
  12.499  3361 3080  74 1  0  0 0 0 0 0  00000000
  12.511  3359 3080  76 1  0  0 0 0 0 0  00000000
  12.524  3357 3080  77 1  0  0 0 0 0 0  00000000
  12.536  3355 3080  77 1  0  0 0 0 0 0  00000000
  12.586  3355 3080  76 1  0  0 0 0 0 0  00000000
  12.598  3355 3081  75 1  0  0 0 0 0 0  00000000
  12.611  3355 3082  75 1  0  0 0 0 0 0  00000000
  12.622  3355 3083  75 1  0  0 0 0 0 0  00000000
  12.635  3355 3083  76 1  0  0 0 0 0 0  00000000
  12.672  3355 3083  77 1  0  0 0 0 0 0  00000000
  12.685  3355 3084  76 1  0  0 0 0 0 0  00000000
  12.697  3355 3084  77 1  0  0 0 0 0 0  00000000
  12.710  3355 3084  76 1  0  0 0 0 0 0  00000000
  12.722  3355 3084  77 1  0  0 0 0 0 0  00000000
  12.734  3355 3084  76 1  0  0 0 0 0 0  00000000
  12.747  3355 3084  77 1  0  0 0 0 0 0  00000000
  12.771  3355 3084  76 1  0  0 0 0 0 0  00000000
  12.784  3355 3084  77 1  0  0 0 0 0 0  00000000
  12.821  3355 3084  76 1  0  0 0 0 0 0  00000000
  12.846  3355 3084  77 1  0  0 0 0 0 0  00000000
  12.883  3355 3088  77 1  0  0 0 0 0 0  00000000
  12.895  3355 3089  77 1  0  0 0 0 0 0  00000000
  12.907  3355 3089  78 1  0  0 0 0 0 0  00000000
  12.920  3355 3090  77 1  0  0 0 0 0 0  00000000
  12.958  3355 3090  78 1  0  0 0 0 0 0  00000000
  12.971  3355 3090  76 1  0  0 0 0 0 0  00000000
  12.982  3355 3090  77 1  0  0 0 0 0 0  00000000
  12.994  3355 3090  76 1  0  0 0 0 0 0  00000000
  13.007  3355 3091  75 1  0  0 0 0 0 0  00000000
  13.019  3355 3091  71 1  0  0 0 0 0 0  00000000
  13.032  3356 3095  57 1  0  0 0 0 0 0  00000000
  13.044  3356 3095   0 0  0  0 0 0 0 0  00000000
  13.330  2030 4190  60 1  0  0 0 0 0 0  00000000
  13.341  1994 4158  65 1  0  0 0 0 0 0  00000000
  13.354  1994 4156  68 1  0  0 0 0 0 0  00000000
  13.366  1992 4132  71 1  0  0 0 0 0 0  00000000
  13.379  1991 4132  71 1  0  0 0 0 0 0  00000000
  13.392  1991 4132  70 1  0  0 0 0 0 0  00000000
  13.416  1991 4132  68 1  0  0 0 0 0 0  00000000
  13.436  1992 4151  65 1  0  0 0 0 0 0  00000000
  13.453  2018 4218  47 1  0  0 0 0 0 0  00000000
  13.465  2018 4218   0 0  0  0 0 0 0 0  00000000
  14.013  1865 4155  69 1  0  0 0 0 0 0  00000000
  14.023  1863 4155  69 1  0  0 0 0 0 0  00000000
  14.036  1861 4153  70 1  0  0 0 0 0 0  00000000
  14.049  1860 4151  71 1  0  0 0 0 0 0  00000000
  14.062  1858 4151  70 1  0  0 0 0 0 0  00000000
  14.074  1856 4151  70 1  0  0 0 0 0 0  00000000
  14.087  1856 4151  69 1  0  0 0 0 0 0  00000000
  14.100  1856 4158  68 1  0  0 0 0 0 0  00000000
  14.111  1857 4159  67 1  0  0 0 0 0 0  00000000
  14.124  1862 4181  64 1  0  0 0 0 0 0  00000000
  14.136  1900 4209  58 1  0  0 0 0 0 0  00000000
  14.148  1937 4251  48 1  0  0 0 0 0 0  00000000
  14.160  1937 4251   0 0  0  0 0 0 0 0  00000000
  14.558  2093 4123  42 1  0  0 0 0 0 0  00000000
  14.571  2007 4016  77 1  0  0 0 0 0 0  00000000
  14.583  2007 3999  80 1  0  0 0 0 0 0  00000000
  14.594  2007 3997  81 1  0  0 0 0 0 0  00000000
  14.607  2005 3995  82 1  0  0 0 0 0 0  00000000
  14.619  2005 3990  81 1  0  0 0 0 0 0  00000000
  14.632  2005 3988  81 1  0  0 0 0 0 0  00000000
  14.645  2005 3983  81 1  0  0 0 0 0 0  00000000
  14.657  2005 3981  80 1  0  0 0 0 0 0  00000000
  14.670  2005 3979  79 1  0  0 0 0 0 0  00000000
  14.681  2005 3975  78 1  0  0 0 0 0 0  00000000
  14.694  2006 3974  78 1  0  0 0 0 0 0  00000000
  14.708  2006 3974  79 1  0  0 0 0 0 0  00000000
  14.719  2006 3974  78 1  0  0 0 0 0 0  00000000
  14.732  2006 3974  80 1  0  0 0 0 0 0  00000000
  14.757  2006 3974  82 1  0  0 0 0 0 0  00000000
  14.769  2006 3974  81 1  0  0 0 0 0 0  00000000
  14.782  2005 3974  82 1  0  0 0 0 0 0  00000000
  14.793  2003 3974  81 1  0  0 0 0 0 0  00000000
  14.802  2002 3974  81 1  0  0 0 0 0 0  00000000
  14.868  2002 3974  82 1  0  0 0 0 0 0  00000000
  14.881  2002 3974  81 1  0  0 0 0 0 0  00000000
  14.907  2002 3974  82 1  0  0 0 0 0 0  00000000
  14.968  2002 3974  81 1  0  0 0 0 0 0  00000000
  14.980  2002 3974  82 1  0  0 0 0 0 0  00000000
  15.004  2001 3974  82 1  0  0 0 0 0 0  00000000
  15.016  2001 3973  82 1  0  0 0 0 0 0  00000000
  15.029  2001 3973  83 1  0  0 0 0 0 0  00000000
  15.041  2001 3973  82 1  0  0 0 0 0 0  00000000
  15.054  2000 3973  83 1  0  0 0 0 0 0  00000000
  15.104  2000 3972  83 1  0  0 0 0 0 0  00000000
  15.128  2000 3972  84 1  0  0 0 0 0 0  00000000
  15.153  1998 3971  84 1  0  0 0 0 0 0  00000000
  15.166  1998 3969  84 1  0  0 0 0 0 0  00000000
  15.178  1994 3969  84 1  0  0 0 0 0 0  00000000
  15.191  1993 3967  85 1  0  0 0 0 0 0  00000000
  15.203  1993 3965  84 1  0  0 0 0 0 0  00000000
  15.215  1991 3965  85 1  0  0 0 0 0 0  00000000
  15.228  1991 3965  84 1  0  0 0 0 0 0  00000000
  15.241  1991 3963  85 1  0  0 0 0 0 0  00000000
  15.252  1991 3963  84 1  0  0 0 0 0 0  00000000
  15.266  1991 3963  83 1  0  0 0 0 0 0  00000000
  15.277  1991 3963  84 1  0  0 0 0 0 0  00000000
  15.290  1991 3964  83 1  0  0 0 0 0 0  00000000
  15.303  1991 3965  83 1  0  0 0 0 0 0  00000000
  15.314  1991 3966  82 1  0  0 0 0 0 0  00000000
  15.327  1992 3967  79 1  0  0 0 0 0 0  00000000
  15.340  1996 3988  75 1  0  0 0 0 0 0  00000000
  15.352  2002 3989  69 1  0  0 0 0 0 0  00000000
  15.364  2003 4013  57 1  0  0 0 0 0 0  00000000
  15.377  2003 4013   0 0  0  0 0 0 0 0  00000000
  15.624  3331 3512  43 1  0  0 0 0 0 0  00000000
  15.637  3302 3482  64 1  0  0 0 0 0 0  00000000
  15.650  3302 3482  66 1  0  0 0 0 0 0  00000000
  15.662  3302 3480  66 1  0  0 0 0 0 0  00000000
  15.675  3302 3478  67 1  0  0 0 0 0 0  00000000
  15.688  3302 3476  67 1  0  0 0 0 0 0  00000000
  15.699  3302 3475  66 1  0  0 0 0 0 0  00000000
  15.712  3303 3475  65 1  0  0 0 0 0 0  00000000
  15.725  3304 3475  65 1  0  0 0 0 0 0  00000000
  15.738  3308 3475  65 1  0  0 0 0 0 0  00000000
  15.750  3312 3475  64 1  0  0 0 0 0 0  00000000
  15.761  3316 3475  64 1  0  0 0 0 0 0  00000000
  15.773  3317 3476  65 1  0  0 0 0 0 0  00000000
  15.787  3318 3476  64 1  0  0 0 0 0 0  00000000
  15.799  3323 3476  64 1  0  0 0 0 0 0  00000000
  15.811  3328 3475  60 1  0  0 0 0 0 0  00000000
  15.823  3376 3437  45 1  0  0 0 0 0 0  00000000
  15.836  3376 3437   0 0  0  0 0 0 0 0  00000000
  15.997  1986 4150  56 1  0  0 0 0 0 0  00000000
  16.009  1953 4107  69 1  0  0 0 0 0 0  00000000
  16.023  1953 4105  73 1  0  0 0 0 0 0  00000000
  16.034  1953 4099  73 1  0  0 0 0 0 0  00000000
  16.047  1953 4093  74 1  0  0 0 0 0 0  00000000
  16.059  1953 4088  75 1  0  0 0 0 0 0  00000000
  16.072  1953 4086  74 1  0  0 0 0 0 0  00000000
  16.084  1953 4084  73 1  0  0 0 0 0 0  00000000
  16.109  1953 4084  72 1  0  0 0 0 0 0  00000000
  16.123  1953 4084  70 1  0  0 0 0 0 0  00000000
  16.134  1953 4085  68 1  0  0 0 0 0 0  00000000
  16.147  1954 4108  66 1  0  0 0 0 0 0  00000000
  16.159  1958 4109  60 1  0  0 0 0 0 0  00000000
  16.172  1959 4135  52 1  0  0 0 0 0 0  00000000
  16.183  1995 4136  42 1  0  0 0 0 0 0  00000000
  16.195  1995 4136   0 0  0  0 0 0 0 0  00000000
  16.382  3352 3165  72 1  0  0 0 0 0 0  00000000
  16.396  3335 3132  70 1  0  0 0 0 0 0  00000000
  16.408  3335 3132  73 1  0  0 0 0 0 0  00000000
  16.419  3333 3130  75 1  0  0 0 0 0 0  00000000
  16.432  3332 3130  74 1  0  0 0 0 0 0  00000000
  16.445  3332 3129  74 1  0  0 0 0 0 0  00000000
  16.456  3332 3129  75 1  0  0 0 0 0 0  00000000
  16.469  3332 3129  73 1  0  0 0 0 0 0  00000000
  16.482  3332 3129  72 1  0  0 0 0 0 0  00000000
  16.494  3333 3130  69 1  0  0 0 0 0 0  00000000
  16.506  3378 3150  59 1  0  0 0 0 0 0  00000000
  16.518  3378 3150   0 0  0  0 0 0 0 0  00000000
  16.767  2118 4054  68 1  0  0 0 0 0 0  00000000
  16.780  2069 4011  77 1  0  0 0 0 0 0  00000000
  16.790  2069 3987  82 1  0  0 0 0 0 0  00000000
  16.803  2069 3985  83 1  0  0 0 0 0 0  00000000
  16.816  2067 3979  83 1  0  0 0 0 0 0  00000000
  16.828  2065 3977  84 1  0  0 0 0 0 0  00000000
  16.841  2065 3975  83 1  0  0 0 0 0 0  00000000
  16.854  2065 3968  82 1  0  0 0 0 0 0  00000000
  16.866  2065 3964  82 1  0  0 0 0 0 0  00000000
  16.878  2064 3962  82 1  0  0 0 0 0 0  00000000
  16.890  2064 3956  82 1  0  0 0 0 0 0  00000000
  16.903  2064 3954  82 1  0  0 0 0 0 0  00000000
  16.916  2064 3953  82 1  0  0 0 0 0 0  00000000
  16.953  2063 3953  83 1  0  0 0 0 0 0  00000000
  16.965  2059 3953  83 1  0  0 0 0 0 0  00000000
  16.977  2058 3953  82 1  0  0 0 0 0 0  00000000
  16.990  2058 3953  83 1  0  0 0 0 0 0  00000000
  17.002  2057 3953  83 1  0  0 0 0 0 0  00000000
  17.039  2057 3954  83 1  0  0 0 0 0 0  00000000
  17.052  2057 3954  82 1  0  0 0 0 0 0  00000000
  17.065  2057 3954  83 1  0  0 0 0 0 0  00000000
  17.089  2057 3954  82 1  0  0 0 0 0 0  00000000
  17.101  2057 3954  83 1  0  0 0 0 0 0  00000000
  17.128  2057 3954  82 1  0  0 0 0 0 0  00000000
  17.139  2057 3954  84 1  0  0 0 0 0 0  00000000
  17.151  2057 3954  83 1  0  0 0 0 0 0  00000000
  17.164  2055 3954  84 1  0  0 0 0 0 0  00000000
  17.177  2055 3954  85 1  0  0 0 0 0 0  00000000
  17.188  2055 3955  83 1  0  0 0 0 0 0  00000000
  17.202  2055 3956  83 1  0  0 0 0 0 0  00000000
  17.212  2055 3957  83 1  0  0 0 0 0 0  00000000
  17.227  2055 3958  83 1  0  0 0 0 0 0  00000000
  17.237  2053 3959  84 1  0  0 0 0 0 0  00000000
  17.251  2051 3960  84 1  0  0 0 0 0 0  00000000
  17.263  2051 3961  84 1  0  0 0 0 0 0  00000000
  17.276  2051 3962  84 1  0  0 0 0 0 0  00000000
  17.312  2051 3962  83 1  0  0 0 0 0 0  00000000
  17.326  2051 3962  84 1  0  0 0 0 0 0  00000000
  17.338  2051 3963  83 1  0  0 0 0 0 0  00000000
  17.350  2051 3969  82 1  0  0 0 0 0 0  00000000
  17.362  2052 3993  78 1  0  0 0 0 0 0  00000000
  17.374  2078 3994  71 1  0  0 0 0 0 0  00000000
  17.387  2078 4061  44 1  0  0 0 0 0 0  00000000
  17.398  2078 4061   0 0  0  0 0 0 0 0  00000000
  17.597  3212 3313  73 1  0  0 0 0 0 0  00000000
  17.611  3212 3313  71 1  0  0 0 0 0 0  00000000
  17.622  3212 3311  73 1  0  0 0 0 0 0  00000000
  17.635  3212 3309  73 1  0  0 0 0 0 0  00000000
  17.647  3212 3307  73 1  0  0 0 0 0 0  00000000
  17.660  3212 3306  73 1  0  0 0 0 0 0  00000000
  17.685  3212 3306  72 1  0  0 0 0 0 0  00000000
  17.698  3230 3306  71 1  0  0 0 0 0 0  00000000
  17.710  3277 3306  68 1  0  0 0 0 0 0  00000000
  17.721  3335 3306  64 1  0  0 0 0 0 0  00000000
  17.736  3381 3305  50 1  0  0 0 0 0 0  00000000
  17.746  3381 3305   0 0  0  0 0 0 0 0  00000000
  17.859  2333 4035  37 1  0  0 0 0 0 0  00000000
  17.870  2175 3948  77 1  0  0 0 0 0 0  00000000
  17.884  2173 3923  81 1  0  0 0 0 0 0  00000000
  17.896  2169 3923  82 1  0  0 0 0 0 0  00000000
  17.909  2164 3921  83 1  0  0 0 0 0 0  00000000
  17.921  2163 3915  82 1  0  0 0 0 0 0  00000000
  17.934  2163 3909  80 1  0  0 0 0 0 0  00000000
  17.945  2163 3905  75 1  0  0 0 0 0 0  00000000
  17.959  2183 3905  68 1  0  0 0 0 0 0  00000000
  17.971  2218 3934  48 1  0  0 0 0 0 0  00000000
  17.981  2218 3934   0 0  0  0 0 0 0 0  00000000
  18.132  3434 2874  76 1  0  0 0 0 0 0  00000000
  18.143  3411 2820  72 1  0  0 0 0 0 0  00000000
  18.156  3412 2820  76 1  0  0 0 0 0 0  00000000
  18.168  3413 2819  76 1  0  0 0 0 0 0  00000000
  18.194  3413 2819  75 1  0  0 0 0 0 0  00000000
  18.206  3413 2819  72 1  0  0 0 0 0 0  00000000
  18.219  3413 2819  64 1  0  0 0 0 0 0  00000000
  18.231  3466 2820  47 1  0  0 0 0 0 0  00000000
  18.242  3466 2820   0 0  0  0 0 0 0 0  00000000
  18.429  2228 3917  60 1  0  0 0 0 0 0  00000000
  18.442  2133 3915  82 1  0  0 0 0 0 0  00000000
  18.454  2133 3877  85 1  0  0 0 0 0 0  00000000
  18.467  2133 3877  86 1  0  0 0 0 0 0  00000000
  18.480  2131 3875  87 1  0  0 0 0 0 0  00000000
  18.491  2129 3873  87 1  0  0 0 0 0 0  00000000
  18.505  2129 3871  87 1  0  0 0 0 0 0  00000000
  18.516  2129 3866  86 1  0  0 0 0 0 0  00000000
  18.529  2129 3864  86 1  0  0 0 0 0 0  00000000
  18.541  2129 3845  86 1  0  0 0 0 0 0  00000000
  18.553  2129 3845  87 1  0  0 0 0 0 0  00000000
  18.578  2129 3845  86 1  0  0 0 0 0 0  00000000
  18.604  2128 3845  87 1  0  0 0 0 0 0  00000000
  18.615  2128 3846  87 1  0  0 0 0 0 0  00000000
  18.628  2128 3847  88 1  0  0 0 0 0 0  00000000
  18.641  2128 3848  87 1  0  0 0 0 0 0  00000000
  18.652  2128 3849  88 1  0  0 0 0 0 0  00000000
  18.665  2128 3853  88 1  0  0 0 0 0 0  00000000
  18.677  2128 3854  87 1  0  0 0 0 0 0  00000000
  18.689  2128 3855  88 1  0  0 0 0 0 0  00000000
  18.701  2128 3856  87 1  0  0 0 0 0 0  00000000
  18.715  2128 3857  87 1  0  0 0 0 0 0  00000000
  18.727  2127 3858  87 1  0  0 0 0 0 0  00000000
  18.801  2127 3858  88 1  0  0 0 0 0 0  00000000
  18.814  2127 3859  87 1  0  0 0 0 0 0  00000000
  18.826  2127 3859  88 1  0  0 0 0 0 0  00000000
  18.851  2127 3863  87 1  0  0 0 0 0 0  00000000
  18.864  2127 3863  89 1  0  0 0 0 0 0  00000000
  18.876  2127 3863  88 1  0  0 0 0 0 0  00000000
  18.902  2125 3863  88 1  0  0 0 0 0 0  00000000
  18.913  2125 3863  87 1  0  0 0 0 0 0  00000000
  18.925  2125 3863  88 1  0  0 0 0 0 0  00000000
  18.938  2125 3863  87 1  0  0 0 0 0 0  00000000
  18.950  2125 3863  88 1  0  0 0 0 0 0  00000000
  18.963  2125 3863  87 1  0  0 0 0 0 0  00000000
  18.976  2125 3867  84 1  0  0 0 0 0 0  00000000
  18.987  2125 3887  83 1  0  0 0 0 0 0  00000000
  19.000  2129 3887  77 1  0  0 0 0 0 0  00000000
  19.013  2172 3917  61 1  0  0 0 0 0 0  00000000
  19.024  2172 3917   0 0  0  0 0 0 0 0  00000000
  19.285  3305 3067  73 1  0  0 0 0 0 0  00000000
  19.299  3305 3044  69 1  0  0 0 0 0 0  00000000
  19.311  3305 3044  72 1  0  0 0 0 0 0  00000000
  19.323  3305 3044  71 1  0  0 0 0 0 0  00000000
  19.335  3305 3042  73 1  0  0 0 0 0 0  00000000
  19.360  3305 3042  72 1  0  0 0 0 0 0  00000000
  19.373  3305 3042  71 1  0  0 0 0 0 0  00000000
  19.385  3306 3042  70 1  0  0 0 0 0 0  00000000
  19.399  3333 3042  66 1  0  0 0 0 0 0  00000000
  19.410  3363 3042  56 1  0  0 0 0 0 0  00000000
  19.421  3363 3042   0 0  0  0 0 0 0 0  00000000
  19.621  2110 3922  71 1  0  0 0 0 0 0  00000000
  19.632  2075 3904  75 1  0  0 0 0 0 0  00000000
  19.645  2075 3904  82 1  0  0 0 0 0 0  00000000
  19.658  2074 3899  82 1  0  0 0 0 0 0  00000000
  19.669  2073 3894  84 1  0  0 0 0 0 0  00000000
  19.682  2071 3892  83 1  0  0 0 0 0 0  00000000
  19.695  2071 3887  83 1  0  0 0 0 0 0  00000000
  19.707  2067 3864  83 1  0  0 0 0 0 0  00000000
  19.720  2067 3864  82 1  0  0 0 0 0 0  00000000
  19.732  2065 3846  82 1  0  0 0 0 0 0  00000000
  19.745  2065 3846  81 1  0  0 0 0 0 0  00000000
  19.756  2065 3844  80 1  0  0 0 0 0 0  00000000
  19.770  2065 3842  80 1  0  0 0 0 0 0  00000000
  19.782  2064 3842  80 1  0  0 0 0 0 0  00000000
  19.795  2064 3841  79 1  0  0 0 0 0 0  00000000
  19.806  2062 3841  78 1  0  0 0 0 0 0  00000000
  19.819  2062 3841  76 1  0  0 0 0 0 0  00000000
  19.832  2062 3842  72 1  0  0 0 0 0 0  00000000
  19.844  2063 3880  65 1  0  0 0 0 0 0  00000000
  19.856  2064 3907  45 1  0  0 0 0 0 0  00000000
  19.867  2064 3907   0 0  0  0 0 0 0 0  00000000
  19.993  3412 3013  67 1  0  0 0 0 0 0  00000000
  20.005  3385 3013  69 1  0  0 0 0 0 0  00000000
  20.018  3385 3013  71 1  0  0 0 0 0 0  00000000
  20.030  3385 3012  72 1  0  0 0 0 0 0  00000000
  20.066  3385 3012  73 1  0  0 0 0 0 0  00000000
  20.092  3385 3012  72 1  0  0 0 0 0 0  00000000
  20.105  3385 3012  71 1  0  0 0 0 0 0  00000000
  20.118  3386 3012  71 1  0  0 0 0 0 0  00000000
  20.129  3407 3012  69 1  0  0 0 0 0 0  00000000
  20.141  3439 2992  63 1  0  0 0 0 0 0  00000000
  20.156  3488 2988  51 1  0  0 0 0 0 0  00000000
  20.167  3488 2988   0 0  0  0 0 0 0 0  00000000
  20.439  2100 3941  34 1  0  0 0 0 0 0  00000000
  20.451  2012 3913  81 1  0  0 0 0 0 0  00000000
  20.464  2012 3897  83 1  0  0 0 0 0 0  00000000
  20.477  2012 3877  86 1  0  0 0 0 0 0  00000000
  20.489  2011 3877  86 1  0  0 0 0 0 0  00000000
  20.501  2009 3877  87 1  0  0 0 0 0 0  00000000
  20.514  2007 3875  86 1  0  0 0 0 0 0  00000000
  20.526  2007 3871  87 1  0  0 0 0 0 0  00000000
  20.539  2005 3870  86 1  0  0 0 0 0 0  00000000
  20.564  2005 3866  87 1  0  0 0 0 0 0  00000000
  20.575  2005 3864  87 1  0  0 0 0 0 0  00000000
  20.588  2005 3863  86 1  0  0 0 0 0 0  00000000
  20.600  2004 3863  88 1  0  0 0 0 0 0  00000000
  20.613  2002 3863  88 1  0  0 0 0 0 0  00000000
  20.638  2002 3864  88 1  0  0 0 0 0 0  00000000
  20.651  2002 3865  89 1  0  0 0 0 0 0  00000000
  20.664  2001 3866  89 1  0  0 0 0 0 0  00000000
  20.675  2000 3867  88 1  0  0 0 0 0 0  00000000
  20.688  2000 3868  88 1  0  0 0 0 0 0  00000000
  20.713  1999 3868  88 1  0  0 0 0 0 0  00000000
  20.738  1999 3868  87 1  0  0 0 0 0 0  00000000
  20.750  1999 3868  88 1  0  0 0 0 0 0  00000000
  20.775  1999 3868  87 1  0  0 0 0 0 0  00000000
  20.788  1999 3868  88 1  0  0 0 0 0 0  00000000
  20.823  1999 3868  87 1  0  0 0 0 0 0  00000000
  20.836  1999 3868  88 1  0  0 0 0 0 0  00000000
  20.887  1999 3869  87 1  0  0 0 0 0 0  00000000
  20.900  1999 3870  88 1  0  0 0 0 0 0  00000000
  20.911  1999 3871  88 1  0  0 0 0 0 0  00000000
  20.936  1999 3875  86 1  0  0 0 0 0 0  00000000
  20.947  1999 3876  87 1  0  0 0 0 0 0  00000000
  20.960  1999 3877  86 1  0  0 0 0 0 0  00000000
  20.973  1999 3878  86 1  0  0 0 0 0 0  00000000
  20.985  1999 3883  86 1  0  0 0 0 0 0  00000000
  20.998  1999 3888  86 1  0  0 0 0 0 0  00000000
  21.010  1999 3889  86 1  0  0 0 0 0 0  00000000
  21.022  1999 3913  83 1  0  0 0 0 0 0  00000000
  21.035  2017 3914  80 1  0  0 0 0 0 0  00000000
  21.048  2018 3940  73 1  0  0 0 0 0 0  00000000
  21.060  2011 3941  57 1  0  0 0 0 0 0  00000000
  21.072  2058 4054  37 1  0  0 0 0 0 0  00000000
  21.084  2058 4054   0 0  0  0 0 0 0 0  00000000
  21.482  3334 3214  51 1  0  0 0 0 0 0  00000000
  21.494  3286 3178  67 1  0  0 0 0 0 0  00000000
  21.507  3286 3178  69 1  0  0 0 0 0 0  00000000
  21.519  3285 3178  71 1  0  0 0 0 0 0  00000000
  21.532  3266 3178  71 1  0  0 0 0 0 0  00000000
  21.569  3266 3179  71 1  0  0 0 0 0 0  00000000
  21.581  3266 3180  71 1  0  0 0 0 0 0  00000000
  21.594  3266 3181  71 1  0  0 0 0 0 0  00000000
  21.606  3266 3182  69 1  0  0 0 0 0 0  00000000
  21.617  3266 3182  68 1  0  0 0 0 0 0  00000000
  21.630  3267 3182  66 1  0  0 0 0 0 0  00000000
  21.643  3295 3182  62 1  0  0 0 0 0 0  00000000
  21.655  3313 3182  50 1  0  0 0 0 0 0  00000000
  21.668  3313 3182   0 0  0  0 0 0 0 0  00000000
  21.829  2033 3967  81 1  0  0 0 0 0 0  00000000
  21.841  2033 3965  79 1  0  0 0 0 0 0  00000000
  21.854  2032 3959  81 1  0  0 0 0 0 0  00000000
  21.866  2027 3952  83 1  0  0 0 0 0 0  00000000
  21.878  2025 3948  82 1  0  0 0 0 0 0  00000000
  21.891  2023 3946  82 1  0  0 0 0 0 0  00000000
  21.903  2022 3945  81 1  0  0 0 0 0 0  00000000
  21.916  2022 3945  80 1  0  0 0 0 0 0  00000000
  21.929  2022 3945  79 1  0  0 0 0 0 0  00000000
  21.941  2022 3945  78 1  0  0 0 0 0 0  00000000
  21.953  2022 3945  77 1  0  0 0 0 0 0  00000000
  21.965  2022 3945  76 1  0  0 0 0 0 0  00000000
  21.978  2022 3974  72 1  0  0 0 0 0 0  00000000
  21.990  2022 3974  70 1  0  0 0 0 0 0  00000000
  22.003  2026 3975  65 1  0  0 0 0 0 0  00000000
  22.015  2009 4007  54 1  0  0 0 0 0 0  00000000
  22.027  2009 4007   0 0  0  0 0 0 0 0  00000000
  22.314  3343 3172  70 1  0  0 0 0 0 0  00000000
  22.325  3343 3138  68 1  0  0 0 0 0 0  00000000
  22.338  3343 3138  71 1  0  0 0 0 0 0  00000000
  22.351  3342 3137  71 1  0  0 0 0 0 0  00000000
  22.375  3341 3137  71 1  0  0 0 0 0 0  00000000
  22.388  3340 3137  71 1  0  0 0 0 0 0  00000000
  22.401  3338 3137  71 1  0  0 0 0 0 0  00000000
  22.414  3338 3137  70 1  0  0 0 0 0 0  00000000
  22.425  3337 3137  70 1  0  0 0 0 0 0  00000000
  22.449  3337 3137  69 1  0  0 0 0 0 0  00000000
  22.462  3337 3137  68 1  0  0 0 0 0 0  00000000
  22.474  3337 3137  66 1  0  0 0 0 0 0  00000000
  22.487  3357 3137  62 1  0  0 0 0 0 0  00000000
  22.498  3411 3137  50 1  0  0 0 0 0 0  00000000
  22.511  3411 3137   0 0  0  0 0 0 0 0  00000000
  22.834  1933 3975  80 1  0  0 0 0 0 0  00000000
  22.847  1905 3959  80 1  0  0 0 0 0 0  00000000
  22.859  1905 3957  82 1  0  0 0 0 0 0  00000000
  22.870  1904 3952  83 1  0  0 0 0 0 0  00000000
  22.883  1900 3950  83 1  0  0 0 0 0 0  00000000
  22.895  1899 3944  83 1  0  0 0 0 0 0  00000000
  22.905  1899 3942  83 1  0  0 0 0 0 0  00000000
  22.915  1899 3940  83 1  0  0 0 0 0 0  00000000
  22.933  1899 3921  81 1  0  0 0 0 0 0  00000000
  22.945  1899 3920  81 1  0  0 0 0 0 0  00000000
  22.958  1899 3920  80 1  0  0 0 0 0 0  00000000
  22.995  1899 3920  81 1  0  0 0 0 0 0  00000000
  23.020  1899 3920  82 1  0  0 0 0 0 0  00000000
  23.069  1897 3920  82 1  0  0 0 0 0 0  00000000
  23.082  1896 3920  82 1  0  0 0 0 0 0  00000000
  23.119  1896 3920  81 1  0  0 0 0 0 0  00000000
  23.132  1896 3920  82 1  0  0 0 0 0 0  00000000
  23.206  1895 3920  83 1  0  0 0 0 0 0  00000000
  23.218  1893 3920  84 1  0  0 0 0 0 0  00000000
  23.231  1891 3920  84 1  0  0 0 0 0 0  00000000
  23.282  1889 3920  84 1  0  0 0 0 0 0  00000000
  23.294  1889 3918  85 1  0  0 0 0 0 0  00000000
  23.330  1887 3918  85 1  0  0 0 0 0 0  00000000
  23.355  1887 3917  85 1  0  0 0 0 0 0  00000000
  23.368  1887 3915  86 1  0  0 0 0 0 0  00000000
  23.379  1887 3913  86 1  0  0 0 0 0 0  00000000
  23.392  1886 3911  85 1  0  0 0 0 0 0  00000000
  23.417  1886 3909  86 1  0  0 0 0 0 0  00000000
  23.429  1886 3907  85 1  0  0 0 0 0 0  00000000
  23.467  1886 3907  84 1  0  0 0 0 0 0  00000000
  23.479  1886 3907  82 1  0  0 0 0 0 0  00000000
  23.493  1926 3911  75 1  0  0 0 0 0 0  00000000
  23.504  1957 3931  60 1  0  0 0 0 0 0  00000000
  23.517  1957 3931   0 0  0  0 0 0 0 0  00000000
