time	 y	 z	 f	 w	 l	 r	 u	 d	 m	 multi
   0.000  3344 2749   0 0  0  0 0 0 0 0  00000000
   1.588  3979 2504  75 1  0  0 0 0 0 0  00000000
   1.614  3979 2504  79 1  0  0 0 0 0 0  00000000
   1.627  3979 2505  79 1  0  0 0 0 0 0  00000000
   1.639  3979 2524  80 1  0  0 0 0 0 0  00000000
   1.650  3979 2525  80 1  0  0 0 0 0 0  00000000
   1.664  3979 2526  80 1  0  0 0 0 0 0  00000000
   1.676  3979 2527  81 1  0  0 0 0 0 0  00000000
   1.688  3979 2548  81 1  0  0 0 0 0 0  00000000
   1.737  3979 2548  82 1  0  0 0 0 0 0  00000000
   1.750  3979 2548  81 1  0  0 0 0 0 0  00000000
   1.774  3977 2548  81 1  0  0 0 0 0 0  00000000
   1.787  3977 2548  82 1  0  0 0 0 0 0  00000000
   1.824  3977 2547  82 1  0  0 0 0 0 0  00000000
   1.874  3977 2547  81 1  0  0 0 0 0 0  00000000
   1.898  3977 2547  82 1  0  0 0 0 0 0  00000000
   1.911  3977 2542  81 1  0  0 0 0 0 0  00000000
   1.924  3977 2541  81 1  0  0 0 0 0 0  00000000
   1.947  3978 2541  81 1  0  0 0 0 0 0  00000000
   1.960  3979 2541  80 1  0  0 0 0 0 0  00000000
   1.974  3979 2541  81 1  0  0 0 0 0 0  00000000
   1.987  3980 2541  80 1  0  0 0 0 0 0  00000000
   1.999  3980 2541  82 1  0  0 0 0 0 0  00000000
   2.011  3980 2540  80 1  0  0 0 0 0 0  00000000
   2.024  3980 2539  81 1  0  0 0 0 0 0  00000000
   2.048  3980 2539  80 1  0  0 0 0 0 0  00000000
   2.060  3980 2534  79 1  0  0 0 0 0 0  00000000
   2.072  3980 2532  77 1  0  0 0 0 0 0  00000000
   2.085  3980 2511  71 1  0  0 0 0 0 0  00000000
   2.097  3980 2511  48 1  0  0 0 0 0 0  00000000
   2.109  3980 2511   0 0  0  0 0 0 0 0  00000000
   2.420  2514 3486  69 1  0  0 0 0 0 0  00000000
   2.433  2490 3446  71 1  0  0 0 0 0 0  00000000
   2.444  2490 3446  76 1  0  0 0 0 0 0  00000000
   2.457  2490 3446  77 1  0  0 0 0 0 0  00000000
   2.469  2490 3446  78 1  0  0 0 0 0 0  00000000
   2.482  2490 3446  77 1  0  0 0 0 0 0  00000000
   2.508  2511 3468  76 1  0  0 0 0 0 0  00000000
   2.519  2511 3486  75 1  0  0 0 0 0 0  00000000
   2.532  2511 3487  75 1  0  0 0 0 0 0  00000000
   2.544  2512 3510  73 1  0  0 0 0 0 0  00000000
   2.556  2513 3530  70 1  0  0 0 0 0 0  00000000
   2.568  2514 3531  66 1  0  0 0 0 0 0  00000000
   2.581  2514 3550  61 1  0  0 0 0 0 0  00000000
   2.593  2514 3580  46 1  0  0 0 0 0 0  00000000
   2.604  2514 3580   0 0  0  0 0 0 0 0  00000000
   2.717  3798 2506  72 1  0  0 0 0 0 0  00000000
   2.730  3797 2478  70 1  0  0 0 0 0 0  00000000
   2.742  3775 2478  73 1  0  0 0 0 0 0  00000000
   2.755  3775 2478  74 1  0  0 0 0 0 0  00000000
   2.767  3775 2478  73 1  0  0 0 0 0 0  00000000
   2.781  3775 2478  74 1  0  0 0 0 0 0  00000000
   2.805  3775 2479  73 1  0  0 0 0 0 0  00000000
   2.817  3775 2480  74 1  0  0 0 0 0 0  00000000
   2.830  3775 2481  74 1  0  0 0 0 0 0  00000000
   2.841  3775 2482  74 1  0  0 0 0 0 0  00000000
   2.854  3775 2483  74 1  0  0 0 0 0 0  00000000
   2.867  3779 2484  73 1  0  0 0 0 0 0  00000000
   2.880  3783 2484  73 1  0  0 0 0 0 0  00000000
   2.892  3787 2484  72 1  0  0 0 0 0 0  00000000
   2.903  3814 2484  69 1  0  0 0 0 0 0  00000000
   2.916  3815 2484  64 1  0  0 0 0 0 0  00000000
   2.928  3852 2484  52 1  0  0 0 0 0 0  00000000
   2.952  3852 2484   0 0  0  0 0 0 0 0  00000000
   3.015  2332 3593  71 1  0  0 0 0 0 0  00000000
   3.028  2303 3591  74 1  0  0 0 0 0 0  00000000
   3.040  2303 3589  78 1  0  0 0 0 0 0  00000000
   3.054  2303 3587  78 1  0  0 0 0 0 0  00000000
   3.065  2301 3583  78 1  0  0 0 0 0 0  00000000
   3.078  2300 3582  77 1  0  0 0 0 0 0  00000000
   3.090  2299 3582  78 1  0  0 0 0 0 0  00000000
   3.102  2299 3581  78 1  0  0 0 0 0 0  00000000
   3.115  2295 3576  78 1  0  0 0 0 0 0  00000000
   3.127  2295 3575  76 1  0  0 0 0 0 0  00000000
   3.139  2295 3575  77 1  0  0 0 0 0 0  00000000
   3.151  2295 3575  76 1  0  0 0 0 0 0  00000000
   3.189  2295 3575  73 1  0  0 0 0 0 0  00000000
   3.201  2295 3576  71 1  0  0 0 0 0 0  00000000
   3.214  2296 3576  68 1  0  0 0 0 0 0  00000000
   3.226  2296 3576  58 1  0  0 0 0 0 0  00000000
   3.238  2297 3577  45 1  0  0 0 0 0 0  00000000
   3.251  2297 3577   0 0  0  0 0 0 0 0  00000000
   3.275  3844 2409  64 1  0  0 0 0 0 0  00000000
   3.288  3807 2407  72 1  0  0 0 0 0 0  00000000
   3.301  3807 2406  74 1  0  0 0 0 0 0  00000000
   3.313  3807 2404  75 1  0  0 0 0 0 0  00000000
   3.326  3807 2404  74 1  0  0 0 0 0 0  00000000
   3.338  3807 2404  76 1  0  0 0 0 0 0  00000000
   3.351  3807 2404  74 1  0  0 0 0 0 0  00000000
   3.362  3807 2404  75 1  0  0 0 0 0 0  00000000
   3.375  3805 2404  74 1  0  0 0 0 0 0  00000000
   3.389  3805 2404  73 1  0  0 0 0 0 0  00000000
   3.400  3805 2404  71 1  0  0 0 0 0 0  00000000
   3.412  3805 2408  67 1  0  0 0 0 0 0  00000000
   3.422  3805 2409  67 1  0  0 0 0 0 0  00000000
   3.432  3810 2413  58 1  0  0 0 0 0 0  00000000
   3.448  3810 2413   0 0  0  0 0 0 0 0  00000000
   3.511  2363 3584  40 1  0  0 0 0 0 0  00000000
   3.524  2283 3582  76 1  0  0 0 0 0 0  00000000
   3.537  2281 3580  80 1  0  0 0 0 0 0  00000000
   3.548  2260 3579  81 1  0  0 0 0 0 0  00000000
   3.561  2260 3579  82 1  0  0 0 0 0 0  00000000
   3.573  2258 3579  83 1  0  0 0 0 0 0  00000000
   3.587  2258 3577  80 1  0  0 0 0 0 0  00000000
   3.599  2258 3577  78 1  0  0 0 0 0 0  00000000
   3.611  2282 3598  74 1  0  0 0 0 0 0  00000000
   3.624  2304 3599  67 1  0  0 0 0 0 0  00000000
   3.636  2302 3633  45 1  0  0 0 0 0 0  00000000
   3.648  2302 3633   0 0  0  0 0 0 0 0  00000000
   3.797  3769 2511  83 1  0  0 0 0 0 0  00000000
   3.810  3767 2469  76 1  0  0 0 0 0 0  00000000
   3.822  3765 2469  79 1  0  0 0 0 0 0  00000000
   3.834  3763 2469  80 1  0  0 0 0 0 0  00000000
   3.846  3761 2469  81 1  0  0 0 0 0 0  00000000
   3.859  3759 2469  81 1  0  0 0 0 0 0  00000000
   3.872  3759 2469  80 1  0  0 0 0 0 0  00000000
   3.883  3759 2469  81 1  0  0 0 0 0 0  00000000
   3.896  3759 2470  81 1  0  0 0 0 0 0  00000000
   3.909  3759 2471  80 1  0  0 0 0 0 0  00000000
   3.921  3759 2472  80 1  0  0 0 0 0 0  00000000
   3.934  3760 2473  81 1  0  0 0 0 0 0  00000000
   3.946  3760 2474  81 1  0  0 0 0 0 0  00000000
   3.958  3761 2475  80 1  0  0 0 0 0 0  00000000
   3.970  3762 2476  81 1  0  0 0 0 0 0  00000000
   3.981  3763 2477  81 1  0  0 0 0 0 0  00000000
   4.008  3763 2477  82 1  0  0 0 0 0 0  00000000
   4.083  3763 2477  83 1  0  0 0 0 0 0  00000000
   4.095  3763 2477  81 1  0  0 0 0 0 0  00000000
   4.107  3764 2477  82 1  0  0 0 0 0 0  00000000
   4.121  3765 2477  82 1  0  0 0 0 0 0  00000000
   4.131  3766 2477  83 1  0  0 0 0 0 0  00000000
   4.144  3767 2477  82 1  0  0 0 0 0 0  00000000
   4.156  3767 2476  82 1  0  0 0 0 0 0  00000000
   4.169  3767 2475  81 1  0  0 0 0 0 0  00000000
   4.182  3767 2471  82 1  0  0 0 0 0 0  00000000
   4.193  3767 2470  81 1  0  0 0 0 0 0  00000000
   4.206  3771 2470  81 1  0  0 0 0 0 0  00000000
   4.219  3772 2470  82 1  0  0 0 0 0 0  00000000
   4.231  3773 2468  81 1  0  0 0 0 0 0  00000000
   4.244  3774 2468  81 1  0  0 0 0 0 0  00000000
   4.256  3775 2467  81 1  0  0 0 0 0 0  00000000
   4.270  3776 2467  82 1  0  0 0 0 0 0  00000000
   4.283  3777 2467  82 1  0  0 0 0 0 0  00000000
   4.293  3778 2465  82 1  0  0 0 0 0 0  00000000
   4.330  3778 2464  82 1  0  0 0 0 0 0  00000000
   4.343  3778 2464  81 1  0  0 0 0 0 0  00000000
   4.355  3778 2463  82 1  0  0 0 0 0 0  00000000
   4.368  3779 2463  81 1  0  0 0 0 0 0  00000000
   4.380  3780 2463  81 1  0  0 0 0 0 0  00000000
   4.392  3781 2463  81 1  0  0 0 0 0 0  00000000
   4.404  3782 2463  82 1  0  0 0 0 0 0  00000000
   4.418  3783 2463  82 1  0  0 0 0 0 0  00000000
   4.429  3783 2463  81 1  0  0 0 0 0 0  00000000
   4.443  3784 2463  82 1  0  0 0 0 0 0  00000000
   4.455  3784 2463  81 1  0  0 0 0 0 0  00000000
   4.468  3785 2463  81 1  0  0 0 0 0 0  00000000
   4.480  3785 2464  81 1  0  0 0 0 0 0  00000000
   4.517  3785 2465  81 1  0  0 0 0 0 0  00000000
   4.529  3785 2466  81 1  0  0 0 0 0 0  00000000
   4.554  3786 2466  81 1  0  0 0 0 0 0  00000000
   4.567  3787 2466  82 1  0  0 0 0 0 0  00000000
   4.578  3787 2466  81 1  0  0 0 0 0 0  00000000
   4.603  3788 2466  81 1  0  0 0 0 0 0  00000000
   4.629  3788 2464  80 1  0  0 0 0 0 0  00000000
   4.640  3788 2463  81 1  0  0 0 0 0 0  00000000
   4.654  3792 2459  79 1  0  0 0 0 0 0  00000000
   4.665  3793 2458  79 1  0  0 0 0 0 0  00000000
   4.677  3798 2456  78 1  0  0 0 0 0 0  00000000
   4.690  3799 2454  77 1  0  0 0 0 0 0  00000000
   4.703  3800 2450  76 1  0  0 0 0 0 0  00000000
   4.715  3804 2449  73 1  0  0 0 0 0 0  00000000
   4.726  3805 2447  65 1  0  0 0 0 0 0  00000000
   4.736  3806 2447  65 1  0  0 0 0 0 0  00000000
   4.751  3806 2447   0 0  0  0 0 0 0 0  00000000
   4.877  2372 3645  69 1  0  0 0 0 0 0  00000000
   4.889  2342 3643  75 1  0  0 0 0 0 0  00000000
   4.902  2342 3641  78 1  0  0 0 0 0 0  00000000
   4.914  2342 3636  79 1  0  0 0 0 0 0  00000000
   4.925  2341 3634  81 1  0  0 0 0 0 0  00000000
   4.938  2341 3632  80 1  0  0 0 0 0 0  00000000
   4.950  2341 3630  81 1  0  0 0 0 0 0  00000000
   4.963  2341 3628  81 1  0  0 0 0 0 0  00000000
   4.975  2341 3626  81 1  0  0 0 0 0 0  00000000
   4.988  2341 3625  81 1  0  0 0 0 0 0  00000000
   5.001  2339 3621  80 1  0  0 0 0 0 0  00000000
   5.013  2339 3619  82 1  0  0 0 0 0 0  00000000
   5.025  2339 3617  81 1  0  0 0 0 0 0  00000000
   5.037  2339 3612  81 1  0  0 0 0 0 0  00000000
   5.050  2339 3610  81 1  0  0 0 0 0 0  00000000
   5.063  2339 3608  81 1  0  0 0 0 0 0  00000000
   5.074  2339 3606  82 1  0  0 0 0 0 0  00000000
   5.088  2335 3604  82 1  0  0 0 0 0 0  00000000
   5.100  2334 3604  83 1  0  0 0 0 0 0  00000000
   5.112  2334 3604  82 1  0  0 0 0 0 0  00000000
   5.125  2334 3604  81 1  0  0 0 0 0 0  00000000
   5.138  2334 3604  80 1  0  0 0 0 0 0  00000000
   5.149  2334 3605  79 1  0  0 0 0 0 0  00000000
   5.161  2335 3606  74 1  0  0 0 0 0 0  00000000
   5.174  2368 3641  68 1  0  0 0 0 0 0  00000000
   5.186  2393 3667  54 1  0  0 0 0 0 0  00000000
   5.197  2393 3667   0 0  0  0 0 0 0 0  00000000
