time	 y	 z	 f	 w	 l	 r	 u	 d	 m	 multi
   0.000  3768 3853   0 0  0  0 0 0 0 0  00000000
   1.031  4078 4138  65 1  0  0 0 0 0 0  00000000
   1.057  4036 4097  71 1  0  0 0 0 0 0  00000000
   1.070  4036 4098  69 1  0  0 0 0 0 0  00000000
   1.081  4032 4143  63 1  0  0 0 0 0 0  00000000
   1.094  4031 4217  50 1  0  0 0 0 0 0  00000000
   1.106  4031 4217   0 0  0  0 0 0 0 0  00000000
   1.354  4268 3977  77 1  0  0 0 0 0 0  00000000
   1.367  4268 3939  78 1  0  0 0 0 0 0  00000000
   1.379  4268 3914  80 1  0  0 0 0 0 0  00000000
   1.392  4267 3914  81 1  0  0 0 0 0 0  00000000
   1.405  4265 3915  81 1  0  0 0 0 0 0  00000000
   1.418  4261 3920  80 1  0  0 0 0 0 0  00000000
   1.430  4259 3921  81 1  0  0 0 0 0 0  00000000
   1.441  4258 3927  80 1  0  0 0 0 0 0  00000000
   1.453  4258 3931  80 1  0  0 0 0 0 0  00000000
   1.463  4258 3932  80 1  0  0 0 0 0 0  00000000
   1.473  4258 3933  79 1  0  0 0 0 0 0  00000000
   1.491  4257 3934  80 1  0  0 0 0 0 0  00000000
   1.504  4257 3935  80 1  0  0 0 0 0 0  00000000
   1.516  4257 3936  80 1  0  0 0 0 0 0  00000000
   1.528  4257 3937  80 1  0  0 0 0 0 0  00000000
   1.541  4257 3938  81 1  0  0 0 0 0 0  00000000
   1.553  4257 3938  80 1  0  0 0 0 0 0  00000000
   1.566  4257 3938  81 1  0  0 0 0 0 0  00000000
   1.627  4257 3936  81 1  0  0 0 0 0 0  00000000
   1.639  4257 3934  81 1  0  0 0 0 0 0  00000000
   1.652  4257 3933  79 1  0  0 0 0 0 0  00000000
   1.665  4258 3940  70 1  0  0 0 0 0 0  00000000
   1.677  4258 3940   0 0  0  0 0 0 0 0  00000000
   1.776  4568 3817  82 1  0  0 0 0 0 0  00000000
   1.789  4569 3756  83 1  0  0 0 0 0 0  00000000
   1.801  4570 3737  84 1  0  0 0 0 0 0  00000000
   1.813  4571 3738  83 1  0  0 0 0 0 0  00000000
   1.826  4572 3789  78 1  0  0 0 0 0 0  00000000
   1.838  4571 3843  71 1  0  0 0 0 0 0  00000000
   1.851  4536 3933  42 1  0  0 0 0 0 0  00000000
   1.862  4536 3933   0 0  0  0 0 0 0 0  00000000
   1.926  4644 3889  46 1  0  0 0 0 0 0  00000000
   1.937  4587 3824  78 1  0  0 0 0 0 0  00000000
   1.949  4587 3786  80 1  0  0 0 0 0 0  00000000
   1.962  4587 3785  80 1  0  0 0 0 0 0  00000000
   1.975  4587 3786  79 1  0  0 0 0 0 0  00000000
   1.986  4585 3818  75 1  0  0 0 0 0 0  00000000
   1.999  4546 3878  66 1  0  0 0 0 0 0  00000000
   2.011  4510 3946  40 1  0  0 0 0 0 0  00000000
   2.023  4510 3946   0 0  0  0 0 0 0 0  00000000
   2.212  4573 3947  66 1  0  0 0 0 0 0  00000000
   2.223  4540 3869  77 1  0  0 0 0 0 0  00000000
   2.236  4541 3825  79 1  0  0 0 0 0 0  00000000
   2.247  4542 3825  79 1  0  0 0 0 0 0  00000000
   2.260  4542 3825  77 1  0  0 0 0 0 0  00000000
   2.272  4537 3858  69 1  0  0 0 0 0 0  00000000
   2.285  4465 3927  50 1  0  0 0 0 0 0  00000000
   2.297  4465 3927   0 0  0  0 0 0 0 0  00000000
   2.508  4127 4028  47 1  0  0 0 0 0 0  00000000
   2.521  4059 3940  77 1  0  0 0 0 0 0  00000000
   2.533  4059 3903  78 1  0  0 0 0 0 0  00000000
   2.546  4059 3903  80 1  0  0 0 0 0 0  00000000
   2.602  4059 3903  79 1  0  0 0 0 0 0  00000000
   2.621  4059 3903  78 1  0  0 0 0 0 0  00000000
   2.633  4060 3903  77 1  0  0 0 0 0 0  00000000
   2.645  4061 3903  77 1  0  0 0 0 0 0  00000000
   2.658  4062 3903  77 1  0  0 0 0 0 0  00000000
   2.670  4062 3904  78 1  0  0 0 0 0 0  00000000
   2.682  4062 3909  77 1  0  0 0 0 0 0  00000000
   2.695  4062 3913  78 1  0  0 0 0 0 0  00000000
   2.704  4062 3914  78 1  0  0 0 0 0 0  00000000
   2.719  4062 3918  78 1  0  0 0 0 0 0  00000000
   2.729  4062 3919  78 1  0  0 0 0 0 0  00000000
   2.739  4062 3920  78 1  0  0 0 0 0 0  00000000
   2.756  4120 3945  66 1  0  0 0 0 0 0  00000000
   2.769  4237 3999  43 1  0  0 0 0 0 0  00000000
   2.781  4237 3999   0 0  0  0 0 0 0 0  00000000
   2.843  4456 3973  73 1  0  0 0 0 0 0  00000000
   2.856  4456 3948  76 1  0  0 0 0 0 0  00000000
   2.868  4456 3925  77 1  0  0 0 0 0 0  00000000
   2.881  4460 3925  75 1  0  0 0 0 0 0  00000000
   2.894  4461 3926  76 1  0  0 0 0 0 0  00000000
   2.907  4462 3927  75 1  0  0 0 0 0 0  00000000
   2.918  4463 3951  71 1  0  0 0 0 0 0  00000000
   2.931  4494 3978  67 1  0  0 0 0 0 0  00000000
   2.942  4495 4011  55 1  0  0 0 0 0 0  00000000
   2.954  4495 4011   0 0  0  0 0 0 0 0  00000000
   3.091  4666 3942  55 1  0  0 0 0 0 0  00000000
   3.105  4662 3912  70 1  0  0 0 0 0 0  00000000
   3.116  4657 3910  72 1  0  0 0 0 0 0  00000000
   3.129  4652 3905  74 1  0  0 0 0 0 0  00000000
   3.141  4650 3903  74 1  0  0 0 0 0 0  00000000
   3.154  4648 3903  72 1  0  0 0 0 0 0  00000000
   3.166  4646 3903  65 1  0  0 0 0 0 0  00000000
   3.178  4646 3928  50 1  0  0 0 0 0 0  00000000
   3.191  4646 3928   0 0  0  0 0 0 0 0  00000000
   3.377  4864 3928  59 1  0  0 0 0 0 0  00000000
   3.390  4835 3884  69 1  0  0 0 0 0 0  00000000
   3.402  4833 3859  72 1  0  0 0 0 0 0  00000000
   3.415  4831 3859  71 1  0  0 0 0 0 0  00000000
   3.426  4827 3860  67 1  0  0 0 0 0 0  00000000
   3.440  4826 3911  57 1  0  0 0 0 0 0  00000000
   3.451  4826 3911   0 0  0  0 0 0 0 0  00000000
   3.675  4826 3955  69 1  0  0 0 0 0 0  00000000
   3.689  4826 3887  71 1  0  0 0 0 0 0  00000000
   3.702  4826 3857  74 1  0  0 0 0 0 0  00000000
   3.713  4825 3857  73 1  0  0 0 0 0 0  00000000
   3.725  4821 3857  66 1  0  0 0 0 0 0  00000000
   3.736  4819 3900  46 1  0  0 0 0 0 0  00000000
   3.749  4819 3900   0 0  0  0 0 0 0 0  00000000
   3.961  5031 3901  60 1  0  0 0 0 0 0  00000000
   3.973  5008 3877  66 1  0  0 0 0 0 0  00000000
   3.985  5008 3878  67 1  0  0 0 0 0 0  00000000
   3.997  4985 3903  61 1  0  0 0 0 0 0  00000000
   4.010  4881 3939  43 1  0  0 0 0 0 0  00000000
   4.021  4881 3939   0 0  0  0 0 0 0 0  00000000
   4.245  4381 4043  65 1  0  0 0 0 0 0  00000000
   4.258  4381 3961  70 1  0  0 0 0 0 0  00000000
   4.270  4381 3913  73 1  0  0 0 0 0 0  00000000
   4.282  4381 3913  74 1  0  0 0 0 0 0  00000000
   4.295  4379 3911  77 1  0  0 0 0 0 0  00000000
   4.307  4374 3910  77 1  0  0 0 0 0 0  00000000
   4.317  4372 3910  77 1  0  0 0 0 0 0  00000000
   4.332  4371 3910  77 1  0  0 0 0 0 0  00000000
   4.345  4378 3910  74 1  0  0 0 0 0 0  00000000
   4.357  4378 3909  76 1  0  0 0 0 0 0  00000000
   4.369  4378 3907  75 1  0  0 0 0 0 0  00000000
   4.382  4379 3905  75 1  0  0 0 0 0 0  00000000
   4.395  4380 3905  73 1  0  0 0 0 0 0  00000000
   4.408  4381 3905  74 1  0  0 0 0 0 0  00000000
   4.420  4381 3905  75 1  0  0 0 0 0 0  00000000
   4.433  4382 3905  73 1  0  0 0 0 0 0  00000000
   4.445  4382 3905  76 1  0  0 0 0 0 0  00000000
   4.481  4382 3906  77 1  0  0 0 0 0 0  00000000
   4.494  4380 3907  77 1  0  0 0 0 0 0  00000000
   4.530  4397 3908  75 1  0  0 0 0 0 0  00000000
   4.544  4397 3908  73 1  0  0 0 0 0 0  00000000
   4.555  4442 3912  66 1  0  0 0 0 0 0  00000000
   4.568  4562 3962  45 1  0  0 0 0 0 0  00000000
   4.579  4562 3962   0 0  0  0 0 0 0 0  00000000
   4.656  4968 3833  74 1  0  0 0 0 0 0  00000000
   4.667  4968 3800  77 1  0  0 0 0 0 0  00000000
   4.680  4968 3799  77 1  0  0 0 0 0 0  00000000
   4.691  4968 3798  80 1  0  0 0 0 0 0  00000000
   4.704  4966 3798  74 1  0  0 0 0 0 0  00000000
   4.717  4966 3852  65 1  0  0 0 0 0 0  00000000
   4.730  4966 3852   0 0  0  0 0 0 0 0  00000000
   4.791  4908 3852  72 1  0  0 0 0 0 0  00000000
   4.803  4906 3796  77 1  0  0 0 0 0 0  00000000
   4.816  4900 3756  80 1  0  0 0 0 0 0  00000000
   4.829  4893 3756  80 1  0  0 0 0 0 0  00000000
   4.842  4887 3756  81 1  0  0 0 0 0 0  00000000
   4.854  4885 3756  81 1  0  0 0 0 0 0  00000000
   4.867  4880 3756  80 1  0  0 0 0 0 0  00000000
   4.878  4878 3756  79 1  0  0 0 0 0 0  00000000
   4.892  4878 3756  78 1  0  0 0 0 0 0  00000000
   4.928  4879 3757  78 1  0  0 0 0 0 0  00000000
   4.941  4880 3758  78 1  0  0 0 0 0 0  00000000
   4.952  4881 3759  78 1  0  0 0 0 0 0  00000000
   4.965  4882 3765  79 1  0  0 0 0 0 0  00000000
   4.978  4882 3771  79 1  0  0 0 0 0 0  00000000
   4.990  4882 3772  80 1  0  0 0 0 0 0  00000000
   5.002  4882 3773  80 1  0  0 0 0 0 0  00000000
   5.015  4882 3778  80 1  0  0 0 0 0 0  00000000
   5.027  4882 3779  80 1  0  0 0 0 0 0  00000000
   5.040  4882 3780  81 1  0  0 0 0 0 0  00000000
   5.052  4882 3781  80 1  0  0 0 0 0 0  00000000
   5.064  4882 3782  81 1  0  0 0 0 0 0  00000000
   5.074  4882 3783  81 1  0  0 0 0 0 0  00000000
   5.083  4882 3784  81 1  0  0 0 0 0 0  00000000
   5.102  4880 3785  81 1  0  0 0 0 0 0  00000000
   5.114  4878 3785  80 1  0  0 0 0 0 0  00000000
   5.127  4878 3785  81 1  0  0 0 0 0 0  00000000
   5.140  4876 3785  81 1  0  0 0 0 0 0  00000000
   5.191  4874 3785  81 1  0  0 0 0 0 0  00000000
   5.203  4874 3784  81 1  0  0 0 0 0 0  00000000
   5.227  4874 3783  81 1  0  0 0 0 0 0  00000000
   5.239  4874 3779  81 1  0  0 0 0 0 0  00000000
   5.251  4874 3777  81 1  0  0 0 0 0 0  00000000
   5.263  4874 3775  81 1  0  0 0 0 0 0  00000000
   5.275  4874 3774  80 1  0  0 0 0 0 0  00000000
   5.288  4874 3772  81 1  0  0 0 0 0 0  00000000
   5.313  4874 3772  80 1  0  0 0 0 0 0  00000000
   5.325  4874 3772  81 1  0  0 0 0 0 0  00000000
   5.338  4874 3770  81 1  0  0 0 0 0 0  00000000
   5.350  4874 3769  81 1  0  0 0 0 0 0  00000000
   5.362  4874 3764  81 1  0  0 0 0 0 0  00000000
   5.375  4874 3763  81 1  0  0 0 0 0 0  00000000
   5.387  4874 3763  82 1  0  0 0 0 0 0  00000000
   5.400  4874 3763  80 1  0  0 0 0 0 0  00000000
   5.412  4844 3809  64 1  0  0 0 0 0 0  00000000
   5.425  4844 3809   0 0  0  0 0 0 0 0  00000000
