time	 y	 z	 f	 w	 l	 r	 u	 d	 m	 multi
   0.000  3498 3370   0 0  0  0 0 0 0 0  00000000
   0.487  3604 3157  86 1  0  0 0 0 0 0  00000000
   0.499  3604 3116  85 1  0  0 0 0 0 0  00000000
   0.512  3599 3099  88 1  0  0 0 0 0 0  00000000
   0.524  3597 3099  87 1  0  0 0 0 0 0  00000000
   0.536  3592 3099  87 1  0  0 0 0 0 0  00000000
   0.548  3591 3099  85 1  0  0 0 0 0 0  00000000
   0.561  3591 3123  83 1  0  0 0 0 0 0  00000000
   0.573  3591 3165  80 1  0  0 0 0 0 0  00000000
   0.586  3591 3208  75 1  0  0 0 0 0 0  00000000
   0.598  3590 3293  53 1  0  0 0 0 0 0  00000000
   0.609  3590 3293   0 0  0  0 0 0 0 0  00000000
   0.784  3562 3238  87 1  0  0 0 0 0 0  00000000
   0.796  3542 3150  85 1  0  0 0 0 0 0  00000000
   0.810  3538 3124  90 1  0  0 0 0 0 0  00000000
   0.821  3536 3122  91 1  0  0 0 0 0 0  00000000
   0.834  3531 3121  92 1  0  0 0 0 0 0  00000000
   0.847  3525 3121  92 1  0  0 0 0 0 0  00000000
   0.859  3523 3121  91 1  0  0 0 0 0 0  00000000
   0.871  3518 3137  89 1  0  0 0 0 0 0  00000000
   0.883  3513 3137  89 1  0  0 0 0 0 0  00000000
   0.897  3512 3137  88 1  0  0 0 0 0 0  00000000
   0.908  3512 3137  89 1  0  0 0 0 0 0  00000000
   0.922  3510 3138  87 1  0  0 0 0 0 0  00000000
   0.945  3510 3139  88 1  0  0 0 0 0 0  00000000
   0.958  3510 3139  89 1  0  0 0 0 0 0  00000000
   0.970  3510 3139  90 1  0  0 0 0 0 0  00000000
   0.995  3510 3139  89 1  0  0 0 0 0 0  00000000
   1.008  3510 3139  90 1  0  0 0 0 0 0  00000000
   1.032  3510 3139  91 1  0  0 0 0 0 0  00000000
   1.044  3510 3139  90 1  0  0 0 0 0 0  00000000
   1.058  3510 3139  91 1  0  0 0 0 0 0  00000000
   1.095  3509 3139  91 1  0  0 0 0 0 0  00000000
   1.144  3509 3143  92 1  0  0 0 0 0 0  00000000
   1.156  3509 3144  92 1  0  0 0 0 0 0  00000000
   1.169  3509 3145  92 1  0  0 0 0 0 0  00000000
   1.181  3509 3146  93 1  0  0 0 0 0 0  00000000
   1.194  3509 3147  91 1  0  0 0 0 0 0  00000000
   1.206  3509 3147  92 1  0  0 0 0 0 0  00000000
   1.218  3509 3148  91 1  0  0 0 0 0 0  00000000
   1.231  3509 3149  93 1  0  0 0 0 0 0  00000000
   1.243  3509 3150  92 1  0  0 0 0 0 0  00000000
   1.255  3509 3151  93 1  0  0 0 0 0 0  00000000
   1.268  3509 3152  92 1  0  0 0 0 0 0  00000000
   1.281  3509 3153  92 1  0  0 0 0 0 0  00000000
   1.306  3509 3153  94 1  0  0 0 0 0 0  00000000
   1.318  3509 3153  93 1  0  0 0 0 0 0  00000000
   1.368  3509 3152  92 1  0  0 0 0 0 0  00000000
   1.380  3509 3150  92 1  0  0 0 0 0 0  00000000
   1.393  3509 3150  90 1  0  0 0 0 0 0  00000000
   1.405  3509 3150  86 1  0  0 0 0 0 0  00000000
   1.416  3509 3166  69 1  0  0 0 0 0 0  00000000
   1.429  3509 3166   0 0  0  0 0 0 0 0  00000000
   1.628  3537 3203  85 1  0  0 0 0 0 0  00000000
   1.641  3507 3088  82 1  0  0 0 0 0 0  00000000
   1.654  3527 3056  86 1  0  0 0 0 0 0  00000000
   1.664  3527 3056  87 1  0  0 0 0 0 0  00000000
   1.677  3525 3055  85 1  0  0 0 0 0 0  00000000
   1.690  3519 3055  83 1  0  0 0 0 0 0  00000000
   1.703  3519 3061  76 1  0  0 0 0 0 0  00000000
   1.714  3549 3111  65 1  0  0 0 0 0 0  00000000
   1.727  3549 3111   0 0  0  0 0 0 0 0  00000000
   1.901  3527 3111  90 1  0  0 0 0 0 0  00000000
   1.914  3510 3026  84 1  0  0 0 0 0 0  00000000
   1.926  3511 3024  87 1  0  0 0 0 0 0  00000000
   1.938  3512 3018  88 1  0  0 0 0 0 0  00000000
   1.951  3512 3013  88 1  0  0 0 0 0 0  00000000
   1.988  3511 3013  88 1  0  0 0 0 0 0  00000000
   2.002  3507 3013  87 1  0  0 0 0 0 0  00000000
   2.012  3506 3033  87 1  0  0 0 0 0 0  00000000
   2.044  3504 3033  87 1  0  0 0 0 0 0  00000000
   2.062  3504 3033  89 1  0  0 0 0 0 0  00000000
   2.074  3504 3033  88 1  0  0 0 0 0 0  00000000
   2.087  3502 3033  89 1  0  0 0 0 0 0  00000000
   2.150  3502 3034  89 1  0  0 0 0 0 0  00000000
   2.162  3502 3035  88 1  0  0 0 0 0 0  00000000
   2.186  3502 3036  87 1  0  0 0 0 0 0  00000000
   2.198  3502 3042  83 1  0  0 0 0 0 0  00000000
   2.211  3477 3043  70 1  0  0 0 0 0 0  00000000
   2.222  3477 3111  48 1  0  0 0 0 0 0  00000000
   2.234  3477 3111   0 0  0  0 0 0 0 0  00000000
   2.459  3559 3109  86 1  0  0 0 0 0 0  00000000
   2.471  3559 3048  83 1  0  0 0 0 0 0  00000000
   2.484  3559 3048  85 1  0  0 0 0 0 0  00000000
   2.497  3557 3046  86 1  0  0 0 0 0 0  00000000
   2.509  3553 3041  86 1  0  0 0 0 0 0  00000000
   2.521  3547 3041  83 1  0  0 0 0 0 0  00000000
   2.534  3546 3041  74 1  0  0 0 0 0 0  00000000
   2.546  3546 3099  51 1  0  0 0 0 0 0  00000000
   2.557  3546 3099   0 0  0  0 0 0 0 0  00000000
   2.720  3621 3067  84 1  0  0 0 0 0 0  00000000
   2.731  3621 3028  82 1  0  0 0 0 0 0  00000000
   2.751  3621 3028  83 1  0  0 0 0 0 0  00000000
   2.770  3621 3028  82 1  0  0 0 0 0 0  00000000
   2.782  3621 3028  79 1  0  0 0 0 0 0  00000000
   2.794  3619 3028  74 1  0  0 0 0 0 0  00000000
   2.808  3619 3089  56 1  0  0 0 0 0 0  00000000
   2.818  3619 3089   0 0  0  0 0 0 0 0  00000000
   2.993  3514 3089  87 1  0  0 0 0 0 0  00000000
   3.006  3515 3056  86 1  0  0 0 0 0 0  00000000
   3.017  3515 3054  87 1  0  0 0 0 0 0  00000000
   3.030  3515 3049  87 1  0  0 0 0 0 0  00000000
   3.042  3515 3043  87 1  0  0 0 0 0 0  00000000
   3.055  3515 3041  88 1  0  0 0 0 0 0  00000000
   3.067  3515 3041  87 1  0  0 0 0 0 0  00000000
   3.080  3515 3041  86 1  0  0 0 0 0 0  00000000
   3.093  3515 3062  85 1  0  0 0 0 0 0  00000000
   3.105  3515 3062  83 1  0  0 0 0 0 0  00000000
   3.118  3515 3062  81 1  0  0 0 0 0 0  00000000
   3.129  3515 3063  79 1  0  0 0 0 0 0  00000000
   3.142  3513 3064  80 1  0  0 0 0 0 0  00000000
   3.154  3511 3065  81 1  0  0 0 0 0 0  00000000
   3.178  3511 3065  77 1  0  0 0 0 0 0  00000000
   3.192  3512 3065  70 1  0  0 0 0 0 0  00000000
   3.203  3516 3065  44 1  0  0 0 0 0 0  00000000
   3.214  3516 3065   0 0  0  0 0 0 0 0  00000000
   3.303  3634 2934  83 1  0  0 0 0 0 0  00000000
   3.315  3632 2899  85 1  0  0 0 0 0 0  00000000
   3.353  3630 2899  87 1  0  0 0 0 0 0  00000000
   3.366  3630 2899  84 1  0  0 0 0 0 0  00000000
   3.377  3630 2925  79 1  0  0 0 0 0 0  00000000
   3.390  3652 2973  67 1  0  0 0 0 0 0  00000000
   3.402  3636 3061  38 1  0  0 0 0 0 0  00000000
   3.414  3636 3061   0 0  0  0 0 0 0 0  00000000
   3.477  3558 2958  86 1  0  0 0 0 0 0  00000000
   3.489  3558 2939  86 1  0  0 0 0 0 0  00000000
   3.503  3558 2939  88 1  0  0 0 0 0 0  00000000
   3.513  3556 2939  89 1  0  0 0 0 0 0  00000000
   3.526  3554 2939  88 1  0  0 0 0 0 0  00000000
   3.538  3554 2939  86 1  0  0 0 0 0 0  00000000
   3.551  3554 2975  82 1  0  0 0 0 0 0  00000000
   3.564  3554 3034  76 1  0  0 0 0 0 0  00000000
   3.576  3534 3106  56 1  0  0 0 0 0 0  00000000
   3.588  3534 3106   0 0  0  0 0 0 0 0  00000000
   3.737  3534 3019  84 1  0  0 0 0 0 0  00000000
   3.750  3504 2953  87 1  0  0 0 0 0 0  00000000
   3.763  3504 2951  90 1  0  0 0 0 0 0  00000000
   3.776  3504 2947  90 1  0  0 0 0 0 0  00000000
   3.788  3504 2945  90 1  0  0 0 0 0 0  00000000
   3.799  3504 2945  89 1  0  0 0 0 0 0  00000000
   3.812  3502 2945  83 1  0  0 0 0 0 0  00000000
   3.824  3502 2977  76 1  0  0 0 0 0 0  00000000
   3.837  3475 3048  55 1  0  0 0 0 0 0  00000000
   3.848  3475 3048   0 0  0  0 0 0 0 0  00000000
   4.023  3637 2955  88 1  0  0 0 0 0 0  00000000
   4.035  3635 2868  85 1  0  0 0 0 0 0  00000000
   4.046  3633 2864  88 1  0  0 0 0 0 0  00000000
   4.059  3631 2843  89 1  0  0 0 0 0 0  00000000
   4.073  3629 2843  89 1  0  0 0 0 0 0  00000000
   4.084  3628 2843  90 1  0  0 0 0 0 0  00000000
   4.098  3628 2844  89 1  0  0 0 0 0 0  00000000
   4.108  3626 2845  89 1  0  0 0 0 0 0  00000000
   4.122  3626 2846  89 1  0  0 0 0 0 0  00000000
   4.136  3624 2847  89 1  0  0 0 0 0 0  00000000
   4.146  3623 2852  88 1  0  0 0 0 0 0  00000000
   4.159  3623 2857  88 1  0  0 0 0 0 0  00000000
   4.171  3623 2858  88 1  0  0 0 0 0 0  00000000
   4.184  3623 2859  89 1  0  0 0 0 0 0  00000000
   4.247  3623 2857  89 1  0  0 0 0 0 0  00000000
   4.271  3623 2857  90 1  0  0 0 0 0 0  00000000
   4.283  3623 2857  89 1  0  0 0 0 0 0  00000000
   4.308  3623 2857  90 1  0  0 0 0 0 0  00000000
   4.320  3624 2857  90 1  0  0 0 0 0 0  00000000
   4.334  3625 2858  89 1  0  0 0 0 0 0  00000000
   4.345  3626 2859  90 1  0  0 0 0 0 0  00000000
   4.370  3626 2860  90 1  0  0 0 0 0 0  00000000
   4.382  3626 2861  91 1  0  0 0 0 0 0  00000000
   4.395  3627 2866  91 1  0  0 0 0 0 0  00000000
   4.407  3627 2867  90 1  0  0 0 0 0 0  00000000
   4.420  3627 2868  91 1  0  0 0 0 0 0  00000000
   4.432  3627 2873  91 1  0  0 0 0 0 0  00000000
   4.445  3627 2874  91 1  0  0 0 0 0 0  00000000
   4.457  3627 2875  91 1  0  0 0 0 0 0  00000000
   4.470  3627 2876  90 1  0  0 0 0 0 0  00000000
   4.482  3627 2877  90 1  0  0 0 0 0 0  00000000
   4.494  3627 2878  91 1  0  0 0 0 0 0  00000000
   4.507  3627 2883  91 1  0  0 0 0 0 0  00000000
   4.519  3627 2905  88 1  0  0 0 0 0 0  00000000
   4.532  3627 2905  80 1  0  0 0 0 0 0  00000000
   4.543  3568 2973  51 1  0  0 0 0 0 0  00000000
   4.555  3568 2973   0 0  0  0 0 0 0 0  00000000
