time	 y	 z	 f	 w	 l	 r	 u	 d	 m	 multi
   0.000  3223 3068   0 0  0  0 0 0 0 0  00000000
   1.089  3325 3066  52 1  0  0 0 0 0 0  00000000
   1.100  3325 3064  52 1  0  0 0 0 0 0  00000000
   1.115  3251 3008  76 1  0  0 0 0 0 0  00000000
   1.128  3250 3008  77 1  0  0 0 0 0 0  00000000
   1.140  3250 3008  76 1  0  0 0 0 0 0  00000000
   1.153  3250 3026  72 1  0  0 0 0 0 0  00000000
   1.165  3251 3056  62 1  0  0 0 0 0 0  00000000
   1.176  3251 3056   0 0  0  0 0 0 0 0  00000000
   1.400  3251 3186  75 1  0  0 0 0 0 0  00000000
   1.413  3228 3129  78 1  0  0 0 0 0 0  00000000
   1.425  3226 3129  82 1  0  0 0 0 0 0  00000000
   1.437  3224 3129  84 1  0  0 0 0 0 0  00000000
   1.450  3222 3129  80 1  0  0 0 0 0 0  00000000
   1.462  3227 3129  74 1  0  0 0 0 0 0  00000000
   1.475  3272 3145  67 1  0  0 0 0 0 0  00000000
   1.487  3349 3211  43 1  0  0 0 0 0 0  00000000
   1.499  3349 3211   0 0  0  0 0 0 0 0  00000000
   1.698  3263 3112  76 1  0  0 0 0 0 0  00000000
   1.711  3229 3063  80 1  0  0 0 0 0 0  00000000
   1.723  3213 3063  83 1  0  0 0 0 0 0  00000000
   1.736  3214 3063  79 1  0  0 0 0 0 0  00000000
   1.747  3239 3063  72 1  0  0 0 0 0 0  00000000
   1.760  3297 3095  55 1  0  0 0 0 0 0  00000000
   1.771  3297 3095   0 0  0  0 0 0 0 0  00000000
   1.959  3278 3242  77 1  0  0 0 0 0 0  00000000
   1.971  3259 3160  78 1  0  0 0 0 0 0  00000000
   1.984  3229 3143  82 1  0  0 0 0 0 0  00000000
   1.996  3225 3143  86 1  0  0 0 0 0 0  00000000
   2.009  3225 3143  81 1  0  0 0 0 0 0  00000000
   2.022  3225 3143  76 1  0  0 0 0 0 0  00000000
   2.032  3250 3166  68 1  0  0 0 0 0 0  00000000
   2.044  3250 3222  40 1  0  0 0 0 0 0  00000000
   2.057  3250 3222   0 0  0  0 0 0 0 0  00000000
   2.243  3352 3313  72 1  0  0 0 0 0 0  00000000
   2.256  3280 3225  78 1  0  0 0 0 0 0  00000000
   2.268  3244 3205  83 1  0  0 0 0 0 0  00000000
   2.282  3240 3205  85 1  0  0 0 0 0 0  00000000
   2.293  3239 3203  81 1  0  0 0 0 0 0  00000000
   2.306  3237 3199  71 1  0  0 0 0 0 0  00000000
   2.317  3235 3231  44 1  0  0 0 0 0 0  00000000
   2.329  3235 3231   0 0  0  0 0 0 0 0  00000000
   2.554  3366 3232  76 1  0  0 0 0 0 0  00000000
   2.567  3337 3191  78 1  0  0 0 0 0 0  00000000
   2.579  3314 3174  81 1  0  0 0 0 0 0  00000000
   2.591  3314 3172  80 1  0  0 0 0 0 0  00000000
   2.604  3337 3168  71 1  0  0 0 0 0 0  00000000
   2.616  3398 3198  45 1  0  0 0 0 0 0  00000000
   2.627  3398 3198   0 0  0  0 0 0 0 0  00000000
   2.851  3518 3106  77 1  0  0 0 0 0 0  00000000
   2.864  3446 3034  79 1  0  0 0 0 0 0  00000000
   2.876  3411 3034  85 1  0  0 0 0 0 0  00000000
   2.890  3411 3035  84 1  0  0 0 0 0 0  00000000
   2.900  3411 3035  79 1  0  0 0 0 0 0  00000000
   2.914  3411 3067  71 1  0  0 0 0 0 0  00000000
   2.925  3411 3067   0 0  0  0 0 0 0 0  00000000
   3.186  3463 3132  76 1  0  0 0 0 0 0  00000000
   3.199  3422 3090  82 1  0  0 0 0 0 0  00000000
   3.212  3402 3074  85 1  0  0 0 0 0 0  00000000
   3.224  3402 3074  87 1  0  0 0 0 0 0  00000000
   3.236  3402 3074  88 1  0  0 0 0 0 0  00000000
   3.248  3402 3074  86 1  0  0 0 0 0 0  00000000
   3.261  3402 3056  83 1  0  0 0 0 0 0  00000000
   3.273  3402 3054  82 1  0  0 0 0 0 0  00000000
   3.287  3402 3053  80 1  0  0 0 0 0 0  00000000
   3.298  3402 3053  79 1  0  0 0 0 0 0  00000000
   3.311  3402 3075  78 1  0  0 0 0 0 0  00000000
   3.323  3402 3076  77 1  0  0 0 0 0 0  00000000
   3.336  3401 3103  78 1  0  0 0 0 0 0  00000000
   3.348  3399 3104  79 1  0  0 0 0 0 0  00000000
   3.360  3397 3105  81 1  0  0 0 0 0 0  00000000
   3.373  3397 3109  82 1  0  0 0 0 0 0  00000000
   3.385  3395 3113  83 1  0  0 0 0 0 0  00000000
   3.398  3393 3135  84 1  0  0 0 0 0 0  00000000
   3.423  3391 3135  84 1  0  0 0 0 0 0  00000000
   3.435  3391 3135  85 1  0  0 0 0 0 0  00000000
   3.447  3390 3133  85 1  0  0 0 0 0 0  00000000
   3.460  3390 3127  84 1  0  0 0 0 0 0  00000000
   3.472  3390 3103  82 1  0  0 0 0 0 0  00000000
   3.485  3390 3101  81 1  0  0 0 0 0 0  00000000
   3.497  3397 3079  75 1  0  0 0 0 0 0  00000000
   3.509  3427 3075  67 1  0  0 0 0 0 0  00000000
   3.522  3427 3075   0 0  0  0 0 0 0 0  00000000
   3.708  3333 2975  74 1  0  0 0 0 0 0  00000000
   3.721  3294 2934  77 1  0  0 0 0 0 0  00000000
   3.732  3278 2934  81 1  0  0 0 0 0 0  00000000
   3.745  3278 2935  80 1  0  0 0 0 0 0  00000000
   3.758  3279 2939  76 1  0  0 0 0 0 0  00000000
   3.770  3280 2968  68 1  0  0 0 0 0 0  00000000
   3.782  3254 2994  42 1  0  0 0 0 0 0  00000000
   3.794  3254 2994   0 0  0  0 0 0 0 0  00000000
   3.857  3344 2994  49 1  0  0 0 0 0 0  00000000
   3.869  3283 2976  67 1  0  0 0 0 0 0  00000000
   3.888  3258 2938  71 1  0  0 0 0 0 0  00000000
   3.907  3240 2897  72 1  0  0 0 0 0 0  00000000
   3.918  3240 2877  68 1  0  0 0 0 0 0  00000000
   3.931  3197 2877  61 1  0  0 0 0 0 0  00000000
   3.943  3197 2877   0 0  0  0 0 0 0 0  00000000
   4.180  3026 3034  64 1  0  0 0 0 0 0  00000000
   4.193  2983 2956  70 1  0  0 0 0 0 0  00000000
   4.203  2981 2954  73 1  0  0 0 0 0 0  00000000
   4.217  2976 2954  73 1  0  0 0 0 0 0  00000000
   4.229  2974 2973  70 1  0  0 0 0 0 0  00000000
   4.242  2974 3020  60 1  0  0 0 0 0 0  00000000
   4.253  2974 3020   0 0  0  0 0 0 0 0  00000000
   4.490  3576 2985  39 1  0  0 0 0 0 0  00000000
   4.501  3492 2893  69 1  0  0 0 0 0 0  00000000
   4.514  3490 2874  73 1  0  0 0 0 0 0  00000000
   4.526  3484 2874  73 1  0  0 0 0 0 0  00000000
   4.538  3477 2874  68 1  0  0 0 0 0 0  00000000
   4.551  3473 2923  59 1  0  0 0 0 0 0  00000000
   4.563  3473 2923   0 0  0  0 0 0 0 0  00000000
   4.800  3473 3098  44 1  0  0 0 0 0 0  00000000
   4.812  3386 3014  67 1  0  0 0 0 0 0  00000000
   4.825  3344 2985  74 1  0  0 0 0 0 0  00000000
   4.838  3344 2984  73 1  0  0 0 0 0 0  00000000
   4.850  3344 2984  70 1  0  0 0 0 0 0  00000000
   4.861  3344 3026  59 1  0  0 0 0 0 0  00000000
   4.873  3344 3026   0 0  0  0 0 0 0 0  00000000
   5.110  3853 3095  49 1  0  0 0 0 0 0  00000000
   5.123  3766 3022  70 1  0  0 0 0 0 0  00000000
   5.135  3764 2974  75 1  0  0 0 0 0 0  00000000
   5.148  3758 2974  77 1  0  0 0 0 0 0  00000000
   5.159  3756 2973  76 1  0  0 0 0 0 0  00000000
   5.172  3755 2971  76 1  0  0 0 0 0 0  00000000
   5.184  3753 2966  75 1  0  0 0 0 0 0  00000000
   5.198  3753 2961  75 1  0  0 0 0 0 0  00000000
   5.209  3753 2955  75 1  0  0 0 0 0 0  00000000
   5.222  3753 2932  74 1  0  0 0 0 0 0  00000000
   5.233  3754 2930  70 1  0  0 0 0 0 0  00000000
   5.246  3792 2925  69 1  0  0 0 0 0 0  00000000
   5.259  3843 2920  66 1  0  0 0 0 0 0  00000000
   5.271  3876 2920  59 1  0  0 0 0 0 0  00000000
   5.285  3876 2920   0 0  0  0 0 0 0 0  00000000
   5.433  3439 3144  67 1  0  0 0 0 0 0  00000000
   5.445  3400 3097  72 1  0  0 0 0 0 0  00000000
   5.458  3379 3095  76 1  0  0 0 0 0 0  00000000
   5.470  3379 3095  78 1  0  0 0 0 0 0  00000000
   5.483  3379 3112  77 1  0  0 0 0 0 0  00000000
   5.495  3379 3113  74 1  0  0 0 0 0 0  00000000
   5.508  3400 3149  66 1  0  0 0 0 0 0  00000000
   5.520  3400 3149   0 0  0  0 0 0 0 0  00000000
   5.755  3520 3173  70 1  0  0 0 0 0 0  00000000
   5.767  3518 3138  72 1  0  0 0 0 0 0  00000000
   5.780  3513 3138  71 1  0  0 0 0 0 0  00000000
   5.794  3472 3177  59 1  0  0 0 0 0 0  00000000
   5.804  3472 3177   0 0  0  0 0 0 0 0  00000000
   6.091  3360 3285  76 1  0  0 0 0 0 0  00000000
   6.103  3360 3208  81 1  0  0 0 0 0 0  00000000
   6.115  3360 3208  83 1  0  0 0 0 0 0  00000000
   6.128  3360 3208  79 1  0  0 0 0 0 0  00000000
   6.140  3427 3272  64 1  0  0 0 0 0 0  00000000
   6.151  3427 3272   0 0  0  0 0 0 0 0  00000000
   6.239  3638 3170  65 1  0  0 0 0 0 0  00000000
   6.252  3573 3063  74 1  0  0 0 0 0 0  00000000
   6.264  3535 3044  77 1  0  0 0 0 0 0  00000000
   6.276  3514 3062  77 1  0  0 0 0 0 0  00000000
   6.289  3434 3138  71 1  0  0 0 0 0 0  00000000
   6.301  3397 3291  51 1  0  0 0 0 0 0  00000000
   6.312  3397 3291   0 0  0  0 0 0 0 0  00000000
   6.388  3282 3326  63 1  0  0 0 0 0 0  00000000
   6.401  3240 3253  71 1  0  0 0 0 0 0  00000000
   6.413  3217 3203  74 1  0  0 0 0 0 0  00000000
   6.426  3215 3177  76 1  0  0 0 0 0 0  00000000
   6.437  3213 3177  76 1  0  0 0 0 0 0  00000000
   6.450  3213 3177  74 1  0  0 0 0 0 0  00000000
   6.462  3213 3204  69 1  0  0 0 0 0 0  00000000
   6.474  3212 3238  62 1  0  0 0 0 0 0  00000000
   6.487  3212 3238   0 0  0  0 0 0 0 0  00000000
   6.723  3400 3177  71 1  0  0 0 0 0 0  00000000
   6.736  3398 3105  73 1  0  0 0 0 0 0  00000000
   6.749  3376 3073  77 1  0  0 0 0 0 0  00000000
   6.773  3376 3090  74 1  0  0 0 0 0 0  00000000
   6.786  3409 3111  68 1  0  0 0 0 0 0  00000000
   6.797  3484 3157  45 1  0  0 0 0 0 0  00000000
   6.809  3484 3157   0 0  0  0 0 0 0 0  00000000
   7.060  3651 3112  65 1  0  0 0 0 0 0  00000000
   7.070  3608 3033  71 1  0  0 0 0 0 0  00000000
   7.083  3592 2993  76 1  0  0 0 0 0 0  00000000
   7.096  3592 2993  78 1  0  0 0 0 0 0  00000000
   7.107  3591 2993  77 1  0  0 0 0 0 0  00000000
   7.121  3591 2993  76 1  0  0 0 0 0 0  00000000
   7.132  3591 2991  72 1  0  0 0 0 0 0  00000000
   7.144  3608 2990  69 1  0  0 0 0 0 0  00000000
   7.158  3672 2986  56 1  0  0 0 0 0 0  00000000
   7.168  3672 2986   0 0  0  0 0 0 0 0  00000000
   7.380  3691 2928  68 1  0  0 0 0 0 0  00000000
   7.394  3672 2928  73 1  0  0 0 0 0 0  00000000
   7.405  3672 2928  74 1  0  0 0 0 0 0  00000000
   7.418  3672 2929  69 1  0  0 0 0 0 0  00000000
   7.430  3672 2971  59 1  0  0 0 0 0 0  00000000
   7.441  3672 2971   0 0  0  0 0 0 0 0  00000000
   7.703  3760 2945  68 1  0  0 0 0 0 0  00000000
   7.715  3734 2918  73 1  0  0 0 0 0 0  00000000
   7.728  3734 2918  74 1  0  0 0 0 0 0  00000000
   7.740  3734 2918  68 1  0  0 0 0 0 0  00000000
   7.752  3774 2982  49 1  0  0 0 0 0 0  00000000
   7.764  3774 2982   0 0  0  0 0 0 0 0  00000000
   8.013  4047 2884  71 1  0  0 0 0 0 0  00000000
   8.026  4011 2844  77 1  0  0 0 0 0 0  00000000
   8.038  4011 2844  79 1  0  0 0 0 0 0  00000000
   8.051  4011 2844  77 1  0  0 0 0 0 0  00000000
   8.064  4011 2878  69 1  0  0 0 0 0 0  00000000
   8.077  4018 2951  43 1  0  0 0 0 0 0  00000000
   8.087  4018 2951   0 0  0  0 0 0 0 0  00000000
   8.348  4058 2974  49 1  0  0 0 0 0 0  00000000
   8.361  3969 2911  73 1  0  0 0 0 0 0  00000000
   8.374  3940 2873  79 1  0  0 0 0 0 0  00000000
   8.386  3938 2873  80 1  0  0 0 0 0 0  00000000
   8.399  3937 2873  80 1  0  0 0 0 0 0  00000000
   8.410  3935 2873  79 1  0  0 0 0 0 0  00000000
   8.423  3935 2874  78 1  0  0 0 0 0 0  00000000
   8.435  3935 2875  77 1  0  0 0 0 0 0  00000000
   8.448  3935 2876  76 1  0  0 0 0 0 0  00000000
   8.460  3935 2877  76 1  0  0 0 0 0 0  00000000
   8.472  3934 2878  76 1  0  0 0 0 0 0  00000000
   8.485  3934 2879  75 1  0  0 0 0 0 0  00000000
   8.499  3934 2880  75 1  0  0 0 0 0 0  00000000
   8.510  3932 2881  75 1  0  0 0 0 0 0  00000000
   8.522  3932 2881  76 1  0  0 0 0 0 0  00000000
   8.535  3932 2882  78 1  0  0 0 0 0 0  00000000
   8.546  3930 2883  78 1  0  0 0 0 0 0  00000000
   8.559  3929 2888  79 1  0  0 0 0 0 0  00000000
   8.572  3927 2893  79 1  0  0 0 0 0 0  00000000
   8.585  3927 2894  79 1  0  0 0 0 0 0  00000000
   8.597  3927 2895  80 1  0  0 0 0 0 0  00000000
   8.608  3927 2896  80 1  0  0 0 0 0 0  00000000
   8.622  3926 2896  80 1  0  0 0 0 0 0  00000000
   8.646  3926 2894  79 1  0  0 0 0 0 0  00000000
   8.658  3926 2874  79 1  0  0 0 0 0 0  00000000
   8.671  3926 2872  79 1  0  0 0 0 0 0  00000000
   8.684  3926 2851  77 1  0  0 0 0 0 0  00000000
   8.695  3930 2849  74 1  0  0 0 0 0 0  00000000
   8.708  3964 2842  70 1  0  0 0 0 0 0  00000000
   8.720  4022 2840  55 1  0  0 0 0 0 0  00000000
   8.731  4022 2840   0 0  0  0 0 0 0 0  00000000
   8.883  3893 2903  68 1  0  0 0 0 0 0  00000000
   8.895  3861 2859  71 1  0  0 0 0 0 0  00000000
   8.907  3861 2859  74 1  0  0 0 0 0 0  00000000
   8.919  3861 2860  71 1  0  0 0 0 0 0  00000000
   8.931  3868 2905  65 1  0  0 0 0 0 0  00000000
   8.943  3868 2905   0 0  0  0 0 0 0 0  00000000
   9.043  4014 2822  69 1  0  0 0 0 0 0  00000000
   9.056  4012 2761  72 1  0  0 0 0 0 0  00000000
   9.068  4006 2736  73 1  0  0 0 0 0 0  00000000
   9.081  4004 2736  72 1  0  0 0 0 0 0  00000000
   9.094  4002 2740  68 1  0  0 0 0 0 0  00000000
   9.106  4000 2789  59 1  0  0 0 0 0 0  00000000
   9.117  4000 2789   0 0  0  0 0 0 0 0  00000000
   9.353  3882 2846  58 1  0  0 0 0 0 0  00000000
   9.366  3806 2802  70 1  0  0 0 0 0 0  00000000
   9.378  3787 2776  76 1  0  0 0 0 0 0  00000000
   9.391  3769 2776  76 1  0  0 0 0 0 0  00000000
   9.402  3769 2776  77 1  0  0 0 0 0 0  00000000
   9.428  3769 2776  75 1  0  0 0 0 0 0  00000000
   9.440  3773 2774  76 1  0  0 0 0 0 0  00000000
   9.453  3778 2769  73 1  0  0 0 0 0 0  00000000
   9.465  3783 2762  73 1  0  0 0 0 0 0  00000000
   9.476  3788 2758  73 1  0  0 0 0 0 0  00000000
   9.489  3847 2753  70 1  0  0 0 0 0 0  00000000
   9.503  3868 2733  70 1  0  0 0 0 0 0  00000000
   9.515  3886 2733  69 1  0  0 0 0 0 0  00000000
   9.527  3887 2733  66 1  0  0 0 0 0 0  00000000
   9.539  3910 2750  57 1  0  0 0 0 0 0  00000000
   9.551  3910 2750   0 0  0  0 0 0 0 0  00000000
   9.701  4191 2608  70 1  0  0 0 0 0 0  00000000
   9.713  4191 2592  73 1  0  0 0 0 0 0  00000000
   9.726  4191 2592  74 1  0  0 0 0 0 0  00000000
   9.737  4191 2593  74 1  0  0 0 0 0 0  00000000
   9.750  4191 2594  72 1  0  0 0 0 0 0  00000000
   9.763  4217 2615  70 1  0  0 0 0 0 0  00000000
   9.774  4244 2633  65 1  0  0 0 0 0 0  00000000
   9.787  4244 2701  43 1  0  0 0 0 0 0  00000000
   9.799  4244 2701   0 0  0  0 0 0 0 0  00000000
   9.998  3552 2981  44 1  0  0 0 0 0 0  00000000
  10.010  3446 2962  69 1  0  0 0 0 0 0  00000000
  10.023  3413 2943  74 1  0  0 0 0 0 0  00000000
  10.036  3411 2944  75 1  0  0 0 0 0 0  00000000
  10.048  3409 2948  72 1  0  0 0 0 0 0  00000000
  10.061  3374 2982  67 1  0  0 0 0 0 0  00000000
  10.073  3344 3033  52 1  0  0 0 0 0 0  00000000
  10.086  3344 3033   0 0  0  0 0 0 0 0  00000000
  10.359  4250 2766  69 1  0  0 0 0 0 0  00000000
  10.371  4207 2716  76 1  0  0 0 0 0 0  00000000
  10.383  4176 2689  79 1  0  0 0 0 0 0  00000000
  10.396  4176 2708  82 1  0  0 0 0 0 0  00000000
  10.408  4176 2708  81 1  0  0 0 0 0 0  00000000
  10.433  4176 2706  79 1  0  0 0 0 0 0  00000000
  10.446  4176 2683  79 1  0  0 0 0 0 0  00000000
  10.457  4176 2679  78 1  0  0 0 0 0 0  00000000
  10.470  4177 2656  78 1  0  0 0 0 0 0  00000000
  10.482  4178 2654  77 1  0  0 0 0 0 0  00000000
  10.495  4182 2634  77 1  0  0 0 0 0 0  00000000
  10.507  4182 2632  76 1  0  0 0 0 0 0  00000000
  10.520  4182 2627  76 1  0  0 0 0 0 0  00000000
  10.533  4182 2625  76 1  0  0 0 0 0 0  00000000
  10.545  4182 2621  76 1  0  0 0 0 0 0  00000000
  10.558  4182 2620  76 1  0  0 0 0 0 0  00000000
  10.570  4182 2619  77 1  0  0 0 0 0 0  00000000
  10.582  4181 2619  77 1  0  0 0 0 0 0  00000000
  10.619  4180 2619  77 1  0  0 0 0 0 0  00000000
  10.631  4180 2620  77 1  0  0 0 0 0 0  00000000
  10.643  4180 2620  78 1  0  0 0 0 0 0  00000000
  10.656  4180 2620  76 1  0  0 0 0 0 0  00000000
  10.669  4180 2620  77 1  0  0 0 0 0 0  00000000
  10.750  4180 2620  76 1  0  0 0 0 0 0  00000000
  10.767  4180 2618  77 1  0  0 0 0 0 0  00000000
  10.780  4180 2617  77 1  0  0 0 0 0 0  00000000
  10.866  4180 2617  78 1  0  0 0 0 0 0  00000000
  10.879  4180 2615  77 1  0  0 0 0 0 0  00000000
  10.892  4180 2613  77 1  0  0 0 0 0 0  00000000
  10.904  4180 2607  77 1  0  0 0 0 0 0  00000000
  10.917  4180 2601  76 1  0  0 0 0 0 0  00000000
  10.930  4180 2596  76 1  0  0 0 0 0 0  00000000
  10.942  4180 2589  76 1  0  0 0 0 0 0  00000000
  10.954  4180 2583  76 1  0  0 0 0 0 0  00000000
  10.965  4180 2581  76 1  0  0 0 0 0 0  00000000
  10.991  4180 2579  75 1  0  0 0 0 0 0  00000000
  11.004  4180 2575  76 1  0  0 0 0 0 0  00000000
  11.016  4180 2573  76 1  0  0 0 0 0 0  00000000
  11.029  4180 2572  75 1  0  0 0 0 0 0  00000000
  11.041  4180 2572  76 1  0  0 0 0 0 0  00000000
  11.066  4180 2572  75 1  0  0 0 0 0 0  00000000
  11.090  4179 2568  75 1  0  0 0 0 0 0  00000000
  11.103  4179 2567  75 1  0  0 0 0 0 0  00000000
  11.128  4179 2565  75 1  0  0 0 0 0 0  00000000
  11.141  4179 2561  74 1  0  0 0 0 0 0  00000000
  11.153  4199 2556  70 1  0  0 0 0 0 0  00000000
  11.165  4241 2556  66 1  0  0 0 0 0 0  00000000
  11.184  4271 2596  52 1  0  0 0 0 0 0  00000000
  11.194  4271 2596   0 0  0  0 0 0 0 0  00000000
