time	 y	 z	 f	 w	 l	 r	 u	 d	 m	 multi
   0.000  3359 3224   0 0  0  0 0 0 0 0  00000000
   1.769  2805 3383  71 1  0  0 0 0 0 0  00000000
   1.794  2751 3272  82 1  0  0 0 0 0 0  00000000
   1.806  2750 3272  83 1  0  0 0 0 0 0  00000000
   1.819  2750 3272  82 1  0  0 0 0 0 0  00000000
   1.831  2750 3272  80 1  0  0 0 0 0 0  00000000
   1.843  2750 3270  75 1  0  0 0 0 0 0  00000000
   1.856  2797 3287  64 1  0  0 0 0 0 0  00000000
   1.869  2797 3287   0 0  0  0 0 0 0 0  00000000
   2.042  2780 3285  76 1  0  0 0 0 0 0  00000000
   2.055  2778 3234  78 1  0  0 0 0 0 0  00000000
   2.067  2773 3234  80 1  0  0 0 0 0 0  00000000
   2.079  2771 3234  81 1  0  0 0 0 0 0  00000000
   2.093  2769 3234  78 1  0  0 0 0 0 0  00000000
   2.104  2785 3251  72 1  0  0 0 0 0 0  00000000
   2.117  2846 3286  51 1  0  0 0 0 0 0  00000000
   2.128  2846 3286   0 0  0  0 0 0 0 0  00000000
   2.290  2712 3469  74 1  0  0 0 0 0 0  00000000
   2.303  2689 3469  74 1  0  0 0 0 0 0  00000000
   2.316  2689 3469  76 1  0  0 0 0 0 0  00000000
   2.340  2689 3469  74 1  0  0 0 0 0 0  00000000
   2.352  2689 3469  72 1  0  0 0 0 0 0  00000000
   2.365  2689 3486  64 1  0  0 0 0 0 0  00000000
   2.376  2689 3486   0 0  0  0 0 0 0 0  00000000
   2.563  2781 3415  77 1  0  0 0 0 0 0  00000000
   2.575  2763 3340  78 1  0  0 0 0 0 0  00000000
   2.589  2738 3310  83 1  0  0 0 0 0 0  00000000
   2.600  2738 3308  85 1  0  0 0 0 0 0  00000000
   2.613  2737 3307  85 1  0  0 0 0 0 0  00000000
   2.625  2737 3307  86 1  0  0 0 0 0 0  00000000
   2.637  2737 3307  85 1  0  0 0 0 0 0  00000000
   2.650  2737 3307  84 1  0  0 0 0 0 0  00000000
   2.662  2737 3305  84 1  0  0 0 0 0 0  00000000
   2.675  2737 3303  82 1  0  0 0 0 0 0  00000000
   2.687  2735 3303  82 1  0  0 0 0 0 0  00000000
   2.699  2735 3303  81 1  0  0 0 0 0 0  00000000
   2.712  2735 3307  80 1  0  0 0 0 0 0  00000000
   2.724  2733 3313  80 1  0  0 0 0 0 0  00000000
   2.737  2733 3319  80 1  0  0 0 0 0 0  00000000
   2.750  2733 3320  82 1  0  0 0 0 0 0  00000000
   2.762  2732 3321  82 1  0  0 0 0 0 0  00000000
   2.774  2732 3322  82 1  0  0 0 0 0 0  00000000
   2.787  2732 3323  83 1  0  0 0 0 0 0  00000000
   2.799  2728 3323  84 1  0  0 0 0 0 0  00000000
   2.812  2727 3323  84 1  0  0 0 0 0 0  00000000
   2.823  2726 3323  84 1  0  0 0 0 0 0  00000000
   2.848  2726 3323  85 1  0  0 0 0 0 0  00000000
   2.873  2724 3323  85 1  0  0 0 0 0 0  00000000
   2.886  2724 3324  85 1  0  0 0 0 0 0  00000000
   2.899  2724 3325  85 1  0  0 0 0 0 0  00000000
   2.911  2724 3326  85 1  0  0 0 0 0 0  00000000
   2.924  2724 3327  85 1  0  0 0 0 0 0  00000000
   2.953  2724 3327  86 1  0  0 0 0 0 0  00000000
   2.963  2724 3328  86 1  0  0 0 0 0 0  00000000
   2.997  2724 3329  85 1  0  0 0 0 0 0  00000000
   3.010  2723 3330  86 1  0  0 0 0 0 0  00000000
   3.022  2723 3331  86 1  0  0 0 0 0 0  00000000
   3.035  2723 3332  87 1  0  0 0 0 0 0  00000000
   3.046  2723 3333  86 1  0  0 0 0 0 0  00000000
   3.059  2723 3334  86 1  0  0 0 0 0 0  00000000
   3.085  2723 3334  87 1  0  0 0 0 0 0  00000000
   3.097  2723 3334  85 1  0  0 0 0 0 0  00000000
   3.108  2723 3332  85 1  0  0 0 0 0 0  00000000
   3.122  2723 3313  82 1  0  0 0 0 0 0  00000000
   3.134  2762 3314  76 1  0  0 0 0 0 0  00000000
   3.147  2825 3343  60 1  0  0 0 0 0 0  00000000
   3.158  2825 3343   0 0  0  0 0 0 0 0  00000000
   3.381  2777 3523  67 1  0  0 0 0 0 0  00000000
   3.394  2713 3455  76 1  0  0 0 0 0 0  00000000
   3.407  2688 3421  83 1  0  0 0 0 0 0  00000000
   3.420  2686 3402  84 1  0  0 0 0 0 0  00000000
   3.444  2682 3402  85 1  0  0 0 0 0 0  00000000
   3.457  2681 3398  84 1  0  0 0 0 0 0  00000000
   3.469  2681 3392  82 1  0  0 0 0 0 0  00000000
   3.482  2680 3387  82 1  0  0 0 0 0 0  00000000
   3.494  2680 3386  81 1  0  0 0 0 0 0  00000000
   3.505  2678 3403  80 1  0  0 0 0 0 0  00000000
   3.518  2676 3404  79 1  0  0 0 0 0 0  00000000
   3.532  2674 3427  78 1  0  0 0 0 0 0  00000000
   3.543  2650 3427  78 1  0  0 0 0 0 0  00000000
   3.555  2650 3446  79 1  0  0 0 0 0 0  00000000
   3.581  2650 3446  80 1  0  0 0 0 0 0  00000000
   3.593  2650 3447  81 1  0  0 0 0 0 0  00000000
   3.605  2650 3447  82 1  0  0 0 0 0 0  00000000
   3.619  2650 3448  82 1  0  0 0 0 0 0  00000000
   3.642  2650 3448  81 1  0  0 0 0 0 0  00000000
   3.655  2650 3449  82 1  0  0 0 0 0 0  00000000
   3.680  2650 3450  82 1  0  0 0 0 0 0  00000000
   3.704  2650 3450  83 1  0  0 0 0 0 0  00000000
   3.717  2650 3454  83 1  0  0 0 0 0 0  00000000
   3.730  2650 3455  83 1  0  0 0 0 0 0  00000000
   3.742  2650 3455  84 1  0  0 0 0 0 0  00000000
   3.754  2649 3455  84 1  0  0 0 0 0 0  00000000
   3.767  2649 3456  83 1  0  0 0 0 0 0  00000000
   3.779  2649 3457  84 1  0  0 0 0 0 0  00000000
   3.791  2649 3458  84 1  0  0 0 0 0 0  00000000
   3.804  2649 3459  84 1  0  0 0 0 0 0  00000000
   3.816  2647 3459  85 1  0  0 0 0 0 0  00000000
   3.830  2647 3460  83 1  0  0 0 0 0 0  00000000
   3.841  2647 3461  84 1  0  0 0 0 0 0  00000000
   3.854  2647 3461  85 1  0  0 0 0 0 0  00000000
   3.903  2647 3461  84 1  0  0 0 0 0 0  00000000
   3.916  2647 3461  85 1  0  0 0 0 0 0  00000000
   3.927  2647 3444  85 1  0  0 0 0 0 0  00000000
   3.952  2647 3442  86 1  0  0 0 0 0 0  00000000
   3.965  2645 3437  85 1  0  0 0 0 0 0  00000000
   3.978  2645 3432  83 1  0  0 0 0 0 0  00000000
   3.990  2645 3426  83 1  0  0 0 0 0 0  00000000
   4.002  2646 3420  80 1  0  0 0 0 0 0  00000000
   4.015  2651 3373  76 1  0  0 0 0 0 0  00000000
   4.027  2701 3371  66 1  0  0 0 0 0 0  00000000
   4.040  2701 3371   0 0  0  0 0 0 0 0  00000000
   4.226  2701 3277  58 1  0  0 0 0 0 0  00000000
   4.238  2624 3205  71 1  0  0 0 0 0 0  00000000
   4.251  2600 3185  76 1  0  0 0 0 0 0  00000000
   4.264  2577 3185  80 1  0  0 0 0 0 0  00000000
   4.275  2577 3189  79 1  0  0 0 0 0 0  00000000
   4.288  2578 3190  76 1  0  0 0 0 0 0  00000000
   4.299  2600 3213  71 1  0  0 0 0 0 0  00000000
   4.312  2601 3272  58 1  0  0 0 0 0 0  00000000
   4.323  2601 3272   0 0  0  0 0 0 0 0  00000000
   4.499  2444 3509  74 1  0  0 0 0 0 0  00000000
   4.512  2423 3468  78 1  0  0 0 0 0 0  00000000
   4.524  2421 3447  80 1  0  0 0 0 0 0  00000000
   4.536  2416 3447  81 1  0  0 0 0 0 0  00000000
   4.548  2414 3447  81 1  0  0 0 0 0 0  00000000
   4.561  2412 3447  81 1  0  0 0 0 0 0  00000000
   4.574  2412 3447  80 1  0  0 0 0 0 0  00000000
   4.586  2412 3445  79 1  0  0 0 0 0 0  00000000
   4.598  2412 3443  78 1  0  0 0 0 0 0  00000000
   4.610  2410 3441  78 1  0  0 0 0 0 0  00000000
   4.623  2406 3441  76 1  0  0 0 0 0 0  00000000
   4.636  2385 3442  76 1  0  0 0 0 0 0  00000000
   4.648  2385 3447  75 1  0  0 0 0 0 0  00000000
   4.660  2385 3448  76 1  0  0 0 0 0 0  00000000
   4.672  2384 3449  76 1  0  0 0 0 0 0  00000000
   4.685  2384 3450  78 1  0  0 0 0 0 0  00000000
   4.697  2384 3451  77 1  0  0 0 0 0 0  00000000
   4.709  2384 3451  79 1  0  0 0 0 0 0  00000000
   4.746  2383 3451  80 1  0  0 0 0 0 0  00000000
   4.760  2383 3451  79 1  0  0 0 0 0 0  00000000
   4.771  2382 3451  79 1  0  0 0 0 0 0  00000000
   4.796  2382 3451  80 1  0  0 0 0 0 0  00000000
   4.809  2382 3451  79 1  0  0 0 0 0 0  00000000
   4.822  2382 3451  80 1  0  0 0 0 0 0  00000000
   4.846  2382 3452  80 1  0  0 0 0 0 0  00000000
   4.859  2382 3453  80 1  0  0 0 0 0 0  00000000
   4.871  2382 3454  80 1  0  0 0 0 0 0  00000000
   4.883  2382 3455  80 1  0  0 0 0 0 0  00000000
   4.896  2382 3456  79 1  0  0 0 0 0 0  00000000
   4.908  2382 3457  81 1  0  0 0 0 0 0  00000000
   4.921  2382 3458  81 1  0  0 0 0 0 0  00000000
   4.932  2382 3459  81 1  0  0 0 0 0 0  00000000
   4.942  2382 3460  81 1  0  0 0 0 0 0  00000000
   4.952  2382 3461  80 1  0  0 0 0 0 0  00000000
   4.971  2382 3462  81 1  0  0 0 0 0 0  00000000
   4.983  2382 3463  81 1  0  0 0 0 0 0  00000000
   4.995  2382 3463  82 1  0  0 0 0 0 0  00000000
   5.007  2382 3464  81 1  0  0 0 0 0 0  00000000
   5.032  2382 3468  82 1  0  0 0 0 0 0  00000000
   5.045  2382 3469  82 1  0  0 0 0 0 0  00000000
   5.057  2382 3470  82 1  0  0 0 0 0 0  00000000
   5.095  2381 3470  82 1  0  0 0 0 0 0  00000000
   5.120  2381 3469  82 1  0  0 0 0 0 0  00000000
   5.132  2381 3467  82 1  0  0 0 0 0 0  00000000
   5.144  2381 3463  82 1  0  0 0 0 0 0  00000000
   5.156  2379 3461  82 1  0  0 0 0 0 0  00000000
   5.169  2379 3456  82 1  0  0 0 0 0 0  00000000
   5.181  2379 3451  82 1  0  0 0 0 0 0  00000000
   5.193  2377 3446  81 1  0  0 0 0 0 0  00000000
   5.206  2377 3441  81 1  0  0 0 0 0 0  00000000
   5.218  2377 3436  81 1  0  0 0 0 0 0  00000000
   5.231  2377 3431  79 1  0  0 0 0 0 0  00000000
   5.244  2377 3425  80 1  0  0 0 0 0 0  00000000
   5.256  2377 3424  78 1  0  0 0 0 0 0  00000000
   5.269  2377 3424  77 1  0  0 0 0 0 0  00000000
   5.280  2375 3424  74 1  0  0 0 0 0 0  00000000
   5.293  2375 3463  70 1  0  0 0 0 0 0  00000000
   5.306  2375 3500  63 1  0  0 0 0 0 0  00000000
   5.317  2375 3500   0 0  0  0 0 0 0 0  00000000
   5.566  2091 4056  62 1  0  0 0 0 0 0  00000000
   5.577  2062 3974  63 1  0  0 0 0 0 0  00000000
   5.591  2036 3921  68 1  0  0 0 0 0 0  00000000
   5.603  2034 3884  70 1  0  0 0 0 0 0  00000000
   5.616  2029 3857  72 1  0  0 0 0 0 0  00000000
   5.627  2028 3857  71 1  0  0 0 0 0 0  00000000
   5.640  2024 3855  71 1  0  0 0 0 0 0  00000000
   5.653  2022 3853  71 1  0  0 0 0 0 0  00000000
   5.665  2022 3851  71 1  0  0 0 0 0 0  00000000
   5.677  2022 3846  69 1  0  0 0 0 0 0  00000000
   5.691  2022 3844  68 1  0  0 0 0 0 0  00000000
   5.701  2022 3839  69 1  0  0 0 0 0 0  00000000
   5.714  2022 3837  69 1  0  0 0 0 0 0  00000000
   5.726  2022 3832  67 1  0  0 0 0 0 0  00000000
   5.739  2022 3830  67 1  0  0 0 0 0 0  00000000
   5.752  2026 3830  65 1  0  0 0 0 0 0  00000000
   5.765  2059 3830  59 1  0  0 0 0 0 0  00000000
   5.777  2059 3830   0 0  0  0 0 0 0 0  00000000
   6.124  2346 3662  70 1  0  0 0 0 0 0  00000000
   6.136  2328 3617  70 1  0  0 0 0 0 0  00000000
   6.149  2328 3590  72 1  0  0 0 0 0 0  00000000
   6.161  2328 3590  71 1  0  0 0 0 0 0  00000000
   6.174  2366 3590  67 1  0  0 0 0 0 0  00000000
   6.186  2431 3591  57 1  0  0 0 0 0 0  00000000
   6.198  2431 3591   0 0  0  0 0 0 0 0  00000000
   6.372  2546 3558  68 1  0  0 0 0 0 0  00000000
   6.384  2544 3504  69 1  0  0 0 0 0 0  00000000
   6.397  2510 3504  73 1  0  0 0 0 0 0  00000000
   6.409  2510 3505  74 1  0  0 0 0 0 0  00000000
   6.421  2510 3530  70 1  0  0 0 0 0 0  00000000
   6.433  2515 3580  65 1  0  0 0 0 0 0  00000000
   6.447  2516 3666  47 1  0  0 0 0 0 0  00000000
   6.458  2516 3666   0 0  0  0 0 0 0 0  00000000
   6.645  1995 3988  61 1  0  0 0 0 0 0  00000000
   6.657  1945 3887  69 1  0  0 0 0 0 0  00000000
   6.671  1926 3846  74 1  0  0 0 0 0 0  00000000
   6.682  1926 3812  76 1  0  0 0 0 0 0  00000000
   6.695  1925 3810  77 1  0  0 0 0 0 0  00000000
   6.707  1920 3805  77 1  0  0 0 0 0 0  00000000
   6.719  1919 3800  78 1  0  0 0 0 0 0  00000000
   6.731  1919 3798  78 1  0  0 0 0 0 0  00000000
   6.744  1919 3794  76 1  0  0 0 0 0 0  00000000
   6.757  1919 3789  76 1  0  0 0 0 0 0  00000000
   6.769  1919 3788  76 1  0  0 0 0 0 0  00000000
   6.782  1919 3788  75 1  0  0 0 0 0 0  00000000
   6.794  1919 3788  74 1  0  0 0 0 0 0  00000000
   6.806  1919 3789  74 1  0  0 0 0 0 0  00000000
   6.818  1919 3790  74 1  0  0 0 0 0 0  00000000
   6.831  1919 3791  75 1  0  0 0 0 0 0  00000000
   6.844  1919 3792  75 1  0  0 0 0 0 0  00000000
   6.856  1919 3793  78 1  0  0 0 0 0 0  00000000
   6.868  1918 3794  76 1  0  0 0 0 0 0  00000000
   6.881  1918 3795  76 1  0  0 0 0 0 0  00000000
   6.893  1918 3796  77 1  0  0 0 0 0 0  00000000
   6.905  1918 3797  77 1  0  0 0 0 0 0  00000000
   6.919  1918 3798  77 1  0  0 0 0 0 0  00000000
   6.930  1918 3802  77 1  0  0 0 0 0 0  00000000
   6.943  1914 3802  78 1  0  0 0 0 0 0  00000000
   6.955  1913 3802  78 1  0  0 0 0 0 0  00000000
   6.968  1912 3803  77 1  0  0 0 0 0 0  00000000
   6.992  1912 3804  77 1  0  0 0 0 0 0  00000000
   7.005  1912 3805  78 1  0  0 0 0 0 0  00000000
   7.055  1912 3806  78 1  0  0 0 0 0 0  00000000
   7.067  1912 3807  78 1  0  0 0 0 0 0  00000000
   7.080  1912 3808  78 1  0  0 0 0 0 0  00000000
   7.092  1912 3813  78 1  0  0 0 0 0 0  00000000
   7.104  1912 3814  79 1  0  0 0 0 0 0  00000000
   7.117  1912 3819  78 1  0  0 0 0 0 0  00000000
   7.129  1912 3823  79 1  0  0 0 0 0 0  00000000
   7.139  1912 3824  79 1  0  0 0 0 0 0  00000000
   7.154  1911 3825  79 1  0  0 0 0 0 0  00000000
   7.167  1911 3825  78 1  0  0 0 0 0 0  00000000
   7.178  1911 3825  77 1  0  0 0 0 0 0  00000000
   7.191  1932 3825  76 1  0  0 0 0 0 0  00000000
   7.204  1969 3826  72 1  0  0 0 0 0 0  00000000
   7.216  2041 3830  60 1  0  0 0 0 0 0  00000000
   7.228  2041 3830   0 0  0  0 0 0 0 0  00000000
   7.439  2228 3805  68 1  0  0 0 0 0 0  00000000
   7.451  2161 3727  71 1  0  0 0 0 0 0  00000000
   7.465  2133 3707  76 1  0  0 0 0 0 0  00000000
   7.477  2116 3707  80 1  0  0 0 0 0 0  00000000
   7.502  2116 3707  78 1  0  0 0 0 0 0  00000000
   7.514  2117 3705  76 1  0  0 0 0 0 0  00000000
   7.526  2118 3705  71 1  0  0 0 0 0 0  00000000
   7.536  2119 3705  71 1  0  0 0 0 0 0  00000000
   7.546  2143 3744  56 1  0  0 0 0 0 0  00000000
   7.555  2143 3744   0 0  0  0 0 0 0 0  00000000
   7.675  2165 3799  41 1  0  0 0 0 0 0  00000000
   7.688  2062 3730  73 1  0  0 0 0 0 0  00000000
   7.700  2037 3703  77 1  0  0 0 0 0 0  00000000
   7.712  2035 3701  79 1  0  0 0 0 0 0  00000000
   7.724  2033 3699  80 1  0  0 0 0 0 0  00000000
   7.738  2032 3699  78 1  0  0 0 0 0 0  00000000
   7.750  2033 3699  74 1  0  0 0 0 0 0  00000000
   7.762  2076 3721  62 1  0  0 0 0 0 0  00000000
   7.774  2076 3721   0 0  0  0 0 0 0 0  00000000
   7.960  2027 3772  74 1  0  0 0 0 0 0  00000000
   7.973  2007 3728  77 1  0  0 0 0 0 0  00000000
   7.985  1984 3724  80 1  0  0 0 0 0 0  00000000
   7.998  1967 3719  82 1  0  0 0 0 0 0  00000000
   8.010  1967 3717  82 1  0  0 0 0 0 0  00000000
   8.022  1968 3711  79 1  0  0 0 0 0 0  00000000
   8.035  1994 3705  75 1  0  0 0 0 0 0  00000000
   8.047  2041 3703  65 1  0  0 0 0 0 0  00000000
   8.060  2041 3703   0 0  0  0 0 0 0 0  00000000
   8.196  2071 3752  75 1  0  0 0 0 0 0  00000000
   8.209  2050 3730  77 1  0  0 0 0 0 0  00000000
   8.220  2033 3726  81 1  0  0 0 0 0 0  00000000
   8.245  2033 3726  80 1  0  0 0 0 0 0  00000000
   8.258  2034 3726  77 1  0  0 0 0 0 0  00000000
   8.271  2094 3746  71 1  0  0 0 0 0 0  00000000
   8.283  2164 3789  51 1  0  0 0 0 0 0  00000000
   8.294  2164 3789   0 0  0  0 0 0 0 0  00000000
   8.420  2274 3766  47 1  0  0 0 0 0 0  00000000
   8.431  2189 3727  70 1  0  0 0 0 0 0  00000000
   8.444  2161 3707  75 1  0  0 0 0 0 0  00000000
   8.456  2142 3707  78 1  0  0 0 0 0 0  00000000
   8.471  2143 3708  77 1  0  0 0 0 0 0  00000000
   8.482  2148 3714  76 1  0  0 0 0 0 0  00000000
   8.494  2175 3756  68 1  0  0 0 0 0 0  00000000
   8.506  2218 3806  45 1  0  0 0 0 0 0  00000000
   8.518  2218 3806   0 0  0  0 0 0 0 0  00000000
   8.704  1846 3986  70 1  0  0 0 0 0 0  00000000
   8.717  1816 3945  73 1  0  0 0 0 0 0  00000000
   8.729  1816 3898  78 1  0  0 0 0 0 0  00000000
   8.742  1812 3878  79 1  0  0 0 0 0 0  00000000
   8.755  1807 3878  80 1  0  0 0 0 0 0  00000000
   8.767  1802 3878  80 1  0  0 0 0 0 0  00000000
   8.780  1801 3878  79 1  0  0 0 0 0 0  00000000
   8.792  1801 3876  79 1  0  0 0 0 0 0  00000000
   8.804  1801 3872  78 1  0  0 0 0 0 0  00000000
   8.816  1801 3867  79 1  0  0 0 0 0 0  00000000
   8.829  1801 3865  77 1  0  0 0 0 0 0  00000000
   8.841  1801 3863  77 1  0  0 0 0 0 0  00000000
   8.853  1801 3862  76 1  0  0 0 0 0 0  00000000
   8.866  1801 3861  75 1  0  0 0 0 0 0  00000000
   8.878  1801 3861  76 1  0  0 0 0 0 0  00000000
   8.890  1801 3861  77 1  0  0 0 0 0 0  00000000
   8.917  1800 3861  77 1  0  0 0 0 0 0  00000000
   8.928  1800 3859  78 1  0  0 0 0 0 0  00000000
   8.940  1799 3859  78 1  0  0 0 0 0 0  00000000
   8.952  1799 3859  79 1  0  0 0 0 0 0  00000000
   8.966  1797 3859  78 1  0  0 0 0 0 0  00000000
   8.977  1795 3859  78 1  0  0 0 0 0 0  00000000
   8.989  1795 3859  79 1  0  0 0 0 0 0  00000000
   9.003  1795 3859  78 1  0  0 0 0 0 0  00000000
   9.028  1795 3859  77 1  0  0 0 0 0 0  00000000
   9.040  1795 3859  78 1  0  0 0 0 0 0  00000000
   9.053  1795 3859  77 1  0  0 0 0 0 0  00000000
   9.064  1795 3859  78 1  0  0 0 0 0 0  00000000
   9.152  1795 3859  79 1  0  0 0 0 0 0  00000000
   9.163  1795 3859  78 1  0  0 0 0 0 0  00000000
   9.201  1795 3859  79 1  0  0 0 0 0 0  00000000
   9.214  1790 3859  79 1  0  0 0 0 0 0  00000000
   9.300  1790 3858  79 1  0  0 0 0 0 0  00000000
   9.338  1790 3854  78 1  0  0 0 0 0 0  00000000
   9.350  1790 3852  79 1  0  0 0 0 0 0  00000000
   9.362  1790 3851  79 1  0  0 0 0 0 0  00000000
   9.375  1790 3847  79 1  0  0 0 0 0 0  00000000
   9.388  1790 3845  79 1  0  0 0 0 0 0  00000000
   9.399  1790 3840  79 1  0  0 0 0 0 0  00000000
   9.412  1790 3838  79 1  0  0 0 0 0 0  00000000
   9.425  1790 3836  79 1  0  0 0 0 0 0  00000000
   9.436  1790 3835  79 1  0  0 0 0 0 0  00000000
   9.450  1790 3833  79 1  0  0 0 0 0 0  00000000
   9.462  1790 3832  79 1  0  0 0 0 0 0  00000000
   9.475  1790 3831  79 1  0  0 0 0 0 0  00000000
   9.561  1790 3831  78 1  0  0 0 0 0 0  00000000
   9.573  1790 3829  79 1  0  0 0 0 0 0  00000000
   9.598  1790 3825  78 1  0  0 0 0 0 0  00000000
   9.611  1790 3824  79 1  0  0 0 0 0 0  00000000
   9.623  1790 3820  78 1  0  0 0 0 0 0  00000000
   9.634  1790 3818  78 1  0  0 0 0 0 0  00000000
   9.647  1790 3817  78 1  0  0 0 0 0 0  00000000
   9.684  1790 3816  79 1  0  0 0 0 0 0  00000000
   9.697  1790 3816  78 1  0  0 0 0 0 0  00000000
   9.710  1790 3816  77 1  0  0 0 0 0 0  00000000
   9.722  1791 3816  76 1  0  0 0 0 0 0  00000000
   9.734  1825 3816  73 1  0  0 0 0 0 0  00000000
   9.747  1899 3811  68 1  0  0 0 0 0 0  00000000
   9.760  2003 3810  51 1  0  0 0 0 0 0  00000000
   9.772  2003 3810   0 0  0  0 0 0 0 0  00000000
