time	 y	 z	 f	 w	 l	 r	 u	 d	 m	 multi
   0.000  3807 2606   0 0  0  0 0 0 0 0  00000000
   0.671  4070 2146  72 1  0  0 0 0 0 0  00000000
   0.696  4070 2120  73 1  0  0 0 0 0 0  00000000
   0.715  4070 2116  71 1  0  0 0 0 0 0  00000000
   0.734  4070 2090  66 1  0  0 0 0 0 0  00000000
   0.746  4070 2106  59 1  0  0 0 0 0 0  00000000
   0.759  4011 2156  38 1  0  0 0 0 0 0  00000000
   0.769  4011 2156   0 0  0  0 0 0 0 0  00000000
   1.329  3705 2891  76 1  0  0 0 0 0 0  00000000
   1.342  3705 2873  76 1  0  0 0 0 0 0  00000000
   1.354  3705 2873  77 1  0  0 0 0 0 0  00000000
   1.367  3705 2874  77 1  0  0 0 0 0 0  00000000
   1.379  3704 2923  78 1  0  0 0 0 0 0  00000000
   1.391  3704 2924  78 1  0  0 0 0 0 0  00000000
   1.403  3702 2930  76 1  0  0 0 0 0 0  00000000
   1.416  3702 2935  77 1  0  0 0 0 0 0  00000000
   1.428  3701 2936  77 1  0  0 0 0 0 0  00000000
   1.441  3700 2937  75 1  0  0 0 0 0 0  00000000
   1.466  3700 2935  75 1  0  0 0 0 0 0  00000000
   1.477  3700 2912  76 1  0  0 0 0 0 0  00000000
   1.490  3700 2910  75 1  0  0 0 0 0 0  00000000
   1.502  3700 2883  76 1  0  0 0 0 0 0  00000000
   1.515  3700 2883  75 1  0  0 0 0 0 0  00000000
   1.540  3700 2879  75 1  0  0 0 0 0 0  00000000
   1.552  3700 2874  75 1  0  0 0 0 0 0  00000000
   1.565  3701 2872  74 1  0  0 0 0 0 0  00000000
   1.577  3702 2867  75 1  0  0 0 0 0 0  00000000
   1.590  3707 2861  73 1  0  0 0 0 0 0  00000000
   1.602  3708 2855  73 1  0  0 0 0 0 0  00000000
   1.615  3709 2849  72 1  0  0 0 0 0 0  00000000
   1.627  3709 2843  69 1  0  0 0 0 0 0  00000000
   1.639  3713 2841  62 1  0  0 0 0 0 0  00000000
   1.652  3746 2858  43 1  0  0 0 0 0 0  00000000
   1.663  3746 2858   0 0  0  0 0 0 0 0  00000000
   1.863  4122 2702  39 1  0  0 0 0 0 0  00000000
   1.876  3999 2620  74 1  0  0 0 0 0 0  00000000
   1.890  4000 2565  72 1  0  0 0 0 0 0  00000000
   1.900  4000 2548  72 1  0  0 0 0 0 0  00000000
   1.913  4000 2549  73 1  0  0 0 0 0 0  00000000
   1.925  4000 2554  73 1  0  0 0 0 0 0  00000000
   1.937  3998 2560  74 1  0  0 0 0 0 0  00000000
   1.949  3994 2582  74 1  0  0 0 0 0 0  00000000
   1.962  3993 2583  74 1  0  0 0 0 0 0  00000000
   1.975  3991 2584  75 1  0  0 0 0 0 0  00000000
   1.987  3991 2590  74 1  0  0 0 0 0 0  00000000
   2.000  3986 2595  75 1  0  0 0 0 0 0  00000000
   2.012  3986 2596  75 1  0  0 0 0 0 0  00000000
   2.023  3986 2597  74 1  0  0 0 0 0 0  00000000
   2.037  3986 2598  74 1  0  0 0 0 0 0  00000000
   2.049  3986 2599  75 1  0  0 0 0 0 0  00000000
   2.062  3986 2599  74 1  0  0 0 0 0 0  00000000
   2.087  3986 2597  74 1  0  0 0 0 0 0  00000000
   2.099  3986 2595  74 1  0  0 0 0 0 0  00000000
   2.111  3986 2594  74 1  0  0 0 0 0 0  00000000
   2.135  3986 2594  73 1  0  0 0 0 0 0  00000000
   2.149  3987 2594  69 1  0  0 0 0 0 0  00000000
   2.161  3991 2633  55 1  0  0 0 0 0 0  00000000
   2.173  3991 2633   0 0  0  0 0 0 0 0  00000000
   2.247  4199 2528  39 1  0  0 0 0 0 0  00000000
   2.260  4153 2503  70 1  0  0 0 0 0 0  00000000
   2.272  4154 2475  69 1  0  0 0 0 0 0  00000000
   2.285  4158 2475  69 1  0  0 0 0 0 0  00000000
   2.298  4159 2476  69 1  0  0 0 0 0 0  00000000
   2.309  4160 2512  66 1  0  0 0 0 0 0  00000000
   2.321  4195 2576  57 1  0  0 0 0 0 0  00000000
   2.334  4195 2576   0 0  0  0 0 0 0 0  00000000
   2.409  4195 2481  67 1  0  0 0 0 0 0  00000000
   2.421  4199 2462  67 1  0  0 0 0 0 0  00000000
   2.433  4203 2443  67 1  0  0 0 0 0 0  00000000
   2.446  4204 2444  67 1  0  0 0 0 0 0  00000000
   2.458  4205 2470  67 1  0  0 0 0 0 0  00000000
   2.470  4206 2470  67 1  0  0 0 0 0 0  00000000
   2.483  4206 2470  68 1  0  0 0 0 0 0  00000000
   2.496  4207 2471  68 1  0  0 0 0 0 0  00000000
   2.508  4207 2477  68 1  0  0 0 0 0 0  00000000
   2.520  4207 2478  68 1  0  0 0 0 0 0  00000000
   2.532  4207 2479  68 1  0  0 0 0 0 0  00000000
   2.542  4207 2480  68 1  0  0 0 0 0 0  00000000
   2.551  4207 2481  68 1  0  0 0 0 0 0  00000000
   2.570  4207 2482  68 1  0  0 0 0 0 0  00000000
   2.582  4207 2486  68 1  0  0 0 0 0 0  00000000
   2.595  4207 2487  68 1  0  0 0 0 0 0  00000000
   2.607  4207 2488  68 1  0  0 0 0 0 0  00000000
   2.631  4207 2488  69 1  0  0 0 0 0 0  00000000
   2.656  4207 2489  69 1  0  0 0 0 0 0  00000000
   2.669  4207 2490  68 1  0  0 0 0 0 0  00000000
   2.681  4207 2491  68 1  0  0 0 0 0 0  00000000
   2.694  4207 2492  70 1  0  0 0 0 0 0  00000000
   2.706  4207 2492  69 1  0  0 0 0 0 0  00000000
   2.731  4207 2496  69 1  0  0 0 0 0 0  00000000
   2.743  4207 2497  70 1  0  0 0 0 0 0  00000000
   2.756  4207 2498  69 1  0  0 0 0 0 0  00000000
   2.768  4207 2499  69 1  0  0 0 0 0 0  00000000
   2.781  4207 2500  69 1  0  0 0 0 0 0  00000000
   2.793  4207 2501  68 1  0  0 0 0 0 0  00000000
   2.803  4207 2502  68 1  0  0 0 0 0 0  00000000
   2.812  4207 2507  68 1  0  0 0 0 0 0  00000000
   2.830  4238 2534  62 1  0  0 0 0 0 0  00000000
   2.843  4268 2534  47 1  0  0 0 0 0 0  00000000
   2.855  4268 2534   0 0  0  0 0 0 0 0  00000000
   2.955  4216 2433  71 1  0  0 0 0 0 0  00000000
   2.967  4217 2397  71 1  0  0 0 0 0 0  00000000
   2.980  4239 2395  70 1  0  0 0 0 0 0  00000000
   2.992  4223 2394  71 1  0  0 0 0 0 0  00000000
   3.011  4223 2401  72 1  0  0 0 0 0 0  00000000
   3.029  4221 2408  73 1  0  0 0 0 0 0  00000000
   3.042  4219 2415  74 1  0  0 0 0 0 0  00000000
   3.053  4217 2421  74 1  0  0 0 0 0 0  00000000
   3.066  4217 2427  73 1  0  0 0 0 0 0  00000000
   3.079  4217 2431  74 1  0  0 0 0 0 0  00000000
   3.092  4217 2435  73 1  0  0 0 0 0 0  00000000
   3.104  4217 2439  73 1  0  0 0 0 0 0  00000000
   3.117  4217 2440  73 1  0  0 0 0 0 0  00000000
   3.128  4217 2441  74 1  0  0 0 0 0 0  00000000
   3.142  4217 2441  73 1  0  0 0 0 0 0  00000000
   3.155  4217 2442  73 1  0  0 0 0 0 0  00000000
   3.178  4217 2442  74 1  0  0 0 0 0 0  00000000
   3.191  4217 2442  73 1  0  0 0 0 0 0  00000000
   3.215  4215 2446  71 1  0  0 0 0 0 0  00000000
   3.228  4213 2472  69 1  0  0 0 0 0 0  00000000
   3.240  4220 2489  66 1  0  0 0 0 0 0  00000000
   3.252  4258 2534  51 1  0  0 0 0 0 0  00000000
   3.277  4258 2534   0 0  0  0 0 0 0 0  00000000
   3.351  4440 2397  71 1  0  0 0 0 0 0  00000000
   3.364  4441 2347  71 1  0  0 0 0 0 0  00000000
   3.378  4447 2345  70 1  0  0 0 0 0 0  00000000
   3.390  4452 2344  71 1  0  0 0 0 0 0  00000000
   3.401  4453 2345  71 1  0  0 0 0 0 0  00000000
   3.413  4453 2373  69 1  0  0 0 0 0 0  00000000
   3.426  4451 2430  63 1  0  0 0 0 0 0  00000000
   3.438  4451 2430   0 0  0  0 0 0 0 0  00000000
   3.513  4221 2343  71 1  0  0 0 0 0 0  00000000
   3.524  4221 2306  71 1  0  0 0 0 0 0  00000000
   3.550  4219 2313  72 1  0  0 0 0 0 0  00000000
   3.563  4217 2320  73 1  0  0 0 0 0 0  00000000
   3.575  4217 2344  74 1  0  0 0 0 0 0  00000000
   3.588  4215 2362  73 1  0  0 0 0 0 0  00000000
   3.600  4213 2363  72 1  0  0 0 0 0 0  00000000
   3.613  4212 2369  71 1  0  0 0 0 0 0  00000000
   3.625  4212 2375  72 1  0  0 0 0 0 0  00000000
   3.637  4212 2376  72 1  0  0 0 0 0 0  00000000
   3.649  4212 2381  72 1  0  0 0 0 0 0  00000000
   3.662  4212 2382  73 1  0  0 0 0 0 0  00000000
   3.675  4212 2383  73 1  0  0 0 0 0 0  00000000
   3.688  4212 2387  73 1  0  0 0 0 0 0  00000000
   3.700  4212 2388  73 1  0  0 0 0 0 0  00000000
   3.725  4213 2389  74 1  0  0 0 0 0 0  00000000
   3.737  4214 2390  73 1  0  0 0 0 0 0  00000000
   3.749  4214 2390  74 1  0  0 0 0 0 0  00000000
   3.823  4214 2389  73 1  0  0 0 0 0 0  00000000
   3.836  4215 2387  73 1  0  0 0 0 0 0  00000000
   3.848  4216 2386  73 1  0  0 0 0 0 0  00000000
   3.861  4217 2382  73 1  0  0 0 0 0 0  00000000
   3.872  4218 2361  72 1  0  0 0 0 0 0  00000000
   3.885  4219 2361  73 1  0  0 0 0 0 0  00000000
   3.897  4223 2361  72 1  0  0 0 0 0 0  00000000
   3.911  4224 2361  72 1  0  0 0 0 0 0  00000000
   3.922  4225 2360  72 1  0  0 0 0 0 0  00000000
   3.935  4226 2358  72 1  0  0 0 0 0 0  00000000
   3.947  4227 2356  72 1  0  0 0 0 0 0  00000000
   3.960  4228 2356  72 1  0  0 0 0 0 0  00000000
   3.973  4232 2356  72 1  0  0 0 0 0 0  00000000
   3.985  4233 2356  72 1  0  0 0 0 0 0  00000000
   3.998  4237 2356  73 1  0  0 0 0 0 0  00000000
   4.010  4238 2356  72 1  0  0 0 0 0 0  00000000
   4.022  4239 2357  71 1  0  0 0 0 0 0  00000000
   4.034  4239 2358  72 1  0  0 0 0 0 0  00000000
   4.084  4240 2358  71 1  0  0 0 0 0 0  00000000
   4.096  4241 2358  71 1  0  0 0 0 0 0  00000000
   4.109  4242 2358  71 1  0  0 0 0 0 0  00000000
   4.121  4243 2358  72 1  0  0 0 0 0 0  00000000
   4.135  4244 2358  70 1  0  0 0 0 0 0  00000000
   4.146  4245 2358  71 1  0  0 0 0 0 0  00000000
   4.160  4246 2358  71 1  0  0 0 0 0 0  00000000
   4.171  4250 2356  71 1  0  0 0 0 0 0  00000000
   4.185  4251 2356  70 1  0  0 0 0 0 0  00000000
   4.196  4252 2354  70 1  0  0 0 0 0 0  00000000
   4.208  4253 2353  71 1  0  0 0 0 0 0  00000000
   4.221  4254 2353  71 1  0  0 0 0 0 0  00000000
   4.233  4254 2351  70 1  0  0 0 0 0 0  00000000
   4.245  4255 2345  71 1  0  0 0 0 0 0  00000000
   4.258  4255 2343  70 1  0  0 0 0 0 0  00000000
   4.320  4255 2343  71 1  0  0 0 0 0 0  00000000
   4.334  4255 2343  70 1  0  0 0 0 0 0  00000000
   4.381  4256 2339  70 1  0  0 0 0 0 0  00000000
   4.394  4257 2337  70 1  0  0 0 0 0 0  00000000
   4.407  4257 2336  70 1  0  0 0 0 0 0  00000000
   4.418  4258 2336  70 1  0  0 0 0 0 0  00000000
   4.457  4259 2336  70 1  0  0 0 0 0 0  00000000
   4.482  4259 2337  70 1  0  0 0 0 0 0  00000000
   4.493  4259 2338  70 1  0  0 0 0 0 0  00000000
   4.506  4259 2339  71 1  0  0 0 0 0 0  00000000
   4.519  4259 2343  71 1  0  0 0 0 0 0  00000000
   4.531  4259 2344  71 1  0  0 0 0 0 0  00000000
   4.544  4259 2348  70 1  0  0 0 0 0 0  00000000
   4.556  4259 2349  71 1  0  0 0 0 0 0  00000000
   4.569  4259 2350  71 1  0  0 0 0 0 0  00000000
   4.594  4259 2350  72 1  0  0 0 0 0 0  00000000
   4.606  4259 2355  72 1  0  0 0 0 0 0  00000000
   4.618  4259 2356  72 1  0  0 0 0 0 0  00000000
   4.629  4259 2361  71 1  0  0 0 0 0 0  00000000
   4.642  4259 2362  70 1  0  0 0 0 0 0  00000000
   4.655  4305 2354  67 1  0  0 0 0 0 0  00000000
   4.668  4379 2349  56 1  0  0 0 0 0 0  00000000
   4.679  4379 2349   0 0  0  0 0 0 0 0  00000000
