time	 y	 z	 f	 w	 l	 r	 u	 d	 m	 multi
   0.000  4024 2677   0 0  0  0 0 0 0 0  00000000
   1.407  3579 3604  84 1  0  0 0 0 0 0  00000000
   1.419  3579 3604  85 1  0  0 0 0 0 0  00000000
   1.431  3579 3574  84 1  0  0 0 0 0 0  00000000
   1.444  3579 3545  79 1  0  0 0 0 0 0  00000000
   1.456  3621 3545  71 1  0  0 0 0 0 0  00000000
   1.468  3701 3545  51 1  0  0 0 0 0 0  00000000
   1.479  3701 3545   0 0  0  0 0 0 0 0  00000000
   1.655  3675 3456  61 1  0  0 0 0 0 0  00000000
   1.667  3612 3433  78 1  0  0 0 0 0 0  00000000
   1.679  3594 3431  85 1  0  0 0 0 0 0  00000000
   1.692  3593 3429  88 1  0  0 0 0 0 0  00000000
   1.705  3588 3428  90 1  0  0 0 0 0 0  00000000
   1.716  3583 3428  90 1  0  0 0 0 0 0  00000000
   1.729  3581 3428  90 1  0  0 0 0 0 0  00000000
   1.740  3581 3428  89 1  0  0 0 0 0 0  00000000
   1.767  3581 3428  88 1  0  0 0 0 0 0  00000000
   1.778  3581 3424  88 1  0  0 0 0 0 0  00000000
   1.791  3581 3423  87 1  0  0 0 0 0 0  00000000
   1.802  3581 3423  88 1  0  0 0 0 0 0  00000000
   1.827  3581 3423  89 1  0  0 0 0 0 0  00000000
   1.840  3581 3423  90 1  0  0 0 0 0 0  00000000
   1.865  3581 3423  91 1  0  0 0 0 0 0  00000000
   1.878  3581 3424  90 1  0  0 0 0 0 0  00000000
   1.890  3581 3425  91 1  0  0 0 0 0 0  00000000
   1.903  3581 3426  92 1  0  0 0 0 0 0  00000000
   1.915  3580 3432  91 1  0  0 0 0 0 0  00000000
   1.928  3580 3433  92 1  0  0 0 0 0 0  00000000
   1.940  3580 3434  91 1  0  0 0 0 0 0  00000000
   1.953  3580 3435  92 1  0  0 0 0 0 0  00000000
   1.965  3580 3439  92 1  0  0 0 0 0 0  00000000
   1.977  3580 3440  92 1  0  0 0 0 0 0  00000000
   1.990  3579 3440  92 1  0  0 0 0 0 0  00000000
   2.002  3579 3441  92 1  0  0 0 0 0 0  00000000
   2.039  3579 3441  90 1  0  0 0 0 0 0  00000000
   2.051  3579 3441  87 1  0  0 0 0 0 0  00000000
   2.064  3595 3445  82 1  0  0 0 0 0 0  00000000
   2.077  3595 3471  75 1  0  0 0 0 0 0  00000000
   2.089  3545 3503  49 1  0  0 0 0 0 0  00000000
   2.099  3545 3503   0 0  0  0 0 0 0 0  00000000
   2.225  3262 3578  83 1  0  0 0 0 0 0  00000000
   2.238  3245 3559  86 1  0  0 0 0 0 0  00000000
   2.250  3243 3559  90 1  0  0 0 0 0 0  00000000
   2.263  3219 3559  94 1  0  0 0 0 0 0  00000000
   2.275  3219 3560  95 1  0  0 0 0 0 0  00000000
   2.286  3219 3561  96 1  0  0 0 0 0 0  00000000
   2.299  3219 3562  95 1  0  0 0 0 0 0  00000000
   2.311  3219 3561  95 1  0  0 0 0 0 0  00000000
   2.325  3219 3556  95 1  0  0 0 0 0 0  00000000
   2.337  3237 3551  91 1  0  0 0 0 0 0  00000000
   2.349  3237 3530  92 1  0  0 0 0 0 0  00000000
   2.361  3237 3530  91 1  0  0 0 0 0 0  00000000
   2.374  3237 3529  92 1  0  0 0 0 0 0  00000000
   2.412  3236 3529  94 1  0  0 0 0 0 0  00000000
   2.424  3234 3529  94 1  0  0 0 0 0 0  00000000
   2.450  3234 3530  94 1  0  0 0 0 0 0  00000000
   2.461  3234 3531  94 1  0  0 0 0 0 0  00000000
   2.474  3234 3532  92 1  0  0 0 0 0 0  00000000
   2.486  3234 3532  89 1  0  0 0 0 0 0  00000000
   2.499  3234 3532  85 1  0  0 0 0 0 0  00000000
   2.511  3238 3532  77 1  0  0 0 0 0 0  00000000
   2.523  3209 3559  56 1  0  0 0 0 0 0  00000000
   2.535  3209 3559   0 0  0  0 0 0 0 0  00000000
   2.635  3229 3519  86 1  0  0 0 0 0 0  00000000
   2.647  3202 3498  90 1  0  0 0 0 0 0  00000000
   2.660  3170 3497  95 1  0  0 0 0 0 0  00000000
   2.671  3170 3497  97 1  0  0 0 0 0 0  00000000
   2.685  3170 3497  93 1  0  0 0 0 0 0  00000000
   2.696  3189 3471  84 1  0  0 0 0 0 0  00000000
   2.709  3189 3446  67 1  0  0 0 0 0 0  00000000
   2.721  3189 3446   0 0  0  0 0 0 0 0  00000000
   2.783  3298 3330  83 1  0  0 0 0 0 0  00000000
   2.796  3296 3307  88 1  0  0 0 0 0 0  00000000
   2.808  3270 3307  94 1  0  0 0 0 0 0  00000000
   2.821  3268 3307  95 1  0  0 0 0 0 0  00000000
   2.833  3263 3307  99 1  0  0 0 0 0 0  00000000
   2.846  3262 3307  98 1  0  0 0 0 0 0  00000000
   2.858  3262 3285  96 1  0  0 0 0 0 0  00000000
   2.883  3262 3266  94 1  0  0 0 0 0 0  00000000
   2.895  3262 3264  93 1  0  0 0 0 0 0  00000000
   2.907  3263 3262  93 1  0  0 0 0 0 0  00000000
   2.920  3264 3262  93 1  0  0 0 0 0 0  00000000
   2.933  3269 3262  93 1  0  0 0 0 0 0  00000000
   2.944  3270 3262  95 1  0  0 0 0 0 0  00000000
   2.957  3271 3262  95 1  0  0 0 0 0 0  00000000
   2.969  3272 3263  95 1  0  0 0 0 0 0  00000000
   2.982  3272 3268  97 1  0  0 0 0 0 0  00000000
   2.995  3272 3269  96 1  0  0 0 0 0 0  00000000
   3.007  3272 3270  96 1  0  0 0 0 0 0  00000000
   3.020  3272 3275  96 1  0  0 0 0 0 0  00000000
   3.031  3272 3276  96 1  0  0 0 0 0 0  00000000
   3.044  3272 3277  96 1  0  0 0 0 0 0  00000000
   3.056  3272 3278  96 1  0  0 0 0 0 0  00000000
   3.069  3272 3279  95 1  0  0 0 0 0 0  00000000
   3.081  3272 3280  96 1  0  0 0 0 0 0  00000000
   3.094  3272 3281  95 1  0  0 0 0 0 0  00000000
   3.106  3272 3282  94 1  0  0 0 0 0 0  00000000
   3.118  3272 3282  93 1  0  0 0 0 0 0  00000000
   3.131  3272 3283  92 1  0  0 0 0 0 0  00000000
   3.144  3273 3284  90 1  0  0 0 0 0 0  00000000
   3.156  3277 3289  85 1  0  0 0 0 0 0  00000000
   3.168  3298 3290  76 1  0  0 0 0 0 0  00000000
   3.181  3296 3325  53 1  0  0 0 0 0 0  00000000
   3.192  3296 3325   0 0  0  0 0 0 0 0  00000000
   3.329  3164 3449  53 1  0  0 0 0 0 0  00000000
   3.342  3111 3428  78 1  0  0 0 0 0 0  00000000
   3.353  3093 3428  85 1  0  0 0 0 0 0  00000000
   3.366  3093 3428  89 1  0  0 0 0 0 0  00000000
   3.379  3091 3428  91 1  0  0 0 0 0 0  00000000
   3.391  3086 3428  92 1  0  0 0 0 0 0  00000000
   3.404  3085 3428  93 1  0  0 0 0 0 0  00000000
   3.417  3084 3428  93 1  0  0 0 0 0 0  00000000
   3.429  3084 3428  91 1  0  0 0 0 0 0  00000000
   3.441  3084 3428  92 1  0  0 0 0 0 0  00000000
   3.454  3084 3428  91 1  0  0 0 0 0 0  00000000
   3.466  3084 3426  90 1  0  0 0 0 0 0  00000000
   3.478  3084 3422  91 1  0  0 0 0 0 0  00000000
   3.491  3084 3421  91 1  0  0 0 0 0 0  00000000
   3.503  3084 3421  92 1  0  0 0 0 0 0  00000000
   3.515  3084 3421  91 1  0  0 0 0 0 0  00000000
   3.540  3084 3421  92 1  0  0 0 0 0 0  00000000
   3.590  3084 3421  91 1  0  0 0 0 0 0  00000000
   3.603  3085 3421  88 1  0  0 0 0 0 0  00000000
   3.616  3109 3419  83 1  0  0 0 0 0 0  00000000
   3.626  3160 3418  72 1  0  0 0 0 0 0  00000000
   3.639  3193 3424  48 1  0  0 0 0 0 0  00000000
   3.651  3193 3424   0 0  0  0 0 0 0 0  00000000
   3.726  3303 3376  51 1  0  0 0 0 0 0  00000000
   3.739  3252 3377  79 1  0  0 0 0 0 0  00000000
   3.752  3234 3410  84 1  0  0 0 0 0 0  00000000
   3.763  3234 3410  85 1  0  0 0 0 0 0  00000000
   3.776  3234 3410  82 1  0  0 0 0 0 0  00000000
   3.789  3260 3410  74 1  0  0 0 0 0 0  00000000
   3.801  3258 3456  50 1  0  0 0 0 0 0  00000000
   3.812  3258 3456   0 0  0  0 0 0 0 0  00000000
   3.875  3106 3434  44 1  0  0 0 0 0 0  00000000
   3.888  3016 3461  79 1  0  0 0 0 0 0  00000000
   3.900  2984 3489  85 1  0  0 0 0 0 0  00000000
   3.913  2966 3490  90 1  0  0 0 0 0 0  00000000
   3.925  2966 3521  91 1  0  0 0 0 0 0  00000000
   3.939  2966 3521  92 1  0  0 0 0 0 0  00000000
   3.961  2966 3521  91 1  0  0 0 0 0 0  00000000
   3.974  2967 3489  89 1  0  0 0 0 0 0  00000000
   3.986  2972 3488  88 1  0  0 0 0 0 0  00000000
   3.999  2976 3486  88 1  0  0 0 0 0 0  00000000
   4.011  2977 3486  88 1  0  0 0 0 0 0  00000000
   4.024  2978 3486  88 1  0  0 0 0 0 0  00000000
   4.036  2979 3486  88 1  0  0 0 0 0 0  00000000
   4.050  2980 3487  89 1  0  0 0 0 0 0  00000000
   4.061  2984 3488  89 1  0  0 0 0 0 0  00000000
   4.074  2985 3488  89 1  0  0 0 0 0 0  00000000
   4.086  2985 3489  89 1  0  0 0 0 0 0  00000000
   4.098  2985 3489  90 1  0  0 0 0 0 0  00000000
   4.136  2985 3487  91 1  0  0 0 0 0 0  00000000
   4.149  2985 3485  91 1  0  0 0 0 0 0  00000000
   4.173  2985 3485  92 1  0  0 0 0 0 0  00000000
   4.197  2985 3484  91 1  0  0 0 0 0 0  00000000
   4.210  2985 3484  92 1  0  0 0 0 0 0  00000000
   4.260  2985 3484  93 1  0  0 0 0 0 0  00000000
   4.284  2985 3484  92 1  0  0 0 0 0 0  00000000
   4.309  2985 3484  93 1  0  0 0 0 0 0  00000000
   4.334  2985 3484  92 1  0  0 0 0 0 0  00000000
   4.347  2985 3484  94 1  0  0 0 0 0 0  00000000
   4.359  2985 3484  93 1  0  0 0 0 0 0  00000000
   4.372  2985 3485  93 1  0  0 0 0 0 0  00000000
   4.385  2985 3486  92 1  0  0 0 0 0 0  00000000
   4.396  2985 3487  93 1  0  0 0 0 0 0  00000000
   4.408  2985 3488  93 1  0  0 0 0 0 0  00000000
   4.421  2985 3492  93 1  0  0 0 0 0 0  00000000
   4.433  2985 3493  93 1  0  0 0 0 0 0  00000000
   4.445  2985 3494  93 1  0  0 0 0 0 0  00000000
   4.459  2985 3499  92 1  0  0 0 0 0 0  00000000
   4.470  2985 3505  91 1  0  0 0 0 0 0  00000000
   4.483  2985 3558  84 1  0  0 0 0 0 0  00000000
   4.496  2919 3604  68 1  0  0 0 0 0 0  00000000
   4.507  2919 3604   0 0  0  0 0 0 0 0  00000000
   4.694  2419 3768  73 1  0  0 0 0 0 0  00000000
   4.706  2419 3746  79 1  0  0 0 0 0 0  00000000
   4.719  2417 3763  81 1  0  0 0 0 0 0  00000000
   4.732  2415 3763  81 1  0  0 0 0 0 0  00000000
   4.745  2415 3763  77 1  0  0 0 0 0 0  00000000
   4.756  2452 3763  67 1  0  0 0 0 0 0  00000000
   4.768  2452 3763   0 0  0  0 0 0 0 0  00000000
   4.967  3017 3475  75 1  0  0 0 0 0 0  00000000
   4.979  2974 3434  78 1  0  0 0 0 0 0  00000000
   4.992  2940 3434  82 1  0  0 0 0 0 0  00000000
   5.004  2916 3434  85 1  0  0 0 0 0 0  00000000
   5.017  2916 3435  87 1  0  0 0 0 0 0  00000000
   5.029  2915 3435  85 1  0  0 0 0 0 0  00000000
   5.042  2914 3428  83 1  0  0 0 0 0 0  00000000
   5.054  2914 3426  80 1  0  0 0 0 0 0  00000000
   5.067  2890 3424  77 1  0  0 0 0 0 0  00000000
   5.078  2890 3423  75 1  0  0 0 0 0 0  00000000
   5.091  2888 3423  75 1  0  0 0 0 0 0  00000000
   5.103  2881 3423  74 1  0  0 0 0 0 0  00000000
   5.116  2875 3442  73 1  0  0 0 0 0 0  00000000
   5.128  2874 3442  75 1  0  0 0 0 0 0  00000000
   5.141  2874 3443  76 1  0  0 0 0 0 0  00000000
   5.154  2874 3448  77 1  0  0 0 0 0 0  00000000
   5.165  2874 3449  78 1  0  0 0 0 0 0  00000000
   5.178  2873 3455  79 1  0  0 0 0 0 0  00000000
   5.190  2873 3456  80 1  0  0 0 0 0 0  00000000
   5.204  2873 3461  80 1  0  0 0 0 0 0  00000000
   5.215  2871 3466  81 1  0  0 0 0 0 0  00000000
   5.228  2871 3490  82 1  0  0 0 0 0 0  00000000
   5.239  2869 3490  80 1  0  0 0 0 0 0  00000000
   5.252  2869 3491  83 1  0  0 0 0 0 0  00000000
   5.264  2869 3492  81 1  0  0 0 0 0 0  00000000
   5.277  2868 3493  80 1  0  0 0 0 0 0  00000000
   5.290  2875 3494  83 1  0  0 0 0 0 0  00000000
   5.302  2876 3517  84 1  0  0 0 0 0 0  00000000
   5.314  2877 3517  84 1  0  0 0 0 0 0  00000000
   5.327  2857 3517  81 1  0  0 0 0 0 0  00000000
   5.340  2880 3517  84 1  0  0 0 0 0 0  00000000
   5.352  2880 3517  85 1  0  0 0 0 0 0  00000000
   5.377  2880 3516  84 1  0  0 0 0 0 0  00000000
   5.402  2860 3515  80 1  0  0 0 0 0 0  00000000
   5.414  2887 3515  83 1  0  0 0 0 0 0  00000000
   5.427  2904 3537  80 1  0  0 0 0 0 0  00000000
   5.440  2956 3557  75 1  0  0 0 0 0 0  00000000
   5.452  2986 3574  67 1  0  0 0 0 0 0  00000000
   5.464  2986 3574   0 0  0  0 0 0 0 0  00000000
