time	 y	 z	 f	 w	 l	 r	 u	 d	 m	 multi
   0.000  4257 2268   0 0  0  0 0 0 0 0  00000000
   1.082  4143 2376  84 1  0  0 0 0 0 0  00000000
   1.094  4142 2376  84 1  0  0 0 0 0 0  00000000
   1.106  4137 2374  85 1  0  0 0 0 0 0  00000000
   1.119  4135 2374  82 1  0  0 0 0 0 0  00000000
   1.132  4135 2374  80 1  0  0 0 0 0 0  00000000
   1.144  4135 2374  79 1  0  0 0 0 0 0  00000000
   1.156  4135 2374  78 1  0  0 0 0 0 0  00000000
   1.168  4133 2375  76 1  0  0 0 0 0 0  00000000
   1.181  4132 2375  76 1  0  0 0 0 0 0  00000000
   1.230  4132 2375  75 1  0  0 0 0 0 0  00000000
   1.242  4107 2344  67 1  0  0 0 0 0 0  00000000
   1.255  4107 2373  47 1  0  0 0 0 0 0  00000000
   1.266  4107 2373   0 0  0  0 0 0 0 0  00000000
   1.652  4243 2520  35 1  0  0 0 0 0 0  00000000
   1.665  4187 2519  86 1  0  0 0 0 0 0  00000000
   1.677  4187 2462  88 1  0  0 0 0 0 0  00000000
   1.690  4185 2437  89 1  0  0 0 0 0 0  00000000
   1.703  4183 2436  89 1  0  0 0 0 0 0  00000000
   1.715  4181 2436  90 1  0  0 0 0 0 0  00000000
   1.727  4179 2436  90 1  0  0 0 0 0 0  00000000
   1.740  4179 2437  90 1  0  0 0 0 0 0  00000000
   1.751  4177 2442  90 1  0  0 0 0 0 0  00000000
   1.765  4177 2443  89 1  0  0 0 0 0 0  00000000
   1.777  4177 2444  89 1  0  0 0 0 0 0  00000000
   1.790  4177 2445  89 1  0  0 0 0 0 0  00000000
   1.802  4177 2446  88 1  0  0 0 0 0 0  00000000
   1.814  4177 2446  89 1  0  0 0 0 0 0  00000000
   1.826  4176 2447  91 1  0  0 0 0 0 0  00000000
   1.835  4175 2448  91 1  0  0 0 0 0 0  00000000
   1.845  4175 2448  90 1  0  0 0 0 0 0  00000000
   1.864  4175 2447  90 1  0  0 0 0 0 0  00000000
   1.875  4176 2442  90 1  0  0 0 0 0 0  00000000
   1.888  4177 2437  89 1  0  0 0 0 0 0  00000000
   1.902  4177 2435  90 1  0  0 0 0 0 0  00000000
   1.913  4178 2435  88 1  0  0 0 0 0 0  00000000
   1.926  4178 2433  89 1  0  0 0 0 0 0  00000000
   1.951  4178 2433  88 1  0  0 0 0 0 0  00000000
   1.963  4178 2431  89 1  0  0 0 0 0 0  00000000
   1.974  4178 2429  89 1  0  0 0 0 0 0  00000000
   1.987  4178 2424  87 1  0  0 0 0 0 0  00000000
   2.000  4179 2401  84 1  0  0 0 0 0 0  00000000
   2.013  4206 2401  80 1  0  0 0 0 0 0  00000000
   2.024  4229 2401  72 1  0  0 0 0 0 0  00000000
   2.037  4200 2421  49 1  0  0 0 0 0 0  00000000
   2.048  4200 2421   0 0  0  0 0 0 0 0  00000000
   2.198  4559 2320  82 1  0  0 0 0 0 0  00000000
   2.211  4559 2268  81 1  0  0 0 0 0 0  00000000
   2.223  4559 2266  82 1  0  0 0 0 0 0  00000000
   2.236  4559 2262  81 1  0  0 0 0 0 0  00000000
   2.249  4554 2242  81 1  0  0 0 0 0 0  00000000
   2.260  4549 2242  81 1  0  0 0 0 0 0  00000000
   2.273  4547 2242  80 1  0  0 0 0 0 0  00000000
   2.284  4546 2242  79 1  0  0 0 0 0 0  00000000
   2.298  4546 2237  79 1  0  0 0 0 0 0  00000000
   2.310  4546 2236  79 1  0  0 0 0 0 0  00000000
   2.323  4546 2234  79 1  0  0 0 0 0 0  00000000
   2.335  4546 2228  77 1  0  0 0 0 0 0  00000000
   2.347  4546 2223  77 1  0  0 0 0 0 0  00000000
   2.359  4547 2217  74 1  0  0 0 0 0 0  00000000
   2.372  4597 2211  71 1  0  0 0 0 0 0  00000000
   2.384  4655 2180  63 1  0  0 0 0 0 0  00000000
   2.396  4656 2180  58 1  0  0 0 0 0 0  00000000
   2.410  4662 2200  48 1  0  0 0 0 0 0  00000000
   2.420  4662 2200   0 0  0  0 0 0 0 0  00000000
   2.583  4610 2266  75 1  0  0 0 0 0 0  00000000
   2.595  4610 2206  73 1  0  0 0 0 0 0  00000000
   2.608  4610 2202  73 1  0  0 0 0 0 0  00000000
   2.621  4610 2197  72 1  0  0 0 0 0 0  00000000
   2.633  4610 2191  67 1  0  0 0 0 0 0  00000000
   2.644  4534 2274  38 1  0  0 0 0 0 0  00000000
   2.656  4534 2274   0 0  0  0 0 0 0 0  00000000
   2.732  4309 2367  72 1  0  0 0 0 0 0  00000000
   2.745  4270 2326  75 1  0  0 0 0 0 0  00000000
   2.756  4270 2326  76 1  0  0 0 0 0 0  00000000
   2.794  4270 2331  75 1  0  0 0 0 0 0  00000000
   2.806  4270 2359  75 1  0  0 0 0 0 0  00000000
   2.819  4270 2360  74 1  0  0 0 0 0 0  00000000
   2.831  4271 2365  74 1  0  0 0 0 0 0  00000000
   2.843  4292 2366  74 1  0  0 0 0 0 0  00000000
   2.856  4292 2370  74 1  0  0 0 0 0 0  00000000
   2.869  4292 2371  74 1  0  0 0 0 0 0  00000000
   2.881  4292 2375  74 1  0  0 0 0 0 0  00000000
   2.892  4292 2376  76 1  0  0 0 0 0 0  00000000
   2.906  4292 2377  75 1  0  0 0 0 0 0  00000000
   2.919  4292 2377  76 1  0  0 0 0 0 0  00000000
   2.955  4292 2377  77 1  0  0 0 0 0 0  00000000
   2.968  4292 2377  76 1  0  0 0 0 0 0  00000000
   2.980  4292 2377  77 1  0  0 0 0 0 0  00000000
   2.992  4292 2378  77 1  0  0 0 0 0 0  00000000
   3.004  4292 2379  76 1  0  0 0 0 0 0  00000000
   3.017  4292 2380  76 1  0  0 0 0 0 0  00000000
   3.030  4292 2381  76 1  0  0 0 0 0 0  00000000
   3.042  4292 2382  77 1  0  0 0 0 0 0  00000000
   3.055  4292 2383  77 1  0  0 0 0 0 0  00000000
   3.067  4292 2383  76 1  0  0 0 0 0 0  00000000
   3.079  4292 2384  77 1  0  0 0 0 0 0  00000000
   3.129  4292 2388  76 1  0  0 0 0 0 0  00000000
   3.142  4292 2392  76 1  0  0 0 0 0 0  00000000
   3.154  4330 2414  73 1  0  0 0 0 0 0  00000000
   3.167  4402 2414  70 1  0  0 0 0 0 0  00000000
   3.178  4482 2430  50 1  0  0 0 0 0 0  00000000
   3.190  4482 2430   0 0  0  0 0 0 0 0  00000000
   3.278  4731 2232  73 1  0  0 0 0 0 0  00000000
   3.290  4751 2184  74 1  0  0 0 0 0 0  00000000
   3.304  4752 2180  73 1  0  0 0 0 0 0  00000000
   3.316  4752 2178  74 1  0  0 0 0 0 0  00000000
   3.328  4752 2177  74 1  0  0 0 0 0 0  00000000
   3.352  4752 2173  73 1  0  0 0 0 0 0  00000000
   3.365  4729 2168  70 1  0  0 0 0 0 0  00000000
   3.377  4729 2164  69 1  0  0 0 0 0 0  00000000
   3.389  4729 2162  70 1  0  0 0 0 0 0  00000000
   3.403  4752 2161  73 1  0  0 0 0 0 0  00000000
   3.439  4752 2160  73 1  0  0 0 0 0 0  00000000
   3.463  4752 2158  73 1  0  0 0 0 0 0  00000000
   3.476  4752 2156  73 1  0  0 0 0 0 0  00000000
   3.489  4752 2154  73 1  0  0 0 0 0 0  00000000
   3.502  4752 2152  73 1  0  0 0 0 0 0  00000000
   3.514  4752 2152  72 1  0  0 0 0 0 0  00000000
   3.539  4724 2151  70 1  0  0 0 0 0 0  00000000
   3.551  4724 2150  68 1  0  0 0 0 0 0  00000000
   3.564  4724 2157  63 1  0  0 0 0 0 0  00000000
   3.576  4722 2204  46 1  0  0 0 0 0 0  00000000
   3.588  4722 2204   0 0  0  0 0 0 0 0  00000000
   3.699  4489 2295  83 1  0  0 0 0 0 0  00000000
   3.712  4489 2293  84 1  0  0 0 0 0 0  00000000
   3.724  4489 2289  84 1  0  0 0 0 0 0  00000000
   3.738  4488 2287  83 1  0  0 0 0 0 0  00000000
   3.748  4488 2282  79 1  0  0 0 0 0 0  00000000
   3.762  4504 2287  73 1  0  0 0 0 0 0  00000000
   3.774  4484 2345  53 1  0  0 0 0 0 0  00000000
   3.786  4484 2345   0 0  0  0 0 0 0 0  00000000
   3.848  4598 2290  76 1  0  0 0 0 0 0  00000000
   3.861  4598 2265  80 1  0  0 0 0 0 0  00000000
   3.874  4582 2265  80 1  0  0 0 0 0 0  00000000
   3.886  4582 2264  81 1  0  0 0 0 0 0  00000000
   3.898  4580 2263  82 1  0  0 0 0 0 0  00000000
   3.911  4578 2263  83 1  0  0 0 0 0 0  00000000
   3.923  4573 2263  82 1  0  0 0 0 0 0  00000000
   3.936  4571 2263  82 1  0  0 0 0 0 0  00000000
   3.961  4571 2263  81 1  0  0 0 0 0 0  00000000
   3.974  4571 2263  82 1  0  0 0 0 0 0  00000000
   4.022  4571 2263  83 1  0  0 0 0 0 0  00000000
   4.034  4571 2263  82 1  0  0 0 0 0 0  00000000
   4.047  4572 2263  83 1  0  0 0 0 0 0  00000000
   4.059  4572 2263  82 1  0  0 0 0 0 0  00000000
   4.084  4572 2263  81 1  0  0 0 0 0 0  00000000
   4.097  4572 2263  82 1  0  0 0 0 0 0  00000000
   4.122  4572 2264  83 1  0  0 0 0 0 0  00000000
   4.134  4572 2265  83 1  0  0 0 0 0 0  00000000
   4.146  4573 2266  83 1  0  0 0 0 0 0  00000000
   4.159  4573 2267  83 1  0  0 0 0 0 0  00000000
   4.172  4573 2268  83 1  0  0 0 0 0 0  00000000
   4.184  4573 2269  83 1  0  0 0 0 0 0  00000000
   4.196  4573 2270  83 1  0  0 0 0 0 0  00000000
   4.209  4574 2270  83 1  0  0 0 0 0 0  00000000
   4.221  4575 2270  83 1  0  0 0 0 0 0  00000000
   4.234  4576 2270  83 1  0  0 0 0 0 0  00000000
   4.246  4577 2270  83 1  0  0 0 0 0 0  00000000
   4.270  4578 2270  83 1  0  0 0 0 0 0  00000000
   4.284  4579 2270  82 1  0  0 0 0 0 0  00000000
   4.296  4579 2270  83 1  0  0 0 0 0 0  00000000
   4.357  4580 2270  82 1  0  0 0 0 0 0  00000000
   4.370  4580 2270  83 1  0  0 0 0 0 0  00000000
   4.396  4580 2270  82 1  0  0 0 0 0 0  00000000
   4.410  4580 2270  83 1  0  0 0 0 0 0  00000000
   4.444  4580 2271  83 1  0  0 0 0 0 0  00000000
   4.456  4581 2271  83 1  0  0 0 0 0 0  00000000
   4.469  4581 2272  83 1  0  0 0 0 0 0  00000000
   4.482  4581 2273  83 1  0  0 0 0 0 0  00000000
   4.494  4581 2274  83 1  0  0 0 0 0 0  00000000
   4.507  4581 2275  83 1  0  0 0 0 0 0  00000000
   4.519  4581 2276  83 1  0  0 0 0 0 0  00000000
   4.532  4581 2277  84 1  0  0 0 0 0 0  00000000
   4.544  4581 2277  83 1  0  0 0 0 0 0  00000000
   4.556  4581 2277  84 1  0  0 0 0 0 0  00000000
   4.569  4581 2277  83 1  0  0 0 0 0 0  00000000
   4.581  4581 2278  83 1  0  0 0 0 0 0  00000000
   4.594  4581 2279  84 1  0  0 0 0 0 0  00000000
   4.607  4582 2279  83 1  0  0 0 0 0 0  00000000
   4.643  4583 2279  83 1  0  0 0 0 0 0  00000000
   4.693  4583 2279  84 1  0  0 0 0 0 0  00000000
   4.705  4583 2279  82 1  0  0 0 0 0 0  00000000
   4.742  4583 2279  83 1  0  0 0 0 0 0  00000000
   4.792  4583 2278  83 1  0  0 0 0 0 0  00000000
   4.805  4584 2276  82 1  0  0 0 0 0 0  00000000
   4.829  4584 2274  82 1  0  0 0 0 0 0  00000000
   4.841  4584 2272  83 1  0  0 0 0 0 0  00000000
   4.854  4584 2272  82 1  0  0 0 0 0 0  00000000
   4.865  4584 2272  83 1  0  0 0 0 0 0  00000000
   4.891  4585 2272  83 1  0  0 0 0 0 0  00000000
   4.916  4586 2268  82 1  0  0 0 0 0 0  00000000
   4.929  4586 2242  79 1  0  0 0 0 0 0  00000000
   4.942  4591 2220  75 1  0  0 0 0 0 0  00000000
   4.953  4652 2216  66 1  0  0 0 0 0 0  00000000
   4.965  4653 2232  54 1  0  0 0 0 0 0  00000000
   4.978  4653 2232   0 0  0  0 0 0 0 0  00000000
