time	 y	 z	 f	 w	 l	 r	 u	 d	 m	 multi
   0.000  2964 3516   0 0  0  0 0 0 0 0  00000000
   1.443  3052 3045  73 1  0  0 0 0 0 0  00000000
   1.462  3050 3043  76 1  0  0 0 0 0 0  00000000
   1.480  3048 3043  74 1  0  0 0 0 0 0  00000000
   1.493  3055 3043  69 1  0  0 0 0 0 0  00000000
   1.506  3105 3043  59 1  0  0 0 0 0 0  00000000
   1.517  3105 3043   0 0  0  0 0 0 0 0  00000000
   1.691  3124 2973  73 1  0  0 0 0 0 0  00000000
   1.704  3108 2972  76 1  0  0 0 0 0 0  00000000
   1.716  3106 2972  80 1  0  0 0 0 0 0  00000000
   1.729  3104 2972  80 1  0  0 0 0 0 0  00000000
   1.741  3102 2970  75 1  0  0 0 0 0 0  00000000
   1.754  3103 2970  64 1  0  0 0 0 0 0  00000000
   1.767  3103 2970   0 0  0  0 0 0 0 0  00000000
   1.964  3131 3144  43 1  0  0 0 0 0 0  00000000
   1.977  3034 3090  76 1  0  0 0 0 0 0  00000000
   1.990  3008 3061  83 1  0  0 0 0 0 0  00000000
   2.000  3006 3059  85 1  0  0 0 0 0 0  00000000
   2.013  3004 3057  88 1  0  0 0 0 0 0  00000000
   2.027  3002 3052  88 1  0  0 0 0 0 0  00000000
   2.038  3000 3051  88 1  0  0 0 0 0 0  00000000
   2.052  3000 3049  87 1  0  0 0 0 0 0  00000000
   2.063  3000 3047  85 1  0  0 0 0 0 0  00000000
   2.088  3000 3045  84 1  0  0 0 0 0 0  00000000
   2.101  3001 3043  82 1  0  0 0 0 0 0  00000000
   2.114  3006 3042  80 1  0  0 0 0 0 0  00000000
   2.126  3031 3042  79 1  0  0 0 0 0 0  00000000
   2.138  3032 3064  77 1  0  0 0 0 0 0  00000000
   2.148  3033 3064  77 1  0  0 0 0 0 0  00000000
   2.165  3087 3065  72 1  0  0 0 0 0 0  00000000
   2.176  3108 3105  62 1  0  0 0 0 0 0  00000000
   2.189  3108 3105   0 0  0  0 0 0 0 0  00000000
   2.511  2950 3254  75 1  0  0 0 0 0 0  00000000
   2.523  2950 3233  77 1  0  0 0 0 0 0  00000000
   2.535  2949 3231  79 1  0  0 0 0 0 0  00000000
   2.548  2945 3224  80 1  0  0 0 0 0 0  00000000
   2.559  2944 3218  80 1  0  0 0 0 0 0  00000000
   2.572  2942 3211  80 1  0  0 0 0 0 0  00000000
   2.584  2942 3204  79 1  0  0 0 0 0 0  00000000
   2.596  2942 3197  78 1  0  0 0 0 0 0  00000000
   2.609  2942 3190  77 1  0  0 0 0 0 0  00000000
   2.622  2940 3186  75 1  0  0 0 0 0 0  00000000
   2.634  2946 3186  74 1  0  0 0 0 0 0  00000000
   2.646  2952 3186  71 1  0  0 0 0 0 0  00000000
   2.658  3025 3187  64 1  0  0 0 0 0 0  00000000
   2.671  3025 3187   0 0  0  0 0 0 0 0  00000000
   3.007  2940 3325  79 1  0  0 0 0 0 0  00000000
   3.019  2938 3300  78 1  0  0 0 0 0 0  00000000
   3.032  2934 3298  83 1  0  0 0 0 0 0  00000000
   3.044  2911 3296  84 1  0  0 0 0 0 0  00000000
   3.056  2911 3296  85 1  0  0 0 0 0 0  00000000
   3.068  2911 3294  85 1  0  0 0 0 0 0  00000000
   3.081  2911 3289  85 1  0  0 0 0 0 0  00000000
   3.093  2927 3256  83 1  0  0 0 0 0 0  00000000
   3.107  2927 3256  82 1  0  0 0 0 0 0  00000000
   3.131  2911 3256  84 1  0  0 0 0 0 0  00000000
   3.157  2928 3237  82 1  0  0 0 0 0 0  00000000
   3.169  2926 3237  84 1  0  0 0 0 0 0  00000000
   3.180  2904 3237  83 1  0  0 0 0 0 0  00000000
   3.193  2904 3237  84 1  0  0 0 0 0 0  00000000
   3.206  2905 3232  82 1  0  0 0 0 0 0  00000000
   3.218  2906 3230  81 1  0  0 0 0 0 0  00000000
   3.230  2907 3229  82 1  0  0 0 0 0 0  00000000
   3.243  2908 3224  82 1  0  0 0 0 0 0  00000000
   3.254  2908 3222  83 1  0  0 0 0 0 0  00000000
   3.268  2908 3220  80 1  0  0 0 0 0 0  00000000
   3.279  2908 3218  79 1  0  0 0 0 0 0  00000000
   3.292  2908 3216  76 1  0  0 0 0 0 0  00000000
   3.304  2908 3216  68 1  0  0 0 0 0 0  00000000
   3.317  2928 3253  44 1  0  0 0 0 0 0  00000000
   3.328  2928 3253   0 0  0  0 0 0 0 0  00000000
   3.528  2951 3212  83 1  0  0 0 0 0 0  00000000
   3.541  2949 3191  83 1  0  0 0 0 0 0  00000000
   3.551  2947 3211  88 1  0  0 0 0 0 0  00000000
   3.564  2945 3212  87 1  0  0 0 0 0 0  00000000
   3.589  2945 3212  83 1  0  0 0 0 0 0  00000000
   3.602  2977 3212  76 1  0  0 0 0 0 0  00000000
   3.614  3039 3232  56 1  0  0 0 0 0 0  00000000
   3.625  3039 3232   0 0  0  0 0 0 0 0  00000000
   3.763  3099 3180  80 1  0  0 0 0 0 0  00000000
   3.776  3095 3180  84 1  0  0 0 0 0 0  00000000
   3.789  3070 3181  88 1  0  0 0 0 0 0  00000000
   3.801  3070 3204  89 1  0  0 0 0 0 0  00000000
   3.813  3070 3202  88 1  0  0 0 0 0 0  00000000
   3.826  3071 3177  81 1  0  0 0 0 0 0  00000000
   3.838  3077 3178  72 1  0  0 0 0 0 0  00000000
   3.850  3135 3212  42 1  0  0 0 0 0 0  00000000
   3.862  3135 3212   0 0  0  0 0 0 0 0  00000000
   4.011  3032 3273  83 1  0  0 0 0 0 0  00000000
   4.024  3015 3256  83 1  0  0 0 0 0 0  00000000
   4.036  3013 3273  86 1  0  0 0 0 0 0  00000000
   4.049  3011 3273  86 1  0  0 0 0 0 0  00000000
   4.061  3010 3273  84 1  0  0 0 0 0 0  00000000
   4.074  3010 3271  79 1  0  0 0 0 0 0  00000000
   4.086  3050 3271  63 1  0  0 0 0 0 0  00000000
   4.098  3050 3271   0 0  0  0 0 0 0 0  00000000
   4.284  2972 3321  82 1  0  0 0 0 0 0  00000000
   4.298  2970 3319  86 1  0  0 0 0 0 0  00000000
   4.309  2964 3317  91 1  0  0 0 0 0 0  00000000
   4.322  2933 3317  94 1  0  0 0 0 0 0  00000000
   4.334  2951 3317  92 1  0  0 0 0 0 0  00000000
   4.347  2951 3316  94 1  0  0 0 0 0 0  00000000
   4.359  2951 3311  91 1  0  0 0 0 0 0  00000000
   4.372  2951 3287  90 1  0  0 0 0 0 0  00000000
   4.384  2951 3268  88 1  0  0 0 0 0 0  00000000
   4.397  2951 3268  87 1  0  0 0 0 0 0  00000000
   4.409  2952 3268  86 1  0  0 0 0 0 0  00000000
   4.421  2952 3269  85 1  0  0 0 0 0 0  00000000
   4.434  2952 3270  84 1  0  0 0 0 0 0  00000000
   4.445  2952 3271  85 1  0  0 0 0 0 0  00000000
   4.458  2952 3271  86 1  0  0 0 0 0 0  00000000
   4.471  2952 3271  87 1  0  0 0 0 0 0  00000000
   4.482  2952 3271  86 1  0  0 0 0 0 0  00000000
   4.495  2952 3271  87 1  0  0 0 0 0 0  00000000
   4.520  2953 3269  88 1  0  0 0 0 0 0  00000000
   4.533  2953 3267  88 1  0  0 0 0 0 0  00000000
   4.546  2953 3262  87 1  0  0 0 0 0 0  00000000
   4.557  2953 3257  88 1  0  0 0 0 0 0  00000000
   4.570  2953 3255  87 1  0  0 0 0 0 0  00000000
   4.583  2953 3251  87 1  0  0 0 0 0 0  00000000
   4.594  2953 3250  88 1  0  0 0 0 0 0  00000000
   4.620  2953 3250  87 1  0  0 0 0 0 0  00000000
   4.632  2953 3249  87 1  0  0 0 0 0 0  00000000
   4.645  2953 3247  87 1  0  0 0 0 0 0  00000000
   4.657  2953 3245  87 1  0  0 0 0 0 0  00000000
   4.669  2953 3241  87 1  0  0 0 0 0 0  00000000
   4.682  2953 3239  87 1  0  0 0 0 0 0  00000000
   4.694  2953 3235  87 1  0  0 0 0 0 0  00000000
   4.707  2953 3233  87 1  0  0 0 0 0 0  00000000
   4.719  2953 3229  86 1  0  0 0 0 0 0  00000000
   4.732  2953 3224  86 1  0  0 0 0 0 0  00000000
   4.744  2953 3222  86 1  0  0 0 0 0 0  00000000
   4.755  2953 3217  86 1  0  0 0 0 0 0  00000000
   4.765  2953 3215  86 1  0  0 0 0 0 0  00000000
   4.777  2953 3211  86 1  0  0 0 0 0 0  00000000
   4.793  2953 3191  85 1  0  0 0 0 0 0  00000000
   4.819  2953 3191  86 1  0  0 0 0 0 0  00000000
   4.829  2953 3191  85 1  0  0 0 0 0 0  00000000
   4.842  2953 3186  85 1  0  0 0 0 0 0  00000000
   4.855  2953 3184  85 1  0  0 0 0 0 0  00000000
   4.867  2953 3180  84 1  0  0 0 0 0 0  00000000
   4.880  2953 3178  85 1  0  0 0 0 0 0  00000000
   4.892  2953 3177  84 1  0  0 0 0 0 0  00000000
   4.905  2953 3173  85 1  0  0 0 0 0 0  00000000
   4.918  2953 3172  84 1  0  0 0 0 0 0  00000000
   4.929  2953 3172  85 1  0  0 0 0 0 0  00000000
   4.991  2953 3172  86 1  0  0 0 0 0 0  00000000
   5.004  2953 3172  85 1  0  0 0 0 0 0  00000000
   5.017  2953 3172  86 1  0  0 0 0 0 0  00000000
   5.042  2953 3172  85 1  0  0 0 0 0 0  00000000
   5.054  2953 3172  86 1  0  0 0 0 0 0  00000000
   5.103  2953 3172  85 1  0  0 0 0 0 0  00000000
   5.116  2953 3172  86 1  0  0 0 0 0 0  00000000
   5.128  2953 3171  86 1  0  0 0 0 0 0  00000000
   5.141  2953 3171  85 1  0  0 0 0 0 0  00000000
   5.153  2953 3171  86 1  0  0 0 0 0 0  00000000
   5.179  2953 3187  84 1  0  0 0 0 0 0  00000000
   5.193  2951 3233  80 1  0  0 0 0 0 0  00000000
   5.203  2912 3257  74 1  0  0 0 0 0 0  00000000
   5.215  2928 3289  61 1  0  0 0 0 0 0  00000000
   5.227  2928 3289   0 0  0  0 0 0 0 0  00000000
   5.525  3206 3122  84 1  0  0 0 0 0 0  00000000
   5.537  3165 3103  88 1  0  0 0 0 0 0  00000000
   5.551  3142 3103  95 1  0  0 0 0 0 0  00000000
   5.562  3140 3104  95 1  0  0 0 0 0 0  00000000
   5.575  3140 3105  95 1  0  0 0 0 0 0  00000000
   5.587  3140 3089  91 1  0  0 0 0 0 0  00000000
   5.600  3140 3087  85 1  0  0 0 0 0 0  00000000
   5.612  3116 3087  76 1  0  0 0 0 0 0  00000000
   5.625  3114 3104  63 1  0  0 0 0 0 0  00000000
   5.636  3114 3104   0 0  0  0 0 0 0 0  00000000
   5.786  3355 3120  51 1  0  0 0 0 0 0  00000000
   5.799  3238 3090  80 1  0  0 0 0 0 0  00000000
   5.811  3213 3091  88 1  0  0 0 0 0 0  00000000
   5.823  3213 3097  90 1  0  0 0 0 0 0  00000000
   5.836  3211 3124  90 1  0  0 0 0 0 0  00000000
   5.848  3211 3122  87 1  0  0 0 0 0 0  00000000
   5.861  3229 3120  79 1  0  0 0 0 0 0  00000000
   5.872  3247 3118  69 1  0  0 0 0 0 0  00000000
   5.885  3247 3118   0 0  0  0 0 0 0 0  00000000
   6.046  3108 3277  79 1  0  0 0 0 0 0  00000000
   6.059  3083 3256  81 1  0  0 0 0 0 0  00000000
   6.072  3062 3256  87 1  0  0 0 0 0 0  00000000
   6.084  3062 3256  90 1  0  0 0 0 0 0  00000000
   6.097  3062 3256  91 1  0  0 0 0 0 0  00000000
   6.109  3058 3256  92 1  0  0 0 0 0 0  00000000
   6.120  3057 3256  91 1  0  0 0 0 0 0  00000000
   6.133  3057 3255  91 1  0  0 0 0 0 0  00000000
   6.146  3057 3250  90 1  0  0 0 0 0 0  00000000
   6.159  3057 3248  89 1  0  0 0 0 0 0  00000000
   6.170  3057 3243  88 1  0  0 0 0 0 0  00000000
   6.184  3057 3242  89 1  0  0 0 0 0 0  00000000
   6.197  3057 3242  87 1  0  0 0 0 0 0  00000000
   6.232  3057 3242  88 1  0  0 0 0 0 0  00000000
   6.245  3057 3242  89 1  0  0 0 0 0 0  00000000
   6.258  3057 3242  90 1  0  0 0 0 0 0  00000000
   6.282  3057 3243  89 1  0  0 0 0 0 0  00000000
   6.295  3057 3244  90 1  0  0 0 0 0 0  00000000
   6.307  3057 3245  91 1  0  0 0 0 0 0  00000000
   6.319  3057 3246  90 1  0  0 0 0 0 0  00000000
   6.332  3057 3250  90 1  0  0 0 0 0 0  00000000
   6.345  3057 3251  90 1  0  0 0 0 0 0  00000000
   6.357  3057 3252  89 1  0  0 0 0 0 0  00000000
   6.369  3057 3256  90 1  0  0 0 0 0 0  00000000
   6.381  3057 3257  88 1  0  0 0 0 0 0  00000000
   6.393  3057 3258  88 1  0  0 0 0 0 0  00000000
   6.406  3057 3290  85 1  0  0 0 0 0 0  00000000
   6.419  3057 3290  82 1  0  0 0 0 0 0  00000000
   6.431  3100 3290  76 1  0  0 0 0 0 0  00000000
   6.444  3174 3322  58 1  0  0 0 0 0 0  00000000
   6.454  3174 3322   0 0  0  0 0 0 0 0  00000000
   6.593  3102 3410  76 1  0  0 0 0 0 0  00000000
   6.605  3067 3428  81 1  0  0 0 0 0 0  00000000
   6.617  3050 3428  87 1  0  0 0 0 0 0  00000000
   6.629  3050 3456  87 1  0  0 0 0 0 0  00000000
   6.642  3050 3456  88 1  0  0 0 0 0 0  00000000
   6.655  3050 3454  85 1  0  0 0 0 0 0  00000000
   6.667  3051 3433  80 1  0  0 0 0 0 0  00000000
   6.679  3072 3434  74 1  0  0 0 0 0 0  00000000
   6.692  3123 3464  55 1  0  0 0 0 0 0  00000000
   6.703  3123 3464   0 0  0  0 0 0 0 0  00000000
   6.828  3196 3421  66 1  0  0 0 0 0 0  00000000
   6.840  3149 3419  76 1  0  0 0 0 0 0  00000000
   6.853  3133 3419  82 1  0  0 0 0 0 0  00000000
   6.866  3129 3419  84 1  0  0 0 0 0 0  00000000
   6.878  3124 3419  83 1  0  0 0 0 0 0  00000000
   6.890  3123 3419  83 1  0  0 0 0 0 0  00000000
   6.904  3123 3414  76 1  0  0 0 0 0 0  00000000
   6.915  3123 3408  68 1  0  0 0 0 0 0  00000000
   6.927  3163 3432  45 1  0  0 0 0 0 0  00000000
   6.938  3163 3432   0 0  0  0 0 0 0 0  00000000
   7.076  3219 3432  44 1  0  0 0 0 0 0  00000000
   7.088  3122 3433  75 1  0  0 0 0 0 0  00000000
   7.102  3104 3434  80 1  0  0 0 0 0 0  00000000
   7.114  3102 3457  84 1  0  0 0 0 0 0  00000000
   7.127  3096 3458  85 1  0  0 0 0 0 0  00000000
   7.139  3094 3459  83 1  0  0 0 0 0 0  00000000
   7.152  3094 3452  80 1  0  0 0 0 0 0  00000000
   7.164  3112 3445  73 1  0  0 0 0 0 0  00000000
   7.176  3137 3445  60 1  0  0 0 0 0 0  00000000
   7.187  3137 3445   0 0  0  0 0 0 0 0  00000000
   7.312  3205 3467  50 1  0  0 0 0 0 0  00000000
   7.324  3114 3442  78 1  0  0 0 0 0 0  00000000
   7.337  3092 3443  83 1  0  0 0 0 0 0  00000000
   7.349  3090 3449  85 1  0  0 0 0 0 0  00000000
   7.363  3085 3455  87 1  0  0 0 0 0 0  00000000
   7.375  3083 3456  85 1  0  0 0 0 0 0  00000000
   7.386  3089 3433  81 1  0  0 0 0 0 0  00000000
   7.398  3123 3433  72 1  0  0 0 0 0 0  00000000
   7.411  3159 3456  50 1  0  0 0 0 0 0  00000000
   7.422  3159 3456   0 0  0  0 0 0 0 0  00000000
   7.597  2925 3531  82 1  0  0 0 0 0 0  00000000
   7.610  2898 3529  83 1  0  0 0 0 0 0  00000000
   7.623  2896 3527  89 1  0  0 0 0 0 0  00000000
   7.635  2876 3526  92 1  0  0 0 0 0 0  00000000
   7.672  2876 3521  91 1  0  0 0 0 0 0  00000000
   7.684  2876 3519  90 1  0  0 0 0 0 0  00000000
   7.697  2877 3514  89 1  0  0 0 0 0 0  00000000
   7.710  2878 3512  89 1  0  0 0 0 0 0  00000000
   7.722  2879 3510  86 1  0  0 0 0 0 0  00000000
   7.734  2883 3510  85 1  0  0 0 0 0 0  00000000
   7.747  2884 3510  85 1  0  0 0 0 0 0  00000000
   7.760  2884 3510  86 1  0  0 0 0 0 0  00000000
   7.771  2884 3510  87 1  0  0 0 0 0 0  00000000
   7.785  2885 3510  88 1  0  0 0 0 0 0  00000000
   7.808  2885 3510  89 1  0  0 0 0 0 0  00000000
   7.821  2885 3510  88 1  0  0 0 0 0 0  00000000
   7.833  2885 3510  89 1  0  0 0 0 0 0  00000000
   7.846  2885 3510  88 1  0  0 0 0 0 0  00000000
   7.859  2885 3506  88 1  0  0 0 0 0 0  00000000
   7.870  2889 3484  84 1  0  0 0 0 0 0  00000000
   7.882  2917 3467  78 1  0  0 0 0 0 0  00000000
   7.895  2973 3467  62 1  0  0 0 0 0 0  00000000
   7.906  2973 3467   0 0  0  0 0 0 0 0  00000000
   8.020  3021 3363  82 1  0  0 0 0 0 0  00000000
   8.031  2992 3363  84 1  0  0 0 0 0 0  00000000
   8.044  2990 3393  88 1  0  0 0 0 0 0  00000000
   8.056  2988 3409  89 1  0  0 0 0 0 0  00000000
   8.069  2988 3409  85 1  0  0 0 0 0 0  00000000
   8.081  3011 3409  76 1  0  0 0 0 0 0  00000000
   8.094  3012 3409  46 1  0  0 0 0 0 0  00000000
   8.105  3012 3409   0 0  0  0 0 0 0 0  00000000
   8.194  2925 3451  82 1  0  0 0 0 0 0  00000000
   8.206  2895 3447  85 1  0  0 0 0 0 0  00000000
   8.219  2877 3447  90 1  0  0 0 0 0 0  00000000
   8.231  2875 3478  93 1  0  0 0 0 0 0  00000000
   8.243  2873 3478  92 1  0  0 0 0 0 0  00000000
   8.256  2872 3479  93 1  0  0 0 0 0 0  00000000
   8.268  2872 3479  92 1  0  0 0 0 0 0  00000000
   8.281  2872 3472  91 1  0  0 0 0 0 0  00000000
   8.293  2872 3450  89 1  0  0 0 0 0 0  00000000
   8.305  2872 3448  89 1  0  0 0 0 0 0  00000000
   8.317  2872 3442  88 1  0  0 0 0 0 0  00000000
   8.329  2872 3435  87 1  0  0 0 0 0 0  00000000
   8.342  2872 3430  87 1  0  0 0 0 0 0  00000000
   8.354  2872 3428  87 1  0  0 0 0 0 0  00000000
   8.368  2872 3428  88 1  0  0 0 0 0 0  00000000
   8.380  2872 3427  88 1  0  0 0 0 0 0  00000000
   8.391  2872 3427  89 1  0  0 0 0 0 0  00000000
   8.429  2872 3427  90 1  0  0 0 0 0 0  00000000
   8.453  2872 3427  89 1  0  0 0 0 0 0  00000000
   8.492  2872 3427  90 1  0  0 0 0 0 0  00000000
   8.516  2872 3427  89 1  0  0 0 0 0 0  00000000
   8.528  2872 3427  91 1  0  0 0 0 0 0  00000000
   8.565  2872 3427  90 1  0  0 0 0 0 0  00000000
   8.590  2872 3428  91 1  0  0 0 0 0 0  00000000
   8.653  2872 3428  92 1  0  0 0 0 0 0  00000000
   8.678  2872 3428  91 1  0  0 0 0 0 0  00000000
   8.701  2872 3428  92 1  0  0 0 0 0 0  00000000
   8.714  2872 3428  91 1  0  0 0 0 0 0  00000000
   8.726  2872 3428  92 1  0  0 0 0 0 0  00000000
   8.751  2872 3428  91 1  0  0 0 0 0 0  00000000
   8.777  2872 3428  92 1  0  0 0 0 0 0  00000000
   8.838  2872 3428  93 1  0  0 0 0 0 0  00000000
   8.850  2872 3428  92 1  0  0 0 0 0 0  00000000
   8.875  2872 3428  91 1  0  0 0 0 0 0  00000000
   8.888  2872 3428  93 1  0  0 0 0 0 0  00000000
   8.912  2872 3428  92 1  0  0 0 0 0 0  00000000
   8.925  2872 3428  93 1  0  0 0 0 0 0  00000000
   8.937  2872 3427  93 1  0  0 0 0 0 0  00000000
   9.024  2872 3427  92 1  0  0 0 0 0 0  00000000
   9.037  2872 3427  93 1  0  0 0 0 0 0  00000000
   9.049  2872 3427  91 1  0  0 0 0 0 0  00000000
   9.062  2872 3427  92 1  0  0 0 0 0 0  00000000
   9.099  2872 3427  93 1  0  0 0 0 0 0  00000000
   9.112  2872 3427  92 1  0  0 0 0 0 0  00000000
   9.124  2872 3427  93 1  0  0 0 0 0 0  00000000
   9.136  2872 3427  92 1  0  0 0 0 0 0  00000000
   9.186  2872 3425  92 1  0  0 0 0 0 0  00000000
   9.200  2872 3423  92 1  0  0 0 0 0 0  00000000
   9.211  2872 3423  93 1  0  0 0 0 0 0  00000000
   9.225  2872 3421  93 1  0  0 0 0 0 0  00000000
   9.235  2872 3421  92 1  0  0 0 0 0 0  00000000
   9.248  2872 3420  92 1  0  0 0 0 0 0  00000000
   9.261  2872 3420  91 1  0  0 0 0 0 0  00000000
   9.273  2872 3420  92 1  0  0 0 0 0 0  00000000
   9.286  2872 3420  93 1  0  0 0 0 0 0  00000000
   9.298  2872 3420  92 1  0  0 0 0 0 0  00000000
   9.310  2872 3420  93 1  0  0 0 0 0 0  00000000
   9.348  2872 3420  92 1  0  0 0 0 0 0  00000000
   9.384  2872 3420  93 1  0  0 0 0 0 0  00000000
   9.396  2872 3416  92 1  0  0 0 0 0 0  00000000
   9.408  2872 3411  93 1  0  0 0 0 0 0  00000000
   9.422  2872 3406  92 1  0  0 0 0 0 0  00000000
   9.434  2872 3402  92 1  0  0 0 0 0 0  00000000
   9.446  2872 3397  90 1  0  0 0 0 0 0  00000000
   9.458  2872 3369  89 1  0  0 0 0 0 0  00000000
   9.471  2873 3367  86 1  0  0 0 0 0 0  00000000
   9.483  2917 3343  77 1  0  0 0 0 0 0  00000000
   9.495  2917 3343   0 0  0  0 0 0 0 0  00000000
