time	 y	 z	 f	 w	 l	 r	 u	 d	 m	 multi
   0.000  3719 3348   0 0  0  0 0 0 0 0  00000000
   0.875  3738 3534  71 1  0  0 0 0 0 0  00000000
   0.895  3713 3534  77 1  0  0 0 0 0 0  00000000
   0.913  3696 3517  81 1  0  0 0 0 0 0  00000000
   0.938  3696 3516  80 1  0  0 0 0 0 0  00000000
   0.951  3696 3511  80 1  0  0 0 0 0 0  00000000
   0.963  3696 3491  80 1  0  0 0 0 0 0  00000000
   0.988  3696 3491  78 1  0  0 0 0 0 0  00000000
   1.000  3696 3491  76 1  0  0 0 0 0 0  00000000
   1.012  3696 3510  73 1  0  0 0 0 0 0  00000000
   1.025  3719 3511  62 1  0  0 0 0 0 0  00000000
   1.038  3719 3511   0 0  0  0 0 0 0 0  00000000
   1.187  3328 3573  79 1  0  0 0 0 0 0  00000000
   1.200  3310 3569  85 1  0  0 0 0 0 0  00000000
   1.211  3308 3567  88 1  0  0 0 0 0 0  00000000
   1.224  3302 3567  90 1  0  0 0 0 0 0  00000000
   1.236  3296 3567  91 1  0  0 0 0 0 0  00000000
   1.248  3294 3567  90 1  0  0 0 0 0 0  00000000
   1.260  3294 3566  90 1  0  0 0 0 0 0  00000000
   1.273  3294 3561  88 1  0  0 0 0 0 0  00000000
   1.285  3294 3556  87 1  0  0 0 0 0 0  00000000
   1.298  3294 3550  87 1  0  0 0 0 0 0  00000000
   1.311  3294 3544  86 1  0  0 0 0 0 0  00000000
   1.322  3294 3540  86 1  0  0 0 0 0 0  00000000
   1.336  3294 3540  87 1  0  0 0 0 0 0  00000000
   1.361  3295 3540  87 1  0  0 0 0 0 0  00000000
   1.373  3295 3541  88 1  0  0 0 0 0 0  00000000
   1.385  3295 3542  88 1  0  0 0 0 0 0  00000000
   1.409  3295 3542  86 1  0  0 0 0 0 0  00000000
   1.422  3295 3542  84 1  0  0 0 0 0 0  00000000
   1.435  3299 3543  78 1  0  0 0 0 0 0  00000000
   1.446  3303 3571  68 1  0  0 0 0 0 0  00000000
   1.458  3304 3611  39 1  0  0 0 0 0 0  00000000
   1.470  3304 3611   0 0  0  0 0 0 0 0  00000000
   1.682  3404 3577  53 1  0  0 0 0 0 0  00000000
   1.695  3337 3577  78 1  0  0 0 0 0 0  00000000
   1.708  3312 3577  85 1  0  0 0 0 0 0  00000000
   1.719  3296 3577  87 1  0  0 0 0 0 0  00000000
   1.732  3296 3577  89 1  0  0 0 0 0 0  00000000
   1.744  3294 3577  90 1  0  0 0 0 0 0  00000000
   1.757  3293 3559  90 1  0  0 0 0 0 0  00000000
   1.769  3291 3559  89 1  0  0 0 0 0 0  00000000
   1.782  3291 3559  88 1  0  0 0 0 0 0  00000000
   1.795  3291 3557  88 1  0  0 0 0 0 0  00000000
   1.807  3291 3555  88 1  0  0 0 0 0 0  00000000
   1.819  3291 3553  88 1  0  0 0 0 0 0  00000000
   1.831  3291 3551  89 1  0  0 0 0 0 0  00000000
   1.844  3291 3549  88 1  0  0 0 0 0 0  00000000
   1.853  3291 3547  88 1  0  0 0 0 0 0  00000000
   1.863  3291 3546  88 1  0  0 0 0 0 0  00000000
   1.881  3292 3541  87 1  0  0 0 0 0 0  00000000
   1.894  3296 3535  85 1  0  0 0 0 0 0  00000000
   1.906  3301 3530  79 1  0  0 0 0 0 0  00000000
   1.919  3335 3530  69 1  0  0 0 0 0 0  00000000
   1.931  3358 3530  42 1  0  0 0 0 0 0  00000000
   1.942  3358 3530   0 0  0  0 0 0 0 0  00000000
   2.080  3264 3509  80 1  0  0 0 0 0 0  00000000
   2.093  3246 3482  78 1  0  0 0 0 0 0  00000000
   2.105  3244 3482  83 1  0  0 0 0 0 0  00000000
   2.118  3244 3483  81 1  0  0 0 0 0 0  00000000
   2.130  3244 3477  77 1  0  0 0 0 0 0  00000000
   2.142  3244 3455  68 1  0  0 0 0 0 0  00000000
   2.155  3242 3485  47 1  0  0 0 0 0 0  00000000
   2.166  3242 3485   0 0  0  0 0 0 0 0  00000000
   2.217  3366 3378  47 1  0  0 0 0 0 0  00000000
   2.228  3336 3378  77 1  0  0 0 0 0 0  00000000
   2.241  3334 3378  82 1  0  0 0 0 0 0  00000000
   2.254  3329 3378  85 1  0  0 0 0 0 0  00000000
   2.265  3323 3379  85 1  0  0 0 0 0 0  00000000
   2.278  3321 3380  86 1  0  0 0 0 0 0  00000000
   2.303  3321 3380  85 1  0  0 0 0 0 0  00000000
   2.315  3321 3379  85 1  0  0 0 0 0 0  00000000
   2.327  3321 3374  85 1  0  0 0 0 0 0  00000000
   2.340  3321 3372  84 1  0  0 0 0 0 0  00000000
   2.391  3321 3372  86 1  0  0 0 0 0 0  00000000
   2.403  3321 3371  86 1  0  0 0 0 0 0  00000000
   2.440  3321 3371  87 1  0  0 0 0 0 0  00000000
   2.451  3321 3371  86 1  0  0 0 0 0 0  00000000
   2.464  3321 3370  87 1  0  0 0 0 0 0  00000000
   2.477  3319 3370  87 1  0  0 0 0 0 0  00000000
   2.539  3319 3370  86 1  0  0 0 0 0 0  00000000
   2.564  3319 3370  84 1  0  0 0 0 0 0  00000000
   2.577  3319 3368  84 1  0  0 0 0 0 0  00000000
   2.589  3319 3363  81 1  0  0 0 0 0 0  00000000
   2.601  3343 3363  77 1  0  0 0 0 0 0  00000000
   2.614  3378 3382  66 1  0  0 0 0 0 0  00000000
   2.625  3378 3403  42 1  0  0 0 0 0 0  00000000
   2.637  3378 3403   0 0  0  0 0 0 0 0  00000000
   2.774  3282 3450  69 1  0  0 0 0 0 0  00000000
   2.787  3253 3450  79 1  0  0 0 0 0 0  00000000
   2.800  3235 3450  84 1  0  0 0 0 0 0  00000000
   2.812  3235 3451  86 1  0  0 0 0 0 0  00000000
   2.824  3235 3457  85 1  0  0 0 0 0 0  00000000
   2.837  3235 3458  82 1  0  0 0 0 0 0  00000000
   2.848  3242 3456  78 1  0  0 0 0 0 0  00000000
   2.862  3275 3456  70 1  0  0 0 0 0 0  00000000
   2.874  3295 3456  53 1  0  0 0 0 0 0  00000000
   2.885  3295 3456   0 0  0  0 0 0 0 0  00000000
   3.023  3325 3499  36 1  0  0 0 0 0 0  00000000
   3.035  3282 3497  76 1  0  0 0 0 0 0  00000000
   3.048  3280 3490  78 1  0  0 0 0 0 0  00000000
   3.060  3278 3488  79 1  0  0 0 0 0 0  00000000
   3.073  3277 3483  77 1  0  0 0 0 0 0  00000000
   3.085  3277 3481  72 1  0  0 0 0 0 0  00000000
   3.097  3300 3497  58 1  0  0 0 0 0 0  00000000
   3.110  3300 3497   0 0  0  0 0 0 0 0  00000000
   3.295  3299 3497  76 1  0  0 0 0 0 0  00000000
   3.308  3269 3471  75 1  0  0 0 0 0 0  00000000
   3.320  3242 3472  80 1  0  0 0 0 0 0  00000000
   3.333  3242 3473  79 1  0  0 0 0 0 0  00000000
   3.346  3242 3474  78 1  0  0 0 0 0 0  00000000
   3.357  3242 3475  75 1  0  0 0 0 0 0  00000000
   3.370  3240 3475  66 1  0  0 0 0 0 0  00000000
   3.382  3235 3495  50 1  0  0 0 0 0 0  00000000
   3.394  3235 3495   0 0  0  0 0 0 0 0  00000000
   3.545  3234 3496  54 1  0  0 0 0 0 0  00000000
   3.556  3215 3496  73 1  0  0 0 0 0 0  00000000
   3.568  3197 3496  75 1  0  0 0 0 0 0  00000000
   3.581  3197 3496  77 1  0  0 0 0 0 0  00000000
   3.593  3197 3496  75 1  0  0 0 0 0 0  00000000
   3.606  3197 3494  70 1  0  0 0 0 0 0  00000000
   3.618  3198 3493  59 1  0  0 0 0 0 0  00000000
   3.631  3198 3493   0 0  0  0 0 0 0 0  00000000
   3.855  3260 3517  67 1  0  0 0 0 0 0  00000000
   3.867  3219 3515  74 1  0  0 0 0 0 0  00000000
   3.879  3193 3508  81 1  0  0 0 0 0 0  00000000
   3.892  3191 3483  84 1  0  0 0 0 0 0  00000000
   3.903  3165 3483  85 1  0  0 0 0 0 0  00000000
   3.916  3166 3483  86 1  0  0 0 0 0 0  00000000
   3.928  3170 3481  85 1  0  0 0 0 0 0  00000000
   3.941  3171 3475  82 1  0  0 0 0 0 0  00000000
   3.953  3171 3468  80 1  0  0 0 0 0 0  00000000
   3.966  3172 3462  80 1  0  0 0 0 0 0  00000000
   3.978  3173 3457  79 1  0  0 0 0 0 0  00000000
   3.991  3174 3433  78 1  0  0 0 0 0 0  00000000
   4.003  3174 3433  79 1  0  0 0 0 0 0  00000000
   4.015  3174 3433  80 1  0  0 0 0 0 0  00000000
   4.027  3178 3433  81 1  0  0 0 0 0 0  00000000
   4.054  3179 3433  82 1  0  0 0 0 0 0  00000000
   4.066  3180 3429  82 1  0  0 0 0 0 0  00000000
   4.078  3179 3427  82 1  0  0 0 0 0 0  00000000
   4.090  3179 3425  80 1  0  0 0 0 0 0  00000000
   4.102  3179 3424  79 1  0  0 0 0 0 0  00000000
   4.115  3199 3424  78 1  0  0 0 0 0 0  00000000
   4.127  3223 3448  73 1  0  0 0 0 0 0  00000000
   4.139  3224 3431  64 1  0  0 0 0 0 0  00000000
   4.152  3264 3477  39 1  0  0 0 0 0 0  00000000
   4.164  3264 3477   0 0  0  0 0 0 0 0  00000000
   4.288  3423 3396  73 1  0  0 0 0 0 0  00000000
   4.300  3419 3392  76 1  0  0 0 0 0 0  00000000
   4.313  3414 3387  79 1  0  0 0 0 0 0  00000000
   4.325  3409 3385  79 1  0  0 0 0 0 0  00000000
   4.338  3407 3383  77 1  0  0 0 0 0 0  00000000
   4.351  3407 3382  71 1  0  0 0 0 0 0  00000000
   4.362  3463 3400  50 1  0  0 0 0 0 0  00000000
   4.374  3463 3400   0 0  0  0 0 0 0 0  00000000
   4.487  3370 3370  75 1  0  0 0 0 0 0  00000000
   4.499  3343 3368  78 1  0  0 0 0 0 0  00000000
   4.511  3325 3347  82 1  0  0 0 0 0 0  00000000
   4.525  3323 3347  84 1  0  0 0 0 0 0  00000000
   4.536  3319 3348  86 1  0  0 0 0 0 0  00000000
   4.549  3314 3348  86 1  0  0 0 0 0 0  00000000
   4.562  3312 3348  86 1  0  0 0 0 0 0  00000000
   4.574  3312 3347  86 1  0  0 0 0 0 0  00000000
   4.586  3312 3345  86 1  0  0 0 0 0 0  00000000
   4.598  3312 3343  85 1  0  0 0 0 0 0  00000000
   4.611  3312 3337  84 1  0  0 0 0 0 0  00000000
   4.623  3312 3335  84 1  0  0 0 0 0 0  00000000
   4.636  3312 3335  85 1  0  0 0 0 0 0  00000000
   4.661  3312 3335  86 1  0  0 0 0 0 0  00000000
   4.709  3312 3335  87 1  0  0 0 0 0 0  00000000
   4.747  3312 3335  86 1  0  0 0 0 0 0  00000000
   4.784  3312 3333  87 1  0  0 0 0 0 0  00000000
   4.797  3312 3331  87 1  0  0 0 0 0 0  00000000
   4.809  3312 3329  86 1  0  0 0 0 0 0  00000000
   4.822  3312 3327  86 1  0  0 0 0 0 0  00000000
   4.834  3312 3325  86 1  0  0 0 0 0 0  00000000
   4.847  3312 3321  86 1  0  0 0 0 0 0  00000000
   4.860  3312 3320  86 1  0  0 0 0 0 0  00000000
   4.871  3312 3319  86 1  0  0 0 0 0 0  00000000
   4.884  3312 3317  85 1  0  0 0 0 0 0  00000000
   4.896  3312 3316  85 1  0  0 0 0 0 0  00000000
   4.908  3312 3311  84 1  0  0 0 0 0 0  00000000
   4.921  3312 3310  81 1  0  0 0 0 0 0  00000000
   4.934  3313 3310  76 1  0  0 0 0 0 0  00000000
   4.946  3314 3310  66 1  0  0 0 0 0 0  00000000
   4.958  3266 3346  40 1  0  0 0 0 0 0  00000000
   4.970  3266 3346   0 0  0  0 0 0 0 0  00000000
   5.057  3145 3399  69 1  0  0 0 0 0 0  00000000
   5.070  3143 3397  76 1  0  0 0 0 0 0  00000000
   5.082  3123 3396  81 1  0  0 0 0 0 0  00000000
   5.096  3122 3396  82 1  0  0 0 0 0 0  00000000
   5.108  3120 3397  83 1  0  0 0 0 0 0  00000000
   5.119  3118 3402  82 1  0  0 0 0 0 0  00000000
   5.132  3118 3403  83 1  0  0 0 0 0 0  00000000
   5.146  3117 3404  82 1  0  0 0 0 0 0  00000000
   5.157  3117 3404  81 1  0  0 0 0 0 0  00000000
   5.195  3117 3402  82 1  0  0 0 0 0 0  00000000
   5.207  3117 3401  82 1  0  0 0 0 0 0  00000000
   5.219  3117 3399  82 1  0  0 0 0 0 0  00000000
   5.244  3117 3399  83 1  0  0 0 0 0 0  00000000
   5.256  3117 3399  84 1  0  0 0 0 0 0  00000000
   5.280  3117 3399  83 1  0  0 0 0 0 0  00000000
   5.305  3117 3399  82 1  0  0 0 0 0 0  00000000
   5.317  3117 3399  81 1  0  0 0 0 0 0  00000000
   5.330  3117 3399  78 1  0  0 0 0 0 0  00000000
   5.344  3117 3418  72 1  0  0 0 0 0 0  00000000
   5.355  3118 3455  55 1  0  0 0 0 0 0  00000000
   5.366  3118 3455   0 0  0  0 0 0 0 0  00000000
   5.677  3151 3608  73 1  0  0 0 0 0 0  00000000
   5.689  3126 3574  75 1  0  0 0 0 0 0  00000000
   5.703  3124 3557  79 1  0  0 0 0 0 0  00000000
   5.716  3119 3557  81 1  0  0 0 0 0 0  00000000
   5.729  3117 3556  81 1  0  0 0 0 0 0  00000000
   5.740  3112 3556  82 1  0  0 0 0 0 0  00000000
   5.752  3110 3556  81 1  0  0 0 0 0 0  00000000
   5.765  3108 3554  80 1  0  0 0 0 0 0  00000000
   5.777  3108 3552  80 1  0  0 0 0 0 0  00000000
   5.790  3108 3552  79 1  0  0 0 0 0 0  00000000
   5.803  3108 3533  79 1  0  0 0 0 0 0  00000000
   5.815  3108 3534  80 1  0  0 0 0 0 0  00000000
   5.827  3108 3535  80 1  0  0 0 0 0 0  00000000
   5.839  3108 3536  79 1  0  0 0 0 0 0  00000000
   5.852  3108 3537  80 1  0  0 0 0 0 0  00000000
   5.864  3108 3538  81 1  0  0 0 0 0 0  00000000
   5.877  3108 3539  81 1  0  0 0 0 0 0  00000000
   5.951  3108 3540  82 1  0  0 0 0 0 0  00000000
   5.963  3108 3541  81 1  0  0 0 0 0 0  00000000
   5.976  3108 3542  81 1  0  0 0 0 0 0  00000000
   5.989  3108 3543  82 1  0  0 0 0 0 0  00000000
   6.013  3108 3543  81 1  0  0 0 0 0 0  00000000
   6.025  3108 3543  82 1  0  0 0 0 0 0  00000000
   6.162  3108 3541  79 1  0  0 0 0 0 0  00000000
   6.174  3108 3541  78 1  0  0 0 0 0 0  00000000
   6.186  3112 3541  75 1  0  0 0 0 0 0  00000000
   6.199  3171 3541  69 1  0  0 0 0 0 0  00000000
   6.211  3188 3565  55 1  0  0 0 0 0 0  00000000
   6.222  3188 3565   0 0  0  0 0 0 0 0  00000000
   6.521  3544 3465  78 1  0  0 0 0 0 0  00000000
   6.533  3526 3442  79 1  0  0 0 0 0 0  00000000
   6.545  3501 3442  84 1  0  0 0 0 0 0  00000000
   6.558  3501 3443  86 1  0  0 0 0 0 0  00000000
   6.570  3501 3444  85 1  0  0 0 0 0 0  00000000
   6.583  3501 3445  83 1  0  0 0 0 0 0  00000000
   6.596  3500 3446  78 1  0  0 0 0 0 0  00000000
   6.608  3500 3468  71 1  0  0 0 0 0 0  00000000
   6.620  3498 3486  60 1  0  0 0 0 0 0  00000000
   6.633  3498 3486   0 0  0  0 0 0 0 0  00000000
   6.795  3275 3532  77 1  0  0 0 0 0 0  00000000
   6.806  3256 3509  79 1  0  0 0 0 0 0  00000000
   6.820  3254 3507  84 1  0  0 0 0 0 0  00000000
   6.832  3249 3507  85 1  0  0 0 0 0 0  00000000
   6.844  3244 3507  85 1  0  0 0 0 0 0  00000000
   6.856  3242 3507  82 1  0  0 0 0 0 0  00000000
   6.869  3249 3507  76 1  0  0 0 0 0 0  00000000
   6.882  3274 3507  68 1  0  0 0 0 0 0  00000000
   6.894  3302 3554  40 1  0  0 0 0 0 0  00000000
   6.905  3302 3554   0 0  0  0 0 0 0 0  00000000
   7.054  3394 3438  42 1  0  0 0 0 0 0  00000000
   7.068  3320 3438  78 1  0  0 0 0 0 0  00000000
   7.080  3303 3438  83 1  0  0 0 0 0 0  00000000
   7.093  3301 3438  86 1  0  0 0 0 0 0  00000000
   7.105  3299 3438  86 1  0  0 0 0 0 0  00000000
   7.118  3298 3439  83 1  0  0 0 0 0 0  00000000
   7.130  3298 3439  79 1  0  0 0 0 0 0  00000000
   7.142  3324 3439  73 1  0  0 0 0 0 0  00000000
   7.154  3371 3472  51 1  0  0 0 0 0 0  00000000
   7.166  3371 3472   0 0  0  0 0 0 0 0  00000000
   7.329  3339 3448  80 1  0  0 0 0 0 0  00000000
   7.339  3315 3432  81 1  0  0 0 0 0 0  00000000
   7.352  3313 3432  85 1  0  0 0 0 0 0  00000000
   7.365  3308 3433  86 1  0  0 0 0 0 0  00000000
   7.378  3304 3434  85 1  0  0 0 0 0 0  00000000
   7.387  3302 3435  85 1  0  0 0 0 0 0  00000000
   7.402  3320 3435  69 1  0  0 0 0 0 0  00000000
   7.414  3356 3436  39 1  0  0 0 0 0 0  00000000
   7.426  3356 3436   0 0  0  0 0 0 0 0  00000000
   7.589  3324 3417  78 1  0  0 0 0 0 0  00000000
   7.601  3302 3417  83 1  0  0 0 0 0 0  00000000
   7.614  3301 3417  85 1  0  0 0 0 0 0  00000000
   7.626  3299 3418  84 1  0  0 0 0 0 0  00000000
   7.638  3299 3418  80 1  0  0 0 0 0 0  00000000
   7.651  3326 3418  70 1  0  0 0 0 0 0  00000000
   7.662  3326 3418   0 0  0  0 0 0 0 0  00000000
   7.898  3626 3278  50 1  0  0 0 0 0 0  00000000
   7.910  3536 3276  78 1  0  0 0 0 0 0  00000000
   7.923  3519 3244  86 1  0  0 0 0 0 0  00000000
   7.937  3488 3245  92 1  0  0 0 0 0 0  00000000
   7.949  3488 3245  95 1  0  0 0 0 0 0  00000000
   7.960  3486 3245  94 1  0  0 0 0 0 0  00000000
   7.973  3484 3243  94 1  0  0 0 0 0 0  00000000
   7.985  3484 3222  93 1  0  0 0 0 0 0  00000000
   7.998  3484 3203  91 1  0  0 0 0 0 0  00000000
   8.011  3484 3201  91 1  0  0 0 0 0 0  00000000
   8.023  3484 3180  89 1  0  0 0 0 0 0  00000000
   8.035  3484 3180  88 1  0  0 0 0 0 0  00000000
   8.047  3484 3180  89 1  0  0 0 0 0 0  00000000
   8.073  3484 3181  90 1  0  0 0 0 0 0  00000000
   8.085  3484 3182  91 1  0  0 0 0 0 0  00000000
   8.097  3484 3206  92 1  0  0 0 0 0 0  00000000
   8.110  3484 3206  94 1  0  0 0 0 0 0  00000000
   8.148  3484 3206  93 1  0  0 0 0 0 0  00000000
   8.160  3484 3206  94 1  0  0 0 0 0 0  00000000
   8.173  3484 3206  93 1  0  0 0 0 0 0  00000000
   8.184  3484 3206  94 1  0  0 0 0 0 0  00000000
   8.233  3484 3206  95 1  0  0 0 0 0 0  00000000
   8.258  3484 3207  95 1  0  0 0 0 0 0  00000000
   8.272  3484 3207  96 1  0  0 0 0 0 0  00000000
   8.283  3484 3207  95 1  0  0 0 0 0 0  00000000
   8.321  3484 3211  95 1  0  0 0 0 0 0  00000000
   8.333  3484 3211  97 1  0  0 0 0 0 0  00000000
   8.345  3484 3211  95 1  0  0 0 0 0 0  00000000
   8.357  3484 3211  96 1  0  0 0 0 0 0  00000000
   8.370  3484 3211  97 1  0  0 0 0 0 0  00000000
   8.383  3484 3211  96 1  0  0 0 0 0 0  00000000
   8.395  3484 3212  96 1  0  0 0 0 0 0  00000000
   8.407  3484 3213  96 1  0  0 0 0 0 0  00000000
   8.419  3484 3214  96 1  0  0 0 0 0 0  00000000
   8.445  3484 3215  97 1  0  0 0 0 0 0  00000000
   8.457  3484 3215  98 1  0  0 0 0 0 0  00000000
   8.469  3484 3215  97 1  0  0 0 0 0 0  00000000
   8.506  3484 3215  98 1  0  0 0 0 0 0  00000000
   8.531  3484 3215  95 1  0  0 0 0 0 0  00000000
   8.544  3484 3215  98 1  0  0 0 0 0 0  00000000
   8.556  3484 3215  96 1  0  0 0 0 0 0  00000000
   8.568  3484 3215  98 1  0  0 0 0 0 0  00000000
   8.581  3484 3215  97 1  0  0 0 0 0 0  00000000
   8.594  3484 3215  98 1  0  0 0 0 0 0  00000000
   8.605  3484 3215  97 1  0  0 0 0 0 0  00000000
   8.629  3484 3215  98 1  0  0 0 0 0 0  00000000
   8.643  3484 3215  99 1  0  0 0 0 0 0  00000000
   8.655  3484 3215  97 1  0  0 0 0 0 0  00000000
   8.668  3483 3215  97 1  0  0 0 0 0 0  00000000
   8.681  3482 3215  97 1  0  0 0 0 0 0  00000000
   8.692  3482 3215  98 1  0  0 0 0 0 0  00000000
   8.719  3482 3215  97 1  0  0 0 0 0 0  00000000
   8.743  3482 3215  99 1  0  0 0 0 0 0  00000000
   8.816  3482 3215  97 1  0  0 0 0 0 0  00000000
   8.829  3482 3215  98 1  0  0 0 0 0 0  00000000
   8.853  3482 3216  98 1  0  0 0 0 0 0  00000000
   8.866  3482 3216  97 1  0  0 0 0 0 0  00000000
   8.878  3482 3216  99 1  0  0 0 0 0 0  00000000
   8.891  3482 3217  99 1  0  0 0 0 0 0  00000000
   8.903  3482 3218 100 1  0  0 0 0 0 0  00000000
   8.916  3482 3223  99 1  0  0 0 0 0 0  00000000
   8.928  3482 3224 100 1  0  0 0 0 0 0  00000000
   8.941  3482 3225 100 1  0  0 0 0 0 0  00000000
   8.953  3482 3226 100 1  0  0 0 0 0 0  00000000
   8.965  3482 3227 102 1  0  0 0 0 0 0  00000000
   8.979  3482 3231 100 1  0  0 0 0 0 0  00000000
   8.991  3482 3235 101 1  0  0 0 0 0 0  00000000
   9.004  3481 3259  99 1  0  0 0 0 0 0  00000000
   9.015  3480 3282  97 1  0  0 0 0 0 0  00000000
   9.028  3498 3302  90 1  0  0 0 0 0 0  00000000
   9.039  3498 3302   0 0  0  0 0 0 0 0  00000000
