time	 y	 z	 f	 w	 l	 r	 u	 d	 m	 multi
   0.000  3730 2518   0 0  0  0 0 0 0 0  00000000
   5.603  3414 3278  65 1  0  0 0 0 0 0  00000000
   5.614  3431 3308  52 1  0  0 0 0 0 0  00000000
   5.626  3431 3308   0 0  0  0 0 0 0 0  00000000
   5.949  3517 3306  54 1  0  0 0 0 0 0  00000000
   5.962  3452 3277  70 1  0  0 0 0 0 0  00000000
   5.975  3452 3275  73 1  0  0 0 0 0 0  00000000
   5.987  3450 3273  73 1  0  0 0 0 0 0  00000000
   6.000  3449 3272  71 1  0  0 0 0 0 0  00000000
   6.012  3449 3272  65 1  0  0 0 0 0 0  00000000
   6.023  3477 3299  49 1  0  0 0 0 0 0  00000000
   6.035  3477 3299   0 0  0  0 0 0 0 0  00000000
   6.223  3430 3278  71 1  0  0 0 0 0 0  00000000
   6.235  3428 3237  76 1  0  0 0 0 0 0  00000000
   6.248  3423 3213  77 1  0  0 0 0 0 0  00000000
   6.261  3421 3213  78 1  0  0 0 0 0 0  00000000
   6.273  3419 3214  79 1  0  0 0 0 0 0  00000000
   6.285  3417 3219  77 1  0  0 0 0 0 0  00000000
   6.298  3417 3220  78 1  0  0 0 0 0 0  00000000
   6.310  3417 3221  77 1  0  0 0 0 0 0  00000000
   6.322  3417 3221  76 1  0  0 0 0 0 0  00000000
   6.335  3417 3222  76 1  0  0 0 0 0 0  00000000
   6.359  3415 3222  77 1  0  0 0 0 0 0  00000000
   6.385  3415 3222  78 1  0  0 0 0 0 0  00000000
   6.435  3414 3222  78 1  0  0 0 0 0 0  00000000
   6.447  3414 3222  79 1  0  0 0 0 0 0  00000000
   6.459  3414 3222  78 1  0  0 0 0 0 0  00000000
   6.472  3414 3222  77 1  0  0 0 0 0 0  00000000
   6.483  3412 3222  78 1  0  0 0 0 0 0  00000000
   6.496  3410 3222  77 1  0  0 0 0 0 0  00000000
   6.509  3410 3222  78 1  0  0 0 0 0 0  00000000
   6.521  3410 3222  77 1  0  0 0 0 0 0  00000000
   6.534  3410 3222  74 1  0  0 0 0 0 0  00000000
   6.546  3411 3222  71 1  0  0 0 0 0 0  00000000
   6.558  3442 3246  61 1  0  0 0 0 0 0  00000000
   6.571  3442 3246   0 0  0  0 0 0 0 0  00000000
   6.781  3356 3349  74 1  0  0 0 0 0 0  00000000
   6.794  3355 3309  75 1  0  0 0 0 0 0  00000000
   6.807  3353 3286  77 1  0  0 0 0 0 0  00000000
   6.819  3351 3286  78 1  0  0 0 0 0 0  00000000
   6.843  3351 3286  77 1  0  0 0 0 0 0  00000000
   6.857  3351 3286  78 1  0  0 0 0 0 0  00000000
   6.868  3351 3286  77 1  0  0 0 0 0 0  00000000
   6.929  3350 3286  77 1  0  0 0 0 0 0  00000000
   6.944  3350 3286  78 1  0  0 0 0 0 0  00000000
   6.968  3350 3287  78 1  0  0 0 0 0 0  00000000
   7.017  3350 3287  77 1  0  0 0 0 0 0  00000000
   7.042  3350 3285  76 1  0  0 0 0 0 0  00000000
   7.054  3350 3283  72 1  0  0 0 0 0 0  00000000
   7.067  3383 3283  66 1  0  0 0 0 0 0  00000000
   7.079  3413 3287  45 1  0  0 0 0 0 0  00000000
   7.090  3413 3287   0 0  0  0 0 0 0 0  00000000
   7.254  3460 3233  58 1  0  0 0 0 0 0  00000000
   7.264  3396 3197  73 1  0  0 0 0 0 0  00000000
   7.277  3394 3173  77 1  0  0 0 0 0 0  00000000
   7.290  3389 3173  77 1  0  0 0 0 0 0  00000000
   7.303  3384 3173  78 1  0  0 0 0 0 0  00000000
   7.315  3382 3173  78 1  0  0 0 0 0 0  00000000
   7.353  3382 3174  77 1  0  0 0 0 0 0  00000000
   7.390  3382 3175  76 1  0  0 0 0 0 0  00000000
   7.402  3382 3176  77 1  0  0 0 0 0 0  00000000
   7.414  3382 3177  77 1  0  0 0 0 0 0  00000000
   7.426  3382 3178  77 1  0  0 0 0 0 0  00000000
   7.439  3382 3178  78 1  0  0 0 0 0 0  00000000
   7.464  3382 3178  79 1  0  0 0 0 0 0  00000000
   7.476  3382 3178  78 1  0  0 0 0 0 0  00000000
   7.489  3382 3178  77 1  0  0 0 0 0 0  00000000
   7.501  3382 3178  78 1  0  0 0 0 0 0  00000000
   7.513  3380 3178  78 1  0  0 0 0 0 0  00000000
   7.527  3380 3178  77 1  0  0 0 0 0 0  00000000
   7.551  3380 3176  74 1  0  0 0 0 0 0  00000000
   7.564  3381 3175  70 1  0  0 0 0 0 0  00000000
   7.575  3414 3194  58 1  0  0 0 0 0 0  00000000
   7.586  3414 3194   0 0  0  0 0 0 0 0  00000000
   7.811  3361 3194  75 1  0  0 0 0 0 0  00000000
   7.823  3357 3174  75 1  0  0 0 0 0 0  00000000
   7.837  3352 3174  77 1  0  0 0 0 0 0  00000000
   7.848  3346 3174  78 1  0  0 0 0 0 0  00000000
   7.861  3342 3174  77 1  0  0 0 0 0 0  00000000
   7.873  3341 3174  76 1  0  0 0 0 0 0  00000000
   7.886  3341 3173  73 1  0  0 0 0 0 0  00000000
   7.898  3342 3173  70 1  0  0 0 0 0 0  00000000
   7.910  3378 3174  66 1  0  0 0 0 0 0  00000000
   7.923  3431 3180  49 1  0  0 0 0 0 0  00000000
   7.936  3431 3180   0 0  0  0 0 0 0 0  00000000
   8.121  3362 3186  66 1  0  0 0 0 0 0  00000000
   8.133  3320 3186  74 1  0  0 0 0 0 0  00000000
   8.146  3320 3185  78 1  0  0 0 0 0 0  00000000
   8.161  3320 3184  78 1  0  0 0 0 0 0  00000000
   8.171  3320 3184  77 1  0  0 0 0 0 0  00000000
   8.184  3320 3183  74 1  0  0 0 0 0 0  00000000
   8.196  3357 3183  68 1  0  0 0 0 0 0  00000000
   8.208  3408 3184  43 1  0  0 0 0 0 0  00000000
   8.220  3408 3184   0 0  0  0 0 0 0 0  00000000
   8.333  3357 3227  68 1  0  0 0 0 0 0  00000000
   8.344  3316 3205  74 1  0  0 0 0 0 0  00000000
   8.357  3314 3205  77 1  0  0 0 0 0 0  00000000
   8.369  3312 3206  77 1  0  0 0 0 0 0  00000000
   8.382  3310 3206  75 1  0  0 0 0 0 0  00000000
   8.395  3310 3232  71 1  0  0 0 0 0 0  00000000
   8.408  3335 3248  60 1  0  0 0 0 0 0  00000000
   8.417  3335 3248   0 0  0  0 0 0 0 0  00000000
   8.631  3240 3244  77 1  0  0 0 0 0 0  00000000
   8.642  3238 3199  79 1  0  0 0 0 0 0  00000000
   8.655  3232 3172  82 1  0  0 0 0 0 0  00000000
   8.667  3207 3173  86 1  0  0 0 0 0 0  00000000
   8.680  3207 3192  86 1  0  0 0 0 0 0  00000000
   8.705  3207 3192  85 1  0  0 0 0 0 0  00000000
   8.717  3207 3192  84 1  0  0 0 0 0 0  00000000
   8.729  3226 3174  81 1  0  0 0 0 0 0  00000000
   8.742  3226 3175  81 1  0  0 0 0 0 0  00000000
   8.754  3226 3199  79 1  0  0 0 0 0 0  00000000
   8.767  3222 3221  80 1  0  0 0 0 0 0  00000000
   8.779  3218 3221  80 1  0  0 0 0 0 0  00000000
   8.792  3217 3221  81 1  0  0 0 0 0 0  00000000
   8.805  3217 3221  82 1  0  0 0 0 0 0  00000000
   8.817  3217 3221  83 1  0  0 0 0 0 0  00000000
   8.828  3215 3221  83 1  0  0 0 0 0 0  00000000
   8.904  3215 3222  83 1  0  0 0 0 0 0  00000000
   9.016  3215 3220  83 1  0  0 0 0 0 0  00000000
   9.040  3215 3218  83 1  0  0 0 0 0 0  00000000
   9.052  3216 3216  81 1  0  0 0 0 0 0  00000000
   9.064  3216 3214  83 1  0  0 0 0 0 0  00000000
   9.077  3215 3214  84 1  0  0 0 0 0 0  00000000
   9.089  3215 3214  82 1  0  0 0 0 0 0  00000000
   9.102  3215 3214  83 1  0  0 0 0 0 0  00000000
   9.127  3215 3212  81 1  0  0 0 0 0 0  00000000
   9.139  3219 3212  81 1  0  0 0 0 0 0  00000000
   9.151  3219 3208  80 1  0  0 0 0 0 0  00000000
   9.164  3219 3208  83 1  0  0 0 0 0 0  00000000
   9.177  3219 3206  82 1  0  0 0 0 0 0  00000000
   9.188  3217 3206  81 1  0  0 0 0 0 0  00000000
   9.201  3216 3206  83 1  0  0 0 0 0 0  00000000
   9.215  3216 3204  82 1  0  0 0 0 0 0  00000000
   9.225  3216 3202  81 1  0  0 0 0 0 0  00000000
   9.238  3217 3200  81 1  0  0 0 0 0 0  00000000
   9.251  3218 3198  81 1  0  0 0 0 0 0  00000000
   9.262  3218 3198  82 1  0  0 0 0 0 0  00000000
   9.275  3217 3198  82 1  0  0 0 0 0 0  00000000
   9.288  3217 3196  81 1  0  0 0 0 0 0  00000000
   9.300  3217 3196  82 1  0  0 0 0 0 0  00000000
   9.313  3217 3196  83 1  0  0 0 0 0 0  00000000
   9.337  3216 3196  82 1  0  0 0 0 0 0  00000000
   9.350  3217 3196  81 1  0  0 0 0 0 0  00000000
   9.362  3218 3196  81 1  0  0 0 0 0 0  00000000
   9.375  3219 3196  81 1  0  0 0 0 0 0  00000000
   9.388  3219 3196  83 1  0  0 0 0 0 0  00000000
   9.400  3219 3196  82 1  0  0 0 0 0 0  00000000
   9.425  3219 3197  83 1  0  0 0 0 0 0  00000000
   9.437  3220 3197  82 1  0  0 0 0 0 0  00000000
   9.449  3220 3198  84 1  0  0 0 0 0 0  00000000
   9.462  3220 3202  83 1  0  0 0 0 0 0  00000000
   9.474  3220 3206  83 1  0  0 0 0 0 0  00000000
   9.487  3220 3211  82 1  0  0 0 0 0 0  00000000
   9.499  3241 3239  81 1  0  0 0 0 0 0  00000000
   9.512  3261 3267  81 1  0  0 0 0 0 0  00000000
   9.524  3279 3288  81 1  0  0 0 0 0 0  00000000
   9.537  3280 3306  80 1  0  0 0 0 0 0  00000000
   9.548  3320 3306  79 1  0  0 0 0 0 0  00000000
   9.561  3358 3330  76 1  0  0 0 0 0 0  00000000
   9.574  3434 3346  72 1  0  0 0 0 0 0  00000000
   9.586  3527 3368  68 1  0  0 0 0 0 0  00000000
   9.598  3674 3394  57 1  0  0 0 0 0 0  00000000
   9.609  3674 3394   0 0  0  0 0 0 0 0  00000000
   9.908  3000 3617  68 1  0  0 0 0 0 0  00000000
   9.921  2929 3551  78 1  0  0 0 0 0 0  00000000
   9.933  2909 3519  83 1  0  0 0 0 0 0  00000000
   9.946  2907 3519  85 1  0  0 0 0 0 0  00000000
   9.958  2905 3514  85 1  0  0 0 0 0 0  00000000
   9.970  2905 3509  83 1  0  0 0 0 0 0  00000000
   9.982  2905 3503  81 1  0  0 0 0 0 0  00000000
   9.996  2931 3502  76 1  0  0 0 0 0 0  00000000
  10.008  2994 3534  62 1  0  0 0 0 0 0  00000000
  10.019  2994 3534   0 0  0  0 0 0 0 0  00000000
  10.180  3164 3389  74 1  0  0 0 0 0 0  00000000
  10.193  3142 3370  79 1  0  0 0 0 0 0  00000000
  10.206  3140 3370  81 1  0  0 0 0 0 0  00000000
  10.217  3134 3370  82 1  0  0 0 0 0 0  00000000
  10.230  3133 3370  80 1  0  0 0 0 0 0  00000000
  10.243  3151 3370  76 1  0  0 0 0 0 0  00000000
  10.255  3199 3396  63 1  0  0 0 0 0 0  00000000
  10.267  3199 3396   0 0  0  0 0 0 0 0  00000000
  10.441  3117 3471  76 1  0  0 0 0 0 0  00000000
  10.454  3100 3421  76 1  0  0 0 0 0 0  00000000
  10.467  3077 3395  82 1  0  0 0 0 0 0  00000000
  10.479  3076 3379  86 1  0  0 0 0 0 0  00000000
  10.492  3072 3379  86 1  0  0 0 0 0 0  00000000
  10.504  3071 3380  86 1  0  0 0 0 0 0  00000000
  10.528  3070 3380  85 1  0  0 0 0 0 0  00000000
  10.541  3070 3378  84 1  0  0 0 0 0 0  00000000
  10.553  3070 3373  83 1  0  0 0 0 0 0  00000000
  10.566  3070 3371  83 1  0  0 0 0 0 0  00000000
  10.578  3070 3369  82 1  0  0 0 0 0 0  00000000
  10.604  3070 3369  83 1  0  0 0 0 0 0  00000000
  10.616  3070 3367  83 1  0  0 0 0 0 0  00000000
  10.627  3070 3366  83 1  0  0 0 0 0 0  00000000
  10.653  3070 3366  84 1  0  0 0 0 0 0  00000000
  10.677  3070 3366  85 1  0  0 0 0 0 0  00000000
  10.702  3068 3366  84 1  0  0 0 0 0 0  00000000
  10.727  3068 3364  84 1  0  0 0 0 0 0  00000000
  10.740  3068 3362  82 1  0  0 0 0 0 0  00000000
  10.751  3093 3361  77 1  0  0 0 0 0 0  00000000
  10.764  3119 3380  74 1  0  0 0 0 0 0  00000000
  10.776  3152 3397  67 1  0  0 0 0 0 0  00000000
  10.788  3175 3432  46 1  0  0 0 0 0 0  00000000
  10.800  3175 3432   0 0  0  0 0 0 0 0  00000000
  10.963  3259 3368  57 1  0  0 0 0 0 0  00000000
  10.975  3190 3350  77 1  0  0 0 0 0 0  00000000
  10.988  3166 3330  81 1  0  0 0 0 0 0  00000000
  11.001  3164 3330  83 1  0  0 0 0 0 0  00000000
  11.012  3159 3330  83 1  0  0 0 0 0 0  00000000
  11.025  3157 3330  83 1  0  0 0 0 0 0  00000000
  11.038  3155 3330  82 1  0  0 0 0 0 0  00000000
  11.051  3155 3328  82 1  0  0 0 0 0 0  00000000
  11.062  3155 3322  80 1  0  0 0 0 0 0  00000000
  11.074  3162 3315  77 1  0  0 0 0 0 0  00000000
  11.086  3232 3310  70 1  0  0 0 0 0 0  00000000
  11.099  3311 3310  55 1  0  0 0 0 0 0  00000000
  11.110  3311 3310   0 0  0  0 0 0 0 0  00000000
  11.236  3133 3363  74 1  0  0 0 0 0 0  00000000
  11.249  3112 3361  75 1  0  0 0 0 0 0  00000000
  11.261  3092 3329  79 1  0  0 0 0 0 0  00000000
  11.274  3092 3329  81 1  0  0 0 0 0 0  00000000
  11.298  3092 3329  78 1  0  0 0 0 0 0  00000000
  11.310  3113 3330  73 1  0  0 0 0 0 0  00000000
  11.323  3184 3336  65 1  0  0 0 0 0 0  00000000
  11.335  3237 3363  41 1  0  0 0 0 0 0  00000000
  11.346  3237 3363   0 0  0  0 0 0 0 0  00000000
  11.485  3237 3363  73 1  0  0 0 0 0 0  00000000
  11.497  3235 3355  75 1  0  0 0 0 0 0  00000000
  11.510  3198 3330  80 1  0  0 0 0 0 0  00000000
  11.521  3196 3330  81 1  0  0 0 0 0 0  00000000
  11.534  3194 3330  81 1  0  0 0 0 0 0  00000000
  11.547  3192 3330  81 1  0  0 0 0 0 0  00000000
  11.571  3192 3328  80 1  0  0 0 0 0 0  00000000
  11.583  3192 3326  79 1  0  0 0 0 0 0  00000000
  11.595  3225 3307  73 1  0  0 0 0 0 0  00000000
  11.608  3283 3307  66 1  0  0 0 0 0 0  00000000
  11.620  3377 3307  40 1  0  0 0 0 0 0  00000000
  11.632  3377 3307   0 0  0  0 0 0 0 0  00000000
  11.732  3210 3314  50 1  0  0 0 0 0 0  00000000
  11.744  3133 3318  73 1  0  0 0 0 0 0  00000000
  11.758  3113 3318  77 1  0  0 0 0 0 0  00000000
  11.770  3111 3318  79 1  0  0 0 0 0 0  00000000
  11.782  3107 3319  80 1  0  0 0 0 0 0  00000000
  11.795  3107 3324  80 1  0  0 0 0 0 0  00000000
  11.807  3107 3325  77 1  0  0 0 0 0 0  00000000
  11.819  3130 3354  72 1  0  0 0 0 0 0  00000000
  11.832  3158 3378  60 1  0  0 0 0 0 0  00000000
  11.842  3158 3378   0 0  0  0 0 0 0 0  00000000
  11.980  3082 3410  75 1  0  0 0 0 0 0  00000000
  11.993  3080 3408  77 1  0  0 0 0 0 0  00000000
  12.006  3049 3403  80 1  0  0 0 0 0 0  00000000
  12.018  3049 3403  81 1  0  0 0 0 0 0  00000000
  12.030  3049 3403  82 1  0  0 0 0 0 0  00000000
  12.043  3049 3403  81 1  0  0 0 0 0 0  00000000
  12.055  3049 3403  79 1  0  0 0 0 0 0  00000000
  12.068  3049 3402  77 1  0  0 0 0 0 0  00000000
  12.079  3053 3402  75 1  0  0 0 0 0 0  00000000
  12.092  3076 3406  72 1  0  0 0 0 0 0  00000000
  12.104  3099 3411  70 1  0  0 0 0 0 0  00000000
  12.117  3099 3417  68 1  0  0 0 0 0 0  00000000
  12.130  3100 3422  67 1  0  0 0 0 0 0  00000000
  12.141  3101 3427  68 1  0  0 0 0 0 0  00000000
  12.155  3102 3428  68 1  0  0 0 0 0 0  00000000
  12.166  3102 3429  70 1  0  0 0 0 0 0  00000000
  12.179  3102 3433  71 1  0  0 0 0 0 0  00000000
  12.192  3102 3434  71 1  0  0 0 0 0 0  00000000
  12.203  3102 3435  71 1  0  0 0 0 0 0  00000000
  12.216  3102 3436  70 1  0  0 0 0 0 0  00000000
  12.228  3102 3440  67 1  0  0 0 0 0 0  00000000
  12.241  3103 3465  59 1  0  0 0 0 0 0  00000000
  12.253  3103 3465   0 0  0  0 0 0 0 0  00000000
  12.403  2985 3499  75 1  0  0 0 0 0 0  00000000
  12.414  2967 3499  77 1  0  0 0 0 0 0  00000000
  12.426  2963 3477  80 1  0  0 0 0 0 0  00000000
  12.437  2961 3477  80 1  0  0 0 0 0 0  00000000
  12.451  2961 3478  78 1  0  0 0 0 0 0  00000000
  12.464  2986 3484  73 1  0  0 0 0 0 0  00000000
  12.476  3052 3485  58 1  0  0 0 0 0 0  00000000
  12.488  3052 3485   0 0  0  0 0 0 0 0  00000000
  12.564  3015 3408  73 1  0  0 0 0 0 0  00000000
  12.575  2991 3407  76 1  0  0 0 0 0 0  00000000
  12.588  2989 3405  78 1  0  0 0 0 0 0  00000000
  12.600  2984 3403  79 1  0  0 0 0 0 0  00000000
  12.613  2979 3401  80 1  0  0 0 0 0 0  00000000
  12.626  2977 3399  79 1  0  0 0 0 0 0  00000000
  12.638  2975 3397  79 1  0  0 0 0 0 0  00000000
  12.652  2975 3395  78 1  0  0 0 0 0 0  00000000
  12.684  2975 3390  78 1  0  0 0 0 0 0  00000000
  12.700  2976 3367  78 1  0  0 0 0 0 0  00000000
  12.713  2977 3367  78 1  0  0 0 0 0 0  00000000
  12.725  2978 3368  78 1  0  0 0 0 0 0  00000000
  12.737  2979 3369  79 1  0  0 0 0 0 0  00000000
  12.774  2979 3370  79 1  0  0 0 0 0 0  00000000
  12.787  2979 3371  79 1  0  0 0 0 0 0  00000000
  12.800  2979 3375  80 1  0  0 0 0 0 0  00000000
  12.812  2979 3376  80 1  0  0 0 0 0 0  00000000
  12.825  2979 3377  80 1  0  0 0 0 0 0  00000000
  12.837  2979 3381  80 1  0  0 0 0 0 0  00000000
  12.850  2979 3382  81 1  0  0 0 0 0 0  00000000
  12.862  2979 3386  81 1  0  0 0 0 0 0  00000000
  12.874  2979 3387  80 1  0  0 0 0 0 0  00000000
  12.886  2979 3388  81 1  0  0 0 0 0 0  00000000
  12.899  2979 3389  81 1  0  0 0 0 0 0  00000000
  12.936  2979 3390  81 1  0  0 0 0 0 0  00000000
  12.961  2979 3391  81 1  0  0 0 0 0 0  00000000
  13.010  2979 3392  81 1  0  0 0 0 0 0  00000000
  13.073  2979 3392  82 1  0  0 0 0 0 0  00000000
  13.085  2979 3392  81 1  0  0 0 0 0 0  00000000
  13.109  2979 3392  80 1  0  0 0 0 0 0  00000000
  13.122  2979 3392  81 1  0  0 0 0 0 0  00000000
  13.147  2979 3390  81 1  0  0 0 0 0 0  00000000
  13.158  2979 3388  81 1  0  0 0 0 0 0  00000000
  13.171  2979 3386  80 1  0  0 0 0 0 0  00000000
  13.184  2979 3380  80 1  0  0 0 0 0 0  00000000
  13.197  2979 3378  81 1  0  0 0 0 0 0  00000000
  13.208  2977 3376  80 1  0  0 0 0 0 0  00000000
  13.221  2977 3374  80 1  0  0 0 0 0 0  00000000
  13.259  2977 3374  81 1  0  0 0 0 0 0  00000000
  13.270  2977 3374  80 1  0  0 0 0 0 0  00000000
  13.283  2977 3372  80 1  0  0 0 0 0 0  00000000
  13.296  2977 3371  80 1  0  0 0 0 0 0  00000000
  13.369  2977 3371  81 1  0  0 0 0 0 0  00000000
  13.395  2977 3371  80 1  0  0 0 0 0 0  00000000
  13.408  2977 3371  81 1  0  0 0 0 0 0  00000000
  13.432  2977 3372  81 1  0  0 0 0 0 0  00000000
  13.457  2977 3373  80 1  0  0 0 0 0 0  00000000
  13.470  2977 3374  81 1  0  0 0 0 0 0  00000000
  13.483  2977 3378  82 1  0  0 0 0 0 0  00000000
  13.494  2977 3379  80 1  0  0 0 0 0 0  00000000
  13.507  2977 3380  81 1  0  0 0 0 0 0  00000000
  13.518  2977 3381  80 1  0  0 0 0 0 0  00000000
  13.531  2977 3382  80 1  0  0 0 0 0 0  00000000
  13.544  2977 3382  79 1  0  0 0 0 0 0  00000000
  13.556  2977 3383  78 1  0  0 0 0 0 0  00000000
  13.569  2981 3383  74 1  0  0 0 0 0 0  00000000
  13.581  2981 3383  55 1  0  0 0 0 0 0  00000000
  13.592  2981 3383   0 0  0  0 0 0 0 0  00000000
