time	 y	 z	 f	 w	 l	 r	 u	 d	 m	 multi
   0.000  2589 3505   0 0  0  0 0 0 0 0  00000000
   0.775  2417 3139  80 1  0  0 0 0 0 0  00000000
   0.794  2417 3137  80 1  0  0 0 0 0 0  00000000
   0.814  2417 3137  77 1  0  0 0 0 0 0  00000000
   0.826  2434 3190  72 1  0  0 0 0 0 0  00000000
   0.839  2453 3231  62 1  0  0 0 0 0 0  00000000
   0.850  2453 3231   0 0  0  0 0 0 0 0  00000000
   0.923  3832 2281  67 1  0  0 0 0 0 0  00000000
   0.936  3832 2282  67 1  0  0 0 0 0 0  00000000
   0.950  3831 2283  68 1  0  0 0 0 0 0  00000000
   0.961  3831 2306  68 1  0  0 0 0 0 0  00000000
   0.986  3829 2306  66 1  0  0 0 0 0 0  00000000
   0.998  3829 2341  62 1  0  0 0 0 0 0  00000000
   1.018  3863 2360  53 1  0  0 0 0 0 0  00000000
   1.028  3863 2360   0 0  0  0 0 0 0 0  00000000
   1.110  2673 3335  77 1  0  0 0 0 0 0  00000000
   1.123  2673 3333  78 1  0  0 0 0 0 0  00000000
   1.136  2673 3327  78 1  0  0 0 0 0 0  00000000
   1.148  2673 3325  76 1  0  0 0 0 0 0  00000000
   1.161  2692 3325  73 1  0  0 0 0 0 0  00000000
   1.173  2725 3355  64 1  0  0 0 0 0 0  00000000
   1.184  2726 3400  39 1  0  0 0 0 0 0  00000000
   1.196  2726 3400   0 0  0  0 0 0 0 0  00000000
   1.409  4039 2596  69 1  0  0 0 0 0 0  00000000
   1.420  4014 2526  66 1  0  0 0 0 0 0  00000000
   1.434  4014 2526  69 1  0  0 0 0 0 0  00000000
   1.446  4014 2526  68 1  0  0 0 0 0 0  00000000
   1.458  4014 2527  65 1  0  0 0 0 0 0  00000000
   1.469  4033 2591  59 1  0  0 0 0 0 0  00000000
   1.483  4033 2591   0 0  0  0 0 0 0 0  00000000
   1.756  2766 3570  63 1  0  0 0 0 0 0  00000000
   1.767  2719 3540  73 1  0  0 0 0 0 0  00000000
   1.780  2719 3540  76 1  0  0 0 0 0 0  00000000
   1.793  2719 3539  76 1  0  0 0 0 0 0  00000000
   1.805  2719 3537  77 1  0  0 0 0 0 0  00000000
   1.818  2719 3532  76 1  0  0 0 0 0 0  00000000
   1.831  2718 3530  76 1  0  0 0 0 0 0  00000000
   1.842  2718 3528  76 1  0  0 0 0 0 0  00000000
   1.854  2718 3526  75 1  0  0 0 0 0 0  00000000
   1.867  2716 3525  75 1  0  0 0 0 0 0  00000000
   1.879  2716 3520  74 1  0  0 0 0 0 0  00000000
   1.892  2716 3518  74 1  0  0 0 0 0 0  00000000
   1.905  2716 3516  74 1  0  0 0 0 0 0  00000000
   1.917  2716 3512  74 1  0  0 0 0 0 0  00000000
   1.930  2714 3510  75 1  0  0 0 0 0 0  00000000
   1.941  2712 3505  75 1  0  0 0 0 0 0  00000000
   1.954  2712 3503  75 1  0  0 0 0 0 0  00000000
   1.966  2712 3501  75 1  0  0 0 0 0 0  00000000
   1.980  2712 3499  75 1  0  0 0 0 0 0  00000000
   1.991  2707 3494  76 1  0  0 0 0 0 0  00000000
   2.004  2705 3489  77 1  0  0 0 0 0 0  00000000
   2.017  2704 3487  77 1  0  0 0 0 0 0  00000000
   2.029  2704 3485  76 1  0  0 0 0 0 0  00000000
   2.041  2704 3483  77 1  0  0 0 0 0 0  00000000
   2.054  2704 3481  78 1  0  0 0 0 0 0  00000000
   2.066  2704 3479  78 1  0  0 0 0 0 0  00000000
   2.079  2703 3477  78 1  0  0 0 0 0 0  00000000
   2.092  2703 3475  78 1  0  0 0 0 0 0  00000000
   2.116  2703 3475  77 1  0  0 0 0 0 0  00000000
   2.140  2703 3492  71 1  0  0 0 0 0 0  00000000
   2.153  2727 3524  57 1  0  0 0 0 0 0  00000000
   2.165  2727 3524   0 0  0  0 0 0 0 0  00000000
   2.277  4147 2600  72 1  0  0 0 0 0 0  00000000
   2.289  4148 2599  68 1  0  0 0 0 0 0  00000000
   2.302  4148 2599  72 1  0  0 0 0 0 0  00000000
   2.315  4148 2599  71 1  0  0 0 0 0 0  00000000
   2.327  4148 2600  70 1  0  0 0 0 0 0  00000000
   2.339  4148 2604  70 1  0  0 0 0 0 0  00000000
   2.351  4152 2605  66 1  0  0 0 0 0 0  00000000
   2.364  4219 2576  52 1  0  0 0 0 0 0  00000000
   2.374  4219 2576   0 0  0  0 0 0 0 0  00000000
   2.413  2726 3922  76 1  0  0 0 0 0 0  00000000
   2.426  2707 3920  76 1  0  0 0 0 0 0  00000000
   2.438  2707 3916  76 1  0  0 0 0 0 0  00000000
   2.451  2707 3911  76 1  0  0 0 0 0 0  00000000
   2.465  2707 3909  75 1  0  0 0 0 0 0  00000000
   2.475  2707 3909  72 1  0  0 0 0 0 0  00000000
   2.487  2708 3910  70 1  0  0 0 0 0 0  00000000
   2.500  2744 3933  62 1  0  0 0 0 0 0  00000000
   2.512  2744 3933  43 1  0  0 0 0 0 0  00000000
   2.524  2744 3933   0 0  0  0 0 0 0 0  00000000
   2.724  4202 2558  75 1  0  0 0 0 0 0  00000000
   2.736  4202 2534  69 1  0  0 0 0 0 0  00000000
   2.749  4202 2534  72 1  0  0 0 0 0 0  00000000
   2.760  4202 2534  71 1  0  0 0 0 0 0  00000000
   2.774  4202 2534  68 1  0  0 0 0 0 0  00000000
   2.786  4202 2534  62 1  0  0 0 0 0 0  00000000
   2.798  4154 2558  44 1  0  0 0 0 0 0  00000000
   2.810  4154 2558   0 0  0  0 0 0 0 0  00000000
   3.021  2696 3877  35 1  0  0 0 0 0 0  00000000
   3.033  2624 3797  72 1  0  0 0 0 0 0  00000000
   3.046  2624 3797  73 1  0  0 0 0 0 0  00000000
   3.059  2624 3777  75 1  0  0 0 0 0 0  00000000
   3.071  2625 3777  75 1  0  0 0 0 0 0  00000000
   3.083  2626 3777  75 1  0  0 0 0 0 0  00000000
   3.095  2626 3777  74 1  0  0 0 0 0 0  00000000
   3.107  2627 3777  74 1  0  0 0 0 0 0  00000000
   3.120  2628 3775  73 1  0  0 0 0 0 0  00000000
   3.134  2629 3773  70 1  0  0 0 0 0 0  00000000
   3.146  2651 3748  65 1  0  0 0 0 0 0  00000000
   3.157  2652 3748  49 1  0  0 0 0 0 0  00000000
   3.168  2652 3748   0 0  0  0 0 0 0 0  00000000
   3.542  4082 2414  73 1  0  0 0 0 0 0  00000000
   3.554  4083 2414  73 1  0  0 0 0 0 0  00000000
   3.568  4084 2414  74 1  0  0 0 0 0 0  00000000
   3.579  4084 2409  73 1  0  0 0 0 0 0  00000000
   3.592  4084 2405  71 1  0  0 0 0 0 0  00000000
   3.604  4084 2404  69 1  0  0 0 0 0 0  00000000
   3.617  4109 2404  57 1  0  0 0 0 0 0  00000000
   3.629  4109 2404   0 0  0  0 0 0 0 0  00000000
   3.641  2562 3838  57 1  0  0 0 0 0 0  00000000
   3.654  2507 3838  75 1  0  0 0 0 0 0  00000000
   3.667  2505 3838  78 1  0  0 0 0 0 0  00000000
   3.679  2503 3838  79 1  0  0 0 0 0 0  00000000
   3.691  2501 3838  79 1  0  0 0 0 0 0  00000000
   3.704  2499 3838  78 1  0  0 0 0 0 0  00000000
   3.715  2498 3838  76 1  0  0 0 0 0 0  00000000
   3.729  2498 3838  73 1  0  0 0 0 0 0  00000000
   3.740  2498 3860  68 1  0  0 0 0 0 0  00000000
   3.754  2514 3860  54 1  0  0 0 0 0 0  00000000
   3.764  2514 3860   0 0  0  0 0 0 0 0  00000000
   3.951  4087 2364  45 1  0  0 0 0 0 0  00000000
   3.964  4001 2335  71 1  0  0 0 0 0 0  00000000
   3.975  4001 2335  70 1  0  0 0 0 0 0  00000000
   3.996  4001 2335  71 1  0  0 0 0 0 0  00000000
   4.014  4001 2335  67 1  0  0 0 0 0 0  00000000
   4.038  4048 2381  48 1  0  0 0 0 0 0  00000000
   4.051  4048 2381   0 0  0  0 0 0 0 0  00000000
   4.262  2523 3748  80 1  0  0 0 0 0 0  00000000
   4.274  2504 3748  77 1  0  0 0 0 0 0  00000000
   4.287  2504 3743  78 1  0  0 0 0 0 0  00000000
   4.300  2504 3741  77 1  0  0 0 0 0 0  00000000
   4.312  2505 3758  74 1  0  0 0 0 0 0  00000000
   4.323  2535 3800  68 1  0  0 0 0 0 0  00000000
   4.337  2561 3823  51 1  0  0 0 0 0 0  00000000
   4.348  2561 3823   0 0  0  0 0 0 0 0  00000000
   4.547  4195 2456  38 1  0  0 0 0 0 0  00000000
   4.560  4100 2393  75 1  0  0 0 0 0 0  00000000
   4.572  4100 2376  74 1  0  0 0 0 0 0  00000000
   4.585  4101 2376  74 1  0  0 0 0 0 0  00000000
   4.596  4102 2376  73 1  0  0 0 0 0 0  00000000
   4.609  4126 2402  70 1  0  0 0 0 0 0  00000000
   4.621  4157 2447  65 1  0  0 0 0 0 0  00000000
   4.634  4173 2495  54 1  0  0 0 0 0 0  00000000
   4.645  4173 2495   0 0  0  0 0 0 0 0  00000000
   4.870  2754 3702  79 1  0  0 0 0 0 0  00000000
   4.883  2738 3634  76 1  0  0 0 0 0 0  00000000
   4.896  2738 3633  80 1  0  0 0 0 0 0  00000000
   4.906  2738 3631  79 1  0  0 0 0 0 0  00000000
   4.919  2738 3629  80 1  0  0 0 0 0 0  00000000
   4.956  2738 3627  79 1  0  0 0 0 0 0  00000000
   4.994  2738 3626  79 1  0  0 0 0 0 0  00000000
   5.020  2738 3622  79 1  0  0 0 0 0 0  00000000
   5.031  2738 3617  79 1  0  0 0 0 0 0  00000000
   5.043  2738 3615  79 1  0  0 0 0 0 0  00000000
   5.056  2738 3613  79 1  0  0 0 0 0 0  00000000
   5.068  2737 3613  79 1  0  0 0 0 0 0  00000000
   5.081  2735 3613  79 1  0  0 0 0 0 0  00000000
   5.094  2735 3611  79 1  0  0 0 0 0 0  00000000
   5.105  2735 3607  79 1  0  0 0 0 0 0  00000000
   5.119  2733 3602  79 1  0  0 0 0 0 0  00000000
   5.130  2733 3600  79 1  0  0 0 0 0 0  00000000
   5.143  2731 3598  80 1  0  0 0 0 0 0  00000000
   5.155  2731 3593  80 1  0  0 0 0 0 0  00000000
   5.168  2729 3587  81 1  0  0 0 0 0 0  00000000
   5.180  2727 3582  81 1  0  0 0 0 0 0  00000000
   5.193  2726 3580  80 1  0  0 0 0 0 0  00000000
   5.205  2724 3578  80 1  0  0 0 0 0 0  00000000
   5.218  2724 3573  81 1  0  0 0 0 0 0  00000000
   5.230  2724 3571  81 1  0  0 0 0 0 0  00000000
   5.242  2724 3567  80 1  0  0 0 0 0 0  00000000
   5.254  2724 3565  81 1  0  0 0 0 0 0  00000000
   5.266  2724 3564  80 1  0  0 0 0 0 0  00000000
   5.316  2724 3563  80 1  0  0 0 0 0 0  00000000
   5.378  2724 3561  80 1  0  0 0 0 0 0  00000000
   5.391  2723 3559  80 1  0  0 0 0 0 0  00000000
   5.404  2723 3554  81 1  0  0 0 0 0 0  00000000
   5.416  2723 3549  81 1  0  0 0 0 0 0  00000000
   5.428  2721 3547  81 1  0  0 0 0 0 0  00000000
   5.441  2716 3542  82 1  0  0 0 0 0 0  00000000
   5.454  2714 3521  81 1  0  0 0 0 0 0  00000000
   5.465  2712 3521  80 1  0  0 0 0 0 0  00000000
   5.477  2712 3519  80 1  0  0 0 0 0 0  00000000
   5.490  2712 3498  77 1  0  0 0 0 0 0  00000000
   5.502  2712 3496  70 1  0  0 0 0 0 0  00000000
   5.515  2675 3496  41 1  0  0 0 0 0 0  00000000
   5.527  2675 3496   0 0  0  0 0 0 0 0  00000000
