time	 y	 z	 f	 w	 l	 r	 u	 d	 m	 multi
   0.000  3016 3045   0 0  0  0 0 0 0 0  00000000
   1.843  3197 2943  72 1  0  0 0 0 0 0  00000000
   1.863  3197 2943  73 1  0  0 0 0 0 0  00000000
   1.881  3193 2962  62 1  0  0 0 0 0 0  00000000
   1.893  3187 2996  51 1  0  0 0 0 0 0  00000000
   1.904  3187 2996   0 0  0  0 0 0 0 0  00000000
   2.116  3303 2976  64 1  0  0 0 0 0 0  00000000
   2.128  3260 2945  70 1  0  0 0 0 0 0  00000000
   2.141  3260 2945  74 1  0  0 0 0 0 0  00000000
   2.153  3260 2945  73 1  0  0 0 0 0 0  00000000
   2.166  3260 2945  71 1  0  0 0 0 0 0  00000000
   2.178  3261 2966  64 1  0  0 0 0 0 0  00000000
   2.191  3255 2966  41 1  0  0 0 0 0 0  00000000
   2.202  3255 2966   0 0  0  0 0 0 0 0  00000000
   2.389  3140 3225  73 1  0  0 0 0 0 0  00000000
   2.401  3115 3172  68 1  0  0 0 0 0 0  00000000
   2.414  3113 3150  72 1  0  0 0 0 0 0  00000000
   2.426  3113 3129  73 1  0  0 0 0 0 0  00000000
   2.439  3109 3129  74 1  0  0 0 0 0 0  00000000
   2.451  3107 3129  74 1  0  0 0 0 0 0  00000000
   2.464  3107 3129  75 1  0  0 0 0 0 0  00000000
   2.476  3107 3130  74 1  0  0 0 0 0 0  00000000
   2.501  3107 3128  73 1  0  0 0 0 0 0  00000000
   2.514  3107 3127  73 1  0  0 0 0 0 0  00000000
   2.526  3107 3126  72 1  0  0 0 0 0 0  00000000
   2.538  3107 3121  71 1  0  0 0 0 0 0  00000000
   2.550  3107 3120  69 1  0  0 0 0 0 0  00000000
   2.563  3107 3118  63 1  0  0 0 0 0 0  00000000
   2.575  3107 3118   0 0  0  0 0 0 0 0  00000000
   2.898  3192 3377  45 1  0  0 0 0 0 0  00000000
   2.911  3100 3321  67 1  0  0 0 0 0 0  00000000
   2.923  3101 3321  71 1  0  0 0 0 0 0  00000000
   2.936  3102 3322  71 1  0  0 0 0 0 0  00000000
   2.948  3102 3323  70 1  0  0 0 0 0 0  00000000
   2.960  3103 3327  68 1  0  0 0 0 0 0  00000000
   2.972  3108 3363  63 1  0  0 0 0 0 0  00000000
   2.984  3108 3363   0 0  0  0 0 0 0 0  00000000
   3.394  3109 3470  65 1  0  0 0 0 0 0  00000000
   3.406  3109 3428  65 1  0  0 0 0 0 0  00000000
   3.419  3107 3408  68 1  0  0 0 0 0 0  00000000
   3.432  3105 3408  69 1  0  0 0 0 0 0  00000000
   3.444  3103 3408  69 1  0  0 0 0 0 0  00000000
   3.458  3102 3408  69 1  0  0 0 0 0 0  00000000
   3.468  3102 3408  68 1  0  0 0 0 0 0  00000000
   3.481  3102 3407  68 1  0  0 0 0 0 0  00000000
   3.494  3102 3405  65 1  0  0 0 0 0 0  00000000
   3.506  3102 3405  61 1  0  0 0 0 0 0  00000000
   3.519  3103 3432  46 1  0  0 0 0 0 0  00000000
   3.529  3103 3432   0 0  0  0 0 0 0 0  00000000
   3.902  2995 3696  59 1  0  0 0 0 0 0  00000000
   3.916  2957 3639  68 1  0  0 0 0 0 0  00000000
   3.928  2940 3637  71 1  0  0 0 0 0 0  00000000
   3.940  2940 3635  73 1  0  0 0 0 0 0  00000000
   3.952  2940 3633  72 1  0  0 0 0 0 0  00000000
   3.965  2940 3628  70 1  0  0 0 0 0 0  00000000
   3.978  2941 3628  65 1  0  0 0 0 0 0  00000000
   3.990  2941 3628  47 1  0  0 0 0 0 0  00000000
   4.000  2941 3628   0 0  0  0 0 0 0 0  00000000
   4.151  3143 3416  41 1  0  0 0 0 0 0  00000000
   4.164  3079 3432  67 1  0  0 0 0 0 0  00000000
   4.176  3079 3432  69 1  0  0 0 0 0 0  00000000
   4.189  3077 3430  71 1  0  0 0 0 0 0  00000000
   4.201  3075 3429  70 1  0  0 0 0 0 0  00000000
   4.214  3074 3429  69 1  0  0 0 0 0 0  00000000
   4.225  3074 3429  65 1  0  0 0 0 0 0  00000000
   4.239  3072 3456  50 1  0  0 0 0 0 0  00000000
   4.249  3072 3456   0 0  0  0 0 0 0 0  00000000
   4.411  3008 3377  73 1  0  0 0 0 0 0  00000000
   4.436  3008 3375  74 1  0  0 0 0 0 0  00000000
   4.449  3008 3374  73 1  0  0 0 0 0 0  00000000
   4.462  3008 3374  69 1  0  0 0 0 0 0  00000000
   4.473  3030 3398  56 1  0  0 0 0 0 0  00000000
   4.486  3030 3398   0 0  0  0 0 0 0 0  00000000
   4.684  2888 3585  75 1  0  0 0 0 0 0  00000000
   4.696  2888 3538  74 1  0  0 0 0 0 0  00000000
   4.709  2883 3500  77 1  0  0 0 0 0 0  00000000
   4.722  2881 3500  79 1  0  0 0 0 0 0  00000000
   4.734  2879 3500  79 1  0  0 0 0 0 0  00000000
   4.747  2879 3501  79 1  0  0 0 0 0 0  00000000
   4.759  2879 3506  80 1  0  0 0 0 0 0  00000000
   4.772  2879 3507  79 1  0  0 0 0 0 0  00000000
   4.785  2879 3508  78 1  0  0 0 0 0 0  00000000
   4.795  2879 3509  78 1  0  0 0 0 0 0  00000000
   4.808  2879 3509  76 1  0  0 0 0 0 0  00000000
   4.822  2877 3507  75 1  0  0 0 0 0 0  00000000
   4.834  2875 3501  74 1  0  0 0 0 0 0  00000000
   4.846  2874 3495  74 1  0  0 0 0 0 0  00000000
   4.858  2874 3490  76 1  0  0 0 0 0 0  00000000
   4.870  2874 3485  76 1  0  0 0 0 0 0  00000000
   4.882  2874 3479  74 1  0  0 0 0 0 0  00000000
   4.892  2872 3475  74 1  0  0 0 0 0 0  00000000
   4.902  2872 3469  75 1  0  0 0 0 0 0  00000000
   4.919  2867 3445  76 1  0  0 0 0 0 0  00000000
   4.935  2865 3443  76 1  0  0 0 0 0 0  00000000
   4.946  2865 3441  76 1  0  0 0 0 0 0  00000000
   4.958  2864 3436  76 1  0  0 0 0 0 0  00000000
   4.971  2862 3431  76 1  0  0 0 0 0 0  00000000
   4.982  2862 3429  75 1  0  0 0 0 0 0  00000000
   4.995  2861 3423  75 1  0  0 0 0 0 0  00000000
   5.006  2861 3418  74 1  0  0 0 0 0 0  00000000
   5.019  2861 3412  75 1  0  0 0 0 0 0  00000000
   5.032  2861 3407  74 1  0  0 0 0 0 0  00000000
   5.043  2861 3401  74 1  0  0 0 0 0 0  00000000
   5.057  2861 3399  73 1  0  0 0 0 0 0  00000000
   5.070  2861 3397  73 1  0  0 0 0 0 0  00000000
   5.082  2861 3395  74 1  0  0 0 0 0 0  00000000
   5.093  2861 3394  73 1  0  0 0 0 0 0  00000000
   5.107  2861 3394  74 1  0  0 0 0 0 0  00000000
   5.132  2861 3394  75 1  0  0 0 0 0 0  00000000
   5.144  2861 3394  74 1  0  0 0 0 0 0  00000000
   5.157  2861 3394  75 1  0  0 0 0 0 0  00000000
   5.167  2861 3394  74 1  0  0 0 0 0 0  00000000
   5.180  2861 3394  75 1  0  0 0 0 0 0  00000000
   5.205  2861 3394  74 1  0  0 0 0 0 0  00000000
   5.218  2861 3394  75 1  0  0 0 0 0 0  00000000
   5.230  2859 3394  75 1  0  0 0 0 0 0  00000000
   5.243  2859 3394  76 1  0  0 0 0 0 0  00000000
   5.267  2859 3394  75 1  0  0 0 0 0 0  00000000
   5.279  2859 3394  76 1  0  0 0 0 0 0  00000000
   5.292  2859 3394  74 1  0  0 0 0 0 0  00000000
   5.305  2859 3394  76 1  0  0 0 0 0 0  00000000
   5.317  2859 3394  75 1  0  0 0 0 0 0  00000000
   5.330  2857 3394  75 1  0  0 0 0 0 0  00000000
   5.341  2857 3394  76 1  0  0 0 0 0 0  00000000
   5.354  2857 3394  75 1  0  0 0 0 0 0  00000000
   5.367  2857 3394  76 1  0  0 0 0 0 0  00000000
   5.379  2857 3394  75 1  0  0 0 0 0 0  00000000
   5.392  2857 3394  76 1  0  0 0 0 0 0  00000000
   5.416  2857 3394  75 1  0  0 0 0 0 0  00000000
   5.428  2856 3394  76 1  0  0 0 0 0 0  00000000
   5.441  2856 3398  77 1  0  0 0 0 0 0  00000000
   5.454  2856 3399  77 1  0  0 0 0 0 0  00000000
   5.465  2854 3403  76 1  0  0 0 0 0 0  00000000
   5.478  2854 3409  76 1  0  0 0 0 0 0  00000000
   5.491  2854 3414  76 1  0  0 0 0 0 0  00000000
   5.503  2854 3418  76 1  0  0 0 0 0 0  00000000
   5.515  2855 3419  74 1  0  0 0 0 0 0  00000000
   5.528  2856 3420  70 1  0  0 0 0 0 0  00000000
   5.540  2862 3424  64 1  0  0 0 0 0 0  00000000
   5.553  2862 3424   0 0  0  0 0 0 0 0  00000000
   6.086  3005 3603  71 1  0  0 0 0 0 0  00000000
   6.098  2984 3573  70 1  0  0 0 0 0 0  00000000
   6.112  2984 3573  73 1  0  0 0 0 0 0  00000000
   6.123  2984 3573  72 1  0  0 0 0 0 0  00000000
   6.137  2984 3572  70 1  0  0 0 0 0 0  00000000
   6.148  2985 3572  66 1  0  0 0 0 0 0  00000000
   6.162  2945 3591  44 1  0  0 0 0 0 0  00000000
   6.172  2945 3591   0 0  0  0 0 0 0 0  00000000
   6.347  2928 3565  74 1  0  0 0 0 0 0  00000000
   6.359  2928 3564  72 1  0  0 0 0 0 0  00000000
   6.371  2926 3559  74 1  0  0 0 0 0 0  00000000
   6.385  2924 3554  73 1  0  0 0 0 0 0  00000000
   6.397  2924 3552  70 1  0  0 0 0 0 0  00000000
   6.410  2925 3570  65 1  0  0 0 0 0 0  00000000
   6.422  2898 3590  45 1  0  0 0 0 0 0  00000000
   6.433  2898 3590   0 0  0  0 0 0 0 0  00000000
   6.632  2898 3590  75 1  0  0 0 0 0 0  00000000
   6.644  2896 3559  75 1  0  0 0 0 0 0  00000000
   6.658  2894 3555  77 1  0  0 0 0 0 0  00000000
   6.668  2893 3553  78 1  0  0 0 0 0 0  00000000
   6.682  2891 3552  79 1  0  0 0 0 0 0  00000000
   6.694  2891 3552  78 1  0  0 0 0 0 0  00000000
   6.706  2891 3552  79 1  0  0 0 0 0 0  00000000
   6.719  2889 3552  79 1  0  0 0 0 0 0  00000000
   6.731  2889 3553  78 1  0  0 0 0 0 0  00000000
   6.781  2889 3553  77 1  0  0 0 0 0 0  00000000
   6.807  2889 3553  78 1  0  0 0 0 0 0  00000000
   6.818  2889 3553  77 1  0  0 0 0 0 0  00000000
   6.831  2889 3553  78 1  0  0 0 0 0 0  00000000
   6.880  2889 3554  78 1  0  0 0 0 0 0  00000000
   6.893  2889 3555  78 1  0  0 0 0 0 0  00000000
   6.904  2889 3556  79 1  0  0 0 0 0 0  00000000
   6.917  2889 3561  78 1  0  0 0 0 0 0  00000000
   6.931  2889 3562  78 1  0  0 0 0 0 0  00000000
   6.943  2889 3567  79 1  0  0 0 0 0 0  00000000
   6.955  2889 3568  79 1  0  0 0 0 0 0  00000000
   6.968  2889 3569  79 1  0  0 0 0 0 0  00000000
   6.978  2889 3569  78 1  0  0 0 0 0 0  00000000
   7.004  2889 3569  77 1  0  0 0 0 0 0  00000000
   7.029  2889 3569  75 1  0  0 0 0 0 0  00000000
   7.042  2889 3540  73 1  0  0 0 0 0 0  00000000
   7.054  2893 3524  64 1  0  0 0 0 0 0  00000000
   7.066  2893 3524   0 0  0  0 0 0 0 0  00000000
   7.215  2972 3689  62 1  0  0 0 0 0 0  00000000
   7.228  2911 3648  71 1  0  0 0 0 0 0  00000000
   7.241  2909 3632  77 1  0  0 0 0 0 0  00000000
   7.253  2908 3633  77 1  0  0 0 0 0 0  00000000
   7.266  2906 3634  77 1  0  0 0 0 0 0  00000000
   7.277  2906 3634  75 1  0  0 0 0 0 0  00000000
   7.289  2913 3638  70 1  0  0 0 0 0 0  00000000
   7.302  2959 3668  59 1  0  0 0 0 0 0  00000000
   7.313  2959 3668   0 0  0  0 0 0 0 0  00000000
   7.463  2986 3614  73 1  0  0 0 0 0 0  00000000
   7.475  2984 3614  74 1  0  0 0 0 0 0  00000000
   7.487  2979 3614  75 1  0  0 0 0 0 0  00000000
   7.500  2977 3614  75 1  0  0 0 0 0 0  00000000
   7.513  2977 3614  73 1  0  0 0 0 0 0  00000000
   7.526  2977 3614  70 1  0  0 0 0 0 0  00000000
   7.538  2978 3640  62 1  0  0 0 0 0 0  00000000
   7.550  2982 3662  39 1  0  0 0 0 0 0  00000000
   7.561  2982 3662   0 0  0  0 0 0 0 0  00000000
   7.699  3015 3680  58 1  0  0 0 0 0 0  00000000
   7.711  2941 3631  72 1  0  0 0 0 0 0  00000000
   7.723  2940 3631  75 1  0  0 0 0 0 0  00000000
   7.735  2938 3631  76 1  0  0 0 0 0 0  00000000
   7.748  2936 3631  77 1  0  0 0 0 0 0  00000000
   7.761  2935 3629  77 1  0  0 0 0 0 0  00000000
   7.774  2935 3629  74 1  0  0 0 0 0 0  00000000
   7.786  2942 3624  71 1  0  0 0 0 0 0  00000000
   7.798  2993 3603  63 1  0  0 0 0 0 0  00000000
   7.810  2993 3603   0 0  0  0 0 0 0 0  00000000
   7.972  2939 3648  73 1  0  0 0 0 0 0  00000000
   7.984  2937 3648  72 1  0  0 0 0 0 0  00000000
   7.997  2933 3648  74 1  0  0 0 0 0 0  00000000
   8.008  2931 3648  74 1  0  0 0 0 0 0  00000000
   8.034  2931 3648  70 1  0  0 0 0 0 0  00000000
   8.046  2958 3674  64 1  0  0 0 0 0 0  00000000
   8.059  2958 3674   0 0  0  0 0 0 0 0  00000000
   8.232  2877 3755  73 1  0  0 0 0 0 0  00000000
   8.245  2861 3727  73 1  0  0 0 0 0 0  00000000
   8.257  2845 3727  74 1  0  0 0 0 0 0  00000000
   8.270  2846 3731  76 1  0  0 0 0 0 0  00000000
   8.282  2844 3732  77 1  0  0 0 0 0 0  00000000
   8.295  2844 3736  76 1  0  0 0 0 0 0  00000000
   8.307  2844 3741  78 1  0  0 0 0 0 0  00000000
   8.320  2845 3745  77 1  0  0 0 0 0 0  00000000
   8.331  2846 3746  78 1  0  0 0 0 0 0  00000000
   8.344  2847 3747  78 1  0  0 0 0 0 0  00000000
   8.356  2848 3748  77 1  0  0 0 0 0 0  00000000
   8.369  2849 3748  77 1  0  0 0 0 0 0  00000000
   8.382  2850 3749  77 1  0  0 0 0 0 0  00000000
   8.394  2851 3754  77 1  0  0 0 0 0 0  00000000
   8.407  2852 3755  77 1  0  0 0 0 0 0  00000000
   8.419  2852 3756  77 1  0  0 0 0 0 0  00000000
   8.431  2852 3756  76 1  0  0 0 0 0 0  00000000
   8.443  2852 3756  78 1  0  0 0 0 0 0  00000000
   8.455  2848 3756  76 1  0  0 0 0 0 0  00000000
   8.467  2846 3756  76 1  0  0 0 0 0 0  00000000
   8.477  2845 3756  76 1  0  0 0 0 0 0  00000000
   8.493  2845 3733  74 1  0  0 0 0 0 0  00000000
   8.505  2845 3731  68 1  0  0 0 0 0 0  00000000
   8.517  2866 3690  53 1  0  0 0 0 0 0  00000000
   8.528  2866 3690   0 0  0  0 0 0 0 0  00000000
   8.654  2721 3763  75 1  0  0 0 0 0 0  00000000
   8.666  2696 3745  75 1  0  0 0 0 0 0  00000000
   8.678  2696 3745  78 1  0  0 0 0 0 0  00000000
   8.692  2696 3746  78 1  0  0 0 0 0 0  00000000
   8.704  2696 3747  75 1  0  0 0 0 0 0  00000000
   8.716  2700 3785  70 1  0  0 0 0 0 0  00000000
   8.728  2735 3804  41 1  0  0 0 0 0 0  00000000
   8.741  2735 3804   0 0  0  0 0 0 0 0  00000000
   8.841  2792 3845  71 1  0  0 0 0 0 0  00000000
   8.852  2790 3829  74 1  0  0 0 0 0 0  00000000
   8.865  2788 3829  76 1  0  0 0 0 0 0  00000000
   8.877  2784 3829  76 1  0  0 0 0 0 0  00000000
   8.889  2782 3829  75 1  0  0 0 0 0 0  00000000
   8.899  2781 3829  75 1  0  0 0 0 0 0  00000000
   8.909  2781 3829  76 1  0  0 0 0 0 0  00000000
   8.927  2781 3830  75 1  0  0 0 0 0 0  00000000
   8.938  2781 3831  74 1  0  0 0 0 0 0  00000000
   8.951  2781 3832  75 1  0  0 0 0 0 0  00000000
   8.965  2781 3833  74 1  0  0 0 0 0 0  00000000
   8.976  2781 3833  75 1  0  0 0 0 0 0  00000000
   8.989  2781 3833  74 1  0  0 0 0 0 0  00000000
   9.020  2779 3833  74 1  0  0 0 0 0 0  00000000
   9.038  2779 3834  75 1  0  0 0 0 0 0  00000000
   9.048  2779 3835  75 1  0  0 0 0 0 0  00000000
   9.064  2777 3836  75 1  0  0 0 0 0 0  00000000
   9.075  2777 3836  76 1  0  0 0 0 0 0  00000000
   9.113  2777 3836  75 1  0  0 0 0 0 0  00000000
   9.125  2777 3836  76 1  0  0 0 0 0 0  00000000
   9.146  2776 3836  76 1  0  0 0 0 0 0  00000000
   9.175  2775 3836  76 1  0  0 0 0 0 0  00000000
   9.225  2775 3836  77 1  0  0 0 0 0 0  00000000
   9.237  2774 3836  75 1  0  0 0 0 0 0  00000000
   9.249  2774 3836  76 1  0  0 0 0 0 0  00000000
   9.324  2772 3836  76 1  0  0 0 0 0 0  00000000
   9.339  2770 3836  77 1  0  0 0 0 0 0  00000000
   9.362  2770 3834  78 1  0  0 0 0 0 0  00000000
   9.374  2770 3833  76 1  0  0 0 0 0 0  00000000
   9.404  2770 3833  77 1  0  0 0 0 0 0  00000000
   9.423  2770 3832  77 1  0  0 0 0 0 0  00000000
   9.473  2770 3831  78 1  0  0 0 0 0 0  00000000
   9.483  2770 3830  78 1  0  0 0 0 0 0  00000000
   9.499  2770 3830  76 1  0  0 0 0 0 0  00000000
   9.522  2770 3830  77 1  0  0 0 0 0 0  00000000
   9.532  2771 3830  77 1  0  0 0 0 0 0  00000000
   9.572  2771 3830  78 1  0  0 0 0 0 0  00000000
   9.585  2771 3829  77 1  0  0 0 0 0 0  00000000
   9.597  2771 3829  76 1  0  0 0 0 0 0  00000000
   9.610  2771 3829  77 1  0  0 0 0 0 0  00000000
   9.647  2771 3828  76 1  0  0 0 0 0 0  00000000
   9.661  2771 3828  77 1  0  0 0 0 0 0  00000000
   9.672  2771 3826  77 1  0  0 0 0 0 0  00000000
   9.697  2771 3826  78 1  0  0 0 0 0 0  00000000
   9.709  2771 3824  77 1  0  0 0 0 0 0  00000000
   9.720  2771 3822  77 1  0  0 0 0 0 0  00000000
   9.734  2771 3821  77 1  0  0 0 0 0 0  00000000
   9.745  2771 3819  77 1  0  0 0 0 0 0  00000000
   9.755  2771 3817  77 1  0  0 0 0 0 0  00000000
   9.784  2771 3812  77 1  0  0 0 0 0 0  00000000
   9.796  2771 3810  77 1  0  0 0 0 0 0  00000000
   9.808  2771 3808  77 1  0  0 0 0 0 0  00000000
   9.820  2771 3808  76 1  0  0 0 0 0 0  00000000
   9.833  2771 3808  77 1  0  0 0 0 0 0  00000000
   9.845  2771 3808  78 1  0  0 0 0 0 0  00000000
   9.857  2771 3809  78 1  0  0 0 0 0 0  00000000
   9.870  2771 3814  77 1  0  0 0 0 0 0  00000000
   9.882  2771 3835  77 1  0  0 0 0 0 0  00000000
   9.907  2771 3835  73 1  0  0 0 0 0 0  00000000
   9.919  2771 3836  66 1  0  0 0 0 0 0  00000000
   9.930  2770 3837  66 1  0  0 0 0 0 0  00000000
   9.943  2770 3837   0 0  0  0 0 0 0 0  00000000
