time	 y	 z	 f	 w	 l	 r	 u	 d	 m	 multi
   0.000  3319 3172   0 0  0  0 0 0 0 0  00000000
   1.428  3514 3590  87 1  0  0 0 0 0 0  00000000
   1.449  3514 3566  93 1  0  0 0 0 0 0  00000000
   1.466  3512 3524  97 1  0  0 0 0 0 0  00000000
   1.478  3511 3503  97 1  0  0 0 0 0 0  00000000
   1.491  3509 3477  95 1  0  0 0 0 0 0  00000000
   1.503  3507 3455  93 1  0  0 0 0 0 0  00000000
   1.515  3507 3434  92 1  0  0 0 0 0 0  00000000
   1.528  3507 3432  90 1  0  0 0 0 0 0  00000000
   1.541  3507 3403  90 1  0  0 0 0 0 0  00000000
   1.566  3507 3398  90 1  0  0 0 0 0 0  00000000
   1.579  3503 3378  89 1  0  0 0 0 0 0  00000000
   1.589  3501 3378  90 1  0  0 0 0 0 0  00000000
   1.602  3500 3377  89 1  0  0 0 0 0 0  00000000
   1.615  3498 3375  90 1  0  0 0 0 0 0  00000000
   1.626  3498 3353  89 1  0  0 0 0 0 0  00000000
   1.639  3497 3351  88 1  0  0 0 0 0 0  00000000
   1.653  3497 3349  89 1  0  0 0 0 0 0  00000000
   1.665  3495 3326  88 1  0  0 0 0 0 0  00000000
   1.677  3493 3326  88 1  0  0 0 0 0 0  00000000
   1.690  3491 3324  88 1  0  0 0 0 0 0  00000000
   1.702  3490 3319  88 1  0  0 0 0 0 0  00000000
   1.715  3489 3313  88 1  0  0 0 0 0 0  00000000
   1.726  3487 3286  87 1  0  0 0 0 0 0  00000000
   1.739  3485 3286  86 1  0  0 0 0 0 0  00000000
   1.751  3483 3286  87 1  0  0 0 0 0 0  00000000
   1.765  3481 3284  86 1  0  0 0 0 0 0  00000000
   1.776  3479 3282  87 1  0  0 0 0 0 0  00000000
   1.788  3479 3282  88 1  0  0 0 0 0 0  00000000
   1.801  3477 3282  87 1  0  0 0 0 0 0  00000000
   1.813  3475 3282  88 1  0  0 0 0 0 0  00000000
   1.838  3475 3283  88 1  0  0 0 0 0 0  00000000
   1.851  3475 3284  88 1  0  0 0 0 0 0  00000000
   1.864  3475 3285  89 1  0  0 0 0 0 0  00000000
   1.875  3475 3286  90 1  0  0 0 0 0 0  00000000
   1.889  3475 3290  90 1  0  0 0 0 0 0  00000000
   1.899  3475 3291  90 1  0  0 0 0 0 0  00000000
   1.913  3475 3292  90 1  0  0 0 0 0 0  00000000
   1.938  3475 3284  89 1  0  0 0 0 0 0  00000000
   1.950  3475 3255  89 1  0  0 0 0 0 0  00000000
   1.963  3475 3233  87 1  0  0 0 0 0 0  00000000
   1.974  3474 3212  85 1  0  0 0 0 0 0  00000000
   1.988  3474 3191  83 1  0  0 0 0 0 0  00000000
   2.000  3474 3172  81 1  0  0 0 0 0 0  00000000
   2.012  3481 3155  78 1  0  0 0 0 0 0  00000000
   2.024  3538 3122  71 1  0  0 0 0 0 0  00000000
   2.037  3605 3095  57 1  0  0 0 0 0 0  00000000
   2.048  3605 3095   0 0  0  0 0 0 0 0  00000000
   2.223  3579 3316  76 1  0  0 0 0 0 0  00000000
   2.235  3508 3353  85 1  0  0 0 0 0 0  00000000
   2.248  3508 3383  90 1  0  0 0 0 0 0  00000000
   2.261  3508 3403  89 1  0  0 0 0 0 0  00000000
   2.273  3508 3404  85 1  0  0 0 0 0 0  00000000
   2.285  3508 3431  78 1  0  0 0 0 0 0  00000000
   2.298  3549 3455  69 1  0  0 0 0 0 0  00000000
   2.309  3601 3455  44 1  0  0 0 0 0 0  00000000
   2.322  3601 3455   0 0  0  0 0 0 0 0  00000000
   2.483  4091 3244  59 1  0  0 0 0 0 0  00000000
   2.496  4013 3211  77 1  0  0 0 0 0 0  00000000
   2.508  3991 3188  82 1  0  0 0 0 0 0  00000000
   2.521  3975 3187  85 1  0  0 0 0 0 0  00000000
   2.533  3975 3181  85 1  0  0 0 0 0 0  00000000
   2.545  3975 3143  82 1  0  0 0 0 0 0  00000000
   2.558  3992 3121  77 1  0  0 0 0 0 0  00000000
   2.570  4017 3122  70 1  0  0 0 0 0 0  00000000
   2.583  4097 3126  57 1  0  0 0 0 0 0  00000000
   2.594  4097 3126   0 0  0  0 0 0 0 0  00000000
   2.719  4303 3064  80 1  0  0 0 0 0 0  00000000
   2.732  4279 3063  82 1  0  0 0 0 0 0  00000000
   2.744  4259 3063  86 1  0  0 0 0 0 0  00000000
   2.756  4258 3080  87 1  0  0 0 0 0 0  00000000
   2.769  4257 3080  87 1  0  0 0 0 0 0  00000000
   2.781  4257 3056  82 1  0  0 0 0 0 0  00000000
   2.794  4264 3054  74 1  0  0 0 0 0 0  00000000
   2.806  4300 3052  63 1  0  0 0 0 0 0  00000000
   2.818  4300 3052   0 0  0  0 0 0 0 0  00000000
   2.980  4321 3046  81 1  0  0 0 0 0 0  00000000
   2.992  4292 3013  80 1  0  0 0 0 0 0  00000000
   3.004  4292 3014  84 1  0  0 0 0 0 0  00000000
   3.017  4291 3015  83 1  0  0 0 0 0 0  00000000
   3.029  4291 3015  80 1  0  0 0 0 0 0  00000000
   3.042  4292 2975  74 1  0  0 0 0 0 0  00000000
   3.054  4341 2955  59 1  0  0 0 0 0 0  00000000
   3.065  4341 2955   0 0  0  0 0 0 0 0  00000000
   3.228  4431 2888  78 1  0  0 0 0 0 0  00000000
   3.243  4396 2857  75 1  0  0 0 0 0 0  00000000
   3.253  4366 2858  80 1  0  0 0 0 0 0  00000000
   3.265  4366 2858  79 1  0  0 0 0 0 0  00000000
   3.278  4385 2850  71 1  0  0 0 0 0 0  00000000
   3.290  4418 2848  53 1  0  0 0 0 0 0  00000000
   3.302  4418 2848   0 0  0  0 0 0 0 0  00000000
   3.513  4650 2878  85 1  0  0 0 0 0 0  00000000
   3.526  4633 2859  85 1  0  0 0 0 0 0  00000000
   3.538  4631 2885  89 1  0  0 0 0 0 0  00000000
   3.550  4629 2904  89 1  0  0 0 0 0 0  00000000
   3.563  4629 2904  88 1  0  0 0 0 0 0  00000000
   3.574  4624 2902  88 1  0  0 0 0 0 0  00000000
   3.588  4618 2920  88 1  0  0 0 0 0 0  00000000
   3.600  4596 2920  88 1  0  0 0 0 0 0  00000000
   3.612  4596 2920  87 1  0  0 0 0 0 0  00000000
   3.626  4596 2924  86 1  0  0 0 0 0 0  00000000
   3.637  4595 2929  88 1  0  0 0 0 0 0  00000000
   3.650  4595 2930  87 1  0  0 0 0 0 0  00000000
   3.663  4593 2931  88 1  0  0 0 0 0 0  00000000
   3.674  4591 2931  88 1  0  0 0 0 0 0  00000000
   3.688  4591 2931  89 1  0  0 0 0 0 0  00000000
   3.700  4589 2930  89 1  0  0 0 0 0 0  00000000
   3.713  4589 2928  90 1  0  0 0 0 0 0  00000000
   3.724  4587 2923  90 1  0  0 0 0 0 0  00000000
   3.737  4585 2917  90 1  0  0 0 0 0 0  00000000
   3.749  4583 2911  89 1  0  0 0 0 0 0  00000000
   3.763  4581 2888  90 1  0  0 0 0 0 0  00000000
   3.774  4581 2887  90 1  0  0 0 0 0 0  00000000
   3.787  4577 2865  89 1  0  0 0 0 0 0  00000000
   3.799  4575 2863  88 1  0  0 0 0 0 0  00000000
   3.810  4571 2857  88 1  0  0 0 0 0 0  00000000
   3.825  4569 2833  87 1  0  0 0 0 0 0  00000000
   3.836  4568 2812  87 1  0  0 0 0 0 0  00000000
   3.849  4566 2810  87 1  0  0 0 0 0 0  00000000
   3.861  4566 2789  86 1  0  0 0 0 0 0  00000000
   3.874  4564 2771  87 1  0  0 0 0 0 0  00000000
   3.886  4564 2767  84 1  0  0 0 0 0 0  00000000
   3.898  4560 2737  83 1  0  0 0 0 0 0  00000000
   3.911  4559 2733  83 1  0  0 0 0 0 0  00000000
   3.923  4557 2713  82 1  0  0 0 0 0 0  00000000
   3.935  4556 2711  82 1  0  0 0 0 0 0  00000000
   3.948  4556 2684  81 1  0  0 0 0 0 0  00000000
   3.961  4554 2682  81 1  0  0 0 0 0 0  00000000
   3.975  4554 2656  81 1  0  0 0 0 0 0  00000000
   3.985  4554 2654  81 1  0  0 0 0 0 0  00000000
   3.997  4549 2650  81 1  0  0 0 0 0 0  00000000
   4.009  4548 2644  80 1  0  0 0 0 0 0  00000000
   4.022  4546 2619  80 1  0  0 0 0 0 0  00000000
   4.034  4544 2619  80 1  0  0 0 0 0 0  00000000
   4.047  4542 2599  80 1  0  0 0 0 0 0  00000000
   4.059  4540 2597  79 1  0  0 0 0 0 0  00000000
   4.073  4536 2576  78 1  0  0 0 0 0 0  00000000
   4.084  4534 2574  78 1  0  0 0 0 0 0  00000000
   4.096  4532 2569  78 1  0  0 0 0 0 0  00000000
   4.109  4531 2543  77 1  0  0 0 0 0 0  00000000
   4.121  4527 2541  77 1  0  0 0 0 0 0  00000000
   4.134  4526 2536  77 1  0  0 0 0 0 0  00000000
   4.146  4524 2530  75 1  0  0 0 0 0 0  00000000
   4.159  4522 2528  75 1  0  0 0 0 0 0  00000000
   4.171  4520 2523  74 1  0  0 0 0 0 0  00000000
   4.183  4518 2517  75 1  0  0 0 0 0 0  00000000
   4.196  4516 2512  74 1  0  0 0 0 0 0  00000000
   4.209  4514 2510  73 1  0  0 0 0 0 0  00000000
   4.221  4512 2505  73 1  0  0 0 0 0 0  00000000
   4.233  4511 2500  74 1  0  0 0 0 0 0  00000000
   4.246  4509 2498  74 1  0  0 0 0 0 0  00000000
   4.257  4504 2496  73 1  0  0 0 0 0 0  00000000
   4.270  4503 2496  73 1  0  0 0 0 0 0  00000000
   4.282  4503 2496  74 1  0  0 0 0 0 0  00000000
   4.295  4502 2477  74 1  0  0 0 0 0 0  00000000
   4.307  4502 2477  73 1  0  0 0 0 0 0  00000000
   4.319  4500 2475  72 1  0  0 0 0 0 0  00000000
   4.332  4500 2473  71 1  0  0 0 0 0 0  00000000
   4.346  4521 2471  69 1  0  0 0 0 0 0  00000000
   4.356  4522 2467  65 1  0  0 0 0 0 0  00000000
   4.370  4553 2411  57 1  0  0 0 0 0 0  00000000
   4.382  4553 2411   0 0  0  0 0 0 0 0  00000000
   4.592  4282 2409  78 1  0  0 0 0 0 0  00000000
   4.605  4282 2409  81 1  0  0 0 0 0 0  00000000
   4.617  4280 2458  85 1  0  0 0 0 0 0  00000000
   4.630  4279 2481  87 1  0  0 0 0 0 0  00000000
   4.642  4279 2482  88 1  0  0 0 0 0 0  00000000
   4.655  4279 2483  88 1  0  0 0 0 0 0  00000000
   4.667  4279 2487  86 1  0  0 0 0 0 0  00000000
   4.680  4279 2491  86 1  0  0 0 0 0 0  00000000
   4.692  4279 2492  86 1  0  0 0 0 0 0  00000000
   4.704  4280 2493  86 1  0  0 0 0 0 0  00000000
   4.718  4281 2494  86 1  0  0 0 0 0 0  00000000
   4.730  4282 2494  86 1  0  0 0 0 0 0  00000000
   4.742  4283 2494  86 1  0  0 0 0 0 0  00000000
   4.754  4284 2494  86 1  0  0 0 0 0 0  00000000
   4.779  4284 2494  85 1  0  0 0 0 0 0  00000000
   4.791  4284 2492  85 1  0  0 0 0 0 0  00000000
   4.804  4284 2490  86 1  0  0 0 0 0 0  00000000
   4.816  4284 2464  85 1  0  0 0 0 0 0  00000000
   4.841  4284 2464  84 1  0  0 0 0 0 0  00000000
   4.853  4284 2464  85 1  0  0 0 0 0 0  00000000
   4.903  4284 2464  86 1  0  0 0 0 0 0  00000000
   4.927  4284 2464  87 1  0  0 0 0 0 0  00000000
   4.940  4284 2465  86 1  0  0 0 0 0 0  00000000
   4.952  4284 2471  87 1  0  0 0 0 0 0  00000000
   4.965  4284 2472  87 1  0  0 0 0 0 0  00000000
   4.978  4284 2478  87 1  0  0 0 0 0 0  00000000
   4.990  4284 2503  88 1  0  0 0 0 0 0  00000000
   5.002  4284 2504  89 1  0  0 0 0 0 0  00000000
   5.014  4284 2524  89 1  0  0 0 0 0 0  00000000
   5.027  4285 2525  89 1  0  0 0 0 0 0  00000000
   5.040  4286 2565  90 1  0  0 0 0 0 0  00000000
   5.052  4287 2581  90 1  0  0 0 0 0 0  00000000
   5.064  4291 2605  91 1  0  0 0 0 0 0  00000000
   5.077  4295 2627  92 1  0  0 0 0 0 0  00000000
   5.089  4296 2661  94 1  0  0 0 0 0 0  00000000
   5.102  4297 2662  92 1  0  0 0 0 0 0  00000000
   5.114  4319 2700  92 1  0  0 0 0 0 0  00000000
   5.127  4319 2721  94 1  0  0 0 0 0 0  00000000
   5.139  4319 2749  94 1  0  0 0 0 0 0  00000000
   5.151  4320 2750  92 1  0  0 0 0 0 0  00000000
   5.164  4341 2771  91 1  0  0 0 0 0 0  00000000
   5.176  4341 2771  90 1  0  0 0 0 0 0  00000000
   5.188  4341 2770  87 1  0  0 0 0 0 0  00000000
   5.200  4366 2738  83 1  0  0 0 0 0 0  00000000
   5.213  4411 2700  77 1  0  0 0 0 0 0  00000000
   5.225  4485 2635  69 1  0  0 0 0 0 0  00000000
   5.238  4553 2611  41 1  0  0 0 0 0 0  00000000
   5.249  4553 2611   0 0  0  0 0 0 0 0  00000000
   5.722  4139 3076  80 1  0  0 0 0 0 0  00000000
   5.734  4109 3035  82 1  0  0 0 0 0 0  00000000
   5.746  4107 3035  85 1  0  0 0 0 0 0  00000000
   5.759  4105 3035  85 1  0  0 0 0 0 0  00000000
   5.771  4099 3033  84 1  0  0 0 0 0 0  00000000
   5.784  4074 3006  77 1  0  0 0 0 0 0  00000000
   5.796  4074 3006  72 1  0  0 0 0 0 0  00000000
   5.808  4103 3004  58 1  0  0 0 0 0 0  00000000
   5.820  4103 3004   0 0  0  0 0 0 0 0  00000000
   6.006  3863 2836  74 1  0  0 0 0 0 0  00000000
   6.019  3801 2795  76 1  0  0 0 0 0 0  00000000
   6.032  3799 2795  82 1  0  0 0 0 0 0  00000000
   6.045  3793 2795  82 1  0  0 0 0 0 0  00000000
   6.057  3789 2778  79 1  0  0 0 0 0 0  00000000
   6.069  3785 2778  73 1  0  0 0 0 0 0  00000000
   6.082  3784 2778  64 1  0  0 0 0 0 0  00000000
   6.094  3784 2778   0 0  0  0 0 0 0 0  00000000
   6.255  3940 2721  84 1  0  0 0 0 0 0  00000000
   6.268  3938 2663  83 1  0  0 0 0 0 0  00000000
   6.279  3933 2664  87 1  0  0 0 0 0 0  00000000
   6.293  3931 2669  88 1  0  0 0 0 0 0  00000000
   6.305  3929 2662  85 1  0  0 0 0 0 0  00000000
   6.318  3946 2634  79 1  0  0 0 0 0 0  00000000
   6.330  4049 2599  69 1  0  0 0 0 0 0  00000000
   6.342  4049 2599   0 0  0  0 0 0 0 0  00000000
   6.490  4877 2339  76 1  0  0 0 0 0 0  00000000
   6.503  4848 2313  77 1  0  0 0 0 0 0  00000000
   6.516  4830 2330  80 1  0  0 0 0 0 0  00000000
   6.540  4830 2311  76 1  0  0 0 0 0 0  00000000
   6.553  4776 2293  67 1  0  0 0 0 0 0  00000000
   6.566  4659 2312  49 1  0  0 0 0 0 0  00000000
   6.576  4659 2312   0 0  0  0 0 0 0 0  00000000
   6.752  4027 2660  82 1  0  0 0 0 0 0  00000000
   6.765  4025 2644  82 1  0  0 0 0 0 0  00000000
   6.776  4005 2645  86 1  0  0 0 0 0 0  00000000
   6.789  4003 2694  90 1  0  0 0 0 0 0  00000000
   6.801  4001 2694  91 1  0  0 0 0 0 0  00000000
   6.814  3999 2694  91 1  0  0 0 0 0 0  00000000
   6.826  3998 2694  90 1  0  0 0 0 0 0  00000000
   6.838  3998 2692  89 1  0  0 0 0 0 0  00000000
   6.850  3998 2667  88 1  0  0 0 0 0 0  00000000
   6.863  3998 2667  87 1  0  0 0 0 0 0  00000000
   6.876  3998 2665  87 1  0  0 0 0 0 0  00000000
   6.888  3998 2663  86 1  0  0 0 0 0 0  00000000
   6.901  3998 2644  86 1  0  0 0 0 0 0  00000000
   6.925  3998 2642  85 1  0  0 0 0 0 0  00000000
   6.938  3998 2621  84 1  0  0 0 0 0 0  00000000
   6.950  3998 2621  83 1  0  0 0 0 0 0  00000000
   6.964  3998 2599  83 1  0  0 0 0 0 0  00000000
   6.976  3997 2598  84 1  0  0 0 0 0 0  00000000
   6.987  3995 2596  83 1  0  0 0 0 0 0  00000000
   6.999  3993 2572  83 1  0  0 0 0 0 0  00000000
   7.013  3991 2556  82 1  0  0 0 0 0 0  00000000
   7.025  3987 2534  81 1  0  0 0 0 0 0  00000000
   7.036  3986 2533  80 1  0  0 0 0 0 0  00000000
   7.050  3986 2505  79 1  0  0 0 0 0 0  00000000
   7.062  3986 2503  77 1  0  0 0 0 0 0  00000000
   7.074  3986 2467  74 1  0  0 0 0 0 0  00000000
   7.087  3986 2434  71 1  0  0 0 0 0 0  00000000
   7.099  3993 2361  60 1  0  0 0 0 0 0  00000000
   7.112  3993 2361   0 0  0  0 0 0 0 0  00000000
   7.297  4797 2211  75 1  0  0 0 0 0 0  00000000
   7.310  4797 2275  81 1  0  0 0 0 0 0  00000000
   7.323  4795 2340  87 1  0  0 0 0 0 0  00000000
   7.335  4793 2381  91 1  0  0 0 0 0 0  00000000
   7.347  4791 2399  94 1  0  0 0 0 0 0  00000000
   7.360  4789 2400  95 1  0  0 0 0 0 0  00000000
   7.373  4789 2405  94 1  0  0 0 0 0 0  00000000
   7.385  4789 2406  95 1  0  0 0 0 0 0  00000000
   7.397  4789 2407  93 1  0  0 0 0 0 0  00000000
   7.435  4788 2407  93 1  0  0 0 0 0 0  00000000
   7.446  4786 2405  93 1  0  0 0 0 0 0  00000000
   7.459  4782 2399  91 1  0  0 0 0 0 0  00000000
   7.471  4780 2378  90 1  0  0 0 0 0 0  00000000
   7.483  4779 2374  90 1  0  0 0 0 0 0  00000000
   7.496  4777 2372  91 1  0  0 0 0 0 0  00000000
   7.509  4777 2344  88 1  0  0 0 0 0 0  00000000
   7.520  4775 2325  88 1  0  0 0 0 0 0  00000000
   7.533  4773 2323  86 1  0  0 0 0 0 0  00000000
   7.546  4769 2285  86 1  0  0 0 0 0 0  00000000
   7.558  4768 2265  83 1  0  0 0 0 0 0  00000000
   7.571  4768 2243  81 1  0  0 0 0 0 0  00000000
   7.583  4768 2243  79 1  0  0 0 0 0 0  00000000
   7.596  4768 2208  74 1  0  0 0 0 0 0  00000000
   7.608  4741 2171  65 1  0  0 0 0 0 0  00000000
   7.619  4742 2138  55 1  0  0 0 0 0 0  00000000
   7.631  4742 2138   0 0  0  0 0 0 0 0  00000000
   7.868  4278 2490  84 1  0  0 0 0 0 0  00000000
   7.880  4278 2490  87 1  0  0 0 0 0 0  00000000
   7.893  4278 2512  91 1  0  0 0 0 0 0  00000000
   7.906  4277 2534  94 1  0  0 0 0 0 0  00000000
   7.930  4276 2534  95 1  0  0 0 0 0 0  00000000
   7.943  4274 2534  93 1  0  0 0 0 0 0  00000000
   7.956  4274 2512  93 1  0  0 0 0 0 0  00000000
   7.967  4274 2511  93 1  0  0 0 0 0 0  00000000
   7.980  4274 2489  91 1  0  0 0 0 0 0  00000000
   7.993  4274 2487  91 1  0  0 0 0 0 0  00000000
   8.004  4273 2481  91 1  0  0 0 0 0 0  00000000
   8.018  4273 2474  90 1  0  0 0 0 0 0  00000000
   8.029  4273 2443  89 1  0  0 0 0 0 0  00000000
   8.043  4273 2441  88 1  0  0 0 0 0 0  00000000
   8.055  4271 2439  89 1  0  0 0 0 0 0  00000000
   8.067  4269 2435  88 1  0  0 0 0 0 0  00000000
   8.079  4267 2414  89 1  0  0 0 0 0 0  00000000
   8.091  4265 2412  88 1  0  0 0 0 0 0  00000000
   8.105  4260 2388  87 1  0  0 0 0 0 0  00000000
   8.117  4256 2384  86 1  0  0 0 0 0 0  00000000
   8.130  4255 2362  85 1  0  0 0 0 0 0  00000000
   8.142  4255 2360  84 1  0  0 0 0 0 0  00000000
   8.154  4255 2354  84 1  0  0 0 0 0 0  00000000
   8.166  4236 2333  84 1  0  0 0 0 0 0  00000000
   8.178  4236 2332  83 1  0  0 0 0 0 0  00000000
   8.192  4236 2328  83 1  0  0 0 0 0 0  00000000
   8.203  4236 2307  81 1  0  0 0 0 0 0  00000000
   8.228  4236 2302  80 1  0  0 0 0 0 0  00000000
   8.240  4236 2275  80 1  0  0 0 0 0 0  00000000
   8.253  4236 2273  79 1  0  0 0 0 0 0  00000000
   8.266  4234 2253  78 1  0  0 0 0 0 0  00000000
   8.277  4234 2251  77 1  0  0 0 0 0 0  00000000
   8.290  4232 2245  77 1  0  0 0 0 0 0  00000000
   8.302  4230 2213  77 1  0  0 0 0 0 0  00000000
   8.316  4228 2213  75 1  0  0 0 0 0 0  00000000
   8.328  4226 2209  74 1  0  0 0 0 0 0  00000000
   8.340  4224 2185  74 1  0  0 0 0 0 0  00000000
   8.353  4224 2183  74 1  0  0 0 0 0 0  00000000
   8.364  4224 2177  73 1  0  0 0 0 0 0  00000000
   8.378  4224 2154  72 1  0  0 0 0 0 0  00000000
   8.389  4220 2152  71 1  0  0 0 0 0 0  00000000
   8.401  4215 2147  71 1  0  0 0 0 0 0  00000000
   8.411  4213 2145  71 1  0  0 0 0 0 0  00000000
   8.422  4212 2139  70 1  0  0 0 0 0 0  00000000
   8.440  4211 2111  69 1  0  0 0 0 0 0  00000000
   8.452  4209 2111  70 1  0  0 0 0 0 0  00000000
   8.465  4207 2109  69 1  0  0 0 0 0 0  00000000
   8.475  4206 2107  69 1  0  0 0 0 0 0  00000000
   8.512  4205 2106  70 1  0  0 0 0 0 0  00000000
   8.533  4203 2104  69 1  0  0 0 0 0 0  00000000
   8.551  4202 2103  69 1  0  0 0 0 0 0  00000000
   8.563  4202 2099  69 1  0  0 0 0 0 0  00000000
   8.576  4202 2097  69 1  0  0 0 0 0 0  00000000
   8.600  4197 2096  68 1  0  0 0 0 0 0  00000000
   8.613  4196 2096  69 1  0  0 0 0 0 0  00000000
   8.649  4196 2096  70 1  0  0 0 0 0 0  00000000
   8.670  4196 2097  69 1  0  0 0 0 0 0  00000000
   8.688  4196 2098  70 1  0  0 0 0 0 0  00000000
   8.700  4196 2103  70 1  0  0 0 0 0 0  00000000
   8.713  4196 2108  70 1  0  0 0 0 0 0  00000000
   8.724  4196 2113  70 1  0  0 0 0 0 0  00000000
   8.737  4196 2114  70 1  0  0 0 0 0 0  00000000
   8.749  4196 2118  70 1  0  0 0 0 0 0  00000000
   8.762  4196 2119  71 1  0  0 0 0 0 0  00000000
   8.774  4196 2120  70 1  0  0 0 0 0 0  00000000
   8.787  4196 2120  71 1  0  0 0 0 0 0  00000000
   8.799  4196 2120  70 1  0  0 0 0 0 0  00000000
   8.811  4196 2121  71 1  0  0 0 0 0 0  00000000
   8.824  4196 2122  71 1  0  0 0 0 0 0  00000000
   8.836  4196 2123  70 1  0  0 0 0 0 0  00000000
   8.849  4196 2124  71 1  0  0 0 0 0 0  00000000
   8.860  4194 2125  71 1  0  0 0 0 0 0  00000000
   8.873  4194 2126  71 1  0  0 0 0 0 0  00000000
   8.885  4194 2127  71 1  0  0 0 0 0 0  00000000
   8.897  4192 2128  71 1  0  0 0 0 0 0  00000000
   8.907  4192 2129  71 1  0  0 0 0 0 0  00000000
   8.924  4192 2130  71 1  0  0 0 0 0 0  00000000
   8.935  4192 2131  71 1  0  0 0 0 0 0  00000000
   8.947  4192 2132  71 1  0  0 0 0 0 0  00000000
   8.960  4192 2133  72 1  0  0 0 0 0 0  00000000
   8.973  4192 2133  71 1  0  0 0 0 0 0  00000000
   8.984  4192 2133  72 1  0  0 0 0 0 0  00000000
   9.023  4191 2133  72 1  0  0 0 0 0 0  00000000
   9.034  4191 2133  71 1  0  0 0 0 0 0  00000000
   9.047  4191 2133  72 1  0  0 0 0 0 0  00000000
   9.121  4191 2133  71 1  0  0 0 0 0 0  00000000
   9.146  4191 2133  72 1  0  0 0 0 0 0  00000000
   9.160  4191 2133  71 1  0  0 0 0 0 0  00000000
   9.171  4189 2133  71 1  0  0 0 0 0 0  00000000
   9.192  4189 2134  71 1  0  0 0 0 0 0  00000000
   9.220  4189 2134  72 1  0  0 0 0 0 0  00000000
   9.245  4189 2135  72 1  0  0 0 0 0 0  00000000
   9.258  4187 2136  72 1  0  0 0 0 0 0  00000000
   9.270  4187 2140  72 1  0  0 0 0 0 0  00000000
   9.280  4187 2141  72 1  0  0 0 0 0 0  00000000
   9.289  4187 2145  73 1  0  0 0 0 0 0  00000000
   9.307  4187 2151  73 1  0  0 0 0 0 0  00000000
   9.321  4185 2156  72 1  0  0 0 0 0 0  00000000
   9.332  4184 2160  73 1  0  0 0 0 0 0  00000000
   9.344  4184 2161  72 1  0  0 0 0 0 0  00000000
   9.354  4184 2162  72 1  0  0 0 0 0 0  00000000
   9.364  4182 2162  72 1  0  0 0 0 0 0  00000000
   9.382  4181 2161  72 1  0  0 0 0 0 0  00000000
   9.395  4180 2159  71 1  0  0 0 0 0 0  00000000
   9.407  4180 2153  70 1  0  0 0 0 0 0  00000000
   9.419  4176 2146  70 1  0  0 0 0 0 0  00000000
   9.432  4171 2119  68 1  0  0 0 0 0 0  00000000
   9.443  4169 2119  67 1  0  0 0 0 0 0  00000000
   9.457  4135 2119  63 1  0  0 0 0 0 0  00000000
   9.468  4133 2144  62 1  0  0 0 0 0 0  00000000
   9.481  4111 2192  59 1  0  0 0 0 0 0  00000000
   9.494  4082 2266  52 1  0  0 0 0 0 0  00000000
   9.506  4082 2266   0 0  0  0 0 0 0 0  00000000
