time	 y	 z	 f	 w	 l	 r	 u	 d	 m	 multi
   0.000  4791 2924   0 0  0  0 0 0 0 0  00000000
   1.223  3979 2968  79 1  0  0 0 0 0 0  00000000
   1.235  3979 2968  81 1  0  0 0 0 0 0  00000000
   1.261  3979 2992  76 1  0  0 0 0 0 0  00000000
   1.273  3978 3034  67 1  0  0 0 0 0 0  00000000
   1.286  3978 3034   0 0  0  0 0 0 0 0  00000000
   1.521  3763 3244  87 1  0  0 0 0 0 0  00000000
   1.534  3739 3208  84 1  0  0 0 0 0 0  00000000
   1.546  3713 3208  92 1  0  0 0 0 0 0  00000000
   1.558  3696 3225  96 1  0  0 0 0 0 0  00000000
   1.570  3696 3255  97 1  0  0 0 0 0 0  00000000
   1.607  3696 3255  95 1  0  0 0 0 0 0  00000000
   1.620  3697 3232  94 1  0  0 0 0 0 0  00000000
   1.632  3698 3212  93 1  0  0 0 0 0 0  00000000
   1.645  3704 3212  92 1  0  0 0 0 0 0  00000000
   1.657  3710 3211  89 1  0  0 0 0 0 0  00000000
   1.669  3716 3206  89 1  0  0 0 0 0 0  00000000
   1.682  3717 3205  89 1  0  0 0 0 0 0  00000000
   1.694  3717 3212  91 1  0  0 0 0 0 0  00000000
   1.707  3717 3219  93 1  0  0 0 0 0 0  00000000
   1.719  3715 3246  95 1  0  0 0 0 0 0  00000000
   1.732  3696 3247  97 1  0  0 0 0 0 0  00000000
   1.744  3696 3281  97 1  0  0 0 0 0 0  00000000
   1.756  3696 3281  98 1  0  0 0 0 0 0  00000000
   1.769  3696 3282  98 1  0  0 0 0 0 0  00000000
   1.781  3696 3301 100 1  0  0 0 0 0 0  00000000
   1.794  3696 3301  99 1  0  0 0 0 0 0  00000000
   1.806  3696 3301  98 1  0  0 0 0 0 0  00000000
   1.818  3696 3285  99 1  0  0 0 0 0 0  00000000
   1.830  3696 3285  97 1  0  0 0 0 0 0  00000000
   1.844  3696 3281  95 1  0  0 0 0 0 0  00000000
   1.856  3697 3276  91 1  0  0 0 0 0 0  00000000
   1.868  3721 3251  85 1  0  0 0 0 0 0  00000000
   1.880  3746 3234  78 1  0  0 0 0 0 0  00000000
   1.893  3791 3256  58 1  0  0 0 0 0 0  00000000
   1.906  3791 3256   0 0  0  0 0 0 0 0  00000000
   2.079  3819 3368  83 1  0  0 0 0 0 0  00000000
   2.091  3797 3368  90 1  0  0 0 0 0 0  00000000
   2.104  3797 3397  93 1  0  0 0 0 0 0  00000000
   2.115  3793 3417  95 1  0  0 0 0 0 0  00000000
   2.129  3792 3417  94 1  0  0 0 0 0 0  00000000
   2.140  3792 3417  89 1  0  0 0 0 0 0  00000000
   2.154  3837 3417  80 1  0  0 0 0 0 0  00000000
   2.166  3898 3417  67 1  0  0 0 0 0 0  00000000
   2.177  3898 3417   0 0  0  0 0 0 0 0  00000000
   2.315  4006 3490  50 1  0  0 0 0 0 0  00000000
   2.327  3895 3491  81 1  0  0 0 0 0 0  00000000
   2.340  3867 3492  86 1  0  0 0 0 0 0  00000000
   2.351  3847 3493  89 1  0  0 0 0 0 0  00000000
   2.364  3847 3517  91 1  0  0 0 0 0 0  00000000
   2.377  3847 3517  92 1  0  0 0 0 0 0  00000000
   2.389  3847 3517  91 1  0  0 0 0 0 0  00000000
   2.402  3847 3517  89 1  0  0 0 0 0 0  00000000
   2.415  3871 3492  85 1  0  0 0 0 0 0  00000000
   2.426  3910 3490  80 1  0  0 0 0 0 0  00000000
   2.439  3989 3490  70 1  0  0 0 0 0 0  00000000
   2.452  4060 3565  43 1  0  0 0 0 0 0  00000000
   2.462  4060 3565   0 0  0  0 0 0 0 0  00000000
   2.600  3688 3713  64 1  0  0 0 0 0 0  00000000
   2.614  3627 3713  83 1  0  0 0 0 0 0  00000000
   2.626  3580 3714  88 1  0  0 0 0 0 0  00000000
   2.637  3558 3738  90 1  0  0 0 0 0 0  00000000
   2.650  3558 3756  92 1  0  0 0 0 0 0  00000000
   2.662  3558 3756  89 1  0  0 0 0 0 0  00000000
   2.674  3559 3754  86 1  0  0 0 0 0 0  00000000
   2.686  3564 3722  79 1  0  0 0 0 0 0  00000000
   2.699  3611 3696  65 1  0  0 0 0 0 0  00000000
   2.711  3611 3696   0 0  0  0 0 0 0 0  00000000
   2.860  3772 3641  44 1  0  0 0 0 0 0  00000000
   2.873  3680 3641  80 1  0  0 0 0 0 0  00000000
   2.885  3651 3642  85 1  0  0 0 0 0 0  00000000
   2.898  3630 3674  89 1  0  0 0 0 0 0  00000000
   2.910  3630 3693  90 1  0  0 0 0 0 0  00000000
   2.924  3630 3693  88 1  0  0 0 0 0 0  00000000
   2.935  3631 3693  85 1  0  0 0 0 0 0  00000000
   2.947  3686 3693  79 1  0  0 0 0 0 0  00000000
   2.960  3777 3691  66 1  0  0 0 0 0 0  00000000
   2.973  3835 3716  45 1  0  0 0 0 0 0  00000000
   2.983  3835 3716   0 0  0  0 0 0 0 0  00000000
   3.121  3763 3812  71 1  0  0 0 0 0 0  00000000
   3.133  3724 3812  72 1  0  0 0 0 0 0  00000000
   3.146  3697 3812  79 1  0  0 0 0 0 0  00000000
   3.172  3697 3812  77 1  0  0 0 0 0 0  00000000
   3.184  3748 3813  68 1  0  0 0 0 0 0  00000000
   3.195  3837 3843  51 1  0  0 0 0 0 0  00000000
   3.207  3837 3843   0 0  0  0 0 0 0 0  00000000
   3.394  3801 3811  81 1  0  0 0 0 0 0  00000000
   3.410  3763 3772  82 1  0  0 0 0 0 0  00000000
   3.420  3739 3771  90 1  0  0 0 0 0 0  00000000
   3.431  3737 3770  93 1  0  0 0 0 0 0  00000000
   3.443  3712 3770  96 1  0  0 0 0 0 0  00000000
   3.456  3712 3770  95 1  0  0 0 0 0 0  00000000
   3.469  3712 3765  96 1  0  0 0 0 0 0  00000000
   3.482  3712 3760  96 1  0  0 0 0 0 0  00000000
   3.494  3712 3732  96 1  0  0 0 0 0 0  00000000
   3.507  3712 3732  95 1  0  0 0 0 0 0  00000000
   3.518  3713 3728  94 1  0  0 0 0 0 0  00000000
   3.531  3718 3723  93 1  0  0 0 0 0 0  00000000
   3.543  3719 3721  92 1  0  0 0 0 0 0  00000000
   3.555  3724 3721  90 1  0  0 0 0 0 0  00000000
   3.568  3725 3721  90 1  0  0 0 0 0 0  00000000
   3.580  3726 3721  90 1  0  0 0 0 0 0  00000000
   3.593  3727 3722  91 1  0  0 0 0 0 0  00000000
   3.605  3728 3723  92 1  0  0 0 0 0 0  00000000
   3.618  3728 3727  92 1  0  0 0 0 0 0  00000000
   3.630  3728 3728  92 1  0  0 0 0 0 0  00000000
   3.643  3728 3729  92 1  0  0 0 0 0 0  00000000
   3.655  3728 3729  93 1  0  0 0 0 0 0  00000000
   3.668  3728 3729  94 1  0  0 0 0 0 0  00000000
   3.680  3728 3729  93 1  0  0 0 0 0 0  00000000
   3.692  3728 3729  94 1  0  0 0 0 0 0  00000000
   3.704  3728 3727  94 1  0  0 0 0 0 0  00000000
   3.717  3728 3726  93 1  0  0 0 0 0 0  00000000
   3.729  3728 3724  93 1  0  0 0 0 0 0  00000000
   3.742  3728 3722  93 1  0  0 0 0 0 0  00000000
   3.755  3728 3717  94 1  0  0 0 0 0 0  00000000
   3.767  3728 3715  94 1  0  0 0 0 0 0  00000000
   3.791  3728 3714  93 1  0  0 0 0 0 0  00000000
   3.804  3728 3714  94 1  0  0 0 0 0 0  00000000
   3.816  3728 3710  93 1  0  0 0 0 0 0  00000000
   3.828  3728 3708  94 1  0  0 0 0 0 0  00000000
   3.841  3728 3706  93 1  0  0 0 0 0 0  00000000
   3.853  3728 3704  93 1  0  0 0 0 0 0  00000000
   3.866  3728 3699  93 1  0  0 0 0 0 0  00000000
   3.879  3728 3693  93 1  0  0 0 0 0 0  00000000
   3.892  3728 3691  96 1  0  0 0 0 0 0  00000000
   3.903  3726 3685  92 1  0  0 0 0 0 0  00000000
   3.915  3726 3683  94 1  0  0 0 0 0 0  00000000
   3.940  3726 3678  94 1  0  0 0 0 0 0  00000000
   3.953  3726 3673  93 1  0  0 0 0 0 0  00000000
   3.965  3726 3652  94 1  0  0 0 0 0 0  00000000
   3.979  3726 3652  93 1  0  0 0 0 0 0  00000000
   3.990  3726 3650  95 1  0  0 0 0 0 0  00000000
   4.003  3726 3645  93 1  0  0 0 0 0 0  00000000
   4.014  3726 3638  93 1  0  0 0 0 0 0  00000000
   4.027  3730 3632  94 1  0  0 0 0 0 0  00000000
   4.039  3730 3630  92 1  0  0 0 0 0 0  00000000
   4.052  3730 3629  93 1  0  0 0 0 0 0  00000000
   4.064  3730 3625  91 1  0  0 0 0 0 0  00000000
   4.077  3730 3624  90 1  0  0 0 0 0 0  00000000
   4.090  3730 3624  91 1  0  0 0 0 0 0  00000000
   4.102  3730 3622  92 1  0  0 0 0 0 0  00000000
   4.114  3730 3620  90 1  0  0 0 0 0 0  00000000
   4.127  3730 3620  92 1  0  0 0 0 0 0  00000000
   4.140  3731 3620  90 1  0  0 0 0 0 0  00000000
   4.152  3732 3620  89 1  0  0 0 0 0 0  00000000
   4.164  3755 3620  89 1  0  0 0 0 0 0  00000000
   4.177  3755 3627  82 1  0  0 0 0 0 0  00000000
   4.189  3825 3651  74 1  0  0 0 0 0 0  00000000
   4.202  3912 3729  52 1  0  0 0 0 0 0  00000000
   4.213  3912 3729   0 0  0  0 0 0 0 0  00000000
   4.462  3780 3789  62 1  0  0 0 0 0 0  00000000
   4.473  3699 3772  79 1  0  0 0 0 0 0  00000000
   4.487  3672 3772  87 1  0  0 0 0 0 0  00000000
   4.500  3656 3768  89 1  0  0 0 0 0 0  00000000
   4.511  3656 3764  91 1  0  0 0 0 0 0  00000000
   4.523  3656 3762  91 1  0  0 0 0 0 0  00000000
   4.536  3656 3733  91 1  0  0 0 0 0 0  00000000
   4.549  3673 3707  86 1  0  0 0 0 0 0  00000000
   4.561  3696 3681  79 1  0  0 0 0 0 0  00000000
   4.574  3802 3679  64 1  0  0 0 0 0 0  00000000
   4.584  3802 3679   0 0  0  0 0 0 0 0  00000000
   4.747  4251 3608  68 1  0  0 0 0 0 0  00000000
   4.760  4186 3586  79 1  0  0 0 0 0 0  00000000
   4.771  4157 3587  85 1  0  0 0 0 0 0  00000000
   4.784  4139 3612  89 1  0  0 0 0 0 0  00000000
   4.798  4108 3612  96 1  0  0 0 0 0 0  00000000
   4.810  4108 3613  95 1  0  0 0 0 0 0  00000000
   4.821  4108 3618  96 1  0  0 0 0 0 0  00000000
   4.834  4108 3618  95 1  0  0 0 0 0 0  00000000
   4.847  4108 3616  94 1  0  0 0 0 0 0  00000000
   4.859  4127 3592  90 1  0  0 0 0 0 0  00000000
   4.871  4127 3590  89 1  0  0 0 0 0 0  00000000
   4.883  4127 3589  89 1  0  0 0 0 0 0  00000000
   4.896  4127 3589  85 1  0  0 0 0 0 0  00000000
   4.909  4127 3589  87 1  0  0 0 0 0 0  00000000
   4.921  4127 3596  88 1  0  0 0 0 0 0  00000000
   4.934  4127 3600  89 1  0  0 0 0 0 0  00000000
   4.946  4122 3604  92 1  0  0 0 0 0 0  00000000
   4.958  4116 3608  92 1  0  0 0 0 0 0  00000000
   4.971  4114 3609  93 1  0  0 0 0 0 0  00000000
   4.983  4112 3632  94 1  0  0 0 0 0 0  00000000
   4.996  4110 3632  94 1  0  0 0 0 0 0  00000000
   5.008  4110 3632  93 1  0  0 0 0 0 0  00000000
   5.020  4110 3632  94 1  0  0 0 0 0 0  00000000
   5.033  4108 3632  94 1  0  0 0 0 0 0  00000000
   5.046  4108 3633  93 1  0  0 0 0 0 0  00000000
   5.057  4108 3637  93 1  0  0 0 0 0 0  00000000
   5.070  4108 3638  93 1  0  0 0 0 0 0  00000000
   5.083  4127 3643  88 1  0  0 0 0 0 0  00000000
   5.095  4127 3666  85 1  0  0 0 0 0 0  00000000
   5.108  4144 3666  80 1  0  0 0 0 0 0  00000000
   5.119  4144 3667  73 1  0  0 0 0 0 0  00000000
   5.131  4140 3695  58 1  0  0 0 0 0 0  00000000
   5.144  4140 3695   0 0  0  0 0 0 0 0  00000000
   5.529  3627 3888  47 1  0  0 0 0 0 0  00000000
   5.541  3541 3859  76 1  0  0 0 0 0 0  00000000
   5.553  3519 3859  81 1  0  0 0 0 0 0  00000000
   5.565  3487 3859  81 1  0  0 0 0 0 0  00000000
   5.590  3508 3859  82 1  0  0 0 0 0 0  00000000
   5.609  3526 3838  77 1  0  0 0 0 0 0  00000000
   5.628  3526 3838   0 0  0  0 0 0 0 0  00000000
   5.814  4153 3639  73 1  0  0 0 0 0 0  00000000
   5.826  4096 3617  81 1  0  0 0 0 0 0  00000000
   5.840  4058 3617  91 1  0  0 0 0 0 0  00000000
   5.851  4029 3617  92 1  0  0 0 0 0 0  00000000
   5.864  4027 3618  94 1  0  0 0 0 0 0  00000000
   5.877  4022 3618  95 1  0  0 0 0 0 0  00000000
   5.890  4022 3599  97 1  0  0 0 0 0 0  00000000
   5.901  4022 3583  96 1  0  0 0 0 0 0  00000000
   5.914  4022 3565  97 1  0  0 0 0 0 0  00000000
   5.925  4026 3539  96 1  0  0 0 0 0 0  00000000
   5.938  4027 3521  96 1  0  0 0 0 0 0  00000000
   5.951  4032 3504  95 1  0  0 0 0 0 0  00000000
   5.963  4037 3504  94 1  0  0 0 0 0 0  00000000
   5.976  4038 3504  94 1  0  0 0 0 0 0  00000000
   5.989  4039 3504  95 1  0  0 0 0 0 0  00000000
   6.001  4040 3504  96 1  0  0 0 0 0 0  00000000
   6.025  4040 3504  97 1  0  0 0 0 0 0  00000000
   6.038  4040 3504  98 1  0  0 0 0 0 0  00000000
   6.063  4039 3505  99 1  0  0 0 0 0 0  00000000
   6.086  4037 3505  99 1  0  0 0 0 0 0  00000000
   6.099  4035 3505 100 1  0  0 0 0 0 0  00000000
   6.112  4035 3505  99 1  0  0 0 0 0 0  00000000
   6.150  4033 3505  99 1  0  0 0 0 0 0  00000000
   6.174  4033 3505  98 1  0  0 0 0 0 0  00000000
   6.187  4033 3503  98 1  0  0 0 0 0 0  00000000
   6.211  4033 3499  98 1  0  0 0 0 0 0  00000000
   6.224  4033 3494  96 1  0  0 0 0 0 0  00000000
   6.236  4049 3467  93 1  0  0 0 0 0 0  00000000
   6.249  4149 3447  87 1  0  0 0 0 0 0  00000000
   6.262  4316 3421  81 1  0  0 0 0 0 0  00000000
   6.273  4441 3421  64 1  0  0 0 0 0 0  00000000
   6.285  4441 3421   0 0  0  0 0 0 0 0  00000000
   6.373  4441 3325  62 1  0  0 0 0 0 0  00000000
   6.386  4367 3364  88 1  0  0 0 0 0 0  00000000
   6.397  4331 3364  93 1  0  0 0 0 0 0  00000000
   6.410  4329 3382  97 1  0  0 0 0 0 0  00000000
   6.422  4327 3383  98 1  0  0 0 0 0 0  00000000
   6.435  4327 3384  96 1  0  0 0 0 0 0  00000000
   6.447  4331 3384  91 1  0  0 0 0 0 0  00000000
   6.460  4393 3363  81 1  0  0 0 0 0 0  00000000
   6.471  4483 3363  63 1  0  0 0 0 0 0  00000000
   6.484  4483 3363   0 0  0  0 0 0 0 0  00000000
   6.634  4385 3287  91 1  0  0 0 0 0 0  00000000
   6.649  4345 3286  91 1  0  0 0 0 0 0  00000000
   6.658  4314 3314  99 1  0  0 0 0 0 0  00000000
   6.670  4312 3333 100 1  0  0 0 0 0 0  00000000
   6.683  4306 3349 103 1  0  0 0 0 0 0  00000000
   6.695  4304 3349 103 1  0  0 0 0 0 0  00000000
   6.708  4302 3349 103 1  0  0 0 0 0 0  00000000
   6.732  4302 3326 102 1  0  0 0 0 0 0  00000000
   6.745  4302 3324 100 1  0  0 0 0 0 0  00000000
   6.758  4303 3318 100 1  0  0 0 0 0 0  00000000
   6.769  4308 3312  97 1  0  0 0 0 0 0  00000000
   6.782  4351 3306  95 1  0  0 0 0 0 0  00000000
   6.795  4414 3304  89 1  0  0 0 0 0 0  00000000
   6.807  4503 3299  78 1  0  0 0 0 0 0  00000000
   6.819  4526 3299  56 1  0  0 0 0 0 0  00000000
   6.831  4526 3299   0 0  0  0 0 0 0 0  00000000
   6.919  4302 3378  88 1  0  0 0 0 0 0  00000000
   6.931  4286 3394  91 1  0  0 0 0 0 0  00000000
   6.944  4266 3414  96 1  0  0 0 0 0 0  00000000
   6.957  4266 3431  97 1  0  0 0 0 0 0  00000000
   6.969  4266 3432  98 1  0  0 0 0 0 0  00000000
   6.980  4266 3433  97 1  0  0 0 0 0 0  00000000
   6.993  4267 3433  92 1  0  0 0 0 0 0  00000000
   7.005  4294 3410  84 1  0  0 0 0 0 0  00000000
   7.019  4324 3389  69 1  0  0 0 0 0 0  00000000
   7.030  4324 3389   0 0  0  0 0 0 0 0  00000000
   7.179  3958 3538  87 1  0  0 0 0 0 0  00000000
   7.192  3929 3538  89 1  0  0 0 0 0 0  00000000
   7.204  3902 3539  94 1  0  0 0 0 0 0  00000000
   7.217  3900 3573  96 1  0  0 0 0 0 0  00000000
   7.229  3898 3589  96 1  0  0 0 0 0 0  00000000
   7.253  3915 3560  92 1  0  0 0 0 0 0  00000000
   7.266  3947 3524  85 1  0  0 0 0 0 0  00000000
   7.279  4025 3499  73 1  0  0 0 0 0 0  00000000
   7.292  4124 3529  44 1  0  0 0 0 0 0  00000000
   7.303  4124 3529   0 0  0  0 0 0 0 0  00000000
   7.490  4253 3471  90 1  0  0 0 0 0 0  00000000
   7.502  4223 3471  89 1  0  0 0 0 0 0  00000000
   7.515  4200 3497  94 1  0  0 0 0 0 0  00000000
   7.527  4200 3521  94 1  0  0 0 0 0 0  00000000
   7.539  4200 3521  92 1  0  0 0 0 0 0  00000000
   7.552  4224 3489  86 1  0  0 0 0 0 0  00000000
   7.564  4283 3464  67 1  0  0 0 0 0 0  00000000
   7.574  4283 3464   0 0  0  0 0 0 0 0  00000000
   7.725  4204 3509  77 1  0  0 0 0 0 0  00000000
   7.737  4126 3530  87 1  0  0 0 0 0 0  00000000
   7.750  4086 3558  95 1  0  0 0 0 0 0  00000000
   7.763  4064 3593  99 1  0  0 0 0 0 0  00000000
   7.774  4064 3594 101 1  0  0 0 0 0 0  00000000
   7.787  4064 3595 102 1  0  0 0 0 0 0  00000000
   7.800  4064 3596 102 1  0  0 0 0 0 0  00000000
   7.813  4063 3597 102 1  0  0 0 0 0 0  00000000
   7.825  4063 3597 101 1  0  0 0 0 0 0  00000000
   7.837  4063 3573 100 1  0  0 0 0 0 0  00000000
   7.850  4063 3571  99 1  0  0 0 0 0 0  00000000
   7.862  4063 3546  97 1  0  0 0 0 0 0  00000000
   7.875  4064 3546  97 1  0  0 0 0 0 0  00000000
   7.886  4065 3544  95 1  0  0 0 0 0 0  00000000
   7.899  4066 3539  95 1  0  0 0 0 0 0  00000000
   7.912  4067 3537  96 1  0  0 0 0 0 0  00000000
   7.923  4068 3537  97 1  0  0 0 0 0 0  00000000
   7.936  4069 3537  98 1  0  0 0 0 0 0  00000000
   7.949  4070 3537  98 1  0  0 0 0 0 0  00000000
   7.973  4070 3537  99 1  0  0 0 0 0 0  00000000
   8.135  4070 3537 100 1  0  0 0 0 0 0  00000000
   8.197  4070 3532 100 1  0  0 0 0 0 0  00000000
   8.210  4070 3530 101 1  0  0 0 0 0 0  00000000
   8.222  4070 3528 100 1  0  0 0 0 0 0  00000000
   8.235  4070 3526 101 1  0  0 0 0 0 0  00000000
   8.247  4070 3521 100 1  0  0 0 0 0 0  00000000
   8.258  4070 3519 100 1  0  0 0 0 0 0  00000000
   8.271  4070 3519 101 1  0  0 0 0 0 0  00000000
   8.284  4070 3518 100 1  0  0 0 0 0 0  00000000
   8.297  4070 3513 101 1  0  0 0 0 0 0  00000000
   8.308  4070 3511 100 1  0  0 0 0 0 0  00000000
   8.321  4070 3509 100 1  0  0 0 0 0 0  00000000
   8.333  4070 3508 100 1  0  0 0 0 0 0  00000000
   8.346  4070 3508 101 1  0  0 0 0 0 0  00000000
   8.359  4070 3506 100 1  0  0 0 0 0 0  00000000
   8.372  4070 3505 101 1  0  0 0 0 0 0  00000000
   8.396  4070 3505 102 1  0  0 0 0 0 0  00000000
   8.433  4070 3505 101 1  0  0 0 0 0 0  00000000
   8.445  4070 3505 102 1  0  0 0 0 0 0  00000000
   8.457  4070 3505 101 1  0  0 0 0 0 0  00000000
   8.470  4070 3505 102 1  0  0 0 0 0 0  00000000
   8.482  4070 3505 101 1  0  0 0 0 0 0  00000000
   8.492  4071 3505 101 1  0  0 0 0 0 0  00000000
   8.502  4071 3505 102 1  0  0 0 0 0 0  00000000
   8.520  4071 3505 101 1  0  0 0 0 0 0  00000000
   8.533  4072 3505 101 1  0  0 0 0 0 0  00000000
   8.545  4073 3505 101 1  0  0 0 0 0 0  00000000
   8.557  4073 3509 102 1  0  0 0 0 0 0  00000000
   8.569  4073 3510 101 1  0  0 0 0 0 0  00000000
   8.581  4073 3511 101 1  0  0 0 0 0 0  00000000
   8.594  4073 3512 102 1  0  0 0 0 0 0  00000000
   8.605  4073 3518 101 1  0  0 0 0 0 0  00000000
   8.618  4073 3519 101 1  0  0 0 0 0 0  00000000
   8.632  4073 3520 102 1  0  0 0 0 0 0  00000000
   8.644  4073 3521 101 1  0  0 0 0 0 0  00000000
   8.656  4073 3522 101 1  0  0 0 0 0 0  00000000
   8.668  4073 3523 100 1  0  0 0 0 0 0  00000000
   8.682  4073 3524 101 1  0  0 0 0 0 0  00000000
   8.693  4073 3529 101 1  0  0 0 0 0 0  00000000
   8.706  4073 3530 101 1  0  0 0 0 0 0  00000000
   8.718  4073 3530 102 1  0  0 0 0 0 0  00000000
   8.731  4073 3530 103 1  0  0 0 0 0 0  00000000
   8.743  4073 3530 102 1  0  0 0 0 0 0  00000000
   8.756  4073 3530 103 1  0  0 0 0 0 0  00000000
   8.768  4073 3529 102 1  0  0 0 0 0 0  00000000
   8.780  4073 3528 103 1  0  0 0 0 0 0  00000000
   8.794  4073 3526 102 1  0  0 0 0 0 0  00000000
   8.806  4073 3504 102 1  0  0 0 0 0 0  00000000
   8.830  4073 3504 103 1  0  0 0 0 0 0  00000000
   8.841  4074 3504 102 1  0  0 0 0 0 0  00000000
   8.868  4075 3504 103 1  0  0 0 0 0 0  00000000
   8.880  4076 3504 103 1  0  0 0 0 0 0  00000000
   8.905  4077 3504 102 1  0  0 0 0 0 0  00000000
   8.917  4077 3504 103 1  0  0 0 0 0 0  00000000
   8.942  4077 3504 102 1  0  0 0 0 0 0  00000000
   8.955  4077 3505 102 1  0  0 0 0 0 0  00000000
   8.966  4077 3510 102 1  0  0 0 0 0 0  00000000
   8.978  4077 3511 100 1  0  0 0 0 0 0  00000000
   8.988  4077 3512 100 1  0  0 0 0 0 0  00000000
   9.004  4134 3505  85 1  0  0 0 0 0 0  00000000
   9.016  4177 3503  63 1  0  0 0 0 0 0  00000000
   9.027  4177 3503   0 0  0  0 0 0 0 0  00000000
