time	 y	 z	 f	 w	 l	 r	 u	 d	 m	 multi
   0.000  3833 2223   0 0  0  0 0 0 0 0  00000000
   3.420  3485 2831  75 1  0  0 0 0 0 0  00000000
   3.440  3485 2829  78 1  0  0 0 0 0 0  00000000
   3.459  3485 2798  76 1  0  0 0 0 0 0  00000000
   3.471  3512 2777  70 1  0  0 0 0 0 0  00000000
   3.483  3513 2798  53 1  0  0 0 0 0 0  00000000
   3.495  3513 2798   0 0  0  0 0 0 0 0  00000000
   3.769  3674 2714  78 1  0  0 0 0 0 0  00000000
   3.781  3672 2697  77 1  0  0 0 0 0 0  00000000
   3.793  3670 2697  79 1  0  0 0 0 0 0  00000000
   3.806  3670 2698  79 1  0  0 0 0 0 0  00000000
   3.819  3670 2699  77 1  0  0 0 0 0 0  00000000
   3.831  3670 2728  72 1  0  0 0 0 0 0  00000000
   3.843  3700 2765  62 1  0  0 0 0 0 0  00000000
   3.855  3700 2765   0 0  0  0 0 0 0 0  00000000
   4.105  3643 2820  75 1  0  0 0 0 0 0  00000000
   4.116  3643 2795  75 1  0  0 0 0 0 0  00000000
   4.128  3641 2795  77 1  0  0 0 0 0 0  00000000
   4.140  3639 2795  77 1  0  0 0 0 0 0  00000000
   4.153  3638 2791  73 1  0  0 0 0 0 0  00000000
   4.166  3638 2790  65 1  0  0 0 0 0 0  00000000
   4.178  3638 2790   0 0  0  0 0 0 0 0  00000000
   4.413  3443 2972  73 1  0  0 0 0 0 0  00000000
   4.426  3443 2972  75 1  0  0 0 0 0 0  00000000
   4.439  3443 2972  76 1  0  0 0 0 0 0  00000000
   4.451  3441 2972  75 1  0  0 0 0 0 0  00000000
   4.463  3441 2972  73 1  0  0 0 0 0 0  00000000
   4.476  3442 2973  68 1  0  0 0 0 0 0  00000000
   4.487  3490 3034  47 1  0  0 0 0 0 0  00000000
   4.499  3490 3034   0 0  0  0 0 0 0 0  00000000
   4.749  3712 2873  57 1  0  0 0 0 0 0  00000000
   4.760  3638 2830  75 1  0  0 0 0 0 0  00000000
   4.774  3636 2830  79 1  0  0 0 0 0 0  00000000
   4.786  3635 2830  79 1  0  0 0 0 0 0  00000000
   4.799  3635 2830  80 1  0  0 0 0 0 0  00000000
   4.811  3633 2834  80 1  0  0 0 0 0 0  00000000
   4.823  3631 2839  80 1  0  0 0 0 0 0  00000000
   4.836  3631 2843  79 1  0  0 0 0 0 0  00000000
   4.847  3631 2844  79 1  0  0 0 0 0 0  00000000
   4.860  3631 2845  78 1  0  0 0 0 0 0  00000000
   4.873  3631 2846  79 1  0  0 0 0 0 0  00000000
   4.885  3631 2847  78 1  0  0 0 0 0 0  00000000
   4.910  3631 2848  77 1  0  0 0 0 0 0  00000000
   4.923  3631 2848  78 1  0  0 0 0 0 0  00000000
   4.935  3631 2848  79 1  0  0 0 0 0 0  00000000
   4.960  3630 2849  79 1  0  0 0 0 0 0  00000000
   4.972  3630 2853  80 1  0  0 0 0 0 0  00000000
   4.985  3630 2857  81 1  0  0 0 0 0 0  00000000
   4.998  3628 2858  81 1  0  0 0 0 0 0  00000000
   5.009  3626 2859  80 1  0  0 0 0 0 0  00000000
   5.034  3626 2859  81 1  0  0 0 0 0 0  00000000
   5.046  3626 2859  80 1  0  0 0 0 0 0  00000000
   5.059  3626 2860  80 1  0  0 0 0 0 0  00000000
   5.071  3626 2860  81 1  0  0 0 0 0 0  00000000
   5.084  3626 2861  81 1  0  0 0 0 0 0  00000000
   5.096  3626 2862  81 1  0  0 0 0 0 0  00000000
   5.109  3626 2863  82 1  0  0 0 0 0 0  00000000
   5.120  3626 2863  81 1  0  0 0 0 0 0  00000000
   5.133  3626 2864  81 1  0  0 0 0 0 0  00000000
   5.146  3626 2865  81 1  0  0 0 0 0 0  00000000
   5.158  3626 2865  82 1  0  0 0 0 0 0  00000000
   5.171  3626 2866  81 1  0  0 0 0 0 0  00000000
   5.183  3626 2866  82 1  0  0 0 0 0 0  00000000
   5.220  3626 2866  83 1  0  0 0 0 0 0  00000000
   5.233  3626 2867  82 1  0  0 0 0 0 0  00000000
   5.246  3626 2868  82 1  0  0 0 0 0 0  00000000
   5.257  3626 2869  82 1  0  0 0 0 0 0  00000000
   5.270  3626 2870  82 1  0  0 0 0 0 0  00000000
   5.283  3626 2871  83 1  0  0 0 0 0 0  00000000
   5.295  3626 2871  82 1  0  0 0 0 0 0  00000000
   5.307  3626 2871  83 1  0  0 0 0 0 0  00000000
   5.319  3626 2872  83 1  0  0 0 0 0 0  00000000
   5.382  3626 2873  83 1  0  0 0 0 0 0  00000000
   5.394  3626 2874  83 1  0  0 0 0 0 0  00000000
   5.407  3626 2875  83 1  0  0 0 0 0 0  00000000
   5.419  3626 2876  83 1  0  0 0 0 0 0  00000000
   5.431  3626 2877  82 1  0  0 0 0 0 0  00000000
   5.456  3626 2875  80 1  0  0 0 0 0 0  00000000
   5.469  3630 2837  75 1  0  0 0 0 0 0  00000000
   5.480  3635 2837  70 1  0  0 0 0 0 0  00000000
   5.494  3639 2838  44 1  0  0 0 0 0 0  00000000
   5.504  3639 2838   0 0  0  0 0 0 0 0  00000000
   5.716  3705 2839  58 1  0  0 0 0 0 0  00000000
   5.729  3638 2778  74 1  0  0 0 0 0 0  00000000
   5.741  3636 2778  78 1  0  0 0 0 0 0  00000000
   5.754  3631 2778  79 1  0  0 0 0 0 0  00000000
   5.767  3629 2778  79 1  0  0 0 0 0 0  00000000
   5.779  3627 2778  77 1  0  0 0 0 0 0  00000000
   5.791  3627 2799  73 1  0  0 0 0 0 0  00000000
   5.803  3627 2837  59 1  0  0 0 0 0 0  00000000
   5.828  3627 2837   0 0  0  0 0 0 0 0  00000000
   6.026  3553 3055  44 1  0  0 0 0 0 0  00000000
   6.039  3467 2996  71 1  0  0 0 0 0 0  00000000
   6.052  3467 2947  77 1  0  0 0 0 0 0  00000000
   6.064  3443 2928  76 1  0  0 0 0 0 0  00000000
   6.076  3443 2928  79 1  0  0 0 0 0 0  00000000
   6.095  3463 2923  77 1  0  0 0 0 0 0  00000000
   6.114  3463 2943  55 1  0  0 0 0 0 0  00000000
   6.126  3463 2943   0 0  0  0 0 0 0 0  00000000
   6.324  3261 3063  69 1  0  0 0 0 0 0  00000000
   6.337  3203 2976  76 1  0  0 0 0 0 0  00000000
   6.350  3170 2954  80 1  0  0 0 0 0 0  00000000
   6.362  3153 2950  81 1  0  0 0 0 0 0  00000000
   6.374  3153 2949  80 1  0  0 0 0 0 0  00000000
   6.387  3154 2945  77 1  0  0 0 0 0 0  00000000
   6.399  3138 2966  68 1  0  0 0 0 0 0  00000000
   6.412  3138 3040  43 1  0  0 0 0 0 0  00000000
   6.422  3138 3040   0 0  0  0 0 0 0 0  00000000
   6.622  3366 3106  77 1  0  0 0 0 0 0  00000000
   6.635  3362 3040  77 1  0  0 0 0 0 0  00000000
   6.647  3339 3016  79 1  0  0 0 0 0 0  00000000
   6.672  3339 3016  78 1  0  0 0 0 0 0  00000000
   6.684  3339 3049  73 1  0  0 0 0 0 0  00000000
   6.697  3339 3115  61 1  0  0 0 0 0 0  00000000
   6.709  3339 3115   0 0  0  0 0 0 0 0  00000000
   6.920  3218 3334  77 1  0  0 0 0 0 0  00000000
   6.932  3216 3255  77 1  0  0 0 0 0 0  00000000
   6.944  3186 3234  79 1  0  0 0 0 0 0  00000000
   6.957  3186 3234  78 1  0  0 0 0 0 0  00000000
   6.969  3186 3235  75 1  0  0 0 0 0 0  00000000
   6.982  3157 3315  67 1  0  0 0 0 0 0  00000000
   6.995  3157 3315   0 0  0  0 0 0 0 0  00000000
   7.243  3132 3245  78 1  0  0 0 0 0 0  00000000
   7.255  3130 3212  78 1  0  0 0 0 0 0  00000000
   7.266  3124 3186  81 1  0  0 0 0 0 0  00000000
   7.279  3122 3185  81 1  0  0 0 0 0 0  00000000
   7.292  3120 3183  81 1  0  0 0 0 0 0  00000000
   7.318  3120 3178  80 1  0  0 0 0 0 0  00000000
   7.330  3118 3158  77 1  0  0 0 0 0 0  00000000
   7.342  3118 3159  79 1  0  0 0 0 0 0  00000000
   7.355  3119 3164  77 1  0  0 0 0 0 0  00000000
   7.367  3125 3187  75 1  0  0 0 0 0 0  00000000
   7.380  3131 3187  75 1  0  0 0 0 0 0  00000000
   7.392  3137 3206  74 1  0  0 0 0 0 0  00000000
   7.404  3138 3206  75 1  0  0 0 0 0 0  00000000
   7.417  3139 3206  76 1  0  0 0 0 0 0  00000000
   7.429  3140 3210  77 1  0  0 0 0 0 0  00000000
   7.441  3141 3214  78 1  0  0 0 0 0 0  00000000
   7.454  3142 3215  79 1  0  0 0 0 0 0  00000000
   7.466  3143 3219  79 1  0  0 0 0 0 0  00000000
   7.478  3143 3220  80 1  0  0 0 0 0 0  00000000
   7.491  3143 3221  80 1  0  0 0 0 0 0  00000000
   7.504  3143 3221  79 1  0  0 0 0 0 0  00000000
   7.541  3143 3216  79 1  0  0 0 0 0 0  00000000
   7.553  3143 3214  79 1  0  0 0 0 0 0  00000000
   7.565  3143 3209  79 1  0  0 0 0 0 0  00000000
   7.578  3143 3204  79 1  0  0 0 0 0 0  00000000
   7.590  3143 3198  79 1  0  0 0 0 0 0  00000000
   7.603  3143 3192  79 1  0  0 0 0 0 0  00000000
   7.615  3143 3186  79 1  0  0 0 0 0 0  00000000
   7.626  3143 3180  78 1  0  0 0 0 0 0  00000000
   7.639  3143 3178  79 1  0  0 0 0 0 0  00000000
   7.652  3143 3176  79 1  0  0 0 0 0 0  00000000
   7.689  3143 3171  79 1  0  0 0 0 0 0  00000000
   7.702  3143 3166  79 1  0  0 0 0 0 0  00000000
   7.714  3143 3164  79 1  0  0 0 0 0 0  00000000
   7.726  3143 3162  78 1  0  0 0 0 0 0  00000000
   7.739  3143 3156  76 1  0  0 0 0 0 0  00000000
   7.751  3143 3154  76 1  0  0 0 0 0 0  00000000
   7.764  3143 3152  77 1  0  0 0 0 0 0  00000000
   7.776  3167 3152  74 1  0  0 0 0 0 0  00000000
   7.790  3187 3172  73 1  0  0 0 0 0 0  00000000
   7.802  3259 3156  66 1  0  0 0 0 0 0  00000000
   7.813  3339 3154  47 1  0  0 0 0 0 0  00000000
   7.824  3339 3154   0 0  0  0 0 0 0 0  00000000
   7.937  3339 2996  76 1  0  0 0 0 0 0  00000000
   7.950  3337 2996  78 1  0  0 0 0 0 0  00000000
   7.963  3315 2996  80 1  0  0 0 0 0 0  00000000
   7.974  3315 2996  81 1  0  0 0 0 0 0  00000000
   7.999  3315 3014  80 1  0  0 0 0 0 0  00000000
   8.025  3315 3014  79 1  0  0 0 0 0 0  00000000
   8.037  3316 3015  78 1  0  0 0 0 0 0  00000000
   8.050  3317 3021  77 1  0  0 0 0 0 0  00000000
   8.062  3318 3022  78 1  0  0 0 0 0 0  00000000
   8.075  3319 3028  78 1  0  0 0 0 0 0  00000000
   8.087  3320 3033  79 1  0  0 0 0 0 0  00000000
   8.098  3320 3037  79 1  0  0 0 0 0 0  00000000
   8.111  3320 3038  79 1  0  0 0 0 0 0  00000000
   8.123  3320 3039  80 1  0  0 0 0 0 0  00000000
   8.138  3320 3040  80 1  0  0 0 0 0 0  00000000
   8.148  3321 3041  80 1  0  0 0 0 0 0  00000000
   8.161  3321 3045  81 1  0  0 0 0 0 0  00000000
   8.173  3321 3046  80 1  0  0 0 0 0 0  00000000
   8.186  3321 3047  80 1  0  0 0 0 0 0  00000000
   8.198  3321 3048  80 1  0  0 0 0 0 0  00000000
   8.223  3321 3048  79 1  0  0 0 0 0 0  00000000
   8.235  3321 3048  80 1  0  0 0 0 0 0  00000000
   8.248  3321 3048  79 1  0  0 0 0 0 0  00000000
   8.273  3321 3048  78 1  0  0 0 0 0 0  00000000
   8.284  3339 3048  74 1  0  0 0 0 0 0  00000000
   8.297  3357 3048  58 1  0  0 0 0 0 0  00000000
   8.308  3357 3048   0 0  0  0 0 0 0 0  00000000
   8.607  2941 3291  81 1  0  0 0 0 0 0  00000000
   8.620  2939 3246  80 1  0  0 0 0 0 0  00000000
   8.633  2933 3242  82 1  0  0 0 0 0 0  00000000
   8.644  2928 3220  84 1  0  0 0 0 0 0  00000000
   8.657  2926 3220  83 1  0  0 0 0 0 0  00000000
   8.669  2926 3218  80 1  0  0 0 0 0 0  00000000
   8.682  2926 3216  81 1  0  0 0 0 0 0  00000000
   8.695  2950 3216  77 1  0  0 0 0 0 0  00000000
   8.707  2971 3216  75 1  0  0 0 0 0 0  00000000
   8.719  3000 3233  73 1  0  0 0 0 0 0  00000000
   8.731  3050 3233  67 1  0  0 0 0 0 0  00000000
   8.744  3094 3254  59 1  0  0 0 0 0 0  00000000
   8.756  3094 3254   0 0  0  0 0 0 0 0  00000000
   8.930  3046 3234  75 1  0  0 0 0 0 0  00000000
   8.943  3027 3234  79 1  0  0 0 0 0 0  00000000
   8.954  3027 3234  80 1  0  0 0 0 0 0  00000000
   8.980  3027 3234  79 1  0  0 0 0 0 0  00000000
   8.992  3027 3234  77 1  0  0 0 0 0 0  00000000
   9.004  3028 3260  73 1  0  0 0 0 0 0  00000000
   9.016  3057 3279  63 1  0  0 0 0 0 0  00000000
   9.028  3057 3279   0 0  0  0 0 0 0 0  00000000
   9.203  3098 3330  63 1  0  0 0 0 0 0  00000000
   9.216  3048 3289  74 1  0  0 0 0 0 0  00000000
   9.228  3048 3287  77 1  0  0 0 0 0 0  00000000
   9.241  3046 3267  79 1  0  0 0 0 0 0  00000000
   9.253  3044 3267  79 1  0  0 0 0 0 0  00000000
   9.265  3043 3267  79 1  0  0 0 0 0 0  00000000
   9.277  3043 3267  77 1  0  0 0 0 0 0  00000000
   9.291  3050 3286  72 1  0  0 0 0 0 0  00000000
   9.302  3076 3321  56 1  0  0 0 0 0 0  00000000
   9.314  3076 3321   0 0  0  0 0 0 0 0  00000000
   9.513  3016 3433  76 1  0  0 0 0 0 0  00000000
   9.526  3014 3399  77 1  0  0 0 0 0 0  00000000
   9.537  3009 3397  79 1  0  0 0 0 0 0  00000000
   9.550  3007 3397  79 1  0  0 0 0 0 0  00000000
   9.562  3007 3397  77 1  0  0 0 0 0 0  00000000
   9.576  3007 3397  74 1  0  0 0 0 0 0  00000000
   9.587  3032 3417  67 1  0  0 0 0 0 0  00000000
   9.600  3033 3501  38 1  0  0 0 0 0 0  00000000
   9.610  3033 3501   0 0  0  0 0 0 0 0  00000000
   9.824  2931 3428  79 1  0  0 0 0 0 0  00000000
   9.836  2929 3402  79 1  0  0 0 0 0 0  00000000
   9.848  2924 3400  80 1  0  0 0 0 0 0  00000000
   9.861  2923 3395  80 1  0  0 0 0 0 0  00000000
   9.872  2923 3391  79 1  0  0 0 0 0 0  00000000
   9.885  2923 3390  76 1  0  0 0 0 0 0  00000000
   9.898  2951 3390  71 1  0  0 0 0 0 0  00000000
   9.909  2979 3391  51 1  0  0 0 0 0 0  00000000
   9.922  2979 3391   0 0  0  0 0 0 0 0  00000000
  10.134  2977 3330  78 1  0  0 0 0 0 0  00000000
  10.147  2955 3308  78 1  0  0 0 0 0 0  00000000
  10.159  2955 3306  80 1  0  0 0 0 0 0  00000000
  10.171  2953 3305  81 1  0  0 0 0 0 0  00000000
  10.184  2953 3300  77 1  0  0 0 0 0 0  00000000
  10.197  2970 3300  72 1  0  0 0 0 0 0  00000000
  10.207  2970 3349  49 1  0  0 0 0 0 0  00000000
  10.221  2970 3349   0 0  0  0 0 0 0 0  00000000
  10.481  2937 3455  79 1  0  0 0 0 0 0  00000000
  10.493  2920 3433  78 1  0  0 0 0 0 0  00000000
  10.505  2920 3415  81 1  0  0 0 0 0 0  00000000
  10.519  2920 3415  82 1  0  0 0 0 0 0  00000000
  10.530  2921 3415  82 1  0  0 0 0 0 0  00000000
  10.543  2922 3416  82 1  0  0 0 0 0 0  00000000
  10.555  2922 3417  81 1  0  0 0 0 0 0  00000000
  10.568  2922 3418  81 1  0  0 0 0 0 0  00000000
  10.581  2923 3419  80 1  0  0 0 0 0 0  00000000
  10.593  2923 3420  79 1  0  0 0 0 0 0  00000000
  10.606  2924 3426  79 1  0  0 0 0 0 0  00000000
  10.617  2925 3427  80 1  0  0 0 0 0 0  00000000
  10.630  2925 3433  80 1  0  0 0 0 0 0  00000000
  10.643  2925 3439  81 1  0  0 0 0 0 0  00000000
  10.655  2925 3444  81 1  0  0 0 0 0 0  00000000
  10.667  2925 3445  82 1  0  0 0 0 0 0  00000000
  10.679  2925 3451  82 1  0  0 0 0 0 0  00000000
  10.691  2925 3457  83 1  0  0 0 0 0 0  00000000
  10.704  2925 3461  83 1  0  0 0 0 0 0  00000000
  10.717  2924 3462  83 1  0  0 0 0 0 0  00000000
  10.730  2924 3466  83 1  0  0 0 0 0 0  00000000
  10.742  2924 3467  84 1  0  0 0 0 0 0  00000000
  10.753  2922 3468  84 1  0  0 0 0 0 0  00000000
  10.767  2922 3469  82 1  0  0 0 0 0 0  00000000
  10.791  2922 3469  83 1  0  0 0 0 0 0  00000000
  10.816  2922 3469  82 1  0  0 0 0 0 0  00000000
  10.828  2922 3469  83 1  0  0 0 0 0 0  00000000
  10.840  2922 3467  83 1  0  0 0 0 0 0  00000000
  10.878  2922 3467  82 1  0  0 0 0 0 0  00000000
  10.891  2922 3467  83 1  0  0 0 0 0 0  00000000
  10.927  2922 3465  84 1  0  0 0 0 0 0  00000000
  10.940  2922 3463  83 1  0  0 0 0 0 0  00000000
  10.952  2922 3459  83 1  0  0 0 0 0 0  00000000
  10.965  2922 3458  83 1  0  0 0 0 0 0  00000000
  10.978  2922 3456  83 1  0  0 0 0 0 0  00000000
  10.989  2922 3454  83 1  0  0 0 0 0 0  00000000
  11.015  2922 3454  84 1  0  0 0 0 0 0  00000000
  11.027  2922 3453  83 1  0  0 0 0 0 0  00000000
  11.040  2922 3451  83 1  0  0 0 0 0 0  00000000
  11.065  2922 3449  83 1  0  0 0 0 0 0  00000000
  11.089  2922 3449  84 1  0  0 0 0 0 0  00000000
  11.102  2922 3449  83 1  0  0 0 0 0 0  00000000
  11.114  2922 3449  82 1  0  0 0 0 0 0  00000000
  11.127  2922 3449  83 1  0  0 0 0 0 0  00000000
  11.164  2922 3448  83 1  0  0 0 0 0 0  00000000
  11.176  2922 3447  83 1  0  0 0 0 0 0  00000000
  11.189  2922 3445  83 1  0  0 0 0 0 0  00000000
  11.201  2922 3445  84 1  0  0 0 0 0 0  00000000
  11.213  2922 3443  83 1  0  0 0 0 0 0  00000000
  11.251  2922 3441  83 1  0  0 0 0 0 0  00000000
  11.263  2922 3416  80 1  0  0 0 0 0 0  00000000
  11.276  2922 3384  76 1  0  0 0 0 0 0  00000000
  11.288  2922 3382  68 1  0  0 0 0 0 0  00000000
  11.299  2923 3389  41 1  0  0 0 0 0 0  00000000
  11.310  2923 3389   0 0  0  0 0 0 0 0  00000000
  12.081  3083 3156  70 1  0  0 0 0 0 0  00000000
  12.093  3084 3105  71 1  0  0 0 0 0 0  00000000
  12.106  3085 3089  71 1  0  0 0 0 0 0  00000000
  12.118  3085 3105  69 1  0  0 0 0 0 0  00000000
  12.131  3113 3105  47 1  0  0 0 0 0 0  00000000
  12.142  3113 3105   0 0  0  0 0 0 0 0  00000000
  12.218  3094 3097  68 1  0  0 0 0 0 0  00000000
  12.230  3092 3049  71 1  0  0 0 0 0 0  00000000
  12.244  3085 3033  72 1  0  0 0 0 0 0  00000000
  12.255  3079 3033  72 1  0  0 0 0 0 0  00000000
  12.269  3077 3034  72 1  0  0 0 0 0 0  00000000
  12.280  3075 3055  70 1  0  0 0 0 0 0  00000000
  12.292  3075 3105  64 1  0  0 0 0 0 0  00000000
  12.305  3071 3166  56 1  0  0 0 0 0 0  00000000
  12.317  3071 3166   0 0  0  0 0 0 0 0  00000000
  12.540  3022 3098  72 1  0  0 0 0 0 0  00000000
  12.553  3022 3064  73 1  0  0 0 0 0 0  00000000
  12.565  3022 3048  73 1  0  0 0 0 0 0  00000000
  12.578  3020 3048  73 1  0  0 0 0 0 0  00000000
  12.590  3020 3069  74 1  0  0 0 0 0 0  00000000
  12.603  3020 3089  72 1  0  0 0 0 0 0  00000000
  12.615  3019 3123  68 1  0  0 0 0 0 0  00000000
  12.627  3000 3177  61 1  0  0 0 0 0 0  00000000
  12.640  3000 3177   0 0  0  0 0 0 0 0  00000000
  12.888  3154 2874  76 1  0  0 0 0 0 0  00000000
  12.900  3154 2831  75 1  0  0 0 0 0 0  00000000
  12.913  3154 2799  76 1  0  0 0 0 0 0  00000000
  12.926  3154 2799  77 1  0  0 0 0 0 0  00000000
  12.938  3154 2821  75 1  0  0 0 0 0 0  00000000
  12.951  3154 2843  74 1  0  0 0 0 0 0  00000000
  12.962  3154 2871  68 1  0  0 0 0 0 0  00000000
  12.975  3149 2965  47 1  0  0 0 0 0 0  00000000
  12.986  3149 2965   0 0  0  0 0 0 0 0  00000000
  13.198  3128 2966  74 1  0  0 0 0 0 0  00000000
  13.210  3128 2891  75 1  0  0 0 0 0 0  00000000
  13.230  3128 2850  75 1  0  0 0 0 0 0  00000000
  13.260  3128 2873  74 1  0  0 0 0 0 0  00000000
  13.274  3128 2900  71 1  0  0 0 0 0 0  00000000
  13.286  3128 2972  56 1  0  0 0 0 0 0  00000000
  13.296  3128 2972   0 0  0  0 0 0 0 0  00000000
  13.558  3190 3002  74 1  0  0 0 0 0 0  00000000
  13.571  3214 2914  74 1  0  0 0 0 0 0  00000000
  13.583  3215 2877  76 1  0  0 0 0 0 0  00000000
  13.595  3220 2877  76 1  0  0 0 0 0 0  00000000
  13.607  3221 2877  77 1  0  0 0 0 0 0  00000000
  13.620  3222 2877  77 1  0  0 0 0 0 0  00000000
  13.633  3223 2878  77 1  0  0 0 0 0 0  00000000
  13.645  3224 2899  77 1  0  0 0 0 0 0  00000000
  13.657  3225 2899  77 1  0  0 0 0 0 0  00000000
  13.682  3225 2900  77 1  0  0 0 0 0 0  00000000
  13.694  3225 2905  77 1  0  0 0 0 0 0  00000000
  13.707  3225 2906  78 1  0  0 0 0 0 0  00000000
  13.719  3225 2910  78 1  0  0 0 0 0 0  00000000
  13.732  3225 2911  78 1  0  0 0 0 0 0  00000000
  13.745  3225 2912  78 1  0  0 0 0 0 0  00000000
  13.756  3225 2912  77 1  0  0 0 0 0 0  00000000
  13.770  3225 2912  78 1  0  0 0 0 0 0  00000000
  13.781  3225 2912  77 1  0  0 0 0 0 0  00000000
  13.794  3225 2911  79 1  0  0 0 0 0 0  00000000
  13.806  3225 2911  78 1  0  0 0 0 0 0  00000000
  13.819  3225 2911  77 1  0  0 0 0 0 0  00000000
  13.831  3225 2911  78 1  0  0 0 0 0 0  00000000
  13.843  3225 2911  77 1  0  0 0 0 0 0  00000000
  13.870  3225 2911  78 1  0  0 0 0 0 0  00000000
  13.881  3225 2911  77 1  0  0 0 0 0 0  00000000
  13.893  3225 2911  78 1  0  0 0 0 0 0  00000000
  13.943  3225 2912  79 1  0  0 0 0 0 0  00000000
  13.956  3225 2912  78 1  0  0 0 0 0 0  00000000
  13.968  3225 2913  79 1  0  0 0 0 0 0  00000000
  13.980  3225 2913  78 1  0  0 0 0 0 0  00000000
  14.004  3225 2914  79 1  0  0 0 0 0 0  00000000
  14.017  3225 2914  78 1  0  0 0 0 0 0  00000000
  14.029  3225 2915  78 1  0  0 0 0 0 0  00000000
  14.042  3225 2915  77 1  0  0 0 0 0 0  00000000
  14.054  3225 2915  79 1  0  0 0 0 0 0  00000000
  14.067  3225 2915  78 1  0  0 0 0 0 0  00000000
  14.080  3225 2915  79 1  0  0 0 0 0 0  00000000
  14.092  3225 2915  78 1  0  0 0 0 0 0  00000000
  14.154  3225 2915  79 1  0  0 0 0 0 0  00000000
  14.180  3225 2915  78 1  0  0 0 0 0 0  00000000
  14.192  3225 2915  79 1  0  0 0 0 0 0  00000000
  14.229  3225 2915  78 1  0  0 0 0 0 0  00000000
  14.241  3225 2915  79 1  0  0 0 0 0 0  00000000
  14.290  3226 2915  79 1  0  0 0 0 0 0  00000000
  14.303  3227 2915  79 1  0  0 0 0 0 0  00000000
  14.377  3227 2915  78 1  0  0 0 0 0 0  00000000
  14.389  3227 2913  79 1  0  0 0 0 0 0  00000000
  14.403  3227 2911  79 1  0  0 0 0 0 0  00000000
  14.414  3227 2906  78 1  0  0 0 0 0 0  00000000
  14.427  3228 2904  78 1  0  0 0 0 0 0  00000000
  14.439  3229 2900  78 1  0  0 0 0 0 0  00000000
  14.451  3234 2898  77 1  0  0 0 0 0 0  00000000
  14.464  3240 2897  76 1  0  0 0 0 0 0  00000000
  14.477  3281 2897  74 1  0  0 0 0 0 0  00000000
  14.489  3326 2938  71 1  0  0 0 0 0 0  00000000
  14.501  3354 3034  56 1  0  0 0 0 0 0  00000000
  14.513  3354 3034   0 0  0  0 0 0 0 0  00000000
