time	 y	 z	 f	 w	 l	 r	 u	 d	 m	 multi
   0.000  2976 3061   0 0  0  0 0 0 0 0  00000000
   1.590  3341 2687  78 1  0  0 0 0 0 0  00000000
   1.616  3341 2687  75 1  0  0 0 0 0 0  00000000
   1.629  3341 2713  70 1  0  0 0 0 0 0  00000000
   1.641  3357 2763  43 1  0  0 0 0 0 0  00000000
   1.651  3357 2763   0 0  0  0 0 0 0 0  00000000
   1.877  3506 2802  74 1  0  0 0 0 0 0  00000000
   1.887  3504 2770  73 1  0  0 0 0 0 0  00000000
   1.901  3502 2769  74 1  0  0 0 0 0 0  00000000
   1.914  3500 2769  74 1  0  0 0 0 0 0  00000000
   1.925  3499 2769  70 1  0  0 0 0 0 0  00000000
   1.938  3506 2790  62 1  0  0 0 0 0 0  00000000
   1.950  3506 2790   0 0  0  0 0 0 0 0  00000000
   2.162  3418 2890  70 1  0  0 0 0 0 0  00000000
   2.174  3402 2854  71 1  0  0 0 0 0 0  00000000
   2.187  3402 2829  73 1  0  0 0 0 0 0  00000000
   2.198  3402 2829  74 1  0  0 0 0 0 0  00000000
   2.211  3401 2829  74 1  0  0 0 0 0 0  00000000
   2.223  3400 2828  74 1  0  0 0 0 0 0  00000000
   2.236  3400 2826  74 1  0  0 0 0 0 0  00000000
   2.248  3400 2824  74 1  0  0 0 0 0 0  00000000
   2.260  3400 2822  73 1  0  0 0 0 0 0  00000000
   2.273  3400 2820  74 1  0  0 0 0 0 0  00000000
   2.286  3400 2818  73 1  0  0 0 0 0 0  00000000
   2.336  3400 2818  74 1  0  0 0 0 0 0  00000000
   2.347  3400 2818  75 1  0  0 0 0 0 0  00000000
   2.360  3399 2818  74 1  0  0 0 0 0 0  00000000
   2.372  3399 2818  75 1  0  0 0 0 0 0  00000000
   2.397  3397 2818  76 1  0  0 0 0 0 0  00000000
   2.410  3397 2817  76 1  0  0 0 0 0 0  00000000
   2.422  3396 2817  76 1  0  0 0 0 0 0  00000000
   2.434  3396 2817  77 1  0  0 0 0 0 0  00000000
   2.447  3395 2817  76 1  0  0 0 0 0 0  00000000
   2.460  3395 2817  77 1  0  0 0 0 0 0  00000000
   2.485  3395 2817  76 1  0  0 0 0 0 0  00000000
   2.521  3395 2817  75 1  0  0 0 0 0 0  00000000
   2.534  3395 2817  73 1  0  0 0 0 0 0  00000000
   2.546  3412 2817  66 1  0  0 0 0 0 0  00000000
   2.558  3412 2817   0 0  0  0 0 0 0 0  00000000
   2.769  3459 2856  74 1  0  0 0 0 0 0  00000000
   2.782  3459 2819  71 1  0  0 0 0 0 0  00000000
   2.794  3454 2798  75 1  0  0 0 0 0 0  00000000
   2.806  3452 2797  77 1  0  0 0 0 0 0  00000000
   2.820  3450 2796  76 1  0  0 0 0 0 0  00000000
   2.830  3448 2796  77 1  0  0 0 0 0 0  00000000
   2.844  3448 2796  76 1  0  0 0 0 0 0  00000000
   2.856  3444 2796  78 1  0  0 0 0 0 0  00000000
   2.867  3443 2796  77 1  0  0 0 0 0 0  00000000
   2.880  3443 2797  77 1  0  0 0 0 0 0  00000000
   2.893  3441 2801  77 1  0  0 0 0 0 0  00000000
   2.905  3441 2802  77 1  0  0 0 0 0 0  00000000
   2.918  3441 2806  77 1  0  0 0 0 0 0  00000000
   2.931  3441 2810  77 1  0  0 0 0 0 0  00000000
   2.944  3441 2814  77 1  0  0 0 0 0 0  00000000
   2.956  3441 2815  77 1  0  0 0 0 0 0  00000000
   2.967  3441 2816  77 1  0  0 0 0 0 0  00000000
   2.980  3441 2817  78 1  0  0 0 0 0 0  00000000
   2.993  3441 2817  77 1  0  0 0 0 0 0  00000000
   3.005  3441 2818  78 1  0  0 0 0 0 0  00000000
   3.042  3441 2818  76 1  0  0 0 0 0 0  00000000
   3.079  3441 2814  74 1  0  0 0 0 0 0  00000000
   3.092  3442 2813  71 1  0  0 0 0 0 0  00000000
   3.104  3448 2813  63 1  0  0 0 0 0 0  00000000
   3.116  3448 2813   0 0  0  0 0 0 0 0  00000000
   3.352  3622 2702  71 1  0  0 0 0 0 0  00000000
   3.364  3622 2702  74 1  0  0 0 0 0 0  00000000
   3.377  3622 2677  76 1  0  0 0 0 0 0  00000000
   3.391  3622 2677  77 1  0  0 0 0 0 0  00000000
   3.402  3622 2678  77 1  0  0 0 0 0 0  00000000
   3.415  3622 2679  78 1  0  0 0 0 0 0  00000000
   3.426  3622 2684  77 1  0  0 0 0 0 0  00000000
   3.439  3620 2689  77 1  0  0 0 0 0 0  00000000
   3.452  3620 2690  77 1  0  0 0 0 0 0  00000000
   3.464  3620 2691  77 1  0  0 0 0 0 0  00000000
   3.477  3620 2692  76 1  0  0 0 0 0 0  00000000
   3.488  3620 2693  77 1  0  0 0 0 0 0  00000000
   3.503  3618 2694  76 1  0  0 0 0 0 0  00000000
   3.514  3618 2695  77 1  0  0 0 0 0 0  00000000
   3.540  3614 2699  79 1  0  0 0 0 0 0  00000000
   3.551  3613 2700  78 1  0  0 0 0 0 0  00000000
   3.564  3613 2701  78 1  0  0 0 0 0 0  00000000
   3.576  3611 2702  78 1  0  0 0 0 0 0  00000000
   3.613  3611 2703  78 1  0  0 0 0 0 0  00000000
   3.626  3611 2703  77 1  0  0 0 0 0 0  00000000
   3.650  3611 2703  74 1  0  0 0 0 0 0  00000000
   3.663  3611 2703  70 1  0  0 0 0 0 0  00000000
   3.675  3612 2733  51 1  0  0 0 0 0 0  00000000
   3.686  3612 2733   0 0  0  0 0 0 0 0  00000000
   3.923  3545 2733  71 1  0  0 0 0 0 0  00000000
   3.935  3545 2714  73 1  0  0 0 0 0 0  00000000
   3.948  3543 2712  74 1  0  0 0 0 0 0  00000000
   3.960  3541 2711  76 1  0  0 0 0 0 0  00000000
   3.973  3541 2711  73 1  0  0 0 0 0 0  00000000
   3.985  3541 2712  71 1  0  0 0 0 0 0  00000000
   3.998  3562 2750  67 1  0  0 0 0 0 0  00000000
   4.010  3595 2772  55 1  0  0 0 0 0 0  00000000
   4.021  3595 2772   0 0  0  0 0 0 0 0  00000000
   4.171  3488 2921  63 1  0  0 0 0 0 0  00000000
   4.183  3458 2850  69 1  0  0 0 0 0 0  00000000
   4.196  3439 2816  72 1  0  0 0 0 0 0  00000000
   4.208  3439 2812  73 1  0  0 0 0 0 0  00000000
   4.233  3439 2812  71 1  0  0 0 0 0 0  00000000
   4.246  3446 2812  67 1  0  0 0 0 0 0  00000000
   4.257  3514 2838  55 1  0  0 0 0 0 0  00000000
   4.268  3514 2838   0 0  0  0 0 0 0 0  00000000
   4.456  3486 2866  67 1  0  0 0 0 0 0  00000000
   4.468  3468 2829  69 1  0  0 0 0 0 0  00000000
   4.481  3468 2827  71 1  0  0 0 0 0 0  00000000
   4.493  3468 2822  71 1  0  0 0 0 0 0  00000000
   4.503  3468 2820  71 1  0  0 0 0 0 0  00000000
   4.514  3468 2818  70 1  0  0 0 0 0 0  00000000
   4.531  3515 2844  57 1  0  0 0 0 0 0  00000000
   4.543  3515 2844   0 0  0  0 0 0 0 0  00000000
   4.742  3754 2822  41 1  0  0 0 0 0 0  00000000
   4.754  3633 2743  70 1  0  0 0 0 0 0  00000000
   4.767  3610 2710  74 1  0  0 0 0 0 0  00000000
   4.780  3608 2683  76 1  0  0 0 0 0 0  00000000
   4.792  3603 2683  78 1  0  0 0 0 0 0  00000000
   4.804  3601 2683  78 1  0  0 0 0 0 0  00000000
   4.817  3599 2683  77 1  0  0 0 0 0 0  00000000
   4.828  3597 2683  77 1  0  0 0 0 0 0  00000000
   4.854  3597 2683  76 1  0  0 0 0 0 0  00000000
   4.866  3597 2683  75 1  0  0 0 0 0 0  00000000
   4.891  3597 2684  74 1  0  0 0 0 0 0  00000000
   4.903  3597 2684  75 1  0  0 0 0 0 0  00000000
   4.940  3597 2684  76 1  0  0 0 0 0 0  00000000
   4.980  3597 2683  76 1  0  0 0 0 0 0  00000000
   5.003  3596 2683  76 1  0  0 0 0 0 0  00000000
   5.015  3594 2681  76 1  0  0 0 0 0 0  00000000
   5.028  3594 2680  76 1  0  0 0 0 0 0  00000000
   5.052  3594 2676  76 1  0  0 0 0 0 0  00000000
   5.065  3594 2674  77 1  0  0 0 0 0 0  00000000
   5.078  3594 2674  76 1  0  0 0 0 0 0  00000000
   5.090  3594 2672  76 1  0  0 0 0 0 0  00000000
   5.164  3594 2671  76 1  0  0 0 0 0 0  00000000
   5.201  3594 2671  77 1  0  0 0 0 0 0  00000000
   5.214  3594 2671  76 1  0  0 0 0 0 0  00000000
   5.239  3594 2671  77 1  0  0 0 0 0 0  00000000
   5.252  3594 2670  76 1  0  0 0 0 0 0  00000000
   5.263  3594 2668  76 1  0  0 0 0 0 0  00000000
   5.289  3594 2666  76 1  0  0 0 0 0 0  00000000
   5.300  3594 2666  77 1  0  0 0 0 0 0  00000000
   5.313  3594 2664  76 1  0  0 0 0 0 0  00000000
   5.326  3594 2662  76 1  0  0 0 0 0 0  00000000
   5.338  3594 2661  77 1  0  0 0 0 0 0  00000000
   5.351  3594 2661  76 1  0  0 0 0 0 0  00000000
   5.362  3594 2661  77 1  0  0 0 0 0 0  00000000
   5.375  3594 2657  76 1  0  0 0 0 0 0  00000000
   5.388  3594 2656  77 1  0  0 0 0 0 0  00000000
   5.400  3594 2656  76 1  0  0 0 0 0 0  00000000
   5.437  3594 2656  77 1  0  0 0 0 0 0  00000000
   5.450  3594 2656  76 1  0  0 0 0 0 0  00000000
   5.462  3594 2656  77 1  0  0 0 0 0 0  00000000
   5.486  3594 2656  76 1  0  0 0 0 0 0  00000000
   5.500  3594 2657  76 1  0  0 0 0 0 0  00000000
   5.511  3594 2658  77 1  0  0 0 0 0 0  00000000
   5.524  3594 2659  77 1  0  0 0 0 0 0  00000000
   5.535  3594 2664  78 1  0  0 0 0 0 0  00000000
   5.550  3594 2670  78 1  0  0 0 0 0 0  00000000
   5.561  3594 2694  77 1  0  0 0 0 0 0  00000000
   5.573  3594 2694  78 1  0  0 0 0 0 0  00000000
   5.599  3594 2695  77 1  0  0 0 0 0 0  00000000
   5.611  3595 2696  76 1  0  0 0 0 0 0  00000000
   5.623  3621 2697  75 1  0  0 0 0 0 0  00000000
   5.635  3622 2698  73 1  0  0 0 0 0 0  00000000
   5.649  3679 2702  67 1  0  0 0 0 0 0  00000000
   5.660  3761 2723  50 1  0  0 0 0 0 0  00000000
   5.671  3761 2723   0 0  0  0 0 0 0 0  00000000
   6.156  3780 2781  43 1  0  0 0 0 0 0  00000000
   6.169  3679 2680  68 1  0  0 0 0 0 0  00000000
   6.183  3677 2634  73 1  0  0 0 0 0 0  00000000
   6.194  3672 2632  75 1  0  0 0 0 0 0  00000000
   6.207  3666 2630  75 1  0  0 0 0 0 0  00000000
   6.218  3664 2628  74 1  0  0 0 0 0 0  00000000
   6.231  3664 2627  71 1  0  0 0 0 0 0  00000000
   6.244  3665 2654  65 1  0  0 0 0 0 0  00000000
   6.253  3666 2654  65 1  0  0 0 0 0 0  00000000
   6.267  3666 2654   0 0  0  0 0 0 0 0  00000000
   6.443  3635 2776  72 1  0  0 0 0 0 0  00000000
   6.454  3619 2708  72 1  0  0 0 0 0 0  00000000
   6.469  3617 2684  75 1  0  0 0 0 0 0  00000000
   6.481  3611 2684  75 1  0  0 0 0 0 0  00000000
   6.493  3609 2685  74 1  0  0 0 0 0 0  00000000
   6.504  3610 2717  70 1  0  0 0 0 0 0  00000000
   6.517  3663 2772  55 1  0  0 0 0 0 0  00000000
   6.528  3663 2772   0 0  0  0 0 0 0 0  00000000
   6.739  3769 2663  73 1  0  0 0 0 0 0  00000000
   6.752  3742 2582  74 1  0  0 0 0 0 0  00000000
   6.765  3743 2534  79 1  0  0 0 0 0 0  00000000
   6.777  3743 2506  78 1  0  0 0 0 0 0  00000000
   6.790  3738 2506  77 1  0  0 0 0 0 0  00000000
   6.802  3736 2506  78 1  0  0 0 0 0 0  00000000
   6.814  3734 2506  78 1  0  0 0 0 0 0  00000000
   6.827  3734 2504  77 1  0  0 0 0 0 0  00000000
   6.840  3734 2502  77 1  0  0 0 0 0 0  00000000
   6.851  3734 2500  77 1  0  0 0 0 0 0  00000000
   6.864  3734 2498  76 1  0  0 0 0 0 0  00000000
   6.889  3734 2498  77 1  0  0 0 0 0 0  00000000
   6.914  3734 2498  76 1  0  0 0 0 0 0  00000000
   6.926  3734 2498  77 1  0  0 0 0 0 0  00000000
   6.938  3734 2499  80 1  0  0 0 0 0 0  00000000
   6.951  3734 2500  78 1  0  0 0 0 0 0  00000000
   6.964  3734 2501  78 1  0  0 0 0 0 0  00000000
   6.975  3734 2502  78 1  0  0 0 0 0 0  00000000
   6.988  3734 2503  79 1  0  0 0 0 0 0  00000000
   7.001  3734 2507  79 1  0  0 0 0 0 0  00000000
   7.013  3734 2508  78 1  0  0 0 0 0 0  00000000
   7.025  3734 2509  78 1  0  0 0 0 0 0  00000000
   7.038  3734 2510  78 1  0  0 0 0 0 0  00000000
   7.051  3734 2511  78 1  0  0 0 0 0 0  00000000
   7.075  3734 2511  79 1  0  0 0 0 0 0  00000000
   7.125  3734 2511  78 1  0  0 0 0 0 0  00000000
   7.150  3734 2512  79 1  0  0 0 0 0 0  00000000
   7.162  3734 2516  81 1  0  0 0 0 0 0  00000000
   7.173  3734 2517  79 1  0  0 0 0 0 0  00000000
   7.186  3734 2518  79 1  0  0 0 0 0 0  00000000
   7.199  3734 2519  80 1  0  0 0 0 0 0  00000000
   7.212  3734 2523  79 1  0  0 0 0 0 0  00000000
   7.224  3735 2524  82 1  0  0 0 0 0 0  00000000
   7.236  3736 2525  82 1  0  0 0 0 0 0  00000000
   7.249  3737 2530  81 1  0  0 0 0 0 0  00000000
   7.261  3738 2552  80 1  0  0 0 0 0 0  00000000
   7.274  3739 2552  82 1  0  0 0 0 0 0  00000000
   7.285  3739 2534  80 1  0  0 0 0 0 0  00000000
   7.311  3739 2534  79 1  0  0 0 0 0 0  00000000
   7.323  3739 2535  81 1  0  0 0 0 0 0  00000000
   7.336  3739 2536  79 1  0  0 0 0 0 0  00000000
   7.348  3739 2536  78 1  0  0 0 0 0 0  00000000
   7.360  3739 2536  79 1  0  0 0 0 0 0  00000000
   7.372  3740 2520  75 1  0  0 0 0 0 0  00000000
   7.385  3777 2539  73 1  0  0 0 0 0 0  00000000
   7.397  3830 2558  63 1  0  0 0 0 0 0  00000000
   7.410  3830 2558   0 0  0  0 0 0 0 0  00000000
   7.620  3916 2469  68 1  0  0 0 0 0 0  00000000
   7.635  3895 2448  72 1  0  0 0 0 0 0  00000000
   7.646  3893 2448  75 1  0  0 0 0 0 0  00000000
   7.659  3888 2448  77 1  0  0 0 0 0 0  00000000
   7.671  3887 2449  74 1  0  0 0 0 0 0  00000000
   7.683  3887 2469  72 1  0  0 0 0 0 0  00000000
   7.696  3886 2502  68 1  0  0 0 0 0 0  00000000
   7.708  3866 2534  63 1  0  0 0 0 0 0  00000000
   7.720  3866 2534   0 0  0  0 0 0 0 0  00000000
   7.894  3588 2777  75 1  0  0 0 0 0 0  00000000
   7.906  3584 2723  75 1  0  0 0 0 0 0  00000000
   7.919  3552 2689  78 1  0  0 0 0 0 0  00000000
   7.931  3552 2663  79 1  0  0 0 0 0 0  00000000
   7.944  3547 2662  79 1  0  0 0 0 0 0  00000000
   7.956  3546 2661  79 1  0  0 0 0 0 0  00000000
   7.970  3544 2659  80 1  0  0 0 0 0 0  00000000
   7.982  3544 2655  78 1  0  0 0 0 0 0  00000000
   7.994  3544 2654  77 1  0  0 0 0 0 0  00000000
   8.006  3544 2652  76 1  0  0 0 0 0 0  00000000
   8.031  3544 2652  75 1  0  0 0 0 0 0  00000000
   8.042  3544 2659  74 1  0  0 0 0 0 0  00000000
   8.055  3544 2664  73 1  0  0 0 0 0 0  00000000
   8.067  3544 2665  73 1  0  0 0 0 0 0  00000000
   8.080  3545 2670  72 1  0  0 0 0 0 0  00000000
   8.092  3546 2671  73 1  0  0 0 0 0 0  00000000
   8.105  3547 2672  72 1  0  0 0 0 0 0  00000000
   8.118  3576 2673  70 1  0  0 0 0 0 0  00000000
   8.129  3629 2674  60 1  0  0 0 0 0 0  00000000
   8.142  3629 2674   0 0  0  0 0 0 0 0  00000000
   8.304  3552 2781  73 1  0  0 0 0 0 0  00000000
   8.316  3552 2758  73 1  0  0 0 0 0 0  00000000
   8.329  3530 2758  76 1  0  0 0 0 0 0  00000000
   8.341  3530 2758  74 1  0  0 0 0 0 0  00000000
   8.353  3530 2758  73 1  0  0 0 0 0 0  00000000
   8.365  3575 2759  68 1  0  0 0 0 0 0  00000000
   8.378  3642 2786  51 1  0  0 0 0 0 0  00000000
   8.389  3642 2786   0 0  0  0 0 0 0 0  00000000
   8.490  3643 2712  69 1  0  0 0 0 0 0  00000000
   8.502  3635 2693  73 1  0  0 0 0 0 0  00000000
   8.515  3608 2665  76 1  0  0 0 0 0 0  00000000
   8.527  3608 2665  77 1  0  0 0 0 0 0  00000000
   8.539  3588 2666  79 1  0  0 0 0 0 0  00000000
   8.552  3589 2670  79 1  0  0 0 0 0 0  00000000
   8.564  3590 2671  77 1  0  0 0 0 0 0  00000000
   8.578  3595 2676  73 1  0  0 0 0 0 0  00000000
   8.589  3643 2704  67 1  0  0 0 0 0 0  00000000
   8.600  3686 2730  48 1  0  0 0 0 0 0  00000000
   8.612  3686 2730   0 0  0  0 0 0 0 0  00000000
   8.774  3714 2730  59 1  0  0 0 0 0 0  00000000
   8.787  3644 2681  73 1  0  0 0 0 0 0  00000000
   8.800  3626 2642  77 1  0  0 0 0 0 0  00000000
   8.812  3624 2642  78 1  0  0 0 0 0 0  00000000
   8.825  3619 2643  79 1  0  0 0 0 0 0  00000000
   8.837  3618 2648  78 1  0  0 0 0 0 0  00000000
   8.850  3618 2649  74 1  0  0 0 0 0 0  00000000
   8.861  3645 2695  68 1  0  0 0 0 0 0  00000000
   8.874  3645 2695   0 0  0  0 0 0 0 0  00000000
   9.085  3646 2622  75 1  0  0 0 0 0 0  00000000
   9.097  3646 2579  78 1  0  0 0 0 0 0  00000000
   9.110  3618 2558  81 1  0  0 0 0 0 0  00000000
   9.122  3618 2558  82 1  0  0 0 0 0 0  00000000
   9.135  3617 2556  83 1  0  0 0 0 0 0  00000000
   9.160  3615 2554  81 1  0  0 0 0 0 0  00000000
   9.172  3614 2533  81 1  0  0 0 0 0 0  00000000
   9.185  3614 2533  80 1  0  0 0 0 0 0  00000000
   9.210  3614 2533  78 1  0  0 0 0 0 0  00000000
   9.222  3614 2533  77 1  0  0 0 0 0 0  00000000
   9.246  3614 2533  78 1  0  0 0 0 0 0  00000000
   9.271  3614 2533  79 1  0  0 0 0 0 0  00000000
   9.283  3612 2534  80 1  0  0 0 0 0 0  00000000
   9.295  3610 2538  80 1  0  0 0 0 0 0  00000000
   9.308  3610 2539  80 1  0  0 0 0 0 0  00000000
   9.321  3610 2543  81 1  0  0 0 0 0 0  00000000
   9.333  3610 2544  81 1  0  0 0 0 0 0  00000000
   9.346  3609 2545  81 1  0  0 0 0 0 0  00000000
   9.358  3609 2546  81 1  0  0 0 0 0 0  00000000
   9.371  3609 2550  81 1  0  0 0 0 0 0  00000000
   9.383  3609 2551  81 1  0  0 0 0 0 0  00000000
   9.396  3608 2552  81 1  0  0 0 0 0 0  00000000
   9.407  3608 2552  82 1  0  0 0 0 0 0  00000000
   9.420  3608 2553  82 1  0  0 0 0 0 0  00000000
   9.433  3608 2553  81 1  0  0 0 0 0 0  00000000
   9.444  3608 2557  81 1  0  0 0 0 0 0  00000000
   9.457  3608 2558  81 1  0  0 0 0 0 0  00000000
   9.470  3608 2559  81 1  0  0 0 0 0 0  00000000
   9.507  3608 2559  82 1  0  0 0 0 0 0  00000000
   9.520  3608 2559  81 1  0  0 0 0 0 0  00000000
   9.532  3608 2558  81 1  0  0 0 0 0 0  00000000
   9.545  3607 2558  81 1  0  0 0 0 0 0  00000000
   9.583  3607 2558  82 1  0  0 0 0 0 0  00000000
   9.594  3607 2556  81 1  0  0 0 0 0 0  00000000
   9.606  3607 2554  82 1  0  0 0 0 0 0  00000000
   9.618  3607 2552  82 1  0  0 0 0 0 0  00000000
   9.632  3607 2550  81 1  0  0 0 0 0 0  00000000
   9.644  3607 2548  81 1  0  0 0 0 0 0  00000000
   9.655  3607 2547  82 1  0  0 0 0 0 0  00000000
   9.680  3606 2547  81 1  0  0 0 0 0 0  00000000
   9.693  3606 2547  82 1  0  0 0 0 0 0  00000000
   9.730  3606 2547  81 1  0  0 0 0 0 0  00000000
   9.743  3606 2542  82 1  0  0 0 0 0 0  00000000
   9.756  3606 2541  82 1  0  0 0 0 0 0  00000000
   9.767  3606 2540  82 1  0  0 0 0 0 0  00000000
   9.780  3606 2539  81 1  0  0 0 0 0 0  00000000
   9.792  3606 2539  82 1  0  0 0 0 0 0  00000000
   9.829  3606 2537  82 1  0  0 0 0 0 0  00000000
   9.841  3606 2535  81 1  0  0 0 0 0 0  00000000
   9.867  3606 2533  81 1  0  0 0 0 0 0  00000000
   9.904  3606 2532  82 1  0  0 0 0 0 0  00000000
   9.916  3606 2532  81 1  0  0 0 0 0 0  00000000
   9.928  3606 2532  80 1  0  0 0 0 0 0  00000000
   9.941  3606 2531  81 1  0  0 0 0 0 0  00000000
   9.954  3606 2529  81 1  0  0 0 0 0 0  00000000
   9.965  3606 2525  81 1  0  0 0 0 0 0  00000000
   9.978  3604 2520  81 1  0  0 0 0 0 0  00000000
   9.991  3602 2518  81 1  0  0 0 0 0 0  00000000
  10.003  3602 2517  81 1  0  0 0 0 0 0  00000000
  10.016  3602 2517  80 1  0  0 0 0 0 0  00000000
  10.028  3602 2513  81 1  0  0 0 0 0 0  00000000
  10.041  3602 2511  80 1  0  0 0 0 0 0  00000000
  10.053  3602 2509  80 1  0  0 0 0 0 0  00000000
  10.066  3602 2507  78 1  0  0 0 0 0 0  00000000
  10.077  3606 2483  77 1  0  0 0 0 0 0  00000000
  10.090  3634 2483  73 1  0  0 0 0 0 0  00000000
  10.103  3662 2483  65 1  0  0 0 0 0 0  00000000
  10.116  3730 2518  44 1  0  0 0 0 0 0  00000000
  10.126  3730 2518   0 0  0  0 0 0 0 0  00000000
