time	 y	 z	 f	 w	 l	 r	 u	 d	 m	 multi
   0.000  3649 3248   0 0  0  0 0 0 0 0  00000000
   0.532  3962 2934  48 1  0  0 0 0 0 0  00000000
   0.545  3888 2932  79 1  0  0 0 0 0 0  00000000
   0.557  3886 2911  86 1  0  0 0 0 0 0  00000000
   0.570  3861 2911  89 1  0  0 0 0 0 0  00000000
   0.582  3861 2911  87 1  0  0 0 0 0 0  00000000
   0.595  3861 2894  84 1  0  0 0 0 0 0  00000000
   0.607  3886 2894  79 1  0  0 0 0 0 0  00000000
   0.619  3909 2895  73 1  0  0 0 0 0 0  00000000
   0.632  3941 2931  60 1  0  0 0 0 0 0  00000000
   0.643  3941 2931   0 0  0  0 0 0 0 0  00000000
   1.115  3832 3149  76 1  0  0 0 0 0 0  00000000
   1.128  3830 3147  80 1  0  0 0 0 0 0  00000000
   1.140  3799 3142  85 1  0  0 0 0 0 0  00000000
   1.153  3799 3140  86 1  0  0 0 0 0 0  00000000
   1.165  3798 3140  87 1  0  0 0 0 0 0  00000000
   1.177  3794 3140  86 1  0  0 0 0 0 0  00000000
   1.190  3792 3140  86 1  0  0 0 0 0 0  00000000
   1.202  3792 3140  85 1  0  0 0 0 0 0  00000000
   1.215  3792 3140  83 1  0  0 0 0 0 0  00000000
   1.227  3810 3138  78 1  0  0 0 0 0 0  00000000
   1.240  3809 3136  76 1  0  0 0 0 0 0  00000000
   1.251  3809 3136  74 1  0  0 0 0 0 0  00000000
   1.264  3809 3136  71 1  0  0 0 0 0 0  00000000
   1.276  3809 3136  67 1  0  0 0 0 0 0  00000000
   1.288  3809 3136  65 1  0  0 0 0 0 0  00000000
   1.301  3804 3136  59 1  0  0 0 0 0 0  00000000
   1.313  3804 3154  50 1  0  0 0 0 0 0  00000000
   1.326  3804 3154   0 0  0  0 0 0 0 0  00000000
   1.649  3771 3240  77 1  0  0 0 0 0 0  00000000
   1.661  3769 3193  79 1  0  0 0 0 0 0  00000000
   1.674  3742 3189  84 1  0  0 0 0 0 0  00000000
   1.686  3742 3187  84 1  0  0 0 0 0 0  00000000
   1.699  3742 3182  81 1  0  0 0 0 0 0  00000000
   1.712  3743 3160  76 1  0  0 0 0 0 0  00000000
   1.724  3780 3161  59 1  0  0 0 0 0 0  00000000
   1.734  3780 3161   0 0  0  0 0 0 0 0  00000000
   1.936  3701 3187  76 1  0  0 0 0 0 0  00000000
   1.947  3701 3169  79 1  0  0 0 0 0 0  00000000
   1.958  3682 3170  80 1  0  0 0 0 0 0  00000000
   1.968  3682 3171  80 1  0  0 0 0 0 0  00000000
   1.977  3682 3171  78 1  0  0 0 0 0 0  00000000
   1.996  3735 3171  58 1  0  0 0 0 0 0  00000000
   2.008  3735 3171   0 0  0  0 0 0 0 0  00000000
   2.293  3762 3206  43 1  0  0 0 0 0 0  00000000
   2.306  3696 3189  76 1  0  0 0 0 0 0  00000000
   2.319  3694 3187  81 1  0  0 0 0 0 0  00000000
   2.331  3690 3182  85 1  0  0 0 0 0 0  00000000
   2.344  3686 3180  84 1  0  0 0 0 0 0  00000000
   2.357  3685 3178  84 1  0  0 0 0 0 0  00000000
   2.368  3684 3178  84 1  0  0 0 0 0 0  00000000
   2.419  3684 3179  83 1  0  0 0 0 0 0  00000000
   2.454  3684 3180  84 1  0  0 0 0 0 0  00000000
   2.467  3684 3181  85 1  0  0 0 0 0 0  00000000
   2.480  3684 3182  85 1  0  0 0 0 0 0  00000000
   2.505  3684 3182  86 1  0  0 0 0 0 0  00000000
   2.518  3684 3183  86 1  0  0 0 0 0 0  00000000
   2.554  3684 3183  85 1  0  0 0 0 0 0  00000000
   2.568  3684 3183  86 1  0  0 0 0 0 0  00000000
   2.579  3684 3183  85 1  0  0 0 0 0 0  00000000
   2.605  3684 3183  83 1  0  0 0 0 0 0  00000000
   2.616  3685 3181  80 1  0  0 0 0 0 0  00000000
   2.630  3689 3155  76 1  0  0 0 0 0 0  00000000
   2.640  3694 3156  69 1  0  0 0 0 0 0  00000000
   2.654  3730 3178  44 1  0  0 0 0 0 0  00000000
   2.665  3730 3178   0 0  0  0 0 0 0 0  00000000
   2.902  3673 3179  82 1  0  0 0 0 0 0  00000000
   2.915  3673 3171  85 1  0  0 0 0 0 0  00000000
   2.927  3668 3169  90 1  0  0 0 0 0 0  00000000
   2.939  3664 3169  89 1  0  0 0 0 0 0  00000000
   2.952  3663 3167  90 1  0  0 0 0 0 0  00000000
   2.964  3663 3162  86 1  0  0 0 0 0 0  00000000
   2.976  3670 3156  80 1  0  0 0 0 0 0  00000000
   2.989  3677 3155  74 1  0  0 0 0 0 0  00000000
   3.001  3725 3179  58 1  0  0 0 0 0 0  00000000
   3.013  3725 3179   0 0  0  0 0 0 0 0  00000000
   3.201  3798 3082  44 1  0  0 0 0 0 0  00000000
   3.212  3724 3082  81 1  0  0 0 0 0 0  00000000
   3.225  3706 3082  86 1  0  0 0 0 0 0  00000000
   3.237  3706 3083  88 1  0  0 0 0 0 0  00000000
   3.249  3706 3084  88 1  0  0 0 0 0 0  00000000
   3.262  3706 3084  83 1  0  0 0 0 0 0  00000000
   3.274  3707 3083  75 1  0  0 0 0 0 0  00000000
   3.287  3747 3112  51 1  0  0 0 0 0 0  00000000
   3.298  3747 3112   0 0  0  0 0 0 0 0  00000000
   3.523  3666 3154  85 1  0  0 0 0 0 0  00000000
   3.535  3664 3111  86 1  0  0 0 0 0 0  00000000
   3.548  3662 3109  91 1  0  0 0 0 0 0  00000000
   3.560  3656 3107  94 1  0  0 0 0 0 0  00000000
   3.573  3654 3105  95 1  0  0 0 0 0 0  00000000
   3.585  3652 3099  95 1  0  0 0 0 0 0  00000000
   3.598  3651 3097  93 1  0  0 0 0 0 0  00000000
   3.609  3651 3092  93 1  0  0 0 0 0 0  00000000
   3.623  3651 3086  92 1  0  0 0 0 0 0  00000000
   3.633  3651 3084  90 1  0  0 0 0 0 0  00000000
   3.647  3651 3085  90 1  0  0 0 0 0 0  00000000
   3.659  3651 3085  89 1  0  0 0 0 0 0  00000000
   3.672  3651 3089  89 1  0  0 0 0 0 0  00000000
   3.684  3651 3090  90 1  0  0 0 0 0 0  00000000
   3.696  3651 3112  91 1  0  0 0 0 0 0  00000000
   3.709  3651 3112  93 1  0  0 0 0 0 0  00000000
   3.721  3651 3111  92 1  0  0 0 0 0 0  00000000
   3.758  3651 3111  93 1  0  0 0 0 0 0  00000000
   3.771  3651 3111  92 1  0  0 0 0 0 0  00000000
   3.807  3651 3111  91 1  0  0 0 0 0 0  00000000
   3.820  3651 3111  92 1  0  0 0 0 0 0  00000000
   3.833  3651 3110  91 1  0  0 0 0 0 0  00000000
   3.845  3651 3110  92 1  0  0 0 0 0 0  00000000
   3.859  3651 3109  92 1  0  0 0 0 0 0  00000000
   3.870  3651 3107  93 1  0  0 0 0 0 0  00000000
   3.883  3651 3106  92 1  0  0 0 0 0 0  00000000
   3.970  3651 3106  93 1  0  0 0 0 0 0  00000000
   3.982  3651 3106  92 1  0  0 0 0 0 0  00000000
   3.995  3651 3104  92 1  0  0 0 0 0 0  00000000
   4.006  3651 3104  93 1  0  0 0 0 0 0  00000000
   4.019  3651 3104  92 1  0  0 0 0 0 0  00000000
   4.032  3651 3104  91 1  0  0 0 0 0 0  00000000
   4.045  3651 3104  93 1  0  0 0 0 0 0  00000000
   4.056  3651 3104  92 1  0  0 0 0 0 0  00000000
   4.069  3651 3104  93 1  0  0 0 0 0 0  00000000
   4.083  3651 3104  92 1  0  0 0 0 0 0  00000000
   4.093  3651 3102  93 1  0  0 0 0 0 0  00000000
   4.119  3651 3102  92 1  0  0 0 0 0 0  00000000
   4.143  3652 3102  92 1  0  0 0 0 0 0  00000000
   4.155  3652 3098  92 1  0  0 0 0 0 0  00000000
   4.168  3652 3096  92 1  0  0 0 0 0 0  00000000
   4.192  3652 3076  92 1  0  0 0 0 0 0  00000000
   4.205  3652 3076  91 1  0  0 0 0 0 0  00000000
   4.242  3652 3074  91 1  0  0 0 0 0 0  00000000
   4.267  3652 3070  91 1  0  0 0 0 0 0  00000000
   4.280  3652 3068  91 1  0  0 0 0 0 0  00000000
   4.292  3656 3064  90 1  0  0 0 0 0 0  00000000
   4.305  3660 3062  90 1  0  0 0 0 0 0  00000000
   4.316  3661 3061  89 1  0  0 0 0 0 0  00000000
   4.329  3665 3057  89 1  0  0 0 0 0 0  00000000
   4.342  3666 3055  89 1  0  0 0 0 0 0  00000000
   4.355  3667 3053  89 1  0  0 0 0 0 0  00000000
   4.367  3668 3051  88 1  0  0 0 0 0 0  00000000
   4.391  3669 3050  89 1  0  0 0 0 0 0  00000000
   4.403  3669 3048  89 1  0  0 0 0 0 0  00000000
   4.417  3670 3044  88 1  0  0 0 0 0 0  00000000
   4.428  3671 3042  88 1  0  0 0 0 0 0  00000000
   4.442  3672 3041  88 1  0  0 0 0 0 0  00000000
   4.455  3673 3039  89 1  0  0 0 0 0 0  00000000
   4.466  3674 3039  88 1  0  0 0 0 0 0  00000000
   4.515  3675 3039  88 1  0  0 0 0 0 0  00000000
   4.528  3676 3039  87 1  0  0 0 0 0 0  00000000
   4.540  3676 3039  88 1  0  0 0 0 0 0  00000000
   4.602  3677 3039  89 1  0  0 0 0 0 0  00000000
   4.651  3678 3039  89 1  0  0 0 0 0 0  00000000
   4.665  3678 3040  89 1  0  0 0 0 0 0  00000000
   4.688  3678 3040  90 1  0  0 0 0 0 0  00000000
   4.701  3678 3040  89 1  0  0 0 0 0 0  00000000
   4.714  3678 3040  91 1  0  0 0 0 0 0  00000000
   4.727  3678 3040  89 1  0  0 0 0 0 0  00000000
   4.776  3679 3040  89 1  0  0 0 0 0 0  00000000
   4.788  3679 3040  90 1  0  0 0 0 0 0  00000000
   4.813  3679 3040  89 1  0  0 0 0 0 0  00000000
   4.851  3679 3040  88 1  0  0 0 0 0 0  00000000
   4.863  3679 3035  87 1  0  0 0 0 0 0  00000000
   4.875  3680 3011  85 1  0  0 0 0 0 0  00000000
   4.888  3685 3011  83 1  0  0 0 0 0 0  00000000
   4.900  3690 3009  80 1  0  0 0 0 0 0  00000000
   4.913  3695 3007  75 1  0  0 0 0 0 0  00000000
   4.925  3719 3007  65 1  0  0 0 0 0 0  00000000
   4.939  3719 3007   0 0  0  0 0 0 0 0  00000000
