time	 y	 z	 f	 w	 l	 r	 u	 d	 m	 multi
   0.000  3252 3112   0 0  0  0 0 0 0 0  00000000
   0.920  4054 2718  76 1  0  0 0 0 0 0  00000000
   0.959  4055 2719  75 1  0  0 0 0 0 0  00000000
   0.970  4059 2765  72 1  0  0 0 0 0 0  00000000
   0.983  4082 2826  61 1  0  0 0 0 0 0  00000000
   0.994  4082 2826   0 0  0  0 0 0 0 0  00000000
   1.095  2223 3200  80 1  0  0 0 0 0 0  00000000
   1.108  2195 3080  77 1  0  0 0 0 0 0  00000000
   1.119  2193 3039  79 1  0  0 0 0 0 0  00000000
   1.132  2192 3022  80 1  0  0 0 0 0 0  00000000
   1.145  2191 3022  79 1  0  0 0 0 0 0  00000000
   1.157  2191 3021  75 1  0  0 0 0 0 0  00000000
   1.170  2192 3021  70 1  0  0 0 0 0 0  00000000
   1.181  2240 3061  56 1  0  0 0 0 0 0  00000000
   1.193  2240 3061   0 0  0  0 0 0 0 0  00000000
   1.381  4035 2756  72 1  0  0 0 0 0 0  00000000
   1.392  4036 2654  69 1  0  0 0 0 0 0  00000000
   1.405  4042 2650  70 1  0  0 0 0 0 0  00000000
   1.418  4048 2628  69 1  0  0 0 0 0 0  00000000
   1.430  4049 2629  70 1  0  0 0 0 0 0  00000000
   1.443  4050 2634  70 1  0  0 0 0 0 0  00000000
   1.455  4051 2662  70 1  0  0 0 0 0 0  00000000
   1.468  4043 2663  68 1  0  0 0 0 0 0  00000000
   1.479  4041 2687  65 1  0  0 0 0 0 0  00000000
   1.491  4048 2688  51 1  0  0 0 0 0 0  00000000
   1.502  4048 2688   0 0  0  0 0 0 0 0  00000000
   1.678  2579 3220  45 1  0  0 0 0 0 0  00000000
   1.691  2510 3166  67 1  0  0 0 0 0 0  00000000
   1.702  2511 3166  72 1  0  0 0 0 0 0  00000000
   1.716  2512 3164  72 1  0  0 0 0 0 0  00000000
   1.728  2512 3144  71 1  0  0 0 0 0 0  00000000
   1.739  2513 3144  73 1  0  0 0 0 0 0  00000000
   1.753  2514 3144  71 1  0  0 0 0 0 0  00000000
   1.764  2518 3136  66 1  0  0 0 0 0 0  00000000
   1.777  2518 3136  68 1  0  0 0 0 0 0  00000000
   1.788  2539 3136  64 1  0  0 0 0 0 0  00000000
   1.802  2539 3153  63 1  0  0 0 0 0 0  00000000
   1.814  2540 3172  61 1  0  0 0 0 0 0  00000000
   1.827  2541 3173  60 1  0  0 0 0 0 0  00000000
   1.839  2542 3207  58 1  0  0 0 0 0 0  00000000
   1.851  2542 3224  55 1  0  0 0 0 0 0  00000000
   1.864  2534 3225  45 1  0  0 0 0 0 0  00000000
   1.874  2534 3225   0 0  0  0 0 0 0 0  00000000
   1.964  4533 2475  76 1  0  0 0 0 0 0  00000000
   1.976  4534 2442  72 1  0  0 0 0 0 0  00000000
   1.987  4538 2442  73 1  0  0 0 0 0 0  00000000
   2.000  4542 2442  74 1  0  0 0 0 0 0  00000000
   2.013  4543 2442  73 1  0  0 0 0 0 0  00000000
   2.026  4544 2442  72 1  0  0 0 0 0 0  00000000
   2.037  4545 2446  72 1  0  0 0 0 0 0  00000000
   2.050  4545 2478  69 1  0  0 0 0 0 0  00000000
   2.063  4545 2495  66 1  0  0 0 0 0 0  00000000
   2.075  4545 2511  60 1  0  0 0 0 0 0  00000000
   2.088  4525 2511  50 1  0  0 0 0 0 0  00000000
   2.100  4525 2511   0 0  0  0 0 0 0 0  00000000
   2.224  2658 3306  71 1  0  0 0 0 0 0  00000000
   2.236  2658 3306  68 1  0  0 0 0 0 0  00000000
   2.250  2658 3306  70 1  0  0 0 0 0 0  00000000
   2.261  2658 3306  71 1  0  0 0 0 0 0  00000000
   2.323  2658 3307  70 1  0  0 0 0 0 0  00000000
   2.347  2658 3308  70 1  0  0 0 0 0 0  00000000
   2.372  2658 3308  69 1  0  0 0 0 0 0  00000000
   2.385  2658 3308  70 1  0  0 0 0 0 0  00000000
   2.410  2656 3308  68 1  0  0 0 0 0 0  00000000
   2.423  2655 3308  64 1  0  0 0 0 0 0  00000000
   2.435  2699 3309  54 1  0  0 0 0 0 0  00000000
   2.447  2699 3309   0 0  0  0 0 0 0 0  00000000
   2.483  4496 2413  60 1  0  0 0 0 0 0  00000000
   2.496  4466 2413  69 1  0  0 0 0 0 0  00000000
   2.508  4466 2413  70 1  0  0 0 0 0 0  00000000
   2.522  4485 2431  72 1  0  0 0 0 0 0  00000000
   2.547  4485 2432  72 1  0  0 0 0 0 0  00000000
   2.559  4485 2438  68 1  0  0 0 0 0 0  00000000
   2.571  4504 2477  64 1  0  0 0 0 0 0  00000000
   2.583  4504 2504  51 1  0  0 0 0 0 0  00000000
   2.595  4504 2504   0 0  0  0 0 0 0 0  00000000
   2.807  2791 3376  66 1  0  0 0 0 0 0  00000000
   2.820  2791 3374  66 1  0  0 0 0 0 0  00000000
   2.831  2791 3372  68 1  0  0 0 0 0 0  00000000
   2.844  2789 3370  68 1  0  0 0 0 0 0  00000000
   2.857  2788 3369  70 1  0  0 0 0 0 0  00000000
   2.870  2788 3369  69 1  0  0 0 0 0 0  00000000
   2.880  2786 3369  70 1  0  0 0 0 0 0  00000000
   2.893  2784 3370  70 1  0  0 0 0 0 0  00000000
   2.907  2784 3371  69 1  0  0 0 0 0 0  00000000
   2.918  2784 3372  70 1  0  0 0 0 0 0  00000000
   2.931  2784 3373  70 1  0  0 0 0 0 0  00000000
   2.943  2784 3374  70 1  0  0 0 0 0 0  00000000
   2.957  2784 3375  70 1  0  0 0 0 0 0  00000000
   2.968  2784 3375  71 1  0  0 0 0 0 0  00000000
   3.005  2783 3376  71 1  0  0 0 0 0 0  00000000
   3.015  2783 3377  71 1  0  0 0 0 0 0  00000000
   3.025  2783 3378  72 1  0  0 0 0 0 0  00000000
   3.042  2783 3379  73 1  0  0 0 0 0 0  00000000
   3.056  2783 3379  72 1  0  0 0 0 0 0  00000000
   3.080  2783 3379  71 1  0  0 0 0 0 0  00000000
   3.104  2783 3377  69 1  0  0 0 0 0 0  00000000
   3.117  2783 3348  65 1  0  0 0 0 0 0  00000000
   3.129  2783 3348  54 1  0  0 0 0 0 0  00000000
   3.141  2783 3348   0 0  0  0 0 0 0 0  00000000
   3.254  2529 3207  77 1  0  0 0 0 0 0  00000000
   3.267  2527 3188  77 1  0  0 0 0 0 0  00000000
   3.279  2523 3188  80 1  0  0 0 0 0 0  00000000
   3.292  2518 3206  80 1  0  0 0 0 0 0  00000000
   3.303  2517 3206  80 1  0  0 0 0 0 0  00000000
   3.316  2513 3223  76 1  0  0 0 0 0 0  00000000
   3.328  2538 3246  62 1  0  0 0 0 0 0  00000000
   3.340  2538 3246   0 0  0  0 0 0 0 0  00000000
   3.365  4390 2442  86 1  0  0 0 0 0 0  00000000
   3.378  4415 2440  83 1  0  0 0 0 0 0  00000000
   3.390  4415 2439  85 1  0  0 0 0 0 0  00000000
   3.402  4415 2455  86 1  0  0 0 0 0 0  00000000
   3.427  4415 2482  84 1  0  0 0 0 0 0  00000000
   3.441  4416 2483  83 1  0  0 0 0 0 0  00000000
   3.453  4440 2488  79 1  0  0 0 0 0 0  00000000
   3.466  4440 2512  77 1  0  0 0 0 0 0  00000000
   3.477  4440 2513  76 1  0  0 0 0 0 0  00000000
   3.489  4438 2517  75 1  0  0 0 0 0 0  00000000
   3.502  4434 2518  75 1  0  0 0 0 0 0  00000000
   3.515  4432 2519  75 1  0  0 0 0 0 0  00000000
   3.527  4432 2520  75 1  0  0 0 0 0 0  00000000
   3.540  4427 2520  78 1  0  0 0 0 0 0  00000000
   3.552  4427 2520  76 1  0  0 0 0 0 0  00000000
   3.563  4427 2520  75 1  0  0 0 0 0 0  00000000
   3.588  4427 2504  71 1  0  0 0 0 0 0  00000000
   3.601  4427 2504  66 1  0  0 0 0 0 0  00000000
   3.613  4427 2534  49 1  0  0 0 0 0 0  00000000
   3.625  4427 2534   0 0  0  0 0 0 0 0  00000000
   3.676  2414 3342  77 1  0  0 0 0 0 0  00000000
   3.687  2412 3340  76 1  0  0 0 0 0 0  00000000
   3.697  2410 3338  76 1  0  0 0 0 0 0  00000000
   3.707  2410 3336  77 1  0  0 0 0 0 0  00000000
   3.725  2408 3336  77 1  0  0 0 0 0 0  00000000
   3.737  2403 3355  76 1  0  0 0 0 0 0  00000000
   3.750  2401 3356  75 1  0  0 0 0 0 0  00000000
   3.762  2399 3360  75 1  0  0 0 0 0 0  00000000
   3.775  2399 3364  73 1  0  0 0 0 0 0  00000000
   3.788  2399 3370  72 1  0  0 0 0 0 0  00000000
   3.799  2399 3375  71 1  0  0 0 0 0 0  00000000
   3.812  2399 3400  68 1  0  0 0 0 0 0  00000000
   3.825  2399 3400  66 1  0  0 0 0 0 0  00000000
   3.838  2405 3421  62 1  0  0 0 0 0 0  00000000
   3.849  2430 3419  47 1  0  0 0 0 0 0  00000000
   3.860  2430 3419   0 0  0  0 0 0 0 0  00000000
   3.949  4457 2539  82 1  0  0 0 0 0 0  00000000
   3.961  4457 2481  76 1  0  0 0 0 0 0  00000000
   3.973  4457 2482  79 1  0  0 0 0 0 0  00000000
   3.986  4457 2482  78 1  0  0 0 0 0 0  00000000
   4.010  4457 2480  77 1  0  0 0 0 0 0  00000000
   4.023  4457 2480  75 1  0  0 0 0 0 0  00000000
   4.035  4455 2480  69 1  0  0 0 0 0 0  00000000
   4.047  4410 2518  53 1  0  0 0 0 0 0  00000000
   4.059  4410 2518   0 0  0  0 0 0 0 0  00000000
   4.210  2578 3290  66 1  0  0 0 0 0 0  00000000
   4.221  2531 3256  71 1  0  0 0 0 0 0  00000000
   4.235  2531 3256  74 1  0  0 0 0 0 0  00000000
   4.248  2531 3256  73 1  0  0 0 0 0 0  00000000
   4.260  2531 3256  70 1  0  0 0 0 0 0  00000000
   4.271  2532 3282  58 1  0  0 0 0 0 0  00000000
   4.284  2532 3282   0 0  0  0 0 0 0 0  00000000
   4.483  4285 2575  82 1  0  0 0 0 0 0  00000000
   4.494  4286 2499  75 1  0  0 0 0 0 0  00000000
   4.507  4290 2499  78 1  0  0 0 0 0 0  00000000
   4.519  4291 2482  77 1  0  0 0 0 0 0  00000000
   4.532  4292 2482  76 1  0  0 0 0 0 0  00000000
   4.545  4292 2482  77 1  0  0 0 0 0 0  00000000
   4.557  4292 2482  76 1  0  0 0 0 0 0  00000000
   4.607  4292 2483  76 1  0  0 0 0 0 0  00000000
   4.619  4292 2487  75 1  0  0 0 0 0 0  00000000
   4.632  4292 2488  73 1  0  0 0 0 0 0  00000000
   4.643  4293 2489  73 1  0  0 0 0 0 0  00000000
   4.656  4293 2490  67 1  0  0 0 0 0 0  00000000
   4.668  4336 2517  46 1  0  0 0 0 0 0  00000000
   4.680  4336 2517   0 0  0  0 0 0 0 0  00000000
   4.756  2435 3188  76 1  0  0 0 0 0 0  00000000
   4.768  2436 3165  74 1  0  0 0 0 0 0  00000000
   4.780  2436 3165  76 1  0  0 0 0 0 0  00000000
   4.793  2437 3166  75 1  0  0 0 0 0 0  00000000
   4.805  2441 3193  73 1  0  0 0 0 0 0  00000000
   4.817  2469 3243  69 1  0  0 0 0 0 0  00000000
   4.829  2502 3302  59 1  0  0 0 0 0 0  00000000
   4.842  2502 3302   0 0  0  0 0 0 0 0  00000000
   5.078  4342 2422  83 1  0  0 0 0 0 0  00000000
   5.090  4343 2376  78 1  0  0 0 0 0 0  00000000
   5.103  4344 2376  81 1  0  0 0 0 0 0  00000000
   5.114  4349 2376  82 1  0  0 0 0 0 0  00000000
   5.124  4350 2376  82 1  0  0 0 0 0 0  00000000
   5.134  4351 2376  82 1  0  0 0 0 0 0  00000000
   5.152  4351 2376  81 1  0  0 0 0 0 0  00000000
   5.165  4350 2376  80 1  0  0 0 0 0 0  00000000
   5.251  4351 2376  80 1  0  0 0 0 0 0  00000000
   5.265  4352 2376  81 1  0  0 0 0 0 0  00000000
   5.277  4353 2375  77 1  0  0 0 0 0 0  00000000
   5.288  4358 2374  72 1  0  0 0 0 0 0  00000000
   5.301  4324 2372  43 1  0  0 0 0 0 0  00000000
   5.312  4324 2372   0 0  0  0 0 0 0 0  00000000
