time	 y	 z	 f	 w	 l	 r	 u	 d	 m	 multi
   0.000  2559 4040   0 0  0  0 0 0 0 0  00000000
   1.231  2671 3368  45 1  0  0 0 0 0 0  00000000
   1.241  2671 3368   0 0  0  0 0 0 0 0  00000000
   1.379  2797 3243  53 1  0  0 0 0 0 0  00000000
   1.393  2759 3204  73 1  0  0 0 0 0 0  00000000
   1.405  2758 3188  75 1  0  0 0 0 0 0  00000000
   1.417  2754 3186  75 1  0  0 0 0 0 0  00000000
   1.430  2753 3181  76 1  0  0 0 0 0 0  00000000
   1.442  2752 3179  75 1  0  0 0 0 0 0  00000000
   1.455  2752 3185  70 1  0  0 0 0 0 0  00000000
   1.467  2777 3243  56 1  0  0 0 0 0 0  00000000
   1.477  2777 3243   0 0  0  0 0 0 0 0  00000000
   1.677  2746 3302  77 1  0  0 0 0 0 0  00000000
   1.690  2746 3261  74 1  0  0 0 0 0 0  00000000
   1.703  2746 3259  76 1  0  0 0 0 0 0  00000000
   1.727  2745 3259  73 1  0  0 0 0 0 0  00000000
   1.740  2745 3278  70 1  0  0 0 0 0 0  00000000
   1.752  2770 3310  62 1  0  0 0 0 0 0  00000000
   1.764  2771 3309  39 1  0  0 0 0 0 0  00000000
   1.776  2771 3309   0 0  0  0 0 0 0 0  00000000
   1.963  2626 3590  77 1  0  0 0 0 0 0  00000000
   1.976  2627 3544  71 1  0  0 0 0 0 0  00000000
   1.988  2628 3509  75 1  0  0 0 0 0 0  00000000
   2.000  2629 3507  77 1  0  0 0 0 0 0  00000000
   2.014  2629 3501  77 1  0  0 0 0 0 0  00000000
   2.026  2629 3499  77 1  0  0 0 0 0 0  00000000
   2.038  2629 3499  76 1  0  0 0 0 0 0  00000000
   2.050  2629 3500  77 1  0  0 0 0 0 0  00000000
   2.062  2629 3501  75 1  0  0 0 0 0 0  00000000
   2.075  2628 3502  76 1  0  0 0 0 0 0  00000000
   2.087  2628 3503  75 1  0  0 0 0 0 0  00000000
   2.101  2628 3507  75 1  0  0 0 0 0 0  00000000
   2.112  2624 3507  76 1  0  0 0 0 0 0  00000000
   2.124  2623 3507  76 1  0  0 0 0 0 0  00000000
   2.149  2623 3507  75 1  0  0 0 0 0 0  00000000
   2.162  2623 3507  76 1  0  0 0 0 0 0  00000000
   2.199  2623 3505  76 1  0  0 0 0 0 0  00000000
   2.212  2623 3503  77 1  0  0 0 0 0 0  00000000
   2.224  2623 3503  76 1  0  0 0 0 0 0  00000000
   2.237  2623 3503  77 1  0  0 0 0 0 0  00000000
   2.249  2623 3503  76 1  0  0 0 0 0 0  00000000
   2.262  2623 3503  77 1  0  0 0 0 0 0  00000000
   2.311  2623 3503  76 1  0  0 0 0 0 0  00000000
   2.335  2623 3503  77 1  0  0 0 0 0 0  00000000
   2.360  2623 3503  76 1  0  0 0 0 0 0  00000000
   2.374  2623 3503  77 1  0  0 0 0 0 0  00000000
   2.397  2623 3503  78 1  0  0 0 0 0 0  00000000
   2.409  2623 3503  77 1  0  0 0 0 0 0  00000000
   2.485  2623 3503  76 1  0  0 0 0 0 0  00000000
   2.497  2623 3503  77 1  0  0 0 0 0 0  00000000
   2.510  2623 3503  76 1  0  0 0 0 0 0  00000000
   2.521  2623 3503  77 1  0  0 0 0 0 0  00000000
   2.535  2623 3502  77 1  0  0 0 0 0 0  00000000
   2.547  2624 3502  75 1  0  0 0 0 0 0  00000000
   2.559  2624 3502  76 1  0  0 0 0 0 0  00000000
   2.571  2624 3500  76 1  0  0 0 0 0 0  00000000
   2.583  2624 3498  75 1  0  0 0 0 0 0  00000000
   2.596  2624 3498  76 1  0  0 0 0 0 0  00000000
   2.621  2624 3496  76 1  0  0 0 0 0 0  00000000
   2.645  2624 3496  75 1  0  0 0 0 0 0  00000000
   2.657  2624 3496  76 1  0  0 0 0 0 0  00000000
   2.670  2624 3496  74 1  0  0 0 0 0 0  00000000
   2.683  2658 3496  64 1  0  0 0 0 0 0  00000000
   2.696  2658 3496   0 0  0  0 0 0 0 0  00000000
   2.807  2873 3219  49 1  0  0 0 0 0 0  00000000
   2.820  2805 3191  76 1  0  0 0 0 0 0  00000000
   2.831  2803 3189  76 1  0  0 0 0 0 0  00000000
   2.844  2802 3183  77 1  0  0 0 0 0 0  00000000
   2.856  2802 3181  78 1  0  0 0 0 0 0  00000000
   2.869  2797 3181  77 1  0  0 0 0 0 0  00000000
   2.881  2795 3181  77 1  0  0 0 0 0 0  00000000
   2.894  2793 3181  77 1  0  0 0 0 0 0  00000000
   2.906  2792 3181  76 1  0  0 0 0 0 0  00000000
   2.918  2788 3181  76 1  0  0 0 0 0 0  00000000
   2.931  2787 3181  77 1  0  0 0 0 0 0  00000000
   2.943  2787 3179  77 1  0  0 0 0 0 0  00000000
   2.955  2787 3174  77 1  0  0 0 0 0 0  00000000
   2.968  2787 3169  76 1  0  0 0 0 0 0  00000000
   2.981  2787 3167  77 1  0  0 0 0 0 0  00000000
   2.994  2787 3166  76 1  0  0 0 0 0 0  00000000
   3.006  2787 3164  76 1  0  0 0 0 0 0  00000000
   3.019  2787 3164  77 1  0  0 0 0 0 0  00000000
   3.031  2787 3162  76 1  0  0 0 0 0 0  00000000
   3.042  2787 3160  77 1  0  0 0 0 0 0  00000000
   3.055  2787 3160  76 1  0  0 0 0 0 0  00000000
   3.105  2786 3160  77 1  0  0 0 0 0 0  00000000
   3.118  2786 3160  76 1  0  0 0 0 0 0  00000000
   3.130  2786 3160  77 1  0  0 0 0 0 0  00000000
   3.167  2786 3160  76 1  0  0 0 0 0 0  00000000
   3.179  2786 3161  77 1  0  0 0 0 0 0  00000000
   3.192  2786 3162  77 1  0  0 0 0 0 0  00000000
   3.203  2786 3163  78 1  0  0 0 0 0 0  00000000
   3.216  2786 3164  79 1  0  0 0 0 0 0  00000000
   3.228  2786 3168  77 1  0  0 0 0 0 0  00000000
   3.241  2786 3169  78 1  0  0 0 0 0 0  00000000
   3.254  2787 3170  77 1  0  0 0 0 0 0  00000000
   3.266  2788 3171  78 1  0  0 0 0 0 0  00000000
   3.278  2792 3177  79 1  0  0 0 0 0 0  00000000
   3.290  2792 3178  79 1  0  0 0 0 0 0  00000000
   3.303  2792 3179  80 1  0  0 0 0 0 0  00000000
   3.316  2792 3185  79 1  0  0 0 0 0 0  00000000
   3.328  2792 3186  79 1  0  0 0 0 0 0  00000000
   3.341  2792 3187  80 1  0  0 0 0 0 0  00000000
   3.353  2792 3191  80 1  0  0 0 0 0 0  00000000
   3.366  2792 3192  80 1  0  0 0 0 0 0  00000000
   3.391  2792 3192  82 1  0  0 0 0 0 0  00000000
   3.401  2792 3192  80 1  0  0 0 0 0 0  00000000
   3.452  2792 3192  78 1  0  0 0 0 0 0  00000000
   3.465  2792 3191  76 1  0  0 0 0 0 0  00000000
   3.476  2830 3198  69 1  0  0 0 0 0 0  00000000
   3.488  2830 3198   0 0  0  0 0 0 0 0  00000000
   3.676  3007 3193  75 1  0  0 0 0 0 0  00000000
   3.688  3007 3139  73 1  0  0 0 0 0 0  00000000
   3.700  3003 3139  75 1  0  0 0 0 0 0  00000000
   3.713  2998 3166  75 1  0  0 0 0 0 0  00000000
   3.725  2997 3191  72 1  0  0 0 0 0 0  00000000
   3.737  2974 3274  65 1  0  0 0 0 0 0  00000000
   3.750  2941 3335  47 1  0  0 0 0 0 0  00000000
   3.762  2941 3335   0 0  0  0 0 0 0 0  00000000
   3.924  3018 3314  71 1  0  0 0 0 0 0  00000000
   3.937  2979 3212  75 1  0  0 0 0 0 0  00000000
   3.948  2977 3178  76 1  0  0 0 0 0 0  00000000
   3.961  2975 3154  77 1  0  0 0 0 0 0  00000000
   3.973  2970 3154  77 1  0  0 0 0 0 0  00000000
   3.986  2969 3154  77 1  0  0 0 0 0 0  00000000
   3.998  2969 3155  77 1  0  0 0 0 0 0  00000000
   4.010  2969 3159  77 1  0  0 0 0 0 0  00000000
   4.023  2968 3165  77 1  0  0 0 0 0 0  00000000
   4.036  2968 3170  76 1  0  0 0 0 0 0  00000000
   4.048  2968 3176  76 1  0  0 0 0 0 0  00000000
   4.060  2968 3177  76 1  0  0 0 0 0 0  00000000
   4.073  2968 3178  76 1  0  0 0 0 0 0  00000000
   4.085  2968 3179  76 1  0  0 0 0 0 0  00000000
   4.098  2968 3180  76 1  0  0 0 0 0 0  00000000
   4.111  2968 3180  77 1  0  0 0 0 0 0  00000000
   4.122  2967 3179  78 1  0  0 0 0 0 0  00000000
   4.134  2967 3179  77 1  0  0 0 0 0 0  00000000
   4.146  2967 3179  78 1  0  0 0 0 0 0  00000000
   4.159  2967 3177  77 1  0  0 0 0 0 0  00000000
   4.185  2967 3176  77 1  0  0 0 0 0 0  00000000
   4.197  2967 3176  78 1  0  0 0 0 0 0  00000000
   4.209  2965 3176  77 1  0  0 0 0 0 0  00000000
   4.308  2965 3177  78 1  0  0 0 0 0 0  00000000
   4.320  2965 3181  78 1  0  0 0 0 0 0  00000000
   4.332  2965 3182  78 1  0  0 0 0 0 0  00000000
   4.345  2965 3183  78 1  0  0 0 0 0 0  00000000
   4.358  2965 3187  78 1  0  0 0 0 0 0  00000000
   4.371  2965 3188  78 1  0  0 0 0 0 0  00000000
   4.383  2965 3189  79 1  0  0 0 0 0 0  00000000
   4.395  2965 3190  78 1  0  0 0 0 0 0  00000000
   4.407  2965 3191  79 1  0  0 0 0 0 0  00000000
   4.420  2965 3192  79 1  0  0 0 0 0 0  00000000
   4.433  2965 3193  80 1  0  0 0 0 0 0  00000000
   4.445  2965 3194  79 1  0  0 0 0 0 0  00000000
   4.458  2965 3195  80 1  0  0 0 0 0 0  00000000
   4.470  2965 3196  81 1  0  0 0 0 0 0  00000000
   4.483  2965 3197  80 1  0  0 0 0 0 0  00000000
   4.556  2965 3196  80 1  0  0 0 0 0 0  00000000
   4.569  2965 3191  80 1  0  0 0 0 0 0  00000000
   4.581  2965 3189  81 1  0  0 0 0 0 0  00000000
   4.594  2965 3183  80 1  0  0 0 0 0 0  00000000
   4.606  2965 3179  80 1  0  0 0 0 0 0  00000000
   4.618  2965 3174  80 1  0  0 0 0 0 0  00000000
   4.631  2965 3169  80 1  0  0 0 0 0 0  00000000
   4.643  2965 3167  80 1  0  0 0 0 0 0  00000000
   4.656  2965 3162  80 1  0  0 0 0 0 0  00000000
   4.668  2965 3156  79 1  0  0 0 0 0 0  00000000
   4.681  2965 3154  79 1  0  0 0 0 0 0  00000000
   4.718  2965 3154  78 1  0  0 0 0 0 0  00000000
   4.729  2965 3154  76 1  0  0 0 0 0 0  00000000
   4.742  2965 3155  74 1  0  0 0 0 0 0  00000000
   4.755  3004 3193  65 1  0  0 0 0 0 0  00000000
   4.768  3005 3257  43 1  0  0 0 0 0 0  00000000
   4.778  3005 3257   0 0  0  0 0 0 0 0  00000000
   5.065  2753 3531  78 1  0  0 0 0 0 0  00000000
   5.077  2753 3498  76 1  0  0 0 0 0 0  00000000
   5.089  2753 3498  77 1  0  0 0 0 0 0  00000000
   5.102  2751 3496  77 1  0  0 0 0 0 0  00000000
   5.115  2749 3494  78 1  0  0 0 0 0 0  00000000
   5.128  2748 3494  79 1  0  0 0 0 0 0  00000000
   5.139  2748 3494  78 1  0  0 0 0 0 0  00000000
   5.165  2746 3494  78 1  0  0 0 0 0 0  00000000
   5.176  2746 3489  78 1  0  0 0 0 0 0  00000000
   5.189  2746 3487  78 1  0  0 0 0 0 0  00000000
   5.202  2746 3485  77 1  0  0 0 0 0 0  00000000
   5.214  2744 3479  77 1  0  0 0 0 0 0  00000000
   5.225  2744 3457  76 1  0  0 0 0 0 0  00000000
   5.238  2744 3457  77 1  0  0 0 0 0 0  00000000
   5.252  2744 3441  77 1  0  0 0 0 0 0  00000000
   5.263  2744 3441  75 1  0  0 0 0 0 0  00000000
   5.275  2744 3441  74 1  0  0 0 0 0 0  00000000
   5.288  2744 3441  73 1  0  0 0 0 0 0  00000000
   5.300  2744 3445  58 1  0  0 0 0 0 0  00000000
   5.312  2744 3445   0 0  0  0 0 0 0 0  00000000
   5.636  2887 3384  77 1  0  0 0 0 0 0  00000000
   5.649  2887 3310  75 1  0  0 0 0 0 0  00000000
   5.660  2888 3256  77 1  0  0 0 0 0 0  00000000
   5.674  2889 3254  76 1  0  0 0 0 0 0  00000000
   5.686  2890 3252  74 1  0  0 0 0 0 0  00000000
   5.698  2933 3250  68 1  0  0 0 0 0 0  00000000
   5.711  2973 3279  49 1  0  0 0 0 0 0  00000000
   5.721  2973 3279   0 0  0  0 0 0 0 0  00000000
   5.870  3166 3130  76 1  0  0 0 0 0 0  00000000
   5.885  3133 3063  72 1  0  0 0 0 0 0  00000000
   5.897  3133 3063  75 1  0  0 0 0 0 0  00000000
   5.909  3116 3063  75 1  0  0 0 0 0 0  00000000
   5.922  3116 3081  75 1  0  0 0 0 0 0  00000000
   5.934  3116 3111  71 1  0  0 0 0 0 0  00000000
   5.947  3076 3193  66 1  0  0 0 0 0 0  00000000
   5.958  3016 3309  45 1  0  0 0 0 0 0  00000000
   5.969  3016 3309   0 0  0  0 0 0 0 0  00000000
   6.183  2746 3330  77 1  0  0 0 0 0 0  00000000
   6.195  2746 3286  77 1  0  0 0 0 0 0  00000000
   6.206  2747 3248  78 1  0  0 0 0 0 0  00000000
   6.218  2748 3248  79 1  0  0 0 0 0 0  00000000
   6.232  2748 3248  78 1  0  0 0 0 0 0  00000000
   6.244  2748 3249  79 1  0  0 0 0 0 0  00000000
   6.257  2748 3253  79 1  0  0 0 0 0 0  00000000
   6.268  2748 3257  79 1  0  0 0 0 0 0  00000000
   6.281  2748 3262  78 1  0  0 0 0 0 0  00000000
   6.294  2747 3266  79 1  0  0 0 0 0 0  00000000
   6.306  2747 3267  77 1  0  0 0 0 0 0  00000000
   6.318  2745 3267  78 1  0  0 0 0 0 0  00000000
   6.331  2744 3263  78 1  0  0 0 0 0 0  00000000
   6.344  2744 3261  77 1  0  0 0 0 0 0  00000000
   6.355  2743 3256  77 1  0  0 0 0 0 0  00000000
   6.368  2743 3252  78 1  0  0 0 0 0 0  00000000
   6.380  2743 3247  77 1  0  0 0 0 0 0  00000000
   6.393  2743 3242  78 1  0  0 0 0 0 0  00000000
   6.405  2741 3240  78 1  0  0 0 0 0 0  00000000
   6.418  2741 3235  77 1  0  0 0 0 0 0  00000000
   6.430  2741 3230  77 1  0  0 0 0 0 0  00000000
   6.442  2741 3228  78 1  0  0 0 0 0 0  00000000
   6.455  2741 3226  77 1  0  0 0 0 0 0  00000000
   6.467  2740 3222  77 1  0  0 0 0 0 0  00000000
   6.480  2740 3221  77 1  0  0 0 0 0 0  00000000
   6.491  2740 3221  76 1  0  0 0 0 0 0  00000000
   6.504  2740 3220  77 1  0  0 0 0 0 0  00000000
   6.516  2741 3220  77 1  0  0 0 0 0 0  00000000
   6.541  2742 3221  77 1  0  0 0 0 0 0  00000000
   6.553  2742 3222  77 1  0  0 0 0 0 0  00000000
   6.566  2742 3227  77 1  0  0 0 0 0 0  00000000
   6.578  2743 3233  77 1  0  0 0 0 0 0  00000000
   6.591  2743 3234  78 1  0  0 0 0 0 0  00000000
   6.603  2743 3235  78 1  0  0 0 0 0 0  00000000
   6.617  2743 3241  78 1  0  0 0 0 0 0  00000000
   6.629  2743 3246  78 1  0  0 0 0 0 0  00000000
   6.642  2743 3247  79 1  0  0 0 0 0 0  00000000
   6.653  2744 3253  79 1  0  0 0 0 0 0  00000000
   6.665  2744 3259  79 1  0  0 0 0 0 0  00000000
   6.678  2745 3263  80 1  0  0 0 0 0 0  00000000
   6.703  2745 3264  80 2  0  0 0 0 0 0  00000000
   6.729  2745 3264  78 2  0  0 0 0 0 0  00000000
   6.765  2745 3264  80 1  0  0 0 0 0 0  00000000
   6.777  2745 3264  79 1  0  0 0 0 0 0  00000000
   6.789  2745 3264  77 1  0  0 0 0 0 0  00000000
   6.802  2749 3265  73 1  0  0 0 0 0 0  00000000
   6.814  2770 3302  65 1  0  0 0 0 0 0  00000000
   6.827  2770 3335  40 1  0  0 0 0 0 0  00000000
   6.838  2770 3335   0 0  0  0 0 0 0 0  00000000
   7.347  2659 3132  77 1  0  0 0 0 0 0  00000000
   7.361  2659 3116  77 1  0  0 0 0 0 0  00000000
   7.373  2659 3116  79 1  0  0 0 0 0 0  00000000
   7.385  2655 3114  78 1  0  0 0 0 0 0  00000000
   7.398  2651 3113  77 1  0  0 0 0 0 0  00000000
   7.409  2651 3113  74 1  0  0 0 0 0 0  00000000
   7.423  2649 3154  69 1  0  0 0 0 0 0  00000000
   7.435  2649 3212  56 1  0  0 0 0 0 0  00000000
   7.447  2649 3212   0 0  0  0 0 0 0 0  00000000
   7.621  2649 3129  77 1  0  0 0 0 0 0  00000000
   7.633  2647 3127  75 1  0  0 0 0 0 0  00000000
   7.646  2647 3122  77 1  0  0 0 0 0 0  00000000
   7.658  2647 3120  76 1  0  0 0 0 0 0  00000000
   7.672  2647 3120  74 1  0  0 0 0 0 0  00000000
   7.683  2647 3146  70 1  0  0 0 0 0 0  00000000
   7.696  2647 3188  63 1  0  0 0 0 0 0  00000000
   7.709  2640 3239  40 1  0  0 0 0 0 0  00000000
   7.719  2640 3239   0 0  0  0 0 0 0 0  00000000
   7.869  2821 3203  66 1  0  0 0 0 0 0  00000000
   7.882  2770 3122  74 1  0  0 0 0 0 0  00000000
   7.894  2770 3120  77 1  0  0 0 0 0 0  00000000
   7.906  2770 3115  78 1  0  0 0 0 0 0  00000000
   7.921  2770 3113  77 1  0  0 0 0 0 0  00000000
   7.932  2770 3113  75 1  0  0 0 0 0 0  00000000
   7.943  2770 3138  72 1  0  0 0 0 0 0  00000000
   7.956  2771 3166  65 1  0  0 0 0 0 0  00000000
   7.968  2820 3193  41 1  0  0 0 0 0 0  00000000
   7.979  2820 3193   0 0  0  0 0 0 0 0  00000000
   8.105  3031 3088  36 1  0  0 0 0 0 0  00000000
   8.117  2966 3022  74 1  0  0 0 0 0 0  00000000
   8.130  2966 3022  76 1  0  0 0 0 0 0  00000000
   8.144  2966 3018  77 1  0  0 0 0 0 0  00000000
   8.155  2965 3017  77 1  0  0 0 0 0 0  00000000
   8.167  2965 3017  76 1  0  0 0 0 0 0  00000000
   8.180  2965 3034  72 1  0  0 0 0 0 0  00000000
   8.191  2965 3073  63 1  0  0 0 0 0 0  00000000
   8.203  2965 3073   0 0  0  0 0 0 0 0  00000000
   8.403  3005 3111  77 1  0  0 0 0 0 0  00000000
   8.416  3003 3036  73 1  0  0 0 0 0 0  00000000
   8.428  3001 3035  76 1  0  0 0 0 0 0  00000000
   8.440  2999 3030  77 1  0  0 0 0 0 0  00000000
   8.453  2997 3029  77 1  0  0 0 0 0 0  00000000
   8.465  2993 3029  77 1  0  0 0 0 0 0  00000000
   8.478  2992 3029  78 1  0  0 0 0 0 0  00000000
   8.490  2990 3029  77 1  0  0 0 0 0 0  00000000
   8.502  2988 3029  77 1  0  0 0 0 0 0  00000000
   8.539  2988 3029  76 1  0  0 0 0 0 0  00000000
   8.553  2984 3029  76 1  0  0 0 0 0 0  00000000
   8.589  2984 3028  77 1  0  0 0 0 0 0  00000000
   8.601  2984 3027  77 1  0  0 0 0 0 0  00000000
   8.626  2984 3025  77 1  0  0 0 0 0 0  00000000
   8.788  2984 3023  77 1  0  0 0 0 0 0  00000000
   8.800  2984 3023  78 1  0  0 0 0 0 0  00000000
   8.813  2984 3023  77 1  0  0 0 0 0 0  00000000
   8.826  2984 3023  78 1  0  0 0 0 0 0  00000000
   8.849  2984 3022  78 1  0  0 0 0 0 0  00000000
   8.899  2984 3022  77 1  0  0 0 0 0 0  00000000
   8.912  2984 3022  78 1  0  0 0 0 0 0  00000000
   8.924  2984 3020  78 1  0  0 0 0 0 0  00000000
   8.949  2984 3019  77 1  0  0 0 0 0 0  00000000
   8.961  2984 3019  78 1  0  0 0 0 0 0  00000000
   8.986  2984 3019  77 1  0  0 0 0 0 0  00000000
   9.012  2984 3018  78 1  0  0 0 0 0 0  00000000
   9.025  2985 3018  78 1  0  0 0 0 0 0  00000000
   9.048  2985 3017  78 1  0  0 0 0 0 0  00000000
   9.061  2985 3015  77 1  0  0 0 0 0 0  00000000
   9.072  2985 3013  77 1  0  0 0 0 0 0  00000000
   9.086  2985 3011  77 1  0  0 0 0 0 0  00000000
   9.098  2985 3009  77 1  0  0 0 0 0 0  00000000
   9.110  2985 3009  78 1  0  0 0 0 0 0  00000000
   9.123  2985 3009  77 1  0  0 0 0 0 0  00000000
   9.135  2985 3009  78 1  0  0 0 0 0 0  00000000
   9.148  2985 3009  77 1  0  0 0 0 0 0  00000000
   9.161  2985 3009  78 1  0  0 0 0 0 0  00000000
   9.173  2985 3008  77 1  0  0 0 0 0 0  00000000
   9.185  2985 3008  78 1  0  0 0 0 0 0  00000000
   9.235  2985 3008  79 1  0  0 0 0 0 0  00000000
   9.246  2985 3007  78 1  0  0 0 0 0 0  00000000
   9.284  2985 3006  78 1  0  0 0 0 0 0  00000000
   9.297  2985 3006  77 1  0  0 0 0 0 0  00000000
   9.309  2985 3005  78 1  0  0 0 0 0 0  00000000
   9.321  2985 3003  78 1  0  0 0 0 0 0  00000000
   9.345  2985 3003  79 1  0  0 0 0 0 0  00000000
   9.358  2985 3001  78 1  0  0 0 0 0 0  00000000
   9.370  2985 3000  79 1  0  0 0 0 0 0  00000000
   9.382  2985 3000  78 1  0  0 0 0 0 0  00000000
   9.419  2985 2996  79 1  0  0 0 0 0 0  00000000
   9.432  2985 2995  79 1  0  0 0 0 0 0  00000000
   9.445  2985 2995  78 1  0  0 0 0 0 0  00000000
   9.457  2985 2995  79 1  0  0 0 0 0 0  00000000
   9.471  2985 2999  79 1  0  0 0 0 0 0  00000000
   9.482  2986 3020  78 1  0  0 0 0 0 0  00000000
   9.495  2987 3020  76 1  0  0 0 0 0 0  00000000
   9.507  3016 3045  71 1  0  0 0 0 0 0  00000000
   9.519  3016 3045   0 0  0  0 0 0 0 0  00000000
