time	 y	 z	 f	 w	 l	 r	 u	 d	 m	 multi
   0.000  2675 3496   0 0  0  0 0 0 0 0  00000000
   2.605  2910 3496  77 1  0  0 0 0 0 0  00000000
   2.630  2910 3502  82 1  0  0 0 0 0 0  00000000
   2.643  2910 3503  81 1  0  0 0 0 0 0  00000000
   2.655  2910 3533  80 1  0  0 0 0 0 0  00000000
   2.667  2931 3560  77 1  0  0 0 0 0 0  00000000
   2.678  2953 3579  71 1  0  0 0 0 0 0  00000000
   2.692  3002 3580  53 1  0  0 0 0 0 0  00000000
   2.703  3002 3580   0 0  0  0 0 0 0 0  00000000
   2.728  4092 2265  68 1  0  0 0 0 0 0  00000000
   2.741  4090 2265  67 1  0  0 0 0 0 0  00000000
   2.754  4089 2265  70 1  0  0 0 0 0 0  00000000
   2.766  4087 2265  71 1  0  0 0 0 0 0  00000000
   2.779  4087 2263  70 1  0  0 0 0 0 0  00000000
   2.790  4087 2257  70 1  0  0 0 0 0 0  00000000
   2.803  4087 2250  69 1  0  0 0 0 0 0  00000000
   2.815  4088 2222  67 1  0  0 0 0 0 0  00000000
   2.829  4092 2220  63 1  0  0 0 0 0 0  00000000
   2.839  4140 2189  45 1  0  0 0 0 0 0  00000000
   2.851  4140 2189   0 0  0  0 0 0 0 0  00000000
   2.890  2669 3599  74 1  0  0 0 0 0 0  00000000
   2.902  2642 3558  68 1  0  0 0 0 0 0  00000000
   2.916  2640 3554  71 1  0  0 0 0 0 0  00000000
   2.927  2617 3511  72 1  0  0 0 0 0 0  00000000
   2.941  2617 3507  70 1  0  0 0 0 0 0  00000000
   2.953  2615 3478  66 1  0  0 0 0 0 0  00000000
   2.965  2591 3476  54 1  0  0 0 0 0 0  00000000
   2.978  2591 3476   0 0  0  0 0 0 0 0  00000000
   3.213  3994 2314  72 1  0  0 0 0 0 0  00000000
   3.225  3994 2281  68 1  0  0 0 0 0 0  00000000
   3.237  3994 2281  70 1  0  0 0 0 0 0  00000000
   3.249  3994 2281  69 1  0  0 0 0 0 0  00000000
   3.262  3994 2281  67 1  0  0 0 0 0 0  00000000
   3.275  3995 2299  63 1  0  0 0 0 0 0  00000000
   3.287  4032 2333  47 1  0  0 0 0 0 0  00000000
   3.299  4032 2333   0 0  0  0 0 0 0 0  00000000
   3.535  2824 3465  77 1  0  0 0 0 0 0  00000000
   3.547  2822 3441  73 1  0  0 0 0 0 0  00000000
   3.560  2818 3441  77 1  0  0 0 0 0 0  00000000
   3.572  2817 3441  77 1  0  0 0 0 0 0  00000000
   3.585  2817 3441  76 1  0  0 0 0 0 0  00000000
   3.597  2817 3441  77 1  0  0 0 0 0 0  00000000
   3.609  2817 3441  76 1  0  0 0 0 0 0  00000000
   3.635  2817 3441  74 1  0  0 0 0 0 0  00000000
   3.697  2816 3441  75 1  0  0 0 0 0 0  00000000
   3.709  2815 3441  75 1  0  0 0 0 0 0  00000000
   3.733  2814 3441  76 1  0  0 0 0 0 0  00000000
   3.771  2814 3441  77 1  0  0 0 0 0 0  00000000
   3.795  2814 3441  79 1  0  0 0 0 0 0  00000000
   3.807  2814 3440  78 1  0  0 0 0 0 0  00000000
   3.820  2814 3438  78 1  0  0 0 0 0 0  00000000
   3.834  2814 3438  76 1  0  0 0 0 0 0  00000000
   3.845  2812 3436  75 1  0  0 0 0 0 0  00000000
   3.857  2810 3431  73 1  0  0 0 0 0 0  00000000
   3.870  2810 3429  69 1  0  0 0 0 0 0  00000000
   3.883  2810 3429  63 1  0  0 0 0 0 0  00000000
   3.895  2806 3455  51 1  0  0 0 0 0 0  00000000
   3.907  2806 3455   0 0  0  0 0 0 0 0  00000000
   4.007  4240 2321  49 1  0  0 0 0 0 0  00000000
   4.020  4165 2343  68 1  0  0 0 0 0 0  00000000
   4.033  4165 2344  70 1  0  0 0 0 0 0  00000000
   4.043  4165 2345  70 1  0  0 0 0 0 0  00000000
   4.055  4166 2346  69 1  0  0 0 0 0 0  00000000
   4.065  4167 2347  69 1  0  0 0 0 0 0  00000000
   4.075  4168 2348  68 1  0  0 0 0 0 0  00000000
   4.093  4201 2327  53 1  0  0 0 0 0 0  00000000
   4.105  4201 2327   0 0  0  0 0 0 0 0  00000000
   4.143  2728 3689  77 1  0  0 0 0 0 0  00000000
   4.155  2711 3687  75 1  0  0 0 0 0 0  00000000
   4.168  2711 3683  77 1  0  0 0 0 0 0  00000000
   4.181  2711 3681  77 1  0  0 0 0 0 0  00000000
   4.194  2711 3676  76 1  0  0 0 0 0 0  00000000
   4.205  2711 3675  74 1  0  0 0 0 0 0  00000000
   4.217  2712 3675  72 1  0  0 0 0 0 0  00000000
   4.230  2743 3675  67 1  0  0 0 0 0 0  00000000
   4.242  2778 3658  60 1  0  0 0 0 0 0  00000000
   4.254  2778 3658   0 0  0  0 0 0 0 0  00000000
   4.416  4251 2068  41 1  0  0 0 0 0 0  00000000
   4.428  4166 2090  67 1  0  0 0 0 0 0  00000000
   4.441  4166 2088  67 1  0  0 0 0 0 0  00000000
   4.453  4166 2086  67 1  0  0 0 0 0 0  00000000
   4.467  4166 2080  66 1  0  0 0 0 0 0  00000000
   4.478  4166 2078  64 1  0  0 0 0 0 0  00000000
   4.490  4150 2076  57 1  0  0 0 0 0 0  00000000
   4.503  4169 2111  39 1  0  0 0 0 0 0  00000000
   4.514  4169 2111   0 0  0  0 0 0 0 0  00000000
   4.701  2643 3504  78 1  0  0 0 0 0 0  00000000
   4.714  2643 3504  76 1  0  0 0 0 0 0  00000000
   4.726  2643 3502  78 1  0  0 0 0 0 0  00000000
   4.738  2643 3500  79 1  0  0 0 0 0 0  00000000
   4.752  2643 3498  79 1  0  0 0 0 0 0  00000000
   4.763  2643 3498  78 1  0  0 0 0 0 0  00000000
   4.776  2643 3498  77 1  0  0 0 0 0 0  00000000
   4.788  2643 3497  77 1  0  0 0 0 0 0  00000000
   4.801  2644 3496  76 1  0  0 0 0 0 0  00000000
   4.813  2644 3495  76 1  0  0 0 0 0 0  00000000
   4.827  2644 3493  75 1  0  0 0 0 0 0  00000000
   4.838  2644 3493  74 1  0  0 0 0 0 0  00000000
   4.851  2644 3491  74 1  0  0 0 0 0 0  00000000
   4.862  2644 3489  74 1  0  0 0 0 0 0  00000000
   4.874  2644 3487  74 1  0  0 0 0 0 0  00000000
   4.888  2644 3487  75 1  0  0 0 0 0 0  00000000
   4.899  2644 3487  76 1  0  0 0 0 0 0  00000000
   4.912  2642 3487  76 1  0  0 0 0 0 0  00000000
   4.924  2641 3487  76 1  0  0 0 0 0 0  00000000
   4.937  2640 3488  76 1  0  0 0 0 0 0  00000000
   4.950  2640 3492  77 1  0  0 0 0 0 0  00000000
   4.963  2640 3493  77 1  0  0 0 0 0 0  00000000
   4.975  2640 3498  77 1  0  0 0 0 0 0  00000000
   4.987  2640 3504  79 1  0  0 0 0 0 0  00000000
   5.000  2640 3510  79 1  0  0 0 0 0 0  00000000
   5.012  2640 3511  80 1  0  0 0 0 0 0  00000000
   5.025  2640 3517  79 1  0  0 0 0 0 0  00000000
   5.037  2640 3523  77 1  0  0 0 0 0 0  00000000
   5.050  2659 3524  70 1  0  0 0 0 0 0  00000000
   5.062  2632 3557  50 1  0  0 0 0 0 0  00000000
   5.073  2632 3557   0 0  0  0 0 0 0 0  00000000
   5.186  4101 2347  72 1  0  0 0 0 0 0  00000000
   5.198  4069 2319  69 1  0  0 0 0 0 0  00000000
   5.210  4069 2319  72 1  0  0 0 0 0 0  00000000
   5.223  4069 2320  71 1  0  0 0 0 0 0  00000000
   5.235  4069 2321  70 1  0  0 0 0 0 0  00000000
   5.248  4067 2321  69 1  0  0 0 0 0 0  00000000
   5.260  4067 2321  66 1  0  0 0 0 0 0  00000000
   5.273  4066 2302  50 1  0  0 0 0 0 0  00000000
   5.283  4066 2302   0 0  0  0 0 0 0 0  00000000
   5.321  2679 3680  79 1  0  0 0 0 0 0  00000000
   5.347  2678 3661  80 1  0  0 0 0 0 0  00000000
   5.360  2676 3661  79 1  0  0 0 0 0 0  00000000
   5.385  2676 3661  77 1  0  0 0 0 0 0  00000000
   5.396  2676 3661  73 1  0  0 0 0 0 0  00000000
   5.409  2676 3659  65 1  0  0 0 0 0 0  00000000
   5.421  2676 3659   0 0  0  0 0 0 0 0  00000000
   5.607  4152 2165  38 1  0  0 0 0 0 0  00000000
   5.620  4000 2165  69 1  0  0 0 0 0 0  00000000
   5.632  4001 2163  69 1  0  0 0 0 0 0  00000000
   5.644  4002 2163  70 1  0  0 0 0 0 0  00000000
   5.656  4006 2161  69 1  0  0 0 0 0 0  00000000
   5.666  4007 2159  69 1  0  0 0 0 0 0  00000000
   5.681  4008 2158  67 1  0  0 0 0 0 0  00000000
   5.693  4038 2178  62 1  0  0 0 0 0 0  00000000
   5.706  4068 2179  53 1  0  0 0 0 0 0  00000000
   5.718  4068 2179   0 0  0  0 0 0 0 0  00000000
   5.905  2665 3347  82 1  0  0 0 0 0 0  00000000
   5.916  2663 3322  80 1  0  0 0 0 0 0  00000000
   5.931  2658 3322  81 1  0  0 0 0 0 0  00000000
   5.941  2657 3322  82 1  0  0 0 0 0 0  00000000
   5.954  2657 3322  79 1  0  0 0 0 0 0  00000000
   5.967  2657 3346  74 1  0  0 0 0 0 0  00000000
   5.979  2661 3379  66 1  0  0 0 0 0 0  00000000
   5.991  2661 3379   0 0  0  0 0 0 0 0  00000000
   6.203  4074 2090  70 1  0  0 0 0 0 0  00000000
   6.214  4075 2050  64 1  0  0 0 0 0 0  00000000
   6.227  4079 2050  66 1  0  0 0 0 0 0  00000000
   6.239  4084 2050  65 1  0  0 0 0 0 0  00000000
   6.252  4108 2081  63 1  0  0 0 0 0 0  00000000
   6.264  4142 2118  58 1  0  0 0 0 0 0  00000000
   6.276  4142 2118   0 0  0  0 0 0 0 0  00000000
   6.501  2727 3340  82 1  0  0 0 0 0 0  00000000
   6.513  2710 3302  79 1  0  0 0 0 0 0  00000000
   6.526  2710 3300  83 1  0  0 0 0 0 0  00000000
   6.537  2710 3298  82 1  0  0 0 0 0 0  00000000
   6.551  2710 3296  82 1  0  0 0 0 0 0  00000000
   6.563  2710 3290  82 1  0  0 0 0 0 0  00000000
   6.576  2710 3288  81 1  0  0 0 0 0 0  00000000
   6.589  2710 3286  80 1  0  0 0 0 0 0  00000000
   6.601  2710 3282  80 1  0  0 0 0 0 0  00000000
   6.612  2710 3280  79 1  0  0 0 0 0 0  00000000
   6.625  2710 3276  79 1  0  0 0 0 0 0  00000000
   6.637  2709 3276  80 1  0  0 0 0 0 0  00000000
   6.649  2709 3276  79 1  0  0 0 0 0 0  00000000
   6.663  2709 3276  80 1  0  0 0 0 0 0  00000000
   6.674  2709 3276  79 1  0  0 0 0 0 0  00000000
   6.700  2709 3271  79 1  0  0 0 0 0 0  00000000
   6.711  2707 3270  79 1  0  0 0 0 0 0  00000000
   6.724  2705 3268  80 1  0  0 0 0 0 0  00000000
   6.749  2703 3264  80 1  0  0 0 0 0 0  00000000
   6.761  2703 3263  80 1  0  0 0 0 0 0  00000000
   6.774  2703 3262  80 1  0  0 0 0 0 0  00000000
   6.786  2703 3260  81 1  0  0 0 0 0 0  00000000
   6.799  2703 3255  81 1  0  0 0 0 0 0  00000000
   6.811  2703 3253  82 1  0  0 0 0 0 0  00000000
   6.824  2701 3252  81 1  0  0 0 0 0 0  00000000
   6.836  2699 3250  82 1  0  0 0 0 0 0  00000000
   6.848  2699 3245  82 1  0  0 0 0 0 0  00000000
   6.860  2699 3244  82 1  0  0 0 0 0 0  00000000
   6.873  2697 3242  83 1  0  0 0 0 0 0  00000000
   6.885  2696 3240  82 1  0  0 0 0 0 0  00000000
   6.897  2696 3235  82 1  0  0 0 0 0 0  00000000
   6.910  2694 3230  83 1  0  0 0 0 0 0  00000000
   6.922  2693 3228  82 1  0  0 0 0 0 0  00000000
   6.935  2693 3223  82 1  0  0 0 0 0 0  00000000
   6.947  2693 3221  82 1  0  0 0 0 0 0  00000000
   6.960  2691 3216  82 1  0  0 0 0 0 0  00000000
   6.973  2689 3211  82 1  0  0 0 0 0 0  00000000
   6.985  2687 3209  81 1  0  0 0 0 0 0  00000000
   6.997  2687 3190  80 1  0  0 0 0 0 0  00000000
   7.022  2687 3188  76 1  0  0 0 0 0 0  00000000
   7.035  2687 3158  69 1  0  0 0 0 0 0  00000000
   7.047  2687 3159  46 1  0  0 0 0 0 0  00000000
   7.058  2687 3159   0 0  0  0 0 0 0 0  00000000
