time	 y	 z	 f	 w	 l	 r	 u	 d	 m	 multi
   0.000  2882 2543   0 0  0  0 0 0 0 0  00000000
   2.634  3378 3190  43 1  0  0 0 0 0 0  00000000
   2.653  3303 3156  72 1  0  0 0 0 0 0  00000000
   2.671  3303 3156  79 1  0  0 0 0 0 0  00000000
   2.683  3303 3157  81 1  0  0 0 0 0 0  00000000
   2.696  3303 3163  82 1  0  0 0 0 0 0  00000000
   2.709  3303 3188  82 1  0  0 0 0 0 0  00000000
   2.726  3303 3172  80 1  0  0 0 0 0 0  00000000
   2.734  3303 3172  77 1  0  0 0 0 0 0  00000000
   2.747  3326 3172  70 1  0  0 0 0 0 0  00000000
   2.759  3366 3173  46 1  0  0 0 0 0 0  00000000
   2.771  3366 3173   0 0  0  0 0 0 0 0  00000000
   2.982  3367 3179  75 1  0  0 0 0 0 0  00000000
   2.994  3367 3179  72 1  0  0 0 0 0 0  00000000
   3.007  3348 3179  77 1  0  0 0 0 0 0  00000000
   3.020  3349 3179  74 1  0  0 0 0 0 0  00000000
   3.031  3350 3179  70 1  0  0 0 0 0 0  00000000
   3.044  3350 3179  61 1  0  0 0 0 0 0  00000000
   3.056  3350 3179   0 0  0  0 0 0 0 0  00000000
   3.279  3430 3294  57 1  0  0 0 0 0 0  00000000
   3.292  3359 3276  75 1  0  0 0 0 0 0  00000000
   3.305  3359 3276  78 1  0  0 0 0 0 0  00000000
   3.318  3359 3276  79 1  0  0 0 0 0 0  00000000
   3.329  3359 3276  77 1  0  0 0 0 0 0  00000000
   3.341  3359 3277  74 1  0  0 0 0 0 0  00000000
   3.354  3359 3301  67 1  0  0 0 0 0 0  00000000
   3.366  3360 3330  41 1  0  0 0 0 0 0  00000000
   3.378  3360 3330   0 0  0  0 0 0 0 0  00000000
   3.565  3360 3307  76 1  0  0 0 0 0 0  00000000
   3.577  3361 3307  76 1  0  0 0 0 0 0  00000000
   3.590  3361 3306  79 1  0  0 0 0 0 0  00000000
   3.614  3361 3307  79 1  0  0 0 0 0 0  00000000
   3.627  3361 3312  81 1  0  0 0 0 0 0  00000000
   3.640  3361 3334  82 1  0  0 0 0 0 0  00000000
   3.664  3359 3334  82 1  0  0 0 0 0 0  00000000
   3.689  3359 3335  82 1  0  0 0 0 0 0  00000000
   3.702  3359 3336  82 1  0  0 0 0 0 0  00000000
   3.714  3358 3337  83 1  0  0 0 0 0 0  00000000
   3.726  3358 3338  83 1  0  0 0 0 0 0  00000000
   3.739  3358 3338  84 1  0  0 0 0 0 0  00000000
   3.777  3356 3338  85 1  0  0 0 0 0 0  00000000
   3.788  3356 3338  84 1  0  0 0 0 0 0  00000000
   3.801  3356 3338  85 1  0  0 0 0 0 0  00000000
   3.826  3355 3338  84 1  0  0 0 0 0 0  00000000
   3.839  3355 3338  85 1  0  0 0 0 0 0  00000000
   3.887  3355 3338  84 1  0  0 0 0 0 0  00000000
   3.899  3355 3338  85 1  0  0 0 0 0 0  00000000
   3.913  3355 3338  84 1  0  0 0 0 0 0  00000000
   3.927  3355 3338  85 1  0  0 0 0 0 0  00000000
   3.938  3355 3336  85 1  0  0 0 0 0 0  00000000
   3.963  3355 3334  85 1  0  0 0 0 0 0  00000000
   3.975  3355 3334  86 1  0  0 0 0 0 0  00000000
   3.988  3355 3334  85 1  0  0 0 0 0 0  00000000
   4.000  3355 3333  85 1  0  0 0 0 0 0  00000000
   4.011  3355 3332  85 1  0  0 0 0 0 0  00000000
   4.036  3355 3330  85 1  0  0 0 0 0 0  00000000
   4.049  3355 3328  85 1  0  0 0 0 0 0  00000000
   4.062  3355 3328  84 1  0  0 0 0 0 0  00000000
   4.074  3355 3328  85 1  0  0 0 0 0 0  00000000
   4.087  3355 3327  84 1  0  0 0 0 0 0  00000000
   4.099  3355 3302  82 1  0  0 0 0 0 0  00000000
   4.111  3359 3282  79 1  0  0 0 0 0 0  00000000
   4.123  3389 3280  71 1  0  0 0 0 0 0  00000000
   4.136  3409 3299  54 1  0  0 0 0 0 0  00000000
   4.147  3409 3299   0 0  0  0 0 0 0 0  00000000
   4.446  3409 3319  75 1  0  0 0 0 0 0  00000000
   4.457  3409 3281  73 1  0  0 0 0 0 0  00000000
   4.478  3408 3279  77 1  0  0 0 0 0 0  00000000
   4.496  3403 3279  79 1  0  0 0 0 0 0  00000000
   4.508  3401 3280  80 1  0  0 0 0 0 0  00000000
   4.521  3401 3281  79 1  0  0 0 0 0 0  00000000
   4.533  3399 3287  80 1  0  0 0 0 0 0  00000000
   4.546  3398 3292  81 1  0  0 0 0 0 0  00000000
   4.558  3398 3297  81 1  0  0 0 0 0 0  00000000
   4.570  3398 3298  83 1  0  0 0 0 0 0  00000000
   4.583  3396 3299  82 1  0  0 0 0 0 0  00000000
   4.596  3395 3300  82 1  0  0 0 0 0 0  00000000
   4.608  3395 3301  83 1  0  0 0 0 0 0  00000000
   4.620  3394 3301  83 1  0  0 0 0 0 0  00000000
   4.632  3394 3301  85 1  0  0 0 0 0 0  00000000
   4.645  3394 3301  84 1  0  0 0 0 0 0  00000000
   4.744  3394 3301  85 1  0  0 0 0 0 0  00000000
   4.756  3394 3299  84 1  0  0 0 0 0 0  00000000
   4.769  3394 3295  84 1  0  0 0 0 0 0  00000000
   4.806  3394 3295  85 1  0  0 0 0 0 0  00000000
   4.818  3394 3295  84 1  0  0 0 0 0 0  00000000
   4.842  3393 3294  84 1  0  0 0 0 0 0  00000000
   4.855  3393 3290  84 1  0  0 0 0 0 0  00000000
   4.868  3393 3289  84 1  0  0 0 0 0 0  00000000
   4.880  3393 3289  85 1  0  0 0 0 0 0  00000000
   4.893  3393 3287  84 1  0  0 0 0 0 0  00000000
   4.905  3393 3283  84 1  0  0 0 0 0 0  00000000
   4.917  3393 3281  85 1  0  0 0 0 0 0  00000000
   4.930  3393 3276  84 1  0  0 0 0 0 0  00000000
   4.942  3393 3275  84 1  0  0 0 0 0 0  00000000
   4.955  3393 3275  85 1  0  0 0 0 0 0  00000000
   4.967  3393 3273  83 1  0  0 0 0 0 0  00000000
   4.980  3394 3273  84 1  0  0 0 0 0 0  00000000
   4.993  3395 3268  83 1  0  0 0 0 0 0  00000000
   5.005  3396 3263  82 1  0  0 0 0 0 0  00000000
   5.017  3397 3241  78 1  0  0 0 0 0 0  00000000
   5.026  3398 3241  78 1  0  0 0 0 0 0  00000000
   5.041  3439 3242  58 1  0  0 0 0 0 0  00000000
   5.053  3439 3242   0 0  0  0 0 0 0 0  00000000
   5.389  3393 3307  60 1  0  0 0 0 0 0  00000000
   5.402  3335 3256  76 1  0  0 0 0 0 0  00000000
   5.414  3318 3254  82 1  0  0 0 0 0 0  00000000
   5.451  3318 3254  81 1  0  0 0 0 0 0  00000000
   5.463  3318 3272  79 1  0  0 0 0 0 0  00000000
   5.475  3318 3273  76 1  0  0 0 0 0 0  00000000
   5.488  3318 3295  72 1  0  0 0 0 0 0  00000000
   5.501  3318 3296  56 1  0  0 0 0 0 0  00000000
   5.512  3318 3296   0 0  0  0 0 0 0 0  00000000
   5.712  3241 3296  80 1  0  0 0 0 0 0  00000000
   5.724  3219 3268  82 1  0  0 0 0 0 0  00000000
   5.736  3217 3268  85 1  0  0 0 0 0 0  00000000
   5.749  3213 3268  86 1  0  0 0 0 0 0  00000000
   5.762  3212 3268  87 1  0  0 0 0 0 0  00000000
   5.774  3210 3268  86 1  0  0 0 0 0 0  00000000
   5.786  3208 3268  85 1  0  0 0 0 0 0  00000000
   5.799  3208 3266  83 1  0  0 0 0 0 0  00000000
   5.811  3215 3266  76 1  0  0 0 0 0 0  00000000
   5.824  3249 3266  69 1  0  0 0 0 0 0  00000000
   5.835  3250 3329  43 1  0  0 0 0 0 0  00000000
   5.847  3250 3329   0 0  0  0 0 0 0 0  00000000
   5.996  3370 3274  62 1  0  0 0 0 0 0  00000000
   6.009  3307 3272  81 1  0  0 0 0 0 0  00000000
   6.023  3307 3247  85 1  0  0 0 0 0 0  00000000
   6.033  3303 3247  86 1  0  0 0 0 0 0  00000000
   6.046  3301 3265  86 1  0  0 0 0 0 0  00000000
   6.059  3300 3265  85 1  0  0 0 0 0 0  00000000
   6.072  3300 3265  83 1  0  0 0 0 0 0  00000000
   6.084  3301 3292  79 1  0  0 0 0 0 0  00000000
   6.097  3330 3310  73 1  0  0 0 0 0 0  00000000
   6.110  3331 3342  46 1  0  0 0 0 0 0  00000000
   6.120  3331 3342   0 0  0  0 0 0 0 0  00000000
   6.308  3332 3396  79 1  0  0 0 0 0 0  00000000
   6.321  3333 3342  81 1  0  0 0 0 0 0  00000000
   6.332  3333 3340  83 1  0  0 0 0 0 0  00000000
   6.345  3333 3338  84 1  0  0 0 0 0 0  00000000
   6.394  3333 3338  83 1  0  0 0 0 0 0  00000000
   6.406  3333 3338  84 1  0  0 0 0 0 0  00000000
   6.419  3333 3338  83 1  0  0 0 0 0 0  00000000
   6.432  3333 3339  84 1  0  0 0 0 0 0  00000000
   6.443  3333 3340  84 1  0  0 0 0 0 0  00000000
   6.456  3333 3341  84 1  0  0 0 0 0 0  00000000
   6.480  3333 3341  85 1  0  0 0 0 0 0  00000000
   6.493  3333 3339  85 1  0  0 0 0 0 0  00000000
   6.506  3333 3337  85 1  0  0 0 0 0 0  00000000
   6.518  3333 3333  85 1  0  0 0 0 0 0  00000000
   6.531  3332 3332  85 1  0  0 0 0 0 0  00000000
   6.556  3332 3332  86 1  0  0 0 0 0 0  00000000
   6.568  3332 3332  85 1  0  0 0 0 0 0  00000000
   6.580  3331 3332  85 1  0  0 0 0 0 0  00000000
   6.593  3330 3330  85 1  0  0 0 0 0 0  00000000
   6.605  3330 3328  85 1  0  0 0 0 0 0  00000000
   6.618  3330 3327  85 1  0  0 0 0 0 0  00000000
   6.642  3330 3325  86 1  0  0 0 0 0 0  00000000
   6.656  3330 3321  84 1  0  0 0 0 0 0  00000000
   6.666  3330 3320  85 1  0  0 0 0 0 0  00000000
   6.679  3330 3319  85 1  0  0 0 0 0 0  00000000
   6.704  3330 3319  84 1  0  0 0 0 0 0  00000000
   6.718  3330 3318  85 1  0  0 0 0 0 0  00000000
   6.754  3330 3316  85 1  0  0 0 0 0 0  00000000
   6.768  3330 3315  84 1  0  0 0 0 0 0  00000000
   6.779  3330 3315  85 1  0  0 0 0 0 0  00000000
   6.804  3330 3315  84 1  0  0 0 0 0 0  00000000
   6.816  3330 3314  85 1  0  0 0 0 0 0  00000000
   6.842  3330 3314  84 1  0  0 0 0 0 0  00000000
   6.978  3330 3314  85 1  0  0 0 0 0 0  00000000
   7.003  3330 3314  84 1  0  0 0 0 0 0  00000000
   7.026  3330 3314  85 1  0  0 0 0 0 0  00000000
   7.039  3330 3314  84 1  0  0 0 0 0 0  00000000
   7.064  3330 3314  85 1  0  0 0 0 0 0  00000000
   7.076  3330 3314  84 1  0  0 0 0 0 0  00000000
   7.151  3330 3314  85 1  0  0 0 0 0 0  00000000
   7.188  3330 3314  84 1  0  0 0 0 0 0  00000000
   7.201  3331 3314  84 1  0  0 0 0 0 0  00000000
   7.213  3331 3314  85 1  0  0 0 0 0 0  00000000
   7.238  3331 3314  84 1  0  0 0 0 0 0  00000000
   7.325  3331 3314  82 1  0  0 0 0 0 0  00000000
   7.337  3331 3315  79 1  0  0 0 0 0 0  00000000
   7.350  3331 3319  75 1  0  0 0 0 0 0  00000000
   7.361  3330 3341  70 1  0  0 0 0 0 0  00000000
   7.374  3330 3342  55 1  0  0 0 0 0 0  00000000
   7.386  3330 3342   0 0  0  0 0 0 0 0  00000000
