time	 y	 z	 f	 w	 l	 r	 u	 d	 m	 multi
   0.000  3800 2777   0 0  0  0 0 0 0 0  00000000
   1.142  3492 3045  89 1  0  0 0 0 0 0  00000000
   1.167  3420 2993  92 1  0  0 0 0 0 0  00000000
   1.191  3421 2993  88 1  0  0 0 0 0 0  00000000
   1.205  3426 2976  77 1  0  0 0 0 0 0  00000000
   1.217  3469 2995  50 1  0  0 0 0 0 0  00000000
   1.228  3469 2995   0 0  0  0 0 0 0 0  00000000
   1.292  3642 2938  59 1  0  0 0 0 0 0  00000000
   1.304  3586 2938  82 1  0  0 0 0 0 0  00000000
   1.317  3567 2936  88 1  0  0 0 0 0 0  00000000
   1.329  3567 2935  88 1  0  0 0 0 0 0  00000000
   1.342  3567 2935  82 1  0  0 0 0 0 0  00000000
   1.353  3495 2968  59 1  0  0 0 0 0 0  00000000
   1.364  3495 2968   0 0  0  0 0 0 0 0  00000000
   1.452  3427 3020  79 1  0  0 0 0 0 0  00000000
   1.465  3409 2999  82 1  0  0 0 0 0 0  00000000
   1.477  3409 3000  83 1  0  0 0 0 0 0  00000000
   1.489  3409 3004  82 1  0  0 0 0 0 0  00000000
   1.503  3409 3034  75 1  0  0 0 0 0 0  00000000
   1.514  3407 3073  67 1  0  0 0 0 0 0  00000000
   1.527  3407 3073   0 0  0  0 0 0 0 0  00000000
   1.763  3607 3100  67 1  0  0 0 0 0 0  00000000
   1.775  3576 3013  77 1  0  0 0 0 0 0  00000000
   1.789  3576 2978  81 1  0  0 0 0 0 0  00000000
   1.800  3576 2978  83 1  0  0 0 0 0 0  00000000
   1.811  3577 2973  80 1  0  0 0 0 0 0  00000000
   1.824  3638 2968  74 1  0  0 0 0 0 0  00000000
   1.836  3747 2962  60 1  0  0 0 0 0 0  00000000
   1.849  3747 2962   0 0  0  0 0 0 0 0  00000000
   2.085  3779 2992  71 1  0  0 0 0 0 0  00000000
   2.098  3759 2956  71 1  0  0 0 0 0 0  00000000
   2.110  3757 2956  74 1  0  0 0 0 0 0  00000000
   2.123  3755 2972  71 1  0  0 0 0 0 0  00000000
   2.135  3751 3012  67 1  0  0 0 0 0 0  00000000
   2.147  3746 3082  50 1  0  0 0 0 0 0  00000000
   2.158  3746 3082   0 0  0  0 0 0 0 0  00000000
   2.382  3793 3231  53 1  0  0 0 0 0 0  00000000
   2.397  3684 3193  68 1  0  0 0 0 0 0  00000000
   2.408  3604 3193  70 1  0  0 0 0 0 0  00000000
   2.420  3578 3193  66 1  0  0 0 0 0 0  00000000
   2.432  3605 3194  60 1  0  0 0 0 0 0  00000000
   2.444  3605 3194   0 0  0  0 0 0 0 0  00000000
   2.693  3766 3226  60 1  0  0 0 0 0 0  00000000
   2.704  3678 3154  69 1  0  0 0 0 0 0  00000000
   2.718  3651 3124  75 1  0  0 0 0 0 0  00000000
   2.731  3651 3089  77 1  0  0 0 0 0 0  00000000
   2.743  3649 3068  79 1  0  0 0 0 0 0  00000000
   2.756  3647 3046  79 1  0  0 0 0 0 0  00000000
   2.768  3645 3028  80 1  0  0 0 0 0 0  00000000
   2.781  3643 3024  80 1  0  0 0 0 0 0  00000000
   2.793  3641 3018  80 1  0  0 0 0 0 0  00000000
   2.804  3640 3012  80 1  0  0 0 0 0 0  00000000
   2.814  3640 3010  80 1  0  0 0 0 0 0  00000000
   2.829  3638 2985  79 1  0  0 0 0 0 0  00000000
   2.842  3636 2985  79 1  0  0 0 0 0 0  00000000
   2.854  3634 2985  80 1  0  0 0 0 0 0  00000000
   2.880  3634 2986  81 1  0  0 0 0 0 0  00000000
   2.891  3633 2987  81 1  0  0 0 0 0 0  00000000
   2.904  3633 2991  82 1  0  0 0 0 0 0  00000000
   2.916  3633 2992  81 1  0  0 0 0 0 0  00000000
   2.929  3631 2992  82 1  0  0 0 0 0 0  00000000
   2.942  3629 2992  82 1  0  0 0 0 0 0  00000000
   2.955  3628 2992  82 1  0  0 0 0 0 0  00000000
   2.978  3628 2990  82 1  0  0 0 0 0 0  00000000
   2.991  3626 2990  82 1  0  0 0 0 0 0  00000000
   3.029  3626 2990  83 1  0  0 0 0 0 0  00000000
   3.078  3626 2990  82 1  0  0 0 0 0 0  00000000
   3.115  3626 2988  82 1  0  0 0 0 0 0  00000000
   3.153  3626 2987  81 1  0  0 0 0 0 0  00000000
   3.178  3626 2985  81 1  0  0 0 0 0 0  00000000
   3.189  3653 2983  79 1  0  0 0 0 0 0  00000000
   3.202  3723 2978  76 1  0  0 0 0 0 0  00000000
   3.215  3885 2955  74 1  0  0 0 0 0 0  00000000
   3.228  4000 2933  69 1  0  0 0 0 0 0  00000000
   3.241  4082 2934  53 1  0  0 0 0 0 0  00000000
   3.253  4082 2934   0 0  0  0 0 0 0 0  00000000
   3.326  4028 2853  53 1  0  0 0 0 0 0  00000000
   3.339  3972 2781  76 1  0  0 0 0 0 0  00000000
   3.350  3933 2779  81 1  0  0 0 0 0 0  00000000
   3.365  3900 2774  84 1  0  0 0 0 0 0  00000000
   3.376  3898 2772  84 1  0  0 0 0 0 0  00000000
   3.388  3896 2767  81 1  0  0 0 0 0 0  00000000
   3.400  3861 2765  75 1  0  0 0 0 0 0  00000000
   3.412  3834 2764  67 1  0  0 0 0 0 0  00000000
   3.425  3832 2801  52 1  0  0 0 0 0 0  00000000
   3.436  3832 2801   0 0  0  0 0 0 0 0  00000000
   3.611  3985 2943  66 1  0  0 0 0 0 0  00000000
   3.624  3939 2920  73 1  0  0 0 0 0 0  00000000
   3.636  3905 2920  76 1  0  0 0 0 0 0  00000000
   3.649  3881 2920  72 1  0  0 0 0 0 0  00000000
   3.661  3823 2921  61 1  0  0 0 0 0 0  00000000
   3.672  3823 2921   0 0  0  0 0 0 0 0  00000000
   3.897  3867 2988  44 1  0  0 0 0 0 0  00000000
   3.909  3755 2956  74 1  0  0 0 0 0 0  00000000
   3.922  3712 2933  81 1  0  0 0 0 0 0  00000000
   3.934  3691 2933  84 1  0  0 0 0 0 0  00000000
   3.947  3691 2931  82 1  0  0 0 0 0 0  00000000
   3.959  3692 2908  72 1  0  0 0 0 0 0  00000000
   3.971  3778 2906  52 1  0  0 0 0 0 0  00000000
   3.983  3778 2906   0 0  0  0 0 0 0 0  00000000
   4.194  4893 2663  83 1  0  0 0 0 0 0  00000000
   4.208  4858 2622  73 1  0  0 0 0 0 0  00000000
   4.219  4813 2622  76 1  0  0 0 0 0 0  00000000
   4.232  4760 2645  70 1  0  0 0 0 0 0  00000000
   4.244  4667 2700  53 1  0  0 0 0 0 0  00000000
   4.256  4667 2700   0 0  0  0 0 0 0 0  00000000
   4.493  3114 3278  70 1  0  0 0 0 0 0  00000000
   4.505  3097 3243  76 1  0  0 0 0 0 0  00000000
   4.517  3097 3243  81 1  0  0 0 0 0 0  00000000
   4.530  3122 3222  75 1  0  0 0 0 0 0  00000000
   4.542  3265 3218  59 1  0  0 0 0 0 0  00000000
   4.554  3265 3218   0 0  0  0 0 0 0 0  00000000
   4.790  4722 2762  67 1  0  0 0 0 0 0  00000000
   4.802  4654 2762  64 1  0  0 0 0 0 0  00000000
   4.815  4585 2783  66 1  0  0 0 0 0 0  00000000
   4.827  4503 2820  53 1  0  0 0 0 0 0  00000000
   4.840  4503 2820   0 0  0  0 0 0 0 0  00000000
   5.075  3729 3035  76 1  0  0 0 0 0 0  00000000
   5.088  3702 2994  78 1  0  0 0 0 0 0  00000000
   5.100  3700 2992  85 1  0  0 0 0 0 0  00000000
   5.113  3694 2955  88 1  0  0 0 0 0 0  00000000
   5.125  3688 2953  89 1  0  0 0 0 0 0  00000000
   5.139  3683 2947  90 1  0  0 0 0 0 0  00000000
   5.150  3681 2920  90 1  0  0 0 0 0 0  00000000
   5.164  3679 2920  89 1  0  0 0 0 0 0  00000000
   5.175  3679 2918  88 1  0  0 0 0 0 0  00000000
   5.187  3679 2912  88 1  0  0 0 0 0 0  00000000
   5.199  3679 2886  88 1  0  0 0 0 0 0  00000000
   5.224  3679 2886  87 1  0  0 0 0 0 0  00000000
   5.237  3679 2886  89 1  0  0 0 0 0 0  00000000
   5.275  3679 2886  90 1  0  0 0 0 0 0  00000000
   5.287  3677 2886  91 1  0  0 0 0 0 0  00000000
   5.299  3676 2884  92 1  0  0 0 0 0 0  00000000
   5.325  3674 2882  92 1  0  0 0 0 0 0  00000000
   5.337  3674 2882  93 1  0  0 0 0 0 0  00000000
   5.348  3674 2882  92 1  0  0 0 0 0 0  00000000
   5.361  3674 2882  93 1  0  0 0 0 0 0  00000000
   5.411  3674 2882  94 1  0  0 0 0 0 0  00000000
   5.424  3674 2882  93 1  0  0 0 0 0 0  00000000
   5.435  3674 2882  94 1  0  0 0 0 0 0  00000000
   5.449  3674 2882  93 1  0  0 0 0 0 0  00000000
   5.460  3674 2882  94 1  0  0 0 0 0 0  00000000
   5.510  3673 2882  95 1  0  0 0 0 0 0  00000000
   5.522  3673 2882  94 1  0  0 0 0 0 0  00000000
   5.547  3673 2882  95 1  0  0 0 0 0 0  00000000
   5.572  3673 2882  94 1  0  0 0 0 0 0  00000000
   5.596  3673 2882  95 1  0  0 0 0 0 0  00000000
   5.621  3673 2882  94 1  0  0 0 0 0 0  00000000
   5.635  3673 2882  95 1  0  0 0 0 0 0  00000000
   5.647  3673 2883  95 1  0  0 0 0 0 0  00000000
   5.660  3673 2884  95 1  0  0 0 0 0 0  00000000
   5.696  3673 2884  94 1  0  0 0 0 0 0  00000000
   5.708  3673 2884  95 1  0  0 0 0 0 0  00000000
   5.721  3673 2882  94 1  0  0 0 0 0 0  00000000
   5.733  3673 2855  93 1  0  0 0 0 0 0  00000000
   5.746  3674 2853  91 1  0  0 0 0 0 0  00000000
   5.758  3679 2853  89 1  0  0 0 0 0 0  00000000
   5.771  3700 2885  86 1  0  0 0 0 0 0  00000000
   5.783  3716 2953  82 1  0  0 0 0 0 0  00000000
   5.795  3735 3044  74 1  0  0 0 0 0 0  00000000
   5.807  3780 3185  53 1  0  0 0 0 0 0  00000000
   5.819  3780 3185   0 0  0  0 0 0 0 0  00000000
