time	 y	 z	 f	 w	 l	 r	 u	 d	 m	 multi
   0.000  2917 3343   0 0  0  0 0 0 0 0  00000000
   6.121  3337 2899  78 1  0  0 0 0 0 0  00000000
   6.131  3337 2899  80 1  0  0 0 0 0 0  00000000
   6.145  3337 2899  81 1  0  0 0 0 0 0  00000000
   6.157  3336 2899  80 1  0  0 0 0 0 0  00000000
   6.169  3336 2898  78 1  0  0 0 0 0 0  00000000
   6.182  3336 2896  75 1  0  0 0 0 0 0  00000000
   6.195  3336 2896  68 1  0  0 0 0 0 0  00000000
   6.207  3365 2896  43 1  0  0 0 0 0 0  00000000
   6.218  3365 2896   0 0  0  0 0 0 0 0  00000000
   6.492  3336 2985  76 1  0  0 0 0 0 0  00000000
   6.504  3335 2953  75 1  0  0 0 0 0 0  00000000
   6.518  3333 2933  78 1  0  0 0 0 0 0  00000000
   6.529  3327 2933  78 1  0  0 0 0 0 0  00000000
   6.542  3325 2933  74 1  0  0 0 0 0 0  00000000
   6.554  3325 2933  70 1  0  0 0 0 0 0  00000000
   6.566  3349 2934  64 1  0  0 0 0 0 0  00000000
   6.579  3349 2934   0 0  0  0 0 0 0 0  00000000
   6.802  3350 2934  76 1  0  0 0 0 0 0  00000000
   6.814  3350 2889  78 1  0  0 0 0 0 0  00000000
   6.827  3350 2887  79 1  0  0 0 0 0 0  00000000
   6.840  3349 2887  80 1  0  0 0 0 0 0  00000000
   6.852  3349 2887  79 1  0  0 0 0 0 0  00000000
   6.865  3349 2885  76 1  0  0 0 0 0 0  00000000
   6.875  3349 2885  74 1  0  0 0 0 0 0  00000000
   6.888  3389 2885  64 1  0  0 0 0 0 0  00000000
   6.900  3389 2885   0 0  0  0 0 0 0 0  00000000
   7.100  3405 2939  59 1  0  0 0 0 0 0  00000000
   7.112  3345 2907  75 1  0  0 0 0 0 0  00000000
   7.125  3343 2905  79 1  0  0 0 0 0 0  00000000
   7.162  3343 2903  78 1  0  0 0 0 0 0  00000000
   7.175  3343 2898  77 1  0  0 0 0 0 0  00000000
   7.185  3343 2897  73 1  0  0 0 0 0 0  00000000
   7.198  3377 2904  66 1  0  0 0 0 0 0  00000000
   7.211  3377 2904   0 0  0  0 0 0 0 0  00000000
   7.373  3303 2888  75 1  0  0 0 0 0 0  00000000
   7.386  3301 2888  78 1  0  0 0 0 0 0  00000000
   7.398  3301 2888  80 1  0  0 0 0 0 0  00000000
   7.422  3301 2888  78 1  0  0 0 0 0 0  00000000
   7.435  3301 2888  75 1  0  0 0 0 0 0  00000000
   7.447  3308 2912  69 1  0  0 0 0 0 0  00000000
   7.460  3362 2934  54 1  0  0 0 0 0 0  00000000
   7.470  3362 2934   0 0  0  0 0 0 0 0  00000000
   7.634  3232 2977  79 1  0  0 0 0 0 0  00000000
   7.645  3230 2946  78 1  0  0 0 0 0 0  00000000
   7.658  3225 2942  81 1  0  0 0 0 0 0  00000000
   7.670  3224 2941  80 1  0  0 0 0 0 0  00000000
   7.695  3224 2941  77 1  0  0 0 0 0 0  00000000
   7.708  3251 2942  73 1  0  0 0 0 0 0  00000000
   7.720  3294 2982  55 1  0  0 0 0 0 0  00000000
   7.732  3294 2982   0 0  0  0 0 0 0 0  00000000
   7.943  3427 2776  76 1  0  0 0 0 0 0  00000000
   7.955  3407 2744  79 1  0  0 0 0 0 0  00000000
   7.968  3407 2744  81 1  0  0 0 0 0 0  00000000
   7.981  3406 2744  81 1  0  0 0 0 0 0  00000000
   7.993  3412 2744  80 1  0  0 0 0 0 0  00000000
   8.005  3447 2772  73 1  0  0 0 0 0 0  00000000
   8.019  3496 2801  60 1  0  0 0 0 0 0  00000000
   8.029  3496 2801   0 0  0  0 0 0 0 0  00000000
   8.229  3729 2751  59 1  0  0 0 0 0 0  00000000
   8.242  3652 2689  76 1  0  0 0 0 0 0  00000000
   8.253  3652 2687  79 1  0  0 0 0 0 0  00000000
   8.266  3648 2662  81 1  0  0 0 0 0 0  00000000
   8.278  3646 2662  82 1  0  0 0 0 0 0  00000000
   8.290  3644 2681  82 1  0  0 0 0 0 0  00000000
   8.303  3643 2682  82 1  0  0 0 0 0 0  00000000
   8.315  3643 2682  80 1  0  0 0 0 0 0  00000000
   8.328  3643 2682  81 1  0  0 0 0 0 0  00000000
   8.340  3642 2665  81 1  0  0 0 0 0 0  00000000
   8.353  3642 2665  80 1  0  0 0 0 0 0  00000000
   8.366  3642 2666  79 1  0  0 0 0 0 0  00000000
   8.389  3642 2666  80 1  0  0 0 0 0 0  00000000
   8.402  3642 2666  81 1  0  0 0 0 0 0  00000000
   8.415  3642 2684  81 1  0  0 0 0 0 0  00000000
   8.428  3642 2684  82 1  0  0 0 0 0 0  00000000
   8.453  3642 2685  83 1  0  0 0 0 0 0  00000000
   8.465  3642 2686  82 1  0  0 0 0 0 0  00000000
   8.477  3642 2686  83 1  0  0 0 0 0 0  00000000
   8.490  3642 2687  83 1  0  0 0 0 0 0  00000000
   8.502  3642 2688  82 1  0  0 0 0 0 0  00000000
   8.515  3642 2688  83 1  0  0 0 0 0 0  00000000
   8.540  3642 2686  80 1  0  0 0 0 0 0  00000000
   8.551  3642 2680  77 1  0  0 0 0 0 0  00000000
   8.563  3642 2679  66 1  0  0 0 0 0 0  00000000
   8.576  3642 2679   0 0  0  0 0 0 0 0  00000000
   8.725  3328 2797  81 1  0  0 0 0 0 0  00000000
   8.738  3328 2769  80 1  0  0 0 0 0 0  00000000
   8.751  3326 2767  82 1  0  0 0 0 0 0  00000000
   8.763  3324 2766  83 1  0  0 0 0 0 0  00000000
   8.775  3322 2766  83 1  0  0 0 0 0 0  00000000
   8.788  3321 2764  80 1  0  0 0 0 0 0  00000000
   8.799  3351 2762  76 1  0  0 0 0 0 0  00000000
   8.812  3412 2762  64 1  0  0 0 0 0 0  00000000
   8.823  3412 2762   0 0  0  0 0 0 0 0  00000000
   8.937  3462 2654  77 1  0  0 0 0 0 0  00000000
   8.950  3460 2652  81 1  0  0 0 0 0 0  00000000
   8.961  3455 2646  82 1  0  0 0 0 0 0  00000000
   8.973  3453 2644  82 1  0  0 0 0 0 0  00000000
   8.986  3451 2644  81 1  0  0 0 0 0 0  00000000
   8.998  3451 2644  79 1  0  0 0 0 0 0  00000000
   9.012  3451 2644  76 1  0  0 0 0 0 0  00000000
   9.023  3488 2644  68 1  0  0 0 0 0 0  00000000
   9.035  3511 2684  55 1  0  0 0 0 0 0  00000000
   9.047  3511 2684   0 0  0  0 0 0 0 0  00000000
   9.297  3265 2791  79 1  0  0 0 0 0 0  00000000
   9.309  3263 2751  78 1  0  0 0 0 0 0  00000000
   9.321  3257 2749  80 1  0  0 0 0 0 0  00000000
   9.333  3253 2747  79 1  0  0 0 0 0 0  00000000
   9.346  3253 2743  77 1  0  0 0 0 0 0  00000000
   9.357  3275 2741  73 1  0  0 0 0 0 0  00000000
   9.371  3348 2740  56 1  0  0 0 0 0 0  00000000
   9.382  3348 2740   0 0  0  0 0 0 0 0  00000000
   9.606  3632 2633  62 1  0  0 0 0 0 0  00000000
   9.617  3562 2606  76 1  0  0 0 0 0 0  00000000
   9.630  3562 2602  79 1  0  0 0 0 0 0  00000000
   9.644  3560 2597  79 1  0  0 0 0 0 0  00000000
   9.656  3559 2596  78 1  0  0 0 0 0 0  00000000
   9.668  3559 2596  74 1  0  0 0 0 0 0  00000000
   9.680  3588 2613  68 1  0  0 0 0 0 0  00000000
   9.692  3588 2675  47 1  0  0 0 0 0 0  00000000
   9.705  3588 2675   0 0  0  0 0 0 0 0  00000000
   9.953  3376 2785  77 1  0  0 0 0 0 0  00000000
   9.967  3376 2758  77 1  0  0 0 0 0 0  00000000
   9.978  3374 2758  80 1  0  0 0 0 0 0  00000000
   9.991  3372 2758  80 1  0  0 0 0 0 0  00000000
  10.003  3371 2758  78 1  0  0 0 0 0 0  00000000
  10.016  3371 2759  75 1  0  0 0 0 0 0  00000000
  10.028  3408 2805  68 1  0  0 0 0 0 0  00000000
  10.040  3465 2859  45 1  0  0 0 0 0 0  00000000
  10.051  3465 2859   0 0  0  0 0 0 0 0  00000000
  10.287  3541 2771  58 1  0  0 0 0 0 0  00000000
  10.300  3454 2722  76 1  0  0 0 0 0 0  00000000
  10.313  3454 2688  80 1  0  0 0 0 0 0  00000000
  10.326  3450 2688  82 1  0  0 0 0 0 0  00000000
  10.338  3430 2688  83 1  0  0 0 0 0 0  00000000
  10.351  3430 2689  83 1  0  0 0 0 0 0  00000000
  10.364  3430 2690  83 1  0  0 0 0 0 0  00000000
  10.375  3431 2690  80 1  0  0 0 0 0 0  00000000
  10.387  3454 2674  78 1  0  0 0 0 0 0  00000000
  10.400  3521 2674  68 1  0  0 0 0 0 0  00000000
  10.412  3521 2674   0 0  0  0 0 0 0 0  00000000
  10.599  3522 2622  59 1  0  0 0 0 0 0  00000000
  10.611  3452 2601  78 1  0  0 0 0 0 0  00000000
  10.623  3450 2601  81 1  0  0 0 0 0 0  00000000
  10.636  3446 2601  82 1  0  0 0 0 0 0  00000000
  10.649  3445 2602  82 1  0  0 0 0 0 0  00000000
  10.661  3445 2603  81 1  0  0 0 0 0 0  00000000
  10.672  3445 2604  77 1  0  0 0 0 0 0  00000000
  10.685  3473 2639  69 1  0  0 0 0 0 0  00000000
  10.697  3473 2695  49 1  0  0 0 0 0 0  00000000
  10.709  3473 2695   0 0  0  0 0 0 0 0  00000000
  10.984  3267 2812  76 1  0  0 0 0 0 0  00000000
  10.996  3267 2790  79 1  0  0 0 0 0 0  00000000
  11.009  3248 2788  82 1  0  0 0 0 0 0  00000000
  11.020  3249 2788  80 1  0  0 0 0 0 0  00000000
  11.033  3270 2782  76 1  0  0 0 0 0 0  00000000
  11.045  3313 2782  66 1  0  0 0 0 0 0  00000000
  11.057  3313 2782   0 0  0  0 0 0 0 0  00000000
  11.343  3345 2707  77 1  0  0 0 0 0 0  00000000
  11.356  3329 2705  82 1  0  0 0 0 0 0  00000000
  11.369  3329 2703  82 1  0  0 0 0 0 0  00000000
  11.380  3329 2701  78 1  0  0 0 0 0 0  00000000
  11.394  3360 2707  67 1  0  0 0 0 0 0  00000000
  11.403  3360 2707   0 0  0  0 0 0 0 0  00000000
  11.504  3361 2560  77 1  0  0 0 0 0 0  00000000
  11.518  3332 2505  80 1  0  0 0 0 0 0  00000000
  11.528  3332 2505  82 1  0  0 0 0 0 0  00000000
  11.541  3331 2506  82 1  0  0 0 0 0 0  00000000
  11.554  3331 2555  77 1  0  0 0 0 0 0  00000000
  11.566  3331 2647  66 1  0  0 0 0 0 0  00000000
  11.577  3331 2647   0 0  0  0 0 0 0 0  00000000
  11.703  3100 2701  77 1  0  0 0 0 0 0  00000000
  11.715  3084 2641  79 1  0  0 0 0 0 0  00000000
  11.727  3082 2616  83 1  0  0 0 0 0 0  00000000
  11.740  3076 2616  84 1  0  0 0 0 0 0  00000000
  11.753  3070 2617  85 1  0  0 0 0 0 0  00000000
  11.765  3068 2621  85 1  0  0 0 0 0 0  00000000
  11.778  3067 2625  86 1  0  0 0 0 0 0  00000000
  11.790  3067 2626  84 1  0  0 0 0 0 0  00000000
  11.802  3068 2626  82 1  0  0 0 0 0 0  00000000
  11.812  3069 2626  82 1  0  0 0 0 0 0  00000000
  11.827  3197 2626  69 1  0  0 0 0 0 0  00000000
  11.839  3278 2626  38 1  0  0 0 0 0 0  00000000
  11.850  3278 2626   0 0  0  0 0 0 0 0  00000000
  12.051  3110 2702  81 1  0  0 0 0 0 0  00000000
  12.063  3108 2700  86 1  0  0 0 0 0 0  00000000
  12.075  3085 2699  87 1  0  0 0 0 0 0  00000000
  12.100  3086 2703  87 1  0  0 0 0 0 0  00000000
  12.112  3087 2703  82 1  0  0 0 0 0 0  00000000
  12.125  3128 2703  75 1  0  0 0 0 0 0  00000000
  12.137  3185 2743  52 1  0  0 0 0 0 0  00000000
  12.149  3185 2743   0 0  0  0 0 0 0 0  00000000
  12.397  3280 2713  39 1  0  0 0 0 0 0  00000000
  12.417  3152 2714  77 1  0  0 0 0 0 0  00000000
  12.435  3110 2712  83 1  0  0 0 0 0 0  00000000
  12.447  3110 2710  83 1  0  0 0 0 0 0  00000000
  12.459  3129 2705  79 1  0  0 0 0 0 0  00000000
  12.473  3129 2703  74 1  0  0 0 0 0 0  00000000
  12.485  3194 2722  57 1  0  0 0 0 0 0  00000000
  12.496  3194 2722   0 0  0  0 0 0 0 0  00000000
  12.732  3270 2682  38 1  0  0 0 0 0 0  00000000
  12.745  3113 2659  77 1  0  0 0 0 0 0  00000000
  12.758  3111 2659  83 1  0  0 0 0 0 0  00000000
  12.771  3085 2659  83 1  0  0 0 0 0 0  00000000
  12.782  3085 2659  82 1  0  0 0 0 0 0  00000000
  12.794  3113 2659  77 1  0  0 0 0 0 0  00000000
  12.807  3148 2697  69 1  0  0 0 0 0 0  00000000
  12.819  3148 2697   0 0  0  0 0 0 0 0  00000000
  13.105  3218 2606  76 1  0  0 0 0 0 0  00000000
  13.117  3193 2587  82 1  0  0 0 0 0 0  00000000
  13.129  3191 2587  84 1  0  0 0 0 0 0  00000000
  13.142  3191 2587  81 1  0  0 0 0 0 0  00000000
  13.155  3219 2588  74 1  0  0 0 0 0 0  00000000
  13.167  3259 2620  65 1  0  0 0 0 0 0  00000000
  13.179  3259 2620   0 0  0  0 0 0 0 0  00000000
  13.453  3793 2279  73 1  0  0 0 0 0 0  00000000
  13.465  3771 2240  70 1  0  0 0 0 0 0  00000000
  13.476  3742 2258  77 1  0  0 0 0 0 0  00000000
  13.489  3762 2259  73 1  0  0 0 0 0 0  00000000
  13.501  3762 2263  70 1  0  0 0 0 0 0  00000000
  13.514  3742 2294  61 1  0  0 0 0 0 0  00000000
  13.526  3742 2294   0 0  0  0 0 0 0 0  00000000
  13.824  3287 2608  82 1  0  0 0 0 0 0  00000000
  13.838  3270 2566  83 1  0  0 0 0 0 0  00000000
  13.849  3270 2564  88 1  0  0 0 0 0 0  00000000
  13.863  3268 2564  88 1  0  0 0 0 0 0  00000000
  13.874  3266 2564  89 1  0  0 0 0 0 0  00000000
  13.888  3264 2565  88 1  0  0 0 0 0 0  00000000
  13.899  3264 2565  86 1  0  0 0 0 0 0  00000000
  13.911  3264 2565  84 1  0  0 0 0 0 0  00000000
  13.924  3265 2565  83 1  0  0 0 0 0 0  00000000
  13.936  3266 2565  82 1  0  0 0 0 0 0  00000000
  13.949  3267 2565  81 1  0  0 0 0 0 0  00000000
  13.960  3268 2565  81 1  0  0 0 0 0 0  00000000
  13.974  3269 2566  81 1  0  0 0 0 0 0  00000000
  13.986  3273 2567  82 1  0  0 0 0 0 0  00000000
  13.998  3274 2572  83 1  0  0 0 0 0 0  00000000
  14.011  3274 2596  83 1  0  0 0 0 0 0  00000000
  14.023  3274 2596  85 1  0  0 0 0 0 0  00000000
  14.037  3274 2597  85 1  0  0 0 0 0 0  00000000
  14.048  3274 2602  86 1  0  0 0 0 0 0  00000000
  14.060  3274 2608  87 1  0  0 0 0 0 0  00000000
  14.073  3274 2613  86 1  0  0 0 0 0 0  00000000
  14.085  3274 2617  86 1  0  0 0 0 0 0  00000000
  14.099  3274 2618  87 1  0  0 0 0 0 0  00000000
  14.111  3274 2618  86 1  0  0 0 0 0 0  00000000
  14.135  3274 2616  87 1  0  0 0 0 0 0  00000000
  14.147  3274 2611  86 1  0  0 0 0 0 0  00000000
  14.160  3274 2582  84 1  0  0 0 0 0 0  00000000
  14.172  3275 2560  81 1  0  0 0 0 0 0  00000000
  14.184  3307 2560  70 1  0  0 0 0 0 0  00000000
  14.196  3307 2560   0 0  0  0 0 0 0 0  00000000
  14.358  3219 2608  79 1  0  0 0 0 0 0  00000000
  14.371  3186 2608  85 1  0  0 0 0 0 0  00000000
  14.383  3186 2609  86 1  0  0 0 0 0 0  00000000
  14.396  3186 2614  83 1  0  0 0 0 0 0  00000000
  14.408  3233 2643  73 1  0  0 0 0 0 0  00000000
  14.420  3233 2701  48 1  0  0 0 0 0 0  00000000
  14.432  3233 2701   0 0  0  0 0 0 0 0  00000000
  14.520  3251 2520  79 1  0  0 0 0 0 0  00000000
  14.532  3216 2489  85 1  0  0 0 0 0 0  00000000
  14.544  3189 2489  89 1  0  0 0 0 0 0  00000000
  14.569  3188 2489  87 1  0  0 0 0 0 0  00000000
  14.582  3184 2487  82 1  0  0 0 0 0 0  00000000
  14.594  3152 2486  73 1  0  0 0 0 0 0  00000000
  14.606  3152 2504  67 1  0  0 0 0 0 0  00000000
  14.619  3169 2539  53 1  0  0 0 0 0 0  00000000
  14.630  3169 2539   0 0  0  0 0 0 0 0  00000000
  14.842  3112 2633  82 1  0  0 0 0 0 0  00000000
  14.854  3090 2633  86 1  0  0 0 0 0 0  00000000
  14.867  3088 2633  90 1  0  0 0 0 0 0  00000000
  14.880  3083 2633  91 1  0  0 0 0 0 0  00000000
  14.892  3078 2634  91 1  0  0 0 0 0 0  00000000
  14.904  3078 2634  89 1  0  0 0 0 0 0  00000000
  14.916  3078 2616  88 1  0  0 0 0 0 0  00000000
  14.929  3078 2592  85 1  0  0 0 0 0 0  00000000
  14.942  3101 2571  81 1  0  0 0 0 0 0  00000000
  14.954  3101 2567  77 1  0  0 0 0 0 0  00000000
  14.965  3102 2534  72 1  0  0 0 0 0 0  00000000
  14.977  3153 2535  63 1  0  0 0 0 0 0  00000000
  14.987  3153 2536  63 1  0  0 0 0 0 0  00000000
  15.002  3153 2536   0 0  0  0 0 0 0 0  00000000
  15.164  3171 2648  67 1  0  0 0 0 0 0  00000000
  15.177  3101 2646  81 1  0  0 0 0 0 0  00000000
  15.190  3076 2642  88 1  0  0 0 0 0 0  00000000
  15.202  3074 2642  90 1  0  0 0 0 0 0  00000000
  15.214  3068 2643  92 1  0  0 0 0 0 0  00000000
  15.227  3062 2644  92 1  0  0 0 0 0 0  00000000
  15.238  3060 2645  92 1  0  0 0 0 0 0  00000000
  15.252  3060 2639  91 1  0  0 0 0 0 0  00000000
  15.264  3060 2633  89 1  0  0 0 0 0 0  00000000
  15.277  3060 2602  88 1  0  0 0 0 0 0  00000000
  15.289  3061 2580  85 1  0  0 0 0 0 0  00000000
  15.303  3062 2557  81 1  0  0 0 0 0 0  00000000
  15.314  3091 2540  77 1  0  0 0 0 0 0  00000000
  15.325  3091 2523  73 1  0  0 0 0 0 0  00000000
  15.338  3092 2523  69 1  0  0 0 0 0 0  00000000
  15.350  3093 2548  60 1  0  0 0 0 0 0  00000000
  15.362  3114 2566  44 1  0  0 0 0 0 0  00000000
  15.374  3114 2566   0 0  0  0 0 0 0 0  00000000
  15.524  3168 2567  86 1  0  0 0 0 0 0  00000000
  15.537  3166 2573  91 1  0  0 0 0 0 0  00000000
  15.550  3131 2608  94 1  0  0 0 0 0 0  00000000
  15.562  3129 2609  96 1  0  0 0 0 0 0  00000000
  15.574  3124 2633  96 1  0  0 0 0 0 0  00000000
  15.587  3124 2632  95 1  0  0 0 0 0 0  00000000
  15.599  3130 2607  92 1  0  0 0 0 0 0  00000000
  15.612  3137 2605  86 1  0  0 0 0 0 0  00000000
  15.623  3138 2565  74 1  0  0 0 0 0 0  00000000
  15.635  3168 2621  51 1  0  0 0 0 0 0  00000000
  15.660  3168 2621   0 0  0  0 0 0 0 0  00000000
  15.846  3150 2621  49 1  0  0 0 0 0 0  00000000
  15.860  3073 2619  83 1  0  0 0 0 0 0  00000000
  15.871  3071 2619  88 1  0  0 0 0 0 0  00000000
  15.884  3066 2623  90 1  0  0 0 0 0 0  00000000
  15.897  3060 2644  92 1  0  0 0 0 0 0  00000000
  15.909  3056 2645  93 1  0  0 0 0 0 0  00000000
  15.922  3054 2645  93 1  0  0 0 0 0 0  00000000
  15.934  3053 2649  94 1  0  0 0 0 0 0  00000000
  15.947  3052 2649  94 1  0  0 0 0 0 0  00000000
  15.972  3052 2649  93 1  0  0 0 0 0 0  00000000
  15.984  3052 2649  94 1  0  0 0 0 0 0  00000000
  16.021  3050 2649  95 1  0  0 0 0 0 0  00000000
  16.058  3050 2649  96 1  0  0 0 0 0 0  00000000
  16.107  3049 2649  96 1  0  0 0 0 0 0  00000000
  16.121  3049 2649  94 1  0  0 0 0 0 0  00000000
  16.132  3049 2649  96 1  0  0 0 0 0 0  00000000
  16.145  3049 2648  96 1  0  0 0 0 0 0  00000000
  16.157  3049 2646  95 1  0  0 0 0 0 0  00000000
  16.170  3049 2644  96 1  0  0 0 0 0 0  00000000
  16.182  3047 2639  95 1  0  0 0 0 0 0  00000000
  16.194  3046 2634  94 1  0  0 0 0 0 0  00000000
  16.207  3044 2632  95 1  0  0 0 0 0 0  00000000
  16.220  3044 2626  94 1  0  0 0 0 0 0  00000000
  16.232  3044 2599  94 1  0  0 0 0 0 0  00000000
  16.256  3044 2597  94 1  0  0 0 0 0 0  00000000
  16.269  3044 2576  93 1  0  0 0 0 0 0  00000000
  16.281  3043 2576  94 1  0  0 0 0 0 0  00000000
  16.293  3043 2576  93 1  0  0 0 0 0 0  00000000
  16.318  3043 2574  93 1  0  0 0 0 0 0  00000000
  16.380  3043 2574  94 1  0  0 0 0 0 0  00000000
  16.405  3043 2578  93 1  0  0 0 0 0 0  00000000
  16.418  3043 2583  94 1  0  0 0 0 0 0  00000000
  16.430  3043 2584  96 1  0  0 0 0 0 0  00000000
  16.443  3043 2589  95 1  0  0 0 0 0 0  00000000
  16.455  3043 2590  95 1  0  0 0 0 0 0  00000000
  16.467  3043 2591  96 1  0  0 0 0 0 0  00000000
  16.480  3043 2592  95 1  0  0 0 0 0 0  00000000
  16.504  3043 2592  94 1  0  0 0 0 0 0  00000000
  16.516  3043 2592  95 1  0  0 0 0 0 0  00000000
  16.530  3043 2590  94 1  0  0 0 0 0 0  00000000
  16.542  3043 2585  93 1  0  0 0 0 0 0  00000000
  16.555  3043 2552  91 1  0  0 0 0 0 0  00000000
  16.566  3047 2524  85 1  0  0 0 0 0 0  00000000
  16.580  3080 2505  75 1  0  0 0 0 0 0  00000000
  16.591  3110 2574  47 1  0  0 0 0 0 0  00000000
  16.603  3110 2574   0 0  0  0 0 0 0 0  00000000
