time	 y	 z	 f	 w	 l	 r	 u	 d	 m	 multi
   0.000  3632 3033   0 0  0  0 0 0 0 0  00000000
   1.302  3315 3276  88 1  0  0 0 0 0 0  00000000
   1.313  3315 3276  90 1  0  0 0 0 0 0  00000000
   1.326  3311 3276  92 1  0  0 0 0 0 0  00000000
   1.339  3309 3294  91 1  0  0 0 0 0 0  00000000
   1.351  3307 3295  89 1  0  0 0 0 0 0  00000000
   1.363  3302 3296  82 1  0  0 0 0 0 0  00000000
   1.376  3300 3335  68 1  0  0 0 0 0 0  00000000
   1.389  3261 3367  40 1  0  0 0 0 0 0  00000000
   1.400  3261 3367   0 0  0  0 0 0 0 0  00000000
   1.462  3328 3349  50 1  0  0 0 0 0 0  00000000
   1.475  3328 3347  89 1  0  0 0 0 0 0  00000000
   1.488  3328 3315  92 1  0  0 0 0 0 0  00000000
   1.537  3307 3315  96 1  0  0 0 0 0 0  00000000
   1.562  3307 3316  95 1  0  0 0 0 0 0  00000000
   1.574  3307 3322  95 1  0  0 0 0 0 0  00000000
   1.586  3307 3323  95 1  0  0 0 0 0 0  00000000
   1.599  3307 3324  94 1  0  0 0 0 0 0  00000000
   1.611  3307 3325  93 1  0  0 0 0 0 0  00000000
   1.625  3307 3330  91 1  0  0 0 0 0 0  00000000
   1.637  3307 3331  88 1  0  0 0 0 0 0  00000000
   1.649  3307 3335  83 1  0  0 0 0 0 0  00000000
   1.662  3307 3367  73 1  0  0 0 0 0 0  00000000
   1.674  3265 3368  56 1  0  0 0 0 0 0  00000000
   1.688  3265 3368   0 0  0  0 0 0 0 0  00000000
   1.747  3294 3368  48 1  0  0 0 0 0 0  00000000
   1.761  3295 3348  78 1  0  0 0 0 0 0  00000000
   1.773  3299 3327  88 1  0  0 0 0 0 0  00000000
   1.785  3300 3325  93 1  0  0 0 0 0 0  00000000
   1.798  3304 3324  97 1  0  0 0 0 0 0  00000000
   1.810  3305 3322  98 1  0  0 0 0 0 0  00000000
   1.823  3305 3322  99 1  0  0 0 0 0 0  00000000
   1.834  3305 3322 100 1  0  0 0 0 0 0  00000000
   1.873  3305 3322  99 1  0  0 0 0 0 0  00000000
   1.885  3305 3323  98 1  0  0 0 0 0 0  00000000
   1.898  3305 3323  96 1  0  0 0 0 0 0  00000000
   1.910  3305 3323  92 1  0  0 0 0 0 0  00000000
   1.922  3305 3322  85 1  0  0 0 0 0 0  00000000
   1.933  3303 3320  76 1  0  0 0 0 0 0  00000000
   1.946  3276 3341  63 1  0  0 0 0 0 0  00000000
   1.959  3303 3368  49 1  0  0 0 0 0 0  00000000
   1.971  3303 3368   0 0  0  0 0 0 0 0  00000000
   2.083  3367 3476  40 1  0  0 0 0 0 0  00000000
   2.096  3391 3400  63 1  0  0 0 0 0 0  00000000
   2.109  3391 3400  77 1  0  0 0 0 0 0  00000000
   2.121  3389 3400  86 1  0  0 0 0 0 0  00000000
   2.133  3387 3401  90 1  0  0 0 0 0 0  00000000
   2.146  3385 3405  91 1  0  0 0 0 0 0  00000000
   2.157  3383 3406  93 1  0  0 0 0 0 0  00000000
   2.170  3381 3407  92 1  0  0 0 0 0 0  00000000
   2.182  3379 3407  91 1  0  0 0 0 0 0  00000000
   2.196  3377 3407  90 1  0  0 0 0 0 0  00000000
   2.207  3377 3407  87 1  0  0 0 0 0 0  00000000
   2.219  3377 3407  81 1  0  0 0 0 0 0  00000000
   2.232  3375 3408  72 1  0  0 0 0 0 0  00000000
   2.244  3373 3434  59 1  0  0 0 0 0 0  00000000
   2.256  3373 3468  42 1  0  0 0 0 0 0  00000000
   2.268  3373 3468   0 0  0  0 0 0 0 0  00000000
   2.405  3246 3522  57 1  0  0 0 0 0 0  00000000
   2.418  3247 3522  78 1  0  0 0 0 0 0  00000000
   2.431  3271 3520  87 1  0  0 0 0 0 0  00000000
   2.442  3269 3518  89 1  0  0 0 0 0 0  00000000
   2.455  3265 3513  89 1  0  0 0 0 0 0  00000000
   2.467  3263 3511  87 1  0  0 0 0 0 0  00000000
   2.480  3262 3509  85 1  0  0 0 0 0 0  00000000
   2.493  3260 3507  80 1  0  0 0 0 0 0  00000000
   2.505  3255 3507  69 1  0  0 0 0 0 0  00000000
   2.518  3213 3531  52 1  0  0 0 0 0 0  00000000
   2.529  3213 3531   0 0  0  0 0 0 0 0  00000000
   2.691  3192 3553  44 1  0  0 0 0 0 0  00000000
   2.716  3193 3523  86 1  0  0 0 0 0 0  00000000
   2.729  3194 3523  90 1  0  0 0 0 0 0  00000000
   2.741  3194 3521  92 1  0  0 0 0 0 0  00000000
   2.753  3194 3517  92 1  0  0 0 0 0 0  00000000
   2.766  3194 3512  90 1  0  0 0 0 0 0  00000000
   2.778  3194 3508  88 1  0  0 0 0 0 0  00000000
   2.790  3194 3506  83 1  0  0 0 0 0 0  00000000
   2.803  3192 3501  73 1  0  0 0 0 0 0  00000000
   2.814  3168 3501  57 1  0  0 0 0 0 0  00000000
   2.827  3168 3501   0 0  0  0 0 0 0 0  00000000
   2.976  3330 3530  42 1  0  0 0 0 0 0  00000000
   2.988  3352 3485  74 1  0  0 0 0 0 0  00000000
   3.001  3352 3483  84 1  0  0 0 0 0 0  00000000
   3.014  3351 3477  87 1  0  0 0 0 0 0  00000000
   3.026  3351 3472  88 1  0  0 0 0 0 0  00000000
   3.039  3351 3466  87 1  0  0 0 0 0 0  00000000
   3.050  3349 3461  83 1  0  0 0 0 0 0  00000000
   3.064  3348 3459  77 1  0  0 0 0 0 0  00000000
   3.076  3348 3504  63 1  0  0 0 0 0 0  00000000
   3.087  3348 3504   0 0  0  0 0 0 0 0  00000000
   3.286  3536 3445  42 1  0  0 0 0 0 0  00000000
   3.299  3534 3443  75 1  0  0 0 0 0 0  00000000
   3.312  3534 3443  83 1  0  0 0 0 0 0  00000000
   3.324  3533 3442  86 1  0  0 0 0 0 0  00000000
   3.336  3532 3442  88 1  0  0 0 0 0 0  00000000
   3.349  3527 3442  91 1  0  0 0 0 0 0  00000000
   3.362  3525 3442  90 1  0  0 0 0 0 0  00000000
   3.386  3525 3442  91 1  0  0 0 0 0 0  00000000
   3.398  3525 3442  90 1  0  0 0 0 0 0  00000000
   3.411  3525 3440  91 1  0  0 0 0 0 0  00000000
   3.423  3525 3438  91 1  0  0 0 0 0 0  00000000
   3.448  3525 3438  93 1  0  0 0 0 0 0  00000000
   3.461  3525 3439  94 1  0  0 0 0 0 0  00000000
   3.473  3525 3443  93 1  0  0 0 0 0 0  00000000
   3.484  3525 3447  95 1  0  0 0 0 0 0  00000000
   3.497  3525 3451  95 1  0  0 0 0 0 0  00000000
   3.510  3525 3455  96 1  0  0 0 0 0 0  00000000
   3.523  3525 3460  95 1  0  0 0 0 0 0  00000000
   3.534  3525 3461  96 1  0  0 0 0 0 0  00000000
   3.547  3525 3466  97 1  0  0 0 0 0 0  00000000
   3.560  3525 3467  98 1  0  0 0 0 0 0  00000000
   3.573  3525 3468  97 1  0  0 0 0 0 0  00000000
   3.598  3525 3468  96 1  0  0 0 0 0 0  00000000
   3.610  3525 3468  98 1  0  0 0 0 0 0  00000000
   3.621  3525 3468  96 1  0  0 0 0 0 0  00000000
   3.633  3525 3463  96 1  0  0 0 0 0 0  00000000
   3.647  3525 3458  94 1  0  0 0 0 0 0  00000000
   3.658  3525 3456  90 1  0  0 0 0 0 0  00000000
   3.671  3524 3434  78 1  0  0 0 0 0 0  00000000
   3.683  3499 3484  56 1  0  0 0 0 0 0  00000000
   3.696  3499 3484   0 0  0  0 0 0 0 0  00000000
   3.794  3551 3452  76 1  0  0 0 0 0 0  00000000
   3.809  3547 3450  87 1  0  0 0 0 0 0  00000000
   3.819  3543 3445  91 1  0  0 0 0 0 0  00000000
   3.832  3541 3444  92 1  0  0 0 0 0 0  00000000
   3.846  3540 3442  91 1  0  0 0 0 0 0  00000000
   3.858  3540 3437  88 1  0  0 0 0 0 0  00000000
   3.870  3540 3436  79 1  0  0 0 0 0 0  00000000
   3.883  3508 3436  62 1  0  0 0 0 0 0  00000000
   3.894  3558 3466  39 1  0  0 0 0 0 0  00000000
   3.906  3558 3466   0 0  0  0 0 0 0 0  00000000
   3.944  3578 3394  67 1  0  0 0 0 0 0  00000000
   3.956  3579 3376  83 1  0  0 0 0 0 0  00000000
   3.969  3580 3374  89 1  0  0 0 0 0 0  00000000
   3.982  3581 3369  91 1  0  0 0 0 0 0  00000000
   3.993  3581 3364  92 1  0  0 0 0 0 0  00000000
   4.006  3581 3359  92 1  0  0 0 0 0 0  00000000
   4.018  3581 3353  91 1  0  0 0 0 0 0  00000000
   4.031  3581 3347  89 1  0  0 0 0 0 0  00000000
   4.044  3581 3341  87 1  0  0 0 0 0 0  00000000
   4.056  3581 3337  85 1  0  0 0 0 0 0  00000000
   4.069  3581 3332  80 1  0  0 0 0 0 0  00000000
   4.081  3581 3330  74 1  0  0 0 0 0 0  00000000
   4.094  3581 3328  66 1  0  0 0 0 0 0  00000000
   4.106  3579 3359  60 1  0  0 0 0 0 0  00000000
   4.117  3574 3378  55 1  0  0 0 0 0 0  00000000
   4.129  3581 3379  47 1  0  0 0 0 0 0  00000000
   4.142  3586 3461  36 1  0  0 0 0 0 0  00000000
   4.155  3586 3461   0 0  0  0 0 0 0 0  00000000
   4.279  3697 3387  76 1  0  0 0 0 0 0  00000000
   4.291  3693 3387  85 1  0  0 0 0 0 0  00000000
   4.304  3687 3385  89 1  0  0 0 0 0 0  00000000
   4.316  3682 3383  90 1  0  0 0 0 0 0  00000000
   4.328  3680 3383  90 1  0  0 0 0 0 0  00000000
   4.341  3678 3383  90 1  0  0 0 0 0 0  00000000
   4.354  3678 3383  87 1  0  0 0 0 0 0  00000000
   4.366  3678 3383  85 1  0  0 0 0 0 0  00000000
   4.379  3676 3383  78 1  0  0 0 0 0 0  00000000
   4.390  3671 3427  66 1  0  0 0 0 0 0  00000000
   4.402  3634 3427  41 1  0  0 0 0 0 0  00000000
   4.414  3634 3427   0 0  0  0 0 0 0 0  00000000
   4.589  3412 3477  77 1  0  0 0 0 0 0  00000000
   4.602  3412 3477  84 1  0  0 0 0 0 0  00000000
   4.614  3412 3477  87 1  0  0 0 0 0 0  00000000
   4.626  3412 3477  89 1  0  0 0 0 0 0  00000000
   4.639  3411 3476  89 1  0  0 0 0 0 0  00000000
   4.652  3411 3474  89 1  0  0 0 0 0 0  00000000
   4.664  3411 3472  88 1  0  0 0 0 0 0  00000000
   4.678  3411 3470  86 1  0  0 0 0 0 0  00000000
   4.689  3411 3445  78 1  0  0 0 0 0 0  00000000
   4.700  3411 3462  71 1  0  0 0 0 0 0  00000000
   4.713  3434 3518  51 1  0  0 0 0 0 0  00000000
   4.725  3434 3518   0 0  0  0 0 0 0 0  00000000
   4.899  3715 3516  44 1  0  0 0 0 0 0  00000000
   4.912  3713 3514  77 1  0  0 0 0 0 0  00000000
   4.925  3711 3510  81 1  0  0 0 0 0 0  00000000
   4.936  3705 3508  82 1  0  0 0 0 0 0  00000000
   4.949  3703 3502  82 1  0  0 0 0 0 0  00000000
   4.962  3703 3500  81 1  0  0 0 0 0 0  00000000
   4.974  3703 3500  77 1  0  0 0 0 0 0  00000000
   4.987  3703 3500  69 1  0  0 0 0 0 0  00000000
   4.998  3703 3537  54 1  0  0 0 0 0 0  00000000
   5.010  3703 3537   0 0  0  0 0 0 0 0  00000000
   5.222  3566 3554  76 1  0  0 0 0 0 0  00000000
   5.234  3550 3534  81 1  0  0 0 0 0 0  00000000
   5.247  3550 3532  84 1  0  0 0 0 0 0  00000000
   5.260  3550 3531  86 1  0  0 0 0 0 0  00000000
   5.272  3548 3531  88 1  0  0 0 0 0 0  00000000
   5.284  3547 3531  88 1  0  0 0 0 0 0  00000000
   5.296  3545 3531  87 1  0  0 0 0 0 0  00000000
   5.309  3543 3532  86 1  0  0 0 0 0 0  00000000
   5.322  3543 3536  82 1  0  0 0 0 0 0  00000000
   5.333  3543 3537  80 1  0  0 0 0 0 0  00000000
   5.347  3543 3538  77 1  0  0 0 0 0 0  00000000
   5.360  3542 3539  69 1  0  0 0 0 0 0  00000000
   5.371  3521 3571  54 1  0  0 0 0 0 0  00000000
   5.382  3521 3571   0 0  0  0 0 0 0 0  00000000
   5.532  3521 3512  58 1  0  0 0 0 0 0  00000000
   5.544  3520 3508  82 1  0  0 0 0 0 0  00000000
   5.557  3515 3481  85 1  0  0 0 0 0 0  00000000
   5.570  3510 3481  85 1  0  0 0 0 0 0  00000000
   5.583  3509 3481  85 1  0  0 0 0 0 0  00000000
   5.594  3509 3481  83 1  0  0 0 0 0 0  00000000
   5.607  3504 3481  77 1  0  0 0 0 0 0  00000000
   5.617  3502 3481  77 1  0  0 0 0 0 0  00000000
   5.632  3475 3512  50 1  0  0 0 0 0 0  00000000
   5.643  3475 3512   0 0  0  0 0 0 0 0  00000000
   5.880  3504 3513  81 1  0  0 0 0 0 0  00000000
   5.893  3504 3512  83 1  0  0 0 0 0 0  00000000
   5.905  3504 3508  85 1  0  0 0 0 0 0  00000000
   5.918  3504 3507  86 1  0  0 0 0 0 0  00000000
   5.942  3502 3507  88 1  0  0 0 0 0 0  00000000
   5.954  3502 3507  87 1  0  0 0 0 0 0  00000000
   5.967  3498 3507  87 1  0  0 0 0 0 0  00000000
   5.979  3497 3505  88 1  0  0 0 0 0 0  00000000
   5.992  3497 3503  88 1  0  0 0 0 0 0  00000000
   6.005  3497 3503  86 1  0  0 0 0 0 0  00000000
   6.016  3497 3501  88 1  0  0 0 0 0 0  00000000
   6.029  3497 3499  87 1  0  0 0 0 0 0  00000000
   6.041  3497 3499  89 1  0  0 0 0 0 0  00000000
   6.066  3495 3499  89 1  0  0 0 0 0 0  00000000
   6.079  3495 3499  90 1  0  0 0 0 0 0  00000000
   6.117  3494 3500  90 1  0  0 0 0 0 0  00000000
   6.129  3494 3504  91 1  0  0 0 0 0 0  00000000
   6.140  3494 3504  90 1  0  0 0 0 0 0  00000000
   6.166  3494 3505  91 1  0  0 0 0 0 0  00000000
   6.180  3494 3505  90 1  0  0 0 0 0 0  00000000
   6.191  3494 3506  89 1  0  0 0 0 0 0  00000000
   6.203  3494 3506  88 1  0  0 0 0 0 0  00000000
   6.216  3494 3507  88 1  0  0 0 0 0 0  00000000
   6.229  3494 3508  85 1  0  0 0 0 0 0  00000000
   6.239  3494 3512  81 1  0  0 0 0 0 0  00000000
   6.253  3494 3544  73 1  0  0 0 0 0 0  00000000
   6.265  3492 3611  53 1  0  0 0 0 0 0  00000000
   6.277  3492 3611   0 0  0  0 0 0 0 0  00000000
