time	 y	 z	 f	 w	 l	 r	 u	 d	 m	 multi
   0.000  3844 3693   0 0  0  0 0 0 0 0  00000000
   1.098  2796 3757  92 1  0  0 0 0 0 0  00000000
   1.123  2796 3741  97 1  0  0 0 0 0 0  00000000
   1.135  2794 3721  95 1  0  0 0 0 0 0  00000000
   1.148  2794 3719  94 1  0  0 0 0 0 0  00000000
   1.160  2794 3679  88 1  0  0 0 0 0 0  00000000
   1.172  2798 3651  81 1  0  0 0 0 0 0  00000000
   1.185  2848 3633  69 1  0  0 0 0 0 0  00000000
   1.198  2899 3652  53 1  0  0 0 0 0 0  00000000
   1.210  2899 3652   0 0  0  0 0 0 0 0  00000000
   1.296  4697 2859  92 1  0  0 0 0 0 0  00000000
   1.310  4695 2792  89 1  0  0 0 0 0 0  00000000
   1.322  4695 2792  92 1  0  0 0 0 0 0  00000000
   1.334  4695 2793  94 1  0  0 0 0 0 0  00000000
   1.359  4695 2793  93 1  0  0 0 0 0 0  00000000
   1.371  4699 2793  92 1  0  0 0 0 0 0  00000000
   1.384  4705 2793  90 1  0  0 0 0 0 0  00000000
   1.396  4706 2793  88 1  0  0 0 0 0 0  00000000
   1.408  4712 2791  88 1  0  0 0 0 0 0  00000000
   1.421  4716 2790  89 1  0  0 0 0 0 0  00000000
   1.433  4720 2789  87 1  0  0 0 0 0 0  00000000
   1.445  4721 2788  88 1  0  0 0 0 0 0  00000000
   1.458  4721 2783  88 1  0  0 0 0 0 0  00000000
   1.470  4721 2781  88 1  0  0 0 0 0 0  00000000
   1.483  4720 2781  87 1  0  0 0 0 0 0  00000000
   1.495  4701 2781  85 1  0  0 0 0 0 0  00000000
   1.508  4701 2779  83 1  0  0 0 0 0 0  00000000
   1.521  4702 2777  76 1  0  0 0 0 0 0  00000000
   1.533  4702 2784  54 1  0  0 0 0 0 0  00000000
   1.544  4702 2784   0 0  0  0 0 0 0 0  00000000
   1.570  3100 3469  78 1  0  0 0 0 0 0  00000000
   1.582  3035 3470  94 1  0  0 0 0 0 0  00000000
   1.595  3035 3470  98 1  0  0 0 0 0 0  00000000
   1.619  3035 3444  99 1  0  0 0 0 0 0  00000000
   1.632  3035 3442  99 1  0  0 0 0 0 0  00000000
   1.644  3035 3435  97 1  0  0 0 0 0 0  00000000
   1.657  3035 3411  96 1  0  0 0 0 0 0  00000000
   1.670  3035 3410  95 1  0  0 0 0 0 0  00000000
   1.681  3035 3405  93 1  0  0 0 0 0 0  00000000
   1.694  3035 3399  92 1  0  0 0 0 0 0  00000000
   1.706  3035 3375  92 1  0  0 0 0 0 0  00000000
   1.730  3035 3373  92 1  0  0 0 0 0 0  00000000
   1.743  3035 3371  91 1  0  0 0 0 0 0  00000000
   1.756  3035 3369  91 1  0  0 0 0 0 0  00000000
   1.769  3035 3367  91 1  0  0 0 0 0 0  00000000
   1.781  3035 3365  92 1  0  0 0 0 0 0  00000000
   1.807  3035 3365  91 1  0  0 0 0 0 0  00000000
   1.818  3035 3366  92 1  0  0 0 0 0 0  00000000
   1.830  3035 3366  91 1  0  0 0 0 0 0  00000000
   1.855  3035 3366  88 1  0  0 0 0 0 0  00000000
   1.868  3036 3366  86 1  0  0 0 0 0 0  00000000
   1.881  3037 3366  79 1  0  0 0 0 0 0  00000000
   1.892  3100 3367  66 1  0  0 0 0 0 0  00000000
   1.918  3101 3431  40 2  0  0 0 0 0 0  00000000
   1.930  4731 2816  81 1  0  0 0 0 0 0  00000000
   1.955  4731 2816  82 1  0  0 0 0 0 0  00000000
   1.966  4731 2816  81 1  0  0 0 0 0 0  00000000
   1.979  4730 2816  82 1  0  0 0 0 0 0  00000000
   1.991  4729 2816  83 1  0  0 0 0 0 0  00000000
   2.004  4729 2816  81 1  0  0 0 0 0 0  00000000
   2.016  4729 2817  82 1  0  0 0 0 0 0  00000000
   2.029  4729 2817  81 1  0  0 0 0 0 0  00000000
   2.042  4729 2817  82 1  0  0 0 0 0 0  00000000
   2.054  4729 2818  80 1  0  0 0 0 0 0  00000000
   2.067  4730 2819  79 1  0  0 0 0 0 0  00000000
   2.079  4734 2820  76 1  0  0 0 0 0 0  00000000
   2.091  4765 2824  71 1  0  0 0 0 0 0  00000000
   2.103  4766 2853  66 1  0  0 0 0 0 0  00000000
   2.116  4804 2897  52 1  0  0 0 0 0 0  00000000
   2.128  4804 2897   0 0  0  0 0 0 0 0  00000000
   2.239  2854 3426  76 1  0  0 0 0 0 0  00000000
   2.251  2813 3426  86 1  0  0 0 0 0 0  00000000
   2.264  2813 3426  90 1  0  0 0 0 0 0  00000000
   2.277  2813 3421  92 1  0  0 0 0 0 0  00000000
   2.290  2813 3419  91 1  0  0 0 0 0 0  00000000
   2.302  2813 3395  89 1  0  0 0 0 0 0  00000000
   2.313  2813 3378  86 1  0  0 0 0 0 0  00000000
   2.326  2813 3374  82 1  0  0 0 0 0 0  00000000
   2.339  2820 3368  77 1  0  0 0 0 0 0  00000000
   2.352  2824 3367  68 1  0  0 0 0 0 0  00000000
   2.364  2845 3395  49 1  0  0 0 0 0 0  00000000
   2.375  2845 3395   0 0  0  0 0 0 0 0  00000000
   2.526  4510 2790  71 1  0  0 0 0 0 0  00000000
   2.538  4461 2747  82 1  0  0 0 0 0 0  00000000
   2.550  4477 2747  82 1  0  0 0 0 0 0  00000000
   2.563  4477 2745  84 1  0  0 0 0 0 0  00000000
   2.575  4477 2739  86 1  0  0 0 0 0 0  00000000
   2.588  4477 2737  85 1  0  0 0 0 0 0  00000000
   2.600  4477 2731  84 1  0  0 0 0 0 0  00000000
   2.612  4477 2729  85 1  0  0 0 0 0 0  00000000
   2.625  4477 2727  84 1  0  0 0 0 0 0  00000000
   2.637  4477 2725  84 1  0  0 0 0 0 0  00000000
   2.650  4477 2720  83 1  0  0 0 0 0 0  00000000
   2.661  4477 2714  79 1  0  0 0 0 0 0  00000000
   2.674  4481 2710  75 1  0  0 0 0 0 0  00000000
   2.686  4504 2729  65 1  0  0 0 0 0 0  00000000
   2.699  4504 2729   0 0  0  0 0 0 0 0  00000000
   2.823  2876 3333  62 1  0  0 0 0 0 0  00000000
   2.835  2781 3333  86 1  0  0 0 0 0 0  00000000
   2.848  2781 3331  89 1  0  0 0 0 0 0  00000000
   2.860  2781 3325  88 1  0  0 0 0 0 0  00000000
   2.873  2781 3302  88 1  0  0 0 0 0 0  00000000
   2.885  2781 3279  83 1  0  0 0 0 0 0  00000000
   2.898  2785 3279  77 1  0  0 0 0 0 0  00000000
   2.910  2834 3314  61 1  0  0 0 0 0 0  00000000
   2.921  2834 3314   0 0  0  0 0 0 0 0  00000000
   3.134  4489 2867  81 1  0  0 0 0 0 0  00000000
   3.145  4489 2791  78 1  0  0 0 0 0 0  00000000
   3.157  4490 2791  80 1  0  0 0 0 0 0  00000000
   3.170  4491 2787  81 1  0  0 0 0 0 0  00000000
   3.183  4492 2782  82 1  0  0 0 0 0 0  00000000
   3.195  4493 2780  81 1  0  0 0 0 0 0  00000000
   3.204  4494 2780  81 1  0  0 0 0 0 0  00000000
   3.214  4495 2780  81 1  0  0 0 0 0 0  00000000
   3.233  4495 2778  82 1  0  0 0 0 0 0  00000000
   3.244  4495 2778  81 1  0  0 0 0 0 0  00000000
   3.257  4495 2776  81 1  0  0 0 0 0 0  00000000
   3.270  4495 2776  83 1  0  0 0 0 0 0  00000000
   3.282  4495 2775  83 1  0  0 0 0 0 0  00000000
   3.294  4495 2773  83 1  0  0 0 0 0 0  00000000
   3.307  4490 2771  83 1  0  0 0 0 0 0  00000000
   3.320  4490 2769  83 1  0  0 0 0 0 0  00000000
   3.332  4490 2768  83 1  0  0 0 0 0 0  00000000
   3.345  4490 2766  83 1  0  0 0 0 0 0  00000000
   3.357  4490 2760  84 1  0  0 0 0 0 0  00000000
   3.370  4490 2758  84 1  0  0 0 0 0 0  00000000
   3.384  4490 2753  83 1  0  0 0 0 0 0  00000000
   3.394  4490 2747  83 1  0  0 0 0 0 0  00000000
   3.405  4490 2742  84 1  0  0 0 0 0 0  00000000
   3.419  4490 2722  82 1  0  0 0 0 0 0  00000000
   3.444  4491 2720  82 1  0  0 0 0 0 0  00000000
   3.456  4491 2715  81 1  0  0 0 0 0 0  00000000
   3.469  4491 2709  80 1  0  0 0 0 0 0  00000000
   3.481  4491 2707  80 1  0  0 0 0 0 0  00000000
   3.493  4492 2705  78 1  0  0 0 0 0 0  00000000
   3.505  4493 2703  75 1  0  0 0 0 0 0  00000000
   3.518  4517 2727  67 1  0  0 0 0 0 0  00000000
   3.529  4517 2727   0 0  0  0 0 0 0 0  00000000
   3.642  2715 3300  90 1  0  0 0 0 0 0  00000000
   3.654  2713 3281  84 1  0  0 0 0 0 0  00000000
   3.667  2711 3300  86 1  0  0 0 0 0 0  00000000
   3.680  2710 3319  85 1  0  0 0 0 0 0  00000000
   3.691  2717 3373  80 1  0  0 0 0 0 0  00000000
   3.704  2746 3414  74 1  0  0 0 0 0 0  00000000
   3.716  2791 3468  52 1  0  0 0 0 0 0  00000000
   3.727  2791 3468   0 0  0  0 0 0 0 0  00000000
   3.766  4583 2872  88 1  0  0 0 0 0 0  00000000
   3.780  4583 2873  80 1  0  0 0 0 0 0  00000000
   3.792  4583 2874  82 1  0  0 0 0 0 0  00000000
   3.803  4583 2898  82 1  0  0 0 0 0 0  00000000
   3.817  4583 2898  83 1  0  0 0 0 0 0  00000000
   3.829  4583 2899  82 1  0  0 0 0 0 0  00000000
   3.840  4583 2905  83 1  0  0 0 0 0 0  00000000
   3.853  4583 2911  83 1  0  0 0 0 0 0  00000000
   3.865  4583 2934  82 1  0  0 0 0 0 0  00000000
   3.890  4583 2932  83 1  0  0 0 0 0 0  00000000
   3.903  4583 2930  82 1  0  0 0 0 0 0  00000000
   3.916  4583 2928  82 1  0  0 0 0 0 0  00000000
   3.926  4583 2926  83 1  0  0 0 0 0 0  00000000
   3.939  4583 2922  83 1  0  0 0 0 0 0  00000000
   3.952  4583 2921  83 1  0  0 0 0 0 0  00000000
   3.978  4583 2921  84 1  0  0 0 0 0 0  00000000
   4.001  4583 2922  84 1  0  0 0 0 0 0  00000000
   4.014  4583 2923  84 1  0  0 0 0 0 0  00000000
   4.027  4583 2924  84 1  0  0 0 0 0 0  00000000
   4.040  4583 2928  84 1  0  0 0 0 0 0  00000000
   4.053  4583 2929  83 1  0  0 0 0 0 0  00000000
   4.064  4583 2930  84 1  0  0 0 0 0 0  00000000
   4.076  4583 2931  84 1  0  0 0 0 0 0  00000000
   4.089  4583 2932  83 1  0  0 0 0 0 0  00000000
   4.126  4583 2928  83 1  0  0 0 0 0 0  00000000
   4.138  4583 2923  83 1  0  0 0 0 0 0  00000000
   4.151  4583 2921  83 1  0  0 0 0 0 0  00000000
   4.163  4583 2916  82 1  0  0 0 0 0 0  00000000
   4.176  4583 2914  81 1  0  0 0 0 0 0  00000000
   4.189  4583 2912  76 1  0  0 0 0 0 0  00000000
   4.200  4583 2918  55 1  0  0 0 0 0 0  00000000
   4.211  4583 2918   0 0  0  0 0 0 0 0  00000000
   4.374  2739 3424  54 1  0  0 0 0 0 0  00000000
   4.386  2680 3424  79 1  0  0 0 0 0 0  00000000
   4.399  2680 3424  82 1  0  0 0 0 0 0  00000000
   4.411  2680 3422  83 1  0  0 0 0 0 0  00000000
   4.424  2680 3420  84 1  0  0 0 0 0 0  00000000
   4.436  2680 3418  83 1  0  0 0 0 0 0  00000000
   4.449  2680 3416  83 1  0  0 0 0 0 0  00000000
   4.498  2678 3416  84 1  0  0 0 0 0 0  00000000
   4.560  2678 3416  85 1  0  0 0 0 0 0  00000000
   4.573  2678 3416  86 1  0  0 0 0 0 0  00000000
   4.586  2678 3416  85 1  0  0 0 0 0 0  00000000
   4.598  2678 3416  86 1  0  0 0 0 0 0  00000000
   4.610  2676 3416  86 1  0  0 0 0 0 0  00000000
   4.622  2676 3416  87 1  0  0 0 0 0 0  00000000
   4.634  2675 3416  87 1  0  0 0 0 0 0  00000000
   4.648  2675 3416  86 1  0  0 0 0 0 0  00000000
   4.660  2675 3416  85 1  0  0 0 0 0 0  00000000
   4.672  2675 3414  85 1  0  0 0 0 0 0  00000000
   4.683  2675 3409  81 1  0  0 0 0 0 0  00000000
   4.696  2675 3407  75 1  0  0 0 0 0 0  00000000
   4.709  2675 3432  53 1  0  0 0 0 0 0  00000000
   4.721  2675 3432   0 0  0  0 0 0 0 0  00000000
   4.846  4714 2834  74 1  0  0 0 0 0 0  00000000
   4.859  4666 2806  79 1  0  0 0 0 0 0  00000000
   4.872  4667 2806  80 1  0  0 0 0 0 0  00000000
   4.884  4667 2806  81 1  0  0 0 0 0 0  00000000
   4.895  4667 2806  80 1  0  0 0 0 0 0  00000000
   4.907  4667 2806  77 1  0  0 0 0 0 0  00000000
   4.921  4639 2824  64 1  0  0 0 0 0 0  00000000
   4.932  4639 2824   0 0  0  0 0 0 0 0  00000000
   4.970  2649 3603  82 1  0  0 0 0 0 0  00000000
   4.982  2647 3583  80 1  0  0 0 0 0 0  00000000
   4.995  2641 3583  83 1  0  0 0 0 0 0  00000000
   5.007  2637 3583  83 1  0  0 0 0 0 0  00000000
   5.019  2636 3583  82 1  0  0 0 0 0 0  00000000
   5.031  2636 3584  80 1  0  0 0 0 0 0  00000000
   5.045  2635 3589  74 1  0  0 0 0 0 0  00000000
   5.057  2635 3633  53 1  0  0 0 0 0 0  00000000
   5.069  2635 3633   0 0  0  0 0 0 0 0  00000000
   5.280  4632 2889  91 1  0  0 0 0 0 0  00000000
   5.292  4632 2826  82 1  0  0 0 0 0 0  00000000
   5.305  4633 2824  87 1  0  0 0 0 0 0  00000000
   5.318  4634 2800  88 1  0  0 0 0 0 0  00000000
   5.330  4635 2800  88 1  0  0 0 0 0 0  00000000
   5.342  4636 2800  88 1  0  0 0 0 0 0  00000000
   5.355  4636 2801  88 1  0  0 0 0 0 0  00000000
   5.368  4636 2806  89 1  0  0 0 0 0 0  00000000
   5.379  4637 2810  89 1  0  0 0 0 0 0  00000000
   5.392  4637 2811  89 1  0  0 0 0 0 0  00000000
   5.404  4638 2812  88 1  0  0 0 0 0 0  00000000
   5.417  4639 2813  87 1  0  0 0 0 0 0  00000000
   5.429  4639 2814  87 1  0  0 0 0 0 0  00000000
   5.441  4639 2815  88 1  0  0 0 0 0 0  00000000
   5.454  4639 2815  89 1  0  0 0 0 0 0  00000000
   5.466  4639 2815  88 1  0  0 0 0 0 0  00000000
   5.479  4639 2814  89 1  0  0 0 0 0 0  00000000
   5.491  4639 2812  89 1  0  0 0 0 0 0  00000000
   5.504  4639 2811  88 1  0  0 0 0 0 0  00000000
   5.516  4639 2809  88 1  0  0 0 0 0 0  00000000
   5.529  4639 2807  89 1  0  0 0 0 0 0  00000000
   5.542  4639 2805  89 1  0  0 0 0 0 0  00000000
   5.554  4639 2803  89 1  0  0 0 0 0 0  00000000
   5.565  4639 2802  89 1  0  0 0 0 0 0  00000000
   5.577  4639 2802  90 1  0  0 0 0 0 0  00000000
   5.592  4639 2801  90 1  0  0 0 0 0 0  00000000
   5.603  4639 2799  89 1  0  0 0 0 0 0  00000000
   5.614  4639 2797  89 1  0  0 0 0 0 0  00000000
   5.628  4639 2792  89 1  0  0 0 0 0 0  00000000
   5.640  4639 2790  87 1  0  0 0 0 0 0  00000000
   5.652  4639 2789  87 1  0  0 0 0 0 0  00000000
   5.665  4639 2789  84 1  0  0 0 0 0 0  00000000
   5.677  4637 2843  51 1  0  0 0 0 0 0  00000000
   5.688  4637 2843   0 0  0  0 0 0 0 0  00000000
