time	 y	 z	 f	 w	 l	 r	 u	 d	 m	 multi
   0.000  2998 3434   0 0  0  0 0 0 0 0  00000000
   0.777  3127 3300  74 1  0  0 0 0 0 0  00000000
   0.789  3111 3276  78 1  0  0 0 0 0 0  00000000
   0.802  3109 3277  81 1  0  0 0 0 0 0  00000000
   0.813  3109 3278  79 1  0  0 0 0 0 0  00000000
   0.827  3108 3278  74 1  0  0 0 0 0 0  00000000
   0.839  3107 3315  64 1  0  0 0 0 0 0  00000000
   0.851  3107 3315   0 0  0  0 0 0 0 0  00000000
   1.049  3081 3335  78 1  0  0 0 0 0 0  00000000
   1.062  3079 3333  77 1  0  0 0 0 0 0  00000000
   1.075  3074 3333  79 1  0  0 0 0 0 0  00000000
   1.087  3072 3332  77 1  0  0 0 0 0 0  00000000
   1.099  3072 3332  68 1  0  0 0 0 0 0  00000000
   1.112  3133 3355  50 1  0  0 0 0 0 0  00000000
   1.123  3133 3355   0 0  0  0 0 0 0 0  00000000
   1.335  3459 3240  48 1  0  0 0 0 0 0  00000000
   1.348  3387 3204  76 1  0  0 0 0 0 0  00000000
   1.360  3364 3204  83 1  0  0 0 0 0 0  00000000
   1.373  3362 3200  85 1  0  0 0 0 0 0  00000000
   1.385  3338 3199  88 1  0  0 0 0 0 0  00000000
   1.434  3338 3198  88 1  0  0 0 0 0 0  00000000
   1.447  3338 3196  88 1  0  0 0 0 0 0  00000000
   1.459  3339 3171  85 1  0  0 0 0 0 0  00000000
   1.472  3339 3170  84 1  0  0 0 0 0 0  00000000
   1.484  3364 3149  79 1  0  0 0 0 0 0  00000000
   1.497  3364 3149  73 1  0  0 0 0 0 0  00000000
   1.509  3365 3165  63 1  0  0 0 0 0 0  00000000
   1.521  3365 3165   0 0  0  0 0 0 0 0  00000000
   1.905  3111 3396  76 1  0  0 0 0 0 0  00000000
   1.918  3089 3355  76 1  0  0 0 0 0 0  00000000
   1.930  3087 3336  81 1  0  0 0 0 0 0  00000000
   1.944  3081 3336  84 1  0  0 0 0 0 0  00000000
   1.955  3075 3337  86 1  0  0 0 0 0 0  00000000
   1.969  3073 3359  86 1  0  0 0 0 0 0  00000000
   1.980  3071 3360  85 1  0  0 0 0 0 0  00000000
   1.992  3070 3365  86 1  0  0 0 0 0 0  00000000
   2.006  3070 3366  87 1  0  0 0 0 0 0  00000000
   2.017  3070 3367  86 1  0  0 0 0 0 0  00000000
   2.030  3070 3368  85 1  0  0 0 0 0 0  00000000
   2.042  3070 3350  85 1  0  0 0 0 0 0  00000000
   2.055  3070 3334  83 1  0  0 0 0 0 0  00000000
   2.068  3070 3314  78 1  0  0 0 0 0 0  00000000
   2.080  3091 3288  72 1  0  0 0 0 0 0  00000000
   2.092  3092 3289  65 1  0  0 0 0 0 0  00000000
   2.106  3130 3310  47 1  0  0 0 0 0 0  00000000
   2.116  3130 3310   0 0  0  0 0 0 0 0  00000000
   2.428  3366 3278  66 1  0  0 0 0 0 0  00000000
   2.440  3324 3233  74 1  0  0 0 0 0 0  00000000
   2.451  3322 3211  78 1  0  0 0 0 0 0  00000000
   2.464  3316 3211  82 1  0  0 0 0 0 0  00000000
   2.476  3310 3210  81 1  0  0 0 0 0 0  00000000
   2.489  3308 3210  83 1  0  0 0 0 0 0  00000000
   2.501  3306 3206  83 1  0  0 0 0 0 0  00000000
   2.514  3304 3202  83 1  0  0 0 0 0 0  00000000
   2.526  3304 3200  83 1  0  0 0 0 0 0  00000000
   2.539  3304 3195  83 1  0  0 0 0 0 0  00000000
   2.551  3304 3174  83 1  0  0 0 0 0 0  00000000
   2.576  3304 3172  82 1  0  0 0 0 0 0  00000000
   2.588  3304 3167  81 1  0  0 0 0 0 0  00000000
   2.601  3304 3144  81 1  0  0 0 0 0 0  00000000
   2.627  3304 3124  80 1  0  0 0 0 0 0  00000000
   2.652  3321 3122  78 1  0  0 0 0 0 0  00000000
   2.663  3321 3116  74 1  0  0 0 0 0 0  00000000
   2.676  3322 3076  70 1  0  0 0 0 0 0  00000000
   2.687  3373 3055  55 1  0  0 0 0 0 0  00000000
   2.698  3373 3055   0 0  0  0 0 0 0 0  00000000
   2.961  3122 3290  72 1  0  0 0 0 0 0  00000000
   2.974  3101 3267  74 1  0  0 0 0 0 0  00000000
   2.986  3101 3267  77 1  0  0 0 0 0 0  00000000
   2.998  3101 3267  78 1  0  0 0 0 0 0  00000000
   3.011  3101 3267  77 1  0  0 0 0 0 0  00000000
   3.023  3101 3267  75 1  0  0 0 0 0 0  00000000
   3.035  3101 3265  71 1  0  0 0 0 0 0  00000000
   3.047  3145 3265  66 1  0  0 0 0 0 0  00000000
   3.059  3239 3265  45 1  0  0 0 0 0 0  00000000
   3.071  3239 3265   0 0  0  0 0 0 0 0  00000000
   3.196  3355 3296  51 1  0  0 0 0 0 0  00000000
   3.209  3313 3247  71 1  0  0 0 0 0 0  00000000
   3.221  3311 3265  77 1  0  0 0 0 0 0  00000000
   3.233  3305 3266  77 1  0  0 0 0 0 0  00000000
   3.242  3303 3267  77 1  0  0 0 0 0 0  00000000
   3.253  3301 3268  77 1  0  0 0 0 0 0  00000000
   3.271  3300 3299  72 1  0  0 0 0 0 0  00000000
   3.282  3300 3299  63 1  0  0 0 0 0 0  00000000
   3.296  3300 3299   0 0  0  0 0 0 0 0  00000000
   3.457  3251 3348  74 1  0  0 0 0 0 0  00000000
   3.469  3249 3326  74 1  0  0 0 0 0 0  00000000
   3.481  3219 3324  78 1  0  0 0 0 0 0  00000000
   3.494  3220 3322  77 1  0  0 0 0 0 0  00000000
   3.507  3221 3322  76 1  0  0 0 0 0 0  00000000
   3.519  3222 3320  75 1  0  0 0 0 0 0  00000000
   3.531  3226 3318  69 1  0  0 0 0 0 0  00000000
   3.544  3292 3318  57 1  0  0 0 0 0 0  00000000
   3.556  3292 3318   0 0  0  0 0 0 0 0  00000000
   3.743  3315 3432  74 1  0  0 0 0 0 0  00000000
   3.755  3297 3403  74 1  0  0 0 0 0 0  00000000
   3.769  3295 3401  78 1  0  0 0 0 0 0  00000000
   3.780  3288 3399  80 1  0  0 0 0 0 0  00000000
   3.791  3282 3399  80 1  0  0 0 0 0 0  00000000
   3.804  3280 3399  81 1  0  0 0 0 0 0  00000000
   3.818  3280 3399  80 1  0  0 0 0 0 0  00000000
   3.829  3280 3399  81 1  0  0 0 0 0 0  00000000
   3.841  3280 3399  80 1  0  0 0 0 0 0  00000000
   3.867  3278 3397  79 1  0  0 0 0 0 0  00000000
   3.878  3278 3396  80 1  0  0 0 0 0 0  00000000
   3.891  3278 3392  80 1  0  0 0 0 0 0  00000000
   3.904  3278 3391  80 1  0  0 0 0 0 0  00000000
   3.916  3278 3387  80 1  0  0 0 0 0 0  00000000
   3.929  3276 3383  80 1  0  0 0 0 0 0  00000000
   3.941  3276 3382  80 1  0  0 0 0 0 0  00000000
   3.953  3274 3382  81 1  0  0 0 0 0 0  00000000
   3.966  3274 3378  80 1  0  0 0 0 0 0  00000000
   3.979  3272 3376  80 1  0  0 0 0 0 0  00000000
   3.991  3272 3374  81 1  0  0 0 0 0 0  00000000
   4.016  3272 3373  80 1  0  0 0 0 0 0  00000000
   4.027  3272 3371  80 1  0  0 0 0 0 0  00000000
   4.041  3272 3369  80 1  0  0 0 0 0 0  00000000
   4.053  3270 3364  81 1  0  0 0 0 0 0  00000000
   4.066  3269 3362  80 1  0  0 0 0 0 0  00000000
   4.090  3269 3357  80 1  0  0 0 0 0 0  00000000
   4.102  3269 3356  80 1  0  0 0 0 0 0  00000000
   4.114  3269 3354  81 1  0  0 0 0 0 0  00000000
   4.127  3269 3354  80 1  0  0 0 0 0 0  00000000
   4.152  3269 3352  80 1  0  0 0 0 0 0  00000000
   4.164  3269 3350  80 1  0  0 0 0 0 0  00000000
   4.177  3269 3348  80 1  0  0 0 0 0 0  00000000
   4.264  3269 3342  80 1  0  0 0 0 0 0  00000000
   4.276  3270 3341  80 1  0  0 0 0 0 0  00000000
   4.288  3271 3340  80 1  0  0 0 0 0 0  00000000
   4.300  3271 3340  81 1  0  0 0 0 0 0  00000000
   4.313  3271 3339  80 1  0  0 0 0 0 0  00000000
   4.351  3272 3339  79 1  0  0 0 0 0 0  00000000
   4.362  3272 3339  81 1  0  0 0 0 0 0  00000000
   4.375  3272 3339  80 1  0  0 0 0 0 0  00000000
   4.387  3272 3339  81 1  0  0 0 0 0 0  00000000
   4.401  3273 3339  81 1  0  0 0 0 0 0  00000000
   4.413  3273 3339  80 1  0  0 0 0 0 0  00000000
   4.424  3273 3339  81 1  0  0 0 0 0 0  00000000
   4.437  3273 3340  81 1  0  0 0 0 0 0  00000000
   4.451  3273 3341  81 1  0  0 0 0 0 0  00000000
   4.463  3273 3360  82 1  0  0 0 0 0 0  00000000
   4.474  3273 3360  83 1  0  0 0 0 0 0  00000000
   4.487  3273 3361  82 1  0  0 0 0 0 0  00000000
   4.512  3273 3362  82 1  0  0 0 0 0 0  00000000
   4.524  3273 3366  82 1  0  0 0 0 0 0  00000000
   4.537  3273 3367  83 1  0  0 0 0 0 0  00000000
   4.549  3273 3368  84 1  0  0 0 0 0 0  00000000
   4.562  3273 3373  84 1  0  0 0 0 0 0  00000000
   4.574  3273 3374  83 1  0  0 0 0 0 0  00000000
   4.586  3273 3378  83 1  0  0 0 0 0 0  00000000
   4.599  3273 3383  83 1  0  0 0 0 0 0  00000000
   4.610  3273 3389  82 1  0  0 0 0 0 0  00000000
   4.624  3274 3395  82 1  0  0 0 0 0 0  00000000
   4.636  3279 3396  81 1  0  0 0 0 0 0  00000000
   4.648  3301 3397  77 1  0  0 0 0 0 0  00000000
   4.661  3337 3398  71 1  0  0 0 0 0 0  00000000
   4.673  3407 3398  58 1  0  0 0 0 0 0  00000000
   4.686  3407 3398   0 0  0  0 0 0 0 0  00000000
   5.108  3259 3624  72 1  0  0 0 0 0 0  00000000
   5.120  3232 3573  74 1  0  0 0 0 0 0  00000000
   5.133  3215 3544  79 1  0  0 0 0 0 0  00000000
   5.144  3214 3544  80 1  0  0 0 0 0 0  00000000
   5.157  3212 3544  80 1  0  0 0 0 0 0  00000000
   5.171  3210 3545  79 1  0  0 0 0 0 0  00000000
   5.182  3210 3545  77 1  0  0 0 0 0 0  00000000
   5.194  3227 3549  72 1  0  0 0 0 0 0  00000000
   5.207  3251 3584  65 1  0  0 0 0 0 0  00000000
   5.220  3287 3608  38 1  0  0 0 0 0 0  00000000
   5.230  3287 3608   0 0  0  0 0 0 0 0  00000000
   5.392  3309 3639  37 1  0  0 0 0 0 0  00000000
   5.404  3252 3613  71 1  0  0 0 0 0 0  00000000
   5.418  3229 3591  76 1  0  0 0 0 0 0  00000000
   5.430  3227 3591  77 1  0  0 0 0 0 0  00000000
   5.442  3225 3591  77 1  0  0 0 0 0 0  00000000
   5.455  3224 3591  74 1  0  0 0 0 0 0  00000000
   5.467  3224 3591  69 1  0  0 0 0 0 0  00000000
   5.479  3250 3614  52 1  0  0 0 0 0 0  00000000
   5.491  3250 3614   0 0  0  0 0 0 0 0  00000000
   5.690  3278 3614  73 1  0  0 0 0 0 0  00000000
   5.702  3258 3574  75 1  0  0 0 0 0 0  00000000
   5.715  3239 3552  78 1  0  0 0 0 0 0  00000000
   5.727  3237 3550  80 1  0  0 0 0 0 0  00000000
   5.739  3231 3550  81 1  0  0 0 0 0 0  00000000
   5.753  3229 3550  80 1  0  0 0 0 0 0  00000000
   5.765  3229 3550  81 1  0  0 0 0 0 0  00000000
   5.777  3227 3550  81 1  0  0 0 0 0 0  00000000
   5.789  3225 3550  81 1  0  0 0 0 0 0  00000000
   5.802  3224 3548  80 1  0  0 0 0 0 0  00000000
   5.815  3224 3542  79 1  0  0 0 0 0 0  00000000
   5.827  3224 3540  80 1  0  0 0 0 0 0  00000000
   5.840  3224 3533  79 1  0  0 0 0 0 0  00000000
   5.852  3224 3529  79 1  0  0 0 0 0 0  00000000
   5.864  3224 3528  80 1  0  0 0 0 0 0  00000000
   5.877  3224 3526  80 1  0  0 0 0 0 0  00000000
   5.902  3224 3524  80 1  0  0 0 0 0 0  00000000
   5.927  3224 3524  81 1  0  0 0 0 0 0  00000000
   5.939  3224 3525  80 1  0  0 0 0 0 0  00000000
   5.952  3224 3526  81 1  0  0 0 0 0 0  00000000
   5.964  3224 3527  81 1  0  0 0 0 0 0  00000000
   5.975  3224 3528  81 1  0  0 0 0 0 0  00000000
   5.988  3224 3529  81 1  0  0 0 0 0 0  00000000
   6.000  3224 3535  81 1  0  0 0 0 0 0  00000000
   6.013  3224 3536  80 1  0  0 0 0 0 0  00000000
   6.025  3224 3541  80 1  0  0 0 0 0 0  00000000
   6.039  3224 3542  79 1  0  0 0 0 0 0  00000000
   6.051  3225 3543  77 1  0  0 0 0 0 0  00000000
   6.064  3226 3548  76 1  0  0 0 0 0 0  00000000
   6.074  3227 3553  75 1  0  0 0 0 0 0  00000000
   6.087  3228 3554  74 1  0  0 0 0 0 0  00000000
   6.100  3228 3555  74 1  0  0 0 0 0 0  00000000
   6.112  3228 3560  74 1  0  0 0 0 0 0  00000000
   6.125  3228 3561  75 1  0  0 0 0 0 0  00000000
   6.137  3228 3562  76 1  0  0 0 0 0 0  00000000
   6.149  3228 3563  77 1  0  0 0 0 0 0  00000000
   6.162  3228 3564  77 1  0  0 0 0 0 0  00000000
   6.174  3228 3568  77 1  0  0 0 0 0 0  00000000
   6.186  3228 3569  77 1  0  0 0 0 0 0  00000000
   6.200  3228 3570  78 1  0  0 0 0 0 0  00000000
   6.211  3228 3571  77 1  0  0 0 0 0 0  00000000
   6.224  3228 3571  79 1  0  0 0 0 0 0  00000000
   6.237  3228 3571  78 1  0  0 0 0 0 0  00000000
   6.248  3226 3572  79 1  0  0 0 0 0 0  00000000
   6.261  3226 3573  78 1  0  0 0 0 0 0  00000000
   6.273  3225 3573  79 1  0  0 0 0 0 0  00000000
   6.286  3224 3573  79 1  0  0 0 0 0 0  00000000
   6.298  3224 3573  80 1  0  0 0 0 0 0  00000000
   6.311  3224 3573  79 1  0  0 0 0 0 0  00000000
   6.323  3224 3573  77 1  0  0 0 0 0 0  00000000
   6.335  3225 3571  74 1  0  0 0 0 0 0  00000000
   6.348  3251 3571  68 1  0  0 0 0 0 0  00000000
   6.360  3232 3571  46 1  0  0 0 0 0 0  00000000
   6.372  3232 3571   0 0  0  0 0 0 0 0  00000000
   6.547  3348 3477  73 1  0  0 0 0 0 0  00000000
   6.559  3327 3456  77 1  0  0 0 0 0 0  00000000
   6.572  3323 3457  79 1  0  0 0 0 0 0  00000000
   6.584  3321 3463  80 1  0  0 0 0 0 0  00000000
   6.597  3320 3490  79 1  0  0 0 0 0 0  00000000
   6.608  3315 3491  76 1  0  0 0 0 0 0  00000000
   6.621  3311 3524  72 1  0  0 0 0 0 0  00000000
   6.633  3309 3552  64 1  0  0 0 0 0 0  00000000
   6.645  3309 3552   0 0  0  0 0 0 0 0  00000000
   6.807  2932 3729  48 1  0  0 0 0 0 0  00000000
   6.820  2854 3725  73 1  0  0 0 0 0 0  00000000
   6.832  2825 3687  77 1  0  0 0 0 0 0  00000000
   6.844  2821 3687  80 1  0  0 0 0 0 0  00000000
   6.857  2816 3687  80 1  0  0 0 0 0 0  00000000
   6.869  2816 3688  79 1  0  0 0 0 0 0  00000000
   6.882  2816 3689  75 1  0  0 0 0 0 0  00000000
   6.893  2872 3690  67 1  0  0 0 0 0 0  00000000
   6.907  2918 3722  50 1  0  0 0 0 0 0  00000000
   6.918  2918 3722   0 0  0  0 0 0 0 0  00000000
   7.167  3197 3647  50 1  0  0 0 0 0 0  00000000
   7.180  3115 3604  72 1  0  0 0 0 0 0  00000000
   7.192  3097 3602  76 1  0  0 0 0 0 0  00000000
   7.205  3097 3602  77 1  0  0 0 0 0 0  00000000
   7.217  3097 3603  76 1  0  0 0 0 0 0  00000000
   7.230  3097 3639  73 1  0  0 0 0 0 0  00000000
   7.242  3098 3670  65 1  0  0 0 0 0 0  00000000
   7.253  3098 3670   0 0  0  0 0 0 0 0  00000000
   7.378  3037 3783  71 1  0  0 0 0 0 0  00000000
   7.391  3017 3763  74 1  0  0 0 0 0 0  00000000
   7.403  2999 3763  75 1  0  0 0 0 0 0  00000000
   7.415  2999 3763  76 1  0  0 0 0 0 0  00000000
   7.440  3000 3763  73 1  0  0 0 0 0 0  00000000
   7.453  3029 3762  70 1  0  0 0 0 0 0  00000000
   7.465  3068 3762  63 1  0  0 0 0 0 0  00000000
   7.477  3127 3784  45 1  0  0 0 0 0 0  00000000
   7.488  3127 3784   0 0  0  0 0 0 0 0  00000000
   7.626  3168 3717  57 1  0  0 0 0 0 0  00000000
   7.638  3110 3694  70 1  0  0 0 0 0 0  00000000
   7.651  3108 3690  74 1  0  0 0 0 0 0  00000000
   7.663  3101 3685  76 1  0  0 0 0 0 0  00000000
   7.676  3095 3685  77 1  0  0 0 0 0 0  00000000
   7.689  3091 3685  77 1  0  0 0 0 0 0  00000000
   7.700  3091 3685  75 1  0  0 0 0 0 0  00000000
   7.712  3091 3686  72 1  0  0 0 0 0 0  00000000
   7.724  3139 3732  59 1  0  0 0 0 0 0  00000000
   7.736  3139 3732   0 0  0  0 0 0 0 0  00000000
   7.923  3240 3697  65 1  0  0 0 0 0 0  00000000
   7.936  3175 3612  76 1  0  0 0 0 0 0  00000000
   7.950  3133 3571  79 1  0  0 0 0 0 0  00000000
   7.962  3114 3571  82 1  0  0 0 0 0 0  00000000
   7.974  3114 3571  83 1  0  0 0 0 0 0  00000000
   7.986  3114 3571  85 1  0  0 0 0 0 0  00000000
   7.998  3114 3590  84 1  0  0 0 0 0 0  00000000
   8.011  3114 3590  83 1  0  0 0 0 0 0  00000000
   8.023  3114 3586  83 1  0  0 0 0 0 0  00000000
   8.036  3114 3566  81 1  0  0 0 0 0 0  00000000
   8.061  3114 3564  80 1  0  0 0 0 0 0  00000000
   8.073  3114 3559  79 1  0  0 0 0 0 0  00000000
   8.086  3114 3554  80 1  0  0 0 0 0 0  00000000
   8.098  3114 3552  80 1  0  0 0 0 0 0  00000000
   8.111  3114 3550  80 1  0  0 0 0 0 0  00000000
   8.135  3114 3549  82 1  0  0 0 0 0 0  00000000
   8.159  3114 3549  81 1  0  0 0 0 0 0  00000000
   8.172  3114 3549  82 1  0  0 0 0 0 0  00000000
   8.185  3114 3549  81 1  0  0 0 0 0 0  00000000
   8.198  3114 3549  82 1  0  0 0 0 0 0  00000000
   8.210  3114 3549  80 1  0  0 0 0 0 0  00000000
   8.222  3114 3549  81 1  0  0 0 0 0 0  00000000
   8.346  3114 3547  81 1  0  0 0 0 0 0  00000000
   8.371  3114 3546  81 1  0  0 0 0 0 0  00000000
   8.407  3114 3541  81 1  0  0 0 0 0 0  00000000
   8.421  3114 3539  81 1  0  0 0 0 0 0  00000000
   8.433  3114 3538  81 1  0  0 0 0 0 0  00000000
   8.446  3115 3537  83 1  0  0 0 0 0 0  00000000
   8.458  3116 3535  81 1  0  0 0 0 0 0  00000000
   8.470  3117 3535  82 1  0  0 0 0 0 0  00000000
   8.483  3117 3535  81 1  0  0 0 0 0 0  00000000
   8.495  3117 3531  81 1  0  0 0 0 0 0  00000000
   8.507  3118 3531  82 1  0  0 0 0 0 0  00000000
   8.519  3119 3530  82 1  0  0 0 0 0 0  00000000
   8.532  3119 3529  81 1  0  0 0 0 0 0  00000000
   8.544  3119 3527  81 1  0  0 0 0 0 0  00000000
   8.557  3123 3527  82 1  0  0 0 0 0 0  00000000
   8.570  3123 3522  81 1  0  0 0 0 0 0  00000000
   8.581  3123 3520  83 1  0  0 0 0 0 0  00000000
   8.594  3123 3519  82 1  0  0 0 0 0 0  00000000
   8.619  3123 3520  80 1  0  0 0 0 0 0  00000000
   8.631  3122 3521  81 1  0  0 0 0 0 0  00000000
   8.644  3122 3522  83 1  0  0 0 0 0 0  00000000
   8.656  3122 3523  80 1  0  0 0 0 0 0  00000000
   8.681  3123 3524  83 1  0  0 0 0 0 0  00000000
   8.693  3124 3525  82 1  0  0 0 0 0 0  00000000
   8.706  3124 3529  80 1  0  0 0 0 0 0  00000000
   8.719  3124 3529  81 1  0  0 0 0 0 0  00000000
   8.729  3124 3527  80 1  0  0 0 0 0 0  00000000
   8.742  3124 3526  83 1  0  0 0 0 0 0  00000000
   8.767  3124 3526  81 1  0  0 0 0 0 0  00000000
   8.793  3124 3525  81 1  0  0 0 0 0 0  00000000
   8.806  3125 3525  83 1  0  0 0 0 0 0  00000000
   8.817  3125 3525  80 1  0  0 0 0 0 0  00000000
   8.831  3125 3525  82 1  0  0 0 0 0 0  00000000
   8.867  3125 3525  81 1  0  0 0 0 0 0  00000000
   8.879  3130 3525  82 1  0  0 0 0 0 0  00000000
   8.892  3151 3525  78 1  0  0 0 0 0 0  00000000
   8.904  3151 3525  75 1  0  0 0 0 0 0  00000000
   8.917  3151 3525  74 1  0  0 0 0 0 0  00000000
   8.929  3151 3558  69 1  0  0 0 0 0 0  00000000
   8.941  3155 3585  60 1  0  0 0 0 0 0  00000000
   8.953  3155 3585   0 0  0  0 0 0 0 0  00000000
