time	 y	 z	 f	 w	 l	 r	 u	 d	 m	 multi
   0.000  3155 3585   0 0  0  0 0 0 0 0  00000000
   0.949  3466 3310  68 1  0  0 0 0 0 0  00000000
   0.961  3434 3234  73 1  0  0 0 0 0 0  00000000
   0.975  3434 3206  78 1  0  0 0 0 0 0  00000000
   0.998  3434 3207  77 1  0  0 0 0 0 0  00000000
   1.011  3434 3233  74 1  0  0 0 0 0 0  00000000
   1.024  3429 3268  71 1  0  0 0 0 0 0  00000000
   1.036  3403 3336  64 1  0  0 0 0 0 0  00000000
   1.048  3399 3417  51 1  0  0 0 0 0 0  00000000
   1.059  3399 3417   0 0  0  0 0 0 0 0  00000000
   1.196  3466 3417  41 1  0  0 0 0 0 0  00000000
   1.209  3405 3415  72 1  0  0 0 0 0 0  00000000
   1.222  3406 3374  74 1  0  0 0 0 0 0  00000000
   1.234  3407 3374  74 1  0  0 0 0 0 0  00000000
   1.247  3407 3375  73 1  0  0 0 0 0 0  00000000
   1.259  3407 3380  68 1  0  0 0 0 0 0  00000000
   1.271  3407 3435  60 1  0  0 0 0 0 0  00000000
   1.284  3407 3435   0 0  0  0 0 0 0 0  00000000
   1.483  3438 3678  70 1  0  0 0 0 0 0  00000000
   1.494  3438 3578  70 1  0  0 0 0 0 0  00000000
   1.506  3438 3538  72 1  0  0 0 0 0 0  00000000
   1.520  3439 3538  73 1  0  0 0 0 0 0  00000000
   1.533  3440 3538  73 1  0  0 0 0 0 0  00000000
   1.544  3441 3538  73 1  0  0 0 0 0 0  00000000
   1.557  3442 3538  73 1  0  0 0 0 0 0  00000000
   1.583  3442 3539  72 1  0  0 0 0 0 0  00000000
   1.594  3442 3540  73 1  0  0 0 0 0 0  00000000
   1.607  3442 3540  72 1  0  0 0 0 0 0  00000000
   1.631  3442 3540  71 1  0  0 0 0 0 0  00000000
   1.668  3443 3540  69 1  0  0 0 0 0 0  00000000
   1.681  3444 3541  64 1  0  0 0 0 0 0  00000000
   1.692  3450 3585  54 1  0  0 0 0 0 0  00000000
   1.706  3450 3585   0 0  0  0 0 0 0 0  00000000
   2.015  3485 3823  42 1  0  0 0 0 0 0  00000000
   2.027  3400 3709  67 1  0  0 0 0 0 0  00000000
   2.047  3401 3652  70 1  0  0 0 0 0 0  00000000
   2.066  3402 3603  70 1  0  0 0 0 0 0  00000000
   2.077  3403 3604  71 1  0  0 0 0 0 0  00000000
   2.090  3404 3604  72 1  0  0 0 0 0 0  00000000
   2.116  3404 3608  72 1  0  0 0 0 0 0  00000000
   2.128  3404 3609  72 1  0  0 0 0 0 0  00000000
   2.141  3404 3610  72 1  0  0 0 0 0 0  00000000
   2.152  3404 3611  72 1  0  0 0 0 0 0  00000000
   2.165  3404 3612  71 1  0  0 0 0 0 0  00000000
   2.178  3404 3613  71 1  0  0 0 0 0 0  00000000
   2.190  3404 3613  70 1  0  0 0 0 0 0  00000000
   2.227  3408 3614  66 1  0  0 0 0 0 0  00000000
   2.239  3453 3647  57 1  0  0 0 0 0 0  00000000
   2.252  3453 3647   0 0  0  0 0 0 0 0  00000000
   2.574  3488 3481  76 1  0  0 0 0 0 0  00000000
   2.586  3486 3418  73 1  0  0 0 0 0 0  00000000
   2.599  3486 3393  76 1  0  0 0 0 0 0  00000000
   2.612  3484 3391  77 1  0  0 0 0 0 0  00000000
   2.624  3483 3385  79 1  0  0 0 0 0 0  00000000
   2.636  3478 3383  79 1  0  0 0 0 0 0  00000000
   2.650  3474 3383  78 1  0  0 0 0 0 0  00000000
   2.661  3469 3383  78 1  0  0 0 0 0 0  00000000
   2.674  3468 3383  79 1  0  0 0 0 0 0  00000000
   2.687  3468 3384  78 1  0  0 0 0 0 0  00000000
   2.699  3467 3385  77 1  0  0 0 0 0 0  00000000
   2.712  3467 3390  76 1  0  0 0 0 0 0  00000000
   2.724  3467 3391  74 1  0  0 0 0 0 0  00000000
   2.736  3467 3392  71 1  0  0 0 0 0 0  00000000
   2.748  3467 3397  62 1  0  0 0 0 0 0  00000000
   2.760  3467 3397   0 0  0  0 0 0 0 0  00000000
   3.108  3485 3687  44 1  0  0 0 0 0 0  00000000
   3.121  3397 3607  71 1  0  0 0 0 0 0  00000000
   3.133  3398 3571  72 1  0  0 0 0 0 0  00000000
   3.145  3398 3569  74 1  0  0 0 0 0 0  00000000
   3.159  3398 3563  74 1  0  0 0 0 0 0  00000000
   3.171  3399 3562  73 1  0  0 0 0 0 0  00000000
   3.181  3399 3569  72 1  0  0 0 0 0 0  00000000
   3.194  3399 3599  68 1  0  0 0 0 0 0  00000000
   3.207  3419 3652  56 1  0  0 0 0 0 0  00000000
   3.220  3419 3652   0 0  0  0 0 0 0 0  00000000
   3.393  3397 3579  75 1  0  0 0 0 0 0  00000000
   3.405  3397 3530  74 1  0  0 0 0 0 0  00000000
   3.418  3397 3489  76 1  0  0 0 0 0 0  00000000
   3.431  3397 3489  75 1  0  0 0 0 0 0  00000000
   3.443  3397 3489  74 1  0  0 0 0 0 0  00000000
   3.455  3396 3490  71 1  0  0 0 0 0 0  00000000
   3.469  3396 3533  61 1  0  0 0 0 0 0  00000000
   3.479  3396 3533   0 0  0  0 0 0 0 0  00000000
   3.641  3375 3640  74 1  0  0 0 0 0 0  00000000
   3.655  3375 3577  72 1  0  0 0 0 0 0  00000000
   3.666  3375 3559  74 1  0  0 0 0 0 0  00000000
   3.679  3374 3559  74 1  0  0 0 0 0 0  00000000
   3.692  3373 3559  73 1  0  0 0 0 0 0  00000000
   3.703  3373 3580  70 1  0  0 0 0 0 0  00000000
   3.716  3373 3612  61 1  0  0 0 0 0 0  00000000
   3.727  3373 3612   0 0  0  0 0 0 0 0  00000000
   3.940  3415 3824  73 1  0  0 0 0 0 0  00000000
   3.952  3415 3689  69 1  0  0 0 0 0 0  00000000
   3.963  3416 3620  73 1  0  0 0 0 0 0  00000000
   3.977  3420 3583  73 1  0  0 0 0 0 0  00000000
   3.989  3420 3583  74 1  0  0 0 0 0 0  00000000
   4.002  3420 3583  75 1  0  0 0 0 0 0  00000000
   4.013  3420 3583  74 1  0  0 0 0 0 0  00000000
   4.026  3420 3583  75 1  0  0 0 0 0 0  00000000
   4.039  3420 3583  74 1  0  0 0 0 0 0  00000000
   4.051  3421 3583  76 1  0  0 0 0 0 0  00000000
   4.063  3421 3583  75 1  0  0 0 0 0 0  00000000
   4.075  3421 3584  74 1  0  0 0 0 0 0  00000000
   4.088  3421 3589  74 1  0  0 0 0 0 0  00000000
   4.101  3421 3590  74 1  0  0 0 0 0 0  00000000
   4.114  3421 3591  75 1  0  0 0 0 0 0  00000000
   4.125  3421 3591  74 1  0  0 0 0 0 0  00000000
   4.138  3420 3591  73 1  0  0 0 0 0 0  00000000
   4.163  3420 3591  74 1  0  0 0 0 0 0  00000000
   4.237  3420 3591  75 1  0  0 0 0 0 0  00000000
   4.250  3421 3591  74 1  0  0 0 0 0 0  00000000
   4.261  3421 3591  75 1  0  0 0 0 0 0  00000000
   4.275  3421 3591  74 1  0  0 0 0 0 0  00000000
   4.300  3421 3591  75 1  0  0 0 0 0 0  00000000
   4.312  3421 3591  74 1  0  0 0 0 0 0  00000000
   4.335  3421 3592  75 1  0  0 0 0 0 0  00000000
   4.349  3421 3592  74 1  0  0 0 0 0 0  00000000
   4.386  3421 3592  76 1  0  0 0 0 0 0  00000000
   4.398  3421 3592  75 1  0  0 0 0 0 0  00000000
   4.411  3421 3592  74 1  0  0 0 0 0 0  00000000
   4.461  3421 3592  75 1  0  0 0 0 0 0  00000000
   4.487  3421 3592  74 1  0  0 0 0 0 0  00000000
   4.511  3421 3592  75 1  0  0 0 0 0 0  00000000
   4.523  3422 3592  76 1  0  0 0 0 0 0  00000000
   4.535  3423 3592  74 1  0  0 0 0 0 0  00000000
   4.572  3423 3592  75 1  0  0 0 0 0 0  00000000
   4.621  3427 3592  76 1  0  0 0 0 0 0  00000000
   4.634  3428 3592  76 1  0  0 0 0 0 0  00000000
   4.646  3432 3592  76 1  0  0 0 0 0 0  00000000
   4.659  3433 3592  76 1  0  0 0 0 0 0  00000000
   4.672  3433 3592  75 1  0  0 0 0 0 0  00000000
   4.685  3433 3592  77 1  0  0 0 0 0 0  00000000
   4.696  3433 3592  75 1  0  0 0 0 0 0  00000000
   4.710  3433 3592  76 1  0  0 0 0 0 0  00000000
   4.722  3433 3593  75 1  0  0 0 0 0 0  00000000
   4.733  3433 3593  77 1  0  0 0 0 0 0  00000000
   4.746  3433 3594  77 1  0  0 0 0 0 0  00000000
   4.758  3431 3594  76 1  0  0 0 0 0 0  00000000
   4.772  3430 3595  75 1  0  0 0 0 0 0  00000000
   4.782  3430 3595  76 1  0  0 0 0 0 0  00000000
   4.795  3430 3614  76 1  0  0 0 0 0 0  00000000
   4.821  3429 3614  75 1  0  0 0 0 0 0  00000000
   4.846  3427 3614  75 1  0  0 0 0 0 0  00000000
   4.858  3427 3612  75 1  0  0 0 0 0 0  00000000
   4.869  3427 3608  75 1  0  0 0 0 0 0  00000000
   4.883  3427 3602  74 1  0  0 0 0 0 0  00000000
   4.895  3426 3597  74 1  0  0 0 0 0 0  00000000
   4.908  3426 3595  72 1  0  0 0 0 0 0  00000000
   4.920  3427 3566  68 1  0  0 0 0 0 0  00000000
   4.932  3447 3612  57 1  0  0 0 0 0 0  00000000
   4.944  3447 3612   0 0  0  0 0 0 0 0  00000000
   5.304  3445 3790  70 1  0  0 0 0 0 0  00000000
   5.315  3401 3619  68 1  0  0 0 0 0 0  00000000
   5.329  3402 3585  73 1  0  0 0 0 0 0  00000000
   5.342  3403 3566  73 1  0  0 0 0 0 0  00000000
   5.355  3404 3566  72 1  0  0 0 0 0 0  00000000
   5.367  3405 3583  71 1  0  0 0 0 0 0  00000000
   5.380  3405 3612  67 1  0  0 0 0 0 0  00000000
   5.391  3435 3668  53 1  0  0 0 0 0 0  00000000
   5.402  3435 3668   0 0  0  0 0 0 0 0  00000000
   5.589  3371 3696  72 1  0  0 0 0 0 0  00000000
   5.601  3369 3696  65 1  0  0 0 0 0 0  00000000
   5.614  3363 3714  68 1  0  0 0 0 0 0  00000000
   5.626  3325 3771  65 1  0  0 0 0 0 0  00000000
   5.639  3301 3835  62 1  0  0 0 0 0 0  00000000
   5.651  3282 3906  47 1  0  0 0 0 0 0  00000000
   5.663  3282 3906   0 0  0  0 0 0 0 0  00000000
   5.887  3428 3565  73 1  0  0 0 0 0 0  00000000
   5.912  3428 3482  74 1  0  0 0 0 0 0  00000000
   5.924  3428 3480  74 1  0  0 0 0 0 0  00000000
   5.937  3427 3479  75 1  0  0 0 0 0 0  00000000
   5.950  3425 3478  76 1  0  0 0 0 0 0  00000000
   5.975  3425 3478  75 1  0  0 0 0 0 0  00000000
   6.000  3425 3476  75 1  0  0 0 0 0 0  00000000
   6.011  3425 3472  75 1  0  0 0 0 0 0  00000000
   6.036  3425 3472  74 1  0  0 0 0 0 0  00000000
   6.048  3425 3472  75 1  0  0 0 0 0 0  00000000
   6.074  3425 3470  75 1  0  0 0 0 0 0  00000000
   6.085  3425 3468  74 1  0  0 0 0 0 0  00000000
   6.099  3425 3466  74 1  0  0 0 0 0 0  00000000
   6.111  3425 3466  72 1  0  0 0 0 0 0  00000000
   6.124  3425 3466  70 1  0  0 0 0 0 0  00000000
   6.136  3425 3467  60 1  0  0 0 0 0 0  00000000
   6.148  3425 3467   0 0  0  0 0 0 0 0  00000000
   6.471  3495 3500  74 1  0  0 0 0 0 0  00000000
   6.495  3494 3424  74 1  0  0 0 0 0 0  00000000
   6.507  3475 3424  73 1  0  0 0 0 0 0  00000000
   6.520  3475 3424  72 1  0  0 0 0 0 0  00000000
   6.532  3475 3446  70 1  0  0 0 0 0 0  00000000
   6.545  3475 3468  66 1  0  0 0 0 0 0  00000000
   6.557  3475 3521  49 1  0  0 0 0 0 0  00000000
   6.569  3475 3521   0 0  0  0 0 0 0 0  00000000
   6.706  3511 3428  74 1  0  0 0 0 0 0  00000000
   6.718  3511 3408  73 1  0  0 0 0 0 0  00000000
   6.731  3511 3406  74 1  0  0 0 0 0 0  00000000
   6.744  3509 3404  74 1  0  0 0 0 0 0  00000000
   6.756  3509 3404  73 1  0  0 0 0 0 0  00000000
   6.770  3508 3405  71 1  0  0 0 0 0 0  00000000
   6.782  3508 3436  64 1  0  0 0 0 0 0  00000000
   6.794  3504 3496  48 1  0  0 0 0 0 0  00000000
   6.805  3504 3496   0 0  0  0 0 0 0 0  00000000
   6.954  3454 3590  66 1  0  0 0 0 0 0  00000000
   6.967  3423 3504  72 1  0  0 0 0 0 0  00000000
   6.979  3423 3502  75 1  0  0 0 0 0 0  00000000
   6.992  3423 3468  75 1  0  0 0 0 0 0  00000000
   7.004  3423 3469  74 1  0  0 0 0 0 0  00000000
   7.016  3423 3490  72 1  0  0 0 0 0 0  00000000
   7.028  3421 3491  68 1  0  0 0 0 0 0  00000000
   7.041  3420 3529  57 1  0  0 0 0 0 0  00000000
   7.052  3420 3529   0 0  0  0 0 0 0 0  00000000
   7.228  3539 3476  40 1  0  0 0 0 0 0  00000000
   7.239  3472 3472  72 1  0  0 0 0 0 0  00000000
   7.252  3472 3441  73 1  0  0 0 0 0 0  00000000
   7.277  3472 3441  71 1  0  0 0 0 0 0  00000000
   7.288  3472 3442  68 1  0  0 0 0 0 0  00000000
   7.301  3472 3491  58 1  0  0 0 0 0 0  00000000
   7.313  3472 3491   0 0  0  0 0 0 0 0  00000000
   7.513  3446 3534  74 1  0  0 0 0 0 0  00000000
   7.525  3446 3490  74 1  0  0 0 0 0 0  00000000
   7.538  3446 3461  76 1  0  0 0 0 0 0  00000000
   7.550  3446 3459  76 1  0  0 0 0 0 0  00000000
   7.574  3446 3459  77 1  0  0 0 0 0 0  00000000
   7.612  3446 3459  76 1  0  0 0 0 0 0  00000000
   7.624  3446 3460  76 1  0  0 0 0 0 0  00000000
   7.637  3446 3461  76 1  0  0 0 0 0 0  00000000
   7.662  3446 3461  74 1  0  0 0 0 0 0  00000000
   7.674  3446 3461  76 1  0  0 0 0 0 0  00000000
   7.699  3446 3461  77 1  0  0 0 0 0 0  00000000
   7.712  3445 3461  76 1  0  0 0 0 0 0  00000000
   7.723  3445 3459  76 1  0  0 0 0 0 0  00000000
   7.736  3445 3458  76 1  0  0 0 0 0 0  00000000
   7.762  3445 3456  76 1  0  0 0 0 0 0  00000000
   7.774  3445 3456  74 1  0  0 0 0 0 0  00000000
   7.787  3445 3478  70 1  0  0 0 0 0 0  00000000
   7.799  3446 3543  48 1  0  0 0 0 0 0  00000000
   7.809  3446 3543   0 0  0  0 0 0 0 0  00000000
   7.923  3399 3608  74 1  0  0 0 0 0 0  00000000
   7.935  3399 3563  73 1  0  0 0 0 0 0  00000000
   7.947  3398 3561  75 1  0  0 0 0 0 0  00000000
   7.960  3398 3560  75 1  0  0 0 0 0 0  00000000
   7.972  3397 3561  73 1  0  0 0 0 0 0  00000000
   7.986  3395 3619  67 1  0  0 0 0 0 0  00000000
   7.997  3396 3710  46 1  0  0 0 0 0 0  00000000
   8.009  3396 3710   0 0  0  0 0 0 0 0  00000000
   8.083  3451 3668  57 1  0  0 0 0 0 0  00000000
   8.098  3390 3626  74 1  0  0 0 0 0 0  00000000
   8.108  3390 3624  73 1  0  0 0 0 0 0  00000000
   8.121  3390 3600  74 1  0  0 0 0 0 0  00000000
   8.159  3390 3625  73 1  0  0 0 0 0 0  00000000
   8.170  3390 3657  72 1  0  0 0 0 0 0  00000000
   8.183  3391 3679  71 1  0  0 0 0 0 0  00000000
   8.196  3396 3697  71 1  0  0 0 0 0 0  00000000
   8.208  3401 3697  72 1  0  0 0 0 0 0  00000000
   8.220  3405 3697  72 1  0  0 0 0 0 0  00000000
   8.233  3405 3697  71 1  0  0 0 0 0 0  00000000
   8.246  3406 3697  72 1  0  0 0 0 0 0  00000000
   8.282  3406 3697  73 1  0  0 0 0 0 0  00000000
   8.307  3406 3695  72 1  0  0 0 0 0 0  00000000
   8.320  3406 3695  74 1  0  0 0 0 0 0  00000000
   8.381  3406 3695  73 1  0  0 0 0 0 0  00000000
   8.406  3406 3696  73 1  0  0 0 0 0 0  00000000
   8.418  3406 3696  75 1  0  0 0 0 0 0  00000000
   8.431  3406 3697  75 1  0  0 0 0 0 0  00000000
   8.443  3406 3698  74 1  0  0 0 0 0 0  00000000
   8.456  3406 3699  74 1  0  0 0 0 0 0  00000000
   8.468  3406 3700  74 1  0  0 0 0 0 0  00000000
   8.529  3407 3700  75 1  0  0 0 0 0 0  00000000
   8.542  3407 3699  74 1  0  0 0 0 0 0  00000000
   8.554  3407 3699  75 1  0  0 0 0 0 0  00000000
   8.574  3407 3699  74 1  0  0 0 0 0 0  00000000
   8.592  3407 3699  75 1  0  0 0 0 0 0  00000000
   8.604  3407 3697  73 1  0  0 0 0 0 0  00000000
   8.617  3407 3692  73 1  0  0 0 0 0 0  00000000
   8.628  3407 3690  73 1  0  0 0 0 0 0  00000000
   8.636  3408 3689  74 1  0  0 0 0 0 0  00000000
   8.655  3408 3687  74 1  0  0 0 0 0 0  00000000
   8.667  3408 3685  74 1  0  0 0 0 0 0  00000000
   8.680  3408 3683  74 1  0  0 0 0 0 0  00000000
   8.705  3408 3678  73 1  0  0 0 0 0 0  00000000
   8.717  3408 3676  74 1  0  0 0 0 0 0  00000000
   8.728  3408 3676  75 1  0  0 0 0 0 0  00000000
   8.742  3408 3675  74 1  0  0 0 0 0 0  00000000
   8.754  3408 3673  73 1  0  0 0 0 0 0  00000000
   8.766  3408 3673  74 1  0  0 0 0 0 0  00000000
   8.778  3408 3673  73 1  0  0 0 0 0 0  00000000
   8.790  3408 3673  74 1  0  0 0 0 0 0  00000000
   8.810  3408 3673  73 1  0  0 0 0 0 0  00000000
   8.828  3406 3671  73 1  0  0 0 0 0 0  00000000
   8.853  3406 3671  75 1  0  0 0 0 0 0  00000000
   8.865  3401 3671  74 1  0  0 0 0 0 0  00000000
   8.875  3399 3671  74 1  0  0 0 0 0 0  00000000
   8.891  3398 3671  74 1  0  0 0 0 0 0  00000000
   8.921  3398 3671  75 1  0  0 0 0 0 0  00000000
   8.965  3399 3675  75 1  0  0 0 0 0 0  00000000
   8.976  3400 3676  75 1  0  0 0 0 0 0  00000000
   8.989  3400 3677  74 1  0  0 0 0 0 0  00000000
   9.001  3400 3681  75 1  0  0 0 0 0 0  00000000
   9.014  3401 3685  75 1  0  0 0 0 0 0  00000000
   9.026  3401 3686  73 1  0  0 0 0 0 0  00000000
   9.040  3405 3691  73 1  0  0 0 0 0 0  00000000
   9.052  3409 3716  71 1  0  0 0 0 0 0  00000000
   9.064  3414 3742  60 1  0  0 0 0 0 0  00000000
   9.076  3414 3742   0 0  0  0 0 0 0 0  00000000
