time	 y	 z	 f	 w	 l	 r	 u	 d	 m	 multi
   0.000  2436 3897   0 0  0  0 0 0 0 0  00000000
   1.097  3533 2355  76 1  0  0 0 0 0 0  00000000
   1.135  3533 2356  75 1  0  0 0 0 0 0  00000000
   1.147  3533 2357  73 1  0  0 0 0 0 0  00000000
   1.160  3533 2381  69 1  0  0 0 0 0 0  00000000
   1.172  3534 2381  59 1  0  0 0 0 0 0  00000000
   1.184  3534 2381   0 0  0  0 0 0 0 0  00000000
   1.545  2449 3591  80 1  0  0 0 0 0 0  00000000
   1.557  2449 3589  79 1  0  0 0 0 0 0  00000000
   1.569  2448 3587  81 1  0  0 0 0 0 0  00000000
   1.582  2446 3585  81 1  0  0 0 0 0 0  00000000
   1.594  2444 3583  79 1  0  0 0 0 0 0  00000000
   1.606  2444 3604  74 1  0  0 0 0 0 0  00000000
   1.618  2478 3642  51 1  0  0 0 0 0 0  00000000
   1.630  2478 3642   0 0  0  0 0 0 0 0  00000000
   2.078  3928 2581  45 1  0  0 0 0 0 0  00000000
   2.090  3823 2582  72 1  0  0 0 0 0 0  00000000
   2.099  3823 2583  72 1  0  0 0 0 0 0  00000000
   2.109  3841 2587  71 1  0  0 0 0 0 0  00000000
   2.128  3816 2613  74 1  0  0 0 0 0 0  00000000
   2.141  3816 2614  73 1  0  0 0 0 0 0  00000000
   2.152  3816 2664  73 1  0  0 0 0 0 0  00000000
   2.165  3814 2711  73 1  0  0 0 0 0 0  00000000
   2.178  3809 2744  73 1  0  0 0 0 0 0  00000000
   2.190  3803 2776  71 1  0  0 0 0 0 0  00000000
   2.203  3780 2797  70 1  0  0 0 0 0 0  00000000
   2.217  3780 2822  69 1  0  0 0 0 0 0  00000000
   2.228  3780 2822  66 1  0  0 0 0 0 0  00000000
   2.240  3778 2820  58 1  0  0 0 0 0 0  00000000
   2.252  3778 2820   0 0  0  0 0 0 0 0  00000000
   2.302  2440 3885  76 1  0  0 0 0 0 0  00000000
   2.314  2438 3881  74 1  0  0 0 0 0 0  00000000
   2.326  2433 3877  75 1  0  0 0 0 0 0  00000000
   2.338  2431 3872  75 1  0  0 0 0 0 0  00000000
   2.348  2431 3870  75 1  0  0 0 0 0 0  00000000
   2.357  2431 3869  74 1  0  0 0 0 0 0  00000000
   2.376  2431 3888  71 1  0  0 0 0 0 0  00000000
   2.388  2431 3911  69 1  0  0 0 0 0 0  00000000
   2.402  2432 3912  67 1  0  0 0 0 0 0  00000000
   2.414  2437 3932  62 1  0  0 0 0 0 0  00000000
   2.424  2468 3932  47 1  0  0 0 0 0 0  00000000
   2.437  2468 3932   0 0  0  0 0 0 0 0  00000000
   2.512  3726 2418  79 1  0  0 0 0 0 0  00000000
   2.525  3724 2390  71 1  0  0 0 0 0 0  00000000
   2.537  3723 2391  76 1  0  0 0 0 0 0  00000000
   2.550  3723 2392  75 1  0  0 0 0 0 0  00000000
   2.563  3723 2396  74 1  0  0 0 0 0 0  00000000
   2.575  3723 2418  73 1  0  0 0 0 0 0  00000000
   2.586  3723 2443  71 1  0  0 0 0 0 0  00000000
   2.599  3721 2444  70 1  0  0 0 0 0 0  00000000
   2.612  3719 2481  65 1  0  0 0 0 0 0  00000000
   2.624  3719 2482  53 1  0  0 0 0 0 0  00000000
   2.636  3719 2482   0 0  0  0 0 0 0 0  00000000
   2.760  2489 3687  83 1  0  0 0 0 0 0  00000000
   2.773  2472 3645  73 1  0  0 0 0 0 0  00000000
   2.785  2472 3662  79 1  0  0 0 0 0 0  00000000
   2.798  2472 3662  77 1  0  0 0 0 0 0  00000000
   2.810  2472 3661  74 1  0  0 0 0 0 0  00000000
   2.822  2476 3661  69 1  0  0 0 0 0 0  00000000
   2.834  2530 3694  55 1  0  0 0 0 0 0  00000000
   2.846  2530 3694   0 0  0  0 0 0 0 0  00000000
   3.022  3669 2655  79 1  0  0 0 0 0 0  00000000
   3.034  3650 2574  73 1  0  0 0 0 0 0  00000000
   3.046  3650 2574  77 1  0  0 0 0 0 0  00000000
   3.058  3650 2574  78 1  0  0 0 0 0 0  00000000
   3.071  3650 2575  78 1  0  0 0 0 0 0  00000000
   3.083  3650 2579  76 1  0  0 0 0 0 0  00000000
   3.095  3650 2583  72 1  0  0 0 0 0 0  00000000
   3.107  3650 2616  57 1  0  0 0 0 0 0  00000000
   3.119  3650 2616   0 0  0  0 0 0 0 0  00000000
   3.555  2441 3611  80 1  0  0 0 0 0 0  00000000
   3.567  2441 3589  80 1  0  0 0 0 0 0  00000000
   3.579  2441 3589  82 1  0  0 0 0 0 0  00000000
   3.592  2441 3585  76 1  0  0 0 0 0 0  00000000
   3.604  2481 3584  49 1  0  0 0 0 0 0  00000000
   3.615  2481 3584   0 0  0  0 0 0 0 0  00000000
   4.014  3755 2396  57 1  0  0 0 0 0 0  00000000
   4.026  3699 2356  71 1  0  0 0 0 0 0  00000000
   4.038  3700 2356  74 1  0  0 0 0 0 0  00000000
   4.050  3706 2357  77 1  0  0 0 0 0 0  00000000
   4.062  3707 2377  79 1  0  0 0 0 0 0  00000000
   4.076  3707 2378  79 1  0  0 0 0 0 0  00000000
   4.087  3705 2402  79 1  0  0 0 0 0 0  00000000
   4.100  3703 2403  79 1  0  0 0 0 0 0  00000000
   4.112  3703 2427  78 1  0  0 0 0 0 0  00000000
   4.125  3703 2427  79 1  0  0 0 0 0 0  00000000
   4.137  3701 2427  79 1  0  0 0 0 0 0  00000000
   4.150  3701 2428  79 1  0  0 0 0 0 0  00000000
   4.162  3700 2429  79 1  0  0 0 0 0 0  00000000
   4.175  3700 2430  79 1  0  0 0 0 0 0  00000000
   4.187  3700 2430  80 1  0  0 0 0 0 0  00000000
   4.199  3700 2429  81 1  0  0 0 0 0 0  00000000
   4.209  3700 2427  81 1  0  0 0 0 0 0  00000000
   4.218  3700 2425  80 1  0  0 0 0 0 0  00000000
   4.237  3700 2423  82 1  0  0 0 0 0 0  00000000
   4.249  3700 2421  81 1  0  0 0 0 0 0  00000000
   4.274  3700 2421  80 1  0  0 0 0 0 0  00000000
   4.335  3700 2421  81 1  0  0 0 0 0 0  00000000
   4.348  3700 2421  80 1  0  0 0 0 0 0  00000000
   4.360  3700 2421  81 1  0  0 0 0 0 0  00000000
   4.373  3700 2421  80 1  0  0 0 0 0 0  00000000
   4.386  3701 2421  81 1  0  0 0 0 0 0  00000000
   4.411  3720 2420  82 1  0  0 0 0 0 0  00000000
   4.422  3704 2420  81 1  0  0 0 0 0 0  00000000
   4.436  3705 2418  82 1  0  0 0 0 0 0  00000000
   4.448  3711 2413  83 1  0  0 0 0 0 0  00000000
   4.461  3712 2412  83 1  0  0 0 0 0 0  00000000
   4.472  3716 2410  83 1  0  0 0 0 0 0  00000000
   4.486  3717 2410  83 1  0  0 0 0 0 0  00000000
   4.498  3718 2409  83 1  0  0 0 0 0 0  00000000
   4.510  3718 2409  82 1  0  0 0 0 0 0  00000000
   4.522  3718 2409  80 1  0  0 0 0 0 0  00000000
   4.534  3716 2409  79 1  0  0 0 0 0 0  00000000
   4.548  3714 2407  76 1  0  0 0 0 0 0  00000000
   4.559  3712 2405  65 1  0  0 0 0 0 0  00000000
   4.570  3712 2405   0 0  0  0 0 0 0 0  00000000
