time	 y	 z	 f	 w	 l	 r	 u	 d	 m	 multi
   0.000  2444 3836   0 0  0  0 0 0 0 0  00000000
   0.958  2663 3416  82 1  0  0 0 0 0 0  00000000
   0.982  2637 3343  85 1  0  0 0 0 0 0  00000000
   0.996  2637 3341  84 1  0  0 0 0 0 0  00000000
   1.008  2637 3341  85 1  0  0 0 0 0 0  00000000
   1.019  2638 3339  80 1  0  0 0 0 0 0  00000000
   1.033  2670 3346  77 1  0  0 0 0 0 0  00000000
   1.045  2705 3383  71 1  0  0 0 0 0 0  00000000
   1.057  2750 3410  57 1  0  0 0 0 0 0  00000000
   1.069  2750 3410   0 0  0  0 0 0 0 0  00000000
   1.466  3668 3033  73 1  0  0 0 0 0 0  00000000
   1.478  3668 3033  69 1  0  0 0 0 0 0  00000000
   1.491  3668 3033  73 1  0  0 0 0 0 0  00000000
   1.502  3668 3033  72 1  0  0 0 0 0 0  00000000
   1.515  3668 3034  73 1  0  0 0 0 0 0  00000000
   1.528  3664 3039  72 1  0  0 0 0 0 0  00000000
   1.540  3662 3064  72 1  0  0 0 0 0 0  00000000
   1.553  3660 3064  72 1  0  0 0 0 0 0  00000000
   1.565  3660 3065  73 1  0  0 0 0 0 0  00000000
   1.577  3660 3066  72 1  0  0 0 0 0 0  00000000
   1.590  3660 3067  72 1  0  0 0 0 0 0  00000000
   1.603  3664 3068  71 1  0  0 0 0 0 0  00000000
   1.615  3668 3068  70 1  0  0 0 0 0 0  00000000
   1.627  3672 3047  68 1  0  0 0 0 0 0  00000000
   1.640  3704 3005  57 1  0  0 0 0 0 0  00000000
   1.652  3704 3005   0 0  0  0 0 0 0 0  00000000
   1.962  2510 3858  79 1  0  0 0 0 0 0  00000000
   1.974  2509 3826  74 1  0  0 0 0 0 0  00000000
   1.987  2507 3824  78 1  0  0 0 0 0 0  00000000
   2.000  2505 3824  78 1  0  0 0 0 0 0  00000000
   2.012  2503 3824  77 1  0  0 0 0 0 0  00000000
   2.024  2503 3824  76 1  0  0 0 0 0 0  00000000
   2.043  2503 3825  73 1  0  0 0 0 0 0  00000000
   2.062  2503 3874  61 1  0  0 0 0 0 0  00000000
   2.074  2487 3872  39 1  0  0 0 0 0 0  00000000
   2.086  2487 3872   0 0  0  0 0 0 0 0  00000000
   2.161  3726 2734  78 1  0  0 0 0 0 0  00000000
   2.173  3726 2732  73 1  0  0 0 0 0 0  00000000
   2.186  3726 2731  77 1  0  0 0 0 0 0  00000000
   2.199  3726 2731  76 1  0  0 0 0 0 0  00000000
   2.211  3726 2732  75 1  0  0 0 0 0 0  00000000
   2.223  3726 2762  74 1  0  0 0 0 0 0  00000000
   2.235  3743 2784  71 1  0  0 0 0 0 0  00000000
   2.248  3762 2802  68 1  0  0 0 0 0 0  00000000
   2.260  3793 2803  61 1  0  0 0 0 0 0  00000000
   2.272  3793 2803   0 0  0  0 0 0 0 0  00000000
   2.359  2472 3933  50 1  0  0 0 0 0 0  00000000
   2.372  2366 3931  74 1  0  0 0 0 0 0  00000000
   2.385  2366 3930  74 1  0  0 0 0 0 0  00000000
   2.397  2365 3928  75 1  0  0 0 0 0 0  00000000
   2.410  2363 3928  74 1  0  0 0 0 0 0  00000000
   2.421  2359 3929  73 1  0  0 0 0 0 0  00000000
   2.433  2357 3980  71 1  0  0 0 0 0 0  00000000
   2.446  2357 4006  68 1  0  0 0 0 0 0  00000000
   2.458  2353 4027  61 1  0  0 0 0 0 0  00000000
   2.471  2352 4028  39 1  0  0 0 0 0 0  00000000
   2.483  2352 4028   0 0  0  0 0 0 0 0  00000000
   2.583  3634 2790  78 1  0  0 0 0 0 0  00000000
   2.595  3634 2788  74 1  0  0 0 0 0 0  00000000
   2.608  3634 2787  77 1  0  0 0 0 0 0  00000000
   2.633  3634 2787  75 1  0  0 0 0 0 0  00000000
   2.645  3638 2787  74 1  0  0 0 0 0 0  00000000
   2.657  3664 2805  71 1  0  0 0 0 0 0  00000000
   2.670  3680 2805  69 1  0  0 0 0 0 0  00000000
   2.683  3705 2823  64 1  0  0 0 0 0 0  00000000
   2.695  3730 2823  53 1  0  0 0 0 0 0  00000000
   2.707  3730 2823   0 0  0  0 0 0 0 0  00000000
   2.868  2448 3857  79 1  0  0 0 0 0 0  00000000
   2.880  2448 3857  76 1  0  0 0 0 0 0  00000000
   2.893  2448 3852  76 1  0  0 0 0 0 0  00000000
   2.905  2448 3850  75 1  0  0 0 0 0 0  00000000
   2.926  2448 3866  71 1  0  0 0 0 0 0  00000000
   2.935  2452 3899  53 1  0  0 0 0 0 0  00000000
   2.945  2452 3899   0 0  0  0 0 0 0 0  00000000
   3.365  3558 3070  77 1  0  0 0 0 0 0  00000000
   3.377  3540 3013  72 1  0  0 0 0 0 0  00000000
   3.390  3540 3013  77 1  0  0 0 0 0 0  00000000
   3.402  3540 3013  78 1  0  0 0 0 0 0  00000000
   3.427  3541 3014  75 1  0  0 0 0 0 0  00000000
   3.440  3541 3034  73 1  0  0 0 0 0 0  00000000
   3.450  3546 3056  61 1  0  0 0 0 0 0  00000000
   3.463  3546 3056   0 0  0  0 0 0 0 0  00000000
   3.836  2474 4034  76 1  0  0 0 0 0 0  00000000
   3.848  2475 4000  76 1  0  0 0 0 0 0  00000000
   3.861  2475 4001  78 1  0  0 0 0 0 0  00000000
   3.873  2475 4027  79 1  0  0 0 0 0 0  00000000
   3.885  2475 4028  79 1  0  0 0 0 0 0  00000000
   3.895  2475 4029  79 1  0  0 0 0 0 0  00000000
   3.905  2476 4049  79 1  0  0 0 0 0 0  00000000
   3.923  2477 4050  78 1  0  0 0 0 0 0  00000000
   3.936  2478 4054  77 1  0  0 0 0 0 0  00000000
   3.948  2479 4058  76 1  0  0 0 0 0 0  00000000
   3.959  2480 4059  76 1  0  0 0 0 0 0  00000000
   3.972  2481 4060  78 1  0  0 0 0 0 0  00000000
   3.985  2481 4061  77 1  0  0 0 0 0 0  00000000
   3.998  2481 4061  78 1  0  0 0 0 0 0  00000000
   4.020  2481 4061  79 1  0  0 0 0 0 0  00000000
   4.034  2481 4059  78 1  0  0 0 0 0 0  00000000
   4.043  2479 4057  78 1  0  0 0 0 0 0  00000000
   4.060  2477 4052  79 1  0  0 0 0 0 0  00000000
   4.071  2475 4050  78 1  0  0 0 0 0 0  00000000
   4.084  2473 4049  78 1  0  0 0 0 0 0  00000000
   4.109  2473 4047  78 1  0  0 0 0 0 0  00000000
   4.122  2473 4043  78 1  0  0 0 0 0 0  00000000
   4.133  2473 4042  79 1  0  0 0 0 0 0  00000000
   4.153  2473 4040  79 1  0  0 0 0 0 0  00000000
   4.171  2471 4039  79 1  0  0 0 0 0 0  00000000
   4.182  2471 4039  80 1  0  0 0 0 0 0  00000000
   4.197  2471 4039  78 1  0  0 0 0 0 0  00000000
   4.209  2471 4039  79 1  0  0 0 0 0 0  00000000
   4.233  2471 4039  78 1  0  0 0 0 0 0  00000000
   4.245  2470 4039  78 1  0  0 0 0 0 0  00000000
   4.258  2470 4014  77 1  0  0 0 0 0 0  00000000
   4.271  2468 3975  74 1  0  0 0 0 0 0  00000000
   4.283  2436 3897  62 1  0  0 0 0 0 0  00000000
   4.293  2436 3897   0 0  0  0 0 0 0 0  00000000
