time	 y	 z	 f	 w	 l	 r	 u	 d	 m	 multi
   0.000  3712 2405   0 0  0  0 0 0 0 0  00000000
   1.135  3854 2190  70 1  0  0 0 0 0 0  00000000
   1.155  3854 2190  71 1  0  0 0 0 0 0  00000000
   1.173  3854 2188  72 1  0  0 0 0 0 0  00000000
   1.182  3854 2186  72 1  0  0 0 0 0 0  00000000
   1.192  3852 2184  72 1  0  0 0 0 0 0  00000000
   1.210  3820 2184  68 1  0  0 0 0 0 0  00000000
   1.222  3820 2184  67 1  0  0 0 0 0 0  00000000
   1.260  3820 2184  65 1  0  0 0 0 0 0  00000000
   1.285  3840 2182  60 1  0  0 0 0 0 0  00000000
   1.299  3866 2177  52 1  0  0 0 0 0 0  00000000
   1.310  3866 2177   0 0  0  0 0 0 0 0  00000000
   1.595  2616 3289  78 1  0  0 0 0 0 0  00000000
   1.607  2616 3273  81 1  0  0 0 0 0 0  00000000
   1.619  2616 3257  82 1  0  0 0 0 0 0  00000000
   1.633  2616 3258  87 1  0  0 0 0 0 0  00000000
   1.645  2616 3259  85 1  0  0 0 0 0 0  00000000
   1.657  2616 3260  86 1  0  0 0 0 0 0  00000000
   1.669  2616 3265  85 1  0  0 0 0 0 0  00000000
   1.681  2616 3266  84 1  0  0 0 0 0 0  00000000
   1.694  2616 3267  79 1  0  0 0 0 0 0  00000000
   1.707  2616 3266  73 1  0  0 0 0 0 0  00000000
   1.720  2616 3266  65 1  0  0 0 0 0 0  00000000
   1.731  2651 3292  53 1  0  0 0 0 0 0  00000000
   1.744  2651 3292   0 0  0  0 0 0 0 0  00000000
   2.141  3703 2504  75 1  0  0 0 0 0 0  00000000
   2.153  3703 2471  72 1  0  0 0 0 0 0  00000000
   2.166  3703 2471  74 1  0  0 0 0 0 0  00000000
   2.179  3703 2469  74 1  0  0 0 0 0 0  00000000
   2.215  3703 2473  74 1  0  0 0 0 0 0  00000000
   2.228  3703 2479  73 1  0  0 0 0 0 0  00000000
   2.240  3703 2480  73 1  0  0 0 0 0 0  00000000
   2.252  3703 2486  71 1  0  0 0 0 0 0  00000000
   2.265  3703 2491  68 1  0  0 0 0 0 0  00000000
   2.277  3703 2497  62 1  0  0 0 0 0 0  00000000
   2.289  3725 2523  53 1  0  0 0 0 0 0  00000000
   2.302  3725 2523   0 0  0  0 0 0 0 0  00000000
   2.389  2452 3733  45 1  0  0 0 0 0 0  00000000
   2.401  2346 3682  77 1  0  0 0 0 0 0  00000000
   2.414  2347 3682  80 1  0  0 0 0 0 0  00000000
   2.426  2348 3682  80 1  0  0 0 0 0 0  00000000
   2.439  2349 3682  79 1  0  0 0 0 0 0  00000000
   2.451  2350 3682  79 1  0  0 0 0 0 0  00000000
   2.465  2350 3682  77 1  0  0 0 0 0 0  00000000
   2.475  2350 3682  76 1  0  0 0 0 0 0  00000000
   2.488  2350 3682  75 1  0  0 0 0 0 0  00000000
   2.500  2351 3682  73 1  0  0 0 0 0 0  00000000
   2.514  2352 3683  73 1  0  0 0 0 0 0  00000000
   2.525  2353 3684  70 1  0  0 0 0 0 0  00000000
   2.537  2354 3685  69 1  0  0 0 0 0 0  00000000
   2.550  2355 3686  68 1  0  0 0 0 0 0  00000000
   2.562  2356 3687  67 1  0  0 0 0 0 0  00000000
   2.575  2357 3680  66 1  0  0 0 0 0 0  00000000
   2.587  2357 3674  61 1  0  0 0 0 0 0  00000000
   2.600  2340 3633  44 1  0  0 0 0 0 0  00000000
   2.611  2340 3633   0 0  0  0 0 0 0 0  00000000
   2.650  3901 2255  35 1  0  0 0 0 0 0  00000000
   2.662  3746 2238  71 1  0  0 0 0 0 0  00000000
   2.674  3746 2238  70 1  0  0 0 0 0 0  00000000
   2.687  3746 2238  72 1  0  0 0 0 0 0  00000000
   2.699  3746 2239  73 1  0  0 0 0 0 0  00000000
   2.712  3746 2240  72 1  0  0 0 0 0 0  00000000
   2.724  3746 2245  72 1  0  0 0 0 0 0  00000000
   2.737  3746 2246  72 1  0  0 0 0 0 0  00000000
   2.749  3746 2251  72 1  0  0 0 0 0 0  00000000
   2.760  3746 2252  71 1  0  0 0 0 0 0  00000000
   2.773  3746 2253  71 1  0  0 0 0 0 0  00000000
   2.786  3746 2257  70 1  0  0 0 0 0 0  00000000
   2.799  3769 2257  68 1  0  0 0 0 0 0  00000000
   2.824  3769 2255  67 1  0  0 0 0 0 0  00000000
   2.836  3769 2249  66 1  0  0 0 0 0 0  00000000
   2.848  3769 2247  63 1  0  0 0 0 0 0  00000000
   2.861  3769 2227  52 1  0  0 0 0 0 0  00000000
   2.873  3769 2227   0 0  0  0 0 0 0 0  00000000
   2.897  2340 3693  81 1  0  0 0 0 0 0  00000000
   2.909  2336 3691  76 1  0  0 0 0 0 0  00000000
   2.923  2331 3689  79 1  0  0 0 0 0 0  00000000
   2.935  2330 3687  79 1  0  0 0 0 0 0  00000000
   2.947  2328 3685  77 1  0  0 0 0 0 0  00000000
   2.972  2328 3709  76 1  0  0 0 0 0 0  00000000
   2.984  2328 3710  75 1  0  0 0 0 0 0  00000000
   2.997  2328 3731  73 1  0  0 0 0 0 0  00000000
   3.009  2329 3732  72 1  0  0 0 0 0 0  00000000
   3.022  2334 3733  72 1  0  0 0 0 0 0  00000000
   3.034  2338 3734  70 1  0  0 0 0 0 0  00000000
   3.046  2339 3735  68 1  0  0 0 0 0 0  00000000
   3.059  2344 3728  58 1  0  0 0 0 0 0  00000000
   3.070  2344 3728   0 0  0  0 0 0 0 0  00000000
   3.134  3750 2166  74 1  0  0 0 0 0 0  00000000
   3.146  3750 2140  70 1  0  0 0 0 0 0  00000000
   3.159  3750 2141  72 1  0  0 0 0 0 0  00000000
   3.171  3750 2142  73 1  0  0 0 0 0 0  00000000
   3.184  3750 2143  72 1  0  0 0 0 0 0  00000000
   3.194  3750 2144  71 1  0  0 0 0 0 0  00000000
   3.208  3770 2145  69 1  0  0 0 0 0 0  00000000
   3.220  3770 2149  69 1  0  0 0 0 0 0  00000000
   3.229  3770 2150  69 1  0  0 0 0 0 0  00000000
   3.239  3770 2151  69 1  0  0 0 0 0 0  00000000
   3.257  3770 2155  69 1  0  0 0 0 0 0  00000000
   3.269  3771 2156  69 1  0  0 0 0 0 0  00000000
   3.279  3772 2156  69 1  0  0 0 0 0 0  00000000
   3.289  3773 2157  69 1  0  0 0 0 0 0  00000000
   3.307  3774 2157  70 1  0  0 0 0 0 0  00000000
   3.318  3775 2157  69 1  0  0 0 0 0 0  00000000
   3.331  3776 2157  69 1  0  0 0 0 0 0  00000000
   3.344  3776 2157  70 1  0  0 0 0 0 0  00000000
   3.357  3777 2157  69 1  0  0 0 0 0 0  00000000
   3.407  3777 2157  68 1  0  0 0 0 0 0  00000000
   3.418  3777 2157  67 1  0  0 0 0 0 0  00000000
   3.431  3777 2155  66 1  0  0 0 0 0 0  00000000
   3.444  3778 2155  66 1  0  0 0 0 0 0  00000000
   3.469  3779 2151  65 1  0  0 0 0 0 0  00000000
   3.480  3779 2149  62 1  0  0 0 0 0 0  00000000
   3.493  3779 2156  55 1  0  0 0 0 0 0  00000000
   3.506  3841 2161  39 1  0  0 0 0 0 0  00000000
   3.518  3841 2161   0 0  0  0 0 0 0 0  00000000
   3.630  2409 3631  66 1  0  0 0 0 0 0  00000000
   3.642  2345 3611  76 1  0  0 0 0 0 0  00000000
   3.655  2345 3611  81 1  0  0 0 0 0 0  00000000
   3.667  2343 3611  82 1  0  0 0 0 0 0  00000000
   3.716  2343 3611  80 1  0  0 0 0 0 0  00000000
   3.730  2343 3611  79 1  0  0 0 0 0 0  00000000
   3.753  2343 3611  78 1  0  0 0 0 0 0  00000000
   3.766  2343 3612  77 1  0  0 0 0 0 0  00000000
   3.778  2343 3613  78 1  0  0 0 0 0 0  00000000
   3.791  2343 3614  78 1  0  0 0 0 0 0  00000000
   3.804  2343 3614  79 1  0  0 0 0 0 0  00000000
   3.828  2342 3614  79 1  0  0 0 0 0 0  00000000
   3.840  2340 3614  78 1  0  0 0 0 0 0  00000000
   3.865  2338 3614  76 1  0  0 0 0 0 0  00000000
   3.879  2338 3614  72 1  0  0 0 0 0 0  00000000
   3.890  2338 3614  61 1  0  0 0 0 0 0  00000000
   3.903  2338 3614   0 0  0  0 0 0 0 0  00000000
   4.163  3826 2234  73 1  0  0 0 0 0 0  00000000
   4.176  3827 2213  72 1  0  0 0 0 0 0  00000000
   4.187  3828 2211  73 1  0  0 0 0 0 0  00000000
   4.200  3811 2209  71 1  0  0 0 0 0 0  00000000
   4.213  3835 2207  73 1  0  0 0 0 0 0  00000000
   4.225  3807 2206  71 1  0  0 0 0 0 0  00000000
   4.250  3827 2206  74 1  0  0 0 0 0 0  00000000
   4.263  3827 2206  73 1  0  0 0 0 0 0  00000000
   4.275  3827 2210  73 1  0  0 0 0 0 0  00000000
   4.287  3827 2211  72 1  0  0 0 0 0 0  00000000
   4.301  3827 2215  72 1  0  0 0 0 0 0  00000000
   4.312  3827 2219  72 1  0  0 0 0 0 0  00000000
   4.324  3827 2220  72 1  0  0 0 0 0 0  00000000
   4.337  3827 2221  72 1  0  0 0 0 0 0  00000000
   4.350  3827 2221  73 1  0  0 0 0 0 0  00000000
   4.361  3827 2221  72 1  0  0 0 0 0 0  00000000
   4.374  3827 2221  73 1  0  0 0 0 0 0  00000000
   4.387  3827 2221  72 1  0  0 0 0 0 0  00000000
   4.548  3828 2221  73 1  0  0 0 0 0 0  00000000
   4.598  3829 2221  73 1  0  0 0 0 0 0  00000000
   4.610  3829 2221  72 1  0  0 0 0 0 0  00000000
   4.634  3829 2221  73 1  0  0 0 0 0 0  00000000
   4.646  3829 2221  72 1  0  0 0 0 0 0  00000000
   4.672  3829 2221  73 1  0  0 0 0 0 0  00000000
   4.684  3830 2221  73 1  0  0 0 0 0 0  00000000
   4.697  3830 2221  72 1  0  0 0 0 0 0  00000000
   4.710  3830 2221  73 1  0  0 0 0 0 0  00000000
   4.721  3830 2221  72 1  0  0 0 0 0 0  00000000
   4.745  3830 2221  71 1  0  0 0 0 0 0  00000000
   4.758  3822 2219  67 1  0  0 0 0 0 0  00000000
   4.772  3820 2219  64 1  0  0 0 0 0 0  00000000
   4.783  3840 2219  55 1  0  0 0 0 0 0  00000000
   4.796  3876 2214  38 1  0  0 0 0 0 0  00000000
   4.806  3876 2214   0 0  0  0 0 0 0 0  00000000
   5.045  2495 3696  44 1  0  0 0 0 0 0  00000000
   5.057  2363 3680  79 1  0  0 0 0 0 0  00000000
   5.070  2363 3680  80 1  0  0 0 0 0 0  00000000
   5.082  2363 3679  80 1  0  0 0 0 0 0  00000000
   5.094  2363 3677  80 1  0  0 0 0 0 0  00000000
   5.106  2363 3675  80 1  0  0 0 0 0 0  00000000
   5.118  2363 3675  78 1  0  0 0 0 0 0  00000000
   5.131  2363 3674  76 1  0  0 0 0 0 0  00000000
   5.143  2363 3674  73 1  0  0 0 0 0 0  00000000
   5.156  2364 3674  65 1  0  0 0 0 0 0  00000000
   5.168  2336 3672  45 1  0  0 0 0 0 0  00000000
   5.179  2336 3672   0 0  0  0 0 0 0 0  00000000
   5.280  3909 2211  34 1  0  0 0 0 0 0  00000000
   5.292  3748 2165  72 1  0  0 0 0 0 0  00000000
   5.304  3748 2165  71 1  0  0 0 0 0 0  00000000
   5.316  3748 2165  72 1  0  0 0 0 0 0  00000000
   5.330  3748 2166  72 1  0  0 0 0 0 0  00000000
   5.341  3748 2167  73 1  0  0 0 0 0 0  00000000
   5.352  3748 2168  73 1  0  0 0 0 0 0  00000000
   5.361  3748 2169  72 1  0  0 0 0 0 0  00000000
   5.380  3755 2170  69 1  0  0 0 0 0 0  00000000
   5.391  3756 2170  68 1  0  0 0 0 0 0  00000000
   5.404  3757 2170  66 1  0  0 0 0 0 0  00000000
   5.416  3758 2170  59 1  0  0 0 0 0 0  00000000
   5.428  3792 2170  48 1  0  0 0 0 0 0  00000000
   5.440  3792 2170   0 0  0  0 0 0 0 0  00000000
   5.577  2438 3518  85 1  0  0 0 0 0 0  00000000
   5.590  2438 3517  80 1  0  0 0 0 0 0  00000000
   5.603  2436 3513  83 1  0  0 0 0 0 0  00000000
   5.614  2435 3511  82 1  0  0 0 0 0 0  00000000
   5.628  2435 3511  81 1  0  0 0 0 0 0  00000000
   5.640  2435 3511  78 1  0  0 0 0 0 0  00000000
   5.653  2435 3530  74 1  0  0 0 0 0 0  00000000
   5.665  2435 3530  67 1  0  0 0 0 0 0  00000000
   5.676  2473 3559  43 1  0  0 0 0 0 0  00000000
   5.688  2473 3559   0 0  0  0 0 0 0 0  00000000
   5.726  3751 2100  72 1  0  0 0 0 0 0  00000000
   5.738  3751 2078  69 1  0  0 0 0 0 0  00000000
   5.751  3751 2079  71 1  0  0 0 0 0 0  00000000
   5.764  3751 2080  71 1  0  0 0 0 0 0  00000000
   5.776  3751 2086  71 1  0  0 0 0 0 0  00000000
   5.788  3751 2110  72 1  0  0 0 0 0 0  00000000
   5.802  3751 2110  71 1  0  0 0 0 0 0  00000000
   5.814  3751 2110  70 1  0  0 0 0 0 0  00000000
   5.825  3751 2110  64 1  0  0 0 0 0 0  00000000
   5.837  3713 2143  53 1  0  0 0 0 0 0  00000000
   5.849  3713 2143   0 0  0  0 0 0 0 0  00000000
   5.876  2430 3598  88 1  0  0 0 0 0 0  00000000
   5.887  2398 3566  81 1  0  0 0 0 0 0  00000000
   5.901  2396 3566  84 1  0  0 0 0 0 0  00000000
   5.912  2394 3566  84 1  0  0 0 0 0 0  00000000
   5.924  2394 3566  82 1  0  0 0 0 0 0  00000000
   5.938  2394 3566  77 1  0  0 0 0 0 0  00000000
   5.950  2411 3570  63 1  0  0 0 0 0 0  00000000
   5.961  2411 3570   0 0  0  0 0 0 0 0  00000000
   5.975  3669 2179  76 1  0  0 0 0 0 0  00000000
   5.986  3669 2179  74 1  0  0 0 0 0 0  00000000
   5.999  3669 2179  75 1  0  0 0 0 0 0  00000000
   6.012  3669 2179  74 1  0  0 0 0 0 0  00000000
   6.024  3669 2178  71 1  0  0 0 0 0 0  00000000
   6.034  3670 2176  71 1  0  0 0 0 0 0  00000000
   6.050  3670 2176   0 0  0  0 0 0 0 0  00000000
   6.074  2392 3625  84 1  0  0 0 0 0 0  00000000
   6.086  2376 3625  85 1  0  0 0 0 0 0  00000000
   6.099  2376 3625  84 1  0  0 0 0 0 0  00000000
   6.111  2376 3625  82 1  0  0 0 0 0 0  00000000
   6.124  2375 3624  78 1  0  0 0 0 0 0  00000000
   6.137  2375 3624  56 1  0  0 0 0 0 0  00000000
   6.147  3760 2173  59 1  0  0 0 0 0 0  00000000
   6.161  3681 2174  74 1  0  0 0 0 0 0  00000000
   6.173  3682 2179  77 1  0  0 0 0 0 0  00000000
   6.185  3683 2180  77 1  0  0 0 0 0 0  00000000
   6.197  3684 2181  75 1  0  0 0 0 0 0  00000000
   6.211  3688 2182  70 1  0  0 0 0 0 0  00000000
   6.223  3727 2204  56 1  0  0 0 0 0 0  00000000
   6.234  3727 2204   0 0  0  0 0 0 0 0  00000000
   6.248  2519 3640  86 1  0  0 0 0 0 0  00000000
   6.260  2502 3618  79 1  0  0 0 0 0 0  00000000
   6.272  2476 3618  80 1  0  0 0 0 0 0  00000000
   6.285  2474 3618  80 1  0  0 0 0 0 0  00000000
   6.298  2444 3597  73 1  0  0 0 0 0 0  00000000
   6.309  2481 3595  43 1  0  0 0 0 0 0  00000000
   6.322  3696 2165  78 1  0  0 0 0 0 0  00000000
   6.335  3694 2138  76 1  0  0 0 0 0 0  00000000
   6.346  3692 2154  79 1  0  0 0 0 0 0  00000000
   6.359  3692 2154  78 1  0  0 0 0 0 0  00000000
   6.372  3692 2154  76 1  0  0 0 0 0 0  00000000
   6.384  3692 2129  65 1  0  0 0 0 0 0  00000000
   6.396  3692 2129   0 0  0  0 0 0 0 0  00000000
   6.409  2578 3598  85 1  0  0 0 0 0 0  00000000
   6.422  2576 3594  83 1  0  0 0 0 0 0  00000000
   6.434  2570 3592  85 1  0  0 0 0 0 0  00000000
   6.446  2563 3592  86 1  0  0 0 0 0 0  00000000
   6.459  2557 3591  82 1  0  0 0 0 0 0  00000000
   6.471  2528 3585  60 1  0  0 0 0 0 0  00000000
   6.482  2528 3585   0 0  0  0 0 0 0 0  00000000
   6.508  3679 2240  84 1  0  0 0 0 0 0  00000000
   6.521  3679 2185  79 1  0  0 0 0 0 0  00000000
   6.532  3678 2185  79 1  0  0 0 0 0 0  00000000
   6.543  3676 2185  79 1  0  0 0 0 0 0  00000000
   6.558  3676 2185   0 0  0  0 0 0 0 0  00000000
   6.571  2538 3530  89 1  0  0 0 0 0 0  00000000
   6.583  2515 3528  87 1  0  0 0 0 0 0  00000000
   6.596  2514 3523  86 1  0  0 0 0 0 0  00000000
   6.608  2512 3522  85 1  0  0 0 0 0 0  00000000
   6.621  2507 3573  83 1  0  0 0 0 0 0  00000000
   6.632  2501 3617  73 1  0  0 0 0 0 0  00000000
   6.644  2519 3656  45 1  0  0 0 0 0 0  00000000
   6.657  2519 3656   0 0  0  0 0 0 0 0  00000000
   6.669  3583 2384  93 1  0  0 0 0 0 0  00000000
   6.681  3583 2343  89 1  0  0 0 0 0 0  00000000
   6.694  3583 2360  92 1  0  0 0 0 0 0  00000000
   6.707  3583 2360  90 1  0  0 0 0 0 0  00000000
   6.719  3608 2325  81 1  0  0 0 0 0 0  00000000
   6.732  3687 2272  58 1  0  0 0 0 0 0  00000000
   6.743  3687 2272   0 0  0  0 0 0 0 0  00000000
   6.757  2453 3731  83 1  0  0 0 0 0 0  00000000
   6.768  2451 3695  72 1  0  0 0 0 0 0  00000000
   6.780  2416 3695  74 1  0  0 0 0 0 0  00000000
   6.793  2416 3661  59 1  0  0 0 0 0 0  00000000
   6.806  2416 3661   0 0  0  0 0 0 0 0  00000000
