time	 y	 z	 f	 w	 l	 r	 u	 d	 m	 multi
   0.000  2549 3362   0 0  0  0 0 0 0 0  00000000
   1.664  2687 3268  87 1  0  0 0 0 0 0  00000000
   1.689  2687 3287  92 1  0  0 0 0 0 0  00000000
   1.715  2687 3288  91 1  0  0 0 0 0 0  00000000
   1.727  2687 3292  90 1  0  0 0 0 0 0  00000000
   1.739  2687 3293  88 1  0  0 0 0 0 0  00000000
   1.752  2687 3294  86 1  0  0 0 0 0 0  00000000
   1.765  2687 3298  83 1  0  0 0 0 0 0  00000000
   1.776  2687 3303  81 1  0  0 0 0 0 0  00000000
   1.789  2687 3304  80 1  0  0 0 0 0 0  00000000
   1.803  2687 3325  78 1  0  0 0 0 0 0  00000000
   1.813  2687 3326  76 1  0  0 0 0 0 0  00000000
   1.826  2654 3327  74 1  0  0 0 0 0 0  00000000
   1.840  2611 3331  67 1  0  0 0 0 0 0  00000000
   1.852  2579 3356  58 1  0  0 0 0 0 0  00000000
   1.863  2596 3373  42 1  0  0 0 0 0 0  00000000
   1.875  2596 3373   0 0  0  0 0 0 0 0  00000000
   2.149  3654 2414  75 1  0  0 0 0 0 0  00000000
   2.161  3655 2414  73 1  0  0 0 0 0 0  00000000
   2.175  3655 2412  74 1  0  0 0 0 0 0  00000000
   2.197  3655 2430  73 1  0  0 0 0 0 0  00000000
   2.211  3655 2431  67 1  0  0 0 0 0 0  00000000
   2.223  3655 2436  45 1  0  0 0 0 0 0  00000000
   2.234  3655 2436   0 0  0  0 0 0 0 0  00000000
   2.607  2538 3462  69 1  0  0 0 0 0 0  00000000
   2.620  2510 3422  76 1  0  0 0 0 0 0  00000000
   2.633  2510 3423  80 1  0  0 0 0 0 0  00000000
   2.645  2510 3424  81 1  0  0 0 0 0 0  00000000
   2.658  2510 3428  81 1  0  0 0 0 0 0  00000000
   2.671  2510 3429  80 1  0  0 0 0 0 0  00000000
   2.683  2510 3462  76 1  0  0 0 0 0 0  00000000
   2.694  2510 3490  72 1  0  0 0 0 0 0  00000000
   2.707  2510 3522  62 1  0  0 0 0 0 0  00000000
   2.719  2510 3522   0 0  0  0 0 0 0 0  00000000
   2.843  3653 2695  71 1  0  0 0 0 0 0  00000000
   2.856  3618 2674  73 1  0  0 0 0 0 0  00000000
   2.868  3618 2696  75 1  0  0 0 0 0 0  00000000
   2.893  3618 2713  74 1  0  0 0 0 0 0  00000000
   2.906  3618 2737  72 1  0  0 0 0 0 0  00000000
   2.917  3618 2771  67 1  0  0 0 0 0 0  00000000
   2.931  3601 2799  52 1  0  0 0 0 0 0  00000000
   2.942  3601 2799   0 0  0  0 0 0 0 0  00000000
   3.054  2183 3952  74 1  0  0 0 0 0 0  00000000
   3.066  2160 3933  74 1  0  0 0 0 0 0  00000000
   3.078  2158 3933  78 1  0  0 0 0 0 0  00000000
   3.091  2152 3933  79 1  0  0 0 0 0 0  00000000
   3.105  2150 3934  79 1  0  0 0 0 0 0  00000000
   3.115  2149 3961  78 1  0  0 0 0 0 0  00000000
   3.128  2149 3985  70 1  0  0 0 0 0 0  00000000
   3.140  2124 4045  40 1  0  0 0 0 0 0  00000000
   3.152  2124 4045   0 0  0  0 0 0 0 0  00000000
   3.253  3360 2849  69 1  0  0 0 0 0 0  00000000
   3.266  3333 2849  80 1  0  0 0 0 0 0  00000000
   3.277  3333 2850  81 1  0  0 0 0 0 0  00000000
   3.290  3333 2851  82 1  0  0 0 0 0 0  00000000
   3.303  3333 2856  82 1  0  0 0 0 0 0  00000000
   3.316  3334 2878  80 1  0  0 0 0 0 0  00000000
   3.328  3335 2905  79 1  0  0 0 0 0 0  00000000
   3.341  3339 2928  77 1  0  0 0 0 0 0  00000000
   3.353  3366 2946  73 1  0  0 0 0 0 0  00000000
   3.365  3394 2946  64 1  0  0 0 0 0 0  00000000
   3.376  3421 2946  43 1  0  0 0 0 0 0  00000000
   3.388  3421 2946   0 0  0  0 0 0 0 0  00000000
   3.513  2205 3923  80 1  0  0 0 0 0 0  00000000
   3.532  2205 3900  77 1  0  0 0 0 0 0  00000000
   3.551  2205 3901  56 1  0  0 0 0 0 0  00000000
   3.563  2205 3901   0 0  0  0 0 0 0 0  00000000
   3.948  3534 2942  67 1  0  0 0 0 0 0  00000000
   3.960  3488 2849  75 1  0  0 0 0 0 0  00000000
   3.973  3489 2825  76 1  0  0 0 0 0 0  00000000
   3.985  3490 2825  77 1  0  0 0 0 0 0  00000000
   3.998  3490 2825  76 1  0  0 0 0 0 0  00000000
   4.011  3510 2850  73 1  0  0 0 0 0 0  00000000
   4.022  3531 2904  69 1  0  0 0 0 0 0  00000000
   4.033  3510 2994  52 1  0  0 0 0 0 0  00000000
   4.045  3510 2994   0 0  0  0 0 0 0 0  00000000
   4.357  2399 3932  77 1  0  0 0 0 0 0  00000000
   4.369  2400 3873  74 1  0  0 0 0 0 0  00000000
   4.381  2419 3871  78 1  0  0 0 0 0 0  00000000
   4.395  2420 3850  80 1  0  0 0 0 0 0  00000000
   4.407  2424 3851  81 1  0  0 0 0 0 0  00000000
   4.419  2429 3873  82 1  0  0 0 0 0 0  00000000
   4.432  2430 3891  81 1  0  0 0 0 0 0  00000000
   4.443  2431 3892  80 1  0  0 0 0 0 0  00000000
   4.458  2435 3917  79 1  0  0 0 0 0 0  00000000
   4.469  2436 3918  79 1  0  0 0 0 0 0  00000000
   4.482  2437 3922  79 1  0  0 0 0 0 0  00000000
   4.494  2437 3927  80 1  0  0 0 0 0 0  00000000
   4.507  2438 3933  80 1  0  0 0 0 0 0  00000000
   4.519  2438 3939  80 1  0  0 0 0 0 0  00000000
   4.531  2438 3944  81 1  0  0 0 0 0 0  00000000
   4.544  2438 3945  81 1  0  0 0 0 0 0  00000000
   4.556  2438 3946  82 1  0  0 0 0 0 0  00000000
   4.569  2438 3947  82 1  0  0 0 0 0 0  00000000
   4.581  2438 3948  82 1  0  0 0 0 0 0  00000000
   4.594  2438 3949  82 1  0  0 0 0 0 0  00000000
   4.618  2438 3949  83 1  0  0 0 0 0 0  00000000
   4.630  2438 3949  81 1  0  0 0 0 0 0  00000000
   4.642  2438 3949  82 1  0  0 0 0 0 0  00000000
   4.706  2438 3950  82 1  0  0 0 0 0 0  00000000
   4.717  2438 3951  82 1  0  0 0 0 0 0  00000000
   4.729  2438 3952  82 1  0  0 0 0 0 0  00000000
   4.742  2438 3952  83 1  0  0 0 0 0 0  00000000
   4.754  2438 3953  82 1  0  0 0 0 0 0  00000000
   4.767  2442 3954  83 1  0  0 0 0 0 0  00000000
   4.779  2443 3954  82 1  0  0 0 0 0 0  00000000
   4.791  2443 3947  81 1  0  0 0 0 0 0  00000000
   4.804  2443 3884  72 1  0  0 0 0 0 0  00000000
   4.816  2444 3836  41 1  0  0 0 0 0 0  00000000
   4.827  2444 3836   0 0  0  0 0 0 0 0  00000000
