time	 y	 z	 f	 w	 l	 r	 u	 d	 m	 multi
   0.000  2973 2845   0 0  0  0 0 0 0 0  00000000
   1.378  2111 3000  74 1  0  0 0 0 0 0  00000000
   1.390  2109 2996  74 1  0  0 0 0 0 0  00000000
   1.403  2108 2991  74 1  0  0 0 0 0 0  00000000
   1.415  2108 2986  74 1  0  0 0 0 0 0  00000000
   1.428  2108 2984  74 1  0  0 0 0 0 0  00000000
   1.440  2108 2979  73 1  0  0 0 0 0 0  00000000
   1.452  2108 2973  72 1  0  0 0 0 0 0  00000000
   1.465  2108 2951  69 1  0  0 0 0 0 0  00000000
   1.478  2112 2950  65 1  0  0 0 0 0 0  00000000
   1.489  2116 2918  52 1  0  0 0 0 0 0  00000000
   1.502  2116 2918   0 0  0  0 0 0 0 0  00000000
   1.973  2534 3598  59 1  0  0 0 0 0 0  00000000
   1.986  2532 3599  61 1  0  0 0 0 0 0  00000000
   1.998  2527 3632  63 1  0  0 0 0 0 0  00000000
   2.011  2504 3657  65 1  0  0 0 0 0 0  00000000
   2.023  2504 3658  67 1  0  0 0 0 0 0  00000000
   2.036  2503 3659  68 1  0  0 0 0 0 0  00000000
   2.048  2499 3680  68 1  0  0 0 0 0 0  00000000
   2.060  2494 3680  68 1  0  0 0 0 0 0  00000000
   2.073  2490 3678  67 1  0  0 0 0 0 0  00000000
   2.084  2454 3646  64 1  0  0 0 0 0 0  00000000
   2.097  2404 3569  61 1  0  0 0 0 0 0  00000000
   2.110  2337 3511  50 1  0  0 0 0 0 0  00000000
   2.122  2337 3511   0 0  0  0 0 0 0 0  00000000
   2.557  1944 2857  51 1  0  0 0 0 0 0  00000000
   2.569  1907 2855  72 1  0  0 0 0 0 0  00000000
   2.580  1908 2849  70 1  0  0 0 0 0 0  00000000
   2.593  1909 2847  73 1  0  0 0 0 0 0  00000000
   2.605  1910 2846  73 1  0  0 0 0 0 0  00000000
   2.618  1911 2846  72 1  0  0 0 0 0 0  00000000
   2.630  1912 2846  72 1  0  0 0 0 0 0  00000000
   2.643  1913 2847  70 1  0  0 0 0 0 0  00000000
   2.655  1913 2866  70 1  0  0 0 0 0 0  00000000
   2.667  1913 2866  67 1  0  0 0 0 0 0  00000000
   2.680  1913 2867  61 1  0  0 0 0 0 0  00000000
   2.692  1913 2868  46 1  0  0 0 0 0 0  00000000
   2.704  1913 2868   0 0  0  0 0 0 0 0  00000000
   3.028  2155 3804  69 1  0  0 0 0 0 0  00000000
   3.041  2174 3804  70 1  0  0 0 0 0 0  00000000
   3.052  2174 3804  74 1  0  0 0 0 0 0  00000000
   3.065  2174 3805  73 1  0  0 0 0 0 0  00000000
   3.078  2174 3806  74 1  0  0 0 0 0 0  00000000
   3.089  2174 3812  74 1  0  0 0 0 0 0  00000000
   3.102  2172 3818  73 1  0  0 0 0 0 0  00000000
   3.115  2166 3846  70 1  0  0 0 0 0 0  00000000
   3.127  2164 3872  69 1  0  0 0 0 0 0  00000000
   3.140  2162 3900  66 1  0  0 0 0 0 0  00000000
   3.152  2180 3937  58 1  0  0 0 0 0 0  00000000
   3.164  2180 3937   0 0  0  0 0 0 0 0  00000000
   3.561  1712 3097  67 1  0  0 0 0 0 0  00000000
   3.574  1713 3064  63 1  0  0 0 0 0 0  00000000
   3.586  1718 3065  65 1  0  0 0 0 0 0  00000000
   3.598  1719 3066  66 1  0  0 0 0 0 0  00000000
   3.611  1720 3067  65 1  0  0 0 0 0 0  00000000
   3.623  1721 3068  65 1  0  0 0 0 0 0  00000000
   3.635  1721 3069  64 1  0  0 0 0 0 0  00000000
   3.647  1721 3069  60 1  0  0 0 0 0 0  00000000
   3.660  1694 3069  50 1  0  0 0 0 0 0  00000000
   3.672  1694 3069   0 0  0  0 0 0 0 0  00000000
   3.984  2063 4416  50 1  0  0 0 0 0 0  00000000
   3.995  2061 4414  48 1  0  0 0 0 0 0  00000000
   4.009  2056 4410  49 1  0  0 0 0 0 0  00000000
   4.021  2054 4408  51 1  0  0 0 0 0 0  00000000
   4.034  2052 4406  51 1  0  0 0 0 0 0  00000000
   4.044  2047 4404  51 1  0  0 0 0 0 0  00000000
   4.058  2040 4399  52 1  0  0 0 0 0 0  00000000
   4.070  2036 4397  52 1  0  0 0 0 0 0  00000000
   4.085  2034 4395  51 1  0  0 0 0 0 0  00000000
   4.095  2028 4395  49 1  0  0 0 0 0 0  00000000
   4.107  1995 4396  39 1  0  0 0 0 0 0  00000000
   4.119  1995 4396   0 0  0  0 0 0 0 0  00000000
   4.480  1504 2625  56 1  0  0 0 0 0 0  00000000
   4.491  1504 2608  53 1  0  0 0 0 0 0  00000000
   4.507  1504 2608  55 1  0  0 0 0 0 0  00000000
   4.517  1505 2608  56 1  0  0 0 0 0 0  00000000
   4.530  1506 2608  56 1  0  0 0 0 0 0  00000000
   4.543  1507 2608  56 1  0  0 0 0 0 0  00000000
   4.554  1508 2608  56 1  0  0 0 0 0 0  00000000
   4.616  1508 2607  56 1  0  0 0 0 0 0  00000000
   4.628  1508 2607  55 1  0  0 0 0 0 0  00000000
   4.644  1508 2605  56 1  0  0 0 0 0 0  00000000
   4.653  1508 2603  56 1  0  0 0 0 0 0  00000000
   4.666  1506 2603  57 1  0  0 0 0 0 0  00000000
   4.678  1506 2601  55 1  0  0 0 0 0 0  00000000
   4.703  1506 2596  54 1  0  0 0 0 0 0  00000000
   4.715  1504 2595  55 1  0  0 0 0 0 0  00000000
   4.727  1503 2575  53 1  0  0 0 0 0 0  00000000
   4.741  1498 2559  51 1  0  0 0 0 0 0  00000000
   4.754  1476 2533  45 1  0  0 0 0 0 0  00000000
   4.765  1476 2533   0 0  0  0 0 0 0 0  00000000
   5.745  2146 3538  44 1  0  0 0 0 0 0  00000000
   5.757  2058 3614  74 1  0  0 0 0 0 0  00000000
   5.771  2059 3615  74 1  0  0 0 0 0 0  00000000
   5.784  2060 3615  77 1  0  0 0 0 0 0  00000000
   5.796  2061 3615  76 1  0  0 0 0 0 0  00000000
   5.807  2061 3609  76 1  0  0 0 0 0 0  00000000
   5.821  2061 3603  74 1  0  0 0 0 0 0  00000000
   5.833  2061 3574  73 1  0  0 0 0 0 0  00000000
   5.844  2030 3550  67 1  0  0 0 0 0 0  00000000
   5.855  1986 3490  53 1  0  0 0 0 0 0  00000000
   5.868  1986 3490   0 0  0  0 0 0 0 0  00000000
   6.229  2076 2769  77 1  0  0 0 0 0 0  00000000
   6.243  2096 2767  73 1  0  0 0 0 0 0  00000000
   6.254  2096 2766  75 1  0  0 0 0 0 0  00000000
   6.266  2096 2766  76 1  0  0 0 0 0 0  00000000
   6.280  2096 2764  75 1  0  0 0 0 0 0  00000000
   6.290  2096 2764  74 1  0  0 0 0 0 0  00000000
   6.306  2096 2762  71 1  0  0 0 0 0 0  00000000
   6.316  2096 2758  70 1  0  0 0 0 0 0  00000000
   6.328  2091 2738  61 1  0  0 0 0 0 0  00000000
   6.340  2057 2695  42 1  0  0 0 0 0 0  00000000
   6.351  2057 2695   0 0  0  0 0 0 0 0  00000000
   6.489  2308 3965  77 1  0  0 0 0 0 0  00000000
   6.502  2330 3942  75 1  0  0 0 0 0 0  00000000
   6.514  2330 3926  78 1  0  0 0 0 0 0  00000000
   6.527  2330 3906  76 1  0  0 0 0 0 0  00000000
   6.538  2330 3874  74 1  0  0 0 0 0 0  00000000
   6.558  2299 3824  69 1  0  0 0 0 0 0  00000000
   6.576  2299 3824   0 0  0  0 0 0 0 0  00000000
   6.725  1622 1786  54 1  0  0 0 0 0 0  00000000
   6.737  1622 1735  50 1  0  0 0 0 0 0  00000000
   6.762  1622 1736  51 1  0  0 0 0 0 0  00000000
   6.774  1622 1736  50 1  0  0 0 0 0 0  00000000
   6.788  1620 1736  49 1  0  0 0 0 0 0  00000000
   6.800  1555 1696  45 1  0  0 0 0 0 0  00000000
   6.812  1521 1663  41 1  0  0 0 0 0 0  00000000
   6.824  1468 1641  35 1  0  0 0 0 0 0  00000000
   6.836  1468 1641   0 0  0  0 0 0 0 0  00000000
   7.123  2175 3768  66 1  0  0 0 0 0 0  00000000
   7.134  2151 3768  72 1  0  0 0 0 0 0  00000000
   7.146  2152 3769  73 1  0  0 0 0 0 0  00000000
   7.160  2153 3773  75 1  0  0 0 0 0 0  00000000
   7.172  2157 3774  76 1  0  0 0 0 0 0  00000000
   7.184  2157 3775  74 1  0  0 0 0 0 0  00000000
   7.196  2157 3775  71 1  0  0 0 0 0 0  00000000
   7.209  2155 3756  65 1  0  0 0 0 0 0  00000000
   7.221  2123 3754  53 1  0  0 0 0 0 0  00000000
   7.233  2123 3754   0 0  0  0 0 0 0 0  00000000
   7.581  1537 2115  49 1  0  0 0 0 0 0  00000000
   7.594  1537 2115  56 1  0  0 0 0 0 0  00000000
   7.618  1537 2116  57 1  0  0 0 0 0 0  00000000
   7.631  1537 2117  57 1  0  0 0 0 0 0  00000000
   7.643  1537 2118  56 1  0  0 0 0 0 0  00000000
   7.655  1535 2119  53 1  0  0 0 0 0 0  00000000
   7.667  1498 2138  47 1  0  0 0 0 0 0  00000000
   7.679  1416 2117  34 1  0  0 0 0 0 0  00000000
   7.692  1416 2117   0 0  0  0 0 0 0 0  00000000
   8.042  2062 3850  75 1  0  0 0 0 0 0  00000000
   8.052  2078 3834  71 1  0  0 0 0 0 0  00000000
   8.065  2078 3834  74 1  0  0 0 0 0 0  00000000
   8.090  2078 3832  72 1  0  0 0 0 0 0  00000000
   8.102  2078 3812  69 1  0  0 0 0 0 0  00000000
   8.115  2078 3812  64 1  0  0 0 0 0 0  00000000
   8.126  2078 3832  50 1  0  0 0 0 0 0  00000000
   8.139  2078 3832   0 0  0  0 0 0 0 0  00000000
   8.474  1728 2029  62 1  0  0 0 0 0 0  00000000
   8.486  1728 2027  61 1  0  0 0 0 0 0  00000000
   8.499  1728 2027  63 1  0  0 0 0 0 0  00000000
   8.511  1728 2034  65 1  0  0 0 0 0 0  00000000
   8.524  1732 2035  66 1  0  0 0 0 0 0  00000000
   8.537  1733 2036  66 1  0  0 0 0 0 0  00000000
   8.551  1733 2037  67 1  0  0 0 0 0 0  00000000
   8.561  1733 2037  66 1  0  0 0 0 0 0  00000000
   8.574  1733 2037  67 1  0  0 0 0 0 0  00000000
   8.585  1733 2037  66 1  0  0 0 0 0 0  00000000
   8.598  1733 2037  67 1  0  0 0 0 0 0  00000000
   8.612  1733 2037  66 1  0  0 0 0 0 0  00000000
   8.623  1733 2037  65 1  0  0 0 0 0 0  00000000
   8.648  1733 2037  66 1  0  0 0 0 0 0  00000000
   8.661  1733 2037  65 1  0  0 0 0 0 0  00000000
   8.672  1733 2037  64 1  0  0 0 0 0 0  00000000
   8.686  1733 2035  64 1  0  0 0 0 0 0  00000000
   8.711  1733 2033  64 1  0  0 0 0 0 0  00000000
   8.747  1733 2033  65 1  0  0 0 0 0 0  00000000
   8.760  1733 2033  64 1  0  0 0 0 0 0  00000000
   8.772  1734 2033  65 1  0  0 0 0 0 0  00000000
   8.785  1735 2033  65 1  0  0 0 0 0 0  00000000
   8.821  1735 2033  66 1  0  0 0 0 0 0  00000000
   8.834  1736 2033  66 1  0  0 0 0 0 0  00000000
   8.872  1737 2033  66 1  0  0 0 0 0 0  00000000
   8.884  1737 2033  67 1  0  0 0 0 0 0  00000000
   8.897  1737 2033  66 1  0  0 0 0 0 0  00000000
   8.946  1737 2033  64 1  0  0 0 0 0 0  00000000
   8.971  1737 2033  63 1  0  0 0 0 0 0  00000000
   8.983  1737 2028  61 1  0  0 0 0 0 0  00000000
   8.995  1738 2004  55 1  0  0 0 0 0 0  00000000
   9.008  1706 1970  42 1  0  0 0 0 0 0  00000000
   9.019  1706 1970   0 0  0  0 0 0 0 0  00000000
   9.480  1834 3322  54 1  0  0 0 0 0 0  00000000
   9.492  1803 3376  73 1  0  0 0 0 0 0  00000000
   9.504  1803 3377  75 1  0  0 0 0 0 0  00000000
   9.516  1803 3383  79 1  0  0 0 0 0 0  00000000
   9.529  1803 3389  82 1  0  0 0 0 0 0  00000000
   9.542  1803 3390  82 1  0  0 0 0 0 0  00000000
   9.553  1803 3391  83 1  0  0 0 0 0 0  00000000
   9.566  1803 3390  82 1  0  0 0 0 0 0  00000000
   9.579  1803 3354  77 1  0  0 0 0 0 0  00000000
   9.592  1760 3277  67 1  0  0 0 0 0 0  00000000
   9.605  1663 3200  44 1  0  0 0 0 0 0  00000000
   9.615  1663 3200   0 0  0  0 0 0 0 0  00000000
   9.938  1438 1642  38 1  0  0 0 0 0 0  00000000
   9.963  1438 1642  39 1  0  0 0 0 0 0  00000000
  10.024  1438 1641  39 1  0  0 0 0 0 0  00000000
  10.037  1436 1637  38 1  0  0 0 0 0 0  00000000
  10.051  1434 1596  37 1  0  0 0 0 0 0  00000000
  10.062  1428 1561  36 1  0  0 0 0 0 0  00000000
  10.075  1386 1557  34 1  0  0 0 0 0 0  00000000
  10.087  1335 1436  31 1  0  0 0 0 0 0  00000000
  10.099  1335 1436   0 0  0  0 0 0 0 0  00000000
  10.176  2172 3829  78 1  0  0 0 0 0 0  00000000
  10.186  2188 3809  76 1  0  0 0 0 0 0  00000000
  10.199  2189 3809  78 1  0  0 0 0 0 0  00000000
  10.212  2189 3807  80 1  0  0 0 0 0 0  00000000
  10.224  2190 3786  79 1  0  0 0 0 0 0  00000000
  10.236  2191 3770  80 1  0  0 0 0 0 0  00000000
  10.249  2196 3768  78 1  0  0 0 0 0 0  00000000
  10.262  2202 3745  77 1  0  0 0 0 0 0  00000000
  10.273  2203 3728  74 1  0  0 0 0 0 0  00000000
  10.285  2204 3726  72 1  0  0 0 0 0 0  00000000
  10.299  2204 3690  67 1  0  0 0 0 0 0  00000000
  10.314  2165 3651  59 1  0  0 0 0 0 0  00000000
  10.323  2163 3592  44 1  0  0 0 0 0 0  00000000
  10.335  2163 3592   0 0  0  0 0 0 0 0  00000000
  10.423  1819 1572  44 1  0  0 0 0 0 0  00000000
  10.435  1770 1630  48 1  0  0 0 0 0 0  00000000
  10.447  1790 1606  47 1  0  0 0 0 0 0  00000000
  10.459  1790 1635  49 1  0  0 0 0 0 0  00000000
  10.484  1790 1612  48 1  0  0 0 0 0 0  00000000
  10.497  1788 1612  48 1  0  0 0 0 0 0  00000000
  10.509  1787 1612  47 1  0  0 0 0 0 0  00000000
  10.521  1787 1588  46 1  0  0 0 0 0 0  00000000
  10.536  1782 1571  44 1  0  0 0 0 0 0  00000000
  10.548  1780 1569  44 1  0  0 0 0 0 0  00000000
  10.558  1778 1546  42 1  0  0 0 0 0 0  00000000
  10.571  1777 1546  41 1  0  0 0 0 0 0  00000000
  10.588  1777 1546  40 1  0  0 0 0 0 0  00000000
  10.596  1784 1546  39 1  0  0 0 0 0 0  00000000
  10.608  1790 1546  37 1  0  0 0 0 0 0  00000000
  10.622  1829 1459  36 1  0  0 0 0 0 0  00000000
  10.634  1830 1494  34 1  0  0 0 0 0 0  00000000
  10.646  1830 1494   0 0  0  0 0 0 0 0  00000000
  10.831  2851 4136  51 1  0  0 0 0 0 0  00000000
  10.844  2808 4165  64 1  0  0 0 0 0 0  00000000
  10.856  2808 4165  63 1  0  0 0 0 0 0  00000000
  10.868  2808 4165  65 1  0  0 0 0 0 0  00000000
  10.881  2808 4165  66 1  0  0 0 0 0 0  00000000
  10.894  2808 4165  65 1  0  0 0 0 0 0  00000000
  10.906  2808 4163  64 1  0  0 0 0 0 0  00000000
  10.920  2808 4161  62 1  0  0 0 0 0 0  00000000
  10.933  2788 4137  56 1  0  0 0 0 0 0  00000000
  10.943  2738 4090  44 1  0  0 0 0 0 0  00000000
  10.955  2738 4090   0 0  0  0 0 0 0 0  00000000
  11.278  2260 1833  58 1  0  0 0 0 0 0  00000000
  11.303  2260 1834  60 1  0  0 0 0 0 0  00000000
  11.316  2255 1857  62 1  0  0 0 0 0 0  00000000
  11.327  2249 1856  62 1  0  0 0 0 0 0  00000000
  11.340  2247 1855  60 1  0  0 0 0 0 0  00000000
  11.353  2247 1833  59 1  0  0 0 0 0 0  00000000
  11.365  2247 1809  56 1  0  0 0 0 0 0  00000000
  11.380  2247 1781  51 1  0  0 0 0 0 0  00000000
  11.390  2223 1728  42 1  0  0 0 0 0 0  00000000
  11.403  2223 1728   0 0  0  0 0 0 0 0  00000000
  11.725  3096 4069  43 1  0  0 0 0 0 0  00000000
  11.738  3062 4110  62 1  0  0 0 0 0 0  00000000
  11.750  3063 4110  62 1  0  0 0 0 0 0  00000000
  11.763  3067 4109  65 1  0  0 0 0 0 0  00000000
  11.774  3071 4089  66 1  0  0 0 0 0 0  00000000
  11.784  3072 4089  66 1  0  0 0 0 0 0  00000000
  11.799  3078 4069  67 1  0  0 0 0 0 0  00000000
  11.818  3083 4069  65 1  0  0 0 0 0 0  00000000
  11.826  3088 4068  62 1  0  0 0 0 0 0  00000000
  11.837  3110 4063  54 1  0  0 0 0 0 0  00000000
  11.849  3079 4040  38 1  0  0 0 0 0 0  00000000
  11.861  3079 4040   0 0  0  0 0 0 0 0  00000000
  12.197  2481 1527  37 1  0  0 0 0 0 0  00000000
  12.209  2440 1645  44 1  0  0 0 0 0 0  00000000
  12.221  2440 1646  47 1  0  0 0 0 0 0  00000000
  12.233  2438 1682  50 1  0  0 0 0 0 0  00000000
  12.247  2437 1682  51 1  0  0 0 0 0 0  00000000
  12.258  2437 1682  52 1  0  0 0 0 0 0  00000000
  12.284  2437 1700  53 1  0  0 0 0 0 0  00000000
  12.295  2437 1698  53 1  0  0 0 0 0 0  00000000
  12.308  2437 1692  53 1  0  0 0 0 0 0  00000000
  12.320  2437 1690  53 1  0  0 0 0 0 0  00000000
  12.345  2437 1686  52 1  0  0 0 0 0 0  00000000
  12.358  2437 1685  53 1  0  0 0 0 0 0  00000000
  12.371  2437 1681  52 1  0  0 0 0 0 0  00000000
  12.382  2437 1679  52 1  0  0 0 0 0 0  00000000
  12.410  2438 1677  52 1  0  0 0 0 0 0  00000000
  12.420  2438 1675  52 1  0  0 0 0 0 0  00000000
  12.433  2439 1675  52 1  0  0 0 0 0 0  00000000
  12.445  2443 1671  52 1  0  0 0 0 0 0  00000000
  12.457  2444 1671  52 1  0  0 0 0 0 0  00000000
  12.469  2445 1671  52 1  0  0 0 0 0 0  00000000
  12.507  2445 1671  53 1  0  0 0 0 0 0  00000000
  12.519  2445 1671  52 1  0  0 0 0 0 0  00000000
  12.531  2445 1671  53 1  0  0 0 0 0 0  00000000
  12.556  2445 1676  53 1  0  0 0 0 0 0  00000000
  12.568  2445 1677  53 1  0  0 0 0 0 0  00000000
  12.588  2445 1682  54 1  0  0 0 0 0 0  00000000
  12.606  2444 1683  53 1  0  0 0 0 0 0  00000000
  12.620  2443 1688  53 1  0  0 0 0 0 0  00000000
  12.631  2441 1693  54 1  0  0 0 0 0 0  00000000
  12.644  2441 1694  54 1  0  0 0 0 0 0  00000000
  12.654  2441 1695  54 1  0  0 0 0 0 0  00000000
  12.667  2440 1699  54 1  0  0 0 0 0 0  00000000
  12.681  2440 1704  54 1  0  0 0 0 0 0  00000000
  12.693  2436 1705  55 1  0  0 0 0 0 0  00000000
  12.705  2435 1706  54 1  0  0 0 0 0 0  00000000
  12.718  2433 1707  53 1  0  0 0 0 0 0  00000000
  12.730  2431 1708  53 1  0  0 0 0 0 0  00000000
  12.742  2431 1708  52 1  0  0 0 0 0 0  00000000
  12.768  2429 1681  49 1  0  0 0 0 0 0  00000000
  12.780  2422 1679  46 1  0  0 0 0 0 0  00000000
  12.793  2389 1677  38 1  0  0 0 0 0 0  00000000
  12.804  2389 1677   0 0  0  0 0 0 0 0  00000000
  13.139  3004 3897  64 1  0  0 0 0 0 0  00000000
  13.152  2971 3924  71 1  0  0 0 0 0 0  00000000
  13.164  2972 3925  73 1  0  0 0 0 0 0  00000000
  13.174  2973 3926  73 1  0  0 0 0 0 0  00000000
  13.190  2974 3926  76 1  0  0 0 0 0 0  00000000
  13.202  2974 3924  78 1  0  0 0 0 0 0  00000000
  13.212  2974 3922  78 1  0  0 0 0 0 0  00000000
  13.227  2975 3917  78 1  0  0 0 0 0 0  00000000
  13.239  2981 3887  76 1  0  0 0 0 0 0  00000000
  13.254  2987 3871  75 1  0  0 0 0 0 0  00000000
  13.264  2993 3853  74 1  0  0 0 0 0 0  00000000
  13.279  2994 3835  70 1  0  0 0 0 0 0  00000000
  13.289  2999 3833  68 1  0  0 0 0 0 0  00000000
  13.300  3004 3805  66 1  0  0 0 0 0 0  00000000
  13.314  3005 3805  62 1  0  0 0 0 0 0  00000000
  13.325  3011 3805  54 1  0  0 0 0 0 0  00000000
  13.338  3011 3805   0 0  0  0 0 0 0 0  00000000
  13.598  2767 1988  66 1  0  0 0 0 0 0  00000000
  13.610  2767 1986  62 1  0  0 0 0 0 0  00000000
  13.623  2767 1984  65 1  0  0 0 0 0 0  00000000
  13.636  2765 1991  67 1  0  0 0 0 0 0  00000000
  13.649  2760 1995  67 1  0  0 0 0 0 0  00000000
  13.660  2758 2000  67 1  0  0 0 0 0 0  00000000
  13.673  2756 2001  67 1  0  0 0 0 0 0  00000000
  13.684  2754 2002  67 1  0  0 0 0 0 0  00000000
  13.694  2753 2003  67 1  0  0 0 0 0 0  00000000
  13.710  2748 2004  66 1  0  0 0 0 0 0  00000000
  13.724  2747 2004  66 1  0  0 0 0 0 0  00000000
  13.735  2747 2004  65 1  0  0 0 0 0 0  00000000
  13.747  2747 2004  66 1  0  0 0 0 0 0  00000000
  13.760  2754 1999  65 1  0  0 0 0 0 0  00000000
  13.773  2754 1994  64 1  0  0 0 0 0 0  00000000
  13.784  2754 1959  59 1  0  0 0 0 0 0  00000000
  13.797  2780 1913  49 1  0  0 0 0 0 0  00000000
  13.810  2731 1911  35 1  0  0 0 0 0 0  00000000
  13.821  2731 1911   0 0  0  0 0 0 0 0  00000000
  13.851  3283 4168  70 1  0  0 0 0 0 0  00000000
  13.859  3302 4166  68 1  0  0 0 0 0 0  00000000
  13.871  3302 4164  71 1  0  0 0 0 0 0  00000000
  13.884  3302 4143  71 1  0  0 0 0 0 0  00000000
  13.896  3303 4143  72 1  0  0 0 0 0 0  00000000
  13.909  3304 4123  71 1  0  0 0 0 0 0  00000000
  13.922  3305 4123  70 1  0  0 0 0 0 0  00000000
  13.934  3306 4121  70 1  0  0 0 0 0 0  00000000
  13.947  3312 4114  68 1  0  0 0 0 0 0  00000000
  13.959  3313 4089  67 1  0  0 0 0 0 0  00000000
  13.971  3313 4089  65 1  0  0 0 0 0 0  00000000
  13.983  3314 4088  64 1  0  0 0 0 0 0  00000000
  13.996  3315 4067  62 1  0  0 0 0 0 0  00000000
  14.008  3320 4067  61 1  0  0 0 0 0 0  00000000
  14.021  3321 4065  58 1  0  0 0 0 0 0  00000000
  14.035  3326 4061  53 1  0  0 0 0 0 0  00000000
  14.046  3326 4083  38 1  0  0 0 0 0 0  00000000
  14.057  3326 4083   0 0  0  0 0 0 0 0  00000000
  14.083  2921 1635  38 1  0  0 0 0 0 0  00000000
  14.094  2842 1834  59 1  0  0 0 0 0 0  00000000
  14.113  2875 1812  56 1  0  0 0 0 0 0  00000000
  14.133  2856 1837  61 1  0  0 0 0 0 0  00000000
  14.145  2856 1837  62 1  0  0 0 0 0 0  00000000
  14.170  2856 1838  63 1  0  0 0 0 0 0  00000000
  14.183  2856 1839  63 1  0  0 0 0 0 0  00000000
  14.194  2856 1840  63 1  0  0 0 0 0 0  00000000
  14.208  2857 1841  63 1  0  0 0 0 0 0  00000000
  14.220  2858 1841  63 1  0  0 0 0 0 0  00000000
  14.232  2859 1839  63 1  0  0 0 0 0 0  00000000
  14.244  2860 1839  62 1  0  0 0 0 0 0  00000000
  14.257  2865 1837  63 1  0  0 0 0 0 0  00000000
  14.268  2866 1837  63 1  0  0 0 0 0 0  00000000
  14.281  2872 1835  62 1  0  0 0 0 0 0  00000000
  14.293  2905 1831  62 1  0  0 0 0 0 0  00000000
  14.305  2889 1829  62 1  0  0 0 0 0 0  00000000
  14.344  2893 1824  61 1  0  0 0 0 0 0  00000000
  14.355  2893 1824  62 1  0  0 0 0 0 0  00000000
  14.380  2893 1822  60 1  0  0 0 0 0 0  00000000
  14.393  2892 1820  61 1  0  0 0 0 0 0  00000000
  14.404  2890 1820  61 1  0  0 0 0 0 0  00000000
  14.418  2888 1820  61 1  0  0 0 0 0 0  00000000
  14.442  2888 1818  60 1  0  0 0 0 0 0  00000000
  14.455  2888 1818  62 1  0  0 0 0 0 0  00000000
  14.468  2886 1818  62 1  0  0 0 0 0 0  00000000
  14.479  2884 1818  61 1  0  0 0 0 0 0  00000000
  14.491  2883 1818  61 1  0  0 0 0 0 0  00000000
  14.529  2879 1818  62 1  0  0 0 0 0 0  00000000
  14.542  2878 1818  62 1  0  0 0 0 0 0  00000000
  14.578  2876 1819  62 1  0  0 0 0 0 0  00000000
  14.591  2876 1820  62 1  0  0 0 0 0 0  00000000
  14.603  2876 1824  63 1  0  0 0 0 0 0  00000000
  14.615  2876 1825  62 1  0  0 0 0 0 0  00000000
  14.690  2876 1825  63 1  0  0 0 0 0 0  00000000
  14.715  2877 1825  62 1  0  0 0 0 0 0  00000000
  14.728  2878 1825  63 1  0  0 0 0 0 0  00000000
  14.740  2879 1825  63 1  0  0 0 0 0 0  00000000
  14.753  2880 1825  63 1  0  0 0 0 0 0  00000000
  14.766  2881 1825  63 1  0  0 0 0 0 0  00000000
  14.791  2881 1825  62 1  0  0 0 0 0 0  00000000
  14.803  2881 1825  63 1  0  0 0 0 0 0  00000000
  14.840  2881 1824  63 1  0  0 0 0 0 0  00000000
  14.864  2881 1824  62 1  0  0 0 0 0 0  00000000
  14.876  2881 1824  63 1  0  0 0 0 0 0  00000000
  14.914  2881 1825  63 1  0  0 0 0 0 0  00000000
  14.926  2881 1826  64 1  0  0 0 0 0 0  00000000
  14.939  2881 1827  64 1  0  0 0 0 0 0  00000000
  14.951  2879 1833  64 1  0  0 0 0 0 0  00000000
  14.965  2874 1834  65 1  0  0 0 0 0 0  00000000
  14.976  2872 1839  64 1  0  0 0 0 0 0  00000000
  14.988  2872 1844  64 1  0  0 0 0 0 0  00000000
  15.001  2870 1845  65 1  0  0 0 0 0 0  00000000
  15.013  2870 1849  65 1  0  0 0 0 0 0  00000000
  15.026  2865 1854  64 1  0  0 0 0 0 0  00000000
  15.039  2863 1855  65 1  0  0 0 0 0 0  00000000
  15.050  2862 1856  65 1  0  0 0 0 0 0  00000000
  15.062  2861 1857  65 1  0  0 0 0 0 0  00000000
  15.075  2859 1857  66 1  0  0 0 0 0 0  00000000
  15.089  2838 1878  67 1  0  0 0 0 0 0  00000000
  15.112  2838 1879  67 1  0  0 0 0 0 0  00000000
  15.124  2838 1880  68 1  0  0 0 0 0 0  00000000
  15.138  2838 1880  67 1  0  0 0 0 0 0  00000000
  15.150  2838 1881  68 1  0  0 0 0 0 0  00000000
  15.162  2838 1881  67 1  0  0 0 0 0 0  00000000
  15.175  2838 1881  68 1  0  0 0 0 0 0  00000000
  15.187  2839 1881  68 1  0  0 0 0 0 0  00000000
  15.199  2839 1882  68 1  0  0 0 0 0 0  00000000
  15.212  2839 1883  69 1  0  0 0 0 0 0  00000000
  15.224  2839 1884  69 1  0  0 0 0 0 0  00000000
  15.236  2839 1885  68 1  0  0 0 0 0 0  00000000
  15.248  2839 1886  69 1  0  0 0 0 0 0  00000000
  15.261  2839 1887  69 1  0  0 0 0 0 0  00000000
  15.274  2839 1888  69 1  0  0 0 0 0 0  00000000
  15.286  2839 1889  68 1  0  0 0 0 0 0  00000000
  15.299  2839 1890  69 1  0  0 0 0 0 0  00000000
  15.311  2839 1891  69 1  0  0 0 0 0 0  00000000
  15.323  2839 1892  69 1  0  0 0 0 0 0  00000000
  15.335  2839 1892  68 1  0  0 0 0 0 0  00000000
  15.361  2839 1892  69 1  0  0 0 0 0 0  00000000
  15.373  2839 1890  68 1  0  0 0 0 0 0  00000000
  15.386  2843 1886  66 1  0  0 0 0 0 0  00000000
  15.397  2844 1881  67 1  0  0 0 0 0 0  00000000
  15.411  2844 1876  66 1  0  0 0 0 0 0  00000000
  15.422  2845 1870  66 1  0  0 0 0 0 0  00000000
  15.435  2876 1837  64 1  0  0 0 0 0 0  00000000
  15.448  2877 1820  63 1  0  0 0 0 0 0  00000000
  15.461  2921 1771  55 1  0  0 0 0 0 0  00000000
  15.472  2921 1689  41 1  0  0 0 0 0 0  00000000
  15.484  2921 1689   0 0  0  0 0 0 0 0  00000000
