time	 y	 z	 f	 w	 l	 r	 u	 d	 m	 multi
   0.000  4168 2655   0 0  0  0 0 0 0 0  00000000
 182.421  2903 2412  77 1  0  0 0 0 0 0  00000000
 182.441  2903 2430  77 1  0  0 0 0 0 0  00000000
 182.459  2839 2520  78 1  0  0 0 0 0 0  00000000
 182.470  2811 2556  77 1  0  0 0 0 0 0  00000000
 182.483  2788 2621  70 1  0  0 0 0 0 0  00000000
 182.496  2788 2653  46 1  0  0 0 0 0 0  00000000
 182.508  4259 2524  72 1  0  0 0 0 0 0  00000000
 182.534  4219 2524  81 1  0  0 0 0 0 0  00000000
 182.545  4217 2525  83 1  0  0 0 0 0 0  00000000
 182.558  4216 2526  83 1  0  0 0 0 0 0  00000000
 182.570  4216 2530  83 1  0  0 0 0 0 0  00000000
 182.585  4216 2531  84 1  0  0 0 0 0 0  00000000
 182.595  4216 2531  83 1  0  0 0 0 0 0  00000000
 182.609  4216 2531  82 1  0  0 0 0 0 0  00000000
 182.620  4217 2531  76 1  0  0 0 0 0 0  00000000
 182.632  4327 2560  51 1  0  0 0 0 0 0  00000000
 182.646  4327 2560   0 0  0  0 0 0 0 0  00000000
 182.657  2668 2421  80 1  0  0 0 0 0 0  00000000
 182.670  2668 2419  81 1  0  0 0 0 0 0  00000000
 182.682  2668 2414  83 1  0  0 0 0 0 0  00000000
 182.695  2668 2412  82 1  0  0 0 0 0 0  00000000
 182.708  2669 2410  80 1  0  0 0 0 0 0  00000000
 182.720  2669 2408  77 1  0  0 0 0 0 0  00000000
 182.732  2692 2433  70 1  0  0 0 0 0 0  00000000
 182.744  2692 2433   0 0  0  0 0 0 0 0  00000000
 182.757  4293 2495  77 1  0  0 0 0 0 0  00000000
 182.769  4265 2495  79 1  0  0 0 0 0 0  00000000
 182.782  4265 2495  80 1  0  0 0 0 0 0  00000000
 182.808  4265 2495  77 1  0  0 0 0 0 0  00000000
 182.819  4282 2526  72 1  0  0 0 0 0 0  00000000
 182.830  4333 2607  55 1  0  0 0 0 0 0  00000000
 182.842  4333 2607   0 0  0  0 0 0 0 0  00000000
 182.874  2808 2633  74 1  0  0 0 0 0 0  00000000
 182.880  2809 2631  75 1  0  0 0 0 0 0  00000000
 182.894  2815 2629  77 1  0  0 0 0 0 0  00000000
 182.906  2820 2629  77 1  0  0 0 0 0 0  00000000
 182.917  2821 2629  75 1  0  0 0 0 0 0  00000000
 182.930  2822 2628  71 1  0  0 0 0 0 0  00000000
 182.942  2822 2628  53 1  0  0 0 0 0 0  00000000
 182.953  2822 2628   0 0  0  0 0 0 0 0  00000000
 182.968  4330 2506  77 1  0  0 0 0 0 0  00000000
 182.979  4304 2506  83 1  0  0 0 0 0 0  00000000
 182.992  4305 2506  84 1  0  0 0 0 0 0  00000000
 183.006  4306 2506  83 1  0  0 0 0 0 0  00000000
 183.018  4307 2506  79 1  0  0 0 0 0 0  00000000
 183.030  4337 2559  76 1  0  0 0 0 0 0  00000000
 183.042  4380 2653  56 1  0  0 0 0 0 0  00000000
 183.053  4380 2653   0 0  0  0 0 0 0 0  00000000
 183.066  2932 2749  67 1  0  0 0 0 0 0  00000000
 183.079  2909 2749  71 1  0  0 0 0 0 0  00000000
 183.092  2905 2750  75 1  0  0 0 0 0 0  00000000
 183.104  2904 2751  75 1  0  0 0 0 0 0  00000000
 183.117  2900 2751  75 1  0  0 0 0 0 0  00000000
 183.128  2898 2751  73 1  0  0 0 0 0 0  00000000
 183.145  2898 2751  67 1  0  0 0 0 0 0  00000000
 183.155  2898 2755  48 1  0  0 0 0 0 0  00000000
 183.166  4255 2528  81 1  0  0 0 0 0 0  00000000
 183.179  4256 2504  79 1  0  0 0 0 0 0  00000000
 183.191  4260 2505  80 1  0  0 0 0 0 0  00000000
 183.204  4261 2505  79 1  0  0 0 0 0 0  00000000
 183.215  4266 2506  76 1  0  0 0 0 0 0  00000000
 183.229  4318 2558  72 1  0  0 0 0 0 0  00000000
 183.241  4396 2613  53 1  0  0 0 0 0 0  00000000
 183.266  2952 2701  72 1  0  0 0 0 0 0  00000000
 183.287  2952 2701  76 1  0  0 0 0 0 0  00000000
 183.290  2952 2699  76 1  0  0 0 0 0 0  00000000
 183.311  2950 2697  75 1  0  0 0 0 0 0  00000000
 183.316  2949 2691  74 1  0  0 0 0 0 0  00000000
 183.331  2947 2686  72 1  0  0 0 0 0 0  00000000
 183.354  2913 2615  44 2  0  0 0 0 0 0  00000000
 183.365  4398 2473  79 1  0  0 0 0 0 0  00000000
 183.377  4398 2474  80 1  0  0 0 0 0 0  00000000
 183.402  4398 2474  78 1  0  0 0 0 0 0  00000000
 183.413  4399 2474  76 1  0  0 0 0 0 0  00000000
 183.426  4404 2474  72 1  0  0 0 0 0 0  00000000
 183.438  4465 2503  58 1  0  0 0 0 0 0  00000000
 183.450  4465 2503   0 0  0  0 0 0 0 0  00000000
 183.464  3001 2621  69 1  0  0 0 0 0 0  00000000
 183.477  2976 2622  72 1  0  0 0 0 0 0  00000000
 183.488  2976 2626  74 1  0  0 0 0 0 0  00000000
 183.502  2976 2627  76 1  0  0 0 0 0 0  00000000
 183.514  2976 2628  74 1  0  0 0 0 0 0  00000000
 183.526  2974 2632  71 1  0  0 0 0 0 0  00000000
 183.539  2972 2633  63 1  0  0 0 0 0 0  00000000
 183.552  2972 2633   0 0  0  0 0 0 0 0  00000000
 183.564  4336 2413  82 1  0  0 0 0 0 0  00000000
 183.579  4336 2411  81 1  0  0 0 0 0 0  00000000
 183.587  4336 2411  83 1  0  0 0 0 0 0  00000000
 183.608  4336 2411  82 1  0  0 0 0 0 0  00000000
 183.624  4337 2434  76 1  0  0 0 0 0 0  00000000
 183.638  4415 2468  61 1  0  0 0 0 0 0  00000000
 183.649  4415 2468   0 0  0  0 0 0 0 0  00000000
 183.662  3020 2645  62 1  0  0 0 0 0 0  00000000
 183.676  2977 2663  72 1  0  0 0 0 0 0  00000000
 183.687  2977 2663  74 1  0  0 0 0 0 0  00000000
 183.712  2977 2663  73 1  0  0 0 0 0 0  00000000
 183.725  2976 2662  67 1  0  0 0 0 0 0  00000000
 183.736  2952 2662  41 1  0  0 0 0 0 0  00000000
 183.749  2952 2662   0 0  0  0 0 0 0 0  00000000
 183.762  4398 2414  78 1  0  0 0 0 0 0  00000000
 183.786  4398 2413  79 1  0  0 0 0 0 0  00000000
 183.798  4398 2411  77 1  0  0 0 0 0 0  00000000
 183.810  4394 2411  71 1  0  0 0 0 0 0  00000000
 183.823  4400 2448  45 1  0  0 0 0 0 0  00000000
 183.835  4400 2448   0 0  0  0 0 0 0 0  00000000
 183.861  3005 2627  71 1  0  0 0 0 0 0  00000000
 183.897  3003 2627  69 1  0  0 0 0 0 0  00000000
 183.910  3001 2627  60 1  0  0 0 0 0 0  00000000
 183.922  3001 2627   0 0  0  0 0 0 0 0  00000000
 183.948  4441 2467  81 1  0  0 0 0 0 0  00000000
 183.964  4442 2443  78 1  0  0 0 0 0 0  00000000
 183.976  4442 2464  80 1  0  0 0 0 0 0  00000000
 183.985  4442 2462  74 1  0  0 0 0 0 0  00000000
 183.997  4449 2462  57 1  0  0 0 0 0 0  00000000
 184.008  4449 2462   0 0  0  0 0 0 0 0  00000000
 184.048  3136 2781  72 1  0  0 0 0 0 0  00000000
 184.059  3136 2779  70 1  0  0 0 0 0 0  00000000
 184.071  3136 2775  70 1  0  0 0 0 0 0  00000000
 184.084  3136 2773  65 1  0  0 0 0 0 0  00000000
 184.096  3136 2773   0 0  0  0 0 0 0 0  00000000
 184.109  4537 2299  35 1  0  0 0 0 0 0  00000000
 184.121  4423 2432  77 1  0  0 0 0 0 0  00000000
 184.134  4423 2430  75 1  0  0 0 0 0 0  00000000
 184.147  4423 2430  76 1  0  0 0 0 0 0  00000000
 184.159  4423 2430  69 1  0  0 0 0 0 0  00000000
 184.170  4423 2430  43 1  0  0 0 0 0 0  00000000
 184.183  4423 2430   0 0  0  0 0 0 0 0  00000000
 184.234  3147 2680  44 1  0  0 0 0 0 0  00000000
 184.244  3147 2680   0 0  0  0 0 0 0 0  00000000
 184.258  4652 2345  46 1  0  0 0 0 0 0  00000000
 184.270  4542 2470  87 1  0  0 0 0 0 0  00000000
 184.283  4543 2468  88 1  0  0 0 0 0 0  00000000
 184.295  4544 2463  86 1  0  0 0 0 0 0  00000000
 184.307  4545 2441  84 1  0  0 0 0 0 0  00000000
 184.320  4546 2439  79 1  0  0 0 0 0 0  00000000
 184.332  4550 2437  67 1  0  0 0 0 0 0  00000000
 184.347  4555 2431  39 1  0  0 0 0 0 0  00000000
 184.355  4555 2431   0 0  0  0 0 0 0 0  00000000
 184.369  3160 2709  66 1  0  0 0 0 0 0  00000000
 184.382  3140 2708  72 1  0  0 0 0 0 0  00000000
 184.394  3139 2707  73 1  0  0 0 0 0 0  00000000
 184.407  3139 2687  72 1  0  0 0 0 0 0  00000000
 184.431  3105 2647  59 1  0  0 0 0 0 0  00000000
 184.449  3105 2647   0 0  0  0 0 0 0 0  00000000
 184.470  4348 2125  56 1  0  0 0 0 0 0  00000000
 184.481  4293 2199  76 1  0  0 0 0 0 0  00000000
 184.494  4293 2197  75 1  0  0 0 0 0 0  00000000
 184.506  4293 2191  75 1  0  0 0 0 0 0  00000000
 184.519  4293 2163  71 1  0  0 0 0 0 0  00000000
 184.531  4355 2184  59 1  0  0 0 0 0 0  00000000
 184.543  4355 2184   0 0  0  0 0 0 0 0  00000000
 184.556  3065 2599  74 1  0  0 0 0 0 0  00000000
 184.567  3065 2579  73 1  0  0 0 0 0 0  00000000
 184.580  3065 2579  74 1  0  0 0 0 0 0  00000000
 184.592  3065 2580  74 1  0  0 0 0 0 0  00000000
 184.605  3063 2607  72 1  0  0 0 0 0 0  00000000
 184.620  3061 2642  70 1  0  0 0 0 0 0  00000000
 184.630  3061 2675  64 1  0  0 0 0 0 0  00000000
 184.642  3061 2675   0 0  0  0 0 0 0 0  00000000
 184.667  4448 2345  71 1  0  0 0 0 0 0  00000000
 184.680  4446 2366  76 1  0  0 0 0 0 0  00000000
 184.692  4444 2366  77 1  0  0 0 0 0 0  00000000
 184.704  4442 2350  76 1  0  0 0 0 0 0  00000000
 184.717  4441 2387  74 1  0  0 0 0 0 0  00000000
 184.729  4476 2417  70 1  0  0 0 0 0 0  00000000
 184.741  4544 2477  52 1  0  0 0 0 0 0  00000000
 184.754  4544 2477   0 0  0  0 0 0 0 0  00000000
 184.766  3233 2883  69 1  0  0 0 0 0 0  00000000
 184.780  3233 2881  69 1  0  0 0 0 0 0  00000000
 184.791  3232 2876  69 1  0  0 0 0 0 0  00000000
 184.804  3231 2874  68 1  0  0 0 0 0 0  00000000
 184.815  3231 2880  67 1  0  0 0 0 0 0  00000000
 184.829  3231 2908  64 1  0  0 0 0 0 0  00000000
 184.842  3231 2934  54 1  0  0 0 0 0 0  00000000
 184.854  3231 2934   0 0  0  0 0 0 0 0  00000000
 184.879  4590 2654  85 1  0  0 0 0 0 0  00000000
 184.890  4588 2620  83 1  0  0 0 0 0 0  00000000
 184.915  4588 2620  81 1  0  0 0 0 0 0  00000000
 184.927  4588 2640  79 1  0  0 0 0 0 0  00000000
 184.942  4613 2683  74 1  0  0 0 0 0 0  00000000
 184.952  4670 2722  49 1  0  0 0 0 0 0  00000000
 184.964  4670 2722   0 0  0  0 0 0 0 0  00000000
