time	 y	 z	 f	 w	 l	 r	 u	 d	 m	 multi
   0.000  3670 2884   0 0  0  0 0 0 0 0  00000000
   0.555  3203 2864  39 1  0  0 0 0 0 0  00000000
   0.575  3132 2862  79 1  0  0 0 0 0 0  00000000
   0.593  3113 2835  84 1  0  0 0 0 0 0  00000000
   0.606  3113 2835  85 1  0  0 0 0 0 0  00000000
   0.618  3113 2835  84 1  0  0 0 0 0 0  00000000
   0.644  3113 2835  82 1  0  0 0 0 0 0  00000000
   0.655  3113 2833  82 1  0  0 0 0 0 0  00000000
   0.669  3114 2832  80 1  0  0 0 0 0 0  00000000
   0.680  3115 2832  79 1  0  0 0 0 0 0  00000000
   0.692  3120 2857  77 1  0  0 0 0 0 0  00000000
   0.702  3121 2857  77 1  0  0 0 0 0 0  00000000
   0.718  3127 2874  78 1  0  0 0 0 0 0  00000000
   0.729  3131 2874  78 1  0  0 0 0 0 0  00000000
   0.745  3132 2875  80 1  0  0 0 0 0 0  00000000
   0.756  3133 2879  81 1  0  0 0 0 0 0  00000000
   0.768  3134 2880  81 1  0  0 0 0 0 0  00000000
   0.779  3134 2881  82 1  0  0 0 0 0 0  00000000
   0.792  3134 2885  83 1  0  0 0 0 0 0  00000000
   0.804  3134 2886  83 1  0  0 0 0 0 0  00000000
   0.854  3134 2887  83 1  0  0 0 0 0 0  00000000
   0.891  3134 2887  82 1  0  0 0 0 0 0  00000000
   0.903  3134 2887  83 1  0  0 0 0 0 0  00000000
   0.940  3134 2888  83 1  0  0 0 0 0 0  00000000
   0.966  3134 2892  83 1  0  0 0 0 0 0  00000000
   0.978  3134 2893  83 1  0  0 0 0 0 0  00000000
   0.990  3134 2897  83 1  0  0 0 0 0 0  00000000
   1.003  3134 2901  84 1  0  0 0 0 0 0  00000000
   1.016  3134 2902  84 1  0  0 0 0 0 0  00000000
   1.028  3134 2903  83 1  0  0 0 0 0 0  00000000
   1.039  3134 2904  83 1  0  0 0 0 0 0  00000000
   1.089  3134 2904  82 1  0  0 0 0 0 0  00000000
   1.102  3134 2904  81 1  0  0 0 0 0 0  00000000
   1.114  3134 2904  80 1  0  0 0 0 0 0  00000000
   1.126  3134 2904  72 1  0  0 0 0 0 0  00000000
   1.138  3135 2932  55 1  0  0 0 0 0 0  00000000
   1.150  3135 2932   0 0  0  0 0 0 0 0  00000000
   1.511  3783 2596  75 1  0  0 0 0 0 0  00000000
   1.524  3800 2517  71 1  0  0 0 0 0 0  00000000
   1.536  3800 2476  74 1  0  0 0 0 0 0  00000000
   1.550  3800 2474  74 1  0  0 0 0 0 0  00000000
   1.561  3800 2474  75 1  0  0 0 0 0 0  00000000
   1.598  3800 2496  74 1  0  0 0 0 0 0  00000000
   1.624  3800 2497  74 1  0  0 0 0 0 0  00000000
   1.636  3800 2498  73 1  0  0 0 0 0 0  00000000
   1.648  3800 2498  74 1  0  0 0 0 0 0  00000000
   1.660  3800 2499  73 1  0  0 0 0 0 0  00000000
   1.673  3800 2503  74 1  0  0 0 0 0 0  00000000
   1.685  3800 2504  74 1  0  0 0 0 0 0  00000000
   1.710  3800 2504  75 1  0  0 0 0 0 0  00000000
   1.723  3800 2503  76 1  0  0 0 0 0 0  00000000
   1.735  3800 2503  75 1  0  0 0 0 0 0  00000000
   1.746  3800 2502  75 1  0  0 0 0 0 0  00000000
   1.759  3800 2500  75 1  0  0 0 0 0 0  00000000
   1.772  3800 2498  75 1  0  0 0 0 0 0  00000000
   1.784  3799 2496  76 1  0  0 0 0 0 0  00000000
   1.797  3799 2496  75 1  0  0 0 0 0 0  00000000
   1.810  3799 2496  76 1  0  0 0 0 0 0  00000000
   1.822  3799 2496  75 1  0  0 0 0 0 0  00000000
   1.834  3799 2496  76 1  0  0 0 0 0 0  00000000
   1.860  3799 2496  75 1  0  0 0 0 0 0  00000000
   1.908  3797 2496  76 1  0  0 0 0 0 0  00000000
   1.933  3797 2496  75 1  0  0 0 0 0 0  00000000
   1.946  3797 2496  76 1  0  0 0 0 0 0  00000000
   1.983  3797 2496  75 1  0  0 0 0 0 0  00000000
   2.008  3797 2496  74 1  0  0 0 0 0 0  00000000
   2.021  3797 2496  73 1  0  0 0 0 0 0  00000000
   2.033  3797 2472  64 1  0  0 0 0 0 0  00000000
   2.045  3797 2449  43 1  0  0 0 0 0 0  00000000
   2.057  3797 2449   0 0  0  0 0 0 0 0  00000000
   2.505  2735 3540  79 1  0  0 0 0 0 0  00000000
   2.516  2731 3489  77 1  0  0 0 0 0 0  00000000
   2.529  2729 3489  81 1  0  0 0 0 0 0  00000000
   2.540  2728 3490  82 1  0  0 0 0 0 0  00000000
   2.554  2726 3490  83 1  0  0 0 0 0 0  00000000
   2.566  2726 3490  82 1  0  0 0 0 0 0  00000000
   2.578  2726 3491  82 1  0  0 0 0 0 0  00000000
   2.590  2726 3492  82 1  0  0 0 0 0 0  00000000
   2.604  2726 3497  82 1  0  0 0 0 0 0  00000000
   2.615  2726 3502  80 1  0  0 0 0 0 0  00000000
   2.628  2726 3503  81 1  0  0 0 0 0 0  00000000
   2.640  2726 3504  80 1  0  0 0 0 0 0  00000000
   2.653  2726 3505  80 1  0  0 0 0 0 0  00000000
   2.678  2726 3505  81 1  0  0 0 0 0 0  00000000
   2.690  2726 3505  82 1  0  0 0 0 0 0  00000000
   2.715  2726 3504  82 1  0  0 0 0 0 0  00000000
   2.728  2725 3502  82 1  0  0 0 0 0 0  00000000
   2.739  2725 3500  82 1  0  0 0 0 0 0  00000000
   2.753  2724 3498  82 1  0  0 0 0 0 0  00000000
   2.765  2724 3492  82 1  0  0 0 0 0 0  00000000
   2.776  2724 3490  81 1  0  0 0 0 0 0  00000000
   2.789  2724 3488  82 1  0  0 0 0 0 0  00000000
   2.802  2722 3484  82 1  0  0 0 0 0 0  00000000
   2.815  2720 3483  82 1  0  0 0 0 0 0  00000000
   2.826  2720 3483  81 1  0  0 0 0 0 0  00000000
   2.852  2720 3483  82 1  0  0 0 0 0 0  00000000
   2.877  2718 3483  82 1  0  0 0 0 0 0  00000000
   2.900  2718 3483  81 1  0  0 0 0 0 0  00000000
   2.926  2718 3483  82 1  0  0 0 0 0 0  00000000
   2.963  2718 3483  81 1  0  0 0 0 0 0  00000000
   2.975  2716 3483  83 1  0  0 0 0 0 0  00000000
   2.988  2716 3483  82 1  0  0 0 0 0 0  00000000
   3.013  2716 3481  82 1  0  0 0 0 0 0  00000000
   3.038  2716 3479  82 1  0  0 0 0 0 0  00000000
   3.051  2716 3478  82 1  0  0 0 0 0 0  00000000
   3.061  2716 3478  81 1  0  0 0 0 0 0  00000000
   3.075  2716 3478  82 1  0  0 0 0 0 0  00000000
   3.088  2716 3478  81 1  0  0 0 0 0 0  00000000
   3.099  2716 3478  82 1  0  0 0 0 0 0  00000000
   3.113  2715 3476  81 1  0  0 0 0 0 0  00000000
   3.125  2715 3475  82 1  0  0 0 0 0 0  00000000
   3.138  2715 3473  82 1  0  0 0 0 0 0  00000000
   3.161  2714 3473  82 1  0  0 0 0 0 0  00000000
   3.198  2713 3473  82 1  0  0 0 0 0 0  00000000
   3.211  2711 3473  83 1  0  0 0 0 0 0  00000000
   3.223  2711 3473  82 1  0  0 0 0 0 0  00000000
   3.286  2711 3473  81 1  0  0 0 0 0 0  00000000
   3.298  2711 3473  80 1  0  0 0 0 0 0  00000000
   3.311  2712 3471  77 1  0  0 0 0 0 0  00000000
   3.324  2716 3465  68 1  0  0 0 0 0 0  00000000
   3.336  2762 3465  44 1  0  0 0 0 0 0  00000000
   3.347  2762 3465   0 0  0  0 0 0 0 0  00000000
   3.968  3460 2721  78 1  0  0 0 0 0 0  00000000
   3.980  3459 2681  73 1  0  0 0 0 0 0  00000000
   3.993  3459 2681  76 1  0  0 0 0 0 0  00000000
   4.043  3459 2681  74 1  0  0 0 0 0 0  00000000
   4.056  3463 2714  73 1  0  0 0 0 0 0  00000000
   4.067  3491 2715  71 1  0  0 0 0 0 0  00000000
   4.079  3492 2719  67 1  0  0 0 0 0 0  00000000
   4.088  3493 2720  67 1  0  0 0 0 0 0  00000000
   4.098  3537 2721  56 1  0  0 0 0 0 0  00000000
   4.108  3537 2721   0 0  0  0 0 0 0 0  00000000
   4.204  2424 3845  67 1  0  0 0 0 0 0  00000000
   4.215  2359 3772  78 1  0  0 0 0 0 0  00000000
   4.228  2360 3772  79 1  0  0 0 0 0 0  00000000
   4.241  2360 3772  80 1  0  0 0 0 0 0  00000000
   4.253  2360 3772  81 1  0  0 0 0 0 0  00000000
   4.266  2360 3772  78 1  0  0 0 0 0 0  00000000
   4.279  2360 3772  76 1  0  0 0 0 0 0  00000000
   4.290  2378 3790  74 1  0  0 0 0 0 0  00000000
   4.303  2409 3791  70 1  0  0 0 0 0 0  00000000
   4.316  2441 3811  63 1  0  0 0 0 0 0  00000000
   4.328  2497 3812  41 1  0  0 0 0 0 0  00000000
   4.339  2497 3812   0 0  0  0 0 0 0 0  00000000
   4.489  3523 2972  72 1  0  0 0 0 0 0  00000000
   4.501  3523 2952  66 1  0  0 0 0 0 0  00000000
   4.514  3523 2952  70 1  0  0 0 0 0 0  00000000
   4.526  3522 2950  71 1  0  0 0 0 0 0  00000000
   4.538  3520 2948  71 1  0  0 0 0 0 0  00000000
   4.577  3520 2947  71 1  0  0 0 0 0 0  00000000
   4.589  3520 2947  70 1  0  0 0 0 0 0  00000000
   4.601  3520 2947  71 1  0  0 0 0 0 0  00000000
   4.614  3520 2947  70 1  0  0 0 0 0 0  00000000
   4.676  3520 2947  69 1  0  0 0 0 0 0  00000000
   4.687  3520 2947  70 1  0  0 0 0 0 0  00000000
   4.700  3520 2945  70 1  0  0 0 0 0 0  00000000
   4.713  3520 2945  69 1  0  0 0 0 0 0  00000000
   4.725  3521 2941  67 1  0  0 0 0 0 0  00000000
   4.737  3555 2939  61 1  0  0 0 0 0 0  00000000
   4.749  3578 2934  42 1  0  0 0 0 0 0  00000000
   4.760  3578 2934   0 0  0  0 0 0 0 0  00000000
   4.997  2350 3906  76 1  0  0 0 0 0 0  00000000
   5.009  2348 3904  76 1  0  0 0 0 0 0  00000000
   5.023  2346 3885  76 1  0  0 0 0 0 0  00000000
   5.047  2346 3885  74 1  0  0 0 0 0 0  00000000
   5.060  2346 3908  72 1  0  0 0 0 0 0  00000000
   5.073  2372 3933  69 1  0  0 0 0 0 0  00000000
   5.085  2399 3956  63 1  0  0 0 0 0 0  00000000
   5.096  2423 3956  43 1  0  0 0 0 0 0  00000000
   5.108  2423 3956   0 0  0  0 0 0 0 0  00000000
   5.222  3625 2939  65 1  0  0 0 0 0 0  00000000
   5.234  3563 2900  70 1  0  0 0 0 0 0  00000000
   5.246  3563 2900  72 1  0  0 0 0 0 0  00000000
   5.270  3563 2900  73 1  0  0 0 0 0 0  00000000
   5.283  3564 2904  72 1  0  0 0 0 0 0  00000000
   5.295  3568 2908  72 1  0  0 0 0 0 0  00000000
   5.308  3569 2912  70 1  0  0 0 0 0 0  00000000
   5.321  3589 2918  69 1  0  0 0 0 0 0  00000000
   5.333  3622 2923  64 1  0  0 0 0 0 0  00000000
   5.346  3684 2905  43 1  0  0 0 0 0 0  00000000
   5.356  3684 2905   0 0  0  0 0 0 0 0  00000000
   5.495  2395 3840  78 1  0  0 0 0 0 0  00000000
   5.506  2394 3824  78 1  0  0 0 0 0 0  00000000
   5.531  2394 3824  79 1  0  0 0 0 0 0  00000000
   5.551  2393 3822  79 1  0  0 0 0 0 0  00000000
   5.568  2389 3820  78 1  0  0 0 0 0 0  00000000
   5.581  2388 3818  79 1  0  0 0 0 0 0  00000000
   5.594  2388 3818  77 1  0  0 0 0 0 0  00000000
   5.644  2388 3818  78 1  0  0 0 0 0 0  00000000
   5.743  2388 3818  76 1  0  0 0 0 0 0  00000000
   5.755  2388 3818  74 1  0  0 0 0 0 0  00000000
   5.768  2388 3818  69 1  0  0 0 0 0 0  00000000
   5.779  2388 3818  59 1  0  0 0 0 0 0  00000000
   5.803  2388 3818   0 0  0  0 0 0 0 0  00000000
   6.003  3521 3155  64 1  0  0 0 0 0 0  00000000
   6.015  3454 3106  67 1  0  0 0 0 0 0  00000000
   6.027  3475 3106  71 1  0  0 0 0 0 0  00000000
   6.039  3471 3089  69 1  0  0 0 0 0 0  00000000
   6.052  3471 3105  71 1  0  0 0 0 0 0  00000000
   6.077  3452 3104  69 1  0  0 0 0 0 0  00000000
   6.089  3452 3102  69 1  0  0 0 0 0 0  00000000
   6.102  3453 3101  68 1  0  0 0 0 0 0  00000000
   6.115  3454 3099  68 1  0  0 0 0 0 0  00000000
   6.126  3488 3069  63 1  0  0 0 0 0 0  00000000
   6.140  3545 3019  61 1  0  0 0 0 0 0  00000000
   6.151  3597 2951  55 1  0  0 0 0 0 0  00000000
   6.164  3659 2900  43 1  0  0 0 0 0 0  00000000
   6.175  3659 2900   0 0  0  0 0 0 0 0  00000000
   6.226  2229 4135  65 1  0  0 0 0 0 0  00000000
   6.237  2227 4135  65 1  0  0 0 0 0 0  00000000
   6.251  2223 4135  66 1  0  0 0 0 0 0  00000000
   6.264  2221 4133  66 1  0  0 0 0 0 0  00000000
   6.275  2221 4131  65 1  0  0 0 0 0 0  00000000
   6.288  2221 4131  64 1  0  0 0 0 0 0  00000000
   6.301  2221 4151  62 1  0  0 0 0 0 0  00000000
   6.313  2259 4172  62 1  0  0 0 0 0 0  00000000
   6.325  2286 4190  60 1  0  0 0 0 0 0  00000000
   6.337  2316 4209  58 1  0  0 0 0 0 0  00000000
   6.351  2376 4209  54 1  0  0 0 0 0 0  00000000
   6.362  2442 4207  43 1  0  0 0 0 0 0  00000000
   6.374  2442 4207   0 0  0  0 0 0 0 0  00000000
   6.498  3636 2829  72 1  0  0 0 0 0 0  00000000
   6.511  3637 2829  71 1  0  0 0 0 0 0  00000000
   6.523  3637 2829  72 1  0  0 0 0 0 0  00000000
   6.536  3637 2829  73 1  0  0 0 0 0 0  00000000
   6.549  3638 2827  73 1  0  0 0 0 0 0  00000000
   6.586  3639 2827  72 1  0  0 0 0 0 0  00000000
   6.611  3639 2827  71 1  0  0 0 0 0 0  00000000
   6.636  3639 2827  72 1  0  0 0 0 0 0  00000000
   6.685  3640 2827  72 1  0  0 0 0 0 0  00000000
   6.723  3641 2825  72 1  0  0 0 0 0 0  00000000
   6.735  3641 2823  72 1  0  0 0 0 0 0  00000000
   6.749  3642 2823  72 1  0  0 0 0 0 0  00000000
   6.772  3642 2823  71 1  0  0 0 0 0 0  00000000
   6.785  3643 2823  72 1  0  0 0 0 0 0  00000000
   6.797  3644 2823  71 1  0  0 0 0 0 0  00000000
   6.809  3648 2822  70 1  0  0 0 0 0 0  00000000
   6.822  3649 2818  69 1  0  0 0 0 0 0  00000000
   6.834  3654 2792  66 1  0  0 0 0 0 0  00000000
   6.846  3697 2775  56 1  0  0 0 0 0 0  00000000
   6.858  3697 2775   0 0  0  0 0 0 0 0  00000000
   7.008  2230 3870  76 1  0  0 0 0 0 0  00000000
   7.021  2230 3851  73 1  0  0 0 0 0 0  00000000
   7.033  2225 3851  76 1  0  0 0 0 0 0  00000000
   7.044  2223 3849  77 1  0  0 0 0 0 0  00000000
   7.057  2223 3844  78 1  0  0 0 0 0 0  00000000
   7.071  2221 3842  78 1  0  0 0 0 0 0  00000000
   7.081  2221 3841  78 1  0  0 0 0 0 0  00000000
   7.094  2221 3841  77 1  0  0 0 0 0 0  00000000
   7.106  2220 3840  77 1  0  0 0 0 0 0  00000000
   7.119  2220 3840  78 1  0  0 0 0 0 0  00000000
   7.131  2220 3840  77 1  0  0 0 0 0 0  00000000
   7.144  2220 3840  78 1  0  0 0 0 0 0  00000000
   7.157  2218 3840  78 1  0  0 0 0 0 0  00000000
   7.169  2216 3840  79 1  0  0 0 0 0 0  00000000
   7.193  2210 3835  79 1  0  0 0 0 0 0  00000000
   7.204  2208 3833  79 1  0  0 0 0 0 0  00000000
   7.213  2206 3831  80 1  0  0 0 0 0 0  00000000
   7.231  2206 3826  80 1  0  0 0 0 0 0  00000000
   7.243  2206 3825  79 1  0  0 0 0 0 0  00000000
   7.255  2206 3825  80 1  0  0 0 0 0 0  00000000
   7.293  2206 3824  80 1  0  0 0 0 0 0  00000000
   7.343  2206 3824  79 1  0  0 0 0 0 0  00000000
   7.355  2206 3824  80 1  0  0 0 0 0 0  00000000
   7.454  2206 3825  81 1  0  0 0 0 0 0  00000000
   7.467  2206 3826  80 1  0  0 0 0 0 0  00000000
   7.479  2206 3827  80 1  0  0 0 0 0 0  00000000
   7.492  2206 3828  80 1  0  0 0 0 0 0  00000000
   7.505  2206 3829  80 1  0  0 0 0 0 0  00000000
   7.516  2206 3833  79 1  0  0 0 0 0 0  00000000
   7.529  2206 3834  77 1  0  0 0 0 0 0  00000000
   7.542  2207 3838  71 1  0  0 0 0 0 0  00000000
   7.553  2212 3859  62 1  0  0 0 0 0 0  00000000
   7.566  2212 3859   0 0  0  0 0 0 0 0  00000000
