time	 y	 z	 f	 w	 l	 r	 u	 d	 m	 multi
   0.000  2587 3764   0 0  0  0 0 0 0 0  00000000
   1.151  2931 2900  76 1  0  0 0 0 0 0  00000000
   1.177  2931 2900  81 1  0  0 0 0 0 0  00000000
   1.188  2931 2901  81 1  0  0 0 0 0 0  00000000
   1.201  2931 2905  80 1  0  0 0 0 0 0  00000000
   1.213  2931 2906  80 1  0  0 0 0 0 0  00000000
   1.226  2932 2937  79 1  0  0 0 0 0 0  00000000
   1.239  2951 2938  79 1  0  0 0 0 0 0  00000000
   1.251  2951 2966  78 1  0  0 0 0 0 0  00000000
   1.264  2951 2966  79 1  0  0 0 0 0 0  00000000
   1.278  2952 2966  79 1  0  0 0 0 0 0  00000000
   1.289  2952 2966  80 1  0  0 0 0 0 0  00000000
   1.302  2952 2970  80 1  0  0 0 0 0 0  00000000
   1.314  2952 2971  82 1  0  0 0 0 0 0  00000000
   1.326  2952 2971  80 1  0  0 0 0 0 0  00000000
   1.338  2952 2967  81 1  0  0 0 0 0 0  00000000
   1.350  2952 2962  81 1  0  0 0 0 0 0  00000000
   1.364  2952 2960  81 1  0  0 0 0 0 0  00000000
   1.388  2952 2959  82 1  0  0 0 0 0 0  00000000
   1.400  2952 2959  81 1  0  0 0 0 0 0  00000000
   1.438  2952 2959  82 1  0  0 0 0 0 0  00000000
   1.449  2952 2959  80 1  0  0 0 0 0 0  00000000
   1.499  2952 2960  80 1  0  0 0 0 0 0  00000000
   1.511  2952 2961  81 1  0  0 0 0 0 0  00000000
   1.524  2952 2962  80 1  0  0 0 0 0 0  00000000
   1.536  2952 2963  81 1  0  0 0 0 0 0  00000000
   1.549  2952 2964  80 1  0  0 0 0 0 0  00000000
   1.561  2952 2965  80 1  0  0 0 0 0 0  00000000
   1.573  2952 2966  81 1  0  0 0 0 0 0  00000000
   1.586  2952 2970  81 1  0  0 0 0 0 0  00000000
   1.598  2953 2971  81 1  0  0 0 0 0 0  00000000
   1.611  2953 2972  80 1  0  0 0 0 0 0  00000000
   1.624  2953 2976  80 1  0  0 0 0 0 0  00000000
   1.636  2953 2977  81 1  0  0 0 0 0 0  00000000
   1.648  2953 2982  81 1  0  0 0 0 0 0  00000000
   1.660  2953 2983  81 1  0  0 0 0 0 0  00000000
   1.672  2953 2987  80 1  0  0 0 0 0 0  00000000
   1.685  2953 2991  80 1  0  0 0 0 0 0  00000000
   1.698  2953 2992  81 1  0  0 0 0 0 0  00000000
   1.709  2954 2996  80 1  0  0 0 0 0 0  00000000
   1.723  2955 3001  78 1  0  0 0 0 0 0  00000000
   1.735  2956 3002  76 1  0  0 0 0 0 0  00000000
   1.748  2957 3003  72 1  0  0 0 0 0 0  00000000
   1.760  2958 3026  64 1  0  0 0 0 0 0  00000000
   1.771  2957 3044  47 1  0  0 0 0 0 0  00000000
   1.780  2955 3044  47 1  0  0 0 0 0 0  00000000
   1.796  2955 3044   0 0  0  0 0 0 0 0  00000000
   2.156  4109 2275  48 1  0  0 0 0 0 0  00000000
   2.169  4043 2244  64 1  0  0 0 0 0 0  00000000
   2.182  4041 2242  66 1  0  0 0 0 0 0  00000000
   2.194  4040 2236  68 1  0  0 0 0 0 0  00000000
   2.207  4040 2234  68 1  0  0 0 0 0 0  00000000
   2.219  4040 2232  68 1  0  0 0 0 0 0  00000000
   2.231  4038 2232  68 1  0  0 0 0 0 0  00000000
   2.243  4036 2232  69 1  0  0 0 0 0 0  00000000
   2.256  4034 2232  68 1  0  0 0 0 0 0  00000000
   2.268  4032 2232  68 1  0  0 0 0 0 0  00000000
   2.281  4030 2232  68 1  0  0 0 0 0 0  00000000
   2.306  4028 2232  68 1  0  0 0 0 0 0  00000000
   2.369  4028 2231  68 1  0  0 0 0 0 0  00000000
   2.381  4028 2227  68 1  0  0 0 0 0 0  00000000
   2.393  4028 2226  68 1  0  0 0 0 0 0  00000000
   2.417  4028 2222  68 1  0  0 0 0 0 0  00000000
   2.430  4026 2220  68 1  0  0 0 0 0 0  00000000
   2.443  4025 2219  67 1  0  0 0 0 0 0  00000000
   2.454  4025 2217  67 1  0  0 0 0 0 0  00000000
   2.467  4023 2217  67 1  0  0 0 0 0 0  00000000
   2.479  4021 2217  67 1  0  0 0 0 0 0  00000000
   2.504  4021 2217  68 1  0  0 0 0 0 0  00000000
   2.541  4021 2217  69 1  0  0 0 0 0 0  00000000
   2.554  4021 2217  68 1  0  0 0 0 0 0  00000000
   2.566  4019 2217  68 1  0  0 0 0 0 0  00000000
   2.616  4019 2217  68 2  0  0 0 0 0 0  00000000
   2.703  4019 2217  67 1  0  0 0 0 0 0  00000000
   2.715  4019 2217  66 1  0  0 0 0 0 0  00000000
   2.728  4037 2217  59 1  0  0 0 0 0 0  00000000
   2.739  4014 2215  38 1  0  0 0 0 0 0  00000000
   2.751  4014 2215   0 0  0  0 0 0 0 0  00000000
   2.901  2898 3234  64 1  0  0 0 0 0 0  00000000
   2.913  2822 3190  76 1  0  0 0 0 0 0  00000000
   2.926  2822 3190  81 1  0  0 0 0 0 0  00000000
   2.976  2822 3190  80 1  0  0 0 0 0 0  00000000
   2.989  2823 3211  79 1  0  0 0 0 0 0  00000000
   3.000  2824 3212  78 1  0  0 0 0 0 0  00000000
   3.012  2851 3217  77 1  0  0 0 0 0 0  00000000
   3.026  2871 3252  74 1  0  0 0 0 0 0  00000000
   3.038  2871 3252  72 1  0  0 0 0 0 0  00000000
   3.049  2875 3252  69 1  0  0 0 0 0 0  00000000
   3.061  2879 3252  67 1  0  0 0 0 0 0  00000000
   3.074  2909 3252  64 1  0  0 0 0 0 0  00000000
   3.087  2909 3233  55 1  0  0 0 0 0 0  00000000
   3.099  2890 3186  42 1  0  0 0 0 0 0  00000000
   3.111  2890 3186   0 0  0  0 0 0 0 0  00000000
   3.149  4132 2069  63 1  0  0 0 0 0 0  00000000
   3.163  4132 2069  62 1  0  0 0 0 0 0  00000000
   3.173  4132 2069  63 1  0  0 0 0 0 0  00000000
   3.186  4132 2070  64 1  0  0 0 0 0 0  00000000
   3.199  4130 2071  64 1  0  0 0 0 0 0  00000000
   3.211  4130 2071  65 1  0  0 0 0 0 0  00000000
   3.223  4130 2072  65 1  0  0 0 0 0 0  00000000
   3.236  4149 2077  66 1  0  0 0 0 0 0  00000000
   3.248  4149 2078  66 1  0  0 0 0 0 0  00000000
   3.261  4149 2082  66 1  0  0 0 0 0 0  00000000
   3.273  4150 2083  66 1  0  0 0 0 0 0  00000000
   3.285  4155 2084  66 1  0  0 0 0 0 0  00000000
   3.294  4156 2085  66 1  0  0 0 0 0 0  00000000
   3.304  4157 2085  66 1  0  0 0 0 0 0  00000000
   3.336  4150 2085  64 1  0  0 0 0 0 0  00000000
   3.347  4154 2085  66 1  0  0 0 0 0 0  00000000
   3.386  4154 2085  65 1  0  0 0 0 0 0  00000000
   3.398  4154 2085  66 1  0  0 0 0 0 0  00000000
   3.409  4154 2085  65 1  0  0 0 0 0 0  00000000
   3.423  4152 2085  64 1  0  0 0 0 0 0  00000000
   3.435  4152 2085  65 1  0  0 0 0 0 0  00000000
   3.447  4146 2085  64 1  0  0 0 0 0 0  00000000
   3.459  4144 2085  63 1  0  0 0 0 0 0  00000000
   3.472  4144 2084  63 1  0  0 0 0 0 0  00000000
   3.484  4145 2084  65 1  0  0 0 0 0 0  00000000
   3.496  4146 2084  65 1  0  0 0 0 0 0  00000000
   3.509  4146 2084  63 1  0  0 0 0 0 0  00000000
   3.521  4146 2084  65 1  0  0 0 0 0 0  00000000
   3.534  4146 2084  66 1  0  0 0 0 0 0  00000000
   3.547  4150 2084  65 1  0  0 0 0 0 0  00000000
   3.558  4151 2084  66 1  0  0 0 0 0 0  00000000
   3.571  4151 2084  65 1  0  0 0 0 0 0  00000000
   3.583  4151 2084  66 1  0  0 0 0 0 0  00000000
   3.595  4151 2084  65 1  0  0 0 0 0 0  00000000
   3.621  4152 2084  66 1  0  0 0 0 0 0  00000000
   3.646  4152 2084  65 1  0  0 0 0 0 0  00000000
   3.670  4153 2084  65 1  0  0 0 0 0 0  00000000
   3.682  4153 2084  66 1  0  0 0 0 0 0  00000000
   3.694  4154 2084  65 1  0  0 0 0 0 0  00000000
   3.707  4155 2084  64 1  0  0 0 0 0 0  00000000
   3.720  4161 2084  62 1  0  0 0 0 0 0  00000000
   3.732  4203 2064  56 1  0  0 0 0 0 0  00000000
   3.745  4203 2041  46 1  0  0 0 0 0 0  00000000
   3.756  4203 2041   0 0  0  0 0 0 0 0  00000000
   3.782  2756 3221  81 1  0  0 0 0 0 0  00000000
   3.795  2754 3221  82 1  0  0 0 0 0 0  00000000
   3.808  2752 3220  83 1  0  0 0 0 0 0  00000000
   3.819  2750 3220  82 1  0  0 0 0 0 0  00000000
   3.832  2749 3218  81 1  0  0 0 0 0 0  00000000
   3.845  2749 3234  80 1  0  0 0 0 0 0  00000000
   3.856  2749 3261  79 1  0  0 0 0 0 0  00000000
   3.869  2750 3300  78 1  0  0 0 0 0 0  00000000
   3.881  2755 3316  77 1  0  0 0 0 0 0  00000000
   3.894  2760 3342  77 1  0  0 0 0 0 0  00000000
   3.906  2765 3342  77 1  0  0 0 0 0 0  00000000
   3.919  2766 3343  77 1  0  0 0 0 0 0  00000000
   3.931  2767 3347  77 1  0  0 0 0 0 0  00000000
   3.943  2772 3348  79 1  0  0 0 0 0 0  00000000
   3.956  2773 3349  79 1  0  0 0 0 0 0  00000000
   3.968  2774 3350  80 1  0  0 0 0 0 0  00000000
   3.982  2775 3351  80 1  0  0 0 0 0 0  00000000
   3.993  2775 3351  79 1  0  0 0 0 0 0  00000000
   4.006  2775 3351  80 1  0  0 0 0 0 0  00000000
   4.017  2775 3351  79 1  0  0 0 0 0 0  00000000
   4.054  2775 3351  80 1  0  0 0 0 0 0  00000000
   4.067  2775 3351  78 1  0  0 0 0 0 0  00000000
   4.080  2775 3352  78 1  0  0 0 0 0 0  00000000
   4.106  2775 3353  79 1  0  0 0 0 0 0  00000000
   4.118  2775 3354  79 1  0  0 0 0 0 0  00000000
   4.130  2775 3355  79 1  0  0 0 0 0 0  00000000
   4.142  2775 3356  79 1  0  0 0 0 0 0  00000000
   4.154  2775 3357  78 1  0  0 0 0 0 0  00000000
   4.166  2775 3361  80 1  0  0 0 0 0 0  00000000
   4.178  2775 3362  80 1  0  0 0 0 0 0  00000000
   4.191  2775 3366  79 1  0  0 0 0 0 0  00000000
   4.204  2775 3367  79 1  0  0 0 0 0 0  00000000
   4.216  2775 3371  79 1  0  0 0 0 0 0  00000000
   4.229  2775 3372  78 1  0  0 0 0 0 0  00000000
   4.241  2775 3372  79 1  0  0 0 0 0 0  00000000
   4.267  2775 3372  80 1  0  0 0 0 0 0  00000000
   4.280  2775 3372  79 1  0  0 0 0 0 0  00000000
   4.290  2775 3373  79 1  0  0 0 0 0 0  00000000
   4.303  2775 3373  80 1  0  0 0 0 0 0  00000000
   4.315  2775 3374  79 1  0  0 0 0 0 0  00000000
   4.328  2775 3375  79 1  0  0 0 0 0 0  00000000
   4.341  2775 3375  80 1  0  0 0 0 0 0  00000000
   4.365  2775 3375  81 1  0  0 0 0 0 0  00000000
   4.380  2775 3376  81 1  0  0 0 0 0 0  00000000
   4.453  2775 3376  80 1  0  0 0 0 0 0  00000000
   4.478  2775 3376  79 1  0  0 0 0 0 0  00000000
   4.490  2775 3376  76 1  0  0 0 0 0 0  00000000
   4.501  2776 3376  73 1  0  0 0 0 0 0  00000000
   4.514  2777 3376  65 1  0  0 0 0 0 0  00000000
   4.526  2782 3377  53 1  0  0 0 0 0 0  00000000
   4.538  2782 3377   0 0  0  0 0 0 0 0  00000000
   4.613  4009 2387  66 1  0  0 0 0 0 0  00000000
   4.626  4005 2370  65 1  0  0 0 0 0 0  00000000
   4.639  3984 2393  68 1  0  0 0 0 0 0  00000000
   4.662  3984 2393  69 1  0  0 0 0 0 0  00000000
   4.675  3984 2394  70 1  0  0 0 0 0 0  00000000
   4.689  3984 2395  69 1  0  0 0 0 0 0  00000000
   4.700  3984 2396  69 1  0  0 0 0 0 0  00000000
   4.762  3984 2396  68 1  0  0 0 0 0 0  00000000
   4.775  3984 2391  68 1  0  0 0 0 0 0  00000000
   4.787  3985 2344  65 1  0  0 0 0 0 0  00000000
   4.800  4019 2300  60 1  0  0 0 0 0 0  00000000
   4.811  4036 2237  47 1  0  0 0 0 0 0  00000000
   4.824  2719 3456  43 1  0  0 0 0 0 0  00000000
   4.837  2636 3393  76 1  0  0 0 0 0 0  00000000
   4.848  2635 3393  82 1  0  0 0 0 0 0  00000000
   4.886  2635 3393  81 1  0  0 0 0 0 0  00000000
   4.899  2635 3394  81 1  0  0 0 0 0 0  00000000
   4.911  2635 3395  81 1  0  0 0 0 0 0  00000000
   4.924  2636 3400  79 1  0  0 0 0 0 0  00000000
   4.936  2640 3423  77 1  0  0 0 0 0 0  00000000
   4.949  2644 3442  76 1  0  0 0 0 0 0  00000000
   4.962  2645 3443  76 1  0  0 0 0 0 0  00000000
   4.974  2646 3449  75 1  0  0 0 0 0 0  00000000
   4.986  2646 3455  75 1  0  0 0 0 0 0  00000000
   4.999  2646 3456  76 1  0  0 0 0 0 0  00000000
   5.010  2646 3457  75 1  0  0 0 0 0 0  00000000
   5.022  2647 3458  75 1  0  0 0 0 0 0  00000000
   5.047  2643 3434  73 1  0  0 0 0 0 0  00000000
   5.060  2642 3432  71 1  0  0 0 0 0 0  00000000
   5.073  2637 3400  70 1  0  0 0 0 0 0  00000000
   5.099  2633 3347  42 2  0  0 0 0 0 0  00000000
   5.110  4008 2165  68 1  0  0 0 0 0 0  00000000
   5.121  4009 2165  68 1  0  0 0 0 0 0  00000000
   5.135  4010 2165  68 1  0  0 0 0 0 0  00000000
   5.147  4011 2165  68 1  0  0 0 0 0 0  00000000
   5.159  4012 2165  69 1  0  0 0 0 0 0  00000000
   5.171  4017 2186  69 1  0  0 0 0 0 0  00000000
   5.184  4022 2186  69 1  0  0 0 0 0 0  00000000
   5.196  4046 2186  66 1  0  0 0 0 0 0  00000000
   5.209  4046 2208  68 1  0  0 0 0 0 0  00000000
   5.221  4069 2209  66 1  0  0 0 0 0 0  00000000
   5.233  4070 2234  65 1  0  0 0 0 0 0  00000000
   5.247  4100 2235  62 1  0  0 0 0 0 0  00000000
   5.259  4137 2240  56 1  0  0 0 0 0 0  00000000
   5.271  4164 2241  48 1  0  0 0 0 0 0  00000000
   5.282  4164 2241  43 1  0  0 0 0 0 0  00000000
   5.296  4143 2208  41 1  0  0 0 0 0 0  00000000
   5.309  4144 2172  49 1  0  0 0 0 0 0  00000000
   5.321  4145 2172  58 1  0  0 0 0 0 0  00000000
   5.332  4146 2170  60 1  0  0 0 0 0 0  00000000
   5.345  4147 2164  62 1  0  0 0 0 0 0  00000000
   5.357  4147 2162  63 1  0  0 0 0 0 0  00000000
   5.370  4129 2162  64 1  0  0 0 0 0 0  00000000
   5.382  4129 2162  65 1  0  0 0 0 0 0  00000000
   5.395  4129 2162  66 1  0  0 0 0 0 0  00000000
   5.407  4130 2162  65 1  0  0 0 0 0 0  00000000
   5.419  4131 2162  65 1  0  0 0 0 0 0  00000000
   5.430  4132 2163  65 1  0  0 0 0 0 0  00000000
   5.445  4136 2163  64 1  0  0 0 0 0 0  00000000
   5.457  4142 2164  61 1  0  0 0 0 0 0  00000000
   5.469  4208 2185  44 1  0  0 0 0 0 0  00000000
   5.481  4208 2185   0 0  0  0 0 0 0 0  00000000
   5.507  2694 3466  79 1  0  0 0 0 0 0  00000000
   5.519  2694 3464  78 1  0  0 0 0 0 0  00000000
   5.532  2694 3462  79 1  0  0 0 0 0 0  00000000
   5.544  2694 3457  81 1  0  0 0 0 0 0  00000000
   5.557  2693 3456  80 1  0  0 0 0 0 0  00000000
   5.569  2692 3456  79 1  0  0 0 0 0 0  00000000
   5.588  2692 3457  79 1  0  0 0 0 0 0  00000000
   5.605  2698 3503  75 1  0  0 0 0 0 0  00000000
   5.618  2704 3504  72 1  0  0 0 0 0 0  00000000
   5.631  2747 3532  67 1  0  0 0 0 0 0  00000000
   5.642  2789 3530  55 1  0  0 0 0 0 0  00000000
   5.656  2789 3530   0 0  0  0 0 0 0 0  00000000
   5.742  4036 2601  69 1  0  0 0 0 0 0  00000000
   5.754  4017 2575  67 1  0  0 0 0 0 0  00000000
   5.769  4017 2576  69 1  0  0 0 0 0 0  00000000
   5.780  4017 2582  71 1  0  0 0 0 0 0  00000000
   5.792  4017 2588  70 1  0  0 0 0 0 0  00000000
   5.805  4017 2611  71 1  0  0 0 0 0 0  00000000
   5.817  4036 2612  71 1  0  0 0 0 0 0  00000000
   5.830  4035 2618  69 1  0  0 0 0 0 0  00000000
   5.842  4042 2675  66 1  0  0 0 0 0 0  00000000
   5.854  4043 2698  54 1  0  0 0 0 0 0  00000000
   5.866  4043 2698   0 0  0  0 0 0 0 0  00000000
   5.991  2431 3856  68 1  0  0 0 0 0 0  00000000
   6.004  2431 3836  69 1  0  0 0 0 0 0  00000000
   6.015  2427 3836  72 1  0  0 0 0 0 0  00000000
   6.025  2425 3836  72 1  0  0 0 0 0 0  00000000
   6.034  2420 3836  73 1  0  0 0 0 0 0  00000000
   6.052  2418 3836  75 1  0  0 0 0 0 0  00000000
   6.064  2413 3843  73 1  0  0 0 0 0 0  00000000
   6.077  2412 3867  71 1  0  0 0 0 0 0  00000000
   6.089  2412 3899  69 1  0  0 0 0 0 0  00000000
   6.102  2416 3952  62 1  0  0 0 0 0 0  00000000
   6.114  2409 3978  41 1  0  0 0 0 0 0  00000000
   6.126  2409 3978   0 0  0  0 0 0 0 0  00000000
   6.239  3814 3434  70 1  0  0 0 0 0 0  00000000
   6.251  3814 3410  64 1  0  0 0 0 0 0  00000000
   6.263  3814 3410  70 1  0  0 0 0 0 0  00000000
   6.276  3814 3410  69 1  0  0 0 0 0 0  00000000
   6.289  3814 3410  68 1  0  0 0 0 0 0  00000000
   6.300  3813 3410  68 1  0  0 0 0 0 0  00000000
   6.313  3813 3410  65 1  0  0 0 0 0 0  00000000
   6.325  3833 3410  58 1  0  0 0 0 0 0  00000000
   6.338  3852 3410  39 1  0  0 0 0 0 0  00000000
   6.350  3852 3410   0 0  0  0 0 0 0 0  00000000
   6.462  2435 3904  46 1  0  0 0 0 0 0  00000000
   6.474  2370 3858  70 1  0  0 0 0 0 0  00000000
   6.488  2371 3858  72 1  0  0 0 0 0 0  00000000
   6.499  2371 3837  73 1  0  0 0 0 0 0  00000000
   6.524  2372 3837  71 1  0  0 0 0 0 0  00000000
   6.536  2372 3837  70 1  0  0 0 0 0 0  00000000
   6.549  2377 3837  68 1  0  0 0 0 0 0  00000000
   6.561  2407 3856  64 1  0  0 0 0 0 0  00000000
   6.573  2452 3873  51 1  0  0 0 0 0 0  00000000
   6.585  2452 3873   0 0  0  0 0 0 0 0  00000000
   6.697  3948 3005  71 1  0  0 0 0 0 0  00000000
   6.710  3948 3003  68 1  0  0 0 0 0 0  00000000
   6.723  3948 3003  71 1  0  0 0 0 0 0  00000000
   6.734  3943 3003  71 1  0  0 0 0 0 0  00000000
   6.747  3943 3003  70 1  0  0 0 0 0 0  00000000
   6.760  3943 3003  69 1  0  0 0 0 0 0  00000000
   6.771  3943 3003  67 1  0  0 0 0 0 0  00000000
   6.784  3943 3003  62 1  0  0 0 0 0 0  00000000
   6.798  3950 2987  50 1  0  0 0 0 0 0  00000000
   6.808  3950 2987   0 0  0  0 0 0 0 0  00000000
   6.934  2402 3746  75 1  0  0 0 0 0 0  00000000
   6.946  2384 3717  72 1  0  0 0 0 0 0  00000000
   6.959  2384 3717  76 1  0  0 0 0 0 0  00000000
   6.970  2384 3717  77 1  0  0 0 0 0 0  00000000
   6.995  2384 3717  76 1  0  0 0 0 0 0  00000000
   7.009  2384 3717  75 1  0  0 0 0 0 0  00000000
   7.021  2384 3737  73 1  0  0 0 0 0 0  00000000
   7.033  2384 3755  70 1  0  0 0 0 0 0  00000000
   7.046  2384 3777  67 1  0  0 0 0 0 0  00000000
   7.058  2419 3778  56 1  0  0 0 0 0 0  00000000
   7.069  2419 3778   0 0  0  0 0 0 0 0  00000000
   7.181  4184 2769  75 1  0  0 0 0 0 0  00000000
   7.194  4184 2767  70 1  0  0 0 0 0 0  00000000
   7.207  4184 2766  73 1  0  0 0 0 0 0  00000000
   7.219  4184 2764  73 1  0  0 0 0 0 0  00000000
   7.244  4183 2764  72 1  0  0 0 0 0 0  00000000
   7.257  4183 2765  69 1  0  0 0 0 0 0  00000000
   7.270  4181 2770  65 1  0  0 0 0 0 0  00000000
   7.281  4176 2795  56 1  0  0 0 0 0 0  00000000
   7.293  4176 2795   0 0  0  0 0 0 0 0  00000000
   7.419  2478 3646  78 1  0  0 0 0 0 0  00000000
   7.429  2478 3644  77 1  0  0 0 0 0 0  00000000
   7.443  2478 3638  79 1  0  0 0 0 0 0  00000000
   7.454  2478 3631  80 1  0  0 0 0 0 0  00000000
   7.467  2478 3629  80 1  0  0 0 0 0 0  00000000
   7.480  2478 3628  79 1  0  0 0 0 0 0  00000000
   7.492  2478 3623  78 1  0  0 0 0 0 0  00000000
   7.517  2478 3624  76 1  0  0 0 0 0 0  00000000
   7.530  2478 3646  75 1  0  0 0 0 0 0  00000000
   7.554  2478 3646  76 1  0  0 0 0 0 0  00000000
   7.579  2478 3647  77 1  0  0 0 0 0 0  00000000
   7.591  2479 3648  77 1  0  0 0 0 0 0  00000000
   7.629  2479 3648  78 1  0  0 0 0 0 0  00000000
   7.641  2479 3648  76 1  0  0 0 0 0 0  00000000
   7.665  2479 3648  75 1  0  0 0 0 0 0  00000000
   7.677  2479 3648  74 1  0  0 0 0 0 0  00000000
   7.690  2479 3648  73 1  0  0 0 0 0 0  00000000
   7.703  2479 3648  70 1  0  0 0 0 0 0  00000000
   7.716  2479 3648  67 1  0  0 0 0 0 0  00000000
   7.728  2496 3647  61 1  0  0 0 0 0 0  00000000
   7.739  2527 3647  56 1  0  0 0 0 0 0  00000000
   7.752  2527 3647  46 1  0  0 0 0 0 0  00000000
   7.767  2527 3647   0 0  0  0 0 0 0 0  00000000
   7.839  4169 2735  62 1  0  0 0 0 0 0  00000000
   7.852  4144 2735  69 1  0  0 0 0 0 0  00000000
   7.864  4144 2735  72 1  0  0 0 0 0 0  00000000
   7.877  4144 2735  73 1  0  0 0 0 0 0  00000000
   7.889  4145 2735  75 1  0  0 0 0 0 0  00000000
   7.903  4146 2736  75 1  0  0 0 0 0 0  00000000
   7.915  4147 2740  75 1  0  0 0 0 0 0  00000000
   7.926  4148 2741  76 1  0  0 0 0 0 0  00000000
   7.938  4152 2746  75 1  0  0 0 0 0 0  00000000
   7.951  4153 2751  75 1  0  0 0 0 0 0  00000000
   7.963  4154 2755  75 1  0  0 0 0 0 0  00000000
   7.976  4160 2760  74 1  0  0 0 0 0 0  00000000
   7.988  4165 2761  73 1  0  0 0 0 0 0  00000000
   8.000  4169 2762  71 1  0  0 0 0 0 0  00000000
   8.013  4174 2736  68 1  0  0 0 0 0 0  00000000
   8.025  4200 2709  63 1  0  0 0 0 0 0  00000000
   8.037  4216 2708  53 1  0  0 0 0 0 0  00000000
   8.050  4216 2708   0 0  0  0 0 0 0 0  00000000
   8.088  2460 3645  80 1  0  0 0 0 0 0  00000000
   8.100  2458 3608  76 1  0  0 0 0 0 0  00000000
   8.113  2452 3608  82 1  0  0 0 0 0 0  00000000
   8.125  2450 3608  83 1  0  0 0 0 0 0  00000000
   8.138  2448 3609  84 1  0  0 0 0 0 0  00000000
   8.149  2446 3610  82 1  0  0 0 0 0 0  00000000
   8.162  2446 3615  78 1  0  0 0 0 0 0  00000000
   8.174  2466 3646  68 1  0  0 0 0 0 0  00000000
   8.187  2538 3678  44 1  0  0 0 0 0 0  00000000
   8.199  2538 3678   0 0  0  0 0 0 0 0  00000000
   8.212  4100 2677  74 1  0  0 0 0 0 0  00000000
   8.223  4080 2677  73 1  0  0 0 0 0 0  00000000
   8.237  4080 2677  76 1  0  0 0 0 0 0  00000000
   8.249  4080 2677  77 1  0  0 0 0 0 0  00000000
   8.273  4081 2678  77 1  0  0 0 0 0 0  00000000
   8.286  4086 2683  74 1  0  0 0 0 0 0  00000000
   8.299  4091 2707  64 1  0  0 0 0 0 0  00000000
   8.310  4091 2707   0 0  0  0 0 0 0 0  00000000
