time	 y	 z	 f	 w	 l	 r	 u	 d	 m	 multi
   0.000  2212 3859   0 0  0  0 0 0 0 0  00000000
   0.343  2345 3267  78 1  0  0 0 0 0 0  00000000
   0.370  2343 3290  83 1  0  0 0 0 0 0  00000000
   0.382  2343 3291  81 1  0  0 0 0 0 0  00000000
   0.394  2368 3349  79 1  0  0 0 0 0 0  00000000
   0.408  2393 3399  75 1  0  0 0 0 0 0  00000000
   0.418  2421 3447  62 1  0  0 0 0 0 0  00000000
   0.430  2421 3447   0 0  0  0 0 0 0 0  00000000
   1.336  3729 2863  71 1  0  0 0 0 0 0  00000000
   1.349  3729 2778  70 1  0  0 0 0 0 0  00000000
   1.361  3729 2735  72 1  0  0 0 0 0 0  00000000
   1.375  3729 2696  74 1  0  0 0 0 0 0  00000000
   1.385  3728 2694  74 1  0  0 0 0 0 0  00000000
   1.399  3724 2692  75 1  0  0 0 0 0 0  00000000
   1.411  3722 2692  76 1  0  0 0 0 0 0  00000000
   1.423  3722 2692  75 1  0  0 0 0 0 0  00000000
   1.436  3722 2693  75 1  0  0 0 0 0 0  00000000
   1.449  3722 2697  74 1  0  0 0 0 0 0  00000000
   1.462  3722 2701  75 1  0  0 0 0 0 0  00000000
   1.475  3722 2702  74 1  0  0 0 0 0 0  00000000
   1.485  3722 2703  75 1  0  0 0 0 0 0  00000000
   1.497  3722 2704  75 1  0  0 0 0 0 0  00000000
   1.523  3722 2704  74 1  0  0 0 0 0 0  00000000
   1.536  3722 2704  75 1  0  0 0 0 0 0  00000000
   1.609  3722 2704  74 1  0  0 0 0 0 0  00000000
   1.659  3722 2704  75 1  0  0 0 0 0 0  00000000
   1.671  3722 2704  74 1  0  0 0 0 0 0  00000000
   1.709  3722 2705  74 1  0  0 0 0 0 0  00000000
   1.721  3722 2706  75 1  0  0 0 0 0 0  00000000
   1.730  3722 2707  75 1  0  0 0 0 0 0  00000000
   1.740  3722 2708  74 1  0  0 0 0 0 0  00000000
   1.758  3722 2708  75 1  0  0 0 0 0 0  00000000
   1.772  3722 2709  74 1  0  0 0 0 0 0  00000000
   1.783  3721 2710  75 1  0  0 0 0 0 0  00000000
   1.796  3720 2710  75 1  0  0 0 0 0 0  00000000
   1.809  3720 2710  74 1  0  0 0 0 0 0  00000000
   1.820  3720 2710  75 1  0  0 0 0 0 0  00000000
   1.882  3719 2710  75 1  0  0 0 0 0 0  00000000
   1.894  3719 2710  74 1  0  0 0 0 0 0  00000000
   1.907  3719 2710  73 1  0  0 0 0 0 0  00000000
   1.920  3715 2710  71 1  0  0 0 0 0 0  00000000
   1.933  3713 2710  62 1  0  0 0 0 0 0  00000000
   1.944  3713 2710   0 0  0  0 0 0 0 0  00000000
   2.341  2751 3544  73 1  0  0 0 0 0 0  00000000
   2.354  2751 3542  76 1  0  0 0 0 0 0  00000000
   2.366  2751 3511  77 1  0  0 0 0 0 0  00000000
   2.379  2751 3511  78 1  0  0 0 0 0 0  00000000
   2.390  2752 3511  78 1  0  0 0 0 0 0  00000000
   2.403  2753 3510  79 1  0  0 0 0 0 0  00000000
   2.416  2754 3510  79 1  0  0 0 0 0 0  00000000
   2.430  2755 3510  78 1  0  0 0 0 0 0  00000000
   2.453  2755 3510  77 1  0  0 0 0 0 0  00000000
   2.465  2755 3511  79 1  0  0 0 0 0 0  00000000
   2.479  2755 3512  78 1  0  0 0 0 0 0  00000000
   2.527  2755 3512  79 1  0  0 0 0 0 0  00000000
   2.540  2755 3512  80 1  0  0 0 0 0 0  00000000
   2.552  2755 3511  79 1  0  0 0 0 0 0  00000000
   2.565  2755 3511  80 1  0  0 0 0 0 0  00000000
   2.577  2755 3510  79 1  0  0 0 0 0 0  00000000
   2.627  2755 3510  80 1  0  0 0 0 0 0  00000000
   2.641  2755 3510  79 1  0  0 0 0 0 0  00000000
   2.652  2755 3511  79 1  0  0 0 0 0 0  00000000
   2.664  2755 3512  79 1  0  0 0 0 0 0  00000000
   2.677  2755 3513  79 1  0  0 0 0 0 0  00000000
   2.690  2755 3518  79 1  0  0 0 0 0 0  00000000
   2.701  2755 3519  79 1  0  0 0 0 0 0  00000000
   2.713  2755 3520  80 1  0  0 0 0 0 0  00000000
   2.726  2755 3521  80 1  0  0 0 0 0 0  00000000
   2.738  2755 3522  80 1  0  0 0 0 0 0  00000000
   2.751  2755 3527  80 1  0  0 0 0 0 0  00000000
   2.763  2755 3532  80 1  0  0 0 0 0 0  00000000
   2.775  2755 3533  80 1  0  0 0 0 0 0  00000000
   2.788  2755 3534  80 1  0  0 0 0 0 0  00000000
   2.801  2755 3535  79 1  0  0 0 0 0 0  00000000
   2.813  2755 3536  79 1  0  0 0 0 0 0  00000000
   2.825  2755 3537  79 1  0  0 0 0 0 0  00000000
   2.838  2755 3541  79 1  0  0 0 0 0 0  00000000
   2.850  2755 3542  79 1  0  0 0 0 0 0  00000000
   2.863  2755 3543  80 1  0  0 0 0 0 0  00000000
   2.875  2755 3544  80 1  0  0 0 0 0 0  00000000
   2.888  2755 3548  81 1  0  0 0 0 0 0  00000000
   2.900  2755 3549  80 1  0  0 0 0 0 0  00000000
   2.913  2755 3550  81 1  0  0 0 0 0 0  00000000
   2.937  2755 3550  80 1  0  0 0 0 0 0  00000000
   2.949  2755 3550  81 1  0  0 0 0 0 0  00000000
   2.976  2755 3550  80 1  0  0 0 0 0 0  00000000
   3.012  2755 3550  79 1  0  0 0 0 0 0  00000000
   3.024  2755 3548  75 1  0  0 0 0 0 0  00000000
   3.036  2756 3548  70 1  0  0 0 0 0 0  00000000
   3.049  2789 3548  53 1  0  0 0 0 0 0  00000000
   3.061  2789 3548   0 0  0  0 0 0 0 0  00000000
   3.371  3793 3055  67 1  0  0 0 0 0 0  00000000
   3.384  3791 2957  67 1  0  0 0 0 0 0  00000000
   3.395  3789 2955  71 1  0  0 0 0 0 0  00000000
   3.409  3783 2934  70 1  0  0 0 0 0 0  00000000
   3.420  3779 2934  72 1  0  0 0 0 0 0  00000000
   3.434  3777 2934  71 1  0  0 0 0 0 0  00000000
   3.447  3775 2935  71 1  0  0 0 0 0 0  00000000
   3.459  3774 2939  71 1  0  0 0 0 0 0  00000000
   3.471  3774 2944  71 1  0  0 0 0 0 0  00000000
   3.483  3770 2948  71 1  0  0 0 0 0 0  00000000
   3.497  3769 2949  70 1  0  0 0 0 0 0  00000000
   3.508  3769 2955  71 1  0  0 0 0 0 0  00000000
   3.520  3769 2956  71 1  0  0 0 0 0 0  00000000
   3.545  3769 2956  72 1  0  0 0 0 0 0  00000000
   3.558  3769 2956  71 1  0  0 0 0 0 0  00000000
   3.570  3769 2956  72 1  0  0 0 0 0 0  00000000
   3.595  3768 2956  72 1  0  0 0 0 0 0  00000000
   3.606  3766 2955  71 1  0  0 0 0 0 0  00000000
   3.620  3766 2953  71 1  0  0 0 0 0 0  00000000
   3.633  3766 2953  72 1  0  0 0 0 0 0  00000000
   3.645  3766 2953  71 1  0  0 0 0 0 0  00000000
   3.656  3764 2952  71 1  0  0 0 0 0 0  00000000
   3.669  3762 2952  71 1  0  0 0 0 0 0  00000000
   3.682  3762 2951  72 1  0  0 0 0 0 0  00000000
   3.694  3760 2951  71 1  0  0 0 0 0 0  00000000
   3.719  3760 2949  72 1  0  0 0 0 0 0  00000000
   3.794  3760 2949  71 1  0  0 0 0 0 0  00000000
   3.807  3760 2949  72 1  0  0 0 0 0 0  00000000
   3.818  3758 2949  71 1  0  0 0 0 0 0  00000000
   3.830  3756 2949  71 1  0  0 0 0 0 0  00000000
   3.843  3754 2949  72 1  0  0 0 0 0 0  00000000
   3.855  3754 2949  71 1  0  0 0 0 0 0  00000000
   3.868  3754 2948  72 1  0  0 0 0 0 0  00000000
   3.880  3749 2946  71 1  0  0 0 0 0 0  00000000
   3.893  3747 2942  72 1  0  0 0 0 0 0  00000000
   3.905  3745 2940  71 1  0  0 0 0 0 0  00000000
   3.918  3743 2940  71 1  0  0 0 0 0 0  00000000
   3.929  3741 2940  71 1  0  0 0 0 0 0  00000000
   3.942  3740 2935  72 1  0  0 0 0 0 0  00000000
   3.955  3740 2933  70 1  0  0 0 0 0 0  00000000
   3.967  3740 2931  70 1  0  0 0 0 0 0  00000000
   3.979  3747 2925  69 1  0  0 0 0 0 0  00000000
   3.992  3801 2899  65 1  0  0 0 0 0 0  00000000
   4.003  3877 2863  45 1  0  0 0 0 0 0  00000000
   4.015  3877 2863   0 0  0  0 0 0 0 0  00000000
   4.377  2585 3835  74 1  0  0 0 0 0 0  00000000
   4.389  2569 3791  73 1  0  0 0 0 0 0  00000000
   4.402  2565 3791  75 1  0  0 0 0 0 0  00000000
   4.413  2560 3791  76 1  0  0 0 0 0 0  00000000
   4.426  2558 3790  77 1  0  0 0 0 0 0  00000000
   4.439  2557 3790  77 1  0  0 0 0 0 0  00000000
   4.465  2557 3790  76 1  0  0 0 0 0 0  00000000
   4.476  2557 3790  75 1  0  0 0 0 0 0  00000000
   4.501  2557 3790  74 1  0  0 0 0 0 0  00000000
   4.512  2557 3791  74 1  0  0 0 0 0 0  00000000
   4.526  2557 3792  74 1  0  0 0 0 0 0  00000000
   4.538  2558 3793  74 1  0  0 0 0 0 0  00000000
   4.550  2562 3794  74 1  0  0 0 0 0 0  00000000
   4.563  2563 3795  74 1  0  0 0 0 0 0  00000000
   4.575  2563 3796  75 1  0  0 0 0 0 0  00000000
   4.587  2563 3797  75 1  0  0 0 0 0 0  00000000
   4.612  2563 3797  74 1  0  0 0 0 0 0  00000000
   4.625  2563 3798  74 1  0  0 0 0 0 0  00000000
   4.637  2563 3799  72 1  0  0 0 0 0 0  00000000
   4.650  2567 3800  67 1  0  0 0 0 0 0  00000000
   4.661  2589 3823  57 1  0  0 0 0 0 0  00000000
   4.674  2589 3821  42 1  0  0 0 0 0 0  00000000
   4.685  2589 3821   0 0  0  0 0 0 0 0  00000000
   4.885  3674 3046  66 1  0  0 0 0 0 0  00000000
   4.897  3674 3026  66 1  0  0 0 0 0 0  00000000
   4.910  3674 3024  69 1  0  0 0 0 0 0  00000000
   4.922  3674 3018  69 1  0  0 0 0 0 0  00000000
   4.935  3674 3016  70 1  0  0 0 0 0 0  00000000
   4.947  3674 3010  69 1  0  0 0 0 0 0  00000000
   4.959  3673 3009  70 1  0  0 0 0 0 0  00000000
   4.972  3673 3009  69 1  0  0 0 0 0 0  00000000
   4.984  3673 3010  70 1  0  0 0 0 0 0  00000000
   4.997  3672 3011  70 1  0  0 0 0 0 0  00000000
   5.009  3672 3012  70 1  0  0 0 0 0 0  00000000
   5.022  3672 3034  70 1  0  0 0 0 0 0  00000000
   5.059  3672 3030  70 1  0  0 0 0 0 0  00000000
   5.071  3672 3028  70 1  0  0 0 0 0 0  00000000
   5.084  3672 3024  70 1  0  0 0 0 0 0  00000000
   5.096  3672 3023  70 1  0  0 0 0 0 0  00000000
   5.108  3672 3023  68 1  0  0 0 0 0 0  00000000
   5.121  3672 3023  67 1  0  0 0 0 0 0  00000000
   5.133  3672 3022  62 1  0  0 0 0 0 0  00000000
   5.145  3713 2995  46 1  0  0 0 0 0 0  00000000
   5.157  3713 2995   0 0  0  0 0 0 0 0  00000000
   5.220  2366 4090  68 1  0  0 0 0 0 0  00000000
   5.232  2366 4064  67 1  0  0 0 0 0 0  00000000
   5.244  2364 4064  70 1  0  0 0 0 0 0  00000000
   5.257  2363 4062  71 1  0  0 0 0 0 0  00000000
   5.269  2359 4060  71 1  0  0 0 0 0 0  00000000
   5.282  2358 4060  70 1  0  0 0 0 0 0  00000000
   5.294  2358 4060  71 1  0  0 0 0 0 0  00000000
   5.307  2358 4060  69 1  0  0 0 0 0 0  00000000
   5.319  2358 4061  69 1  0  0 0 0 0 0  00000000
   5.332  2358 4062  69 1  0  0 0 0 0 0  00000000
   5.344  2356 4063  68 1  0  0 0 0 0 0  00000000
   5.357  2356 4064  68 1  0  0 0 0 0 0  00000000
   5.369  2356 4068  68 1  0  0 0 0 0 0  00000000
   5.381  2356 4073  67 1  0  0 0 0 0 0  00000000
   5.394  2355 4074  66 1  0  0 0 0 0 0  00000000
   5.406  2353 4074  67 1  0  0 0 0 0 0  00000000
   5.418  2353 4074  65 1  0  0 0 0 0 0  00000000
   5.430  2353 4074  62 1  0  0 0 0 0 0  00000000
   5.443  2353 4033  51 1  0  0 0 0 0 0  00000000
   5.456  2353 4033   0 0  0  0 0 0 0 0  00000000
   5.481  3738 2526  69 1  0  0 0 0 0 0  00000000
   5.493  3719 2526  69 1  0  0 0 0 0 0  00000000
   5.506  3719 2525  72 1  0  0 0 0 0 0  00000000
   5.530  3719 2525  73 1  0  0 0 0 0 0  00000000
   5.542  3719 2524  73 1  0  0 0 0 0 0  00000000
   5.555  3719 2524  72 1  0  0 0 0 0 0  00000000
   5.568  3719 2524  73 1  0  0 0 0 0 0  00000000
   5.580  3719 2525  72 1  0  0 0 0 0 0  00000000
   5.593  3719 2526  75 1  0  0 0 0 0 0  00000000
   5.604  3719 2531  72 1  0  0 0 0 0 0  00000000
   5.617  3719 2535  72 1  0  0 0 0 0 0  00000000
   5.629  3720 2535  71 1  0  0 0 0 0 0  00000000
   5.638  3721 2535  71 1  0  0 0 0 0 0  00000000
   5.654  3726 2534  68 1  0  0 0 0 0 0  00000000
   5.668  3761 2499  65 1  0  0 0 0 0 0  00000000
   5.678  3761 2477  64 1  0  0 0 0 0 0  00000000
   5.691  3782 2477  66 1  0  0 0 0 0 0  00000000
   5.716  3781 2477  67 1  0  0 0 0 0 0  00000000
   5.728  3777 2475  68 1  0  0 0 0 0 0  00000000
   5.741  3776 2474  68 1  0  0 0 0 0 0  00000000
   5.766  3776 2474  67 1  0  0 0 0 0 0  00000000
   5.778  3774 2472  64 1  0  0 0 0 0 0  00000000
   5.790  3774 2472  54 1  0  0 0 0 0 0  00000000
   5.803  3774 2472   0 0  0  0 0 0 0 0  00000000
   6.002  2404 3849  75 1  0  0 0 0 0 0  00000000
   6.015  2388 3825  74 1  0  0 0 0 0 0  00000000
   6.028  2388 3825  77 1  0  0 0 0 0 0  00000000
   6.039  2387 3825  78 1  0  0 0 0 0 0  00000000
   6.064  2386 3825  79 1  0  0 0 0 0 0  00000000
   6.076  2386 3825  77 1  0  0 0 0 0 0  00000000
   6.089  2386 3826  77 1  0  0 0 0 0 0  00000000
   6.101  2386 3827  77 1  0  0 0 0 0 0  00000000
   6.114  2386 3832  76 1  0  0 0 0 0 0  00000000
   6.125  2386 3854  75 1  0  0 0 0 0 0  00000000
   6.138  2386 3855  75 1  0  0 0 0 0 0  00000000
   6.151  2386 3855  73 1  0  0 0 0 0 0  00000000
   6.163  2386 3856  73 1  0  0 0 0 0 0  00000000
   6.176  2386 3857  73 1  0  0 0 0 0 0  00000000
   6.188  2386 3858  72 1  0  0 0 0 0 0  00000000
   6.200  2386 3859  70 1  0  0 0 0 0 0  00000000
   6.213  2386 3860  69 1  0  0 0 0 0 0  00000000
   6.225  2387 3860  61 1  0  0 0 0 0 0  00000000
   6.237  2452 3829  40 1  0  0 0 0 0 0  00000000
   6.249  2452 3829   0 0  0  0 0 0 0 0  00000000
   6.287  3868 2449  71 1  0  0 0 0 0 0  00000000
   6.300  3869 2450  69 1  0  0 0 0 0 0  00000000
   6.311  3869 2450  70 1  0  0 0 0 0 0  00000000
   6.325  3869 2450  71 1  0  0 0 0 0 0  00000000
   6.337  3869 2451  71 1  0  0 0 0 0 0  00000000
   6.349  3869 2456  71 1  0  0 0 0 0 0  00000000
   6.362  3869 2457  71 1  0  0 0 0 0 0  00000000
   6.374  3869 2458  71 1  0  0 0 0 0 0  00000000
   6.386  3873 2463  71 1  0  0 0 0 0 0  00000000
   6.399  3878 2464  70 1  0  0 0 0 0 0  00000000
   6.412  3883 2465  70 1  0  0 0 0 0 0  00000000
   6.424  3888 2466  69 1  0  0 0 0 0 0  00000000
   6.437  3893 2467  68 1  0  0 0 0 0 0  00000000
   6.449  3927 2467  67 1  0  0 0 0 0 0  00000000
   6.461  3963 2444  63 1  0  0 0 0 0 0  00000000
   6.473  4017 2407  47 1  0  0 0 0 0 0  00000000
   6.485  4017 2407   0 0  0  0 0 0 0 0  00000000
   6.534  2497 3755  79 1  0  0 0 0 0 0  00000000
   6.561  2478 3738  80 1  0  0 0 0 0 0  00000000
   6.573  2478 3738  81 1  0  0 0 0 0 0  00000000
   6.598  2478 3742  81 1  0  0 0 0 0 0  00000000
   6.610  2478 3743  80 1  0  0 0 0 0 0  00000000
   6.622  2478 3743  81 1  0  0 0 0 0 0  00000000
   6.635  2478 3743  79 1  0  0 0 0 0 0  00000000
   6.660  2478 3744  78 1  0  0 0 0 0 0  00000000
   6.673  2478 3744  79 1  0  0 0 0 0 0  00000000
   6.696  2478 3744  80 1  0  0 0 0 0 0  00000000
   6.733  2478 3742  80 1  0  0 0 0 0 0  00000000
   6.746  2479 3740  80 1  0  0 0 0 0 0  00000000
   6.758  2479 3740  79 1  0  0 0 0 0 0  00000000
   6.771  2479 3738  80 1  0  0 0 0 0 0  00000000
   6.784  2479 3738  79 1  0  0 0 0 0 0  00000000
   6.796  2479 3738  78 1  0  0 0 0 0 0  00000000
   6.822  2479 3738  77 1  0  0 0 0 0 0  00000000
   6.833  2479 3739  76 1  0  0 0 0 0 0  00000000
   6.845  2483 3744  74 1  0  0 0 0 0 0  00000000
   6.858  2487 3767  72 1  0  0 0 0 0 0  00000000
   6.869  2492 3768  71 1  0  0 0 0 0 0  00000000
   6.882  2526 3798  65 1  0  0 0 0 0 0  00000000
   6.895  2555 3798  52 1  0  0 0 0 0 0  00000000
   6.907  2555 3798   0 0  0  0 0 0 0 0  00000000
   7.007  3806 2714  72 1  0  0 0 0 0 0  00000000
   7.019  3806 2715  71 1  0  0 0 0 0 0  00000000
   7.032  3806 2716  73 1  0  0 0 0 0 0  00000000
   7.057  3806 2717  73 1  0  0 0 0 0 0  00000000
   7.069  3804 2718  73 1  0  0 0 0 0 0  00000000
   7.081  3803 2719  74 1  0  0 0 0 0 0  00000000
   7.094  3803 2720  73 1  0  0 0 0 0 0  00000000
   7.106  3803 2721  74 1  0  0 0 0 0 0  00000000
   7.119  3803 2722  74 1  0  0 0 0 0 0  00000000
   7.131  3803 2723  74 1  0  0 0 0 0 0  00000000
   7.181  3803 2721  75 1  0  0 0 0 0 0  00000000
   7.192  3803 2721  74 1  0  0 0 0 0 0  00000000
   7.243  3803 2721  73 1  0  0 0 0 0 0  00000000
   7.280  3804 2720  73 1  0  0 0 0 0 0  00000000
   7.292  3805 2720  72 1  0  0 0 0 0 0  00000000
   7.305  3841 2720  69 1  0  0 0 0 0 0  00000000
   7.318  3897 2699  67 1  0  0 0 0 0 0  00000000
   7.329  3955 2656  57 1  0  0 0 0 0 0  00000000
   7.341  3955 2656   0 0  0  0 0 0 0 0  00000000
   7.504  2624 3781  63 1  0  0 0 0 0 0  00000000
   7.516  2566 3758  75 1  0  0 0 0 0 0  00000000
   7.528  2565 3759  79 1  0  0 0 0 0 0  00000000
   7.540  2560 3757  81 1  0  0 0 0 0 0  00000000
   7.553  2558 3753  81 1  0  0 0 0 0 0  00000000
   7.566  2556 3752  82 1  0  0 0 0 0 0  00000000
   7.578  2554 3752  81 1  0  0 0 0 0 0  00000000
   7.591  2554 3752  82 1  0  0 0 0 0 0  00000000
   7.602  2554 3752  81 1  0  0 0 0 0 0  00000000
   7.615  2554 3752  82 1  0  0 0 0 0 0  00000000
   7.626  2554 3752  81 1  0  0 0 0 0 0  00000000
   7.639  2554 3752  80 1  0  0 0 0 0 0  00000000
   7.652  2554 3752  81 1  0  0 0 0 0 0  00000000
   7.664  2553 3752  81 1  0  0 0 0 0 0  00000000
   7.689  2553 3750  81 1  0  0 0 0 0 0  00000000
   7.701  2551 3748  82 1  0  0 0 0 0 0  00000000
   7.714  2551 3746  81 1  0  0 0 0 0 0  00000000
   7.727  2550 3742  82 1  0  0 0 0 0 0  00000000
   7.738  2550 3740  82 1  0  0 0 0 0 0  00000000
   7.751  2548 3738  82 1  0  0 0 0 0 0  00000000
   7.763  2548 3738  81 1  0  0 0 0 0 0  00000000
   7.776  2548 3737  82 1  0  0 0 0 0 0  00000000
   7.789  2548 3737  81 1  0  0 0 0 0 0  00000000
   7.800  2546 3737  82 1  0  0 0 0 0 0  00000000
   7.813  2546 3737  81 1  0  0 0 0 0 0  00000000
   7.851  2544 3737  81 1  0  0 0 0 0 0  00000000
   7.875  2544 3737  82 1  0  0 0 0 0 0  00000000
   7.900  2544 3735  82 1  0  0 0 0 0 0  00000000
   7.912  2544 3735  81 1  0  0 0 0 0 0  00000000
   7.925  2544 3735  82 1  0  0 0 0 0 0  00000000
   7.987  2544 3736  83 1  0  0 0 0 0 0  00000000
   8.012  2543 3737  82 1  0  0 0 0 0 0  00000000
   8.037  2543 3738  82 1  0  0 0 0 0 0  00000000
   8.049  2543 3743  80 1  0  0 0 0 0 0  00000000
   8.062  2547 3764  74 1  0  0 0 0 0 0  00000000
   8.074  2587 3764  55 1  0  0 0 0 0 0  00000000
   8.086  2587 3764   0 0  0  0 0 0 0 0  00000000
