time	 y	 z	 f	 w	 l	 r	 u	 d	 m	 multi
   0.000  3816 2850   0 0  0  0 0 0 0 0  00000000
   0.533  3483 2820  75 1  0  0 0 0 0 0  00000000
   0.558  3481 2820  74 1  0  0 0 0 0 0  00000000
   0.571  3480 2820  73 1  0  0 0 0 0 0  00000000
   0.584  3480 2843  72 1  0  0 0 0 0 0  00000000
   0.596  3484 2860  69 1  0  0 0 0 0 0  00000000
   0.608  3508 2885  68 1  0  0 0 0 0 0  00000000
   0.620  3526 2926  62 1  0  0 0 0 0 0  00000000
   0.632  3526 2967  49 1  0  0 0 0 0 0  00000000
   0.645  3526 2967   0 0  0  0 0 0 0 0  00000000
   1.092  2704 3821  76 1  0  0 0 0 0 0  00000000
   1.105  2704 3817  76 1  0  0 0 0 0 0  00000000
   1.116  2702 3812  78 1  0  0 0 0 0 0  00000000
   1.129  2700 3811  79 1  0  0 0 0 0 0  00000000
   1.142  2698 3811  78 1  0  0 0 0 0 0  00000000
   1.154  2697 3811  78 1  0  0 0 0 0 0  00000000
   1.179  2697 3811  76 1  0  0 0 0 0 0  00000000
   1.191  2697 3812  76 1  0  0 0 0 0 0  00000000
   1.204  2697 3813  75 1  0  0 0 0 0 0  00000000
   1.215  2697 3814  75 1  0  0 0 0 0 0  00000000
   1.228  2696 3819  75 1  0  0 0 0 0 0  00000000
   1.240  2696 3820  75 1  0  0 0 0 0 0  00000000
   1.254  2694 3820  76 1  0  0 0 0 0 0  00000000
   1.266  2674 3819  75 1  0  0 0 0 0 0  00000000
   1.278  2673 3815  75 1  0  0 0 0 0 0  00000000
   1.291  2671 3809  76 1  0  0 0 0 0 0  00000000
   1.303  2669 3803  76 1  0  0 0 0 0 0  00000000
   1.316  2669 3801  76 1  0  0 0 0 0 0  00000000
   1.328  2669 3799  76 1  0  0 0 0 0 0  00000000
   1.340  2669 3798  74 1  0  0 0 0 0 0  00000000
   1.353  2669 3796  72 1  0  0 0 0 0 0  00000000
   1.365  2669 3796  68 1  0  0 0 0 0 0  00000000
   1.378  2669 3803  61 1  0  0 0 0 0 0  00000000
   1.389  2644 3809  45 1  0  0 0 0 0 0  00000000
   1.401  2644 3809   0 0  0  0 0 0 0 0  00000000
   1.513  3878 3090  69 1  0  0 0 0 0 0  00000000
   1.526  3879 3090  68 1  0  0 0 0 0 0  00000000
   1.539  3879 3090  70 1  0  0 0 0 0 0  00000000
   1.551  3879 3090  71 1  0  0 0 0 0 0  00000000
   1.563  3879 3091  72 1  0  0 0 0 0 0  00000000
   1.588  3879 3091  71 1  0  0 0 0 0 0  00000000
   1.601  3879 3091  72 1  0  0 0 0 0 0  00000000
   1.614  3879 3091  70 1  0  0 0 0 0 0  00000000
   1.626  3879 3073  68 1  0  0 0 0 0 0  00000000
   1.638  3895 3044  64 1  0  0 0 0 0 0  00000000
   1.651  3927 2976  53 1  0  0 0 0 0 0  00000000
   1.664  2569 4035  69 1  0  0 0 0 0 0  00000000
   1.676  2567 4012  68 1  0  0 0 0 0 0  00000000
   1.687  2562 4012  71 1  0  0 0 0 0 0  00000000
   1.700  2536 3993  74 1  0  0 0 0 0 0  00000000
   1.711  2536 3993  73 1  0  0 0 0 0 0  00000000
   1.724  2536 3993  74 1  0  0 0 0 0 0  00000000
   1.749  2536 3993  73 1  0  0 0 0 0 0  00000000
   1.762  2540 3993  72 1  0  0 0 0 0 0  00000000
   1.775  2541 3993  71 1  0  0 0 0 0 0  00000000
   1.787  2542 3993  70 1  0  0 0 0 0 0  00000000
   1.799  2543 3994  70 1  0  0 0 0 0 0  00000000
   1.812  2544 3995  71 1  0  0 0 0 0 0  00000000
   1.824  2545 3996  70 1  0  0 0 0 0 0  00000000
   1.837  2546 3996  71 1  0  0 0 0 0 0  00000000
   1.849  2547 3996  70 1  0  0 0 0 0 0  00000000
   1.862  2548 3996  71 1  0  0 0 0 0 0  00000000
   1.923  2548 3997  71 1  0  0 0 0 0 0  00000000
   1.935  2548 4001  70 1  0  0 0 0 0 0  00000000
   1.945  2548 4002  70 1  0  0 0 0 0 0  00000000
   1.955  2548 4003  69 1  0  0 0 0 0 0  00000000
   1.973  2568 4004  63 1  0  0 0 0 0 0  00000000
   1.986  2569 4034  58 1  0  0 0 0 0 0  00000000
   1.998  2573 4034  49 1  0  0 0 0 0 0  00000000
   2.011  2573 4034   0 0  0  0 0 0 0 0  00000000
   2.171  2468 4101  69 1  0  0 0 0 0 0  00000000
   2.185  2468 4101  68 1  0  0 0 0 0 0  00000000
   2.196  2466 4101  71 1  0  0 0 0 0 0  00000000
   2.208  2464 4099  71 1  0  0 0 0 0 0  00000000
   2.221  2462 4097  71 1  0  0 0 0 0 0  00000000
   2.233  2460 4097  71 1  0  0 0 0 0 0  00000000
   2.246  2459 4097  71 1  0  0 0 0 0 0  00000000
   2.258  2459 4097  70 1  0  0 0 0 0 0  00000000
   2.271  2459 4097  71 1  0  0 0 0 0 0  00000000
   2.283  2459 4097  70 1  0  0 0 0 0 0  00000000
   2.307  2459 4097  71 1  0  0 0 0 0 0  00000000
   2.320  2459 4098  71 1  0  0 0 0 0 0  00000000
   2.333  2459 4099  71 1  0  0 0 0 0 0  00000000
   2.357  2459 4099  70 1  0  0 0 0 0 0  00000000
   2.370  2458 4099  71 1  0  0 0 0 0 0  00000000
   2.419  2458 4100  70 1  0  0 0 0 0 0  00000000
   2.428  2458 4101  70 1  0  0 0 0 0 0  00000000
   2.438  2458 4101  71 1  0  0 0 0 0 0  00000000
   2.458  2458 4101  70 1  0  0 0 0 0 0  00000000
   2.482  2458 4102  69 1  0  0 0 0 0 0  00000000
   2.494  2458 4103  69 1  0  0 0 0 0 0  00000000
   2.506  2458 4104  69 1  0  0 0 0 0 0  00000000
   2.519  2458 4105  68 1  0  0 0 0 0 0  00000000
   2.532  2458 4106  68 1  0  0 0 0 0 0  00000000
   2.544  2458 4111  67 1  0  0 0 0 0 0  00000000
   2.556  2458 4112  65 1  0  0 0 0 0 0  00000000
   2.569  2458 4113  63 1  0  0 0 0 0 0  00000000
   2.580  2485 4135  57 1  0  0 0 0 0 0  00000000
   2.593  2486 4135  43 1  0  0 0 0 0 0  00000000
   2.605  2486 4135   0 0  0  0 0 0 0 0  00000000
   2.730  3790 3398  69 1  0  0 0 0 0 0  00000000
   2.741  3790 3378  66 1  0  0 0 0 0 0  00000000
   2.754  3790 3378  69 1  0  0 0 0 0 0  00000000
   2.767  3790 3377  70 1  0  0 0 0 0 0  00000000
   2.779  3788 3377  69 1  0  0 0 0 0 0  00000000
   2.792  3788 3377  70 1  0  0 0 0 0 0  00000000
   2.804  3788 3377  71 1  0  0 0 0 0 0  00000000
   2.816  3788 3377  70 1  0  0 0 0 0 0  00000000
   2.828  3788 3375  71 1  0  0 0 0 0 0  00000000
   2.842  3788 3375  70 1  0  0 0 0 0 0  00000000
   2.853  3786 3375  70 1  0  0 0 0 0 0  00000000
   2.891  3784 3375  69 1  0  0 0 0 0 0  00000000
   2.916  3783 3375  70 1  0  0 0 0 0 0  00000000
   2.929  3781 3375  70 1  0  0 0 0 0 0  00000000
   2.953  3781 3373  70 1  0  0 0 0 0 0  00000000
   2.966  3781 3373  69 1  0  0 0 0 0 0  00000000
   3.002  3781 3373  68 1  0  0 0 0 0 0  00000000
   3.015  3782 3373  67 1  0  0 0 0 0 0  00000000
   3.027  3786 3373  66 1  0  0 0 0 0 0  00000000
   3.040  3831 3368  56 1  0  0 0 0 0 0  00000000
   3.053  3831 3368   0 0  0  0 0 0 0 0  00000000
   3.177  2389 4191  64 1  0  0 0 0 0 0  00000000
   3.189  2389 4191  60 1  0  0 0 0 0 0  00000000
   3.202  2387 4191  63 1  0  0 0 0 0 0  00000000
   3.213  2385 4191  64 1  0  0 0 0 0 0  00000000
   3.226  2383 4192  63 1  0  0 0 0 0 0  00000000
   3.238  2383 4198  63 1  0  0 0 0 0 0  00000000
   3.250  2382 4199  63 1  0  0 0 0 0 0  00000000
   3.263  2382 4200  62 1  0  0 0 0 0 0  00000000
   3.275  2382 4201  62 1  0  0 0 0 0 0  00000000
   3.288  2382 4207  61 1  0  0 0 0 0 0  00000000
   3.300  2382 4212  60 1  0  0 0 0 0 0  00000000
   3.313  2382 4234  59 1  0  0 0 0 0 0  00000000
   3.325  2382 4234  58 1  0  0 0 0 0 0  00000000
   3.337  2382 4235  56 1  0  0 0 0 0 0  00000000
   3.350  2382 4236  55 1  0  0 0 0 0 0  00000000
   3.362  2347 4268  49 1  0  0 0 0 0 0  00000000
   3.374  2348 4246  37 1  0  0 0 0 0 0  00000000
   3.386  2348 4246   0 0  0  0 0 0 0 0  00000000
   3.400  3770 3194  74 1  0  0 0 0 0 0  00000000
   3.411  3754 3170  70 1  0  0 0 0 0 0  00000000
   3.424  3755 3171  74 1  0  0 0 0 0 0  00000000
   3.436  3756 3171  74 1  0  0 0 0 0 0  00000000
   3.449  3757 3171  74 1  0  0 0 0 0 0  00000000
   3.474  3758 3171  74 1  0  0 0 0 0 0  00000000
   3.486  3759 3175  74 1  0  0 0 0 0 0  00000000
   3.500  3760 3176  73 1  0  0 0 0 0 0  00000000
   3.510  3765 3177  74 1  0  0 0 0 0 0  00000000
   3.524  3766 3177  73 1  0  0 0 0 0 0  00000000
   3.536  3767 3177  73 1  0  0 0 0 0 0  00000000
   3.548  3768 3177  73 1  0  0 0 0 0 0  00000000
   3.561  3772 3177  73 1  0  0 0 0 0 0  00000000
   3.574  3773 3177  73 1  0  0 0 0 0 0  00000000
   3.611  3773 3177  74 1  0  0 0 0 0 0  00000000
   3.623  3773 3177  73 1  0  0 0 0 0 0  00000000
   3.636  3773 3177  72 1  0  0 0 0 0 0  00000000
   3.660  3773 3177  71 1  0  0 0 0 0 0  00000000
   3.673  3774 3176  69 1  0  0 0 0 0 0  00000000
   3.685  3810 3170  62 1  0  0 0 0 0 0  00000000
   3.697  3811 3121  51 1  0  0 0 0 0 0  00000000
   3.710  3811 3121   0 0  0  0 0 0 0 0  00000000
   3.734  2438 4190  37 1  0  0 0 0 0 0  00000000
   3.747  2385 4143  67 1  0  0 0 0 0 0  00000000
   3.759  2385 4143  68 1  0  0 0 0 0 0  00000000
   3.772  2385 4139  69 1  0  0 0 0 0 0  00000000
   3.784  2385 4134  69 1  0  0 0 0 0 0  00000000
   3.797  2385 4132  69 1  0  0 0 0 0 0  00000000
   3.822  2385 4132  68 1  0  0 0 0 0 0  00000000
   3.847  2385 4133  67 1  0  0 0 0 0 0  00000000
   3.859  2385 4134  67 1  0  0 0 0 0 0  00000000
   3.871  2384 4138  66 1  0  0 0 0 0 0  00000000
   3.883  2384 4139  66 1  0  0 0 0 0 0  00000000
   3.896  2384 4140  66 1  0  0 0 0 0 0  00000000
   3.908  2384 4141  66 1  0  0 0 0 0 0  00000000
   3.922  2382 4142  65 1  0  0 0 0 0 0  00000000
   3.932  2382 4143  65 1  0  0 0 0 0 0  00000000
   3.945  2382 4147  65 1  0  0 0 0 0 0  00000000
   3.959  2382 4148  65 1  0  0 0 0 0 0  00000000
   3.971  2382 4149  65 1  0  0 0 0 0 0  00000000
   3.987  2382 4150  64 1  0  0 0 0 0 0  00000000
   3.996  2382 4151  63 1  0  0 0 0 0 0  00000000
   4.007  2382 4155  61 1  0  0 0 0 0 0  00000000
   4.020  2383 4160  58 1  0  0 0 0 0 0  00000000
   4.033  2383 4165  53 1  0  0 0 0 0 0  00000000
   4.045  2352 4189  45 1  0  0 0 0 0 0  00000000
   4.059  3719 3076  74 1  0  0 0 0 0 0  00000000
   4.070  3719 3076  70 1  0  0 0 0 0 0  00000000
   4.083  3719 3074  72 1  0  0 0 0 0 0  00000000
   4.095  3719 3074  73 1  0  0 0 0 0 0  00000000
   4.107  3719 3074  74 1  0  0 0 0 0 0  00000000
   4.120  3719 3074  73 1  0  0 0 0 0 0  00000000
   4.157  3719 3074  72 1  0  0 0 0 0 0  00000000
   4.182  3720 3073  72 1  0  0 0 0 0 0  00000000
   4.195  3721 3073  73 1  0  0 0 0 0 0  00000000
   4.207  3725 3073  72 1  0  0 0 0 0 0  00000000
   4.219  3726 3071  72 1  0  0 0 0 0 0  00000000
   4.231  3727 3069  72 1  0  0 0 0 0 0  00000000
   4.244  3732 3068  71 1  0  0 0 0 0 0  00000000
   4.255  3733 3064  72 1  0  0 0 0 0 0  00000000
   4.268  3734 3063  72 1  0  0 0 0 0 0  00000000
   4.281  3734 3063  71 1  0  0 0 0 0 0  00000000
   4.294  3734 3063  72 1  0  0 0 0 0 0  00000000
   4.305  3734 3063  71 1  0  0 0 0 0 0  00000000
   4.331  3734 3064  72 1  0  0 0 0 0 0  00000000
   4.342  3735 3065  72 1  0  0 0 0 0 0  00000000
   4.355  3735 3066  70 1  0  0 0 0 0 0  00000000
   4.368  3735 3067  70 1  0  0 0 0 0 0  00000000
   4.379  3735 3068  70 1  0  0 0 0 0 0  00000000
   4.392  3736 3072  70 1  0  0 0 0 0 0  00000000
   4.405  3737 3073  67 1  0  0 0 0 0 0  00000000
   4.417  3742 3098  64 1  0  0 0 0 0 0  00000000
   4.428  3786 3099  46 1  0  0 0 0 0 0  00000000
   4.441  3786 3099   0 0  0  0 0 0 0 0  00000000
   4.553  3646 3310  56 1  0  0 0 0 0 0  00000000
   4.565  3583 3280  73 1  0  0 0 0 0 0  00000000
   4.578  3583 3280  75 1  0  0 0 0 0 0  00000000
   4.603  3578 3280  77 1  0  0 0 0 0 0  00000000
   4.616  3577 3300  76 1  0  0 0 0 0 0  00000000
   4.641  3575 3321  78 1  0  0 0 0 0 0  00000000
   4.653  3576 3322  77 1  0  0 0 0 0 0  00000000
   4.666  3577 3344  76 1  0  0 0 0 0 0  00000000
   4.678  3578 3344  74 1  0  0 0 0 0 0  00000000
   4.690  3602 3344  73 1  0  0 0 0 0 0  00000000
   4.703  3602 3345  73 1  0  0 0 0 0 0  00000000
   4.716  3602 3345  71 1  0  0 0 0 0 0  00000000
   4.727  3603 3345  68 1  0  0 0 0 0 0  00000000
   4.739  3604 3322  62 1  0  0 0 0 0 0  00000000
   4.752  3630 3322  46 1  0  0 0 0 0 0  00000000
   4.763  3630 3322   0 0  0  0 0 0 0 0  00000000
   4.863  2274 4122  70 1  0  0 0 0 0 0  00000000
   4.888  2256 4121  70 1  0  0 0 0 0 0  00000000
   4.901  2257 4121  71 1  0  0 0 0 0 0  00000000
   4.926  2257 4121  70 1  0  0 0 0 0 0  00000000
   4.937  2258 4143  68 1  0  0 0 0 0 0  00000000
   4.950  2279 4168  66 1  0  0 0 0 0 0  00000000
   4.963  2280 4190  64 1  0  0 0 0 0 0  00000000
   4.975  2317 4219  59 1  0  0 0 0 0 0  00000000
   4.988  2363 4256  53 1  0  0 0 0 0 0  00000000
   4.999  2363 4256   0 0  0  0 0 0 0 0  00000000
   5.124  3747 3320  73 1  0  0 0 0 0 0  00000000
   5.137  3747 3320  71 1  0  0 0 0 0 0  00000000
   5.151  3745 3320  73 1  0  0 0 0 0 0  00000000
   5.163  3744 3321  73 1  0  0 0 0 0 0  00000000
   5.175  3744 3326  73 1  0  0 0 0 0 0  00000000
   5.186  3742 3353  73 1  0  0 0 0 0 0  00000000
   5.198  3742 3370  71 1  0  0 0 0 0 0  00000000
   5.211  3742 3404  68 1  0  0 0 0 0 0  00000000
   5.223  3742 3446  59 1  0  0 0 0 0 0  00000000
   5.236  3742 3446   0 0  0  0 0 0 0 0  00000000
   5.410  2462 4098  71 1  0  0 0 0 0 0  00000000
   5.422  2462 4067  71 1  0  0 0 0 0 0  00000000
   5.435  2461 4043  74 1  0  0 0 0 0 0  00000000
   5.461  2459 4042  74 1  0  0 0 0 0 0  00000000
   5.473  2458 4042  74 1  0  0 0 0 0 0  00000000
   5.485  2458 4042  73 1  0  0 0 0 0 0  00000000
   5.497  2458 4043  73 1  0  0 0 0 0 0  00000000
   5.508  2458 4044  74 1  0  0 0 0 0 0  00000000
   5.521  2458 4049  73 1  0  0 0 0 0 0  00000000
   5.533  2458 4050  73 1  0  0 0 0 0 0  00000000
   5.543  2458 4051  73 1  0  0 0 0 0 0  00000000
   5.596  2456 4051  74 1  0  0 0 0 0 0  00000000
   5.608  2456 4051  73 1  0  0 0 0 0 0  00000000
   5.621  2456 4051  74 1  0  0 0 0 0 0  00000000
   5.633  2456 4049  75 1  0  0 0 0 0 0  00000000
   5.643  2456 4047  75 1  0  0 0 0 0 0  00000000
   5.658  2456 4046  75 1  0  0 0 0 0 0  00000000
   5.671  2455 4045  74 1  0  0 0 0 0 0  00000000
   5.695  2453 4045  74 1  0  0 0 0 0 0  00000000
   5.720  2453 4045  73 1  0  0 0 0 0 0  00000000
   5.733  2453 4045  74 1  0  0 0 0 0 0  00000000
   5.744  2453 4045  75 1  0  0 0 0 0 0  00000000
   5.757  2453 4045  74 1  0  0 0 0 0 0  00000000
   5.820  2453 4045  75 1  0  0 0 0 0 0  00000000
   5.843  2453 4045  74 1  0  0 0 0 0 0  00000000
   5.856  2453 4045  75 1  0  0 0 0 0 0  00000000
   5.868  2453 4045  74 1  0  0 0 0 0 0  00000000
   5.881  2451 4045  75 1  0  0 0 0 0 0  00000000
   5.893  2451 4045  74 1  0  0 0 0 0 0  00000000
   5.906  2451 4045  75 1  0  0 0 0 0 0  00000000
   5.931  2451 4046  74 1  0  0 0 0 0 0  00000000
   5.944  2451 4047  74 1  0  0 0 0 0 0  00000000
   5.956  2451 4048  73 1  0  0 0 0 0 0  00000000
   5.968  2451 4052  71 1  0  0 0 0 0 0  00000000
   5.980  2452 4057  66 1  0  0 0 0 0 0  00000000
   5.993  2484 4093  52 1  0  0 0 0 0 0  00000000
   6.004  2484 4093   0 0  0  0 0 0 0 0  00000000
   6.935  5222 4490  47 1  0  0 0 0 0 0  00000000
   6.962  4029 4779  36 1  0  0 0 0 0 0  00000000
   6.973  4029 4779   0 0  0  0 0 0 0 0  00000000
