time	 y	 z	 f	 w	 l	 r	 u	 d	 m	 multi
   0.000  4160 2359   0 0  0  0 0 0 0 0  00000000
   0.249  2773 3443  88 1  0  0 0 0 0 0  00000000
   0.261  2773 3356  88 1  0  0 0 0 0 0  00000000
   0.274  2754 3334  91 1  0  0 0 0 0 0  00000000
   0.287  2754 3332  91 1  0  0 0 0 0 0  00000000
   0.299  2754 3330  92 1  0  0 0 0 0 0  00000000
   0.312  2754 3328  90 1  0  0 0 0 0 0  00000000
   0.337  2905 3259  68 2  0  0 0 0 0 0  00000000
   0.350  4304 2061  68 1  0  0 0 0 0 0  00000000
   0.361  4304 2062  70 1  0  0 0 0 0 0  00000000
   0.373  4304 2066  71 1  0  0 0 0 0 0  00000000
   0.382  4304 2067  71 1  0  0 0 0 0 0  00000000
   0.392  4304 2072  71 1  0  0 0 0 0 0  00000000
   0.410  4304 2097  72 1  0  0 0 0 0 0  00000000
   0.423  4304 2098  72 1  0  0 0 0 0 0  00000000
   0.435  4305 2104  71 1  0  0 0 0 0 0  00000000
   0.448  4311 2131  70 1  0  0 0 0 0 0  00000000
   0.463  4317 2131  70 1  0  0 0 0 0 0  00000000
   0.473  4321 2131  69 1  0  0 0 0 0 0  00000000
   0.486  4322 2131  69 1  0  0 0 0 0 0  00000000
   0.497  4322 2131  70 1  0  0 0 0 0 0  00000000
   0.522  4322 2131  71 1  0  0 0 0 0 0  00000000
   0.559  4322 2131  70 1  0  0 0 0 0 0  00000000
   0.572  4322 2131  71 1  0  0 0 0 0 0  00000000
   0.585  4322 2129  70 1  0  0 0 0 0 0  00000000
   0.596  4322 2127  70 1  0  0 0 0 0 0  00000000
   0.609  4326 2126  69 1  0  0 0 0 0 0  00000000
   0.621  4327 2126  69 1  0  0 0 0 0 0  00000000
   0.634  4328 2126  69 1  0  0 0 0 0 0  00000000
   0.646  4329 2126  69 1  0  0 0 0 0 0  00000000
   0.684  4329 2126  70 1  0  0 0 0 0 0  00000000
   0.707  4329 2126  69 1  0  0 0 0 0 0  00000000
   0.728  4333 2126  70 1  0  0 0 0 0 0  00000000
   0.745  4334 2126  69 1  0  0 0 0 0 0  00000000
   0.758  4335 2121  68 1  0  0 0 0 0 0  00000000
   0.770  4362 2115  64 1  0  0 0 0 0 0  00000000
   0.782  4385 2091  56 1  0  0 0 0 0 0  00000000
   0.794  4385 2091   0 0  0  0 0 0 0 0  00000000
   0.870  2771 3232  89 1  0  0 0 0 0 0  00000000
   0.881  2770 3212  90 1  0  0 0 0 0 0  00000000
   0.896  2769 3210  91 1  0  0 0 0 0 0  00000000
   0.907  2765 3209  92 1  0  0 0 0 0 0  00000000
   0.919  2764 3203  92 1  0  0 0 0 0 0  00000000
   0.932  2764 3197  90 1  0  0 0 0 0 0  00000000
   0.945  2764 3191  89 1  0  0 0 0 0 0  00000000
   0.957  2764 3184  87 1  0  0 0 0 0 0  00000000
   0.968  2763 3177  86 1  0  0 0 0 0 0  00000000
   0.981  2761 3170  86 1  0  0 0 0 0 0  00000000
   0.994  2760 3164  85 1  0  0 0 0 0 0  00000000
   1.006  2760 3162  86 1  0  0 0 0 0 0  00000000
   1.018  2758 3156  85 1  0  0 0 0 0 0  00000000
   1.032  2756 3150  86 1  0  0 0 0 0 0  00000000
   1.043  2756 3144  85 1  0  0 0 0 0 0  00000000
   1.056  2754 3140  86 1  0  0 0 0 0 0  00000000
   1.069  2753 3120  86 1  0  0 0 0 0 0  00000000
   1.081  2753 3120  85 1  0  0 0 0 0 0  00000000
   1.093  2753 3120  86 1  0  0 0 0 0 0  00000000
   1.105  2753 3118  85 1  0  0 0 0 0 0  00000000
   1.118  2753 3118  83 1  0  0 0 0 0 0  00000000
   1.130  2753 3099  78 1  0  0 0 0 0 0  00000000
   1.142  2769 3100  72 1  0  0 0 0 0 0  00000000
   1.155  2803 3136  53 1  0  0 0 0 0 0  00000000
   1.167  2803 3136   0 0  0  0 0 0 0 0  00000000
   1.317  4240 2233  75 1  0  0 0 0 0 0  00000000
   1.329  4240 2231  74 1  0  0 0 0 0 0  00000000
   1.341  4240 2229  76 1  0  0 0 0 0 0  00000000
   1.354  4240 2227  76 1  0  0 0 0 0 0  00000000
   1.366  4240 2227  77 1  0  0 0 0 0 0  00000000
   1.379  4240 2227  76 1  0  0 0 0 0 0  00000000
   1.391  4240 2227  75 1  0  0 0 0 0 0  00000000
   1.404  4238 2223  70 1  0  0 0 0 0 0  00000000
   1.417  4259 2172  44 1  0  0 0 0 0 0  00000000
   1.429  2743 3468  61 1  0  0 0 0 0 0  00000000
   1.440  2636 3468  88 1  0  0 0 0 0 0  00000000
   1.452  2635 3445  91 1  0  0 0 0 0 0  00000000
   1.465  2633 3445  91 1  0  0 0 0 0 0  00000000
   1.478  2631 3445  92 1  0  0 0 0 0 0  00000000
   1.490  2629 3443  92 1  0  0 0 0 0 0  00000000
   1.502  2627 3441  89 1  0  0 0 0 0 0  00000000
   1.514  2625 3439  89 1  0  0 0 0 0 0  00000000
   1.527  2625 3435  87 1  0  0 0 0 0 0  00000000
   1.539  2625 3434  86 1  0  0 0 0 0 0  00000000
   1.551  2625 3433  86 1  0  0 0 0 0 0  00000000
   1.576  2626 3431  86 1  0  0 0 0 0 0  00000000
   1.589  2626 3429  87 1  0  0 0 0 0 0  00000000
   1.601  2626 3427  87 1  0  0 0 0 0 0  00000000
   1.614  2626 3425  87 1  0  0 0 0 0 0  00000000
   1.626  2626 3423  87 1  0  0 0 0 0 0  00000000
   1.638  2627 3423  87 1  0  0 0 0 0 0  00000000
   1.677  2627 3419  87 1  0  0 0 0 0 0  00000000
   1.689  2627 3417  88 1  0  0 0 0 0 0  00000000
   1.701  2627 3416  88 1  0  0 0 0 0 0  00000000
   1.738  2626 3416  88 1  0  0 0 0 0 0  00000000
   1.775  2626 3414  88 1  0  0 0 0 0 0  00000000
   1.788  2626 3412  87 1  0  0 0 0 0 0  00000000
   1.800  2626 3410  86 1  0  0 0 0 0 0  00000000
   1.850  2626 3409  82 1  0  0 0 0 0 0  00000000
   1.862  2626 3407  70 1  0  0 0 0 0 0  00000000
   1.874  2626 3407   0 0  0  0 0 0 0 0  00000000
   1.975  2686 3438  78 1  0  0 0 0 0 0  00000000
   1.987  2657 3407  85 1  0  0 0 0 0 0  00000000
   2.000  2657 3407  89 1  0  0 0 0 0 0  00000000
   2.011  2656 3406  91 1  0  0 0 0 0 0  00000000
   2.023  2656 3404  90 1  0  0 0 0 0 0  00000000
   2.035  2652 3404  91 1  0  0 0 0 0 0  00000000
   2.048  2651 3404  90 1  0  0 0 0 0 0  00000000
   2.061  2651 3404  88 1  0  0 0 0 0 0  00000000
   2.110  2651 3404  89 1  0  0 0 0 0 0  00000000
   2.135  2651 3404  88 1  0  0 0 0 0 0  00000000
   2.160  2651 3404  90 1  0  0 0 0 0 0  00000000
   2.173  2651 3402  90 1  0  0 0 0 0 0  00000000
   2.185  2649 3402  90 1  0  0 0 0 0 0  00000000
   2.222  2649 3402  89 1  0  0 0 0 0 0  00000000
   2.234  2649 3402  90 1  0  0 0 0 0 0  00000000
   2.271  2649 3401  91 1  0  0 0 0 0 0  00000000
   2.284  2649 3401  90 1  0  0 0 0 0 0  00000000
   2.321  2649 3397  90 1  0  0 0 0 0 0  00000000
   2.334  2649 3396  90 1  0  0 0 0 0 0  00000000
   2.347  2648 3395  91 1  0  0 0 0 0 0  00000000
   2.371  2648 3394  91 1  0  0 0 0 0 0  00000000
   2.421  2648 3394  90 1  0  0 0 0 0 0  00000000
   2.458  2648 3394  88 1  0  0 0 0 0 0  00000000
   2.471  2648 3394  85 1  0  0 0 0 0 0  00000000
   2.484  2649 3394  81 1  0  0 0 0 0 0  00000000
   2.495  2650 3394  76 1  0  0 0 0 0 0  00000000
   2.508  2688 3394  63 1  0  0 0 0 0 0  00000000
   2.519  2688 3356  42 1  0  0 0 0 0 0  00000000
   2.531  2688 3356   0 0  0  0 0 0 0 0  00000000
   2.545  4275 2160  64 1  0  0 0 0 0 0  00000000
   2.557  4228 2156  68 1  0  0 0 0 0 0  00000000
   2.569  4228 2155  71 1  0  0 0 0 0 0  00000000
   2.595  4228 2153  71 1  0  0 0 0 0 0  00000000
   2.632  4228 2151  71 1  0  0 0 0 0 0  00000000
   2.657  4228 2149  71 1  0  0 0 0 0 0  00000000
   2.669  4229 2149  71 1  0  0 0 0 0 0  00000000
   2.681  4230 2145  71 1  0  0 0 0 0 0  00000000
   2.694  4236 2144  70 1  0  0 0 0 0 0  00000000
   2.706  4237 2142  70 1  0  0 0 0 0 0  00000000
   2.719  4242 2142  70 1  0  0 0 0 0 0  00000000
   2.731  4243 2140  68 1  0  0 0 0 0 0  00000000
   2.743  4244 2138  68 1  0  0 0 0 0 0  00000000
   2.760  4248 2119  67 1  0  0 0 0 0 0  00000000
   2.768  4271 2119  64 1  0  0 0 0 0 0  00000000
   2.781  4302 2090  60 1  0  0 0 0 0 0  00000000
   2.793  4350 2090  45 1  0  0 0 0 0 0  00000000
   2.804  4350 2090   0 0  0  0 0 0 0 0  00000000
   2.978  2559 3540  54 1  0  0 0 0 0 0  00000000
   2.991  2502 3538  73 1  0  0 0 0 0 0  00000000
   3.004  2502 3538  76 1  0  0 0 0 0 0  00000000
   3.016  2502 3554  79 1  0  0 0 0 0 0  00000000
   3.041  2502 3572  79 1  0  0 0 0 0 0  00000000
   3.053  2527 3573  83 1  0  0 0 0 0 0  00000000
   3.066  2527 3578  83 1  0  0 0 0 0 0  00000000
   3.079  2528 3599  82 1  0  0 0 0 0 0  00000000
   3.091  2528 3600  80 1  0  0 0 0 0 0  00000000
   3.103  2528 3624  79 1  0  0 0 0 0 0  00000000
   3.116  2526 3624  76 1  0  0 0 0 0 0  00000000
   3.128  2548 3641  72 1  0  0 0 0 0 0  00000000
   3.140  2548 3639  67 1  0  0 0 0 0 0  00000000
   3.153  2565 3634  62 1  0  0 0 0 0 0  00000000
   3.179  2565 3591  46 2  0  0 0 0 0 0  00000000
   3.190  4219 2434  73 1  0  0 0 0 0 0  00000000
   3.215  4219 2434  74 1  0  0 0 0 0 0  00000000
   3.252  4219 2438  75 1  0  0 0 0 0 0  00000000
   3.265  4219 2442  75 1  0  0 0 0 0 0  00000000
   3.276  4219 2443  73 1  0  0 0 0 0 0  00000000
   3.285  4220 2444  73 1  0  0 0 0 0 0  00000000
   3.295  4221 2445  74 1  0  0 0 0 0 0  00000000
   3.315  4226 2449  73 1  0  0 0 0 0 0  00000000
   3.326  4227 2450  73 1  0  0 0 0 0 0  00000000
   3.338  4232 2450  73 1  0  0 0 0 0 0  00000000
   3.351  4233 2450  73 1  0  0 0 0 0 0  00000000
   3.363  4234 2450  72 1  0  0 0 0 0 0  00000000
   3.376  4235 2450  71 1  0  0 0 0 0 0  00000000
   3.388  4239 2448  71 1  0  0 0 0 0 0  00000000
   3.401  4244 2446  70 1  0  0 0 0 0 0  00000000
   3.413  4270 2444  68 1  0  0 0 0 0 0  00000000
   3.426  4295 2442  65 1  0  0 0 0 0 0  00000000
   3.438  4336 2409  58 1  0  0 0 0 0 0  00000000
   3.452  4377 2407  43 1  0  0 0 0 0 0  00000000
   3.462  4377 2407   0 0  0  0 0 0 0 0  00000000
   3.487  2600 3553  55 1  0  0 0 0 0 0  00000000
   3.500  2555 3551  79 1  0  0 0 0 0 0  00000000
   3.512  2553 3545  82 1  0  0 0 0 0 0  00000000
   3.525  2553 3543  83 1  0  0 0 0 0 0  00000000
   3.538  2553 3543  84 1  0  0 0 0 0 0  00000000
   3.550  2551 3543  83 1  0  0 0 0 0 0  00000000
   3.575  2551 3543  81 1  0  0 0 0 0 0  00000000
   3.600  2570 3566  78 1  0  0 0 0 0 0  00000000
   3.612  2570 3567  78 1  0  0 0 0 0 0  00000000
   3.625  2570 3594  77 1  0  0 0 0 0 0  00000000
   3.637  2589 3595  75 1  0  0 0 0 0 0  00000000
   3.650  2589 3601  75 1  0  0 0 0 0 0  00000000
   3.662  2589 3602  75 1  0  0 0 0 0 0  00000000
   3.675  2589 3603  75 1  0  0 0 0 0 0  00000000
   3.685  2589 3608  75 1  0  0 0 0 0 0  00000000
   3.698  2590 3613  74 1  0  0 0 0 0 0  00000000
   3.711  2590 3614  76 1  0  0 0 0 0 0  00000000
   3.723  2590 3614  75 1  0  0 0 0 0 0  00000000
   3.736  2590 3614  74 1  0  0 0 0 0 0  00000000
   3.749  2591 3609  71 1  0  0 0 0 0 0  00000000
   3.761  2610 3586  68 1  0  0 0 0 0 0  00000000
   3.774  2610 3582  64 1  0  0 0 0 0 0  00000000
   3.785  2614 3531  56 1  0  0 0 0 0 0  00000000
   3.812  4116 2185  67 1  0  0 0 0 0 0  00000000
   3.823  4116 2185  69 1  0  0 0 0 0 0  00000000
   3.848  4146 2185  73 1  0  0 0 0 0 0  00000000
   3.909  4146 2186  73 1  0  0 0 0 0 0  00000000
   3.923  4146 2187  72 1  0  0 0 0 0 0  00000000
   3.935  4139 2193  68 1  0  0 0 0 0 0  00000000
   3.947  4164 2194  68 1  0  0 0 0 0 0  00000000
   3.959  4162 2195  64 1  0  0 0 0 0 0  00000000
   3.971  4162 2196  63 1  0  0 0 0 0 0  00000000
   3.984  4209 2197  64 1  0  0 0 0 0 0  00000000
   3.996  4250 2198  63 1  0  0 0 0 0 0  00000000
   4.008  4278 2198  62 1  0  0 0 0 0 0  00000000
   4.021  4320 2169  59 1  0  0 0 0 0 0  00000000
   4.033  4336 2153  58 1  0  0 0 0 0 0  00000000
   4.046  4355 2151  52 1  0  0 0 0 0 0  00000000
   4.059  4376 2146  42 1  0  0 0 0 0 0  00000000
   4.070  4376 2146   0 0  0  0 0 0 0 0  00000000
   4.158  2476 3489  82 1  0  0 0 0 0 0  00000000
   4.170  2474 3487  79 1  0  0 0 0 0 0  00000000
   4.183  2472 3483  81 1  0  0 0 0 0 0  00000000
   4.195  2471 3482  81 1  0  0 0 0 0 0  00000000
   4.208  2471 3482  82 1  0  0 0 0 0 0  00000000
   4.219  2471 3503  80 1  0  0 0 0 0 0  00000000
   4.239  2471 3532  79 1  0  0 0 0 0 0  00000000
   4.256  2510 3598  75 1  0  0 0 0 0 0  00000000
   4.269  2560 3617  73 1  0  0 0 0 0 0  00000000
   4.281  2589 3655  63 1  0  0 0 0 0 0  00000000
   4.295  2614 3655  45 1  0  0 0 0 0 0  00000000
   4.306  2614 3655   0 0  0  0 0 0 0 0  00000000
   4.469  3945 2699  76 1  0  0 0 0 0 0  00000000
   4.479  3945 2678  74 1  0  0 0 0 0 0  00000000
   4.492  3945 2676  76 1  0  0 0 0 0 0  00000000
   4.506  3945 2676  75 1  0  0 0 0 0 0  00000000
   4.518  3945 2676  76 1  0  0 0 0 0 0  00000000
   4.530  3945 2676  77 1  0  0 0 0 0 0  00000000
   4.543  3945 2677  76 1  0  0 0 0 0 0  00000000
   4.555  3945 2698  76 1  0  0 0 0 0 0  00000000
   4.581  3945 2699  74 1  0  0 0 0 0 0  00000000
   4.592  3946 2703  74 1  0  0 0 0 0 0  00000000
   4.604  3947 2704  73 1  0  0 0 0 0 0  00000000
   4.618  3948 2709  73 1  0  0 0 0 0 0  00000000
   4.629  3949 2710  73 1  0  0 0 0 0 0  00000000
   4.642  3950 2711  73 1  0  0 0 0 0 0  00000000
   4.654  3951 2711  72 1  0  0 0 0 0 0  00000000
   4.667  3952 2712  71 1  0  0 0 0 0 0  00000000
   4.679  3953 2712  71 1  0  0 0 0 0 0  00000000
   4.691  3979 2732  66 1  0  0 0 0 0 0  00000000
   4.703  4022 2733  45 1  0  0 0 0 0 0  00000000
   4.715  4022 2733   0 0  0  0 0 0 0 0  00000000
   4.816  2637 3755  60 1  0  0 0 0 0 0  00000000
   4.827  2560 3729  79 1  0  0 0 0 0 0  00000000
   4.841  2560 3727  81 1  0  0 0 0 0 0  00000000
   4.852  2560 3721  82 1  0  0 0 0 0 0  00000000
   4.865  2558 3716  83 1  0  0 0 0 0 0  00000000
   4.877  2556 3714  84 1  0  0 0 0 0 0  00000000
   4.890  2554 3714  84 1  0  0 0 0 0 0  00000000
   4.903  2554 3714  83 1  0  0 0 0 0 0  00000000
   4.915  2554 3714  82 1  0  0 0 0 0 0  00000000
   4.928  2554 3714  83 1  0  0 0 0 0 0  00000000
   4.939  2554 3714  82 1  0  0 0 0 0 0  00000000
   4.954  2554 3715  82 1  0  0 0 0 0 0  00000000
   4.964  2554 3716  82 1  0  0 0 0 0 0  00000000
   4.976  2552 3720  83 1  0  0 0 0 0 0  00000000
   4.989  2552 3724  83 1  0  0 0 0 0 0  00000000
   5.002  2550 3729  83 1  0  0 0 0 0 0  00000000
   5.014  2548 3730  84 1  0  0 0 0 0 0  00000000
   5.027  2548 3731  84 1  0  0 0 0 0 0  00000000
   5.039  2548 3732  84 1  0  0 0 0 0 0  00000000
   5.052  2548 3733  84 1  0  0 0 0 0 0  00000000
   5.064  2548 3734  84 1  0  0 0 0 0 0  00000000
   5.077  2546 3735  84 1  0  0 0 0 0 0  00000000
   5.089  2546 3735  85 1  0  0 0 0 0 0  00000000
   5.100  2546 3736  85 1  0  0 0 0 0 0  00000000
   5.114  2546 3737  84 1  0  0 0 0 0 0  00000000
   5.126  2546 3738  85 1  0  0 0 0 0 0  00000000
   5.150  2546 3739  85 1  0  0 0 0 0 0  00000000
   5.175  2546 3740  85 1  0  0 0 0 0 0  00000000
   5.200  2546 3740  84 1  0  0 0 0 0 0  00000000
   5.226  2546 3740  82 1  0  0 0 0 0 0  00000000
   5.238  2547 3741  77 1  0  0 0 0 0 0  00000000
   5.250  2589 3742  61 1  0  0 0 0 0 0  00000000
   5.262  2589 3742   0 0  0  0 0 0 0 0  00000000
