time	 y	 z	 f	 w	 l	 r	 u	 d	 m	 multi
   0.000  2589 3742   0 0  0  0 0 0 0 0  00000000
   1.153  2589 3522  79 1  0  0 0 0 0 0  00000000
   1.165  2589 3523  78 1  0  0 0 0 0 0  00000000
   1.178  2589 3524  78 1  0  0 0 0 0 0  00000000
   1.189  2589 3525  78 1  0  0 0 0 0 0  00000000
   1.202  2588 3525  78 1  0  0 0 0 0 0  00000000
   1.215  2588 3525  77 1  0  0 0 0 0 0  00000000
   1.239  2587 3525  77 1  0  0 0 0 0 0  00000000
   1.264  2586 3525  78 1  0  0 0 0 0 0  00000000
   1.289  2585 3525  79 1  0  0 0 0 0 0  00000000
   1.339  2585 3523  79 1  0  0 0 0 0 0  00000000
   1.352  2584 3523  80 1  0  0 0 0 0 0  00000000
   1.363  2584 3523  78 1  0  0 0 0 0 0  00000000
   1.378  2584 3523  79 1  0  0 0 0 0 0  00000000
   1.401  2584 3523  78 1  0  0 0 0 0 0  00000000
   1.449  2584 3523  77 1  0  0 0 0 0 0  00000000
   1.464  2584 3523  78 1  0  0 0 0 0 0  00000000
   1.476  2584 3523  77 1  0  0 0 0 0 0  00000000
   1.487  2584 3524  76 1  0  0 0 0 0 0  00000000
   1.501  2584 3525  76 1  0  0 0 0 0 0  00000000
   1.512  2584 3529  75 1  0  0 0 0 0 0  00000000
   1.525  2584 3530  70 1  0  0 0 0 0 0  00000000
   1.537  2584 3531  62 1  0  0 0 0 0 0  00000000
   1.550  2561 3579  44 1  0  0 0 0 0 0  00000000
   1.561  2561 3579   0 0  0  0 0 0 0 0  00000000
   1.723  3706 3070  53 1  0  0 0 0 0 0  00000000
   1.736  3646 3046  66 1  0  0 0 0 0 0  00000000
   1.748  3647 3046  70 1  0  0 0 0 0 0  00000000
   1.761  3647 3042  70 1  0  0 0 0 0 0  00000000
   1.773  3647 3037  70 1  0  0 0 0 0 0  00000000
   1.785  3647 3036  70 1  0  0 0 0 0 0  00000000
   1.798  3647 3036  69 1  0  0 0 0 0 0  00000000
   1.810  3647 3036  70 1  0  0 0 0 0 0  00000000
   1.825  3647 3036  68 1  0  0 0 0 0 0  00000000
   1.835  3647 3036  67 1  0  0 0 0 0 0  00000000
   1.847  3679 3008  62 1  0  0 0 0 0 0  00000000
   1.859  3707 2992  45 1  0  0 0 0 0 0  00000000
   1.871  3707 2992   0 0  0  0 0 0 0 0  00000000
   2.268  2356 3777  74 1  0  0 0 0 0 0  00000000
   2.281  2356 3775  74 1  0  0 0 0 0 0  00000000
   2.294  2356 3774  75 1  0  0 0 0 0 0  00000000
   2.305  2354 3774  76 1  0  0 0 0 0 0  00000000
   2.318  2352 3774  76 1  0  0 0 0 0 0  00000000
   2.331  2350 3775  75 1  0  0 0 0 0 0  00000000
   2.343  2350 3776  75 1  0  0 0 0 0 0  00000000
   2.356  2350 3799  75 1  0  0 0 0 0 0  00000000
   2.369  2350 3799  74 1  0  0 0 0 0 0  00000000
   2.393  2350 3799  72 1  0  0 0 0 0 0  00000000
   2.405  2350 3799  69 1  0  0 0 0 0 0  00000000
   2.418  2350 3800  68 1  0  0 0 0 0 0  00000000
   2.430  2349 3800  65 1  0  0 0 0 0 0  00000000
   2.457  2345 3792  65 1  0  0 0 0 0 0  00000000
   2.467  2343 3787  65 1  0  0 0 0 0 0  00000000
   2.480  2341 3767  65 1  0  0 0 0 0 0  00000000
   2.492  2336 3767  65 1  0  0 0 0 0 0  00000000
   2.504  2335 3767  64 1  0  0 0 0 0 0  00000000
   2.517  2333 3767  63 1  0  0 0 0 0 0  00000000
   2.529  2333 3767  59 1  0  0 0 0 0 0  00000000
   2.541  2313 3767  54 1  0  0 0 0 0 0  00000000
   2.554  2313 3789  47 1  0  0 0 0 0 0  00000000
   2.566  2313 3789   0 0  0  0 0 0 0 0  00000000
   2.703  3679 2804  71 1  0  0 0 0 0 0  00000000
   2.728  3679 2804  72 1  0  0 0 0 0 0  00000000
   2.741  3678 2804  73 1  0  0 0 0 0 0  00000000
   2.753  3678 2804  72 1  0  0 0 0 0 0  00000000
   2.778  3678 2804  70 1  0  0 0 0 0 0  00000000
   2.790  3720 2800  60 1  0  0 0 0 0 0  00000000
   2.803  3720 2800   0 0  0  0 0 0 0 0  00000000
   2.815  2239 3804  78 1  0  0 0 0 0 0  00000000
   2.827  2222 3802  76 1  0  0 0 0 0 0  00000000
   2.839  2222 3800  79 1  0  0 0 0 0 0  00000000
   2.852  2222 3798  78 1  0  0 0 0 0 0  00000000
   2.864  2222 3796  78 1  0  0 0 0 0 0  00000000
   2.889  2222 3796  77 1  0  0 0 0 0 0  00000000
   2.901  2222 3796  76 1  0  0 0 0 0 0  00000000
   2.914  2222 3796  74 1  0  0 0 0 0 0  00000000
   2.939  2222 3800  76 1  0  0 0 0 0 0  00000000
   2.953  2222 3801  74 1  0  0 0 0 0 0  00000000
   2.965  2223 3801  75 1  0  0 0 0 0 0  00000000
   2.977  2223 3802  74 1  0  0 0 0 0 0  00000000
   2.989  2224 3803  76 1  0  0 0 0 0 0  00000000
   3.002  2225 3803  76 1  0  0 0 0 0 0  00000000
   3.027  2225 3803  77 1  0  0 0 0 0 0  00000000
   3.039  2225 3804  76 1  0  0 0 0 0 0  00000000
   3.051  2225 3804  77 1  0  0 0 0 0 0  00000000
   3.064  2225 3804  75 1  0  0 0 0 0 0  00000000
   3.076  2226 3804  76 1  0  0 0 0 0 0  00000000
   3.088  2226 3805  76 1  0  0 0 0 0 0  00000000
   3.126  2226 3806  74 1  0  0 0 0 0 0  00000000
   3.138  2226 3806  75 1  0  0 0 0 0 0  00000000
   3.151  2224 3806  74 1  0  0 0 0 0 0  00000000
   3.163  2224 3807  75 1  0  0 0 0 0 0  00000000
   3.174  2224 3807  70 1  0  0 0 0 0 0  00000000
   3.186  2244 3808  64 1  0  0 0 0 0 0  00000000
   3.201  2273 3809  46 1  0  0 0 0 0 0  00000000
   3.210  2273 3809   0 0  0  0 0 0 0 0  00000000
   3.312  4079 2888  48 1  0  0 0 0 0 0  00000000
   3.325  4019 2888  65 1  0  0 0 0 0 0  00000000
   3.336  4020 2889  65 1  0  0 0 0 0 0  00000000
   3.348  4020 2890  65 1  0  0 0 0 0 0  00000000
   3.361  4020 2891  66 1  0  0 0 0 0 0  00000000
   3.386  4020 2891  67 1  0  0 0 0 0 0  00000000
   3.411  4018 2891  67 1  0  0 0 0 0 0  00000000
   3.423  4018 2891  68 1  0  0 0 0 0 0  00000000
   3.436  4016 2890  68 1  0  0 0 0 0 0  00000000
   3.447  4014 2890  68 1  0  0 0 0 0 0  00000000
   3.460  4014 2890  67 1  0  0 0 0 0 0  00000000
   3.473  4012 2886  66 1  0  0 0 0 0 0  00000000
   3.486  4008 2880  65 1  0  0 0 0 0 0  00000000
   3.497  4003 2852  62 1  0  0 0 0 0 0  00000000
   3.507  4001 2852  62 1  0  0 0 0 0 0  00000000
   3.522  4001 2852   0 0  0  0 0 0 0 0  00000000
   3.671  2418 3834  67 1  0  0 0 0 0 0  00000000
   3.684  2383 3804  67 1  0  0 0 0 0 0  00000000
   3.696  2383 3805  71 1  0  0 0 0 0 0  00000000
   3.708  2383 3806  72 1  0  0 0 0 0 0  00000000
   3.721  2383 3807  73 1  0  0 0 0 0 0  00000000
   3.734  2383 3808  72 1  0  0 0 0 0 0  00000000
   3.745  2383 3813  72 1  0  0 0 0 0 0  00000000
   3.757  2383 3835  71 1  0  0 0 0 0 0  00000000
   3.770  2383 3835  70 1  0  0 0 0 0 0  00000000
   3.782  2383 3835  68 1  0  0 0 0 0 0  00000000
   3.795  2399 3852  64 1  0  0 0 0 0 0  00000000
   3.808  2416 3852  52 1  0  0 0 0 0 0  00000000
   3.819  2416 3852   0 0  0  0 0 0 0 0  00000000
   3.857  3833 2907  66 1  0  0 0 0 0 0  00000000
   3.869  3799 2903  65 1  0  0 0 0 0 0  00000000
   3.882  3799 2903  70 1  0  0 0 0 0 0  00000000
   3.906  3799 2904  70 1  0  0 0 0 0 0  00000000
   3.919  3799 2905  70 1  0  0 0 0 0 0  00000000
   3.933  3799 2910  70 1  0  0 0 0 0 0  00000000
   3.944  3799 2911  71 1  0  0 0 0 0 0  00000000
   3.956  3799 2916  70 1  0  0 0 0 0 0  00000000
   3.969  3800 2917  70 1  0  0 0 0 0 0  00000000
   3.982  3801 2918  69 1  0  0 0 0 0 0  00000000
   3.994  3807 2919  68 1  0  0 0 0 0 0  00000000
   4.007  3813 2920  67 1  0  0 0 0 0 0  00000000
   4.019  3819 2920  66 1  0  0 0 0 0 0  00000000
   4.032  3843 2920  65 1  0  0 0 0 0 0  00000000
   4.044  3844 2920  63 1  0  0 0 0 0 0  00000000
   4.055  3891 2900  58 1  0  0 0 0 0 0  00000000
   4.068  3932 2857  44 1  0  0 0 0 0 0  00000000
   4.079  3932 2857   0 0  0  0 0 0 0 0  00000000
   4.130  2295 3888  74 1  0  0 0 0 0 0  00000000
   4.142  2293 3886  70 1  0  0 0 0 0 0  00000000
   4.156  2291 3886  74 1  0  0 0 0 0 0  00000000
   4.167  2289 3886  74 1  0  0 0 0 0 0  00000000
   4.180  2287 3886  74 1  0  0 0 0 0 0  00000000
   4.192  2285 3887  73 1  0  0 0 0 0 0  00000000
   4.205  2284 3912  72 1  0  0 0 0 0 0  00000000
   4.217  2265 3931  69 1  0  0 0 0 0 0  00000000
   4.230  2265 3947  68 1  0  0 0 0 0 0  00000000
   4.249  2265 3968  66 1  0  0 0 0 0 0  00000000
   4.266  2266 3992  61 1  0  0 0 0 0 0  00000000
   4.279  2295 3992  54 1  0  0 0 0 0 0  00000000
   4.291  2320 3965  44 1  0  0 0 0 0 0  00000000
   4.302  2320 3965   0 0  0  0 0 0 0 0  00000000
   4.378  3824 2809  74 1  0  0 0 0 0 0  00000000
   4.392  3824 2807  69 1  0  0 0 0 0 0  00000000
   4.404  3824 2807  71 1  0  0 0 0 0 0  00000000
   4.427  3824 2807  73 1  0  0 0 0 0 0  00000000
   4.441  3824 2807  71 1  0  0 0 0 0 0  00000000
   4.452  3824 2808  71 1  0  0 0 0 0 0  00000000
   4.466  3824 2813  69 1  0  0 0 0 0 0  00000000
   4.478  3824 2834  68 1  0  0 0 0 0 0  00000000
   4.490  3824 2853  64 1  0  0 0 0 0 0  00000000
   4.503  3825 2853  59 1  0  0 0 0 0 0  00000000
   4.515  3846 2870  51 1  0  0 0 0 0 0  00000000
   4.526  3846 2870   0 0  0  0 0 0 0 0  00000000
   4.626  2175 3924  75 1  0  0 0 0 0 0  00000000
   4.639  2175 3922  70 1  0  0 0 0 0 0  00000000
   4.650  2175 3922  74 1  0  0 0 0 0 0  00000000
   4.663  2174 3922  74 1  0  0 0 0 0 0  00000000
   4.676  2172 3922  72 1  0  0 0 0 0 0  00000000
   4.700  2172 3961  69 1  0  0 0 0 0 0  00000000
   4.713  2172 3992  66 1  0  0 0 0 0 0  00000000
   4.724  2196 4021  62 1  0  0 0 0 0 0  00000000
   4.738  2239 4068  51 1  0  0 0 0 0 0  00000000
   4.749  2239 4068   0 0  0  0 0 0 0 0  00000000
   4.912  3824 2893  73 1  0  0 0 0 0 0  00000000
   4.925  3802 2826  69 1  0  0 0 0 0 0  00000000
   4.936  3802 2826  71 1  0  0 0 0 0 0  00000000
   4.949  3802 2821  72 1  0  0 0 0 0 0  00000000
   4.962  3803 2820  74 1  0  0 0 0 0 0  00000000
   4.974  3803 2818  73 1  0  0 0 0 0 0  00000000
   4.986  3801 2818  72 1  0  0 0 0 0 0  00000000
   4.999  3800 2818  72 1  0  0 0 0 0 0  00000000
   5.011  3800 2818  73 1  0  0 0 0 0 0  00000000
   5.036  3800 2818  72 1  0  0 0 0 0 0  00000000
   5.048  3800 2818  73 1  0  0 0 0 0 0  00000000
   5.085  3800 2818  71 1  0  0 0 0 0 0  00000000
   5.097  3801 2818  73 1  0  0 0 0 0 0  00000000
   5.110  3801 2818  72 1  0  0 0 0 0 0  00000000
   5.123  3801 2818  74 1  0  0 0 0 0 0  00000000
   5.135  3802 2816  74 1  0  0 0 0 0 0  00000000
   5.148  3803 2815  74 1  0  0 0 0 0 0  00000000
   5.160  3803 2815  73 1  0  0 0 0 0 0  00000000
   5.173  3804 2815  74 1  0  0 0 0 0 0  00000000
   5.185  3804 2815  72 1  0  0 0 0 0 0  00000000
   5.197  3804 2815  73 1  0  0 0 0 0 0  00000000
   5.247  3805 2815  74 1  0  0 0 0 0 0  00000000
   5.271  3806 2815  74 1  0  0 0 0 0 0  00000000
   5.284  3807 2815  74 1  0  0 0 0 0 0  00000000
   5.296  3808 2815  73 1  0  0 0 0 0 0  00000000
   5.309  3809 2815  74 1  0  0 0 0 0 0  00000000
   5.321  3809 2815  73 1  0  0 0 0 0 0  00000000
   5.346  3809 2815  74 1  0  0 0 0 0 0  00000000
   5.383  3809 2815  73 1  0  0 0 0 0 0  00000000
   5.409  3809 2815  74 1  0  0 0 0 0 0  00000000
   5.421  3809 2816  74 1  0  0 0 0 0 0  00000000
   5.433  3809 2817  74 1  0  0 0 0 0 0  00000000
   5.446  3809 2818  74 1  0  0 0 0 0 0  00000000
   5.458  3809 2818  73 1  0  0 0 0 0 0  00000000
   5.471  3810 2822  71 1  0  0 0 0 0 0  00000000
   5.482  3815 2849  62 1  0  0 0 0 0 0  00000000
   5.495  3816 2850  39 1  0  0 0 0 0 0  00000000
   5.507  3816 2850   0 0  0  0 0 0 0 0  00000000
