time	 y	 z	 f	 w	 l	 r	 u	 d	 m	 multi
   0.000  4029 4779   0 0  0  0 0 0 0 0  00000000
   1.607  3117 2943  55 1  0  0 0 0 0 0  00000000
   1.626  3047 2904  77 1  0  0 0 0 0 0  00000000
   1.645  3047 2905  84 1  0  0 0 0 0 0  00000000
   1.656  3047 2910  86 1  0  0 0 0 0 0  00000000
   1.669  3047 2938  86 1  0  0 0 0 0 0  00000000
   1.683  3047 2938  85 1  0  0 0 0 0 0  00000000
   1.693  3047 2938  84 1  0  0 0 0 0 0  00000000
   1.706  3047 2938  83 1  0  0 0 0 0 0  00000000
   1.719  3048 2958  81 1  0  0 0 0 0 0  00000000
   1.732  3076 2981  76 1  0  0 0 0 0 0  00000000
   1.744  3096 3005  71 1  0  0 0 0 0 0  00000000
   1.756  3122 3034  60 1  0  0 0 0 0 0  00000000
   1.768  3143 3088  45 1  0  0 0 0 0 0  00000000
   1.781  3143 3088   0 0  0  0 0 0 0 0  00000000
   1.905  4334 2254  70 1  0  0 0 0 0 0  00000000
   1.919  4334 2233  68 1  0  0 0 0 0 0  00000000
   1.930  4329 2233  70 1  0  0 0 0 0 0  00000000
   1.944  4324 2229  71 1  0  0 0 0 0 0  00000000
   1.955  4322 2227  71 1  0  0 0 0 0 0  00000000
   1.967  4321 2222  72 1  0  0 0 0 0 0  00000000
   1.980  4321 2220  70 1  0  0 0 0 0 0  00000000
   1.992  4319 2218  71 1  0  0 0 0 0 0  00000000
   2.005  4319 2217  71 1  0  0 0 0 0 0  00000000
   2.017  4319 2212  71 1  0  0 0 0 0 0  00000000
   2.029  4319 2208  71 1  0  0 0 0 0 0  00000000
   2.039  4319 2206  71 1  0  0 0 0 0 0  00000000
   2.054  4319 2205  70 1  0  0 0 0 0 0  00000000
   2.067  4318 2203  70 1  0  0 0 0 0 0  00000000
   2.079  4317 2203  70 1  0  0 0 0 0 0  00000000
   2.091  4317 2203  71 1  0  0 0 0 0 0  00000000
   2.104  4315 2203  71 1  0  0 0 0 0 0  00000000
   2.116  4315 2198  71 1  0  0 0 0 0 0  00000000
   2.125  4315 2196  71 1  0  0 0 0 0 0  00000000
   2.135  4314 2195  70 1  0  0 0 0 0 0  00000000
   2.154  4314 2193  70 1  0  0 0 0 0 0  00000000
   2.165  4314 2191  70 1  0  0 0 0 0 0  00000000
   2.175  4314 2189  70 1  0  0 0 0 0 0  00000000
   2.185  4321 2187  70 1  0  0 0 0 0 0  00000000
   2.202  4322 2185  70 1  0  0 0 0 0 0  00000000
   2.215  4323 2180  69 1  0  0 0 0 0 0  00000000
   2.227  4324 2178  69 1  0  0 0 0 0 0  00000000
   2.240  4325 2173  67 1  0  0 0 0 0 0  00000000
   2.253  4349 2168  66 1  0  0 0 0 0 0  00000000
   2.265  4350 2166  66 1  0  0 0 0 0 0  00000000
   2.277  4355 2165  65 1  0  0 0 0 0 0  00000000
   2.290  4360 2161  64 1  0  0 0 0 0 0  00000000
   2.302  4366 2159  64 1  0  0 0 0 0 0  00000000
   2.315  4398 2157  62 1  0  0 0 0 0 0  00000000
   2.327  4435 2153  56 1  0  0 0 0 0 0  00000000
   2.339  4503 2151  39 1  0  0 0 0 0 0  00000000
   2.351  4503 2151   0 0  0  0 0 0 0 0  00000000
   2.513  3059 3228  81 1  0  0 0 0 0 0  00000000
   2.525  3059 3190  77 1  0  0 0 0 0 0  00000000
   2.538  3059 3190  81 1  0  0 0 0 0 0  00000000
   2.563  3059 3194  82 1  0  0 0 0 0 0  00000000
   2.576  3059 3199  82 1  0  0 0 0 0 0  00000000
   2.588  3059 3228  82 1  0  0 0 0 0 0  00000000
   2.600  3059 3229  82 1  0  0 0 0 0 0  00000000
   2.613  3059 3234  81 1  0  0 0 0 0 0  00000000
   2.625  3060 3255  78 1  0  0 0 0 0 0  00000000
   2.638  3060 3255  77 1  0  0 0 0 0 0  00000000
   2.650  3060 3256  75 1  0  0 0 0 0 0  00000000
   2.662  3061 3286  73 1  0  0 0 0 0 0  00000000
   2.675  3062 3309  70 1  0  0 0 0 0 0  00000000
   2.687  3062 3333  67 1  0  0 0 0 0 0  00000000
   2.700  3062 3350  64 1  0  0 0 0 0 0  00000000
   2.712  3062 3387  58 1  0  0 0 0 0 0  00000000
   2.725  3021 3387  42 1  0  0 0 0 0 0  00000000
   2.735  3021 3387   0 0  0  0 0 0 0 0  00000000
   2.798  4243 2540  71 1  0  0 0 0 0 0  00000000
   2.811  4223 2524  68 1  0  0 0 0 0 0  00000000
   2.824  4223 2524  71 1  0  0 0 0 0 0  00000000
   2.836  4221 2524  72 1  0  0 0 0 0 0  00000000
   2.849  4221 2524  71 1  0  0 0 0 0 0  00000000
   2.861  4220 2524  71 1  0  0 0 0 0 0  00000000
   2.885  4220 2524  72 1  0  0 0 0 0 0  00000000
   2.910  4220 2524  71 1  0  0 0 0 0 0  00000000
   2.923  4220 2525  73 1  0  0 0 0 0 0  00000000
   2.935  4237 2526  72 1  0  0 0 0 0 0  00000000
   2.948  4237 2527  72 1  0  0 0 0 0 0  00000000
   2.960  4237 2527  71 1  0  0 0 0 0 0  00000000
   2.973  4237 2527  70 1  0  0 0 0 0 0  00000000
   3.009  4238 2526  68 1  0  0 0 0 0 0  00000000
   3.021  4238 2491  66 1  0  0 0 0 0 0  00000000
   3.034  4238 2449  62 1  0  0 0 0 0 0  00000000
   3.060  2790 3510  79 1  0  0 0 0 0 0  00000000
   3.072  2790 3510  83 1  0  0 0 0 0 0  00000000
   3.084  2790 3509  83 1  0  0 0 0 0 0  00000000
   3.096  2790 3509  85 1  0  0 0 0 0 0  00000000
   3.110  2790 3509  84 1  0  0 0 0 0 0  00000000
   3.133  2790 3509  83 1  0  0 0 0 0 0  00000000
   3.145  2790 3510  82 1  0  0 0 0 0 0  00000000
   3.158  2790 3511  82 1  0  0 0 0 0 0  00000000
   3.171  2790 3512  80 1  0  0 0 0 0 0  00000000
   3.183  2790 3537  79 1  0  0 0 0 0 0  00000000
   3.195  2790 3538  78 1  0  0 0 0 0 0  00000000
   3.209  2790 3543  77 1  0  0 0 0 0 0  00000000
   3.220  2790 3565  77 1  0  0 0 0 0 0  00000000
   3.259  2790 3565  79 1  0  0 0 0 0 0  00000000
   3.283  2790 3569  80 1  0  0 0 0 0 0  00000000
   3.294  2789 3570  79 1  0  0 0 0 0 0  00000000
   3.308  2788 3571  78 1  0  0 0 0 0 0  00000000
   3.320  2788 3571  74 1  0  0 0 0 0 0  00000000
   3.333  2788 3569  69 1  0  0 0 0 0 0  00000000
   3.344  2807 3540  64 1  0  0 0 0 0 0  00000000
   3.382  4203 2620  71 1  0  0 0 0 0 0  00000000
   3.394  4203 2620  72 1  0  0 0 0 0 0  00000000
   3.419  4202 2620  73 1  0  0 0 0 0 0  00000000
   3.432  4200 2620  73 1  0  0 0 0 0 0  00000000
   3.456  4200 2624  73 1  0  0 0 0 0 0  00000000
   3.469  4200 2645  73 1  0  0 0 0 0 0  00000000
   3.494  4201 2646  72 1  0  0 0 0 0 0  00000000
   3.505  4202 2647  72 1  0  0 0 0 0 0  00000000
   3.519  4208 2651  71 1  0  0 0 0 0 0  00000000
   3.532  4209 2656  71 1  0  0 0 0 0 0  00000000
   3.544  4210 2662  71 1  0  0 0 0 0 0  00000000
   3.556  4216 2667  69 1  0  0 0 0 0 0  00000000
   3.568  4217 2671  69 1  0  0 0 0 0 0  00000000
   3.581  4222 2697  65 1  0  0 0 0 0 0  00000000
   3.594  4223 2713  59 1  0  0 0 0 0 0  00000000
   3.605  4224 2679  39 1  0  0 0 0 0 0  00000000
   3.615  4224 2679   0 0  0  0 0 0 0 0  00000000
   3.704  4124 2769  43 1  0  0 0 0 0 0  00000000
   3.717  4070 2767  73 1  0  0 0 0 0 0  00000000
   3.730  4070 2761  74 1  0  0 0 0 0 0  00000000
   3.742  4071 2755  76 1  0  0 0 0 0 0  00000000
   3.754  4072 2751  76 1  0  0 0 0 0 0  00000000
   3.767  4073 2750  76 1  0  0 0 0 0 0  00000000
   3.791  4073 2754  76 1  0  0 0 0 0 0  00000000
   3.804  4073 2759  75 1  0  0 0 0 0 0  00000000
   3.816  4073 2764  75 1  0  0 0 0 0 0  00000000
   3.829  4073 2770  75 1  0  0 0 0 0 0  00000000
   3.841  4073 2775  73 1  0  0 0 0 0 0  00000000
   3.853  4073 2780  72 1  0  0 0 0 0 0  00000000
   3.866  4074 2781  71 1  0  0 0 0 0 0  00000000
   3.878  4109 2782  69 1  0  0 0 0 0 0  00000000
   3.891  4155 2783  63 1  0  0 0 0 0 0  00000000
   3.903  4224 2757  48 1  0  0 0 0 0 0  00000000
   3.915  4224 2757   0 0  0  0 0 0 0 0  00000000
   3.990  2763 3544  80 1  0  0 0 0 0 0  00000000
   4.002  2762 3524  82 1  0  0 0 0 0 0  00000000
   4.015  2761 3522  83 1  0  0 0 0 0 0  00000000
   4.027  2761 3520  83 1  0  0 0 0 0 0  00000000
   4.040  2759 3515  82 1  0  0 0 0 0 0  00000000
   4.053  2759 3513  82 1  0  0 0 0 0 0  00000000
   4.065  2759 3513  79 1  0  0 0 0 0 0  00000000
   4.076  2780 3553  76 1  0  0 0 0 0 0  00000000
   4.088  2800 3589  73 1  0  0 0 0 0 0  00000000
   4.101  2867 3632  69 1  0  0 0 0 0 0  00000000
   4.113  2920 3657  58 1  0  0 0 0 0 0  00000000
   4.126  2920 3693  41 1  0  0 0 0 0 0  00000000
   4.138  2920 3693   0 0  0  0 0 0 0 0  00000000
   4.264  4103 2792  75 1  0  0 0 0 0 0  00000000
   4.276  4068 2733  70 1  0  0 0 0 0 0  00000000
   4.288  4068 2733  74 1  0  0 0 0 0 0  00000000
   4.301  4068 2733  75 1  0  0 0 0 0 0  00000000
   4.325  4068 2734  74 1  0  0 0 0 0 0  00000000
   4.337  4068 2735  75 1  0  0 0 0 0 0  00000000
   4.350  4068 2739  74 1  0  0 0 0 0 0  00000000
   4.362  4068 2744  74 1  0  0 0 0 0 0  00000000
   4.374  4068 2745  74 1  0  0 0 0 0 0  00000000
   4.387  4068 2749  73 1  0  0 0 0 0 0  00000000
   4.399  4068 2750  73 1  0  0 0 0 0 0  00000000
   4.412  4068 2751  72 1  0  0 0 0 0 0  00000000
   4.424  4069 2752  72 1  0  0 0 0 0 0  00000000
   4.436  4070 2752  73 1  0  0 0 0 0 0  00000000
   4.449  4071 2752  73 1  0  0 0 0 0 0  00000000
   4.461  4072 2752  73 1  0  0 0 0 0 0  00000000
   4.474  4072 2752  74 1  0  0 0 0 0 0  00000000
   4.511  4072 2750  74 1  0  0 0 0 0 0  00000000
   4.548  4072 2748  72 1  0  0 0 0 0 0  00000000
   4.561  4090 2748  68 1  0  0 0 0 0 0  00000000
   4.574  4107 2748  52 1  0  0 0 0 0 0  00000000
   4.585  4107 2748   0 0  0  0 0 0 0 0  00000000
   4.809  2716 3657  80 1  0  0 0 0 0 0  00000000
   4.821  2714 3607  74 1  0  0 0 0 0 0  00000000
   4.834  2712 3607  77 1  0  0 0 0 0 0  00000000
   4.845  2710 3607  77 1  0  0 0 0 0 0  00000000
   4.860  2709 3607  76 1  0  0 0 0 0 0  00000000
   4.871  2710 3633  73 1  0  0 0 0 0 0  00000000
   4.883  2738 3634  67 1  0  0 0 0 0 0  00000000
   4.895  2812 3677  43 1  0  0 0 0 0 0  00000000
   4.907  2812 3677   0 0  0  0 0 0 0 0  00000000
   5.082  4042 2890  72 1  0  0 0 0 0 0  00000000
   5.094  4042 2888  72 1  0  0 0 0 0 0  00000000
   5.106  4042 2883  73 1  0  0 0 0 0 0  00000000
   5.119  4041 2878  73 1  0  0 0 0 0 0  00000000
   5.131  4041 2877  73 1  0  0 0 0 0 0  00000000
   5.144  4041 2877  72 1  0  0 0 0 0 0  00000000
   5.157  4041 2877  73 1  0  0 0 0 0 0  00000000
   5.168  4039 2877  71 1  0  0 0 0 0 0  00000000
   5.205  4039 2878  71 1  0  0 0 0 0 0  00000000
   5.218  4040 2878  72 1  0  0 0 0 0 0  00000000
   5.231  4040 2878  70 1  0  0 0 0 0 0  00000000
   5.243  4060 2878  71 1  0  0 0 0 0 0  00000000
   5.281  4060 2878  70 1  0  0 0 0 0 0  00000000
   5.293  4060 2877  66 1  0  0 0 0 0 0  00000000
   5.305  4061 2875  51 1  0  0 0 0 0 0  00000000
   5.317  4061 2875   0 0  0  0 0 0 0 0  00000000
   5.627  2447 3812  78 1  0  0 0 0 0 0  00000000
   5.640  2447 3789  78 1  0  0 0 0 0 0  00000000
   5.652  2447 3789  81 1  0  0 0 0 0 0  00000000
   5.665  2447 3789  80 1  0  0 0 0 0 0  00000000
   5.677  2447 3789  74 1  0  0 0 0 0 0  00000000
   5.689  2466 3810  67 1  0  0 0 0 0 0  00000000
   5.702  2511 3836  43 1  0  0 0 0 0 0  00000000
   5.713  2511 3836   0 0  0  0 0 0 0 0  00000000
   5.876  3962 3074  72 1  0  0 0 0 0 0  00000000
   5.889  3915 3000  72 1  0  0 0 0 0 0  00000000
   5.901  3916 3000  74 1  0  0 0 0 0 0  00000000
   5.914  3917 3000  75 1  0  0 0 0 0 0  00000000
   5.924  3918 2999  74 1  0  0 0 0 0 0  00000000
   5.935  3918 2997  74 1  0  0 0 0 0 0  00000000
   5.950  3918 2997  73 1  0  0 0 0 0 0  00000000
   5.963  3918 2995  73 1  0  0 0 0 0 0  00000000
   5.987  3918 2995  72 1  0  0 0 0 0 0  00000000
   6.000  3918 2995  71 1  0  0 0 0 0 0  00000000
   6.024  3919 2995  72 1  0  0 0 0 0 0  00000000
   6.037  3920 2995  72 1  0  0 0 0 0 0  00000000
   6.050  3921 2995  72 1  0  0 0 0 0 0  00000000
   6.088  3922 2995  72 1  0  0 0 0 0 0  00000000
   6.099  3923 2993  72 1  0  0 0 0 0 0  00000000
   6.112  3928 2992  72 1  0  0 0 0 0 0  00000000
   6.123  3929 2990  67 1  0  0 0 0 0 0  00000000
   6.136  3962 2958  52 1  0  0 0 0 0 0  00000000
   6.148  3962 2958   0 0  0  0 0 0 0 0  00000000
   6.385  2596 4005  55 1  0  0 0 0 0 0  00000000
   6.396  2518 3942  73 1  0  0 0 0 0 0  00000000
   6.409  2518 3942  74 1  0  0 0 0 0 0  00000000
   6.422  2518 3942  75 1  0  0 0 0 0 0  00000000
   6.434  2518 3942  74 1  0  0 0 0 0 0  00000000
   6.447  2518 3937  73 1  0  0 0 0 0 0  00000000
   6.459  2547 3937  68 1  0  0 0 0 0 0  00000000
   6.472  2563 3960  63 1  0  0 0 0 0 0  00000000
   6.484  2591 3961  50 1  0  0 0 0 0 0  00000000
   6.496  2591 3961   0 0  0  0 0 0 0 0  00000000
   6.633  3868 3089  75 1  0  0 0 0 0 0  00000000
   6.645  3867 3089  69 1  0  0 0 0 0 0  00000000
   6.658  3865 3089  73 1  0  0 0 0 0 0  00000000
   6.670  3864 3090  73 1  0  0 0 0 0 0  00000000
   6.682  3863 3091  72 1  0  0 0 0 0 0  00000000
   6.695  3861 3092  70 1  0  0 0 0 0 0  00000000
   6.706  3861 3098  67 1  0  0 0 0 0 0  00000000
   6.719  3861 3154  57 1  0  0 0 0 0 0  00000000
   6.733  3861 3154   0 0  0  0 0 0 0 0  00000000
   6.880  2444 4053  73 1  0  0 0 0 0 0  00000000
   6.893  2444 4030  68 1  0  0 0 0 0 0  00000000
   6.905  2442 4030  72 1  0  0 0 0 0 0  00000000
   6.917  2440 4030  72 1  0  0 0 0 0 0  00000000
   6.936  2440 4030  70 1  0  0 0 0 0 0  00000000
   6.955  2473 4067  58 1  0  0 0 0 0 0  00000000
   6.968  2473 4067   0 0  0  0 0 0 0 0  00000000
   7.129  3916 3089  64 1  0  0 0 0 0 0  00000000
   7.142  3836 3033  73 1  0  0 0 0 0 0  00000000
   7.154  3857 3034  72 1  0  0 0 0 0 0  00000000
   7.165  3857 3038  73 1  0  0 0 0 0 0  00000000
   7.178  3857 3039  73 1  0  0 0 0 0 0  00000000
   7.191  3857 3044  70 1  0  0 0 0 0 0  00000000
   7.203  3889 3095  65 1  0  0 0 0 0 0  00000000
   7.216  3890 3157  54 1  0  0 0 0 0 0  00000000
   7.227  3890 3157   0 0  0  0 0 0 0 0  00000000
   7.402  2445 4079  72 1  0  0 0 0 0 0  00000000
   7.414  2445 4077  71 1  0  0 0 0 0 0  00000000
   7.427  2445 4049  73 1  0  0 0 0 0 0  00000000
   7.438  2445 4049  74 1  0  0 0 0 0 0  00000000
   7.464  2445 4047  73 1  0  0 0 0 0 0  00000000
   7.489  2445 4047  72 1  0  0 0 0 0 0  00000000
   7.500  2444 4047  72 1  0  0 0 0 0 0  00000000
   7.514  2442 4047  72 1  0  0 0 0 0 0  00000000
   7.526  2440 4047  72 1  0  0 0 0 0 0  00000000
   7.538  2438 4047  72 1  0  0 0 0 0 0  00000000
   7.563  2438 4047  73 1  0  0 0 0 0 0  00000000
   7.575  2438 4047  72 1  0  0 0 0 0 0  00000000
   7.588  2438 4048  72 1  0  0 0 0 0 0  00000000
   7.600  2438 4049  72 1  0  0 0 0 0 0  00000000
   7.613  2438 4050  72 1  0  0 0 0 0 0  00000000
   7.625  2438 4051  68 1  0  0 0 0 0 0  00000000
   7.634  2438 4052  68 1  0  0 0 0 0 0  00000000
   7.644  2438 4058  63 1  0  0 0 0 0 0  00000000
   7.661  2438 4058   0 0  0  0 0 0 0 0  00000000
   7.923  4059 2940  80 1  0  0 0 0 0 0  00000000
   7.935  4059 2877  71 1  0  0 0 0 0 0  00000000
   7.949  4059 2875  76 1  0  0 0 0 0 0  00000000
   7.959  4059 2868  75 1  0  0 0 0 0 0  00000000
   7.973  4057 2844  75 1  0  0 0 0 0 0  00000000
   7.986  4052 2844  74 1  0  0 0 0 0 0  00000000
   7.998  4050 2844  73 1  0  0 0 0 0 0  00000000
   8.010  4044 2844  71 1  0  0 0 0 0 0  00000000
   8.022  4042 2848  68 1  0  0 0 0 0 0  00000000
   8.035  4042 2873  63 1  0  0 0 0 0 0  00000000
   8.047  4075 2874  55 1  0  0 0 0 0 0  00000000
   8.060  4075 2874   0 0  0  0 0 0 0 0  00000000
   8.158  2444 4101  71 1  0  0 0 0 0 0  00000000
   8.171  2444 4099  68 1  0  0 0 0 0 0  00000000
   8.183  2443 4093  72 1  0  0 0 0 0 0  00000000
   8.192  2441 4089  72 1  0  0 0 0 0 0  00000000
   8.202  2439 4069  73 1  0  0 0 0 0 0  00000000
   8.220  2437 4069  73 1  0  0 0 0 0 0  00000000
   8.233  2437 4070  72 1  0  0 0 0 0 0  00000000
   8.246  2436 4071  72 1  0  0 0 0 0 0  00000000
   8.258  2436 4075  72 1  0  0 0 0 0 0  00000000
   8.271  2436 4076  72 1  0  0 0 0 0 0  00000000
   8.283  2436 4080  72 1  0  0 0 0 0 0  00000000
   8.296  2436 4081  72 1  0  0 0 0 0 0  00000000
   8.308  2436 4082  72 1  0  0 0 0 0 0  00000000
   8.345  2434 4082  72 1  0  0 0 0 0 0  00000000
   8.357  2432 4082  73 1  0  0 0 0 0 0  00000000
   8.382  2431 4082  73 1  0  0 0 0 0 0  00000000
   8.419  2431 4082  72 1  0  0 0 0 0 0  00000000
   8.432  2431 4082  73 1  0  0 0 0 0 0  00000000
   8.456  2431 4082  71 1  0  0 0 0 0 0  00000000
   8.468  2431 4082  69 1  0  0 0 0 0 0  00000000
   8.481  2431 4082  65 1  0  0 0 0 0 0  00000000
   8.494  2450 4086  54 1  0  0 0 0 0 0  00000000
   8.506  2450 4086   0 0  0  0 0 0 0 0  00000000
   8.743  3959 3140  73 1  0  0 0 0 0 0  00000000
   8.754  3916 3049  71 1  0  0 0 0 0 0  00000000
   8.767  3916 3049  75 1  0  0 0 0 0 0  00000000
   8.779  3916 3047  76 1  0  0 0 0 0 0  00000000
   8.793  3916 3046  77 1  0  0 0 0 0 0  00000000
   8.816  3916 3046  75 1  0  0 0 0 0 0  00000000
   8.830  3914 3047  75 1  0  0 0 0 0 0  00000000
   8.841  3912 3051  74 1  0  0 0 0 0 0  00000000
   8.854  3910 3052  73 1  0  0 0 0 0 0  00000000
   8.867  3908 3074  72 1  0  0 0 0 0 0  00000000
   8.878  3908 3074  69 1  0  0 0 0 0 0  00000000
   8.891  3909 3075  65 1  0  0 0 0 0 0  00000000
   8.902  3914 3079  54 1  0  0 0 0 0 0  00000000
   8.915  3914 3079   0 0  0  0 0 0 0 0  00000000
   9.015  2457 4123  71 1  0  0 0 0 0 0  00000000
   9.028  2455 4121  70 1  0  0 0 0 0 0  00000000
   9.039  2450 4094  73 1  0  0 0 0 0 0  00000000
   9.051  2448 4094  73 1  0  0 0 0 0 0  00000000
   9.064  2447 4094  73 1  0  0 0 0 0 0  00000000
   9.076  2445 4094  73 1  0  0 0 0 0 0  00000000
   9.101  2445 4094  72 1  0  0 0 0 0 0  00000000
   9.114  2445 4098  71 1  0  0 0 0 0 0  00000000
   9.126  2445 4099  71 1  0  0 0 0 0 0  00000000
   9.139  2444 4100  71 1  0  0 0 0 0 0  00000000
   9.151  2444 4104  70 1  0  0 0 0 0 0  00000000
   9.164  2444 4105  71 1  0  0 0 0 0 0  00000000
   9.177  2444 4105  72 1  0  0 0 0 0 0  00000000
   9.213  2442 4105  72 1  0  0 0 0 0 0  00000000
   9.250  2441 4105  72 1  0  0 0 0 0 0  00000000
   9.314  2441 4105  71 1  0  0 0 0 0 0  00000000
   9.326  2441 4105  72 1  0  0 0 0 0 0  00000000
   9.338  2441 4105  71 1  0  0 0 0 0 0  00000000
   9.351  2441 4106  71 1  0  0 0 0 0 0  00000000
   9.363  2441 4106  70 1  0  0 0 0 0 0  00000000
   9.374  2440 4106  70 1  0  0 0 0 0 0  00000000
   9.387  2440 4107  67 1  0  0 0 0 0 0  00000000
   9.399  2441 4108  62 1  0  0 0 0 0 0  00000000
   9.412  2515 4132  45 1  0  0 0 0 0 0  00000000
   9.423  2515 4132   0 0  0  0 0 0 0 0  00000000
   9.586  3925 3055  79 1  0  0 0 0 0 0  00000000
   9.598  3925 3025  72 1  0  0 0 0 0 0  00000000
   9.611  3925 3026  77 1  0  0 0 0 0 0  00000000
   9.648  3923 3026  77 1  0  0 0 0 0 0  00000000
   9.660  3921 3026  77 1  0  0 0 0 0 0  00000000
   9.672  3921 3026  78 1  0  0 0 0 0 0  00000000
   9.685  3919 3030  77 1  0  0 0 0 0 0  00000000
   9.698  3919 3034  76 1  0  0 0 0 0 0  00000000
   9.711  3919 3038  76 1  0  0 0 0 0 0  00000000
   9.723  3919 3043  75 1  0  0 0 0 0 0  00000000
   9.734  3917 3044  73 1  0  0 0 0 0 0  00000000
   9.747  3917 3045  70 1  0  0 0 0 0 0  00000000
   9.759  3917 3046  65 1  0  0 0 0 0 0  00000000
   9.772  3917 3005  48 1  0  0 0 0 0 0  00000000
   9.783  3917 3005   0 0  0  0 0 0 0 0  00000000
   9.833  2485 4131  71 1  0  0 0 0 0 0  00000000
   9.846  2485 4131  70 1  0  0 0 0 0 0  00000000
   9.859  2481 4131  71 1  0  0 0 0 0 0  00000000
   9.872  2480 4131  71 1  0  0 0 0 0 0  00000000
   9.883  2478 4131  72 1  0  0 0 0 0 0  00000000
   9.896  2478 4131  71 1  0  0 0 0 0 0  00000000
   9.908  2476 4131  70 1  0  0 0 0 0 0  00000000
   9.921  2475 4131  70 1  0  0 0 0 0 0  00000000
   9.933  2475 4132  69 1  0  0 0 0 0 0  00000000
   9.946  2474 4136  68 1  0  0 0 0 0 0  00000000
   9.958  2474 4140  68 1  0  0 0 0 0 0  00000000
   9.971  2472 4141  68 1  0  0 0 0 0 0  00000000
   9.982  2472 4142  67 1  0  0 0 0 0 0  00000000
   9.995  2470 4146  68 1  0  0 0 0 0 0  00000000
  10.007  2468 4147  67 1  0  0 0 0 0 0  00000000
  10.019  2468 4148  68 1  0  0 0 0 0 0  00000000
  10.032  2468 4149  66 1  0  0 0 0 0 0  00000000
  10.045  2468 4153  62 1  0  0 0 0 0 0  00000000
  10.058  2494 4186  47 1  0  0 0 0 0 0  00000000
  10.068  2494 4186   0 0  0  0 0 0 0 0  00000000
  10.132  3998 2946  77 1  0  0 0 0 0 0  00000000
  10.144  3996 2914  73 1  0  0 0 0 0 0  00000000
  10.157  3995 2915  76 1  0  0 0 0 0 0  00000000
  10.169  3995 2916  76 1  0  0 0 0 0 0  00000000
  10.182  3995 2938  77 1  0  0 0 0 0 0  00000000
  10.206  3995 2939  76 1  0  0 0 0 0 0  00000000
  10.219  3995 2943  74 1  0  0 0 0 0 0  00000000
  10.231  3995 2949  73 1  0  0 0 0 0 0  00000000
  10.244  3995 2977  70 1  0  0 0 0 0 0  00000000
  10.256  4022 2978  62 1  0  0 0 0 0 0  00000000
  10.267  4022 2978   0 0  0  0 0 0 0 0  00000000
  10.342  2589 4123  71 1  0  0 0 0 0 0  00000000
  10.355  2587 4123  68 1  0  0 0 0 0 0  00000000
  10.368  2585 4123  70 1  0  0 0 0 0 0  00000000
  10.379  2583 4123  71 1  0  0 0 0 0 0  00000000
  10.389  2582 4123  71 1  0  0 0 0 0 0  00000000
  10.399  2582 4123  70 1  0  0 0 0 0 0  00000000
  10.417  2582 4143  68 1  0  0 0 0 0 0  00000000
  10.429  2582 4144  66 1  0  0 0 0 0 0  00000000
  10.442  2582 4176  65 1  0  0 0 0 0 0  00000000
  10.454  2582 4192  62 1  0  0 0 0 0 0  00000000
  10.467  2582 4217  61 1  0  0 0 0 0 0  00000000
  10.479  2582 4218  59 1  0  0 0 0 0 0  00000000
  10.491  2577 4223  56 1  0  0 0 0 0 0  00000000
  10.505  2575 4245  52 1  0  0 0 0 0 0  00000000
  10.517  2570 4243  41 1  0  0 0 0 0 0  00000000
  10.529  2570 4243   0 0  0  0 0 0 0 0  00000000
  10.591  4177 3007  75 1  0  0 0 0 0 0  00000000
  10.603  4135 2956  76 1  0  0 0 0 0 0  00000000
  10.615  4136 2956  78 1  0  0 0 0 0 0  00000000
  10.627  4136 2956  79 1  0  0 0 0 0 0  00000000
  10.653  4136 2957  78 1  0  0 0 0 0 0  00000000
  10.666  4136 2978  79 1  0  0 0 0 0 0  00000000
  10.678  4136 2978  78 1  0  0 0 0 0 0  00000000
  10.691  4136 2979  78 1  0  0 0 0 0 0  00000000
  10.702  4140 2980  76 1  0  0 0 0 0 0  00000000
  10.715  4141 2981  76 1  0  0 0 0 0 0  00000000
  10.727  4142 2982  76 1  0  0 0 0 0 0  00000000
  10.740  4146 2983  75 1  0  0 0 0 0 0  00000000
  10.752  4147 2984  76 1  0  0 0 0 0 0  00000000
  10.764  4147 2985  75 1  0  0 0 0 0 0  00000000
  10.777  4147 2986  72 1  0  0 0 0 0 0  00000000
  10.789  4148 2986  68 1  0  0 0 0 0 0  00000000
  10.802  4187 2979  53 1  0  0 0 0 0 0  00000000
  10.814  4187 2979   0 0  0  0 0 0 0 0  00000000
  10.852  2575 4192  66 1  0  0 0 0 0 0  00000000
  10.864  2571 4193  63 1  0  0 0 0 0 0  00000000
  10.876  2566 4193  66 1  0  0 0 0 0 0  00000000
  10.888  2542 4193  67 1  0  0 0 0 0 0  00000000
  10.900  2558 4197  65 1  0  0 0 0 0 0  00000000
  10.913  2558 4201  64 1  0  0 0 0 0 0  00000000
  10.925  2540 4229  60 1  0  0 0 0 0 0  00000000
  10.939  2541 4251  56 1  0  0 0 0 0 0  00000000
  10.950  2590 4290  44 1  0  0 0 0 0 0  00000000
  10.962  2590 4290   0 0  0  0 0 0 0 0  00000000
  11.000  4270 3050  58 1  0  0 0 0 0 0  00000000
  11.013  4205 3050  75 1  0  0 0 0 0 0  00000000
  11.026  4205 3050  74 1  0  0 0 0 0 0  00000000
  11.037  4205 3050  75 1  0  0 0 0 0 0  00000000
  11.051  4205 3050  73 1  0  0 0 0 0 0  00000000
  11.063  4204 3050  68 1  0  0 0 0 0 0  00000000
  11.074  4163 3068  47 1  0  0 0 0 0 0  00000000
  11.086  4163 3068   0 0  0  0 0 0 0 0  00000000
  11.099  2622 4186  68 1  0  0 0 0 0 0  00000000
  11.112  2620 4186  65 1  0  0 0 0 0 0  00000000
  11.125  2616 4186  67 1  0  0 0 0 0 0  00000000
  11.137  2614 4187  66 1  0  0 0 0 0 0  00000000
  11.149  2609 4192  64 1  0  0 0 0 0 0  00000000
  11.162  2608 4246  58 1  0  0 0 0 0 0  00000000
  11.173  2608 4246   0 0  0  0 0 0 0 0  00000000
  11.198  4068 3129  80 1  0  0 0 0 0 0  00000000
  11.211  4032 3105  77 1  0  0 0 0 0 0  00000000
  11.223  4053 3123  82 1  0  0 0 0 0 0  00000000
  11.236  4053 3123  80 1  0  0 0 0 0 0  00000000
  11.249  4053 3144  73 1  0  0 0 0 0 0  00000000
  11.260  4106 3145  48 1  0  0 0 0 0 0  00000000
  11.272  4106 3145   0 0  0  0 0 0 0 0  00000000
  11.298  2773 4251  62 1  0  0 0 0 0 0  00000000
  11.310  2755 4251  57 1  0  0 0 0 0 0  00000000
  11.322  2755 4251  61 1  0  0 0 0 0 0  00000000
  11.335  2753 4252  52 1  0  0 0 0 0 0  00000000
  11.347  2753 4252   0 0  0  0 0 0 0 0  00000000
  11.373  4163 3020  87 1  0  0 0 0 0 0  00000000
  11.385  4163 2988  81 1  0  0 0 0 0 0  00000000
  11.398  4163 2988  83 1  0  0 0 0 0 0  00000000
  11.411  4163 2988  74 1  0  0 0 0 0 0  00000000
  11.423  4195 2983  53 1  0  0 0 0 0 0  00000000
  11.433  4195 2983   0 0  0  0 0 0 0 0  00000000
  11.459  2920 4185  65 1  0  0 0 0 0 0  00000000
  11.472  2919 4185  64 1  0  0 0 0 0 0  00000000
  11.484  2917 4183  64 1  0  0 0 0 0 0  00000000
  11.497  2890 4183  55 1  0  0 0 0 0 0  00000000
  11.508  2890 4183   0 0  0  0 0 0 0 0  00000000
  11.546  4146 2806  65 1  0  0 0 0 0 0  00000000
  11.559  4122 2770  68 1  0  0 0 0 0 0  00000000
  11.571  4122 2728  59 1  0  0 0 0 0 0  00000000
  11.583  4142 2662  44 1  0  0 0 0 0 0  00000000
  11.595  4142 2662   0 0  0  0 0 0 0 0  00000000
  11.620  3071 3908  56 1  0  0 0 0 0 0  00000000
  11.633  3000 3857  73 1  0  0 0 0 0 0  00000000
  11.645  3000 3855  74 1  0  0 0 0 0 0  00000000
  11.658  3000 3831  62 1  0  0 0 0 0 0  00000000
  11.669  3000 3831   0 0  0  0 0 0 0 0  00000000
