^C[INFO] Current phrase is cut by user
Enter [1]continue [2]restart:1
[DEBUG] ../records/fostr08.4.log
[DEBUG] Not a data line format in ../records/fostr08.4.log. Skipped.
[DEBUG] deque([{'onset': 5.22, 'velocity': 77, 'duration': None, 'pitch': <music21.pitch.Pitch E5>}])
[DEBUG] deque([])
[DEBUG] deque([{'onset': 5.456, 'velocity': 74, 'duration': None, 'pitch': <music21.pitch.Pitch E5>}])
[DEBUG] deque([])
[DEBUG] deque([{'onset': 5.716, 'velocity': 44, 'duration': None, 'pitch': <music21.pitch.Pitch D5>}])
[DEBUG] deque([])
[DEBUG] deque([{'onset': 6.013, 'velocity': 74, 'duration': None, 'pitch': <music21.pitch.Pitch E5>}])
[DEBUG] deque([])
[DEBUG] deque([{'onset': 6.373, 'velocity': 52, 'duration': None, 'pitch': <music21.pitch.Pitch C5>}])
[DEBUG] deque([])
[DEBUG] deque([{'onset': 7.304, 'velocity': 73, 'duration': None, 'pitch': <music21.pitch.Pitch C5>}])
[DEBUG] deque([])
[DEBUG] deque([{'onset': 7.603, 'velocity': 77, 'duration': None, 'pitch': <music21.pitch.Pitch A4>}])
[DEBUG] deque([])
[DEBUG] deque([{'onset': 7.863, 'velocity': 61, 'duration': None, 'pitch': <music21.pitch.Pitch F4>}])
[DEBUG] deque([])
[DEBUG] deque([{'onset': 8.198, 'velocity': 71, 'duration': None, 'pitch': <music21.pitch.Pitch C5>}])
[DEBUG] deque([])
[DEBUG] deque([{'onset': 8.483, 'velocity': 51, 'duration': None, 'pitch': <music21.pitch.Pitch A4>}])
[DEBUG] deque([])
[DEBUG] deque([{'onset': 8.843, 'velocity': 79, 'duration': None, 'pitch': <music21.pitch.Pitch G4>}])
[DEBUG] deque([])
[DEBUG] deque([{'onset': 9.799, 'velocity': 76, 'duration': None, 'pitch': <music21.pitch.Pitch E4>}])
[DEBUG] deque([])
[DEBUG] deque([{'onset': 10.096, 'velocity': 78, 'duration': None, 'pitch': <music21.pitch.Pitch C4>}])
[DEBUG] deque([])
[DEBUG] deque([{'onset': 10.368, 'velocity': 43, 'duration': None, 'pitch': <music21.pitch.Pitch D4>}])
[DEBUG] deque([])
[DEBUG] deque([{'onset': 10.641, 'velocity': 76, 'duration': None, 'pitch': <music21.pitch.Pitch E4>}])
[DEBUG] deque([])
[DEBUG] deque([{'onset': 10.928, 'velocity': 45, 'duration': None, 'pitch': <music21.pitch.Pitch F4>}])
[DEBUG] deque([])
[DEBUG] deque([{'onset': 11.212, 'velocity': 66, 'duration': None, 'pitch': <music21.pitch.Pitch G4>}])
[DEBUG] deque([])
[DEBUG] deque([{'onset': 11.498, 'velocity': 76, 'duration': None, 'pitch': <music21.pitch.Pitch E5>}])
[DEBUG] deque([])
[DEBUG] deque([{'onset': 11.833, 'velocity': 77, 'duration': None, 'pitch': <music21.pitch.Pitch C5>}])
[DEBUG] deque([])
[DEBUG] deque([{'onset': 12.305, 'velocity': 42, 'duration': None, 'pitch': <music21.pitch.Pitch A4>}])
[DEBUG] deque([])
[DEBUG] deque([{'onset': 12.478, 'velocity': 59, 'duration': None, 'pitch': <music21.pitch.Pitch G4>}])
[DEBUG] deque([])
[DEBUG] deque([{'onset': 12.801, 'velocity': 76, 'duration': None, 'pitch': <music21.pitch.Pitch E4>}])
[DEBUG] deque([])
[DEBUG] deque([{'onset': 13.098, 'velocity': 80, 'duration': None, 'pitch': <music21.pitch.Pitch D4>}])
[DEBUG] deque([])
[DEBUG] deque([{'onset': 13.409, 'velocity': 59, 'duration': None, 'pitch': <music21.pitch.Pitch E4>}])
[DEBUG] deque([])
[DEBUG] deque([{'onset': 13.732, 'velocity': 86, 'duration': None, 'pitch': <music21.pitch.Pitch C4>}])
[DEBUG] deque([])
[DEBUG] [{'onset': 5.22, 'velocity': 77, 'duration': 0.036000000000000476, 'pitch': <music21.pitch.Pitch E5>}, {'onset': 5.456, 'velocity': 74, 'duration': 0.08499999999999996, 'pitch': <music21.pitch.Pitch E5>}, {'onset': 5.716, 'velocity': 44, 'duration': 0.09699999999999953, 'pitch': <music21.pitch.Pitch D5>}, {'onset': 6.013, 'velocity': 74, 'duration': 0.07399999999999984, 'pitch': <music21.pitch.Pitch E5>}, {'onset': 6.373, 'velocity': 52, 'duration': 0.7069999999999999, 'pitch': <music21.pitch.Pitch C5>}, {'onset': 7.304, 'velocity': 73, 'duration': 0.08699999999999974, 'pitch': <music21.pitch.Pitch C5>}, {'onset': 7.603, 'velocity': 77, 'duration': 0.0730000000000004, 'pitch': <music21.pitch.Pitch A4>}, {'onset': 7.863, 'velocity': 61, 'duration': 0.08599999999999941, 'pitch': <music21.pitch.Pitch F4>}, {'onset': 8.198, 'velocity': 71, 'duration': 0.06099999999999994, 'pitch': <music21.pitch.Pitch C5>}, {'onset': 8.483, 'velocity': 51, 'duration': 0.07399999999999984, 'pitch': <music21.pitch.Pitch A4>}, {'onset': 8.843, 'velocity': 79, 'duration': 0.6940000000000008, 'pitch': <music21.pitch.Pitch G4>}, {'onset': 9.799, 'velocity': 76, 'duration': 0.07200000000000095, 'pitch': <music21.pitch.Pitch E4>}, {'onset': 10.096, 'velocity': 78, 'duration': 0.06199999999999939, 'pitch': <music21.pitch.Pitch C4>}, {'onset': 10.368, 'velocity': 43, 'duration': 0.07399999999999984, 'pitch': <music21.pitch.Pitch D4>}, {'onset': 10.641, 'velocity': 76, 'duration': 0.07399999999999984, 'pitch': <music21.pitch.Pitch E4>}, {'onset': 10.928, 'velocity': 45, 'duration': 0.08499999999999908, 'pitch': <music21.pitch.Pitch F4>}, {'onset': 11.212, 'velocity': 66, 'duration': 0.06300000000000061, 'pitch': <music21.pitch.Pitch G4>}, {'onset': 11.498, 'velocity': 76, 'duration': 0.06099999999999994, 'pitch': <music21.pitch.Pitch E5>}, {'onset': 11.833, 'velocity': 77, 'duration': 0.32099999999999973, 'pitch': <music21.pitch.Pitch C5>}, {'onset': 12.305, 'velocity': 42, 'duration': 0.07399999999999984, 'pitch': <music21.pitch.Pitch A4>}, {'onset': 12.478, 'velocity': 59, 'duration': 0.136000000000001, 'pitch': <music21.pitch.Pitch G4>}, {'onset': 12.801, 'velocity': 76, 'duration': 0.12299999999999933, 'pitch': <music21.pitch.Pitch E4>}, {'onset': 13.098, 'velocity': 80, 'duration': 0.1120000000000001, 'pitch': <music21.pitch.Pitch D4>}, {'onset': 13.409, 'velocity': 59, 'duration': 0.07299999999999862, 'pitch': <music21.pitch.Pitch E4>}, {'onset': 13.732, 'velocity': 86, 'duration': 0.8410000000000011, 'pitch': <music21.pitch.Pitch C4>}]
[DEBUG] scoreFilename: ../scoreQuarantine20130505/fostr08.score.xml
[DEBUG] scoreName: fostr08
[DEBUG] 5.22
[DEBUG] <music21.note.Note E>
[DEBUG] 5.456
[DEBUG] <music21.note.Note E>
[DEBUG] 5.716
[DEBUG] <music21.note.Note D>
[DEBUG] 6.013
[DEBUG] <music21.note.Note E>
[DEBUG] 6.373
[DEBUG] <music21.note.Note C>
[DEBUG] 7.304
[DEBUG] <music21.note.Note C>
[DEBUG] 7.603
[DEBUG] <music21.note.Note A>
[DEBUG] 7.863
[DEBUG] <music21.note.Note F>
[DEBUG] 8.198
[DEBUG] <music21.note.Note C>
[DEBUG] 8.483
[DEBUG] <music21.note.Note A>
[DEBUG] 8.843
[DEBUG] <music21.note.Note G>
[DEBUG] 9.799
[DEBUG] <music21.note.Note E>
[DEBUG] 10.096
[DEBUG] <music21.note.Note C>
[DEBUG] 10.368
[DEBUG] <music21.note.Note D>
[DEBUG] 10.641
[DEBUG] <music21.note.Note E>
[DEBUG] 10.928
[DEBUG] <music21.note.Note F>
[DEBUG] 11.212
[DEBUG] <music21.note.Note G>
[DEBUG] 11.498
[DEBUG] <music21.note.Note E>
[DEBUG] 11.833
[DEBUG] <music21.note.Note C>
[DEBUG] 12.305
[DEBUG] <music21.note.Note A>
[DEBUG] 12.478
[DEBUG] <music21.note.Note G>
[DEBUG] 12.801
[DEBUG] <music21.note.Note E>
[DEBUG] 13.098
[DEBUG] <music21.note.Note D>
[DEBUG] 13.409
[DEBUG] <music21.note.Note E>
[DEBUG] 13.732
[DEBUG] <music21.note.Note C>
[DEBUG] 
[INFO] Expressive performance saved to ../records/fostr08.4.perf.xml
[DEBUG] [[0.0, 0.5, 1.0, 1.5, 2.0, 2.5, 3.0, 3.5, 4.25, 4.5, 5.0, 5.5, 6.0, 6.5, 7.0, 7.5, 8.0, 8.25, 8.5, 9.0, 9.5, 10.0, 10.5, 11.0, 11.5, 12.25, 12.5, 13.0, 13.5, 14.0, 14.5], [16.5, 17.0, 17.5, 18.0, 18.5, 20.0, 20.5, 21.0, 21.5, 22.0, 22.5, 24.0, 24.5, 25.0, 25.5, 26.0, 26.5, 27.0, 27.5, 28.25, 28.5, 29.0, 29.5, 30.0, 30.5], [38.0, 38.5, 39.0, 39.5, 40.0, 40.5, 41.0, 41.5, 42.25, 42.5, 43.0, 43.5, 44.0, 44.5, 45.0, 45.5, 46.0, 46.25, 46.5, 47.0, 47.5, 48.0, 48.5, 49.0, 49.5, 50.25, 50.5, 51.0, 51.5, 52.0, 52.5], [54.5, 55.0, 55.5, 56.0, 56.5, 58.0, 58.5, 59.0, 59.5, 60.0, 60.5, 62.0, 62.5, 63.0, 63.5, 64.0, 64.5, 65.0, 65.5, 66.25, 66.5, 67.0, 67.5, 68.0, 68.5]]
[DEBUG] scoreFilename: ../scoreQuarantine20130505/fostr08.score.xml
[DEBUG] scoreName: fostr08
[INFO] splitting record saved to ../records/fostr08.split.json
[DEBUG] scoreFilename: ../scoreQuarantine20130505/fostr08.score.xml
[DEBUG] scoreName: fostr08
[WARN] No time signature found in original score! Default 4/4 used
[DEBUG] [<music21.meter.TimeSignature 4/4>, <music21.meter.TimeSignature 4/4>, <music21.meter.TimeSignature 4/4>, <music21.meter.TimeSignature 4/4>, <music21.meter.TimeSignature 4/4>, <music21.meter.TimeSignature 4/4>, <music21.meter.TimeSignature 4/4>, <music21.meter.TimeSignature 4/4>, <music21.meter.TimeSignature 4/4>, <music21.meter.TimeSignature 4/4>, <music21.meter.TimeSignature 4/4>, <music21.meter.TimeSignature 4/4>, <music21.meter.TimeSignature 4/4>, <music21.meter.TimeSignature 4/4>, <music21.meter.TimeSignature 4/4>, <music21.meter.TimeSignature 4/4>, <music21.meter.TimeSignature 4/4>, <music21.meter.TimeSignature 4/4>, <music21.meter.TimeSignature 4/4>, <music21.meter.TimeSignature 4/4>, <music21.meter.TimeSignature 4/4>, <music21.meter.TimeSignature 4/4>, <music21.meter.TimeSignature 4/4>, <music21.meter.TimeSignature 4/4>, <music21.meter.TimeSignature 4/4>, <music21.meter.TimeSignature 4/4>, <music21.meter.TimeSignature 4/4>, <music21.meter.TimeSignature 4/4>, <music21.meter.TimeSignature 4/4>, <music21.meter.TimeSignature 4/4>, <music21.meter.TimeSignature 4/4>, <music21.meter.TimeSignature 4/4>, <music21.meter.TimeSignature 4/4>, <music21.meter.TimeSignature 4/4>, <music21.meter.TimeSignature 4/4>, <music21.meter.TimeSignature 4/4>, <music21.meter.TimeSignature 4/4>, <music21.meter.TimeSignature 4/4>, <music21.meter.TimeSignature 4/4>, <music21.meter.TimeSignature 4/4>, <music21.meter.TimeSignature 4/4>, <music21.meter.TimeSignature 4/4>, <music21.meter.TimeSignature 4/4>, <music21.meter.TimeSignature 4/4>, <music21.meter.TimeSignature 4/4>, <music21.meter.TimeSignature 4/4>, <music21.meter.TimeSignature 4/4>, <music21.meter.TimeSignature 4/4>, <music21.meter.TimeSignature 4/4>, <music21.meter.TimeSignature 4/4>, <music21.meter.TimeSignature 4/4>, <music21.meter.TimeSignature 4/4>, <music21.meter.TimeSignature 4/4>, <music21.meter.TimeSignature 4/4>, <music21.meter.TimeSignature 4/4>, <music21.meter.TimeSignature 4/4>, <music21.meter.TimeSignature 4/4>, <music21.meter.TimeSignature 4/4>, <music21.meter.TimeSignature 4/4>, <music21.meter.TimeSignature 4/4>, <music21.meter.TimeSignature 4/4>, <music21.meter.TimeSignature 4/4>, <music21.meter.TimeSignature 4/4>, <music21.meter.TimeSignature 4/4>, <music21.meter.TimeSignature 4/4>, <music21.meter.TimeSignature 4/4>, <music21.meter.TimeSignature 4/4>, <music21.meter.TimeSignature 4/4>, <music21.meter.TimeSignature 4/4>, <music21.meter.TimeSignature 4/4>, <music21.meter.TimeSignature 4/4>, <music21.meter.TimeSignature 4/4>, <music21.meter.TimeSignature 4/4>, <music21.meter.TimeSignature 4/4>, <music21.meter.TimeSignature 4/4>, <music21.meter.TimeSignature 4/4>, <music21.meter.TimeSignature 4/4>, <music21.meter.TimeSignature 4/4>, <music21.meter.TimeSignature 4/4>, <music21.meter.TimeSignature 4/4>, <music21.meter.TimeSignature 4/4>, <music21.meter.TimeSignature 4/4>, <music21.meter.TimeSignature 4/4>, <music21.meter.TimeSignature 4/4>, <music21.meter.TimeSignature 4/4>, <music21.meter.TimeSignature 4/4>, <music21.meter.TimeSignature 4/4>, <music21.meter.TimeSignature 4/4>, <music21.meter.TimeSignature 4/4>, <music21.meter.TimeSignature 4/4>, <music21.meter.TimeSignature 4/4>, <music21.meter.TimeSignature 4/4>, <music21.meter.TimeSignature 4/4>, <music21.meter.TimeSignature 4/4>, <music21.meter.TimeSignature 4/4>, <music21.meter.TimeSignature 4/4>, <music21.meter.TimeSignature 4/4>, <music21.meter.TimeSignature 4/4>, <music21.meter.TimeSignature 4/4>, <music21.meter.TimeSignature 4/4>, <music21.meter.TimeSignature 4/4>, <music21.meter.TimeSignature 4/4>, <music21.meter.TimeSignature 4/4>, <music21.meter.TimeSignature 4/4>, <music21.meter.TimeSignature 4/4>, <music21.meter.TimeSignature 4/4>, <music21.meter.TimeSignature 4/4>, <music21.meter.TimeSignature 4/4>, <music21.meter.TimeSignature 4/4>, <music21.meter.TimeSignature 4/4>, <music21.meter.TimeSignature 4/4>, <music21.meter.TimeSignature 4/4>]
[DEBUG] <music21.stream.Score 70465040>
[DEBUG] 
{0.0} <music21.metadata.Metadata object at 0x45d16d0>
{0.0} <music21.instrument.Instrument Pb7a5ffdf8fd996aa7778a9868f959323: : >
{0.0} <music21.tempo.MetronomeMark andantino Quarter=80.0>
{0.0} <music21.key.KeySignature of no sharps or flats, mode major>
{0.0} <music21.meter.TimeSignature 2/4>
{0.0} <music21.note.Note C>
{0.5} <music21.note.Note C>
{1.0} <music21.note.Note D>
{1.5} <music21.note.Note E>
{2.0} <music21.note.Note F>
{2.5} <music21.bar.Barline style=regular>
{2.5} <music21.note.Note G>
{3.0} <music21.note.Note E>
{3.5} <music21.note.Note C>
{4.25} <music21.note.Note A>
{4.5} <music21.bar.Barline style=regular>
{4.5} <music21.note.Note G>
{5.0} <music21.note.Note E>
{5.5} <music21.note.Note E>
{6.0} <music21.note.Note C>
{6.5} <music21.bar.Barline style=regular>
{6.5} <music21.note.Note E>
{7.0} <music21.note.Note D>
{7.5} <music21.note.Note D>
{8.0} <music21.note.Note E>
{8.25} <music21.note.Note D>
{8.5} <music21.bar.Barline style=regular>
{8.5} <music21.note.Note C>
{9.0} <music21.note.Note D>
{9.5} <music21.note.Note E>
{10.0} <music21.note.Note F>
{10.5} <music21.bar.Barline style=regular>
{10.5} <music21.note.Note G>
{11.0} <music21.note.Note E>
{11.5} <music21.note.Note C>
{12.25} <music21.note.Note A>
{12.5} <music21.bar.Barline style=regular>
{12.5} <music21.note.Note G>
{13.0} <music21.note.Note E>
{13.5} <music21.note.Note D>
{14.0} <music21.note.Note E>
{14.5} <music21.bar.Barline style=regular>
{14.5} <music21.note.Note C>
[DEBUG] 0.0
[DEBUG] 
{0.0} <music21.metadata.Metadata object at 0x45d16d0>
{0.0} <music21.instrument.Instrument Pb7a5ffdf8fd996aa7778a9868f959323: : >
{0.0} <music21.tempo.MetronomeMark andantino Quarter=80.0>
{0.0} <music21.key.KeySignature of no sharps or flats, mode major>
{0.0} <music21.meter.TimeSignature 2/4>
{0.0} <music21.meter.TimeSignature 4/4>
{0.0} <music21.note.Note C>
{0.5} <music21.note.Note C>
{1.0} <music21.note.Note D>
{1.5} <music21.note.Note E>
{2.0} <music21.note.Note F>
{2.5} <music21.bar.Barline style=regular>
{2.5} <music21.note.Note G>
{3.0} <music21.note.Note E>
{3.5} <music21.note.Note C>
{4.25} <music21.note.Note A>
{4.5} <music21.bar.Barline style=regular>
{4.5} <music21.note.Note G>
{5.0} <music21.note.Note E>
{5.5} <music21.note.Note E>
{6.0} <music21.note.Note C>
{6.5} <music21.bar.Barline style=regular>
{6.5} <music21.note.Note E>
{7.0} <music21.note.Note D>
{7.5} <music21.note.Note D>
{8.0} <music21.note.Note E>
{8.25} <music21.note.Note D>
{8.5} <music21.bar.Barline style=regular>
{8.5} <music21.note.Note C>
{9.0} <music21.note.Note D>
{9.5} <music21.note.Note E>
{10.0} <music21.note.Note F>
{10.5} <music21.bar.Barline style=regular>
{10.5} <music21.note.Note G>
{11.0} <music21.note.Note E>
{11.5} <music21.note.Note C>
{12.25} <music21.note.Note A>
{12.5} <music21.bar.Barline style=regular>
{12.5} <music21.note.Note G>
{13.0} <music21.note.Note E>
{13.5} <music21.note.Note D>
{14.0} <music21.note.Note E>
{14.5} <music21.bar.Barline style=regular>
{14.5} <music21.note.Note C>
[DEBUG] 1.5
[DEBUG] 
{-1.5} <music21.note.Rest rest>
{0.0} <music21.metadata.Metadata object at 0x45d16d0>
{0.0} <music21.instrument.Instrument Pb7a5ffdf8fd996aa7778a9868f959323: : >
{0.0} <music21.tempo.MetronomeMark andantino Quarter=80.0>
{0.0} <music21.key.KeySignature of no sharps or flats, mode major>
{0.0} <music21.meter.TimeSignature 2/4>
{0.0} <music21.meter.TimeSignature 4/4>
{0.0} <music21.note.Note C>
{0.5} <music21.note.Note C>
{1.0} <music21.note.Note D>
{1.5} <music21.note.Note E>
{2.0} <music21.note.Note F>
{2.5} <music21.bar.Barline style=regular>
{2.5} <music21.note.Note G>
{3.0} <music21.note.Note E>
{3.5} <music21.note.Note C>
{4.25} <music21.note.Note A>
{4.5} <music21.bar.Barline style=regular>
{4.5} <music21.note.Note G>
{5.0} <music21.note.Note E>
{5.5} <music21.note.Note E>
{6.0} <music21.note.Note C>
{6.5} <music21.bar.Barline style=regular>
{6.5} <music21.note.Note E>
{7.0} <music21.note.Note D>
{7.5} <music21.note.Note D>
{8.0} <music21.note.Note E>
{8.25} <music21.note.Note D>
{8.5} <music21.bar.Barline style=regular>
{8.5} <music21.note.Note C>
{9.0} <music21.note.Note D>
{9.5} <music21.note.Note E>
{10.0} <music21.note.Note F>
{10.5} <music21.bar.Barline style=regular>
{10.5} <music21.note.Note G>
{11.0} <music21.note.Note E>
{11.5} <music21.note.Note C>
{12.25} <music21.note.Note A>
{12.5} <music21.bar.Barline style=regular>
{12.5} <music21.note.Note G>
{13.0} <music21.note.Note E>
{13.5} <music21.note.Note D>
{14.0} <music21.note.Note E>
{14.5} <music21.bar.Barline style=regular>
{14.5} <music21.note.Note C>
Traceback (most recent call last):
  File "./recordExprPerf.py", line 103, in <module>
    main()
  File "./recordExprPerf.py", line 98, in main
    args.scoreFilename, args.outputDir)
  File "/home/a108210/Dropbox/0.work/0.project/0.TouchPad/src/split.py", line 109, in split
    writeSegments(splitRec, scoreElemsAll, origScore, outputDir, origScoreFilename)
  File "/home/a108210/Dropbox/0.work/0.project/0.TouchPad/src/split.py", line 84, in writeSegments
    scoreMeasures = scoreSegment.makeMeasures()
  File "/usr/local/lib/python2.7/dist-packages/music21/stream.py", line 5374, in makeMeasures
    raise StreamException('cannot place element %s with start/end %s/%s within any measures' % (e, start, end))
music21.stream.StreamException: cannot place element <music21.note.Rest rest> with start/end -1.5/0.0 within any measures

