time	 y	 z	 f	 w	 l	 r	 u	 d	 m	 multi
   0.000  4678 2744   0 0  0  0 0 0 0 0  00000000
   0.935  3992 2581  71 1  0  0 0 0 0 0  00000000
   0.961  3992 2582  70 1  0  0 0 0 0 0  00000000
   0.973  3992 2586  70 1  0  0 0 0 0 0  00000000
   0.985  3992 2626  69 1  0  0 0 0 0 0  00000000
   0.997  3993 2667  65 1  0  0 0 0 0 0  00000000
   1.010  3998 2711  56 1  0  0 0 0 0 0  00000000
   1.020  3998 2711   0 0  0  0 0 0 0 0  00000000
   1.196  2760 3325  85 1  0  0 0 0 0 0  00000000
   1.208  2760 3268  78 1  0  0 0 0 0 0  00000000
   1.221  2758 3269  82 1  0  0 0 0 0 0  00000000
   1.233  2756 3269  82 1  0  0 0 0 0 0  00000000
   1.245  2754 3270  80 1  0  0 0 0 0 0  00000000
   1.258  2754 3296  78 1  0  0 0 0 0 0  00000000
   1.269  2755 3297  73 1  0  0 0 0 0 0  00000000
   1.282  2781 3343  63 1  0  0 0 0 0 0  00000000
   1.296  2781 3343   0 0  0  0 0 0 0 0  00000000
   1.457  4176 2673  70 1  0  0 0 0 0 0  00000000
   1.468  4151 2612  68 1  0  0 0 0 0 0  00000000
   1.481  4151 2612  71 1  0  0 0 0 0 0  00000000
   1.494  4150 2612  71 1  0  0 0 0 0 0  00000000
   1.506  4149 2613  71 1  0  0 0 0 0 0  00000000
   1.531  4148 2614  70 1  0  0 0 0 0 0  00000000
   1.543  4148 2615  70 1  0  0 0 0 0 0  00000000
   1.556  4148 2615  68 1  0  0 0 0 0 0  00000000
   1.569  4148 2615  67 1  0  0 0 0 0 0  00000000
   1.580  4153 2615  65 1  0  0 0 0 0 0  00000000
   1.592  4186 2615  54 1  0  0 0 0 0 0  00000000
   1.605  4186 2615   0 0  0  0 0 0 0 0  00000000
   1.704  2659 3496  83 1  0  0 0 0 0 0  00000000
   1.717  2659 3494  81 1  0  0 0 0 0 0  00000000
   1.729  2657 3494  83 1  0  0 0 0 0 0  00000000
   1.742  2657 3512  83 1  0  0 0 0 0 0  00000000
   1.754  2657 3513  81 1  0  0 0 0 0 0  00000000
   1.767  2657 3514  80 1  0  0 0 0 0 0  00000000
   1.778  2657 3538  75 1  0  0 0 0 0 0  00000000
   1.791  2657 3538  67 1  0  0 0 0 0 0  00000000
   1.804  2658 3533  41 1  0  0 0 0 0 0  00000000
   1.814  2658 3533   0 0  0  0 0 0 0 0  00000000
   1.940  4116 2421  76 1  0  0 0 0 0 0  00000000
   1.953  4112 2375  72 1  0  0 0 0 0 0  00000000
   1.965  4108 2375  75 1  0  0 0 0 0 0  00000000
   1.978  4107 2375  75 1  0  0 0 0 0 0  00000000
   1.990  4107 2375  76 1  0  0 0 0 0 0  00000000
   2.003  4105 2376  75 1  0  0 0 0 0 0  00000000
   2.014  4103 2381  74 1  0  0 0 0 0 0  00000000
   2.027  4101 2387  73 1  0  0 0 0 0 0  00000000
   2.041  4100 2393  70 1  0  0 0 0 0 0  00000000
   2.052  4100 2399  62 1  0  0 0 0 0 0  00000000
   2.064  4100 2438  49 1  0  0 0 0 0 0  00000000
   2.076  4100 2438   0 0  0  0 0 0 0 0  00000000
   2.164  2526 3578  60 1  0  0 0 0 0 0  00000000
   2.176  2454 3577  81 1  0  0 0 0 0 0  00000000
   2.188  2454 3577  84 1  0  0 0 0 0 0  00000000
   2.201  2454 3577  85 1  0  0 0 0 0 0  00000000
   2.225  2454 3577  82 1  0  0 0 0 0 0  00000000
   2.238  2454 3584  78 1  0  0 0 0 0 0  00000000
   2.251  2493 3588  70 1  0  0 0 0 0 0  00000000
   2.263  2534 3646  46 1  0  0 0 0 0 0  00000000
   2.273  2534 3646   0 0  0  0 0 0 0 0  00000000
   2.448  3847 2700  76 1  0  0 0 0 0 0  00000000
   2.462  3848 2675  72 1  0  0 0 0 0 0  00000000
   2.474  3853 2675  74 1  0  0 0 0 0 0  00000000
   2.486  3854 2675  74 1  0  0 0 0 0 0  00000000
   2.499  3855 2675  76 1  0  0 0 0 0 0  00000000
   2.511  3856 2675  75 1  0  0 0 0 0 0  00000000
   2.524  3857 2675  75 1  0  0 0 0 0 0  00000000
   2.549  3857 2675  76 1  0  0 0 0 0 0  00000000
   2.561  3857 2675  75 1  0  0 0 0 0 0  00000000
   2.586  3858 2675  75 1  0  0 0 0 0 0  00000000
   2.597  3859 2675  76 1  0  0 0 0 0 0  00000000
   2.610  3860 2675  75 1  0  0 0 0 0 0  00000000
   2.623  3861 2675  75 1  0  0 0 0 0 0  00000000
   2.635  3862 2675  75 1  0  0 0 0 0 0  00000000
   2.672  3862 2675  76 1  0  0 0 0 0 0  00000000
   2.684  3862 2674  75 1  0  0 0 0 0 0  00000000
   2.697  3862 2672  75 1  0  0 0 0 0 0  00000000
   2.709  3862 2671  76 1  0  0 0 0 0 0  00000000
   2.722  3862 2669  75 1  0  0 0 0 0 0  00000000
   2.734  3862 2667  75 1  0  0 0 0 0 0  00000000
   2.747  3862 2665  74 1  0  0 0 0 0 0  00000000
   2.762  3863 2665  74 1  0  0 0 0 0 0  00000000
   2.772  3864 2665  74 1  0  0 0 0 0 0  00000000
   2.783  3868 2663  70 1  0  0 0 0 0 0  00000000
   2.796  3894 2663  63 1  0  0 0 0 0 0  00000000
   2.808  3894 2663   0 0  0  0 0 0 0 0  00000000
   2.995  2504 3477  88 1  0  0 0 0 0 0  00000000
   3.006  2504 3438  85 1  0  0 0 0 0 0  00000000
   3.019  2504 3456  89 1  0  0 0 0 0 0  00000000
   3.045  2499 3456  91 1  0  0 0 0 0 0  00000000
   3.057  2497 3456  91 1  0  0 0 0 0 0  00000000
   3.069  2495 3456  91 1  0  0 0 0 0 0  00000000
   3.082  2495 3460  90 1  0  0 0 0 0 0  00000000
   3.095  2495 3461  92 1  0  0 0 0 0 0  00000000
   3.107  2495 3465  90 1  0  0 0 0 0 0  00000000
   3.118  2495 3466  89 1  0  0 0 0 0 0  00000000
   3.132  2495 3467  90 1  0  0 0 0 0 0  00000000
   3.143  2495 3468  90 1  0  0 0 0 0 0  00000000
   3.156  2494 3469  91 1  0  0 0 0 0 0  00000000
   3.168  2494 3473  90 1  0  0 0 0 0 0  00000000
   3.182  2494 3478  90 1  0  0 0 0 0 0  00000000
   3.194  2492 3479  92 1  0  0 0 0 0 0  00000000
   3.207  2487 3480  90 1  0  0 0 0 0 0  00000000
   3.218  2485 3481  92 1  0  0 0 0 0 0  00000000
   3.231  2485 3482  92 1  0  0 0 0 0 0  00000000
   3.243  2485 3483  93 1  0  0 0 0 0 0  00000000
   3.254  2480 3484  92 1  0  0 0 0 0 0  00000000
   3.267  2479 3485  90 1  0  0 0 0 0 0  00000000
   3.280  2479 3486  92 1  0  0 0 0 0 0  00000000
   3.293  2479 3487  90 1  0  0 0 0 0 0  00000000
   3.305  2479 3487  89 1  0  0 0 0 0 0  00000000
   3.317  2479 3458  84 1  0  0 0 0 0 0  00000000
   3.329  2483 3427  78 1  0  0 0 0 0 0  00000000
   3.342  2504 3425  65 1  0  0 0 0 0 0  00000000
   3.355  2504 3425   0 0  0  0 0 0 0 0  00000000
   3.516  4015 3096  65 1  0  0 0 0 0 0  00000000
   3.527  4015 3092  63 1  0  0 0 0 0 0  00000000
   3.541  4014 3070  66 1  0  0 0 0 0 0  00000000
   3.553  4012 3070  66 1  0  0 0 0 0 0  00000000
   3.566  4012 3070  67 1  0  0 0 0 0 0  00000000
   3.577  4012 3070  68 1  0  0 0 0 0 0  00000000
   3.590  4011 3070  68 1  0  0 0 0 0 0  00000000
   3.628  4010 3089  68 1  0  0 0 0 0 0  00000000
   3.640  4009 3089  68 1  0  0 0 0 0 0  00000000
   3.652  4007 3089  68 1  0  0 0 0 0 0  00000000
   3.665  4006 3089  68 1  0  0 0 0 0 0  00000000
   3.677  4006 3087  68 1  0  0 0 0 0 0  00000000
   3.691  4004 3087  68 1  0  0 0 0 0 0  00000000
   3.714  4002 3088  67 1  0  0 0 0 0 0  00000000
   3.727  4002 3088  68 1  0  0 0 0 0 0  00000000
   3.739  4002 3089  68 1  0  0 0 0 0 0  00000000
   3.751  4002 3090  68 1  0  0 0 0 0 0  00000000
   3.764  4002 3091  68 1  0  0 0 0 0 0  00000000
   3.776  4002 3095  68 1  0  0 0 0 0 0  00000000
   3.789  4002 3100  66 1  0  0 0 0 0 0  00000000
   3.801  4003 3129  63 1  0  0 0 0 0 0  00000000
   3.813  4035 3129  53 1  0  0 0 0 0 0  00000000
   3.826  4035 3129   0 0  0  0 0 0 0 0  00000000
