time	 y	 z	 f	 w	 l	 r	 u	 d	 m	 multi
   0.000  3949 2254   0 0  0  0 0 0 0 0  00000000
   1.575  2360 3537  80 1  0  0 0 0 0 0  00000000
   1.601  2360 3537  82 1  0  0 0 0 0 0  00000000
   1.614  2358 3537  82 1  0  0 0 0 0 0  00000000
   1.626  2357 3537  82 1  0  0 0 0 0 0  00000000
   1.651  2356 3541  80 1  0  0 0 0 0 0  00000000
   1.662  2356 3542  77 1  0  0 0 0 0 0  00000000
   1.675  2356 3543  75 1  0  0 0 0 0 0  00000000
   1.688  2379 3564  72 1  0  0 0 0 0 0  00000000
   1.700  2413 3564  64 1  0  0 0 0 0 0  00000000
   1.713  2464 3585  45 1  0  0 0 0 0 0  00000000
   1.724  2464 3585   0 0  0  0 0 0 0 0  00000000
   1.812  3806 2666  72 1  0  0 0 0 0 0  00000000
   1.824  3806 2644  69 1  0  0 0 0 0 0  00000000
   1.837  3806 2644  72 1  0  0 0 0 0 0  00000000
   1.876  3806 2644  71 1  0  0 0 0 0 0  00000000
   1.887  3806 2645  72 1  0  0 0 0 0 0  00000000
   1.900  3806 2646  71 1  0  0 0 0 0 0  00000000
   1.911  3806 2650  70 1  0  0 0 0 0 0  00000000
   1.924  3833 2651  67 1  0  0 0 0 0 0  00000000
   1.935  3833 2652  65 1  0  0 0 0 0 0  00000000
   1.949  3866 2652  62 1  0  0 0 0 0 0  00000000
   1.961  3891 2652  59 1  0  0 0 0 0 0  00000000
   1.974  3916 2652  54 1  0  0 0 0 0 0  00000000
   1.986  3914 2592  39 1  0  0 0 0 0 0  00000000
   1.998  3914 2592   0 0  0  0 0 0 0 0  00000000
   2.073  2536 3589  65 1  0  0 0 0 0 0  00000000
   2.085  2492 3549  69 1  0  0 0 0 0 0  00000000
   2.097  2475 3572  74 1  0  0 0 0 0 0  00000000
   2.122  2475 3570  74 1  0  0 0 0 0 0  00000000
   2.134  2474 3570  72 1  0  0 0 0 0 0  00000000
   2.147  2473 3570  72 1  0  0 0 0 0 0  00000000
   2.160  2473 3570  70 1  0  0 0 0 0 0  00000000
   2.171  2473 3574  68 1  0  0 0 0 0 0  00000000
   2.183  2473 3603  66 1  0  0 0 0 0 0  00000000
   2.197  2494 3603  61 1  0  0 0 0 0 0  00000000
   2.209  2523 3603  52 1  0  0 0 0 0 0  00000000
   2.221  2524 3604  43 1  0  0 0 0 0 0  00000000
   2.234  2524 3604   0 0  0  0 0 0 0 0  00000000
   2.307  4056 2601  41 1  0  0 0 0 0 0  00000000
   2.320  3965 2601  69 1  0  0 0 0 0 0  00000000
   2.334  3965 2601  70 1  0  0 0 0 0 0  00000000
   2.358  3965 2601  71 1  0  0 0 0 0 0  00000000
   2.407  3965 2602  71 1  0  0 0 0 0 0  00000000
   2.420  3965 2603  71 1  0  0 0 0 0 0  00000000
   2.432  3965 2603  70 1  0  0 0 0 0 0  00000000
   2.444  3972 2604  68 1  0  0 0 0 0 0  00000000
   2.457  3978 2604  64 1  0  0 0 0 0 0  00000000
   2.469  4010 2597  51 1  0  0 0 0 0 0  00000000
   2.481  4010 2597   0 0  0  0 0 0 0 0  00000000
   2.556  2544 3481  54 1  0  0 0 0 0 0  00000000
   2.568  2461 3481  75 1  0  0 0 0 0 0  00000000
   2.581  2461 3481  78 1  0  0 0 0 0 0  00000000
   2.593  2461 3481  79 1  0  0 0 0 0 0  00000000
   2.619  2461 3481  78 1  0  0 0 0 0 0  00000000
   2.630  2460 3482  78 1  0  0 0 0 0 0  00000000
   2.643  2458 3501  77 1  0  0 0 0 0 0  00000000
   2.656  2458 3521  74 1  0  0 0 0 0 0  00000000
   2.668  2456 3522  71 1  0  0 0 0 0 0  00000000
   2.680  2456 3545  63 1  0  0 0 0 0 0  00000000
   2.692  2456 3545   0 0  0  0 0 0 0 0  00000000
   2.803  4090 2662  44 1  0  0 0 0 0 0  00000000
   2.816  3992 2662  68 1  0  0 0 0 0 0  00000000
   2.830  3992 2663  69 1  0  0 0 0 0 0  00000000
   2.842  3993 2663  70 1  0  0 0 0 0 0  00000000
   2.853  3994 2664  71 1  0  0 0 0 0 0  00000000
   2.866  3995 2665  71 1  0  0 0 0 0 0  00000000
   2.879  3996 2669  71 1  0  0 0 0 0 0  00000000
   2.891  3997 2670  70 1  0  0 0 0 0 0  00000000
   2.902  3998 2671  70 1  0  0 0 0 0 0  00000000
   2.910  4002 2676  68 1  0  0 0 0 0 0  00000000
   2.928  4002 2676   0 0  0  0 0 0 0 0  00000000
   3.053  2486 3566  78 1  0  0 0 0 0 0  00000000
   3.065  2486 3529  73 1  0  0 0 0 0 0  00000000
   3.078  2482 3529  77 1  0  0 0 0 0 0  00000000
   3.090  2477 3529  78 1  0  0 0 0 0 0  00000000
   3.102  2476 3529  78 1  0  0 0 0 0 0  00000000
   3.115  2474 3529  78 1  0  0 0 0 0 0  00000000
   3.128  2474 3529  77 1  0  0 0 0 0 0  00000000
   3.140  2474 3529  76 1  0  0 0 0 0 0  00000000
   3.151  2474 3530  75 1  0  0 0 0 0 0  00000000
   3.164  2474 3531  74 1  0  0 0 0 0 0  00000000
   3.176  2474 3532  74 1  0  0 0 0 0 0  00000000
   3.189  2475 3533  73 1  0  0 0 0 0 0  00000000
   3.203  2476 3537  75 1  0  0 0 0 0 0  00000000
   3.215  2477 3538  75 1  0  0 0 0 0 0  00000000
   3.226  2477 3539  75 1  0  0 0 0 0 0  00000000
   3.239  2477 3539  76 1  0  0 0 0 0 0  00000000
   3.251  2477 3539  75 1  0  0 0 0 0 0  00000000
   3.289  2477 3539  73 1  0  0 0 0 0 0  00000000
   3.301  2477 3539  72 1  0  0 0 0 0 0  00000000
   3.314  2477 3539  68 1  0  0 0 0 0 0  00000000
   3.326  2481 3538  57 1  0  0 0 0 0 0  00000000
   3.337  2481 3538   0 0  0  0 0 0 0 0  00000000
   3.587  4229 2647  62 1  0  0 0 0 0 0  00000000
   3.599  4172 2581  66 1  0  0 0 0 0 0  00000000
   3.611  4173 2581  69 1  0  0 0 0 0 0  00000000
   3.624  4173 2581  70 1  0  0 0 0 0 0  00000000
   3.660  4171 2582  70 1  0  0 0 0 0 0  00000000
   3.673  4169 2583  69 1  0  0 0 0 0 0  00000000
   3.686  4165 2588  69 1  0  0 0 0 0 0  00000000
   3.698  4164 2589  69 1  0  0 0 0 0 0  00000000
   3.710  4164 2594  69 1  0  0 0 0 0 0  00000000
   3.723  4164 2595  68 1  0  0 0 0 0 0  00000000
   3.736  4165 2599  67 1  0  0 0 0 0 0  00000000
   3.747  4166 2600  65 1  0  0 0 0 0 0  00000000
   3.760  4191 2604  55 1  0  0 0 0 0 0  00000000
   3.770  4191 2604   0 0  0  0 0 0 0 0  00000000
   4.095  2523 3468  78 1  0  0 0 0 0 0  00000000
   4.107  2521 3442  77 1  0  0 0 0 0 0  00000000
   4.120  2519 3442  79 1  0  0 0 0 0 0  00000000
   4.131  2515 3441  80 1  0  0 0 0 0 0  00000000
   4.144  2513 3441  81 1  0  0 0 0 0 0  00000000
   4.157  2511 3441  80 1  0  0 0 0 0 0  00000000
   4.168  2511 3440  80 1  0  0 0 0 0 0  00000000
   4.181  2511 3440  79 1  0  0 0 0 0 0  00000000
   4.194  2511 3438  79 1  0  0 0 0 0 0  00000000
   4.206  2511 3437  79 1  0  0 0 0 0 0  00000000
   4.244  2511 3437  80 1  0  0 0 0 0 0  00000000
   4.256  2511 3437  81 1  0  0 0 0 0 0  00000000
   4.269  2509 3437  81 1  0  0 0 0 0 0  00000000
   4.281  2505 3437  81 1  0  0 0 0 0 0  00000000
   4.293  2501 3437  83 1  0  0 0 0 0 0  00000000
   4.306  2499 3438  82 1  0  0 0 0 0 0  00000000
   4.319  2497 3438  82 1  0  0 0 0 0 0  00000000
   4.331  2496 3438  81 1  0  0 0 0 0 0  00000000
   4.344  2496 3438  78 1  0  0 0 0 0 0  00000000
   4.355  2496 3409  67 1  0  0 0 0 0 0  00000000
   4.367  2496 3409   0 0  0  0 0 0 0 0  00000000
   4.616  3920 2689  73 1  0  0 0 0 0 0  00000000
   4.628  3920 2642  67 1  0  0 0 0 0 0  00000000
   4.640  3920 2642  71 1  0  0 0 0 0 0  00000000
   4.652  3920 2638  71 1  0  0 0 0 0 0  00000000
   4.665  3920 2636  71 1  0  0 0 0 0 0  00000000
   4.678  3920 2634  72 1  0  0 0 0 0 0  00000000
   4.690  3920 2633  73 1  0  0 0 0 0 0  00000000
   4.703  3920 2632  72 1  0  0 0 0 0 0  00000000
   4.716  3921 2632  72 1  0  0 0 0 0 0  00000000
   4.740  3925 2632  72 1  0  0 0 0 0 0  00000000
   4.753  3926 2633  72 1  0  0 0 0 0 0  00000000
   4.765  3930 2633  71 1  0  0 0 0 0 0  00000000
   4.778  3953 2637  69 1  0  0 0 0 0 0  00000000
   4.789  3990 2638  62 1  0  0 0 0 0 0  00000000
   4.802  3990 2638   0 0  0  0 0 0 0 0  00000000
   4.890  2372 3521  80 1  0  0 0 0 0 0  00000000
   4.901  2352 3521  80 1  0  0 0 0 0 0  00000000
   4.914  2352 3519  81 1  0  0 0 0 0 0  00000000
   4.927  2352 3514  82 1  0  0 0 0 0 0  00000000
   4.939  2352 3512  80 1  0  0 0 0 0 0  00000000
   4.951  2350 3512  79 1  0  0 0 0 0 0  00000000
   4.964  2349 3532  78 1  0  0 0 0 0 0  00000000
   4.977  2349 3549  75 1  0  0 0 0 0 0  00000000
   4.988  2349 3566  72 1  0  0 0 0 0 0  00000000
   5.000  2368 3589  67 1  0  0 0 0 0 0  00000000
   5.014  2369 3559  44 1  0  0 0 0 0 0  00000000
   5.025  2369 3559   0 0  0  0 0 0 0 0  00000000
   5.137  4117 2407  54 1  0  0 0 0 0 0  00000000
   5.150  4055 2368  69 1  0  0 0 0 0 0  00000000
   5.162  4056 2369  70 1  0  0 0 0 0 0  00000000
   5.174  4057 2369  70 1  0  0 0 0 0 0  00000000
   5.187  4061 2370  70 1  0  0 0 0 0 0  00000000
   5.199  4067 2371  70 1  0  0 0 0 0 0  00000000
   5.208  4068 2372  70 1  0  0 0 0 0 0  00000000
   5.218  4092 2397  69 1  0  0 0 0 0 0  00000000
   5.237  4147 2448  59 1  0  0 0 0 0 0  00000000
   5.248  4143 2477  41 1  0  0 0 0 0 0  00000000
   5.260  4143 2477   0 0  0  0 0 0 0 0  00000000
   5.397  2371 3520  81 1  0  0 0 0 0 0  00000000
   5.410  2370 3504  79 1  0  0 0 0 0 0  00000000
   5.423  2368 3505  81 1  0  0 0 0 0 0  00000000
   5.435  2366 3505  80 1  0  0 0 0 0 0  00000000
   5.448  2365 3505  80 1  0  0 0 0 0 0  00000000
   5.459  2365 3505  77 1  0  0 0 0 0 0  00000000
   5.472  2364 3509  76 1  0  0 0 0 0 0  00000000
   5.485  2364 3515  72 1  0  0 0 0 0 0  00000000
   5.497  2390 3546  59 1  0  0 0 0 0 0  00000000
   5.509  2390 3546   0 0  0  0 0 0 0 0  00000000
   5.633  3886 2378  77 1  0  0 0 0 0 0  00000000
   5.646  3884 2321  71 1  0  0 0 0 0 0  00000000
   5.658  3884 2321  74 1  0  0 0 0 0 0  00000000
   5.670  3884 2319  74 1  0  0 0 0 0 0  00000000
   5.682  3884 2319  75 1  0  0 0 0 0 0  00000000
   5.695  3884 2319  74 1  0  0 0 0 0 0  00000000
   5.708  3884 2319  73 1  0  0 0 0 0 0  00000000
   5.720  3884 2319  71 1  0  0 0 0 0 0  00000000
   5.733  3888 2340  68 1  0  0 0 0 0 0  00000000
   5.745  3916 2365  61 1  0  0 0 0 0 0  00000000
   5.758  3939 2365  44 1  0  0 0 0 0 0  00000000
   5.768  3939 2365   0 0  0  0 0 0 0 0  00000000
   5.894  2240 3477  82 1  0  0 0 0 0 0  00000000
   5.907  2240 3461  80 1  0  0 0 0 0 0  00000000
   5.918  2240 3461  82 1  0  0 0 0 0 0  00000000
   5.944  2240 3461  80 1  0  0 0 0 0 0  00000000
   5.955  2240 3461  79 1  0  0 0 0 0 0  00000000
   5.968  2240 3462  75 1  0  0 0 0 0 0  00000000
   5.981  2259 3484  65 1  0  0 0 0 0 0  00000000
   5.993  2259 3484   0 0  0  0 0 0 0 0  00000000
   6.129  3911 2208  75 1  0  0 0 0 0 0  00000000
   6.142  3911 2174  72 1  0  0 0 0 0 0  00000000
   6.155  3911 2174  74 1  0  0 0 0 0 0  00000000
   6.180  3911 2174  75 1  0  0 0 0 0 0  00000000
   6.192  3909 2175  75 1  0  0 0 0 0 0  00000000
   6.204  3908 2176  74 1  0  0 0 0 0 0  00000000
   6.217  3906 2177  73 1  0  0 0 0 0 0  00000000
   6.229  3904 2178  73 1  0  0 0 0 0 0  00000000
   6.253  3904 2179  72 1  0  0 0 0 0 0  00000000
   6.266  3904 2179  69 1  0  0 0 0 0 0  00000000
   6.279  3904 2179  61 1  0  0 0 0 0 0  00000000
   6.291  3923 2200  46 1  0  0 0 0 0 0  00000000
   6.304  3923 2200   0 0  0  0 0 0 0 0  00000000
   6.365  2112 3545  90 1  0  0 0 0 0 0  00000000
   6.379  2112 3498  84 1  0  0 0 0 0 0  00000000
   6.390  2111 3498  87 1  0  0 0 0 0 0  00000000
   6.402  2109 3498  89 1  0  0 0 0 0 0  00000000
   6.415  2107 3496  88 1  0  0 0 0 0 0  00000000
   6.428  2106 3495  87 1  0  0 0 0 0 0  00000000
   6.439  2106 3495  85 1  0  0 0 0 0 0  00000000
   6.452  2106 3495  84 1  0  0 0 0 0 0  00000000
   6.465  2106 3517  82 1  0  0 0 0 0 0  00000000
   6.477  2106 3534  78 1  0  0 0 0 0 0  00000000
   6.490  2106 3558  73 1  0  0 0 0 0 0  00000000
   6.502  2132 3559  68 1  0  0 0 0 0 0  00000000
   6.515  2154 3560  56 1  0  0 0 0 0 0  00000000
   6.526  2154 3560   0 0  0  0 0 0 0 0  00000000
   6.638  3832 2265  75 1  0  0 0 0 0 0  00000000
   6.650  3798 2206  69 1  0  0 0 0 0 0  00000000
   6.663  3798 2206  71 1  0  0 0 0 0 0  00000000
   6.675  3798 2206  72 1  0  0 0 0 0 0  00000000
   6.700  3798 2206  71 1  0  0 0 0 0 0  00000000
   6.731  3798 2206  72 1  0  0 0 0 0 0  00000000
   6.751  3823 2206  73 1  0  0 0 0 0 0  00000000
   6.763  3807 2206  70 1  0  0 0 0 0 0  00000000
   6.775  3833 2206  72 1  0  0 0 0 0 0  00000000
   6.787  3814 2206  69 1  0  0 0 0 0 0  00000000
   6.799  3834 2206  71 1  0  0 0 0 0 0  00000000
   6.813  3834 2206  72 1  0  0 0 0 0 0  00000000
   6.862  3835 2206  73 1  0  0 0 0 0 0  00000000
   6.871  3836 2206  73 1  0  0 0 0 0 0  00000000
   6.881  3837 2206  72 1  0  0 0 0 0 0  00000000
   6.898  3838 2206  73 1  0  0 0 0 0 0  00000000
   6.923  3842 2206  72 1  0  0 0 0 0 0  00000000
   6.934  3843 2206  72 1  0  0 0 0 0 0  00000000
   6.943  3844 2206  73 1  0  0 0 0 0 0  00000000
   6.962  3845 2206  73 1  0  0 0 0 0 0  00000000
   6.974  3846 2206  73 1  0  0 0 0 0 0  00000000
   6.986  3846 2206  72 1  0  0 0 0 0 0  00000000
   6.999  3850 2206  69 1  0  0 0 0 0 0  00000000
   7.011  3854 2207  57 1  0  0 0 0 0 0  00000000
   7.023  3920 2169  36 1  0  0 0 0 0 0  00000000
   7.035  3920 2169   0 0  0  0 0 0 0 0  00000000
   7.109  2095 3492  91 1  0  0 0 0 0 0  00000000
   7.122  2093 3462  92 1  0  0 0 0 0 0  00000000
   7.148  2093 3462  93 1  0  0 0 0 0 0  00000000
   7.159  2093 3462  92 1  0  0 0 0 0 0  00000000
   7.184  2093 3466  90 1  0  0 0 0 0 0  00000000
   7.197  2093 3472  89 1  0  0 0 0 0 0  00000000
   7.209  2093 3473  90 1  0  0 0 0 0 0  00000000
   7.222  2093 3474  89 1  0  0 0 0 0 0  00000000
   7.233  2093 3479  89 1  0  0 0 0 0 0  00000000
   7.259  2093 3479  90 1  0  0 0 0 0 0  00000000
   7.271  2093 3479  89 1  0  0 0 0 0 0  00000000
   7.284  2093 3477  90 1  0  0 0 0 0 0  00000000
   7.297  2091 3475  90 1  0  0 0 0 0 0  00000000
   7.309  2091 3473  90 1  0  0 0 0 0 0  00000000
   7.322  2091 3472  90 1  0  0 0 0 0 0  00000000
   7.334  2089 3472  91 1  0  0 0 0 0 0  00000000
   7.358  2088 3472  90 1  0  0 0 0 0 0  00000000
   7.371  2086 3471  90 1  0  0 0 0 0 0  00000000
   7.384  2085 3470  91 1  0  0 0 0 0 0  00000000
   7.395  2084 3466  90 1  0  0 0 0 0 0  00000000
   7.408  2084 3464  90 1  0  0 0 0 0 0  00000000
   7.420  2084 3462  90 1  0  0 0 0 0 0  00000000
   7.463  2084 3460  90 1  0  0 0 0 0 0  00000000
   7.482  2083 3456  91 1  0  0 0 0 0 0  00000000
   7.494  2082 3454  90 1  0  0 0 0 0 0  00000000
   7.507  2080 3434  90 1  0  0 0 0 0 0  00000000
   7.519  2080 3434  89 1  0  0 0 0 0 0  00000000
   7.532  2080 3434  90 1  0  0 0 0 0 0  00000000
   7.557  2078 3434  88 1  0  0 0 0 0 0  00000000
   7.583  2078 3434  90 1  0  0 0 0 0 0  00000000
   7.594  2078 3432  90 1  0  0 0 0 0 0  00000000
   7.607  2078 3430  89 1  0  0 0 0 0 0  00000000
   7.619  2078 3428  89 1  0  0 0 0 0 0  00000000
   7.631  2078 3426  89 1  0  0 0 0 0 0  00000000
   7.643  2078 3424  89 1  0  0 0 0 0 0  00000000
   7.656  2078 3422  89 1  0  0 0 0 0 0  00000000
   7.669  2078 3420  89 1  0  0 0 0 0 0  00000000
   7.681  2076 3418  89 1  0  0 0 0 0 0  00000000
   7.693  2076 3416  89 1  0  0 0 0 0 0  00000000
   7.706  2076 3416  90 1  0  0 0 0 0 0  00000000
   7.719  2076 3415  89 1  0  0 0 0 0 0  00000000
   7.730  2074 3415  90 1  0  0 0 0 0 0  00000000
   7.757  2074 3415  89 1  0  0 0 0 0 0  00000000
   7.793  2074 3416  88 1  0  0 0 0 0 0  00000000
   7.805  2074 3421  88 1  0  0 0 0 0 0  00000000
   7.818  2074 3446  86 1  0  0 0 0 0 0  00000000
   7.830  2074 3447  83 1  0  0 0 0 0 0  00000000
   7.843  2074 3470  75 1  0  0 0 0 0 0  00000000
   7.855  2050 3490  44 1  0  0 0 0 0 0  00000000
   7.867  2050 3490   0 0  0  0 0 0 0 0  00000000
