time	 y	 z	 f	 w	 l	 r	 u	 d	 m	 multi
   0.000  2600 3243   0 0  0  0 0 0 0 0  00000000
   0.814  2890 3414  80 1  0  0 0 0 0 0  00000000
   0.840  2890 3414  83 1  0  0 0 0 0 0  00000000
   0.865  2890 3414  82 1  0  0 0 0 0 0  00000000
   0.876  2890 3414  80 1  0  0 0 0 0 0  00000000
   0.889  2890 3418  77 1  0  0 0 0 0 0  00000000
   0.901  2890 3446  72 1  0  0 0 0 0 0  00000000
   0.914  2931 3476  58 1  0  0 0 0 0 0  00000000
   0.926  2931 3476   0 0  0  0 0 0 0 0  00000000
   1.038  4376 2557  56 1  0  0 0 0 0 0  00000000
   1.050  4312 2541  68 1  0  0 0 0 0 0  00000000
   1.062  4312 2541  70 1  0  0 0 0 0 0  00000000
   1.075  4310 2541  72 1  0  0 0 0 0 0  00000000
   1.100  4310 2540  73 1  0  0 0 0 0 0  00000000
   1.112  4310 2540  72 1  0  0 0 0 0 0  00000000
   1.125  4310 2547  72 1  0  0 0 0 0 0  00000000
   1.138  4311 2553  71 1  0  0 0 0 0 0  00000000
   1.150  4316 2554  68 1  0  0 0 0 0 0  00000000
   1.162  4321 2576  64 1  0  0 0 0 0 0  00000000
   1.174  4366 2606  47 1  0  0 0 0 0 0  00000000
   1.186  4366 2606   0 0  0  0 0 0 0 0  00000000
   1.298  2772 3489  57 1  0  0 0 0 0 0  00000000
   1.311  2674 3466  85 1  0  0 0 0 0 0  00000000
   1.323  2672 3464  89 1  0  0 0 0 0 0  00000000
   1.335  2667 3459  90 1  0  0 0 0 0 0  00000000
   1.348  2665 3458  91 1  0  0 0 0 0 0  00000000
   1.359  2665 3476  89 1  0  0 0 0 0 0  00000000
   1.372  2665 3476  85 1  0  0 0 0 0 0  00000000
   1.386  2665 3477  75 1  0  0 0 0 0 0  00000000
   1.396  2686 3477  47 1  0  0 0 0 0 0  00000000
   1.408  2686 3477   0 0  0  0 0 0 0 0  00000000
   1.559  4336 2501  58 1  0  0 0 0 0 0  00000000
   1.571  4250 2414  72 1  0  0 0 0 0 0  00000000
   1.584  4250 2414  74 1  0  0 0 0 0 0  00000000
   1.595  4251 2414  75 1  0  0 0 0 0 0  00000000
   1.605  4252 2414  75 1  0  0 0 0 0 0  00000000
   1.615  4253 2412  75 1  0  0 0 0 0 0  00000000
   1.633  4253 2412  74 1  0  0 0 0 0 0  00000000
   1.645  4253 2413  73 1  0  0 0 0 0 0  00000000
   1.658  4253 2418  69 1  0  0 0 0 0 0  00000000
   1.671  4253 2419  63 1  0  0 0 0 0 0  00000000
   1.683  4294 2419  41 1  0  0 0 0 0 0  00000000
   1.694  4294 2419   0 0  0  0 0 0 0 0  00000000
   1.795  2750 3478  87 1  0  0 0 0 0 0  00000000
   1.807  2749 3422  82 1  0  0 0 0 0 0  00000000
   1.820  2747 3422  87 1  0  0 0 0 0 0  00000000
   1.832  2742 3422  87 1  0  0 0 0 0 0  00000000
   1.844  2741 3422  87 1  0  0 0 0 0 0  00000000
   1.859  2740 3422  86 1  0  0 0 0 0 0  00000000
   1.870  2740 3422  83 1  0  0 0 0 0 0  00000000
   1.882  2740 3422  81 1  0  0 0 0 0 0  00000000
   1.893  2762 3423  73 1  0  0 0 0 0 0  00000000
   1.906  2826 3470  49 1  0  0 0 0 0 0  00000000
   1.917  2826 3470   0 0  0  0 0 0 0 0  00000000
   2.054  4527 2312  48 1  0  0 0 0 0 0  00000000
   2.068  4424 2253  71 1  0  0 0 0 0 0  00000000
   2.080  4425 2253  71 1  0  0 0 0 0 0  00000000
   2.092  4426 2252  72 1  0  0 0 0 0 0  00000000
   2.117  4426 2252  70 1  0  0 0 0 0 0  00000000
   2.129  4426 2252  63 1  0  0 0 0 0 0  00000000
   2.142  4426 2288  53 1  0  0 0 0 0 0  00000000
   2.154  4426 2288   0 0  0  0 0 0 0 0  00000000
   2.303  2684 3477  91 1  0  0 0 0 0 0  00000000
   2.316  2682 3429  84 1  0  0 0 0 0 0  00000000
   2.328  2681 3429  86 1  0  0 0 0 0 0  00000000
   2.341  2680 3429  88 1  0  0 0 0 0 0  00000000
   2.353  2680 3433  88 1  0  0 0 0 0 0  00000000
   2.365  2678 3434  88 1  0  0 0 0 0 0  00000000
   2.377  2678 3435  87 1  0  0 0 0 0 0  00000000
   2.402  2678 3436  87 1  0  0 0 0 0 0  00000000
   2.415  2678 3437  85 1  0  0 0 0 0 0  00000000
   2.427  2678 3438  81 1  0  0 0 0 0 0  00000000
   2.440  2678 3439  75 1  0  0 0 0 0 0  00000000
   2.452  2678 3477  58 1  0  0 0 0 0 0  00000000
   2.463  2678 3477   0 0  0  0 0 0 0 0  00000000
   2.539  4270 2246  35 1  0  0 0 0 0 0  00000000
   2.551  4253 2242  75 1  0  0 0 0 0 0  00000000
   2.563  4253 2220  73 1  0  0 0 0 0 0  00000000
   2.576  4253 2220  76 1  0  0 0 0 0 0  00000000
   2.588  4253 2220  75 1  0  0 0 0 0 0  00000000
   2.601  4253 2220  76 1  0  0 0 0 0 0  00000000
   2.614  4254 2220  75 1  0  0 0 0 0 0  00000000
   2.626  4255 2220  74 1  0  0 0 0 0 0  00000000
   2.639  4256 2220  72 1  0  0 0 0 0 0  00000000
   2.650  4257 2220  68 1  0  0 0 0 0 0  00000000
   2.663  4284 2237  57 1  0  0 0 0 0 0  00000000
   2.675  4284 2237   0 0  0  0 0 0 0 0  00000000
   2.825  2530 3546  94 1  0  0 0 0 0 0  00000000
   2.837  2528 3498  85 1  0  0 0 0 0 0  00000000
   2.849  2523 3498  88 1  0  0 0 0 0 0  00000000
   2.862  2518 3498  91 1  0  0 0 0 0 0  00000000
   2.874  2513 3498  88 1  0  0 0 0 0 0  00000000
   2.887  2507 3498  88 1  0  0 0 0 0 0  00000000
   2.899  2485 3498  83 1  0  0 0 0 0 0  00000000
   2.912  2485 3517  79 1  0  0 0 0 0 0  00000000
   2.923  2486 3517  72 1  0  0 0 0 0 0  00000000
   2.936  2527 3544  58 1  0  0 0 0 0 0  00000000
   2.947  2527 3544   0 0  0  0 0 0 0 0  00000000
   3.122  4186 2330  72 1  0  0 0 0 0 0  00000000
   3.134  4141 2291  70 1  0  0 0 0 0 0  00000000
   3.147  4142 2289  68 1  0  0 0 0 0 0  00000000
   3.159  4143 2287  70 1  0  0 0 0 0 0  00000000
   3.172  4144 2287  68 1  0  0 0 0 0 0  00000000
   3.184  4138 2283  62 1  0  0 0 0 0 0  00000000
   3.197  4160 2283  55 1  0  0 0 0 0 0  00000000
   3.209  4216 2341  36 1  0  0 0 0 0 0  00000000
   3.221  4216 2341   0 0  0  0 0 0 0 0  00000000
   3.408  2581 3599  86 1  0  0 0 0 0 0  00000000
   3.420  2581 3578  85 1  0  0 0 0 0 0  00000000
   3.433  2581 3578  89 1  0  0 0 0 0 0  00000000
   3.445  2581 3578  90 1  0  0 0 0 0 0  00000000
   3.457  2581 3578  91 1  0  0 0 0 0 0  00000000
   3.470  2581 3578  93 1  0  0 0 0 0 0  00000000
   3.482  2581 3577  92 1  0  0 0 0 0 0  00000000
   3.495  2579 3577  94 1  0  0 0 0 0 0  00000000
   3.508  2578 3576  90 1  0  0 0 0 0 0  00000000
   3.519  2578 3574  90 1  0  0 0 0 0 0  00000000
   3.533  2578 3572  90 1  0  0 0 0 0 0  00000000
   3.544  2578 3570  91 1  0  0 0 0 0 0  00000000
   3.557  2578 3569  90 1  0  0 0 0 0 0  00000000
   3.569  2576 3569  92 1  0  0 0 0 0 0  00000000
   3.594  2575 3570  91 1  0  0 0 0 0 0  00000000
   3.606  2575 3574  90 1  0  0 0 0 0 0  00000000
   3.619  2575 3575  91 1  0  0 0 0 0 0  00000000
   3.632  2575 3576  91 1  0  0 0 0 0 0  00000000
   3.643  2575 3577  88 1  0  0 0 0 0 0  00000000
   3.656  2575 3576  86 1  0  0 0 0 0 0  00000000
   3.668  2575 3572  82 1  0  0 0 0 0 0  00000000
   3.680  2573 3551  67 1  0  0 0 0 0 0  00000000
   3.693  2573 3551   0 0  0  0 0 0 0 0  00000000
   3.718  4256 2213  82 1  0  0 0 0 0 0  00000000
   3.730  4257 2173  77 1  0  0 0 0 0 0  00000000
   3.744  4258 2174  80 1  0  0 0 0 0 0  00000000
   3.755  4259 2178  80 1  0  0 0 0 0 0  00000000
   3.767  4260 2179  81 1  0  0 0 0 0 0  00000000
   3.780  4261 2180  80 1  0  0 0 0 0 0  00000000
   3.792  4262 2180  80 1  0  0 0 0 0 0  00000000
   3.805  4262 2180  79 1  0  0 0 0 0 0  00000000
   3.817  4263 2179  79 1  0  0 0 0 0 0  00000000
   3.829  4264 2179  78 1  0  0 0 0 0 0  00000000
   3.842  4268 2179  79 1  0  0 0 0 0 0  00000000
   3.855  4273 2178  79 1  0  0 0 0 0 0  00000000
   3.866  4274 2176  79 1  0  0 0 0 0 0  00000000
   3.878  4275 2176  79 1  0  0 0 0 0 0  00000000
   3.891  4276 2174  79 1  0  0 0 0 0 0  00000000
   3.905  4277 2174  80 1  0  0 0 0 0 0  00000000
   3.916  4277 2174  79 1  0  0 0 0 0 0  00000000
   3.928  4277 2174  80 1  0  0 0 0 0 0  00000000
   3.941  4277 2174  79 1  0  0 0 0 0 0  00000000
   3.965  4277 2174  80 1  0  0 0 0 0 0  00000000
   3.978  4278 2174  79 1  0  0 0 0 0 0  00000000
   3.990  4279 2174  79 1  0  0 0 0 0 0  00000000
   4.016  4280 2172  78 1  0  0 0 0 0 0  00000000
   4.028  4281 2171  78 1  0  0 0 0 0 0  00000000
   4.041  4282 2171  78 1  0  0 0 0 0 0  00000000
   4.053  4283 2171  78 1  0  0 0 0 0 0  00000000
   4.066  4284 2171  78 1  0  0 0 0 0 0  00000000
   4.078  4285 2171  78 1  0  0 0 0 0 0  00000000
   4.089  4286 2170  78 1  0  0 0 0 0 0  00000000
   4.102  4287 2168  77 1  0  0 0 0 0 0  00000000
   4.114  4291 2166  75 1  0  0 0 0 0 0  00000000
   4.127  4292 2164  70 1  0  0 0 0 0 0  00000000
   4.140  4266 2164  46 1  0  0 0 0 0 0  00000000
   4.151  4266 2164   0 0  0  0 0 0 0 0  00000000
