time	 y	 z	 f	 w	 l	 r	 u	 d	 m	 multi
   0.000  3812 3033   0 0  0  0 0 0 0 0  00000000
   1.208  3666 3642  76 1  0  0 0 0 0 0  00000000
   1.227  3650 3590  73 1  0  0 0 0 0 0  00000000
   1.246  3650 3572  77 1  0  0 0 0 0 0  00000000
   1.259  3650 3572  78 1  0  0 0 0 0 0  00000000
   1.283  3650 3572  77 1  0  0 0 0 0 0  00000000
   1.308  3650 3572  76 1  0  0 0 0 0 0  00000000
   1.321  3650 3573  76 1  0  0 0 0 0 0  00000000
   1.333  3650 3573  77 1  0  0 0 0 0 0  00000000
   1.345  3650 3573  78 1  0  0 0 0 0 0  00000000
   1.358  3650 3573  77 1  0  0 0 0 0 0  00000000
   1.383  3650 3572  77 1  0  0 0 0 0 0  00000000
   1.396  3650 3570  77 1  0  0 0 0 0 0  00000000
   1.407  3650 3568  78 1  0  0 0 0 0 0  00000000
   1.420  3650 3566  78 1  0  0 0 0 0 0  00000000
   1.432  3648 3564  78 1  0  0 0 0 0 0  00000000
   1.445  3648 3559  78 1  0  0 0 0 0 0  00000000
   1.457  3648 3554  78 1  0  0 0 0 0 0  00000000
   1.470  3648 3552  77 1  0  0 0 0 0 0  00000000
   1.482  3648 3547  77 1  0  0 0 0 0 0  00000000
   1.494  3648 3545  77 1  0  0 0 0 0 0  00000000
   1.507  3648 3544  77 1  0  0 0 0 0 0  00000000
   1.519  3648 3543  78 1  0  0 0 0 0 0  00000000
   1.531  3648 3541  77 1  0  0 0 0 0 0  00000000
   1.557  3648 3541  78 1  0  0 0 0 0 0  00000000
   1.619  3648 3541  79 1  0  0 0 0 0 0  00000000
   1.642  3648 3542  78 1  0  0 0 0 0 0  00000000
   1.655  3648 3543  79 1  0  0 0 0 0 0  00000000
   1.668  3648 3544  79 1  0  0 0 0 0 0  00000000
   1.679  3648 3545  79 1  0  0 0 0 0 0  00000000
   1.692  3648 3546  80 1  0  0 0 0 0 0  00000000
   1.705  3648 3546  81 1  0  0 0 0 0 0  00000000
   1.717  3648 3546  80 1  0  0 0 0 0 0  00000000
   1.730  3648 3542  80 1  0  0 0 0 0 0  00000000
   1.742  3648 3537  81 1  0  0 0 0 0 0  00000000
   1.754  3648 3532  80 1  0  0 0 0 0 0  00000000
   1.767  3648 3527  79 1  0  0 0 0 0 0  00000000
   1.779  3648 3522  79 1  0  0 0 0 0 0  00000000
   1.792  3644 3516  77 1  0  0 0 0 0 0  00000000
   1.803  3642 3510  76 1  0  0 0 0 0 0  00000000
   1.816  3640 3504  73 1  0  0 0 0 0 0  00000000
   1.828  3621 3502  67 1  0  0 0 0 0 0  00000000
   1.841  3562 3546  48 1  0  0 0 0 0 0  00000000
   1.852  3562 3546   0 0  0  0 0 0 0 0  00000000
   2.089  3759 3300  70 1  0  0 0 0 0 0  00000000
   2.101  3706 3186  76 1  0  0 0 0 0 0  00000000
   2.114  3706 3165  78 1  0  0 0 0 0 0  00000000
   2.127  3707 3165  78 1  0  0 0 0 0 0  00000000
   2.139  3708 3165  78 1  0  0 0 0 0 0  00000000
   2.152  3708 3165  77 1  0  0 0 0 0 0  00000000
   2.164  3708 3189  74 1  0  0 0 0 0 0  00000000
   2.178  3729 3223  72 1  0  0 0 0 0 0  00000000
   2.189  3751 3268  64 1  0  0 0 0 0 0  00000000
   2.201  3792 3301  44 1  0  0 0 0 0 0  00000000
   2.214  3792 3301   0 0  0  0 0 0 0 0  00000000
   2.350  3814 3170  51 1  0  0 0 0 0 0  00000000
   2.362  3785 3143  77 1  0  0 0 0 0 0  00000000
   2.374  3785 3141  77 1  0  0 0 0 0 0  00000000
   2.387  3785 3134  77 1  0  0 0 0 0 0  00000000
   2.400  3780 3106  78 1  0  0 0 0 0 0  00000000
   2.412  3778 3106  77 1  0  0 0 0 0 0  00000000
   2.424  3772 3106  73 1  0  0 0 0 0 0  00000000
   2.436  3772 3106  71 1  0  0 0 0 0 0  00000000
   2.449  3791 3136  61 1  0  0 0 0 0 0  00000000
   2.461  3791 3169  44 1  0  0 0 0 0 0  00000000
   2.473  3791 3169   0 0  0  0 0 0 0 0  00000000
   2.623  3858 3146  60 1  0  0 0 0 0 0  00000000
   2.635  3827 3104  72 1  0  0 0 0 0 0  00000000
   2.648  3825 3102  75 1  0  0 0 0 0 0  00000000
   2.661  3825 3095  76 1  0  0 0 0 0 0  00000000
   2.673  3823 3093  75 1  0  0 0 0 0 0  00000000
   2.684  3822 3092  72 1  0  0 0 0 0 0  00000000
   2.697  3822 3092  67 1  0  0 0 0 0 0  00000000
   2.710  3823 3138  61 1  0  0 0 0 0 0  00000000
   2.722  3823 3159  41 1  0  0 0 0 0 0  00000000
   2.734  3823 3159   0 0  0  0 0 0 0 0  00000000
   2.897  3886 3074  75 1  0  0 0 0 0 0  00000000
   2.908  3884 3045  72 1  0  0 0 0 0 0  00000000
   2.921  3884 3045  74 1  0  0 0 0 0 0  00000000
   2.933  3883 3045  74 1  0  0 0 0 0 0  00000000
   2.946  3883 3045  71 1  0  0 0 0 0 0  00000000
   2.958  3883 3073  66 1  0  0 0 0 0 0  00000000
   2.970  3878 3124  50 1  0  0 0 0 0 0  00000000
   2.982  3878 3124   0 0  0  0 0 0 0 0  00000000
   3.144  3729 3124  75 1  0  0 0 0 0 0  00000000
   3.156  3730 3098  75 1  0  0 0 0 0 0  00000000
   3.169  3729 3080  74 1  0  0 0 0 0 0  00000000
   3.194  3727 3080  73 1  0  0 0 0 0 0  00000000
   3.206  3727 3080  69 1  0  0 0 0 0 0  00000000
   3.218  3771 3104  58 1  0  0 0 0 0 0  00000000
   3.232  3771 3104   0 0  0  0 0 0 0 0  00000000
   3.418  4199 3104  62 1  0  0 0 0 0 0  00000000
   3.429  4162 3050  70 1  0  0 0 0 0 0  00000000
   3.442  4162 3050  72 1  0  0 0 0 0 0  00000000
   3.454  4162 3050  75 1  0  0 0 0 0 0  00000000
   3.467  4162 3050  74 1  0  0 0 0 0 0  00000000
   3.479  4162 3051  75 1  0  0 0 0 0 0  00000000
   3.491  4162 3056  74 1  0  0 0 0 0 0  00000000
   3.503  4157 3060  76 1  0  0 0 0 0 0  00000000
   3.516  4155 3064  74 1  0  0 0 0 0 0  00000000
   3.529  4155 3065  75 1  0  0 0 0 0 0  00000000
   3.541  4155 3069  74 1  0  0 0 0 0 0  00000000
   3.553  4155 3075  74 1  0  0 0 0 0 0  00000000
   3.566  4155 3076  74 1  0  0 0 0 0 0  00000000
   3.578  4155 3076  75 1  0  0 0 0 0 0  00000000
   3.591  4155 3076  74 1  0  0 0 0 0 0  00000000
   3.603  4155 3075  74 1  0  0 0 0 0 0  00000000
   3.616  4155 3073  75 1  0  0 0 0 0 0  00000000
   3.627  4155 3071  74 1  0  0 0 0 0 0  00000000
   3.640  4155 3069  74 1  0  0 0 0 0 0  00000000
   3.666  4153 3064  75 1  0  0 0 0 0 0  00000000
   3.677  4153 3062  75 1  0  0 0 0 0 0  00000000
   3.690  4151 3061  74 1  0  0 0 0 0 0  00000000
   3.703  4150 3057  74 1  0  0 0 0 0 0  00000000
   3.715  4148 3055  75 1  0  0 0 0 0 0  00000000
   3.727  4148 3053  75 1  0  0 0 0 0 0  00000000
   3.753  4146 3053  75 1  0  0 0 0 0 0  00000000
   3.765  4146 3052  75 1  0  0 0 0 0 0  00000000
   3.778  4146 3050  75 1  0  0 0 0 0 0  00000000
   3.789  4144 3049  76 1  0  0 0 0 0 0  00000000
   3.814  4142 3049  77 1  0  0 0 0 0 0  00000000
   3.827  4141 3047  76 1  0  0 0 0 0 0  00000000
   3.851  4141 3046  76 1  0  0 0 0 0 0  00000000
   3.863  4139 3044  77 1  0  0 0 0 0 0  00000000
   3.876  4139 3042  77 1  0  0 0 0 0 0  00000000
   3.900  4139 3042  78 1  0  0 0 0 0 0  00000000
   3.926  4139 3042  77 1  0  0 0 0 0 0  00000000
   3.939  4139 3042  78 1  0  0 0 0 0 0  00000000
   3.988  4139 3042  79 1  0  0 0 0 0 0  00000000
   4.000  4139 3042  78 1  0  0 0 0 0 0  00000000
   4.013  4139 3042  79 1  0  0 0 0 0 0  00000000
   4.050  4139 3041  78 1  0  0 0 0 0 0  00000000
   4.075  4139 3040  78 1  0  0 0 0 0 0  00000000
   4.088  4137 3035  79 1  0  0 0 0 0 0  00000000
   4.099  4137 3033  78 1  0  0 0 0 0 0  00000000
   4.113  4137 3028  77 1  0  0 0 0 0 0  00000000
   4.125  4137 3022  77 1  0  0 0 0 0 0  00000000
   4.136  4135 3017  77 1  0  0 0 0 0 0  00000000
   4.150  4134 3012  77 1  0  0 0 0 0 0  00000000
   4.162  4134 3005  76 1  0  0 0 0 0 0  00000000
   4.175  4134 2977  76 1  0  0 0 0 0 0  00000000
   4.187  4134 2977  75 1  0  0 0 0 0 0  00000000
   4.199  4134 2975  74 1  0  0 0 0 0 0  00000000
   4.212  4134 2946  71 1  0  0 0 0 0 0  00000000
   4.224  4132 2944  70 1  0  0 0 0 0 0  00000000
   4.237  4132 2940  61 1  0  0 0 0 0 0  00000000
   4.248  4132 2940   0 0  0  0 0 0 0 0  00000000
   4.522  4113 3163  71 1  0  0 0 0 0 0  00000000
   4.533  4079 3112  70 1  0  0 0 0 0 0  00000000
   4.546  4097 3112  75 1  0  0 0 0 0 0  00000000
   4.559  4097 3112  76 1  0  0 0 0 0 0  00000000
   4.571  4097 3113  76 1  0  0 0 0 0 0  00000000
   4.583  4097 3118  76 1  0  0 0 0 0 0  00000000
   4.596  4097 3124  77 1  0  0 0 0 0 0  00000000
   4.607  4097 3125  77 1  0  0 0 0 0 0  00000000
   4.621  4097 3130  77 1  0  0 0 0 0 0  00000000
   4.633  4097 3131  77 1  0  0 0 0 0 0  00000000
   4.645  4077 3131  74 1  0  0 0 0 0 0  00000000
   4.658  4078 3131  76 1  0  0 0 0 0 0  00000000
   4.670  4083 3131  76 1  0  0 0 0 0 0  00000000
   4.682  4084 3131  76 1  0  0 0 0 0 0  00000000
   4.695  4085 3131  76 1  0  0 0 0 0 0  00000000
   4.707  4086 3130  76 1  0  0 0 0 0 0  00000000
   4.721  4086 3125  75 1  0  0 0 0 0 0  00000000
   4.732  4086 3123  76 1  0  0 0 0 0 0  00000000
   4.744  4086 3121  75 1  0  0 0 0 0 0  00000000
   4.757  4086 3116  76 1  0  0 0 0 0 0  00000000
   4.770  4086 3110  75 1  0  0 0 0 0 0  00000000
   4.783  4086 3104  76 1  0  0 0 0 0 0  00000000
   4.795  4085 3099  75 1  0  0 0 0 0 0  00000000
   4.807  4085 3097  76 1  0  0 0 0 0 0  00000000
   4.819  4080 3095  74 1  0  0 0 0 0 0  00000000
   4.831  4079 3094  76 1  0  0 0 0 0 0  00000000
   4.856  4079 3094  77 1  0  0 0 0 0 0  00000000
   4.869  4079 3094  76 1  0  0 0 0 0 0  00000000
   4.894  4079 3095  77 1  0  0 0 0 0 0  00000000
   4.907  4080 3096  77 1  0  0 0 0 0 0  00000000
   4.920  4081 3097  77 1  0  0 0 0 0 0  00000000
   4.931  4082 3101  77 1  0  0 0 0 0 0  00000000
   4.943  4082 3102  77 1  0  0 0 0 0 0  00000000
   4.956  4082 3107  77 1  0  0 0 0 0 0  00000000
   4.968  4083 3112  77 1  0  0 0 0 0 0  00000000
   4.981  4084 3113  77 1  0  0 0 0 0 0  00000000
   4.993  4085 3119  78 1  0  0 0 0 0 0  00000000
   5.006  4086 3120  78 1  0  0 0 0 0 0  00000000
   5.019  4086 3125  78 1  0  0 0 0 0 0  00000000
   5.029  4087 3126  78 1  0  0 0 0 0 0  00000000
   5.042  4087 3127  79 1  0  0 0 0 0 0  00000000
   5.055  4087 3133  79 1  0  0 0 0 0 0  00000000
   5.068  4087 3134  78 1  0  0 0 0 0 0  00000000
   5.080  4088 3134  77 1  0  0 0 0 0 0  00000000
   5.093  4092 3132  74 1  0  0 0 0 0 0  00000000
   5.105  4097 3128  58 1  0  0 0 0 0 0  00000000
   5.117  4097 3128   0 0  0  0 0 0 0 0  00000000
   5.613  4429 3355  73 1  0  0 0 0 0 0  00000000
   5.625  4406 3334  76 1  0  0 0 0 0 0  00000000
   5.638  4406 3334  80 1  0  0 0 0 0 0  00000000
   5.651  4406 3355  81 1  0  0 0 0 0 0  00000000
   5.662  4406 3373  81 1  0  0 0 0 0 0  00000000
   5.675  4406 3374  81 1  0  0 0 0 0 0  00000000
   5.689  4406 3378  81 1  0  0 0 0 0 0  00000000
   5.699  4406 3382  80 1  0  0 0 0 0 0  00000000
   5.713  4406 3383  79 1  0  0 0 0 0 0  00000000
   5.725  4406 3384  77 1  0  0 0 0 0 0  00000000
   5.738  4406 3388  74 1  0  0 0 0 0 0  00000000
   5.750  4405 3389  68 1  0  0 0 0 0 0  00000000
   5.762  4404 3422  49 1  0  0 0 0 0 0  00000000
   5.774  4404 3422   0 0  0  0 0 0 0 0  00000000
   5.910  4265 3171  79 1  0  0 0 0 0 0  00000000
   5.923  4265 3129  78 1  0  0 0 0 0 0  00000000
   5.936  4263 3129  79 1  0  0 0 0 0 0  00000000
   5.949  4258 3128  79 1  0  0 0 0 0 0  00000000
   5.960  4257 3128  79 1  0  0 0 0 0 0  00000000
   5.973  4257 3149  77 1  0  0 0 0 0 0  00000000
   5.985  4257 3149  71 1  0  0 0 0 0 0  00000000
   5.998  4257 3198  62 1  0  0 0 0 0 0  00000000
   6.010  4257 3198   0 0  0  0 0 0 0 0  00000000
   6.147  4219 3248  78 1  0  0 0 0 0 0  00000000
   6.160  4217 3206  77 1  0  0 0 0 0 0  00000000
   6.171  4212 3180  78 1  0  0 0 0 0 0  00000000
   6.184  4191 3164  77 1  0  0 0 0 0 0  00000000
   6.210  4191 3164  76 1  0  0 0 0 0 0  00000000
   6.221  4191 3158  73 1  0  0 0 0 0 0  00000000
   6.230  4191 3156  73 1  0  0 0 0 0 0  00000000
   6.240  4191 3154  66 1  0  0 0 0 0 0  00000000
   6.258  4191 3154   0 0  0  0 0 0 0 0  00000000
   6.394  4032 3221  71 1  0  0 0 0 0 0  00000000
   6.410  4010 3170  73 1  0  0 0 0 0 0  00000000
   6.421  4010 3170  75 1  0  0 0 0 0 0  00000000
   6.431  4010 3170  76 1  0  0 0 0 0 0  00000000
   6.444  4010 3170  75 1  0  0 0 0 0 0  00000000
   6.456  4010 3188  73 1  0  0 0 0 0 0  00000000
   6.476  4010 3219  68 1  0  0 0 0 0 0  00000000
   6.487  4009 3290  56 1  0  0 0 0 0 0  00000000
   6.505  4009 3290   0 0  0  0 0 0 0 0  00000000
   6.681  4124 3241  75 1  0  0 0 0 0 0  00000000
   6.692  4124 3193  77 1  0  0 0 0 0 0  00000000
   6.705  4124 3166  79 1  0  0 0 0 0 0  00000000
   6.718  4124 3164  78 1  0  0 0 0 0 0  00000000
   6.729  4124 3159  79 1  0  0 0 0 0 0  00000000
   6.743  4124 3157  79 1  0  0 0 0 0 0  00000000
   6.755  4124 3153  78 1  0  0 0 0 0 0  00000000
   6.768  4124 3152  78 1  0  0 0 0 0 0  00000000
   6.780  4124 3150  77 1  0  0 0 0 0 0  00000000
   6.792  4124 3146  78 1  0  0 0 0 0 0  00000000
   6.804  4124 3124  77 1  0  0 0 0 0 0  00000000
   6.817  4122 3124  77 1  0  0 0 0 0 0  00000000
   6.829  4121 3120  77 1  0  0 0 0 0 0  00000000
   6.841  4121 3097  76 1  0  0 0 0 0 0  00000000
   6.854  4119 3097  76 1  0  0 0 0 0 0  00000000
   6.866  4117 3092  75 1  0  0 0 0 0 0  00000000
   6.879  4115 3086  75 1  0  0 0 0 0 0  00000000
   6.892  4110 3080  75 1  0  0 0 0 0 0  00000000
   6.903  4104 3048  76 1  0  0 0 0 0 0  00000000
   6.916  4100 3046  76 1  0  0 0 0 0 0  00000000
   6.929  4099 3021  74 1  0  0 0 0 0 0  00000000
   6.954  4094 3002  72 1  0  0 0 0 0 0  00000000
   6.966  4093 3002  71 1  0  0 0 0 0 0  00000000
   6.977  4093 3002  70 1  0  0 0 0 0 0  00000000
   6.990  4070 3022  66 1  0  0 0 0 0 0  00000000
   7.002  4070 3075  62 1  0  0 0 0 0 0  00000000
   7.015  4034 3122  56 1  0  0 0 0 0 0  00000000
   7.027  4034 3122   0 0  0  0 0 0 0 0  00000000
   7.239  3748 3261  78 1  0  0 0 0 0 0  00000000
   7.251  3746 3211  76 1  0  0 0 0 0 0  00000000
   7.264  3745 3211  79 1  0  0 0 0 0 0  00000000
   7.276  3745 3209  79 1  0  0 0 0 0 0  00000000
   7.288  3743 3208  79 1  0  0 0 0 0 0  00000000
   7.337  3742 3206  78 1  0  0 0 0 0 0  00000000
   7.350  3742 3204  79 1  0  0 0 0 0 0  00000000
   7.363  3722 3178  76 1  0  0 0 0 0 0  00000000
   7.388  3722 3160  74 1  0  0 0 0 0 0  00000000
   7.400  3722 3158  74 1  0  0 0 0 0 0  00000000
   7.412  3722 3136  74 1  0  0 0 0 0 0  00000000
   7.424  3717 3119  72 1  0  0 0 0 0 0  00000000
   7.437  3715 3118  71 1  0  0 0 0 0 0  00000000
   7.449  3709 3113  68 1  0  0 0 0 0 0  00000000
   7.462  3686 3112  65 1  0  0 0 0 0 0  00000000
   7.475  3644 3129  53 1  0  0 0 0 0 0  00000000
   7.485  3644 3129   0 0  0  0 0 0 0 0  00000000
   7.797  3642 3275  79 1  0  0 0 0 0 0  00000000
   7.809  3640 3232  77 1  0  0 0 0 0 0  00000000
   7.822  3638 3232  80 1  0  0 0 0 0 0  00000000
   7.835  3636 3231  79 1  0  0 0 0 0 0  00000000
   7.847  3632 3231  80 1  0  0 0 0 0 0  00000000
   7.860  3631 3231  81 1  0  0 0 0 0 0  00000000
   7.871  3631 3231  80 1  0  0 0 0 0 0  00000000
   7.884  3629 3231  80 1  0  0 0 0 0 0  00000000
   7.896  3628 3231  80 1  0  0 0 0 0 0  00000000
   7.921  3628 3230  79 1  0  0 0 0 0 0  00000000
   7.934  3628 3211  79 1  0  0 0 0 0 0  00000000
   7.959  3626 3209  79 1  0  0 0 0 0 0  00000000
   7.971  3625 3203  79 1  0  0 0 0 0 0  00000000
   7.983  3620 3198  79 1  0  0 0 0 0 0  00000000
   7.996  3618 3178  79 1  0  0 0 0 0 0  00000000
   8.008  3616 3178  77 1  0  0 0 0 0 0  00000000
   8.021  3615 3177  78 1  0  0 0 0 0 0  00000000
   8.033  3615 3172  77 1  0  0 0 0 0 0  00000000
   8.045  3613 3167  78 1  0  0 0 0 0 0  00000000
   8.058  3612 3146  78 1  0  0 0 0 0 0  00000000
   8.070  3607 3146  77 1  0  0 0 0 0 0  00000000
   8.082  3606 3144  77 1  0  0 0 0 0 0  00000000
   8.095  3604 3142  77 1  0  0 0 0 0 0  00000000
   8.107  3602 3140  77 1  0  0 0 0 0 0  00000000
   8.120  3602 3138  76 1  0  0 0 0 0 0  00000000
   8.132  3602 3137  76 1  0  0 0 0 0 0  00000000
   8.157  3602 3132  76 1  0  0 0 0 0 0  00000000
   8.206  3602 3132  77 1  0  0 0 0 0 0  00000000
   8.231  3602 3133  76 1  0  0 0 0 0 0  00000000
   8.243  3602 3134  76 1  0  0 0 0 0 0  00000000
   8.256  3602 3135  77 1  0  0 0 0 0 0  00000000
   8.269  3602 3136  77 1  0  0 0 0 0 0  00000000
   8.280  3602 3137  77 1  0  0 0 0 0 0  00000000
   8.293  3602 3138  77 1  0  0 0 0 0 0  00000000
   8.305  3602 3139  77 1  0  0 0 0 0 0  00000000
   8.343  3602 3143  78 1  0  0 0 0 0 0  00000000
   8.356  3602 3144  77 1  0  0 0 0 0 0  00000000
   8.368  3602 3145  77 1  0  0 0 0 0 0  00000000
   8.379  3602 3145  78 1  0  0 0 0 0 0  00000000
   8.393  3602 3145  77 1  0  0 0 0 0 0  00000000
   8.404  3602 3145  78 1  0  0 0 0 0 0  00000000
   8.430  3602 3145  77 1  0  0 0 0 0 0  00000000
   8.441  3602 3144  77 1  0  0 0 0 0 0  00000000
   8.454  3602 3142  77 1  0  0 0 0 0 0  00000000
   8.480  3602 3140  77 1  0  0 0 0 0 0  00000000
   8.504  3602 3138  77 1  0  0 0 0 0 0  00000000
   8.517  3602 3136  77 1  0  0 0 0 0 0  00000000
   8.529  3602 3135  76 1  0  0 0 0 0 0  00000000
   8.542  3602 3135  77 1  0  0 0 0 0 0  00000000
   8.554  3602 3131  77 1  0  0 0 0 0 0  00000000
   8.566  3602 3130  77 1  0  0 0 0 0 0  00000000
   8.654  3602 3131  77 1  0  0 0 0 0 0  00000000
   8.665  3602 3132  77 1  0  0 0 0 0 0  00000000
   8.678  3602 3133  77 1  0  0 0 0 0 0  00000000
   8.715  3602 3133  78 1  0  0 0 0 0 0  00000000
   8.727  3602 3137  77 1  0  0 0 0 0 0  00000000
   8.740  3602 3138  78 1  0  0 0 0 0 0  00000000
   8.752  3602 3139  77 1  0  0 0 0 0 0  00000000
   8.765  3602 3140  77 1  0  0 0 0 0 0  00000000
   8.778  3602 3141  77 1  0  0 0 0 0 0  00000000
   8.852  3602 3141  78 1  0  0 0 0 0 0  00000000
   8.951  3602 3141  77 1  0  0 0 0 0 0  00000000
   8.963  3602 3141  78 1  0  0 0 0 0 0  00000000
   9.050  3602 3141  77 1  0  0 0 0 0 0  00000000
   9.062  3602 3141  78 1  0  0 0 0 0 0  00000000
   9.174  3602 3141  77 1  0  0 0 0 0 0  00000000
   9.261  3602 3139  76 1  0  0 0 0 0 0  00000000
   9.274  3602 3134  77 1  0  0 0 0 0 0  00000000
   9.285  3602 3129  76 1  0  0 0 0 0 0  00000000
   9.298  3600 3127  75 1  0  0 0 0 0 0  00000000
   9.311  3598 3126  74 1  0  0 0 0 0 0  00000000
   9.323  3596 3124  72 1  0  0 0 0 0 0  00000000
   9.336  3594 3123  62 1  0  0 0 0 0 0  00000000
   9.347  3594 3123   0 0  0  0 0 0 0 0  00000000
