time	 y	 z	 f	 w	 l	 r	 u	 d	 m	 multi
   0.000  3997 2540   0 0  0  0 0 0 0 0  00000000
   0.927  3692 3445  77 1  0  0 0 0 0 0  00000000
   0.950  3692 3445  80 1  0  0 0 0 0 0  00000000
   0.975  3692 3463  80 1  0  0 0 0 0 0  00000000
   0.988  3692 3463  79 1  0  0 0 0 0 0  00000000
   1.000  3692 3463  80 1  0  0 0 0 0 0  00000000
   1.012  3692 3463  79 1  0  0 0 0 0 0  00000000
   1.025  3692 3463  80 1  0  0 0 0 0 0  00000000
   1.037  3692 3463  79 1  0  0 0 0 0 0  00000000
   1.050  3692 3463  80 1  0  0 0 0 0 0  00000000
   1.074  3688 3459  80 1  0  0 0 0 0 0  00000000
   1.087  3684 3453  80 1  0  0 0 0 0 0  00000000
   1.099  3682 3447  81 1  0  0 0 0 0 0  00000000
   1.112  3681 3443  81 1  0  0 0 0 0 0  00000000
   1.124  3679 3438  81 1  0  0 0 0 0 0  00000000
   1.137  3679 3432  80 1  0  0 0 0 0 0  00000000
   1.150  3678 3430  82 1  0  0 0 0 0 0  00000000
   1.160  3676 3424  80 1  0  0 0 0 0 0  00000000
   1.174  3676 3422  80 1  0  0 0 0 0 0  00000000
   1.186  3674 3420  81 1  0  0 0 0 0 0  00000000
   1.199  3674 3418  81 1  0  0 0 0 0 0  00000000
   1.211  3674 3416  81 1  0  0 0 0 0 0  00000000
   1.223  3674 3412  80 1  0  0 0 0 0 0  00000000
   1.236  3672 3411  81 1  0  0 0 0 0 0  00000000
   1.247  3672 3409  81 1  0  0 0 0 0 0  00000000
   1.310  3672 3410  81 1  0  0 0 0 0 0  00000000
   1.322  3672 3411  82 1  0  0 0 0 0 0  00000000
   1.335  3672 3412  81 1  0  0 0 0 0 0  00000000
   1.348  3672 3417  82 1  0  0 0 0 0 0  00000000
   1.360  3672 3422  82 1  0  0 0 0 0 0  00000000
   1.372  3672 3423  83 1  0  0 0 0 0 0  00000000
   1.385  3672 3424  82 1  0  0 0 0 0 0  00000000
   1.397  3672 3429  82 1  0  0 0 0 0 0  00000000
   1.409  3672 3434  82 1  0  0 0 0 0 0  00000000
   1.421  3672 3435  82 1  0  0 0 0 0 0  00000000
   1.435  3672 3440  83 1  0  0 0 0 0 0  00000000
   1.446  3672 3441  83 1  0  0 0 0 0 0  00000000
   1.459  3672 3442  83 1  0  0 0 0 0 0  00000000
   1.472  3672 3443  83 1  0  0 0 0 0 0  00000000
   1.483  3673 3444  84 1  0  0 0 0 0 0  00000000
   1.495  3673 3445  84 1  0  0 0 0 0 0  00000000
   1.508  3673 3446  84 1  0  0 0 0 0 0  00000000
   1.533  3673 3446  83 1  0  0 0 0 0 0  00000000
   1.546  3673 3446  84 1  0  0 0 0 0 0  00000000
   1.559  3673 3444  83 1  0  0 0 0 0 0  00000000
   1.571  3673 3442  83 1  0  0 0 0 0 0  00000000
   1.583  3673 3436  83 1  0  0 0 0 0 0  00000000
   1.595  3673 3431  83 1  0  0 0 0 0 0  00000000
   1.608  3673 3429  83 1  0  0 0 0 0 0  00000000
   1.621  3673 3407  82 1  0  0 0 0 0 0  00000000
   1.633  3673 3405  83 1  0  0 0 0 0 0  00000000
   1.645  3671 3399  81 1  0  0 0 0 0 0  00000000
   1.658  3667 3376  81 1  0  0 0 0 0 0  00000000
   1.670  3663 3374  80 1  0  0 0 0 0 0  00000000
   1.682  3662 3345  80 1  0  0 0 0 0 0  00000000
   1.695  3660 3345  79 1  0  0 0 0 0 0  00000000
   1.707  3658 3326  78 1  0  0 0 0 0 0  00000000
   1.720  3656 3326  78 1  0  0 0 0 0 0  00000000
   1.732  3654 3305  77 1  0  0 0 0 0 0  00000000
   1.744  3652 3303  74 1  0  0 0 0 0 0  00000000
   1.756  3652 3298  69 1  0  0 0 0 0 0  00000000
   1.769  3679 3320  56 1  0  0 0 0 0 0  00000000
   1.780  3679 3320   0 0  0  0 0 0 0 0  00000000
   2.005  3735 3336  83 1  0  0 0 0 0 0  00000000
   2.017  3767 3220  85 1  0  0 0 0 0 0  00000000
   2.030  3767 3177  86 1  0  0 0 0 0 0  00000000
   2.043  3767 3177  87 1  0  0 0 0 0 0  00000000
   2.055  3767 3178  87 1  0  0 0 0 0 0  00000000
   2.067  3767 3184  87 1  0  0 0 0 0 0  00000000
   2.080  3767 3189  87 1  0  0 0 0 0 0  00000000
   2.092  3767 3212  86 1  0  0 0 0 0 0  00000000
   2.128  3767 3212  85 1  0  0 0 0 0 0  00000000
   2.141  3767 3212  86 1  0  0 0 0 0 0  00000000
   2.153  3767 3210  87 1  0  0 0 0 0 0  00000000
   2.166  3767 3205  87 1  0  0 0 0 0 0  00000000
   2.178  3767 3199  86 1  0  0 0 0 0 0  00000000
   2.191  3767 3197  86 1  0  0 0 0 0 0  00000000
   2.203  3763 3191  86 1  0  0 0 0 0 0  00000000
   2.216  3762 3187  86 1  0  0 0 0 0 0  00000000
   2.228  3760 3182  86 1  0  0 0 0 0 0  00000000
   2.242  3760 3180  85 1  0  0 0 0 0 0  00000000
   2.253  3758 3160  86 1  0  0 0 0 0 0  00000000
   2.266  3757 3160  85 1  0  0 0 0 0 0  00000000
   2.303  3756 3156  85 1  0  0 0 0 0 0  00000000
   2.315  3756 3152  84 1  0  0 0 0 0 0  00000000
   2.328  3755 3150  84 1  0  0 0 0 0 0  00000000
   2.340  3755 3145  85 1  0  0 0 0 0 0  00000000
   2.353  3755 3144  84 1  0  0 0 0 0 0  00000000
   2.365  3755 3139  85 1  0  0 0 0 0 0  00000000
   2.377  3755 3134  85 1  0  0 0 0 0 0  00000000
   2.390  3755 3132  85 1  0  0 0 0 0 0  00000000
   2.402  3755 3130  85 1  0  0 0 0 0 0  00000000
   2.416  3755 3128  85 1  0  0 0 0 0 0  00000000
   2.428  3755 3126  85 1  0  0 0 0 0 0  00000000
   2.448  3755 3121  85 1  0  0 0 0 0 0  00000000
   2.464  3755 3119  84 1  0  0 0 0 0 0  00000000
   2.477  3755 3117  84 1  0  0 0 0 0 0  00000000
   2.489  3755 3112  84 1  0  0 0 0 0 0  00000000
   2.501  3755 3107  84 1  0  0 0 0 0 0  00000000
   2.513  3755 3105  83 1  0  0 0 0 0 0  00000000
   2.526  3755 3080  84 1  0  0 0 0 0 0  00000000
   2.538  3755 3080  82 1  0  0 0 0 0 0  00000000
   2.563  3755 3078  82 1  0  0 0 0 0 0  00000000
   2.575  3739 3073  79 1  0  0 0 0 0 0  00000000
   2.588  3740 3071  82 1  0  0 0 0 0 0  00000000
   2.600  3745 3066  82 1  0  0 0 0 0 0  00000000
   2.613  3746 3064  82 1  0  0 0 0 0 0  00000000
   2.626  3747 3062  83 1  0  0 0 0 0 0  00000000
   2.638  3747 3056  82 1  0  0 0 0 0 0  00000000
   2.650  3747 3050  81 1  0  0 0 0 0 0  00000000
   2.664  3747 3045  81 1  0  0 0 0 0 0  00000000
   2.675  3747 3043  80 1  0  0 0 0 0 0  00000000
   2.688  3747 3037  80 1  0  0 0 0 0 0  00000000
   2.700  3730 3031  77 1  0  0 0 0 0 0  00000000
   2.712  3758 3031  77 1  0  0 0 0 0 0  00000000
   2.724  3739 3032  73 1  0  0 0 0 0 0  00000000
   2.737  3739 3037  70 1  0  0 0 0 0 0  00000000
   2.748  3737 3042  64 1  0  0 0 0 0 0  00000000
   2.758  3735 3043  64 1  0  0 0 0 0 0  00000000
   2.773  3735 3043   0 0  0  0 0 0 0 0  00000000
   2.849  3569 2863  69 1  0  0 0 0 0 0  00000000
   2.861  3544 2863  81 1  0  0 0 0 0 0  00000000
   2.873  3544 2867  82 1  0  0 0 0 0 0  00000000
   2.885  3544 2897  82 1  0  0 0 0 0 0  00000000
   2.898  3544 2898  82 1  0  0 0 0 0 0  00000000
   2.911  3545 2951  80 1  0  0 0 0 0 0  00000000
   2.923  3578 3014  78 1  0  0 0 0 0 0  00000000
   2.936  3579 3067  74 1  0  0 0 0 0 0  00000000
   2.948  3601 3119  67 1  0  0 0 0 0 0  00000000
   2.960  3570 3138  43 1  0  0 0 0 0 0  00000000
   2.971  3570 3138   0 0  0  0 0 0 0 0  00000000
   3.084  3729 2995  77 1  0  0 0 0 0 0  00000000
   3.097  3729 2996  88 1  0  0 0 0 0 0  00000000
   3.110  3729 3001  88 1  0  0 0 0 0 0  00000000
   3.122  3729 3026  89 1  0  0 0 0 0 0  00000000
   3.134  3729 3043  88 1  0  0 0 0 0 0  00000000
   3.147  3734 3064  87 1  0  0 0 0 0 0  00000000
   3.159  3759 3112  85 1  0  0 0 0 0 0  00000000
   3.172  3759 3153  86 1  0  0 0 0 0 0  00000000
   3.184  3775 3188  86 1  0  0 0 0 0 0  00000000
   3.196  3775 3212  84 1  0  0 0 0 0 0  00000000
   3.208  3775 3233  83 1  0  0 0 0 0 0  00000000
   3.233  3775 3233  84 1  0  0 0 0 0 0  00000000
   3.246  3775 3234  84 1  0  0 0 0 0 0  00000000
   3.258  3775 3240  84 1  0  0 0 0 0 0  00000000
   3.270  3775 3241  86 1  0  0 0 0 0 0  00000000
   3.282  3775 3246  85 1  0  0 0 0 0 0  00000000
   3.295  3775 3247  85 1  0  0 0 0 0 0  00000000
   3.307  3775 3252  85 1  0  0 0 0 0 0  00000000
   3.319  3775 3256  86 1  0  0 0 0 0 0  00000000
   3.332  3775 3257  86 1  0  0 0 0 0 0  00000000
   3.345  3775 3262  86 1  0  0 0 0 0 0  00000000
   3.358  3775 3267  86 1  0  0 0 0 0 0  00000000
   3.370  3775 3268  86 1  0  0 0 0 0 0  00000000
   3.383  3775 3269  86 1  0  0 0 0 0 0  00000000
   3.394  3775 3274  87 1  0  0 0 0 0 0  00000000
   3.408  3775 3279  87 1  0  0 0 0 0 0  00000000
   3.419  3775 3284  88 1  0  0 0 0 0 0  00000000
   3.431  3775 3285  88 1  0  0 0 0 0 0  00000000
   3.444  3775 3289  88 1  0  0 0 0 0 0  00000000
   3.457  3775 3290  88 1  0  0 0 0 0 0  00000000
   3.468  3775 3291  88 1  0  0 0 0 0 0  00000000
   3.481  3776 3296  88 1  0  0 0 0 0 0  00000000
   3.494  3776 3297  88 1  0  0 0 0 0 0  00000000
   3.506  3777 3298  88 1  0  0 0 0 0 0  00000000
   3.519  3778 3299  88 1  0  0 0 0 0 0  00000000
   3.532  3778 3303  89 1  0  0 0 0 0 0  00000000
   3.543  3778 3308  89 1  0  0 0 0 0 0  00000000
   3.556  3779 3309  89 1  0  0 0 0 0 0  00000000
   3.568  3779 3310  89 1  0  0 0 0 0 0  00000000
   3.582  3780 3334  91 1  0  0 0 0 0 0  00000000
   3.593  3781 3334  91 1  0  0 0 0 0 0  00000000
   3.605  3782 3334  91 1  0  0 0 0 0 0  00000000
   3.618  3783 3334  91 1  0  0 0 0 0 0  00000000
   3.630  3784 3334  91 1  0  0 0 0 0 0  00000000
   3.643  3784 3334  92 1  0  0 0 0 0 0  00000000
   3.654  3784 3334  91 1  0  0 0 0 0 0  00000000
   3.680  3784 3334  90 1  0  0 0 0 0 0  00000000
   3.693  3784 3335  90 1  0  0 0 0 0 0  00000000
   3.704  3784 3336  91 1  0  0 0 0 0 0  00000000
   3.717  3784 3337  91 1  0  0 0 0 0 0  00000000
   3.741  3784 3337  90 1  0  0 0 0 0 0  00000000
   3.767  3782 3337  91 1  0  0 0 0 0 0  00000000
   3.780  3782 3332  91 1  0  0 0 0 0 0  00000000
   3.792  3780 3330  90 1  0  0 0 0 0 0  00000000
   3.803  3780 3325  90 1  0  0 0 0 0 0  00000000
   3.813  3780 3323  90 1  0  0 0 0 0 0  00000000
   3.822  3774 3321  90 1  0  0 0 0 0 0  00000000
   3.841  3769 3291  87 1  0  0 0 0 0 0  00000000
   3.854  3764 3289  87 1  0  0 0 0 0 0  00000000
   3.866  3762 3266  85 1  0  0 0 0 0 0  00000000
   3.878  3760 3264  85 1  0  0 0 0 0 0  00000000
   3.891  3760 3244  84 1  0  0 0 0 0 0  00000000
   3.903  3758 3242  83 1  0  0 0 0 0 0  00000000
   3.917  3756 3236  83 1  0  0 0 0 0 0  00000000
   3.929  3751 3208  80 1  0  0 0 0 0 0  00000000
   3.940  3749 3207  79 1  0  0 0 0 0 0  00000000
   3.953  3730 3178  76 1  0  0 0 0 0 0  00000000
   3.964  3726 3160  68 1  0  0 0 0 0 0  00000000
   3.977  3726 3160   0 0  0  0 0 0 0 0  00000000
   4.114  3647 2992  69 1  0  0 0 0 0 0  00000000
   4.126  3625 2975  84 1  0  0 0 0 0 0  00000000
   4.139  3623 2957  85 1  0  0 0 0 0 0  00000000
   4.151  3621 2957  85 1  0  0 0 0 0 0  00000000
   4.164  3619 2958  86 1  0  0 0 0 0 0  00000000
   4.176  3617 2963  84 1  0  0 0 0 0 0  00000000
   4.186  3615 2964  84 1  0  0 0 0 0 0  00000000
   4.201  3615 2995  82 1  0  0 0 0 0 0  00000000
   4.213  3613 2996  82 1  0  0 0 0 0 0  00000000
   4.225  3613 2997  82 1  0  0 0 0 0 0  00000000
   4.238  3613 2998  81 1  0  0 0 0 0 0  00000000
   4.250  3611 2999  82 1  0  0 0 0 0 0  00000000
   4.262  3611 3004  82 1  0  0 0 0 0 0  00000000
   4.275  3609 3009  82 1  0  0 0 0 0 0  00000000
   4.287  3609 3010  82 1  0  0 0 0 0 0  00000000
   4.300  3607 3011  83 1  0  0 0 0 0 0  00000000
   4.312  3607 3016  83 1  0  0 0 0 0 0  00000000
   4.325  3607 3017  83 1  0  0 0 0 0 0  00000000
   4.338  3607 3022  84 1  0  0 0 0 0 0  00000000
   4.349  3607 3023  84 1  0  0 0 0 0 0  00000000
   4.362  3607 3029  85 1  0  0 0 0 0 0  00000000
   4.374  3607 3035  84 1  0  0 0 0 0 0  00000000
   4.387  3607 3036  84 1  0  0 0 0 0 0  00000000
   4.399  3607 3042  84 1  0  0 0 0 0 0  00000000
   4.412  3607 3043  84 1  0  0 0 0 0 0  00000000
   4.423  3607 3049  84 1  0  0 0 0 0 0  00000000
   4.436  3607 3050  84 1  0  0 0 0 0 0  00000000
   4.449  3607 3051  84 1  0  0 0 0 0 0  00000000
   4.460  3607 3052  84 1  0  0 0 0 0 0  00000000
   4.473  3607 3057  85 1  0  0 0 0 0 0  00000000
   4.486  3607 3058  84 1  0  0 0 0 0 0  00000000
   4.499  3607 3059  85 1  0  0 0 0 0 0  00000000
   4.511  3608 3080  85 1  0  0 0 0 0 0  00000000
   4.524  3612 3080  86 1  0  0 0 0 0 0  00000000
   4.536  3613 3081  86 1  0  0 0 0 0 0  00000000
   4.548  3614 3082  87 1  0  0 0 0 0 0  00000000
   4.560  3615 3086  86 1  0  0 0 0 0 0  00000000
   4.572  3619 3090  87 1  0  0 0 0 0 0  00000000
   4.586  3620 3091  87 1  0  0 0 0 0 0  00000000
   4.598  3620 3095  88 1  0  0 0 0 0 0  00000000
   4.611  3621 3096  88 1  0  0 0 0 0 0  00000000
   4.623  3622 3101  88 1  0  0 0 0 0 0  00000000
   4.647  3623 3101  80 1  0  0 0 0 0 0  00000000
   4.659  3587 3188  51 1  0  0 0 0 0 0  00000000
   4.671  3587 3188   0 0  0  0 0 0 0 0  00000000
   5.193  3557 3427  74 1  0  0 0 0 0 0  00000000
   5.206  3536 3361  82 1  0  0 0 0 0 0  00000000
   5.217  3536 3326  87 1  0  0 0 0 0 0  00000000
   5.230  3536 3326  88 1  0  0 0 0 0 0  00000000
   5.256  3536 3326  89 1  0  0 0 0 0 0  00000000
   5.267  3536 3326  88 1  0  0 0 0 0 0  00000000
   5.280  3536 3327  87 1  0  0 0 0 0 0  00000000
   5.305  3536 3327  86 1  0  0 0 0 0 0  00000000
   5.317  3536 3326  86 1  0  0 0 0 0 0  00000000
   5.342  3536 3321  85 1  0  0 0 0 0 0  00000000
   5.355  3536 3300  85 1  0  0 0 0 0 0  00000000
   5.379  3535 3300  85 1  0  0 0 0 0 0  00000000
   5.392  3533 3298  84 1  0  0 0 0 0 0  00000000
   5.404  3531 3296  85 1  0  0 0 0 0 0  00000000
   5.418  3525 3294  84 1  0  0 0 0 0 0  00000000
   5.430  3523 3289  84 1  0  0 0 0 0 0  00000000
   5.441  3521 3287  84 1  0  0 0 0 0 0  00000000
   5.454  3520 3287  84 1  0  0 0 0 0 0  00000000
   5.478  3520 3287  85 1  0  0 0 0 0 0  00000000
   5.503  3520 3288  85 1  0  0 0 0 0 0  00000000
   5.515  3520 3289  86 1  0  0 0 0 0 0  00000000
   5.528  3520 3290  86 1  0  0 0 0 0 0  00000000
   5.540  3520 3295  87 1  0  0 0 0 0 0  00000000
   5.553  3520 3300  87 1  0  0 0 0 0 0  00000000
   5.566  3520 3301  88 1  0  0 0 0 0 0  00000000
   5.579  3520 3307  88 1  0  0 0 0 0 0  00000000
   5.591  3520 3313  88 1  0  0 0 0 0 0  00000000
   5.603  3520 3318  89 1  0  0 0 0 0 0  00000000
   5.615  3520 3319  89 1  0  0 0 0 0 0  00000000
   5.627  3520 3323  88 1  0  0 0 0 0 0  00000000
   5.640  3520 3324  89 1  0  0 0 0 0 0  00000000
   5.652  3520 3330  89 1  0  0 0 0 0 0  00000000
   5.665  3520 3335  88 1  0  0 0 0 0 0  00000000
   5.677  3521 3336  85 1  0  0 0 0 0 0  00000000
   5.690  3521 3336  74 1  0  0 0 0 0 0  00000000
   5.702  3494 3341  49 1  0  0 0 0 0 0  00000000
   5.712  3494 3341   0 0  0  0 0 0 0 0  00000000
   5.789  3610 3302  75 1  0  0 0 0 0 0  00000000
   5.801  3608 3279  84 1  0  0 0 0 0 0  00000000
   5.813  3603 3279  86 1  0  0 0 0 0 0  00000000
   5.826  3598 3279  87 1  0  0 0 0 0 0  00000000
   5.838  3596 3279  86 1  0  0 0 0 0 0  00000000
   5.850  3591 3279  87 1  0  0 0 0 0 0  00000000
   5.863  3587 3279  86 1  0  0 0 0 0 0  00000000
   5.875  3586 3279  85 1  0  0 0 0 0 0  00000000
   5.888  3586 3279  84 1  0  0 0 0 0 0  00000000
   5.900  3581 3278  85 1  0  0 0 0 0 0  00000000
   5.913  3580 3273  83 1  0  0 0 0 0 0  00000000
   5.925  3576 3267  84 1  0  0 0 0 0 0  00000000
   5.938  3574 3244  85 1  0  0 0 0 0 0  00000000
   5.950  3573 3242  84 1  0  0 0 0 0 0  00000000
   5.963  3573 3240  83 1  0  0 0 0 0 0  00000000
   5.975  3567 3220  83 1  0  0 0 0 0 0  00000000
   5.988  3562 3218  83 1  0  0 0 0 0 0  00000000
   6.001  3560 3212  82 1  0  0 0 0 0 0  00000000
   6.012  3554 3206  82 1  0  0 0 0 0 0  00000000
   6.025  3552 3199  81 1  0  0 0 0 0 0  00000000
   6.038  3547 3177  81 1  0  0 0 0 0 0  00000000
   6.050  3545 3177  79 1  0  0 0 0 0 0  00000000
   6.061  3544 3159  76 1  0  0 0 0 0 0  00000000
   6.074  3544 3159  75 1  0  0 0 0 0 0  00000000
   6.086  3544 3158  73 1  0  0 0 0 0 0  00000000
   6.100  3539 3158  70 1  0  0 0 0 0 0  00000000
   6.111  3508 3185  62 1  0  0 0 0 0 0  00000000
   6.123  3508 3185   0 0  0  0 0 0 0 0  00000000
   6.323  3421 3075  80 1  0  0 0 0 0 0  00000000
   6.335  3441 3011  83 1  0  0 0 0 0 0  00000000
   6.348  3441 3007  85 1  0  0 0 0 0 0  00000000
   6.361  3441 3006  85 1  0  0 0 0 0 0  00000000
   6.371  3441 3006  86 1  0  0 0 0 0 0  00000000
   6.384  3441 3010  86 1  0  0 0 0 0 0  00000000
   6.396  3421 3035  82 1  0  0 0 0 0 0  00000000
   6.421  3439 3035  85 1  0  0 0 0 0 0  00000000
   6.434  3419 3035  82 1  0  0 0 0 0 0  00000000
   6.447  3419 3035  83 1  0  0 0 0 0 0  00000000
   6.471  3419 3035  82 1  0  0 0 0 0 0  00000000
   6.484  3435 3035  85 1  0  0 0 0 0 0  00000000
   6.508  3418 3035  83 1  0  0 0 0 0 0  00000000
   6.521  3419 3035  84 1  0  0 0 0 0 0  00000000
   6.533  3424 3035  85 1  0  0 0 0 0 0  00000000
   6.546  3425 3033  85 1  0  0 0 0 0 0  00000000
   6.558  3426 3032  85 1  0  0 0 0 0 0  00000000
   6.570  3409 3027  83 1  0  0 0 0 0 0  00000000
   6.584  3428 3022  84 1  0  0 0 0 0 0  00000000
   6.596  3428 3020  83 1  0  0 0 0 0 0  00000000
   6.608  3428 3020  84 1  0  0 0 0 0 0  00000000
   6.634  3428 3020  85 1  0  0 0 0 0 0  00000000
   6.646  3428 3020  84 1  0  0 0 0 0 0  00000000
   6.657  3428 3020  85 1  0  0 0 0 0 0  00000000
   6.670  3428 3016  85 1  0  0 0 0 0 0  00000000
   6.682  3428 3015  85 1  0  0 0 0 0 0  00000000
   6.696  3427 3015  82 1  0  0 0 0 0 0  00000000
   6.707  3425 3015  82 1  0  0 0 0 0 0  00000000
   6.719  3425 3015  85 1  0  0 0 0 0 0  00000000
   6.732  3426 3015  86 1  0  0 0 0 0 0  00000000
   6.745  3426 3015  85 1  0  0 0 0 0 0  00000000
   6.757  3426 3015  86 1  0  0 0 0 0 0  00000000
   6.770  3426 3016  86 1  0  0 0 0 0 0  00000000
   6.782  3427 3021  86 1  0  0 0 0 0 0  00000000
   6.793  3427 3026  83 1  0  0 0 0 0 0  00000000
   6.806  3427 3027  86 1  0  0 0 0 0 0  00000000
   6.818  3427 3032  84 1  0  0 0 0 0 0  00000000
   6.831  3428 3056  87 1  0  0 0 0 0 0  00000000
   6.843  3432 3057  88 1  0  0 0 0 0 0  00000000
   6.856  3433 3062  88 1  0  0 0 0 0 0  00000000
   6.868  3437 3088  88 1  0  0 0 0 0 0  00000000
   6.881  3442 3088  89 1  0  0 0 0 0 0  00000000
   6.893  3446 3092  89 1  0  0 0 0 0 0  00000000
   6.907  3447 3112  90 1  0  0 0 0 0 0  00000000
   6.919  3451 3112  91 1  0  0 0 0 0 0  00000000
   6.931  3452 3112  91 1  0  0 0 0 0 0  00000000
   6.943  3453 3111  90 1  0  0 0 0 0 0  00000000
   6.955  3454 3106  92 1  0  0 0 0 0 0  00000000
   6.967  3455 3101  91 1  0  0 0 0 0 0  00000000
   6.979  3455 3094  91 1  0  0 0 0 0 0  00000000
   6.992  3455 3087  90 1  0  0 0 0 0 0  00000000
   7.005  3455 3080  89 1  0  0 0 0 0 0  00000000
   7.018  3455 3055  88 1  0  0 0 0 0 0  00000000
   7.030  3456 3055  88 1  0  0 0 0 0 0  00000000
   7.041  3456 3034  85 1  0  0 0 0 0 0  00000000
   7.067  3435 3016  77 1  0  0 0 0 0 0  00000000
   7.080  3435 3035  71 1  0  0 0 0 0 0  00000000
   7.092  3391 3076  54 1  0  0 0 0 0 0  00000000
   7.104  3391 3076   0 0  0  0 0 0 0 0  00000000
   7.191  3329 3077  37 1  0  0 0 0 0 0  00000000
   7.203  3281 3055  80 1  0  0 0 0 0 0  00000000
   7.217  3281 3021  82 1  0  0 0 0 0 0  00000000
   7.229  3281 3021  83 1  0  0 0 0 0 0  00000000
   7.240  3281 3022  82 1  0  0 0 0 0 0  00000000
   7.252  3281 3044  83 1  0  0 0 0 0 0  00000000
   7.265  3281 3045  81 1  0  0 0 0 0 0  00000000
   7.277  3285 3081  78 1  0  0 0 0 0 0  00000000
   7.290  3325 3111  74 1  0  0 0 0 0 0  00000000
   7.302  3326 3144  68 1  0  0 0 0 0 0  00000000
   7.315  3326 3211  53 1  0  0 0 0 0 0  00000000
   7.327  3326 3211   0 0  0  0 0 0 0 0  00000000
   7.401  3357 3227  46 1  0  0 0 0 0 0  00000000
   7.413  3335 3200  78 1  0  0 0 0 0 0  00000000
   7.427  3335 3198  80 1  0  0 0 0 0 0  00000000
   7.440  3335 3196  82 1  0  0 0 0 0 0  00000000
   7.463  3335 3196  81 1  0  0 0 0 0 0  00000000
   7.476  3335 3196  82 1  0  0 0 0 0 0  00000000
   7.501  3335 3196  81 1  0  0 0 0 0 0  00000000
   7.513  3334 3196  81 1  0  0 0 0 0 0  00000000
   7.525  3334 3196  82 1  0  0 0 0 0 0  00000000
   7.538  3333 3196  82 1  0  0 0 0 0 0  00000000
   7.551  3331 3177  81 1  0  0 0 0 0 0  00000000
   7.563  3330 3177  81 1  0  0 0 0 0 0  00000000
   7.575  3328 3177  81 1  0  0 0 0 0 0  00000000
   7.588  3327 3159  81 1  0  0 0 0 0 0  00000000
   7.600  3323 3159  81 1  0  0 0 0 0 0  00000000
   7.613  3321 3159  81 1  0  0 0 0 0 0  00000000
   7.625  3319 3157  80 1  0  0 0 0 0 0  00000000
   7.638  3317 3137  81 1  0  0 0 0 0 0  00000000
   7.650  3315 3137  81 1  0  0 0 0 0 0  00000000
   7.663  3315 3136  80 1  0  0 0 0 0 0  00000000
   7.675  3315 3131  80 1  0  0 0 0 0 0  00000000
   7.688  3315 3129  80 1  0  0 0 0 0 0  00000000
   7.700  3311 3124  80 1  0  0 0 0 0 0  00000000
   7.713  3310 3122  79 1  0  0 0 0 0 0  00000000
   7.725  3309 3122  80 1  0  0 0 0 0 0  00000000
   7.737  3309 3120  80 1  0  0 0 0 0 0  00000000
   7.787  3309 3121  80 1  0  0 0 0 0 0  00000000
   7.800  3309 3122  81 1  0  0 0 0 0 0  00000000
   7.811  3309 3123  81 1  0  0 0 0 0 0  00000000
   7.824  3309 3127  81 1  0  0 0 0 0 0  00000000
   7.836  3309 3132  81 1  0  0 0 0 0 0  00000000
   7.848  3309 3153  82 1  0  0 0 0 0 0  00000000
   7.873  3309 3154  82 1  0  0 0 0 0 0  00000000
   7.886  3309 3158  82 1  0  0 0 0 0 0  00000000
   7.899  3309 3159  82 1  0  0 0 0 0 0  00000000
   7.910  3309 3160  82 1  0  0 0 0 0 0  00000000
   7.923  3309 3164  82 1  0  0 0 0 0 0  00000000
   7.936  3309 3165  82 1  0  0 0 0 0 0  00000000
   7.948  3309 3165  83 1  0  0 0 0 0 0  00000000
   7.972  3309 3166  83 1  0  0 0 0 0 0  00000000
   7.997  3309 3167  82 1  0  0 0 0 0 0  00000000
   8.048  3309 3165  82 1  0  0 0 0 0 0  00000000
   8.060  3309 3163  82 1  0  0 0 0 0 0  00000000
   8.072  3309 3162  81 1  0  0 0 0 0 0  00000000
   8.084  3309 3157  82 1  0  0 0 0 0 0  00000000
   8.097  3309 3155  80 1  0  0 0 0 0 0  00000000
   8.109  3309 3153  81 1  0  0 0 0 0 0  00000000
   8.122  3309 3147  81 1  0  0 0 0 0 0  00000000
   8.134  3309 3145  81 1  0  0 0 0 0 0  00000000
   8.146  3309 3143  80 1  0  0 0 0 0 0  00000000
   8.159  3309 3142  81 1  0  0 0 0 0 0  00000000
   8.171  3309 3123  81 1  0  0 0 0 0 0  00000000
   8.209  3307 3123  80 1  0  0 0 0 0 0  00000000
   8.221  3307 3123  81 1  0  0 0 0 0 0  00000000
   8.258  3307 3124  81 1  0  0 0 0 0 0  00000000
   8.271  3307 3125  81 1  0  0 0 0 0 0  00000000
   8.283  3306 3126  81 1  0  0 0 0 0 0  00000000
   8.296  3306 3127  82 1  0  0 0 0 0 0  00000000
   8.308  3306 3128  81 1  0  0 0 0 0 0  00000000
   8.320  3306 3150  82 1  0  0 0 0 0 0  00000000
   8.345  3306 3151  82 1  0  0 0 0 0 0  00000000
   8.357  3306 3152  82 1  0  0 0 0 0 0  00000000
   8.370  3306 3153  82 1  0  0 0 0 0 0  00000000
   8.383  3306 3157  82 1  0  0 0 0 0 0  00000000
   8.395  3306 3158  82 1  0  0 0 0 0 0  00000000
   8.407  3306 3159  82 1  0  0 0 0 0 0  00000000
   8.432  3306 3163  82 1  0  0 0 0 0 0  00000000
   8.444  3306 3164  82 1  0  0 0 0 0 0  00000000
   8.456  3306 3164  83 1  0  0 0 0 0 0  00000000
   8.469  3306 3164  82 1  0  0 0 0 0 0  00000000
   8.556  3306 3164  83 1  0  0 0 0 0 0  00000000
   8.581  3306 3164  82 1  0  0 0 0 0 0  00000000
   8.618  3306 3163  83 1  0  0 0 0 0 0  00000000
   8.632  3306 3163  82 1  0  0 0 0 0 0  00000000
   8.643  3306 3163  83 1  0  0 0 0 0 0  00000000
   8.654  3306 3163  82 1  0  0 0 0 0 0  00000000
   8.667  3306 3163  83 1  0  0 0 0 0 0  00000000
   8.679  3307 3164  82 1  0  0 0 0 0 0  00000000
   8.689  3308 3165  82 1  0  0 0 0 0 0  00000000
   8.699  3309 3166  83 1  0  0 0 0 0 0  00000000
   8.710  3309 3167  82 1  0  0 0 0 0 0  00000000
   8.730  3310 3168  83 1  0  0 0 0 0 0  00000000
   8.741  3311 3169  83 1  0  0 0 0 0 0  00000000
   8.754  3315 3174  83 1  0  0 0 0 0 0  00000000
   8.767  3316 3175  83 1  0  0 0 0 0 0  00000000
   8.779  3317 3176  83 1  0  0 0 0 0 0  00000000
   8.791  3318 3177  82 1  0  0 0 0 0 0  00000000
   8.804  3318 3178  83 1  0  0 0 0 0 0  00000000
   8.816  3318 3179  82 1  0  0 0 0 0 0  00000000
   8.829  3319 3180  81 1  0  0 0 0 0 0  00000000
   8.841  3319 3180  80 1  0  0 0 0 0 0  00000000
   8.854  3319 3172  74 1  0  0 0 0 0 0  00000000
   8.866  3319 3172  57 1  0  0 0 0 0 0  00000000
   8.879  3319 3172   0 0  0  0 0 0 0 0  00000000
