time	 y	 z	 f	 w	 l	 r	 u	 d	 m	 multi
   0.000  3617 3062   0 0  0  0 0 0 0 0  00000000
   1.297  3355 3704  72 1  0  0 0 0 0 0  00000000
   1.308  3355 3704  74 1  0  0 0 0 0 0  00000000
   1.321  3355 3705  76 1  0  0 0 0 0 0  00000000
   1.334  3353 3731  75 1  0  0 0 0 0 0  00000000
   1.345  3351 3747  76 1  0  0 0 0 0 0  00000000
   1.358  3351 3747  77 1  0  0 0 0 0 0  00000000
   1.383  3351 3747  76 1  0  0 0 0 0 0  00000000
   1.396  3349 3745  77 1  0  0 0 0 0 0  00000000
   1.408  3347 3743  76 1  0  0 0 0 0 0  00000000
   1.420  3345 3741  76 1  0  0 0 0 0 0  00000000
   1.434  3344 3739  76 1  0  0 0 0 0 0  00000000
   1.445  3344 3737  75 1  0  0 0 0 0 0  00000000
   1.457  3344 3716  75 1  0  0 0 0 0 0  00000000
   1.482  3343 3714  75 1  0  0 0 0 0 0  00000000
   1.494  3341 3712  75 1  0  0 0 0 0 0  00000000
   1.507  3340 3707  74 1  0  0 0 0 0 0  00000000
   1.519  3339 3705  74 1  0  0 0 0 0 0  00000000
   1.532  3339 3703  75 1  0  0 0 0 0 0  00000000
   1.545  3339 3702  75 1  0  0 0 0 0 0  00000000
   1.556  3338 3700  74 1  0  0 0 0 0 0  00000000
   1.569  3334 3700  74 1  0  0 0 0 0 0  00000000
   1.581  3333 3700  74 1  0  0 0 0 0 0  00000000
   1.618  3333 3700  75 1  0  0 0 0 0 0  00000000
   1.656  3333 3701  75 1  0  0 0 0 0 0  00000000
   1.681  3333 3705  75 1  0  0 0 0 0 0  00000000
   1.693  3333 3709  75 1  0  0 0 0 0 0  00000000
   1.706  3333 3710  75 1  0  0 0 0 0 0  00000000
   1.718  3333 3714  75 1  0  0 0 0 0 0  00000000
   1.731  3333 3715  75 1  0  0 0 0 0 0  00000000
   1.743  3333 3719  75 1  0  0 0 0 0 0  00000000
   1.756  3333 3720  75 1  0  0 0 0 0 0  00000000
   1.768  3333 3724  76 1  0  0 0 0 0 0  00000000
   1.780  3333 3725  76 1  0  0 0 0 0 0  00000000
   1.805  3333 3725  75 1  0  0 0 0 0 0  00000000
   1.818  3334 3725  74 1  0  0 0 0 0 0  00000000
   1.830  3334 3704  73 1  0  0 0 0 0 0  00000000
   1.841  3334 3704  69 1  0  0 0 0 0 0  00000000
   1.854  3334 3704  61 1  0  0 0 0 0 0  00000000
   1.865  3334 3704   0 0  0  0 0 0 0 0  00000000
   2.090  3578 3482  46 1  0  0 0 0 0 0  00000000
   2.103  3482 3446  72 1  0  0 0 0 0 0  00000000
   2.116  3465 3427  77 1  0  0 0 0 0 0  00000000
   2.127  3465 3427  78 1  0  0 0 0 0 0  00000000
   2.140  3465 3448  78 1  0  0 0 0 0 0  00000000
   2.152  3465 3449  77 1  0  0 0 0 0 0  00000000
   2.165  3465 3453  73 1  0  0 0 0 0 0  00000000
   2.177  3496 3477  69 1  0  0 0 0 0 0  00000000
   2.190  3560 3478  54 1  0  0 0 0 0 0  00000000
   2.201  3560 3478   0 0  0  0 0 0 0 0  00000000
   2.338  3731 3412  71 1  0  0 0 0 0 0  00000000
   2.351  3731 3370  74 1  0  0 0 0 0 0  00000000
   2.363  3704 3349  78 1  0  0 0 0 0 0  00000000
   2.375  3704 3347  79 1  0  0 0 0 0 0  00000000
   2.388  3703 3345  78 1  0  0 0 0 0 0  00000000
   2.402  3703 3321  74 1  0  0 0 0 0 0  00000000
   2.412  3720 3322  65 1  0  0 0 0 0 0  00000000
   2.425  3720 3322   0 0  0  0 0 0 0 0  00000000
   2.599  3626 3342  46 1  0  0 0 0 0 0  00000000
   2.610  3559 3320  71 1  0  0 0 0 0 0  00000000
   2.623  3536 3301  76 1  0  0 0 0 0 0  00000000
   2.636  3513 3301  78 1  0  0 0 0 0 0  00000000
   2.661  3513 3300  77 1  0  0 0 0 0 0  00000000
   2.674  3514 3278  71 1  0  0 0 0 0 0  00000000
   2.686  3515 3294  63 1  0  0 0 0 0 0  00000000
   2.698  3515 3294   0 0  0  0 0 0 0 0  00000000
   2.885  3654 3150  63 1  0  0 0 0 0 0  00000000
   2.897  3594 3122  74 1  0  0 0 0 0 0  00000000
   2.909  3594 3122  79 1  0  0 0 0 0 0  00000000
   2.921  3593 3122  79 1  0  0 0 0 0 0  00000000
   2.934  3588 3120  75 1  0  0 0 0 0 0  00000000
   2.946  3588 3120  68 1  0  0 0 0 0 0  00000000
   2.958  3558 3166  59 1  0  0 0 0 0 0  00000000
   2.970  3558 3166   0 0  0  0 0 0 0 0  00000000
   3.119  3293 3347  36 1  0  0 0 0 0 0  00000000
   3.132  3174 3322  76 1  0  0 0 0 0 0  00000000
   3.145  3156 3301  81 1  0  0 0 0 0 0  00000000
   3.157  3156 3301  83 1  0  0 0 0 0 0  00000000
   3.169  3154 3300  83 1  0  0 0 0 0 0  00000000
   3.182  3152 3272  78 1  0  0 0 0 0 0  00000000
   3.194  3146 3272  71 1  0  0 0 0 0 0  00000000
   3.207  3123 3308  56 1  0  0 0 0 0 0  00000000
   3.218  3123 3308   0 0  0  0 0 0 0 0  00000000
   3.431  3327 3040  77 1  0  0 0 0 0 0  00000000
   3.442  3301 3040  84 1  0  0 0 0 0 0  00000000
   3.455  3300 3040  87 1  0  0 0 0 0 0  00000000
   3.467  3300 3069  89 1  0  0 0 0 0 0  00000000
   3.480  3300 3090  90 1  0  0 0 0 0 0  00000000
   3.493  3300 3091  90 1  0  0 0 0 0 0  00000000
   3.505  3300 3095  91 1  0  0 0 0 0 0  00000000
   3.518  3300 3116  91 1  0  0 0 0 0 0  00000000
   3.554  3300 3116  90 1  0  0 0 0 0 0  00000000
   3.567  3300 3116  89 1  0  0 0 0 0 0  00000000
   3.579  3300 3116  91 1  0  0 0 0 0 0  00000000
   3.591  3300 3120  90 1  0  0 0 0 0 0  00000000
   3.604  3300 3125  91 1  0  0 0 0 0 0  00000000
   3.617  3300 3129  91 1  0  0 0 0 0 0  00000000
   3.628  3300 3130  92 1  0  0 0 0 0 0  00000000
   3.641  3300 3134  93 1  0  0 0 0 0 0  00000000
   3.654  3300 3135  93 1  0  0 0 0 0 0  00000000
   3.667  3299 3136  92 1  0  0 0 0 0 0  00000000
   3.677  3299 3137  93 1  0  0 0 0 0 0  00000000
   3.690  3299 3137  92 1  0  0 0 0 0 0  00000000
   3.715  3297 3137  92 1  0  0 0 0 0 0  00000000
   3.728  3295 3132  92 1  0  0 0 0 0 0  00000000
   3.741  3293 3126  92 1  0  0 0 0 0 0  00000000
   3.753  3292 3119  92 1  0  0 0 0 0 0  00000000
   3.766  3292 3113  91 1  0  0 0 0 0 0  00000000
   3.777  3290 3107  91 1  0  0 0 0 0 0  00000000
   3.791  3288 3101  91 1  0  0 0 0 0 0  00000000
   3.803  3286 3074  91 1  0  0 0 0 0 0  00000000
   3.814  3285 3074  91 1  0  0 0 0 0 0  00000000
   3.827  3283 3055  90 1  0  0 0 0 0 0  00000000
   3.839  3282 3053  90 1  0  0 0 0 0 0  00000000
   3.852  3280 3033  90 1  0  0 0 0 0 0  00000000
   3.865  3280 3031  89 1  0  0 0 0 0 0  00000000
   3.877  3275 3008  89 1  0  0 0 0 0 0  00000000
   3.890  3270 3008  88 1  0  0 0 0 0 0  00000000
   3.903  3268 3003  87 1  0  0 0 0 0 0  00000000
   3.914  3266 2998  88 1  0  0 0 0 0 0  00000000
   3.927  3261 2971  87 1  0  0 0 0 0 0  00000000
   3.939  3259 2969  87 1  0  0 0 0 0 0  00000000
   3.951  3258 2964  86 1  0  0 0 0 0 0  00000000
   3.964  3256 2942  86 1  0  0 0 0 0 0  00000000
   3.977  3256 2941  86 1  0  0 0 0 0 0  00000000
   3.989  3256 2921  84 1  0  0 0 0 0 0  00000000
   4.000  3256 2905  84 1  0  0 0 0 0 0  00000000
   4.013  3256 2905  83 1  0  0 0 0 0 0  00000000
   4.026  3256 2901  84 1  0  0 0 0 0 0  00000000
   4.038  3256 2895  82 1  0  0 0 0 0 0  00000000
   4.051  3256 2893  83 1  0  0 0 0 0 0  00000000
   4.064  3255 2888  83 1  0  0 0 0 0 0  00000000
   4.076  3255 2886  82 1  0  0 0 0 0 0  00000000
   4.089  3255 2881  83 1  0  0 0 0 0 0  00000000
   4.100  3255 2859  82 1  0  0 0 0 0 0  00000000
   4.137  3254 2860  83 1  0  0 0 0 0 0  00000000
   4.150  3250 2861  82 1  0  0 0 0 0 0  00000000
   4.162  3249 2862  83 1  0  0 0 0 0 0  00000000
   4.175  3249 2863  83 1  0  0 0 0 0 0  00000000
   4.199  3249 2863  81 1  0  0 0 0 0 0  00000000
   4.212  3247 2844  80 1  0  0 0 0 0 0  00000000
   4.225  3247 2810  74 1  0  0 0 0 0 0  00000000
   4.237  3254 2738  64 1  0  0 0 0 0 0  00000000
   4.250  3254 2738   0 0  0  0 0 0 0 0  00000000
   4.448  3193 2811  75 1  0  0 0 0 0 0  00000000
   4.460  3191 2836  78 1  0  0 0 0 0 0  00000000
   4.472  3187 2854  81 1  0  0 0 0 0 0  00000000
   4.484  3182 2878  83 1  0  0 0 0 0 0  00000000
   4.497  3181 2879  83 1  0  0 0 0 0 0  00000000
   4.509  3181 2906  83 1  0  0 0 0 0 0  00000000
   4.522  3181 2907  83 1  0  0 0 0 0 0  00000000
   4.534  3181 2938  85 1  0  0 0 0 0 0  00000000
   4.547  3185 2938  85 1  0  0 0 0 0 0  00000000
   4.559  3186 2938  85 1  0  0 0 0 0 0  00000000
   4.572  3187 2938  85 1  0  0 0 0 0 0  00000000
   4.597  3187 2939  85 1  0  0 0 0 0 0  00000000
   4.634  3187 2940  85 1  0  0 0 0 0 0  00000000
   4.721  3187 2940  86 1  0  0 0 0 0 0  00000000
   4.733  3187 2938  85 1  0  0 0 0 0 0  00000000
   4.746  3186 2936  86 1  0  0 0 0 0 0  00000000
   4.758  3186 2934  85 1  0  0 0 0 0 0  00000000
   4.770  3186 2932  86 1  0  0 0 0 0 0  00000000
   4.784  3185 2928  86 1  0  0 0 0 0 0  00000000
   4.795  3185 2926  85 1  0  0 0 0 0 0  00000000
   4.807  3185 2921  85 1  0  0 0 0 0 0  00000000
   4.820  3184 2920  85 1  0  0 0 0 0 0  00000000
   4.845  3184 2918  86 1  0  0 0 0 0 0  00000000
   4.881  3184 2916  86 1  0  0 0 0 0 0  00000000
   4.894  3184 2914  85 1  0  0 0 0 0 0  00000000
   4.906  3185 2877  81 1  0  0 0 0 0 0  00000000
   4.919  3186 2811  73 1  0  0 0 0 0 0  00000000
   4.930  3208 2765  61 1  0  0 0 0 0 0  00000000
   4.942  3208 2765   0 0  0  0 0 0 0 0  00000000
   5.204  3041 3207  69 1  0  0 0 0 0 0  00000000
   5.216  3041 3208  75 1  0  0 0 0 0 0  00000000
   5.229  3041 3232  75 1  0  0 0 0 0 0  00000000
   5.254  3042 3254  71 1  0  0 0 0 0 0  00000000
   5.266  3088 3281  63 1  0  0 0 0 0 0  00000000
   5.277  3088 3281   0 0  0  0 0 0 0 0  00000000
   5.465  3156 3465  72 1  0  0 0 0 0 0  00000000
   5.477  3122 3434  73 1  0  0 0 0 0 0  00000000
   5.490  3120 3432  77 1  0  0 0 0 0 0  00000000
   5.502  3118 3430  79 1  0  0 0 0 0 0  00000000
   5.515  3112 3430  78 1  0  0 0 0 0 0  00000000
   5.527  3110 3430  79 1  0  0 0 0 0 0  00000000
   5.552  3110 3431  79 1  0  0 0 0 0 0  00000000
   5.565  3110 3437  79 1  0  0 0 0 0 0  00000000
   5.577  3110 3438  79 1  0  0 0 0 0 0  00000000
   5.590  3110 3443  79 1  0  0 0 0 0 0  00000000
   5.602  3110 3444  78 1  0  0 0 0 0 0  00000000
   5.614  3110 3448  79 1  0  0 0 0 0 0  00000000
   5.626  3110 3449  79 1  0  0 0 0 0 0  00000000
   5.688  3109 3449  79 1  0  0 0 0 0 0  00000000
   5.713  3107 3449  79 1  0  0 0 0 0 0  00000000
   5.726  3105 3443  78 1  0  0 0 0 0 0  00000000
   5.738  3103 3438  79 1  0  0 0 0 0 0  00000000
   5.751  3101 3416  79 1  0  0 0 0 0 0  00000000
   5.763  3101 3415  77 1  0  0 0 0 0 0  00000000
   5.775  3099 3409  77 1  0  0 0 0 0 0  00000000
   5.788  3099 3388  77 1  0  0 0 0 0 0  00000000
   5.800  3094 3386  77 1  0  0 0 0 0 0  00000000
   5.812  3092 3363  77 1  0  0 0 0 0 0  00000000
   5.824  3090 3362  76 1  0  0 0 0 0 0  00000000
   5.837  3089 3357  76 1  0  0 0 0 0 0  00000000
   5.850  3088 3334  76 1  0  0 0 0 0 0  00000000
   5.861  3084 3334  76 1  0  0 0 0 0 0  00000000
   5.874  3083 3332  76 1  0  0 0 0 0 0  00000000
   5.887  3083 3330  75 1  0  0 0 0 0 0  00000000
   5.899  3083 3325  76 1  0  0 0 0 0 0  00000000
   5.911  3083 3323  75 1  0  0 0 0 0 0  00000000
   5.924  3083 3321  75 1  0  0 0 0 0 0  00000000
   5.937  3083 3319  75 1  0  0 0 0 0 0  00000000
   5.949  3083 3317  75 1  0  0 0 0 0 0  00000000
   5.962  3083 3315  76 1  0  0 0 0 0 0  00000000
   5.973  3083 3314  76 1  0  0 0 0 0 0  00000000
   5.999  3083 3314  77 1  0  0 0 0 0 0  00000000
   6.023  3083 3318  77 1  0  0 0 0 0 0  00000000
   6.033  3083 3319  77 1  0  0 0 0 0 0  00000000
   6.043  3083 3323  78 1  0  0 0 0 0 0  00000000
   6.061  3083 3324  76 1  0  0 0 0 0 0  00000000
   6.073  3083 3325  73 1  0  0 0 0 0 0  00000000
   6.086  3110 3325  68 1  0  0 0 0 0 0  00000000
   6.098  3159 3308  61 1  0  0 0 0 0 0  00000000
   6.111  3160 3266  41 1  0  0 0 0 0 0  00000000
   6.121  3160 3266   0 0  0  0 0 0 0 0  00000000
   6.247  3261 2999  69 1  0  0 0 0 0 0  00000000
   6.259  3215 2997  78 1  0  0 0 0 0 0  00000000
   6.271  3213 2997  81 1  0  0 0 0 0 0  00000000
   6.284  3207 3034  82 1  0  0 0 0 0 0  00000000
   6.296  3203 3034  82 1  0  0 0 0 0 0  00000000
   6.309  3202 3038  78 1  0  0 0 0 0 0  00000000
   6.321  3222 3062  72 1  0  0 0 0 0 0  00000000
   6.334  3256 3081  63 1  0  0 0 0 0 0  00000000
   6.345  3256 3081   0 0  0  0 0 0 0 0  00000000
   6.531  3378 3150  77 1  0  0 0 0 0 0  00000000
   6.557  3353 3150  80 1  0  0 0 0 0 0  00000000
   6.570  3353 3151  82 1  0  0 0 0 0 0  00000000
   6.581  3353 3179  83 1  0  0 0 0 0 0  00000000
   6.595  3353 3180  83 1  0  0 0 0 0 0  00000000
   6.607  3353 3184  82 1  0  0 0 0 0 0  00000000
   6.620  3353 3185  82 1  0  0 0 0 0 0  00000000
   6.631  3353 3189  82 1  0  0 0 0 0 0  00000000
   6.644  3353 3190  83 1  0  0 0 0 0 0  00000000
   6.655  3353 3191  82 1  0  0 0 0 0 0  00000000
   6.668  3353 3191  83 1  0  0 0 0 0 0  00000000
   6.681  3353 3191  82 1  0  0 0 0 0 0  00000000
   6.693  3353 3191  83 1  0  0 0 0 0 0  00000000
   6.705  3353 3191  82 1  0  0 0 0 0 0  00000000
   6.719  3353 3189  82 1  0  0 0 0 0 0  00000000
   6.731  3353 3187  83 1  0  0 0 0 0 0  00000000
   6.743  3353 3185  83 1  0  0 0 0 0 0  00000000
   6.755  3353 3180  83 1  0  0 0 0 0 0  00000000
   6.768  3353 3178  83 1  0  0 0 0 0 0  00000000
   6.781  3353 3177  83 1  0  0 0 0 0 0  00000000
   6.807  3353 3177  82 1  0  0 0 0 0 0  00000000
   6.830  3351 3177  83 1  0  0 0 0 0 0  00000000
   6.842  3351 3177  84 1  0  0 0 0 0 0  00000000
   6.855  3350 3175  83 1  0  0 0 0 0 0  00000000
   6.867  3350 3175  84 1  0  0 0 0 0 0  00000000
   6.879  3350 3173  83 1  0  0 0 0 0 0  00000000
   6.893  3350 3173  84 1  0  0 0 0 0 0  00000000
   6.906  3350 3173  83 1  0  0 0 0 0 0  00000000
   6.917  3350 3173  84 1  0  0 0 0 0 0  00000000
   6.954  3350 3189  84 1  0  0 0 0 0 0  00000000
   6.967  3350 3189  85 1  0  0 0 0 0 0  00000000
   6.991  3350 3208  85 1  0  0 0 0 0 0  00000000
   7.004  3350 3209  85 1  0  0 0 0 0 0  00000000
   7.015  3350 3214  87 1  0  0 0 0 0 0  00000000
   7.029  3350 3246  88 1  0  0 0 0 0 0  00000000
   7.041  3350 3246  89 1  0  0 0 0 0 0  00000000
   7.054  3350 3246  88 1  0  0 0 0 0 0  00000000
   7.066  3350 3265  89 1  0  0 0 0 0 0  00000000
   7.077  3351 3265  89 1  0  0 0 0 0 0  00000000
   7.090  3352 3266  90 1  0  0 0 0 0 0  00000000
   7.102  3353 3266  89 1  0  0 0 0 0 0  00000000
   7.115  3353 3267  90 1  0  0 0 0 0 0  00000000
   7.127  3354 3268  89 1  0  0 0 0 0 0  00000000
   7.141  3354 3269  89 1  0  0 0 0 0 0  00000000
   7.152  3354 3269  87 1  0  0 0 0 0 0  00000000
   7.165  3354 3234  85 1  0  0 0 0 0 0  00000000
   7.176  3376 3185  78 1  0  0 0 0 0 0  00000000
   7.189  3395 3156  71 1  0  0 0 0 0 0  00000000
   7.201  3451 3132  50 1  0  0 0 0 0 0  00000000
   7.213  3451 3132   0 0  0  0 0 0 0 0  00000000
   7.401  2928 3377  80 1  0  0 0 0 0 0  00000000
   7.412  2899 3377  81 1  0  0 0 0 0 0  00000000
   7.425  2883 3377  85 1  0  0 0 0 0 0  00000000
   7.438  2883 3381  87 1  0  0 0 0 0 0  00000000
   7.451  2883 3401  86 1  0  0 0 0 0 0  00000000
   7.462  2883 3401  84 1  0  0 0 0 0 0  00000000
   7.475  2904 3400  79 1  0  0 0 0 0 0  00000000
   7.486  2961 3396  69 1  0  0 0 0 0 0  00000000
   7.500  2961 3396   0 0  0  0 0 0 0 0  00000000
   7.649  3192 3349  77 1  0  0 0 0 0 0  00000000
   7.661  3161 3315  78 1  0  0 0 0 0 0  00000000
   7.673  3133 3315  83 1  0  0 0 0 0 0  00000000
   7.686  3131 3315  86 1  0  0 0 0 0 0  00000000
   7.698  3125 3315  87 1  0  0 0 0 0 0  00000000
   7.711  3120 3316  86 1  0  0 0 0 0 0  00000000
   7.723  3119 3317  87 1  0  0 0 0 0 0  00000000
   7.736  3119 3318  87 1  0  0 0 0 0 0  00000000
   7.748  3119 3318  88 1  0  0 0 0 0 0  00000000
   7.761  3119 3316  86 1  0  0 0 0 0 0  00000000
   7.773  3119 3291  85 1  0  0 0 0 0 0  00000000
   7.785  3119 3289  84 1  0  0 0 0 0 0  00000000
   7.797  3119 3284  84 1  0  0 0 0 0 0  00000000
   7.811  3119 3260  83 1  0  0 0 0 0 0  00000000
   7.834  3119 3242  83 1  0  0 0 0 0 0  00000000
   7.860  3117 3241  83 1  0  0 0 0 0 0  00000000
   7.872  3115 3236  82 1  0  0 0 0 0 0  00000000
   7.883  3115 3235  82 1  0  0 0 0 0 0  00000000
   7.896  3115 3235  83 1  0  0 0 0 0 0  00000000
   7.909  3110 3235  83 1  0  0 0 0 0 0  00000000
   7.922  3109 3233  82 1  0  0 0 0 0 0  00000000
   7.934  3107 3229  82 1  0  0 0 0 0 0  00000000
   7.947  3105 3228  82 1  0  0 0 0 0 0  00000000
   7.984  3105 3233  83 1  0  0 0 0 0 0  00000000
   7.996  3105 3234  83 1  0  0 0 0 0 0  00000000
   8.009  3105 3235  82 1  0  0 0 0 0 0  00000000
   8.021  3105 3240  84 1  0  0 0 0 0 0  00000000
   8.033  3105 3245  84 1  0  0 0 0 0 0  00000000
   8.045  3105 3268  85 1  0  0 0 0 0 0  00000000
   8.058  3105 3268  83 1  0  0 0 0 0 0  00000000
   8.070  3105 3269  85 1  0  0 0 0 0 0  00000000
   8.082  3105 3273  86 1  0  0 0 0 0 0  00000000
   8.095  3105 3277  87 1  0  0 0 0 0 0  00000000
   8.107  3105 3283  87 1  0  0 0 0 0 0  00000000
   8.121  3105 3289  87 1  0  0 0 0 0 0  00000000
   8.132  3105 3295  88 1  0  0 0 0 0 0  00000000
   8.146  3106 3296  88 1  0  0 0 0 0 0  00000000
   8.157  3106 3297  88 1  0  0 0 0 0 0  00000000
   8.170  3106 3298  88 1  0  0 0 0 0 0  00000000
   8.182  3107 3298  87 1  0  0 0 0 0 0  00000000
   8.196  3108 3298  88 1  0  0 0 0 0 0  00000000
   8.219  3109 3296  88 1  0  0 0 0 0 0  00000000
   8.229  3110 3294  88 1  0  0 0 0 0 0  00000000
   8.238  3110 3288  87 1  0  0 0 0 0 0  00000000
   8.257  3110 3282  87 1  0  0 0 0 0 0  00000000
   8.270  3110 3277  87 1  0  0 0 0 0 0  00000000
   8.281  3110 3255  87 1  0  0 0 0 0 0  00000000
   8.294  3110 3255  85 1  0  0 0 0 0 0  00000000
   8.306  3110 3255  86 1  0  0 0 0 0 0  00000000
   8.318  3110 3254  85 1  0  0 0 0 0 0  00000000
   8.332  3110 3234  84 1  0  0 0 0 0 0  00000000
   8.343  3110 3234  85 1  0  0 0 0 0 0  00000000
   8.356  3110 3234  84 1  0  0 0 0 0 0  00000000
   8.367  3110 3233  85 1  0  0 0 0 0 0  00000000
   8.381  3110 3231  83 1  0  0 0 0 0 0  00000000
   8.394  3110 3229  83 1  0  0 0 0 0 0  00000000
   8.406  3109 3223  82 1  0  0 0 0 0 0  00000000
   8.418  3107 3221  85 1  0  0 0 0 0 0  00000000
   8.443  3107 3221  84 1  0  0 0 0 0 0  00000000
   8.456  3106 3221  84 1  0  0 0 0 0 0  00000000
   8.480  3106 3222  86 1  0  0 0 0 0 0  00000000
   8.492  3106 3227  85 1  0  0 0 0 0 0  00000000
   8.505  3106 3232  87 1  0  0 0 0 0 0  00000000
   8.517  3105 3233  85 1  0  0 0 0 0 0  00000000
   8.530  3105 3234  87 1  0  0 0 0 0 0  00000000
   8.542  3105 3255  87 1  0  0 0 0 0 0  00000000
   8.555  3106 3255  87 1  0  0 0 0 0 0  00000000
   8.579  3106 3255  89 1  0  0 0 0 0 0  00000000
   8.592  3110 3256  88 1  0  0 0 0 0 0  00000000
   8.603  3110 3257  88 1  0  0 0 0 0 0  00000000
   8.616  3114 3258  88 1  0  0 0 0 0 0  00000000
   8.628  3114 3263  88 1  0  0 0 0 0 0  00000000
   8.641  3114 3264  88 1  0  0 0 0 0 0  00000000
   8.653  3114 3268  89 1  0  0 0 0 0 0  00000000
   8.666  3114 3269  89 1  0  0 0 0 0 0  00000000
   8.728  3114 3269  88 1  0  0 0 0 0 0  00000000
   8.740  3114 3267  88 1  0  0 0 0 0 0  00000000
   8.753  3114 3265  87 1  0  0 0 0 0 0  00000000
   8.765  3114 3263  86 1  0  0 0 0 0 0  00000000
   8.778  3112 3261  87 1  0  0 0 0 0 0  00000000
   8.790  3111 3256  87 1  0  0 0 0 0 0  00000000
   8.803  3106 3250  85 1  0  0 0 0 0 0  00000000
   8.815  3106 3248  85 1  0  0 0 0 0 0  00000000
   8.827  3106 3246  85 1  0  0 0 0 0 0  00000000
   8.839  3106 3241  85 1  0  0 0 0 0 0  00000000
   8.852  3106 3235  83 1  0  0 0 0 0 0  00000000
   8.865  3106 3193  81 1  0  0 0 0 0 0  00000000
   8.877  3133 3171  77 1  0  0 0 0 0 0  00000000
   8.889  3215 3171  66 1  0  0 0 0 0 0  00000000
   8.901  3215 3171   0 0  0  0 0 0 0 0  00000000
