time	 y	 z	 f	 w	 l	 r	 u	 d	 m	 multi
   0.000  4136 2557   0 0  0  0 0 0 0 0  00000000
   3.004  3309 3495  79 1  0  0 0 0 0 0  00000000
   3.018  3309 3495  81 1  0  0 0 0 0 0  00000000
   3.030  3305 3476  82 1  0  0 0 0 0 0  00000000
   3.043  3303 3476  80 1  0  0 0 0 0 0  00000000
   3.054  3303 3448  74 1  0  0 0 0 0 0  00000000
   3.066  3303 3449  62 1  0  0 0 0 0 0  00000000
   3.077  3303 3449   0 0  0  0 0 0 0 0  00000000
   3.166  3303 3422  82 1  0  0 0 0 0 0  00000000
   3.177  3286 3378  82 1  0  0 0 0 0 0  00000000
   3.191  3284 3346  85 1  0  0 0 0 0 0  00000000
   3.203  3262 3326  87 1  0  0 0 0 0 0  00000000
   3.215  3263 3302  83 1  0  0 0 0 0 0  00000000
   3.227  3264 3268  75 1  0  0 0 0 0 0  00000000
   3.241  3295 3266  48 1  0  0 0 0 0 0  00000000
   3.251  3295 3266   0 0  0  0 0 0 0 0  00000000
   3.314  3419 3164  53 1  0  0 0 0 0 0  00000000
   3.326  3359 3164  77 1  0  0 0 0 0 0  00000000
   3.340  3357 3160  80 1  0  0 0 0 0 0  00000000
   3.351  3353 3135  81 1  0  0 0 0 0 0  00000000
   3.364  3347 3133  81 1  0  0 0 0 0 0  00000000
   3.377  3345 3105  80 1  0  0 0 0 0 0  00000000
   3.389  3344 3105  79 1  0  0 0 0 0 0  00000000
   3.402  3342 3082  77 1  0  0 0 0 0 0  00000000
   3.414  3341 3082  73 1  0  0 0 0 0 0  00000000
   3.427  3341 3078  70 1  0  0 0 0 0 0  00000000
   3.438  3341 3076  68 1  0  0 0 0 0 0  00000000
   3.451  3339 3056  64 1  0  0 0 0 0 0  00000000
   3.464  3338 3054  60 1  0  0 0 0 0 0  00000000
   3.476  3333 3034  53 1  0  0 0 0 0 0  00000000
   3.489  3333 3034   0 0  0  0 0 0 0 0  00000000
   3.626  3285 2863  82 1  0  0 0 0 0 0  00000000
   3.637  3284 2843  83 1  0  0 0 0 0 0  00000000
   3.649  3279 2843  85 1  0  0 0 0 0 0  00000000
   3.663  3277 2842  86 1  0  0 0 0 0 0  00000000
   3.675  3276 2840  85 1  0  0 0 0 0 0  00000000
   3.686  3276 2818  81 1  0  0 0 0 0 0  00000000
   3.700  3283 2819  77 1  0  0 0 0 0 0  00000000
   3.712  3336 2819  70 1  0  0 0 0 0 0  00000000
   3.724  3336 2819   0 0  0  0 0 0 0 0  00000000
   3.910  3303 2908  81 1  0  0 0 0 0 0  00000000
   3.922  3301 2869  78 1  0  0 0 0 0 0  00000000
   3.935  3297 2869  81 1  0  0 0 0 0 0  00000000
   3.948  3295 2869  83 1  0  0 0 0 0 0  00000000
   3.960  3293 2869  83 1  0  0 0 0 0 0  00000000
   3.972  3293 2869  82 1  0  0 0 0 0 0  00000000
   3.984  3293 2869  81 1  0  0 0 0 0 0  00000000
   4.009  3293 2869  80 1  0  0 0 0 0 0  00000000
   4.046  3292 2867  80 1  0  0 0 0 0 0  00000000
   4.059  3292 2863  80 1  0  0 0 0 0 0  00000000
   4.071  3292 2858  80 1  0  0 0 0 0 0  00000000
   4.084  3290 2853  79 1  0  0 0 0 0 0  00000000
   4.096  3288 2847  80 1  0  0 0 0 0 0  00000000
   4.109  3286 2845  79 1  0  0 0 0 0 0  00000000
   4.122  3286 2843  80 1  0  0 0 0 0 0  00000000
   4.133  3286 2842  80 1  0  0 0 0 0 0  00000000
   4.146  3284 2840  79 1  0  0 0 0 0 0  00000000
   4.158  3284 2838  79 1  0  0 0 0 0 0  00000000
   4.170  3284 2834  80 1  0  0 0 0 0 0  00000000
   4.183  3284 2833  81 1  0  0 0 0 0 0  00000000
   4.195  3284 2831  82 1  0  0 0 0 0 0  00000000
   4.208  3280 2812  82 1  0  0 0 0 0 0  00000000
   4.220  3279 2812  80 1  0  0 0 0 0 0  00000000
   4.232  3279 2811  81 1  0  0 0 0 0 0  00000000
   4.244  3277 2806  79 1  0  0 0 0 0 0  00000000
   4.257  3276 2782  76 1  0  0 0 0 0 0  00000000
   4.270  3276 2780  67 1  0  0 0 0 0 0  00000000
   4.282  3276 2780   0 0  0  0 0 0 0 0  00000000
   4.406  3094 2834  79 1  0  0 0 0 0 0  00000000
   4.419  3094 2834  83 1  0  0 0 0 0 0  00000000
   4.430  3093 2834  84 1  0  0 0 0 0 0  00000000
   4.443  3093 2834  82 1  0  0 0 0 0 0  00000000
   4.456  3093 2829  79 1  0  0 0 0 0 0  00000000
   4.468  3127 2829  66 1  0  0 0 0 0 0  00000000
   4.492  3127 2829   0 0  0  0 0 0 0 0  00000000
   4.555  3198 2858  78 1  0  0 0 0 0 0  00000000
   4.567  3196 2856  80 1  0  0 0 0 0 0  00000000
   4.580  3176 2825  84 1  0  0 0 0 0 0  00000000
   4.606  3176 2825  83 1  0  0 0 0 0 0  00000000
   4.618  3176 2803  79 1  0  0 0 0 0 0  00000000
   4.630  3207 2803  71 1  0  0 0 0 0 0  00000000
   4.642  3240 2799  47 1  0  0 0 0 0 0  00000000
   4.654  3240 2799   0 0  0  0 0 0 0 0  00000000
   4.865  3208 2793  80 1  0  0 0 0 0 0  00000000
   4.878  3206 2787  83 1  0  0 0 0 0 0  00000000
   4.891  3204 2783  84 1  0  0 0 0 0 0  00000000
   4.903  3204 2783  85 1  0  0 0 0 0 0  00000000
   4.916  3204 2782  83 1  0  0 0 0 0 0  00000000
   4.927  3211 2780  78 1  0  0 0 0 0 0  00000000
   4.940  3242 2780  71 1  0  0 0 0 0 0  00000000
   4.952  3243 2772  48 1  0  0 0 0 0 0  00000000
   4.964  3243 2772   0 0  0  0 0 0 0 0  00000000
   5.176  3130 2858  80 1  0  0 0 0 0 0  00000000
   5.188  3130 2858  82 1  0  0 0 0 0 0  00000000
   5.207  3130 2856  84 1  0  0 0 0 0 0  00000000
   5.224  3130 2856  85 1  0  0 0 0 0 0  00000000
   5.249  3130 2856  84 1  0  0 0 0 0 0  00000000
   5.275  3130 2856  82 1  0  0 0 0 0 0  00000000
   5.288  3130 2855  81 1  0  0 0 0 0 0  00000000
   5.300  3128 2849  80 1  0  0 0 0 0 0  00000000
   5.313  3127 2847  82 1  0  0 0 0 0 0  00000000
   5.324  3127 2845  80 1  0  0 0 0 0 0  00000000
   5.337  3125 2843  79 1  0  0 0 0 0 0  00000000
   5.349  3123 2837  80 1  0  0 0 0 0 0  00000000
   5.362  3123 2835  81 1  0  0 0 0 0 0  00000000
   5.374  3121 2815  82 1  0  0 0 0 0 0  00000000
   5.386  3119 2816  82 1  0  0 0 0 0 0  00000000
   5.398  3117 2817  82 1  0  0 0 0 0 0  00000000
   5.411  3117 2817  83 1  0  0 0 0 0 0  00000000
   5.424  3117 2821  83 1  0  0 0 0 0 0  00000000
   5.435  3117 2822  84 1  0  0 0 0 0 0  00000000
   5.448  3117 2823  85 1  0  0 0 0 0 0  00000000
   5.461  3117 2824  86 1  0  0 0 0 0 0  00000000
   5.474  3117 2828  86 1  0  0 0 0 0 0  00000000
   5.485  3117 2829  86 1  0  0 0 0 0 0  00000000
   5.498  3117 2829  87 1  0  0 0 0 0 0  00000000
   5.511  3115 2829  85 1  0  0 0 0 0 0  00000000
   5.523  3115 2810  81 1  0  0 0 0 0 0  00000000
   5.536  3115 2808  67 1  0  0 0 0 0 0  00000000
   5.547  3115 2808   0 0  0  0 0 0 0 0  00000000
   5.660  3116 2928  74 1  0  0 0 0 0 0  00000000
   5.672  3078 2928  82 1  0  0 0 0 0 0  00000000
   5.684  3078 2927  85 1  0  0 0 0 0 0  00000000
   5.697  3077 2923  87 1  0  0 0 0 0 0  00000000
   5.710  3077 2922  85 1  0  0 0 0 0 0  00000000
   5.721  3078 2917  78 1  0  0 0 0 0 0  00000000
   5.735  3121 2917  58 1  0  0 0 0 0 0  00000000
   5.745  3121 2917   0 0  0  0 0 0 0 0  00000000
   5.821  3155 2976  82 1  0  0 0 0 0 0  00000000
   5.833  3137 2974  88 1  0  0 0 0 0 0  00000000
   5.870  3137 2970  87 1  0  0 0 0 0 0  00000000
   5.882  3137 2944  81 1  0  0 0 0 0 0  00000000
   5.894  3175 2924  70 1  0  0 0 0 0 0  00000000
   5.908  3176 2946  45 1  0  0 0 0 0 0  00000000
   5.919  3176 2946   0 0  0  0 0 0 0 0  00000000
   6.106  3206 2922  84 1  0  0 0 0 0 0  00000000
   6.119  3204 2889  86 1  0  0 0 0 0 0  00000000
   6.132  3178 2889  90 1  0  0 0 0 0 0  00000000
   6.143  3178 2889  89 1  0  0 0 0 0 0  00000000
   6.156  3179 2889  87 1  0  0 0 0 0 0  00000000
   6.168  3204 2884  80 1  0  0 0 0 0 0  00000000
   6.181  3205 2884  72 1  0  0 0 0 0 0  00000000
   6.193  3205 2884   0 0  0  0 0 0 0 0  00000000
   6.391  3206 2974  82 1  0  0 0 0 0 0  00000000
   6.404  3207 2958  83 1  0  0 0 0 0 0  00000000
   6.416  3208 2956  83 1  0  0 0 0 0 0  00000000
   6.429  3209 2951  81 1  0  0 0 0 0 0  00000000
   6.441  3214 2927  78 1  0  0 0 0 0 0  00000000
   6.454  3253 2928  73 1  0  0 0 0 0 0  00000000
   6.467  3298 2932  59 1  0  0 0 0 0 0  00000000
   6.477  3298 2932   0 0  0  0 0 0 0 0  00000000
   6.690  3246 3046  85 1  0  0 0 0 0 0  00000000
   6.702  3244 3044  84 1  0  0 0 0 0 0  00000000
   6.714  3242 3015  85 1  0  0 0 0 0 0  00000000
   6.727  3240 3013  84 1  0  0 0 0 0 0  00000000
   6.740  3238 2985  81 1  0  0 0 0 0 0  00000000
   6.753  3271 2985  73 1  0  0 0 0 0 0  00000000
   6.764  3299 2989  51 1  0  0 0 0 0 0  00000000
   6.774  3299 2989   0 0  0  0 0 0 0 0  00000000
   7.000  3282 3070  83 1  0  0 0 0 0 0  00000000
   7.012  3280 3045  83 1  0  0 0 0 0 0  00000000
   7.025  3275 3045  85 1  0  0 0 0 0 0  00000000
   7.037  3273 3045  85 1  0  0 0 0 0 0  00000000
   7.050  3273 3044  86 1  0  0 0 0 0 0  00000000
   7.062  3273 3044  84 1  0  0 0 0 0 0  00000000
   7.073  3273 3045  84 1  0  0 0 0 0 0  00000000
   7.087  3273 3045  83 1  0  0 0 0 0 0  00000000
   7.099  3271 3045  83 1  0  0 0 0 0 0  00000000
   7.112  3269 3045  83 1  0  0 0 0 0 0  00000000
   7.123  3267 3045  82 1  0  0 0 0 0 0  00000000
   7.148  3265 3045  82 1  0  0 0 0 0 0  00000000
   7.167  3264 3043  81 1  0  0 0 0 0 0  00000000
   7.185  3260 3037  81 1  0  0 0 0 0 0  00000000
   7.198  3258 3033  81 1  0  0 0 0 0 0  00000000
   7.210  3257 3029  81 1  0  0 0 0 0 0  00000000
   7.223  3257 3027  81 1  0  0 0 0 0 0  00000000
   7.235  3257 3025  81 1  0  0 0 0 0 0  00000000
   7.248  3257 3019  81 1  0  0 0 0 0 0  00000000
   7.261  3257 3014  81 1  0  0 0 0 0 0  00000000
   7.273  3257 3012  81 1  0  0 0 0 0 0  00000000
   7.285  3252 3010  82 1  0  0 0 0 0 0  00000000
   7.294  3250 3008  82 1  0  0 0 0 0 0  00000000
   7.309  3250 3007  81 1  0  0 0 0 0 0  00000000
   7.322  3250 3005  81 1  0  0 0 0 0 0  00000000
   7.335  3250 3003  81 1  0  0 0 0 0 0  00000000
   7.347  3250 3001  81 1  0  0 0 0 0 0  00000000
   7.359  3250 3000  81 1  0  0 0 0 0 0  00000000
   7.372  3248 3000  82 1  0  0 0 0 0 0  00000000
   7.384  3248 2999  81 1  0  0 0 0 0 0  00000000
   7.409  3248 2999  82 1  0  0 0 0 0 0  00000000
   7.421  3248 2999  80 1  0  0 0 0 0 0  00000000
   7.433  3248 2999  83 1  0  0 0 0 0 0  00000000
   7.445  3248 2999  82 1  0  0 0 0 0 0  00000000
   7.466  3248 2999  83 1  0  0 0 0 0 0  00000000
   7.484  3248 2999  82 1  0  0 0 0 0 0  00000000
   7.509  3248 3000  82 1  0  0 0 0 0 0  00000000
   7.521  3248 3000  81 1  0  0 0 0 0 0  00000000
   7.535  3248 3001  82 1  0  0 0 0 0 0  00000000
   7.548  3248 3002  83 1  0  0 0 0 0 0  00000000
   7.558  3248 3003  82 1  0  0 0 0 0 0  00000000
   7.571  3248 3004  82 1  0  0 0 0 0 0  00000000
   7.582  3248 3005  83 1  0  0 0 0 0 0  00000000
   7.595  3248 3006  83 1  0  0 0 0 0 0  00000000
   7.607  3248 3007  82 1  0  0 0 0 0 0  00000000
   7.619  3248 3007  84 1  0  0 0 0 0 0  00000000
   7.645  3248 3007  83 1  0  0 0 0 0 0  00000000
   7.669  3248 3007  84 1  0  0 0 0 0 0  00000000
   7.682  3248 3007  83 1  0  0 0 0 0 0  00000000
   7.694  3248 3007  84 1  0  0 0 0 0 0  00000000
   7.731  3248 3007  85 1  0  0 0 0 0 0  00000000
   7.744  3248 3007  84 1  0  0 0 0 0 0  00000000
   7.756  3248 3007  85 1  0  0 0 0 0 0  00000000
   7.769  3248 3007  83 1  0  0 0 0 0 0  00000000
   7.793  3248 3006  83 1  0  0 0 0 0 0  00000000
   7.806  3248 3000  82 1  0  0 0 0 0 0  00000000
   7.818  3247 2967  81 1  0  0 0 0 0 0  00000000
   7.831  3242 2963  79 1  0  0 0 0 0 0  00000000
   7.844  3236 2934  73 1  0  0 0 0 0 0  00000000
   7.853  3236 2934   0 0  0  0 0 0 0 0  00000000
