time	 y	 z	 f	 w	 l	 r	 u	 d	 m	 multi
   0.000  3513 2687   0 0  0  0 0 0 0 0  00000000
   1.025  3670 2602  82 1  0  0 0 0 0 0  00000000
   1.050  3670 2602  83 1  0  0 0 0 0 0  00000000
   1.063  3669 2602  82 1  0  0 0 0 0 0  00000000
   1.075  3664 2602  80 1  0  0 0 0 0 0  00000000
   1.088  3663 2620  79 1  0  0 0 0 0 0  00000000
   1.100  3663 2620  78 1  0  0 0 0 0 0  00000000
   1.112  3663 2620  79 1  0  0 0 0 0 0  00000000
   1.125  3663 2620  80 1  0  0 0 0 0 0  00000000
   1.137  3663 2620  81 1  0  0 0 0 0 0  00000000
   1.150  3661 2619  82 1  0  0 0 0 0 0  00000000
   1.162  3657 2619  83 1  0  0 0 0 0 0  00000000
   1.175  3652 2615  84 1  0  0 0 0 0 0  00000000
   1.187  3647 2592  84 1  0  0 0 0 0 0  00000000
   1.199  3642 2592  84 1  0  0 0 0 0 0  00000000
   1.212  3640 2592  83 1  0  0 0 0 0 0  00000000
   1.224  3639 2587  83 1  0  0 0 0 0 0  00000000
   1.236  3637 2582  83 1  0  0 0 0 0 0  00000000
   1.249  3635 2576  82 1  0  0 0 0 0 0  00000000
   1.262  3635 2555  81 1  0  0 0 0 0 0  00000000
   1.273  3635 2554  80 1  0  0 0 0 0 0  00000000
   1.286  3630 2527  77 1  0  0 0 0 0 0  00000000
   1.298  3625 2526  73 1  0  0 0 0 0 0  00000000
   1.311  3619 2526  65 1  0  0 0 0 0 0  00000000
   1.323  3549 2551  43 1  0  0 0 0 0 0  00000000
   1.334  3549 2551   0 0  0  0 0 0 0 0  00000000
   1.571  3606 2846  85 1  0  0 0 0 0 0  00000000
   1.584  3627 2756  86 1  0  0 0 0 0 0  00000000
   1.596  3627 2756  88 1  0  0 0 0 0 0  00000000
   1.608  3627 2757  89 1  0  0 0 0 0 0  00000000
   1.622  3627 2778  88 1  0  0 0 0 0 0  00000000
   1.634  3626 2778  88 1  0  0 0 0 0 0  00000000
   1.645  3626 2795  88 1  0  0 0 0 0 0  00000000
   1.659  3626 2815  87 1  0  0 0 0 0 0  00000000
   1.671  3626 2816  87 1  0  0 0 0 0 0  00000000
   1.684  3626 2820  87 1  0  0 0 0 0 0  00000000
   1.696  3626 2825  88 1  0  0 0 0 0 0  00000000
   1.708  3626 2831  88 1  0  0 0 0 0 0  00000000
   1.720  3626 2832  89 1  0  0 0 0 0 0  00000000
   1.733  3624 2833  89 1  0  0 0 0 0 0  00000000
   1.745  3619 2834  88 1  0  0 0 0 0 0  00000000
   1.758  3617 2834  88 1  0  0 0 0 0 0  00000000
   1.770  3615 2833  89 1  0  0 0 0 0 0  00000000
   1.782  3613 2811  88 1  0  0 0 0 0 0  00000000
   1.796  3611 2810  87 1  0  0 0 0 0 0  00000000
   1.808  3609 2804  87 1  0  0 0 0 0 0  00000000
   1.823  3607 2778  87 1  0  0 0 0 0 0  00000000
   1.832  3602 2761  86 1  0  0 0 0 0 0  00000000
   1.844  3600 2744  86 1  0  0 0 0 0 0  00000000
   1.857  3598 2721  84 1  0  0 0 0 0 0  00000000
   1.870  3596 2702  82 1  0  0 0 0 0 0  00000000
   1.882  3592 2700  79 1  0  0 0 0 0 0  00000000
   1.894  3587 2693  75 1  0  0 0 0 0 0  00000000
   1.906  3581 2691  70 1  0  0 0 0 0 0  00000000
   1.920  3548 2741  59 1  0  0 0 0 0 0  00000000
   1.931  3548 2741   0 0  0  0 0 0 0 0  00000000
   2.154  3921 2723  67 1  0  0 0 0 0 0  00000000
   2.167  3861 2667  77 1  0  0 0 0 0 0  00000000
   2.179  3861 2648  80 1  0  0 0 0 0 0  00000000
   2.192  3861 2648  78 1  0  0 0 0 0 0  00000000
   2.204  3860 2647  77 1  0  0 0 0 0 0  00000000
   2.217  3860 2647  71 1  0  0 0 0 0 0  00000000
   2.229  3860 2665  62 1  0  0 0 0 0 0  00000000
   2.241  3860 2665   0 0  0  0 0 0 0 0  00000000
   2.477  3654 2994  69 1  0  0 0 0 0 0  00000000
   2.490  3602 2906  74 1  0  0 0 0 0 0  00000000
   2.502  3603 2888  77 1  0  0 0 0 0 0  00000000
   2.515  3603 2886  77 1  0  0 0 0 0 0  00000000
   2.527  3603 2881  77 1  0  0 0 0 0 0  00000000
   2.540  3603 2881  76 1  0  0 0 0 0 0  00000000
   2.564  3602 2900  75 1  0  0 0 0 0 0  00000000
   2.576  3602 2901  75 1  0  0 0 0 0 0  00000000
   2.588  3602 2902  74 1  0  0 0 0 0 0  00000000
   2.601  3601 2903  74 1  0  0 0 0 0 0  00000000
   2.614  3601 2904  75 1  0  0 0 0 0 0  00000000
   2.625  3599 2905  74 1  0  0 0 0 0 0  00000000
   2.638  3597 2905  74 1  0  0 0 0 0 0  00000000
   2.663  3597 2905  75 1  0  0 0 0 0 0  00000000
   2.675  3597 2905  76 1  0  0 0 0 0 0  00000000
   2.688  3597 2905  75 1  0  0 0 0 0 0  00000000
   2.701  3596 2905  75 1  0  0 0 0 0 0  00000000
   2.713  3596 2905  76 1  0  0 0 0 0 0  00000000
   2.726  3596 2905  75 1  0  0 0 0 0 0  00000000
   2.738  3596 2905  76 1  0  0 0 0 0 0  00000000
   2.750  3596 2905  77 1  0  0 0 0 0 0  00000000
   2.775  3596 2905  78 1  0  0 0 0 0 0  00000000
   2.787  3596 2905  79 1  0  0 0 0 0 0  00000000
   2.800  3596 2906  79 1  0  0 0 0 0 0  00000000
   2.824  3596 2906  78 1  0  0 0 0 0 0  00000000
   2.837  3596 2902  79 1  0  0 0 0 0 0  00000000
   2.849  3596 2898  77 1  0  0 0 0 0 0  00000000
   2.861  3596 2896  76 1  0  0 0 0 0 0  00000000
   2.874  3596 2894  72 1  0  0 0 0 0 0  00000000
   2.887  3625 2911  56 1  0  0 0 0 0 0  00000000
   2.898  3625 2911   0 0  0  0 0 0 0 0  00000000
   3.048  3768 2721  78 1  0  0 0 0 0 0  00000000
   3.059  3768 2690  75 1  0  0 0 0 0 0  00000000
   3.072  3767 2690  77 1  0  0 0 0 0 0  00000000
   3.086  3767 2690  75 1  0  0 0 0 0 0  00000000
   3.098  3762 2691  70 1  0  0 0 0 0 0  00000000
   3.109  3723 2756  61 1  0  0 0 0 0 0  00000000
   3.122  3723 2756   0 0  0  0 0 0 0 0  00000000
   3.297  3876 2565  78 1  0  0 0 0 0 0  00000000
   3.309  3874 2496  75 1  0  0 0 0 0 0  00000000
   3.322  3869 2475  77 1  0  0 0 0 0 0  00000000
   3.333  3864 2475  77 1  0  0 0 0 0 0  00000000
   3.345  3863 2476  75 1  0  0 0 0 0 0  00000000
   3.358  3861 2480  73 1  0  0 0 0 0 0  00000000
   3.371  3861 2517  67 1  0  0 0 0 0 0  00000000
   3.383  3823 2560  51 1  0  0 0 0 0 0  00000000
   3.394  3823 2560   0 0  0  0 0 0 0 0  00000000
   3.581  4070 2390  73 1  0  0 0 0 0 0  00000000
   3.594  4032 2289  72 1  0  0 0 0 0 0  00000000
   3.605  4030 2268  72 1  0  0 0 0 0 0  00000000
   3.619  4025 2266  72 1  0  0 0 0 0 0  00000000
   3.630  4024 2264  69 1  0  0 0 0 0 0  00000000
   3.643  4004 2281  58 1  0  0 0 0 0 0  00000000
   3.654  4004 2281   0 0  0  0 0 0 0 0  00000000
   3.854  4004 2481  80 1  0  0 0 0 0 0  00000000
   3.866  4003 2328  74 1  0  0 0 0 0 0  00000000
   3.879  4003 2306  74 1  0  0 0 0 0 0  00000000
   3.891  4003 2285  74 1  0  0 0 0 0 0  00000000
   3.904  4004 2285  67 1  0  0 0 0 0 0  00000000
   3.917  4062 2322  52 1  0  0 0 0 0 0  00000000
   3.928  4062 2322   0 0  0  0 0 0 0 0  00000000
   4.127  3948 2565  80 1  0  0 0 0 0 0  00000000
   4.139  3920 2477  73 1  0  0 0 0 0 0  00000000
   4.152  3920 2477  74 1  0  0 0 0 0 0  00000000
   4.164  3920 2477  73 1  0  0 0 0 0 0  00000000
   4.190  3891 2596  60 1  0  0 0 0 0 0  00000000
   4.200  3891 2596   0 0  0  0 0 0 0 0  00000000
   4.400  4150 2710  87 1  0  0 0 0 0 0  00000000
   4.412  4148 2581  82 1  0  0 0 0 0 0  00000000
   4.424  4148 2533  85 1  0  0 0 0 0 0  00000000
   4.438  4148 2517  85 1  0  0 0 0 0 0  00000000
   4.451  4148 2517  82 1  0  0 0 0 0 0  00000000
   4.475  4148 2517  81 1  0  0 0 0 0 0  00000000
   4.487  4143 2521  82 1  0  0 0 0 0 0  00000000
   4.499  4141 2526  82 1  0  0 0 0 0 0  00000000
   4.512  4139 2531  81 1  0  0 0 0 0 0  00000000
   4.524  4139 2536  80 1  0  0 0 0 0 0  00000000
   4.537  4135 2537  82 1  0  0 0 0 0 0  00000000
   4.550  4131 2538  81 1  0  0 0 0 0 0  00000000
   4.561  4129 2539  80 1  0  0 0 0 0 0  00000000
   4.574  4127 2539  82 1  0  0 0 0 0 0  00000000
   4.587  4125 2539  81 1  0  0 0 0 0 0  00000000
   4.598  4123 2539  81 1  0  0 0 0 0 0  00000000
   4.623  4121 2537  82 1  0  0 0 0 0 0  00000000
   4.636  4121 2532  81 1  0  0 0 0 0 0  00000000
   4.649  4120 2531  82 1  0  0 0 0 0 0  00000000
   4.661  4119 2529  81 1  0  0 0 0 0 0  00000000
   4.674  4119 2529  82 1  0  0 0 0 0 0  00000000
   4.747  4119 2529  83 1  0  0 0 0 0 0  00000000
   4.772  4119 2530  83 1  0  0 0 0 0 0  00000000
   4.785  4119 2535  83 1  0  0 0 0 0 0  00000000
   4.798  4119 2536  83 1  0  0 0 0 0 0  00000000
   4.812  4119 2537  83 1  0  0 0 0 0 0  00000000
   4.823  4120 2543  82 1  0  0 0 0 0 0  00000000
   4.834  4121 2544  83 1  0  0 0 0 0 0  00000000
   4.848  4121 2549  83 1  0  0 0 0 0 0  00000000
   4.859  4125 2550  84 1  0  0 0 0 0 0  00000000
   4.872  4126 2555  84 1  0  0 0 0 0 0  00000000
   4.883  4130 2556  85 1  0  0 0 0 0 0  00000000
   4.896  4131 2561  86 1  0  0 0 0 0 0  00000000
   4.909  4132 2562  85 1  0  0 0 0 0 0  00000000
   4.921  4133 2563  86 1  0  0 0 0 0 0  00000000
   4.934  4134 2564  86 1  0  0 0 0 0 0  00000000
   4.947  4135 2565  86 1  0  0 0 0 0 0  00000000
   4.959  4136 2565  87 1  0  0 0 0 0 0  00000000
   4.971  4137 2564  85 1  0  0 0 0 0 0  00000000
   4.983  4138 2563  85 1  0  0 0 0 0 0  00000000
   4.997  4157 2561  83 1  0  0 0 0 0 0  00000000
   5.008  4135 2557  85 1  0  0 0 0 0 0  00000000
   5.021  4135 2533  83 1  0  0 0 0 0 0  00000000
   5.033  4135 2533  82 1  0  0 0 0 0 0  00000000
   5.046  4136 2557  73 1  0  0 0 0 0 0  00000000
   5.058  4136 2557   0 0  0  0 0 0 0 0  00000000
