time	 y	 z	 f	 w	 l	 r	 u	 d	 m	 multi
   0.000  3249 2253   0 0  0  0 0 0 0 0  00000000
   1.156  3245 3330  75 1  0  0 0 0 0 0  00000000
   1.167  3243 3329  82 1  0  0 0 0 0 0  00000000
   1.180  3237 3329  85 1  0  0 0 0 0 0  00000000
   1.192  3230 3329  85 1  0  0 0 0 0 0  00000000
   1.204  3228 3329  84 1  0  0 0 0 0 0  00000000
   1.217  3228 3325  86 1  0  0 0 0 0 0  00000000
   1.229  3228 3320  85 1  0  0 0 0 0 0  00000000
   1.242  3228 3314  84 1  0  0 0 0 0 0  00000000
   1.254  3228 3307  84 1  0  0 0 0 0 0  00000000
   1.266  3228 3281  83 1  0  0 0 0 0 0  00000000
   1.279  3228 3279  83 1  0  0 0 0 0 0  00000000
   1.291  3226 3258  82 1  0  0 0 0 0 0  00000000
   1.303  3225 3258  82 1  0  0 0 0 0 0  00000000
   1.316  3225 3256  83 1  0  0 0 0 0 0  00000000
   1.328  3223 3251  83 1  0  0 0 0 0 0  00000000
   1.340  3221 3245  80 1  0  0 0 0 0 0  00000000
   1.353  3202 3222  81 1  0  0 0 0 0 0  00000000
   1.366  3219 3220  80 1  0  0 0 0 0 0  00000000
   1.378  3199 3218  81 1  0  0 0 0 0 0  00000000
   1.391  3199 3216  81 1  0  0 0 0 0 0  00000000
   1.403  3199 3211  81 1  0  0 0 0 0 0  00000000
   1.415  3199 3206  82 1  0  0 0 0 0 0  00000000
   1.428  3199 3200  81 1  0  0 0 0 0 0  00000000
   1.441  3200 3195  79 1  0  0 0 0 0 0  00000000
   1.454  3201 3189  79 1  0  0 0 0 0 0  00000000
   1.464  3201 3187  81 1  0  0 0 0 0 0  00000000
   1.478  3201 3187  82 1  0  0 0 0 0 0  00000000
   1.489  3201 3186  82 1  0  0 0 0 0 0  00000000
   1.503  3201 3181  79 1  0  0 0 0 0 0  00000000
   1.516  3199 3180  82 1  0  0 0 0 0 0  00000000
   1.528  3199 3180  80 1  0  0 0 0 0 0  00000000
   1.539  3197 3180  82 1  0  0 0 0 0 0  00000000
   1.552  3197 3179  79 1  0  0 0 0 0 0  00000000
   1.565  3197 3179  80 1  0  0 0 0 0 0  00000000
   1.577  3197 3179  82 1  0  0 0 0 0 0  00000000
   1.590  3201 3179  81 1  0  0 0 0 0 0  00000000
   1.600  3201 3183  83 1  0  0 0 0 0 0  00000000
   1.615  3202 3184  82 1  0  0 0 0 0 0  00000000
   1.628  3202 3204  85 1  0  0 0 0 0 0  00000000
   1.640  3202 3204  81 1  0  0 0 0 0 0  00000000
   1.652  3202 3204  85 1  0  0 0 0 0 0  00000000
   1.665  3202 3204  84 1  0  0 0 0 0 0  00000000
   1.688  3202 3204  85 1  0  0 0 0 0 0  00000000
   1.701  3202 3202  84 1  0  0 0 0 0 0  00000000
   1.713  3202 3197  83 1  0  0 0 0 0 0  00000000
   1.726  3202 3195  83 1  0  0 0 0 0 0  00000000
   1.738  3203 3173  81 1  0  0 0 0 0 0  00000000
   1.751  3204 3169  81 1  0  0 0 0 0 0  00000000
   1.763  3205 3167  82 1  0  0 0 0 0 0  00000000
   1.775  3205 3144  82 1  0  0 0 0 0 0  00000000
   1.788  3205 3122  79 1  0  0 0 0 0 0  00000000
   1.800  3205 3122  80 1  0  0 0 0 0 0  00000000
   1.813  3200 3098  81 1  0  0 0 0 0 0  00000000
   1.825  3195 3081  80 1  0  0 0 0 0 0  00000000
   1.837  3193 3079  78 1  0  0 0 0 0 0  00000000
   1.849  3188 3073  77 1  0  0 0 0 0 0  00000000
   1.863  3188 3033  73 1  0  0 0 0 0 0  00000000
   1.874  3216 3033  67 1  0  0 0 0 0 0  00000000
   1.886  3232 3005  44 1  0  0 0 0 0 0  00000000
   1.898  3232 3005   0 0  0  0 0 0 0 0  00000000
   2.049  3706 2790  80 1  0  0 0 0 0 0  00000000
   2.060  3704 2791  81 1  0  0 0 0 0 0  00000000
   2.073  3679 2836  85 1  0  0 0 0 0 0  00000000
   2.084  3679 2855  86 1  0  0 0 0 0 0  00000000
   2.098  3679 2856  86 1  0  0 0 0 0 0  00000000
   2.110  3679 2856  83 1  0  0 0 0 0 0  00000000
   2.122  3709 2860  79 1  0  0 0 0 0 0  00000000
   2.134  3805 2861  73 1  0  0 0 0 0 0  00000000
   2.147  3922 2866  67 1  0  0 0 0 0 0  00000000
   2.159  4015 2866  42 1  0  0 0 0 0 0  00000000
   2.171  4015 2866   0 0  0  0 0 0 0 0  00000000
   2.321  4140 2866  47 1  0  0 0 0 0 0  00000000
   2.333  4047 2866  75 1  0  0 0 0 0 0  00000000
   2.346  4045 2865  80 1  0  0 0 0 0 0  00000000
   2.358  4021 2860  82 1  0  0 0 0 0 0  00000000
   2.371  4021 2858  84 1  0  0 0 0 0 0  00000000
   2.383  4019 2854  83 1  0  0 0 0 0 0  00000000
   2.395  4017 2830  81 1  0  0 0 0 0 0  00000000
   2.408  4015 2811  79 1  0  0 0 0 0 0  00000000
   2.420  4015 2809  75 1  0  0 0 0 0 0  00000000
   2.433  4015 2808  73 1  0  0 0 0 0 0  00000000
   2.445  4015 2803  70 1  0  0 0 0 0 0  00000000
   2.458  4031 2801  62 1  0  0 0 0 0 0  00000000
   2.471  4031 2801   0 0  0  0 0 0 0 0  00000000
   2.607  3827 2860  73 1  0  0 0 0 0 0  00000000
   2.619  3780 2861  82 1  0  0 0 0 0 0  00000000
   2.632  3762 2865  86 1  0  0 0 0 0 0  00000000
   2.644  3762 2887  89 1  0  0 0 0 0 0  00000000
   2.669  3762 2887  88 1  0  0 0 0 0 0  00000000
   2.681  3762 2885  86 1  0  0 0 0 0 0  00000000
   2.694  3763 2854  83 1  0  0 0 0 0 0  00000000
   2.705  3764 2852  78 1  0  0 0 0 0 0  00000000
   2.717  3770 2847  70 1  0  0 0 0 0 0  00000000
   2.730  3823 2846  55 1  0  0 0 0 0 0  00000000
   2.742  3823 2846   0 0  0  0 0 0 0 0  00000000
   2.880  3806 2870  88 1  0  0 0 0 0 0  00000000
   2.892  3768 2905  95 1  0  0 0 0 0 0  00000000
   2.917  3722 2946  98 1  0  0 0 0 0 0  00000000
   2.930  3722 2942  97 1  0  0 0 0 0 0  00000000
   2.942  3755 2892  98 1  0  0 0 0 0 0  00000000
   2.955  3755 2826  90 1  0  0 0 0 0 0  00000000
   2.966  3791 2776  73 1  0  0 0 0 0 0  00000000
   2.979  3830 2750  46 1  0  0 0 0 0 0  00000000
   2.990  3830 2750   0 0  0  0 0 0 0 0  00000000
   3.115  3857 2923  92 1  0  0 0 0 0 0  00000000
   3.128  3853 2974  93 1  0  0 0 0 0 0  00000000
   3.140  3830 3026  95 1  0  0 0 0 0 0  00000000
   3.153  3830 3044  96 1  0  0 0 0 0 0  00000000
   3.165  3830 3042  97 1  0  0 0 0 0 0  00000000
   3.178  3830 3000  94 1  0  0 0 0 0 0  00000000
   3.190  3830 2948  92 1  0  0 0 0 0 0  00000000
   3.202  3830 2883  86 1  0  0 0 0 0 0  00000000
   3.214  3837 2803  74 1  0  0 0 0 0 0  00000000
   3.227  3841 2762  57 1  0  0 0 0 0 0  00000000
   3.239  3841 2762   0 0  0  0 0 0 0 0  00000000
   3.401  3921 2883  90 1  0  0 0 0 0 0  00000000
   3.413  3919 2883  90 1  0  0 0 0 0 0  00000000
   3.426  3898 2914  97 1  0  0 0 0 0 0  00000000
   3.438  3898 2934  98 1  0  0 0 0 0 0  00000000
   3.450  3898 2934  99 1  0  0 0 0 0 0  00000000
   3.463  3897 2933  99 1  0  0 0 0 0 0  00000000
   3.475  3897 2928  97 1  0  0 0 0 0 0  00000000
   3.489  3897 2885  97 1  0  0 0 0 0 0  00000000
   3.502  3897 2883  96 1  0  0 0 0 0 0  00000000
   3.513  3897 2877  95 1  0  0 0 0 0 0  00000000
   3.525  3897 2850  95 1  0  0 0 0 0 0  00000000
   3.537  3897 2848  94 1  0  0 0 0 0 0  00000000
   3.550  3897 2842  93 1  0  0 0 0 0 0  00000000
   3.562  3897 2837  92 1  0  0 0 0 0 0  00000000
   3.575  3897 2832  92 1  0  0 0 0 0 0  00000000
   3.588  3897 2811  91 1  0  0 0 0 0 0  00000000
   3.599  3897 2811  92 1  0  0 0 0 0 0  00000000
   3.612  3897 2809  91 1  0  0 0 0 0 0  00000000
   3.624  3897 2807  92 1  0  0 0 0 0 0  00000000
   3.637  3897 2805  92 1  0  0 0 0 0 0  00000000
   3.649  3896 2805  91 1  0  0 0 0 0 0  00000000
   3.661  3894 2805  92 1  0  0 0 0 0 0  00000000
   3.674  3893 2805  92 1  0  0 0 0 0 0  00000000
   3.686  3891 2805  92 1  0  0 0 0 0 0  00000000
   3.698  3890 2805  90 1  0  0 0 0 0 0  00000000
   3.712  3886 2801  91 1  0  0 0 0 0 0  00000000
   3.723  3885 2797  92 1  0  0 0 0 0 0  00000000
   3.736  3885 2777  91 1  0  0 0 0 0 0  00000000
   3.748  3883 2777  92 1  0  0 0 0 0 0  00000000
   3.761  3882 2777  92 1  0  0 0 0 0 0  00000000
   3.773  3882 2775  90 1  0  0 0 0 0 0  00000000
   3.786  3882 2769  91 1  0  0 0 0 0 0  00000000
   3.798  3877 2767  92 1  0  0 0 0 0 0  00000000
   3.810  3876 2761  91 1  0  0 0 0 0 0  00000000
   3.822  3876 2757  91 1  0  0 0 0 0 0  00000000
   3.835  3876 2755  91 1  0  0 0 0 0 0  00000000
   3.847  3876 2754  91 1  0  0 0 0 0 0  00000000
   3.860  3876 2754  92 1  0  0 0 0 0 0  00000000
   3.872  3876 2754  91 1  0  0 0 0 0 0  00000000
   3.884  3876 2755  92 1  0  0 0 0 0 0  00000000
   3.897  3876 2759  93 1  0  0 0 0 0 0  00000000
   3.910  3876 2784  94 1  0  0 0 0 0 0  00000000
   3.921  3876 2785  94 1  0  0 0 0 0 0  00000000
   3.934  3876 2817  95 1  0  0 0 0 0 0  00000000
   3.947  3876 2833  95 1  0  0 0 0 0 0  00000000
   3.959  3874 2834  99 1  0  0 0 0 0 0  00000000
   3.972  3872 2857  97 1  0  0 0 0 0 0  00000000
   3.984  3872 2858  98 1  0  0 0 0 0 0  00000000
   3.997  3872 2864  98 1  0  0 0 0 0 0  00000000
   4.008  3872 2897  99 1  0  0 0 0 0 0  00000000
   4.021  3872 2913 100 1  0  0 0 0 0 0  00000000
   4.034  3873 2914 101 1  0  0 0 0 0 0  00000000
   4.045  3874 2939 101 1  0  0 0 0 0 0  00000000
   4.058  3879 2939 100 1  0  0 0 0 0 0  00000000
   4.070  3880 2939 101 1  0  0 0 0 0 0  00000000
   4.082  3881 2940 101 1  0  0 0 0 0 0  00000000
   4.095  3882 2941 101 1  0  0 0 0 0 0  00000000
   4.145  3882 2937 101 1  0  0 0 0 0 0  00000000
   4.157  3882 2935 101 1  0  0 0 0 0 0  00000000
   4.170  3882 2912 100 1  0  0 0 0 0 0  00000000
   4.182  3880 2910 102 1  0  0 0 0 0 0  00000000
   4.195  3878 2908  99 1  0  0 0 0 0 0  00000000
   4.207  3873 2883 100 1  0  0 0 0 0 0  00000000
   4.216  3871 2883 100 1  0  0 0 0 0 0  00000000
   4.232  3869 2850  97 1  0  0 0 0 0 0  00000000
   4.244  3867 2834  98 1  0  0 0 0 0 0  00000000
   4.257  3865 2799  95 1  0  0 0 0 0 0  00000000
   4.269  3864 2778  94 1  0  0 0 0 0 0  00000000
   4.281  3864 2755  91 1  0  0 0 0 0 0  00000000
   4.294  3864 2731  90 1  0  0 0 0 0 0  00000000
   4.306  3864 2700  88 1  0  0 0 0 0 0  00000000
   4.319  3862 2678  84 1  0  0 0 0 0 0  00000000
   4.331  3860 2633  81 1  0  0 0 0 0 0  00000000
   4.344  3856 2601  76 1  0  0 0 0 0 0  00000000
   4.356  3856 2540  67 1  0  0 0 0 0 0  00000000
   4.368  3856 2540   0 0  0  0 0 0 0 0  00000000
   4.592  3856 2715  56 1  0  0 0 0 0 0  00000000
   4.604  3774 2782  85 1  0  0 0 0 0 0  00000000
   4.617  3772 2816  95 1  0  0 0 0 0 0  00000000
   4.629  3770 2843  99 1  0  0 0 0 0 0  00000000
   4.641  3768 2865 102 1  0  0 0 0 0 0  00000000
   4.655  3767 2865 102 1  0  0 0 0 0 0  00000000
   4.666  3766 2865 102 1  0  0 0 0 0 0  00000000
   4.692  3766 2863 101 1  0  0 0 0 0 0  00000000
   4.703  3766 2834  99 1  0  0 0 0 0 0  00000000
   4.717  3766 2810  98 1  0  0 0 0 0 0  00000000
   4.728  3766 2789  97 1  0  0 0 0 0 0  00000000
   4.741  3766 2756  95 1  0  0 0 0 0 0  00000000
   4.753  3766 2728  93 1  0  0 0 0 0 0  00000000
   4.766  3764 2704  89 1  0  0 0 0 0 0  00000000
   4.778  3758 2702  88 1  0  0 0 0 0 0  00000000
   4.790  3754 2676  88 1  0  0 0 0 0 0  00000000
   4.803  3753 2674  88 1  0  0 0 0 0 0  00000000
   4.814  3751 2670  89 1  0  0 0 0 0 0  00000000
   4.824  3749 2668  89 1  0  0 0 0 0 0  00000000
   4.835  3748 2668  88 1  0  0 0 0 0 0  00000000
   4.852  3746 2663  89 1  0  0 0 0 0 0  00000000
   4.864  3744 2661  89 1  0  0 0 0 0 0  00000000
   4.878  3744 2660  89 1  0  0 0 0 0 0  00000000
   4.889  3742 2656  89 1  0  0 0 0 0 0  00000000
   4.902  3741 2656  89 1  0  0 0 0 0 0  00000000
   4.914  3740 2656  89 1  0  0 0 0 0 0  00000000
   4.927  3740 2657  89 1  0  0 0 0 0 0  00000000
   4.939  3738 2662  90 1  0  0 0 0 0 0  00000000
   4.952  3736 2667  90 1  0  0 0 0 0 0  00000000
   4.964  3736 2672  90 1  0  0 0 0 0 0  00000000
   4.977  3736 2696  90 1  0  0 0 0 0 0  00000000
   4.989  3736 2697  92 1  0  0 0 0 0 0  00000000
   5.002  3736 2721  92 1  0  0 0 0 0 0  00000000
   5.014  3736 2721  93 1  0  0 0 0 0 0  00000000
   5.026  3737 2748  94 1  0  0 0 0 0 0  00000000
   5.039  3738 2749  96 1  0  0 0 0 0 0  00000000
   5.051  3742 2796 100 1  0  0 0 0 0 0  00000000
   5.064  3743 2822 101 1  0  0 0 0 0 0  00000000
   5.076  3747 2840 101 1  0  0 0 0 0 0  00000000
   5.089  3748 2866 102 1  0  0 0 0 0 0  00000000
   5.102  3749 2892 103 1  0  0 0 0 0 0  00000000
   5.112  3750 2920 103 1  0  0 0 0 0 0  00000000
   5.125  3751 2921 105 1  0  0 0 0 0 0  00000000
   5.137  3752 2976 106 1  0  0 0 0 0 0  00000000
   5.150  3757 2996 106 1  0  0 0 0 0 0  00000000
   5.163  3758 3033 106 1  0  0 0 0 0 0  00000000
   5.175  3762 3056 107 1  0  0 0 0 0 0  00000000
   5.187  3763 3057 108 1  0  0 0 0 0 0  00000000
   5.200  3764 3096 109 1  0  0 0 0 0 0  00000000
   5.212  3764 3097 110 1  0  0 0 0 0 0  00000000
   5.225  3764 3101 110 1  0  0 0 0 0 0  00000000
   5.237  3764 3102 110 1  0  0 0 0 0 0  00000000
   5.249  3764 3102 109 1  0  0 0 0 0 0  00000000
   5.262  3764 3082 110 1  0  0 0 0 0 0  00000000
   5.274  3764 3062 109 1  0  0 0 0 0 0  00000000
   5.287  3764 3021 107 1  0  0 0 0 0 0  00000000
   5.300  3764 2976 105 1  0  0 0 0 0 0  00000000
   5.311  3764 2926 103 1  0  0 0 0 0 0  00000000
   5.324  3764 2858  99 1  0  0 0 0 0 0  00000000
   5.337  3764 2776  93 1  0  0 0 0 0 0  00000000
   5.348  3759 2704  80 1  0  0 0 0 0 0  00000000
   5.361  3735 2636  70 1  0  0 0 0 0 0  00000000
   5.373  3754 2590  45 1  0  0 0 0 0 0  00000000
   5.384  3754 2590   0 0  0  0 0 0 0 0  00000000
   5.709  3714 3122  79 1  0  0 0 0 0 0  00000000
   5.721  3712 3122  82 1  0  0 0 0 0 0  00000000
   5.733  3710 3122  85 1  0  0 0 0 0 0  00000000
   5.745  3706 3122  85 1  0  0 0 0 0 0  00000000
   5.757  3701 3120  86 1  0  0 0 0 0 0  00000000
   5.770  3696 3098  84 1  0  0 0 0 0 0  00000000
   5.783  3694 3080  82 1  0  0 0 0 0 0  00000000
   5.795  3693 3056  79 1  0  0 0 0 0 0  00000000
   5.808  3693 3036  75 1  0  0 0 0 0 0  00000000
   5.820  3694 3015  66 1  0  0 0 0 0 0  00000000
   5.832  3694 3015   0 0  0  0 0 0 0 0  00000000
   5.994  3719 2996  77 1  0  0 0 0 0 0  00000000
   6.006  3693 2994  79 1  0  0 0 0 0 0  00000000
   6.018  3693 3016  85 1  0  0 0 0 0 0  00000000
   6.030  3689 3036  87 1  0  0 0 0 0 0  00000000
   6.043  3687 3055  87 1  0  0 0 0 0 0  00000000
   6.055  3687 3055  86 1  0  0 0 0 0 0  00000000
   6.069  3687 3053  83 1  0  0 0 0 0 0  00000000
   6.080  3706 3052  77 1  0  0 0 0 0 0  00000000
   6.093  3742 3046  70 1  0  0 0 0 0 0  00000000
   6.105  3831 3044  50 1  0  0 0 0 0 0  00000000
   6.117  3831 3044   0 0  0  0 0 0 0 0  00000000
   6.253  4096 2857  73 1  0  0 0 0 0 0  00000000
   6.266  4071 2836  78 1  0  0 0 0 0 0  00000000
   6.279  4043 2834  79 1  0  0 0 0 0 0  00000000
   6.292  4041 2802  81 1  0  0 0 0 0 0  00000000
   6.304  4037 2800  79 1  0  0 0 0 0 0  00000000
   6.317  4036 2765  77 1  0  0 0 0 0 0  00000000
   6.328  4036 2744  70 1  0  0 0 0 0 0  00000000
   6.341  4004 2765  55 1  0  0 0 0 0 0  00000000
   6.352  4004 2765   0 0  0  0 0 0 0 0  00000000
   6.515  3609 3047  82 1  0  0 0 0 0 0  00000000
   6.527  3593 3047  82 1  0  0 0 0 0 0  00000000
   6.539  3591 3048  85 1  0  0 0 0 0 0  00000000
   6.549  3589 3049  85 1  0  0 0 0 0 0  00000000
   6.559  3587 3053  86 1  0  0 0 0 0 0  00000000
   6.577  3586 3035  78 1  0  0 0 0 0 0  00000000
   6.590  3625 3034  68 1  0  0 0 0 0 0  00000000
   6.601  3625 3034   0 0  0  0 0 0 0 0  00000000
   6.763  4055 2948  67 1  0  0 0 0 0 0  00000000
   6.776  4000 2949  77 1  0  0 0 0 0 0  00000000
   6.788  3974 2950  82 1  0  0 0 0 0 0  00000000
   6.800  3974 2976  85 1  0  0 0 0 0 0  00000000
   6.813  3973 2994  87 1  0  0 0 0 0 0  00000000
   6.850  3973 2993  86 1  0  0 0 0 0 0  00000000
   6.863  3973 2988  85 1  0  0 0 0 0 0  00000000
   6.875  3973 2983  84 1  0  0 0 0 0 0  00000000
   6.888  3973 2957  84 1  0  0 0 0 0 0  00000000
   6.912  3971 2955  85 1  0  0 0 0 0 0  00000000
   6.926  3969 2953  83 1  0  0 0 0 0 0  00000000
   6.937  3967 2951  83 1  0  0 0 0 0 0  00000000
   6.961  3967 2949  83 1  0  0 0 0 0 0  00000000
   6.974  3966 2944  83 1  0  0 0 0 0 0  00000000
   6.986  3965 2942  84 1  0  0 0 0 0 0  00000000
   6.998  3965 2942  85 1  0  0 0 0 0 0  00000000
   7.023  3961 2942  85 1  0  0 0 0 0 0  00000000
   7.036  3959 2942  85 1  0  0 0 0 0 0  00000000
   7.048  3958 2942  85 1  0  0 0 0 0 0  00000000
   7.061  3958 2942  86 1  0  0 0 0 0 0  00000000
   7.073  3956 2942  85 1  0  0 0 0 0 0  00000000
   7.086  3956 2940  86 1  0  0 0 0 0 0  00000000
   7.099  3956 2939  85 1  0  0 0 0 0 0  00000000
   7.111  3956 2935  85 1  0  0 0 0 0 0  00000000
   7.123  3951 2911  84 1  0  0 0 0 0 0  00000000
   7.136  3946 2909  84 1  0  0 0 0 0 0  00000000
   7.148  3942 2886  83 1  0  0 0 0 0 0  00000000
   7.160  3941 2884  82 1  0  0 0 0 0 0  00000000
   7.172  3941 2852  79 1  0  0 0 0 0 0  00000000
   7.185  3941 2803  74 1  0  0 0 0 0 0  00000000
   7.197  3969 2751  67 1  0  0 0 0 0 0  00000000
   7.210  3995 2716  47 1  0  0 0 0 0 0  00000000
   7.221  3995 2716   0 0  0  0 0 0 0 0  00000000
   7.359  3993 2621  74 1  0  0 0 0 0 0  00000000
   7.371  3958 2621  78 1  0  0 0 0 0 0  00000000
   7.384  3956 2621  82 1  0  0 0 0 0 0  00000000
   7.396  3951 2643  84 1  0  0 0 0 0 0  00000000
   7.409  3947 2644  86 1  0  0 0 0 0 0  00000000
   7.420  3943 2650  85 1  0  0 0 0 0 0  00000000
   7.433  3942 2651  85 1  0  0 0 0 0 0  00000000
   7.445  3942 2652  85 1  0  0 0 0 0 0  00000000
   7.458  3941 2653  83 1  0  0 0 0 0 0  00000000
   7.470  3941 2653  85 1  0  0 0 0 0 0  00000000
   7.508  3939 2653  84 1  0  0 0 0 0 0  00000000
   7.520  3939 2653  85 1  0  0 0 0 0 0  00000000
   7.533  3939 2652  84 1  0  0 0 0 0 0  00000000
   7.544  3937 2651  85 1  0  0 0 0 0 0  00000000
   7.557  3935 2649  84 1  0  0 0 0 0 0  00000000
   7.569  3934 2626  84 1  0  0 0 0 0 0  00000000
   7.595  3934 2621  82 1  0  0 0 0 0 0  00000000
   7.608  3932 2592  82 1  0  0 0 0 0 0  00000000
   7.620  3930 2592  81 1  0  0 0 0 0 0  00000000
   7.631  3925 2572  80 1  0  0 0 0 0 0  00000000
   7.645  3923 2572  78 1  0  0 0 0 0 0  00000000
   7.657  3923 2572  75 1  0  0 0 0 0 0  00000000
   7.670  3923 2551  70 1  0  0 0 0 0 0  00000000
   7.682  3924 2526  62 1  0  0 0 0 0 0  00000000
   7.694  3855 2526  42 1  0  0 0 0 0 0  00000000
   7.705  3855 2526   0 0  0  0 0 0 0 0  00000000
   7.955  4083 2888  74 1  0  0 0 0 0 0  00000000
   7.967  4083 2889  78 1  0  0 0 0 0 0  00000000
   7.980  4083 2914  80 1  0  0 0 0 0 0  00000000
   7.994  4083 2938  82 1  0  0 0 0 0 0  00000000
   8.004  4083 2957  84 1  0  0 0 0 0 0  00000000
   8.017  4083 2982  86 1  0  0 0 0 0 0  00000000
   8.028  4083 3000  86 1  0  0 0 0 0 0  00000000
   8.041  4084 3001  86 1  0  0 0 0 0 0  00000000
   8.054  4085 3007  86 1  0  0 0 0 0 0  00000000
   8.067  4085 3012  87 1  0  0 0 0 0 0  00000000
   8.078  4085 3017  87 1  0  0 0 0 0 0  00000000
   8.092  4085 3018  87 1  0  0 0 0 0 0  00000000
   8.103  4085 3019  87 1  0  0 0 0 0 0  00000000
   8.116  4085 3020  88 1  0  0 0 0 0 0  00000000
   8.128  4085 3024  88 1  0  0 0 0 0 0  00000000
   8.141  4085 3025  90 1  0  0 0 0 0 0  00000000
   8.152  4084 3046  89 1  0  0 0 0 0 0  00000000
   8.166  4082 3046  89 1  0  0 0 0 0 0  00000000
   8.177  4080 3046  90 1  0  0 0 0 0 0  00000000
   8.190  4078 3046  90 1  0  0 0 0 0 0  00000000
   8.203  4074 3046  90 1  0  0 0 0 0 0  00000000
   8.215  4049 3046  86 1  0  0 0 0 0 0  00000000
   8.227  4069 3046  91 1  0  0 0 0 0 0  00000000
   8.240  4069 3045  90 1  0  0 0 0 0 0  00000000
   8.252  4042 3043  86 1  0  0 0 0 0 0  00000000
   8.265  4042 3041  87 1  0  0 0 0 0 0  00000000
   8.277  4043 3040  89 1  0  0 0 0 0 0  00000000
   8.289  4043 3035  86 1  0  0 0 0 0 0  00000000
   8.302  4043 3029  89 1  0  0 0 0 0 0  00000000
   8.313  4042 3022  86 1  0  0 0 0 0 0  00000000
   8.326  4040 2994  86 1  0  0 0 0 0 0  00000000
   8.339  4038 2992  85 1  0  0 0 0 0 0  00000000
   8.351  4036 2967  85 1  0  0 0 0 0 0  00000000
   8.363  4036 2965  84 1  0  0 0 0 0 0  00000000
   8.375  4036 2960  86 1  0  0 0 0 0 0  00000000
   8.388  4034 2954  84 1  0  0 0 0 0 0  00000000
   8.401  4032 2948  84 1  0  0 0 0 0 0  00000000
   8.413  4032 2941  83 1  0  0 0 0 0 0  00000000
   8.427  4030 2918  82 1  0  0 0 0 0 0  00000000
   8.438  4030 2916  82 1  0  0 0 0 0 0  00000000
   8.451  4025 2910  81 1  0  0 0 0 0 0  00000000
   8.463  4020 2905  81 1  0  0 0 0 0 0  00000000
   8.476  4018 2883  81 1  0  0 0 0 0 0  00000000
   8.487  4013 2883  80 1  0  0 0 0 0 0  00000000
   8.500  4012 2881  78 1  0  0 0 0 0 0  00000000
   8.512  4010 2876  79 1  0  0 0 0 0 0  00000000
   8.525  4010 2855  79 1  0  0 0 0 0 0  00000000
   8.537  4008 2855  78 1  0  0 0 0 0 0  00000000
   8.549  4007 2835  78 1  0  0 0 0 0 0  00000000
   8.562  4005 2835  78 1  0  0 0 0 0 0  00000000
   8.574  4003 2833  77 1  0  0 0 0 0 0  00000000
   8.587  4001 2828  77 1  0  0 0 0 0 0  00000000
   8.600  3999 2823  77 1  0  0 0 0 0 0  00000000
   8.613  3999 2803  77 1  0  0 0 0 0 0  00000000
   8.625  3997 2803  77 1  0  0 0 0 0 0  00000000
   8.637  3995 2803  77 1  0  0 0 0 0 0  00000000
   8.650  3993 2801  77 1  0  0 0 0 0 0  00000000
   8.661  3989 2799  77 1  0  0 0 0 0 0  00000000
   8.674  3988 2798  76 1  0  0 0 0 0 0  00000000
   8.686  3986 2794  77 1  0  0 0 0 0 0  00000000
   8.698  3986 2790  76 1  0  0 0 0 0 0  00000000
   8.711  3986 2785  76 1  0  0 0 0 0 0  00000000
   8.723  3984 2780  76 1  0  0 0 0 0 0  00000000
   8.736  3984 2778  76 1  0  0 0 0 0 0  00000000
   8.748  3982 2778  76 1  0  0 0 0 0 0  00000000
   8.761  3980 2774  76 1  0  0 0 0 0 0  00000000
   8.773  3980 2773  76 1  0  0 0 0 0 0  00000000
   8.786  3978 2773  76 1  0  0 0 0 0 0  00000000
   8.798  3978 2771  75 1  0  0 0 0 0 0  00000000
   8.810  3978 2766  75 1  0  0 0 0 0 0  00000000
   8.822  3978 2764  76 1  0  0 0 0 0 0  00000000
   8.835  3978 2762  76 1  0  0 0 0 0 0  00000000
   8.848  3978 2761  75 1  0  0 0 0 0 0  00000000
   8.860  3978 2761  76 1  0  0 0 0 0 0  00000000
   8.910  3979 2761  76 1  0  0 0 0 0 0  00000000
   8.923  3979 2761  77 1  0  0 0 0 0 0  00000000
   8.935  3979 2761  76 1  0  0 0 0 0 0  00000000
   8.984  3979 2761  77 1  0  0 0 0 0 0  00000000
   8.996  3980 2762  76 1  0  0 0 0 0 0  00000000
   9.009  3980 2763  76 1  0  0 0 0 0 0  00000000
   9.021  3981 2764  76 1  0  0 0 0 0 0  00000000
   9.034  3981 2765  76 1  0  0 0 0 0 0  00000000
   9.047  3981 2769  76 1  0  0 0 0 0 0  00000000
   9.058  3981 2770  76 1  0  0 0 0 0 0  00000000
   9.071  3981 2771  76 1  0  0 0 0 0 0  00000000
   9.134  3981 2771  77 1  0  0 0 0 0 0  00000000
   9.146  3981 2771  76 1  0  0 0 0 0 0  00000000
   9.159  3981 2771  75 1  0  0 0 0 0 0  00000000
   9.170  3982 2771  76 1  0  0 0 0 0 0  00000000
   9.182  3982 2771  75 1  0  0 0 0 0 0  00000000
   9.195  3982 2771  76 1  0  0 0 0 0 0  00000000
   9.232  3982 2771  77 1  0  0 0 0 0 0  00000000
   9.245  3983 2771  76 1  0  0 0 0 0 0  00000000
   9.269  3983 2771  77 1  0  0 0 0 0 0  00000000
   9.282  3983 2771  75 1  0  0 0 0 0 0  00000000
   9.294  3983 2769  76 1  0  0 0 0 0 0  00000000
   9.306  3984 2764  76 1  0  0 0 0 0 0  00000000
   9.319  3985 2760  75 1  0  0 0 0 0 0  00000000
   9.332  3986 2738  75 1  0  0 0 0 0 0  00000000
   9.344  3986 2713  73 1  0  0 0 0 0 0  00000000
   9.356  3987 2696  72 1  0  0 0 0 0 0  00000000
   9.369  3991 2654  69 1  0  0 0 0 0 0  00000000
   9.381  3997 2540  58 1  0  0 0 0 0 0  00000000
   9.392  3997 2540   0 0  0  0 0 0 0 0  00000000
