time	 y	 z	 f	 w	 l	 r	 u	 d	 m	 multi
   0.000  2902 3570   0 0  0  0 0 0 0 0  00000000
   0.888  2874 3838  59 1  0  0 0 0 0 0  00000000
   0.914  2813 3834  77 1  0  0 0 0 0 0  00000000
   0.926  2813 3833  78 1  0  0 0 0 0 0  00000000
   0.938  2813 3833  77 1  0  0 0 0 0 0  00000000
   0.952  2813 3833  76 1  0  0 0 0 0 0  00000000
   0.963  2834 3839  72 1  0  0 0 0 0 0  00000000
   0.976  2835 3843  68 1  0  0 0 0 0 0  00000000
   0.988  2886 3844  60 1  0  0 0 0 0 0  00000000
   1.001  2920 3843  46 1  0  0 0 0 0 0  00000000
   1.012  2920 3843   0 0  0  0 0 0 0 0  00000000
   1.063  4147 2356  71 1  0  0 0 0 0 0  00000000
   1.075  4122 2334  69 1  0  0 0 0 0 0  00000000
   1.087  4122 2334  72 1  0  0 0 0 0 0  00000000
   1.125  4122 2312  71 1  0  0 0 0 0 0  00000000
   1.137  4123 2310  69 1  0  0 0 0 0 0  00000000
   1.150  4129 2280  65 1  0  0 0 0 0 0  00000000
   1.161  4164 2237  54 1  0  0 0 0 0 0  00000000
   1.173  4164 2237   0 0  0  0 0 0 0 0  00000000
   1.211  2809 3619  77 1  0  0 0 0 0 0  00000000
   1.224  2784 3569  71 1  0  0 0 0 0 0  00000000
   1.236  2783 3553  74 1  0  0 0 0 0 0  00000000
   1.249  2777 3551  75 1  0  0 0 0 0 0  00000000
   1.261  2775 3550  75 1  0  0 0 0 0 0  00000000
   1.274  2775 3545  73 1  0  0 0 0 0 0  00000000
   1.287  2775 3524  72 1  0  0 0 0 0 0  00000000
   1.299  2775 3524  68 1  0  0 0 0 0 0  00000000
   1.312  2775 3525  64 1  0  0 0 0 0 0  00000000
   1.323  2804 3549  52 1  0  0 0 0 0 0  00000000
   1.335  2804 3549   0 0  0  0 0 0 0 0  00000000
   1.509  4115 2204  68 1  0  0 0 0 0 0  00000000
   1.521  4115 2188  67 1  0  0 0 0 0 0  00000000
   1.533  4115 2188  68 1  0  0 0 0 0 0  00000000
   1.546  4115 2188  67 1  0  0 0 0 0 0  00000000
   1.558  4115 2188  66 1  0  0 0 0 0 0  00000000
   1.571  4115 2188  63 1  0  0 0 0 0 0  00000000
   1.583  4159 2188  51 1  0  0 0 0 0 0  00000000
   1.595  4159 2188   0 0  0  0 0 0 0 0  00000000
   1.807  2751 3504  79 1  0  0 0 0 0 0  00000000
   1.819  2749 3478  77 1  0  0 0 0 0 0  00000000
   1.832  2747 3478  80 1  0  0 0 0 0 0  00000000
   1.844  2747 3476  80 1  0  0 0 0 0 0  00000000
   1.856  2745 3470  80 1  0  0 0 0 0 0  00000000
   1.869  2743 3465  80 1  0  0 0 0 0 0  00000000
   1.882  2743 3464  79 1  0  0 0 0 0 0  00000000
   1.894  2741 3464  79 1  0  0 0 0 0 0  00000000
   1.907  2741 3462  78 1  0  0 0 0 0 0  00000000
   1.919  2739 3460  77 1  0  0 0 0 0 0  00000000
   1.931  2739 3458  78 1  0  0 0 0 0 0  00000000
   1.944  2739 3453  78 1  0  0 0 0 0 0  00000000
   1.956  2737 3447  78 1  0  0 0 0 0 0  00000000
   1.969  2735 3442  78 1  0  0 0 0 0 0  00000000
   1.980  2734 3440  78 1  0  0 0 0 0 0  00000000
   1.993  2734 3439  78 1  0  0 0 0 0 0  00000000
   2.005  2734 3435  78 1  0  0 0 0 0 0  00000000
   2.017  2734 3434  79 1  0  0 0 0 0 0  00000000
   2.031  2732 3434  78 1  0  0 0 0 0 0  00000000
   2.054  2732 3432  78 1  0  0 0 0 0 0  00000000
   2.068  2730 3430  79 1  0  0 0 0 0 0  00000000
   2.081  2730 3428  79 1  0  0 0 0 0 0  00000000
   2.105  2728 3427  80 1  0  0 0 0 0 0  00000000
   2.118  2727 3427  80 1  0  0 0 0 0 0  00000000
   2.130  2726 3427  79 1  0  0 0 0 0 0  00000000
   2.155  2726 3427  78 1  0  0 0 0 0 0  00000000
   2.168  2726 3427  74 1  0  0 0 0 0 0  00000000
   2.180  2727 3427  71 1  0  0 0 0 0 0  00000000
   2.191  2755 3448  55 1  0  0 0 0 0 0  00000000
   2.203  2755 3448   0 0  0  0 0 0 0 0  00000000
   2.316  4506 2506  53 1  0  0 0 0 0 0  00000000
   2.328  4489 2539  67 1  0  0 0 0 0 0  00000000
   2.340  4510 2582  67 1  0  0 0 0 0 0  00000000
   2.353  4511 2612  68 1  0  0 0 0 0 0  00000000
   2.366  4541 2639  68 1  0  0 0 0 0 0  00000000
   2.378  4559 2676  68 1  0  0 0 0 0 0  00000000
   2.390  4560 2701  67 1  0  0 0 0 0 0  00000000
   2.402  4589 2723  65 1  0  0 0 0 0 0  00000000
   2.415  4617 2747  60 1  0  0 0 0 0 0  00000000
   2.427  4660 2697  42 1  0  0 0 0 0 0  00000000
   2.439  4660 2697   0 0  0  0 0 0 0 0  00000000
   2.478  2940 3537  74 1  0  0 0 0 0 0  00000000
   2.490  2940 3521  75 1  0  0 0 0 0 0  00000000
   2.503  2940 3503  77 1  0  0 0 0 0 0  00000000
   2.539  2939 3485  76 1  0  0 0 0 0 0  00000000
   2.552  2937 3483  76 1  0  0 0 0 0 0  00000000
   2.564  2937 3482  75 1  0  0 0 0 0 0  00000000
   2.577  2937 3477  74 1  0  0 0 0 0 0  00000000
   2.588  2937 3472  71 1  0  0 0 0 0 0  00000000
   2.601  2936 3450  69 1  0  0 0 0 0 0  00000000
   2.614  2932 3450  64 1  0  0 0 0 0 0  00000000
   2.627  2898 3451  58 1  0  0 0 0 0 0  00000000
   2.638  2869 3499  43 1  0  0 0 0 0 0  00000000
   2.649  2869 3499   0 0  0  0 0 0 0 0  00000000
   2.749  4179 2468  45 1  0  0 0 0 0 0  00000000
   2.762  4126 2490  70 1  0  0 0 0 0 0  00000000
   2.774  4127 2490  68 1  0  0 0 0 0 0  00000000
   2.788  4128 2490  69 1  0  0 0 0 0 0  00000000
   2.799  4129 2491  68 1  0  0 0 0 0 0  00000000
   2.811  4130 2492  68 1  0  0 0 0 0 0  00000000
   2.824  4130 2493  65 1  0  0 0 0 0 0  00000000
   2.836  4099 2520  56 1  0  0 0 0 0 0  00000000
   2.849  4062 2521  42 1  0  0 0 0 0 0  00000000
   2.860  4062 2521   0 0  0  0 0 0 0 0  00000000
   3.072  2563 3408  76 1  0  0 0 0 0 0  00000000
   3.085  2563 3379  73 1  0  0 0 0 0 0  00000000
   3.097  2563 3379  76 1  0  0 0 0 0 0  00000000
   3.110  2562 3379  78 1  0  0 0 0 0 0  00000000
   3.123  2562 3379  77 1  0  0 0 0 0 0  00000000
   3.135  2562 3379  76 1  0  0 0 0 0 0  00000000
   3.148  2560 3379  76 1  0  0 0 0 0 0  00000000
   3.159  2560 3379  77 1  0  0 0 0 0 0  00000000
   3.172  2560 3379  76 1  0  0 0 0 0 0  00000000
   3.184  2560 3379  77 1  0  0 0 0 0 0  00000000
   3.197  2560 3379  76 1  0  0 0 0 0 0  00000000
   3.221  2560 3377  76 1  0  0 0 0 0 0  00000000
   3.234  2560 3372  77 1  0  0 0 0 0 0  00000000
   3.247  2560 3368  76 1  0  0 0 0 0 0  00000000
   3.259  2560 3366  76 1  0  0 0 0 0 0  00000000
   3.271  2558 3366  77 1  0  0 0 0 0 0  00000000
   3.284  2558 3365  76 1  0  0 0 0 0 0  00000000
   3.296  2558 3365  78 1  0  0 0 0 0 0  00000000
   3.308  2558 3365  77 1  0  0 0 0 0 0  00000000
   3.320  2558 3365  78 1  0  0 0 0 0 0  00000000
   3.334  2558 3365  79 1  0  0 0 0 0 0  00000000
   3.345  2558 3366  78 1  0  0 0 0 0 0  00000000
   3.358  2558 3367  79 1  0  0 0 0 0 0  00000000
   3.370  2557 3368  80 1  0  0 0 0 0 0  00000000
   3.383  2557 3369  80 1  0  0 0 0 0 0  00000000
   3.395  2557 3370  80 1  0  0 0 0 0 0  00000000
   3.409  2557 3370  79 1  0  0 0 0 0 0  00000000
   3.420  2557 3370  78 1  0  0 0 0 0 0  00000000
   3.433  2557 3369  75 1  0  0 0 0 0 0  00000000
   3.445  2557 3369  68 1  0  0 0 0 0 0  00000000
   3.456  2510 3390  50 1  0  0 0 0 0 0  00000000
   3.468  2510 3390   0 0  0  0 0 0 0 0  00000000
   3.569  3920 2469  69 1  0  0 0 0 0 0  00000000
   3.581  3920 2452  66 1  0  0 0 0 0 0  00000000
   3.594  3902 2452  69 1  0  0 0 0 0 0  00000000
   3.619  3902 2453  68 1  0  0 0 0 0 0  00000000
   3.631  3902 2458  68 1  0  0 0 0 0 0  00000000
   3.644  3897 2459  66 1  0  0 0 0 0 0  00000000
   3.656  3871 2453  60 1  0  0 0 0 0 0  00000000
   3.670  3871 2453   0 0  0  0 0 0 0 0  00000000
   3.694  2586 3430  72 1  0  0 0 0 0 0  00000000
   3.705  2552 3409  73 1  0  0 0 0 0 0  00000000
   3.718  2551 3409  77 1  0  0 0 0 0 0  00000000
   3.730  2546 3409  78 1  0  0 0 0 0 0  00000000
   3.743  2545 3409  78 1  0  0 0 0 0 0  00000000
   3.755  2545 3409  76 1  0  0 0 0 0 0  00000000
   3.768  2545 3409  74 1  0  0 0 0 0 0  00000000
   3.780  2545 3409  71 1  0  0 0 0 0 0  00000000
   3.793  2564 3409  66 1  0  0 0 0 0 0  00000000
   3.804  2603 3409  56 1  0  0 0 0 0 0  00000000
   3.817  2603 3409   0 0  0  0 0 0 0 0  00000000
   3.977  4229 2219  62 1  0  0 0 0 0 0  00000000
   3.990  4177 2199  67 1  0  0 0 0 0 0  00000000
   4.002  4178 2199  70 1  0  0 0 0 0 0  00000000
   4.013  4179 2199  70 1  0  0 0 0 0 0  00000000
   4.022  4180 2199  68 1  0  0 0 0 0 0  00000000
   4.040  4180 2200  67 1  0  0 0 0 0 0  00000000
   4.053  4181 2242  65 1  0  0 0 0 0 0  00000000
   4.066  4206 2282  60 1  0  0 0 0 0 0  00000000
   4.076  4236 2309  50 1  0  0 0 0 0 0  00000000
   4.089  4236 2309   0 0  0  0 0 0 0 0  00000000
   4.276  2643 3272  78 1  0  0 0 0 0 0  00000000
   4.289  2643 3238  76 1  0  0 0 0 0 0  00000000
   4.302  2643 3238  77 1  0  0 0 0 0 0  00000000
   4.325  2641 3238  76 1  0  0 0 0 0 0  00000000
   4.339  2641 3238  73 1  0  0 0 0 0 0  00000000
   4.351  2641 3280  68 1  0  0 0 0 0 0  00000000
   4.363  2641 3309  54 1  0  0 0 0 0 0  00000000
   4.375  2641 3309   0 0  0  0 0 0 0 0  00000000
   4.574  4062 2106  43 1  0  0 0 0 0 0  00000000
   4.586  3987 2088  67 1  0  0 0 0 0 0  00000000
   4.599  3988 2088  67 1  0  0 0 0 0 0  00000000
   4.610  3988 2088  68 1  0  0 0 0 0 0  00000000
   4.624  3988 2088  66 1  0  0 0 0 0 0  00000000
   4.636  3988 2088  61 1  0  0 0 0 0 0  00000000
   4.649  3988 2130  52 1  0  0 0 0 0 0  00000000
   4.659  3988 2130   0 0  0  0 0 0 0 0  00000000
   4.885  2659 3116  78 1  0  0 0 0 0 0  00000000
   4.898  2659 3114  79 1  0  0 0 0 0 0  00000000
   4.911  2659 3108  81 1  0  0 0 0 0 0  00000000
   4.920  2659 3102  82 1  0  0 0 0 0 0  00000000
   4.933  2659 3098  81 1  0  0 0 0 0 0  00000000
   4.946  2659 3093  81 1  0  0 0 0 0 0  00000000
   4.958  2659 3091  81 1  0  0 0 0 0 0  00000000
   4.971  2659 3086  80 1  0  0 0 0 0 0  00000000
   4.983  2659 3085  80 1  0  0 0 0 0 0  00000000
   4.996  2659 3083  79 1  0  0 0 0 0 0  00000000
   5.008  2659 3078  79 1  0  0 0 0 0 0  00000000
   5.020  2658 3073  79 1  0  0 0 0 0 0  00000000
   5.033  2656 3071  79 1  0  0 0 0 0 0  00000000
   5.045  2655 3066  79 1  0  0 0 0 0 0  00000000
   5.058  2655 3064  79 1  0  0 0 0 0 0  00000000
   5.071  2655 3062  78 1  0  0 0 0 0 0  00000000
   5.095  2653 3062  79 1  0  0 0 0 0 0  00000000
   5.120  2653 3062  80 1  0  0 0 0 0 0  00000000
   5.133  2653 3062  79 1  0  0 0 0 0 0  00000000
   5.144  2653 3063  80 1  0  0 0 0 0 0  00000000
   5.157  2653 3064  81 1  0  0 0 0 0 0  00000000
   5.170  2653 3069  80 1  0  0 0 0 0 0  00000000
   5.183  2653 3070  81 1  0  0 0 0 0 0  00000000
   5.195  2653 3071  80 1  0  0 0 0 0 0  00000000
   5.206  2653 3072  81 1  0  0 0 0 0 0  00000000
   5.219  2653 3073  81 1  0  0 0 0 0 0  00000000
   5.232  2653 3074  82 1  0  0 0 0 0 0  00000000
   5.282  2653 3074  83 1  0  0 0 0 0 0  00000000
   5.294  2653 3074  82 1  0  0 0 0 0 0  00000000
   5.332  2653 3072  82 1  0  0 0 0 0 0  00000000
   5.343  2653 3070  83 1  0  0 0 0 0 0  00000000
   5.356  2653 3069  82 1  0  0 0 0 0 0  00000000
   5.368  2653 3065  83 1  0  0 0 0 0 0  00000000
   5.380  2651 3063  83 1  0  0 0 0 0 0  00000000
   5.393  2649 3058  85 1  0  0 0 0 0 0  00000000
   5.405  2648 3056  83 1  0  0 0 0 0 0  00000000
   5.418  2648 3054  83 1  0  0 0 0 0 0  00000000
   5.430  2646 3052  83 1  0  0 0 0 0 0  00000000
   5.440  2644 3052  83 1  0  0 0 0 0 0  00000000
   5.455  2643 3047  83 1  0  0 0 0 0 0  00000000
   5.467  2641 3045  83 1  0  0 0 0 0 0  00000000
   5.480  2637 3043  84 1  0  0 0 0 0 0  00000000
   5.491  2637 3041  83 1  0  0 0 0 0 0  00000000
   5.505  2637 3039  84 1  0  0 0 0 0 0  00000000
   5.516  2637 3039  83 1  0  0 0 0 0 0  00000000
   5.542  2637 3039  82 1  0  0 0 0 0 0  00000000
   5.554  2655 3039  81 1  0  0 0 0 0 0  00000000
   5.566  2655 3039  78 1  0  0 0 0 0 0  00000000
   5.579  2675 3039  71 1  0  0 0 0 0 0  00000000
   5.591  2700 3001  45 1  0  0 0 0 0 0  00000000
   5.604  2700 3001   0 0  0  0 0 0 0 0  00000000
