time	 y	 z	 f	 w	 l	 r	 u	 d	 m	 multi
   0.000  4271 2596   0 0  0  0 0 0 0 0  00000000
   5.220  3785 2511  77 1  0  0 0 0 0 0  00000000
   5.233  3785 2512  71 1  0  0 0 0 0 0  00000000
   5.244  3784 2555  60 1  0  0 0 0 0 0  00000000
   5.256  3784 2555   0 0  0  0 0 0 0 0  00000000
   5.456  3712 2781  74 1  0  0 0 0 0 0  00000000
   5.469  3689 2715  77 1  0  0 0 0 0 0  00000000
   5.480  3689 2689  79 1  0  0 0 0 0 0  00000000
   5.493  3687 2689  79 1  0  0 0 0 0 0  00000000
   5.506  3687 2689  77 1  0  0 0 0 0 0  00000000
   5.517  3718 2722  70 1  0  0 0 0 0 0  00000000
   5.529  3761 2775  49 1  0  0 0 0 0 0  00000000
   5.541  3761 2775   0 0  0  0 0 0 0 0  00000000
   5.716  3706 2874  44 1  0  0 0 0 0 0  00000000
   5.728  3593 2819  75 1  0  0 0 0 0 0  00000000
   5.740  3568 2789  79 1  0  0 0 0 0 0  00000000
   5.753  3568 2789  81 1  0  0 0 0 0 0  00000000
   5.766  3568 2789  79 1  0  0 0 0 0 0  00000000
   5.778  3569 2789  76 1  0  0 0 0 0 0  00000000
   5.790  3600 2825  69 1  0  0 0 0 0 0  00000000
   5.803  3619 2864  41 1  0  0 0 0 0 0  00000000
   5.813  3619 2864   0 0  0  0 0 0 0 0  00000000
   6.013  3743 2864  74 1  0  0 0 0 0 0  00000000
   6.039  3707 2820  76 1  0  0 0 0 0 0  00000000
   6.052  3707 2821  75 1  0  0 0 0 0 0  00000000
   6.064  3707 2825  70 1  0  0 0 0 0 0  00000000
   6.076  3708 2886  55 1  0  0 0 0 0 0  00000000
   6.087  3708 2886   0 0  0  0 0 0 0 0  00000000
   6.373  3883 2886  52 1  0  0 0 0 0 0  00000000
   6.385  3792 2857  73 1  0  0 0 0 0 0  00000000
   6.398  3762 2834  79 1  0  0 0 0 0 0  00000000
   6.411  3762 2834  80 1  0  0 0 0 0 0  00000000
   6.423  3760 2834  80 1  0  0 0 0 0 0  00000000
   6.435  3754 2835  80 1  0  0 0 0 0 0  00000000
   6.448  3752 2836  82 1  0  0 0 0 0 0  00000000
   6.461  3752 2837  81 1  0  0 0 0 0 0  00000000
   6.472  3752 2838  80 1  0  0 0 0 0 0  00000000
   6.486  3751 2836  79 1  0  0 0 0 0 0  00000000
   6.498  3751 2834  79 1  0  0 0 0 0 0  00000000
   6.510  3751 2832  78 1  0  0 0 0 0 0  00000000
   6.524  3751 2830  78 1  0  0 0 0 0 0  00000000
   6.536  3751 2828  79 1  0  0 0 0 0 0  00000000
   6.546  3751 2828  80 1  0  0 0 0 0 0  00000000
   6.585  3747 2828  80 1  0  0 0 0 0 0  00000000
   6.598  3747 2828  82 1  0  0 0 0 0 0  00000000
   6.610  3747 2829  82 1  0  0 0 0 0 0  00000000
   6.634  3746 2830  81 1  0  0 0 0 0 0  00000000
   6.660  3746 2830  83 1  0  0 0 0 0 0  00000000
   6.683  3746 2830  82 1  0  0 0 0 0 0  00000000
   6.709  3746 2830  83 1  0  0 0 0 0 0  00000000
   6.722  3746 2830  81 1  0  0 0 0 0 0  00000000
   6.734  3746 2830  82 1  0  0 0 0 0 0  00000000
   6.747  3746 2830  83 1  0  0 0 0 0 0  00000000
   6.795  3746 2831  82 1  0  0 0 0 0 0  00000000
   6.807  3746 2835  82 1  0  0 0 0 0 0  00000000
   6.820  3746 2836  83 1  0  0 0 0 0 0  00000000
   6.832  3746 2840  83 1  0  0 0 0 0 0  00000000
   6.846  3746 2841  84 1  0  0 0 0 0 0  00000000
   6.858  3746 2846  84 1  0  0 0 0 0 0  00000000
   6.870  3746 2847  84 1  0  0 0 0 0 0  00000000
   6.882  3746 2848  85 1  0  0 0 0 0 0  00000000
   6.895  3746 2853  84 1  0  0 0 0 0 0  00000000
   6.907  3746 2857  85 1  0  0 0 0 0 0  00000000
   6.920  3746 2858  85 1  0  0 0 0 0 0  00000000
   6.932  3746 2859  85 1  0  0 0 0 0 0  00000000
   6.945  3746 2860  85 1  0  0 0 0 0 0  00000000
   6.957  3746 2861  86 1  0  0 0 0 0 0  00000000
   6.970  3746 2884  88 1  0  0 0 0 0 0  00000000
   6.981  3747 2884  87 1  0  0 0 0 0 0  00000000
   6.995  3747 2882  88 1  0  0 0 0 0 0  00000000
   7.006  3747 2880  87 1  0  0 0 0 0 0  00000000
   7.019  3747 2876  87 1  0  0 0 0 0 0  00000000
   7.032  3747 2871  85 1  0  0 0 0 0 0  00000000
   7.043  3751 2843  81 1  0  0 0 0 0 0  00000000
   7.056  3756 2843  73 1  0  0 0 0 0 0  00000000
   7.068  3760 2874  56 1  0  0 0 0 0 0  00000000
   7.080  3760 2874   0 0  0  0 0 0 0 0  00000000
   7.304  3760 2830  73 1  0  0 0 0 0 0  00000000
   7.316  3737 2795  79 1  0  0 0 0 0 0  00000000
   7.330  3735 2795  82 1  0  0 0 0 0 0  00000000
   7.342  3733 2795  82 1  0  0 0 0 0 0  00000000
   7.355  3733 2795  80 1  0  0 0 0 0 0  00000000
   7.366  3733 2795  76 1  0  0 0 0 0 0  00000000
   7.378  3767 2820  66 1  0  0 0 0 0 0  00000000
   7.391  3767 2820   0 0  0  0 0 0 0 0  00000000
   7.603  3610 2986  77 1  0  0 0 0 0 0  00000000
   7.615  3586 2962  82 1  0  0 0 0 0 0  00000000
   7.628  3585 2962  83 1  0  0 0 0 0 0  00000000
   7.639  3585 2962  82 1  0  0 0 0 0 0  00000000
   7.651  3585 2962  77 1  0  0 0 0 0 0  00000000
   7.664  3610 2963  70 1  0  0 0 0 0 0  00000000
   7.676  3610 2963   0 0  0  0 0 0 0 0  00000000
   7.863  3781 2991  61 1  0  0 0 0 0 0  00000000
   7.874  3714 2934  74 1  0  0 0 0 0 0  00000000
   7.894  3679 2904  80 1  0  0 0 0 0 0  00000000
   7.911  3679 2902  80 1  0  0 0 0 0 0  00000000
   7.924  3679 2880  74 1  0  0 0 0 0 0  00000000
   7.937  3723 2900  61 1  0  0 0 0 0 0  00000000
   7.949  3723 2900   0 0  0  0 0 0 0 0  00000000
   8.198  4034 2830  71 1  0  0 0 0 0 0  00000000
   8.210  4008 2805  76 1  0  0 0 0 0 0  00000000
   8.235  4008 2805  72 1  0  0 0 0 0 0  00000000
   8.248  4009 2851  56 1  0  0 0 0 0 0  00000000
   8.259  4009 2851   0 0  0  0 0 0 0 0  00000000
   8.483  3857 3035  51 1  0  0 0 0 0 0  00000000
   8.495  3811 3000  76 1  0  0 0 0 0 0  00000000
   8.507  3773 2998  83 1  0  0 0 0 0 0  00000000
   8.520  3751 2996  80 1  0  0 0 0 0 0  00000000
   8.532  3751 2976  76 1  0  0 0 0 0 0  00000000
   8.545  3775 2992  66 1  0  0 0 0 0 0  00000000
   8.557  3775 2992   0 0  0  0 0 0 0 0  00000000
   8.843  3920 2865  79 1  0  0 0 0 0 0  00000000
   8.856  3896 2809  81 1  0  0 0 0 0 0  00000000
   8.867  3894 2786  85 1  0  0 0 0 0 0  00000000
   8.880  3888 2786  86 1  0  0 0 0 0 0  00000000
   8.893  3886 2787  86 1  0  0 0 0 0 0  00000000
   8.905  3884 2788  87 1  0  0 0 0 0 0  00000000
   8.924  3883 2771  86 1  0  0 0 0 0 0  00000000
   8.941  3883 2751  82 1  0  0 0 0 0 0  00000000
   8.954  3883 2749  81 1  0  0 0 0 0 0  00000000
   8.966  3883 2722  81 1  0  0 0 0 0 0  00000000
   8.979  3883 2722  80 1  0  0 0 0 0 0  00000000
   8.991  3883 2721  81 1  0  0 0 0 0 0  00000000
   9.029  3883 2719  81 1  0  0 0 0 0 0  00000000
   9.041  3883 2719  82 1  0  0 0 0 0 0  00000000
   9.066  3883 2719  84 1  0  0 0 0 0 0  00000000
   9.091  3883 2719  83 1  0  0 0 0 0 0  00000000
   9.152  3883 2717  83 1  0  0 0 0 0 0  00000000
   9.165  3883 2715  83 1  0  0 0 0 0 0  00000000
   9.177  3883 2713  83 1  0  0 0 0 0 0  00000000
   9.190  3883 2713  82 1  0  0 0 0 0 0  00000000
   9.202  3883 2709  82 1  0  0 0 0 0 0  00000000
   9.215  3883 2707  83 1  0  0 0 0 0 0  00000000
   9.303  3883 2708  83 1  0  0 0 0 0 0  00000000
   9.315  3883 2709  84 1  0  0 0 0 0 0  00000000
   9.327  3883 2713  84 1  0  0 0 0 0 0  00000000
   9.339  3883 2714  84 1  0  0 0 0 0 0  00000000
   9.353  3883 2715  84 1  0  0 0 0 0 0  00000000
   9.364  3883 2719  84 1  0  0 0 0 0 0  00000000
   9.377  3883 2720  84 1  0  0 0 0 0 0  00000000
   9.389  3883 2725  85 1  0  0 0 0 0 0  00000000
   9.401  3883 2730  84 1  0  0 0 0 0 0  00000000
   9.414  3883 2755  85 1  0  0 0 0 0 0  00000000
   9.439  3883 2755  86 1  0  0 0 0 0 0  00000000
   9.451  3883 2759  86 1  0  0 0 0 0 0  00000000
   9.464  3883 2763  86 1  0  0 0 0 0 0  00000000
   9.475  3884 2764  85 1  0  0 0 0 0 0  00000000
   9.488  3885 2764  83 1  0  0 0 0 0 0  00000000
   9.500  3908 2768  80 1  0  0 0 0 0 0  00000000
   9.512  3937 2795  75 1  0  0 0 0 0 0  00000000
   9.525  3958 2830  66 1  0  0 0 0 0 0  00000000
   9.537  3958 2830   0 0  0  0 0 0 0 0  00000000
   9.799  3743 2772  76 1  0  0 0 0 0 0  00000000
   9.811  3706 2742  79 1  0  0 0 0 0 0  00000000
   9.824  3704 2742  80 1  0  0 0 0 0 0  00000000
   9.836  3703 2742  78 1  0  0 0 0 0 0  00000000
   9.849  3703 2743  73 1  0  0 0 0 0 0  00000000
   9.862  3736 2805  57 1  0  0 0 0 0 0  00000000
   9.871  3736 2805   0 0  0  0 0 0 0 0  00000000
  10.096  3640 2921  78 1  0  0 0 0 0 0  00000000
  10.109  3612 2873  77 1  0  0 0 0 0 0  00000000
  10.121  3610 2871  79 1  0  0 0 0 0 0  00000000
  10.134  3609 2867  76 1  0  0 0 0 0 0  00000000
  10.145  3615 2867  65 1  0  0 0 0 0 0  00000000
  10.158  3615 2867   0 0  0  0 0 0 0 0  00000000
  10.368  3856 2965  43 1  0  0 0 0 0 0  00000000
  10.383  3727 2908  71 1  0  0 0 0 0 0  00000000
  10.393  3707 2907  77 1  0  0 0 0 0 0  00000000
  10.418  3707 2907  72 1  0  0 0 0 0 0  00000000
  10.430  3735 2948  58 1  0  0 0 0 0 0  00000000
  10.442  3735 2948   0 0  0  0 0 0 0 0  00000000
  10.641  3814 2830  76 1  0  0 0 0 0 0  00000000
  10.653  3790 2790  77 1  0  0 0 0 0 0  00000000
  10.667  3768 2788  79 1  0  0 0 0 0 0  00000000
  10.680  3768 2788  76 1  0  0 0 0 0 0  00000000
  10.690  3768 2837  69 1  0  0 0 0 0 0  00000000
  10.703  3747 2932  47 1  0  0 0 0 0 0  00000000
  10.715  3747 2932   0 0  0  0 0 0 0 0  00000000
  10.928  3806 3122  45 1  0  0 0 0 0 0  00000000
  10.940  3692 3045  71 1  0  0 0 0 0 0  00000000
  10.952  3656 3021  76 1  0  0 0 0 0 0  00000000
  10.964  3656 3021  75 1  0  0 0 0 0 0  00000000
  10.977  3654 3021  69 1  0  0 0 0 0 0  00000000
  10.989  3650 3062  47 1  0  0 0 0 0 0  00000000
  10.998  3648 3062  47 1  0  0 0 0 0 0  00000000
  11.013  3648 3062   0 0  0  0 0 0 0 0  00000000
  11.212  3776 2957  66 1  0  0 0 0 0 0  00000000
  11.225  3715 2868  73 1  0  0 0 0 0 0  00000000
  11.237  3667 2852  79 1  0  0 0 0 0 0  00000000
  11.263  3665 2889  70 1  0  0 0 0 0 0  00000000
  11.275  3665 2889   0 0  0  0 0 0 0 0  00000000
  11.498  3792 2837  76 1  0  0 0 0 0 0  00000000
  11.511  3728 2777  75 1  0  0 0 0 0 0  00000000
  11.524  3697 2775  80 1  0  0 0 0 0 0  00000000
  11.536  3697 2775  75 1  0  0 0 0 0 0  00000000
  11.548  3695 2860  62 1  0  0 0 0 0 0  00000000
  11.559  3695 2860   0 0  0  0 0 0 0 0  00000000
  11.833  3908 2837  77 1  0  0 0 0 0 0  00000000
  11.858  3820 2721  86 1  0  0 0 0 0 0  00000000
  11.871  3818 2704  88 1  0  0 0 0 0 0  00000000
  11.883  3814 2704  88 1  0  0 0 0 0 0  00000000
  11.896  3812 2699  87 1  0  0 0 0 0 0  00000000
  11.907  3811 2662  85 1  0  0 0 0 0 0  00000000
  11.920  3811 2641  83 1  0  0 0 0 0 0  00000000
  11.933  3818 2641  78 1  0  0 0 0 0 0  00000000
  11.944  3822 2641  77 1  0  0 0 0 0 0  00000000
  11.969  3822 2648  76 1  0  0 0 0 0 0  00000000
  11.982  3822 2655  76 1  0  0 0 0 0 0  00000000
  11.995  3822 2659  77 1  0  0 0 0 0 0  00000000
  12.007  3822 2664  77 1  0  0 0 0 0 0  00000000
  12.020  3806 2690  80 1  0  0 0 0 0 0  00000000
  12.032  3806 2691  83 1  0  0 0 0 0 0  00000000
  12.045  3806 2695  83 1  0  0 0 0 0 0  00000000
  12.057  3806 2699  84 1  0  0 0 0 0 0  00000000
  12.069  3806 2703  84 1  0  0 0 0 0 0  00000000
  12.081  3806 2704  85 1  0  0 0 0 0 0  00000000
  12.094  3806 2705  85 1  0  0 0 0 0 0  00000000
  12.106  3806 2705  83 1  0  0 0 0 0 0  00000000
  12.119  3807 2676  78 1  0  0 0 0 0 0  00000000
  12.131  3845 2674  73 1  0  0 0 0 0 0  00000000
  12.143  3904 2701  46 1  0  0 0 0 0 0  00000000
  12.154  3904 2701   0 0  0  0 0 0 0 0  00000000
  12.305  4068 2565  42 1  0  0 0 0 0 0  00000000
  12.316  3929 2511  76 1  0  0 0 0 0 0  00000000
  12.330  3899 2511  80 1  0  0 0 0 0 0  00000000
  12.342  3899 2512  80 1  0  0 0 0 0 0  00000000
  12.354  3899 2548  77 1  0  0 0 0 0 0  00000000
  12.367  3868 2589  67 1  0  0 0 0 0 0  00000000
  12.379  3868 2589   0 0  0  0 0 0 0 0  00000000
  12.478  3726 2790  59 1  0  0 0 0 0 0  00000000
  12.491  3660 2761  75 1  0  0 0 0 0 0  00000000
  12.503  3637 2743  79 1  0  0 0 0 0 0  00000000
  12.516  3635 2743  81 1  0  0 0 0 0 0  00000000
  12.541  3635 2742  79 1  0  0 0 0 0 0  00000000
  12.552  3635 2723  77 1  0  0 0 0 0 0  00000000
  12.565  3636 2722  75 1  0  0 0 0 0 0  00000000
  12.578  3687 2720  70 1  0  0 0 0 0 0  00000000
  12.590  3763 2718  64 1  0  0 0 0 0 0  00000000
  12.602  3803 2696  43 1  0  0 0 0 0 0  00000000
  12.614  3803 2696   0 0  0  0 0 0 0 0  00000000
  12.801  3900 2565  76 1  0  0 0 0 0 0  00000000
  12.814  3898 2548  79 1  0  0 0 0 0 0  00000000
  12.826  3865 2548  83 1  0  0 0 0 0 0  00000000
  12.838  3865 2572  84 1  0  0 0 0 0 0  00000000
  12.852  3865 2572  85 1  0  0 0 0 0 0  00000000
  12.864  3865 2588  83 1  0  0 0 0 0 0  00000000
  12.875  3884 2584  80 1  0  0 0 0 0 0  00000000
  12.888  3908 2583  77 1  0  0 0 0 0 0  00000000
  12.900  4005 2583  72 1  0  0 0 0 0 0  00000000
  12.913  4124 2613  51 1  0  0 0 0 0 0  00000000
  12.924  4124 2613   0 0  0  0 0 0 0 0  00000000
  13.098  4299 2504  80 1  0  0 0 0 0 0  00000000
  13.111  4243 2502  82 1  0  0 0 0 0 0  00000000
  13.124  4177 2519  86 1  0  0 0 0 0 0  00000000
  13.136  4132 2519  87 1  0  0 0 0 0 0  00000000
  13.148  4083 2540  90 1  0  0 0 0 0 0  00000000
  13.161  4029 2541  86 1  0  0 0 0 0 0  00000000
  13.174  3979 2542  84 1  0  0 0 0 0 0  00000000
  13.186  3933 2543  79 1  0  0 0 0 0 0  00000000
  13.198  3885 2575  65 1  0  0 0 0 0 0  00000000
  13.210  3885 2575   0 0  0  0 0 0 0 0  00000000
  13.409  4791 2400  59 1  0  0 0 0 0 0  00000000
  13.421  4745 2401  83 1  0  0 0 0 0 0  00000000
  13.435  4745 2405  87 1  0  0 0 0 0 0  00000000
  13.445  4741 2406  86 1  0  0 0 0 0 0  00000000
  13.458  4740 2406  80 1  0  0 0 0 0 0  00000000
  13.470  4735 2406  68 1  0  0 0 0 0 0  00000000
  13.482  4735 2406   0 0  0  0 0 0 0 0  00000000
  13.732  3692 2689  86 1  0  0 0 0 0 0  00000000
  13.744  3692 2656  86 1  0  0 0 0 0 0  00000000
  13.756  3690 2678  93 1  0  0 0 0 0 0  00000000
  13.769  3684 2679  94 1  0  0 0 0 0 0  00000000
  13.782  3682 2702  95 1  0  0 0 0 0 0  00000000
  13.793  3680 2702  96 1  0  0 0 0 0 0  00000000
  13.805  3680 2702  94 1  0  0 0 0 0 0  00000000
  13.819  3680 2682  93 1  0  0 0 0 0 0  00000000
  13.830  3680 2665  93 1  0  0 0 0 0 0  00000000
  13.843  3680 2665  91 1  0  0 0 0 0 0  00000000
  13.855  3680 2663  92 1  0  0 0 0 0 0  00000000
  13.869  3681 2644  91 1  0  0 0 0 0 0  00000000
  13.880  3682 2644  91 1  0  0 0 0 0 0  00000000
  13.893  3683 2645  91 1  0  0 0 0 0 0  00000000
  13.905  3684 2646  91 1  0  0 0 0 0 0  00000000
  13.917  3685 2651  93 1  0  0 0 0 0 0  00000000
  13.930  3685 2677  94 1  0  0 0 0 0 0  00000000
  13.943  3685 2678  95 1  0  0 0 0 0 0  00000000
  13.956  3685 2679  96 1  0  0 0 0 0 0  00000000
  13.968  3685 2710  96 1  0  0 0 0 0 0  00000000
  13.993  3686 2710  97 1  0  0 0 0 0 0  00000000
  14.004  3687 2709  97 1  0  0 0 0 0 0  00000000
  14.017  3688 2708  98 1  0  0 0 0 0 0  00000000
  14.029  3688 2706  96 1  0  0 0 0 0 0  00000000
  14.042  3688 2701  96 1  0  0 0 0 0 0  00000000
  14.054  3688 2697  96 1  0  0 0 0 0 0  00000000
  14.067  3688 2697  98 1  0  0 0 0 0 0  00000000
  14.078  3688 2697  99 1  0  0 0 0 0 0  00000000
  14.092  3688 2697  97 1  0  0 0 0 0 0  00000000
  14.104  3688 2696  97 1  0  0 0 0 0 0  00000000
  14.128  3688 2695  96 1  0  0 0 0 0 0  00000000
  14.141  3688 2690  97 1  0  0 0 0 0 0  00000000
  14.154  3688 2689  97 1  0  0 0 0 0 0  00000000
  14.216  3688 2689  98 1  0  0 0 0 0 0  00000000
  14.229  3688 2690  98 1  0  0 0 0 0 0  00000000
  14.240  3688 2694  98 1  0  0 0 0 0 0  00000000
  14.252  3686 2695  97 1  0  0 0 0 0 0  00000000
  14.265  3686 2695  99 1  0  0 0 0 0 0  00000000
  14.276  3686 2695  97 1  0  0 0 0 0 0  00000000
  14.291  3684 2696  98 1  0  0 0 0 0 0  00000000
  14.302  3684 2696  99 1  0  0 0 0 0 0  00000000
  14.316  3684 2696  98 1  0  0 0 0 0 0  00000000
  14.328  3684 2696  99 1  0  0 0 0 0 0  00000000
  14.354  3685 2700 100 1  0  0 0 0 0 0  00000000
  14.366  3685 2701  99 1  0  0 0 0 0 0  00000000
  14.376  3685 2702 100 1  0  0 0 0 0 0  00000000
  14.388  3685 2707 101 1  0  0 0 0 0 0  00000000
  14.402  3685 2711 101 1  0  0 0 0 0 0  00000000
  14.414  3685 2716 101 1  0  0 0 0 0 0  00000000
  14.427  3685 2722 101 1  0  0 0 0 0 0  00000000
  14.440  3685 2727 102 1  0  0 0 0 0 0  00000000
  14.451  3686 2732 102 1  0  0 0 0 0 0  00000000
  14.465  3687 2733 102 1  0  0 0 0 0 0  00000000
  14.489  3687 2733 101 1  0  0 0 0 0 0  00000000
  14.500  3687 2733 103 1  0  0 0 0 0 0  00000000
  14.513  3688 2734 103 1  0  0 0 0 0 0  00000000
  14.526  3688 2727 101 1  0  0 0 0 0 0  00000000
  14.539  3688 2723 100 1  0  0 0 0 0 0  00000000
  14.551  3709 2695  96 1  0  0 0 0 0 0  00000000
  14.562  3812 2696  68 1  0  0 0 0 0 0  00000000
  14.573  3812 2696   0 0  0  0 0 0 0 0  00000000
