time	 y	 z	 f	 w	 l	 r	 u	 d	 m	 multi
   0.000  3594 3123   0 0  0  0 0 0 0 0  00000000
   0.962  3406 3194  67 1  0  0 0 0 0 0  00000000
   0.973  3406 3159  71 1  0  0 0 0 0 0  00000000
   0.987  3404 3157  73 1  0  0 0 0 0 0  00000000
   0.999  3403 3157  74 1  0  0 0 0 0 0  00000000
   1.024  3403 3158  73 1  0  0 0 0 0 0  00000000
   1.036  3403 3164  73 1  0  0 0 0 0 0  00000000
   1.049  3403 3168  73 1  0  0 0 0 0 0  00000000
   1.062  3403 3169  73 1  0  0 0 0 0 0  00000000
   1.074  3403 3170  73 1  0  0 0 0 0 0  00000000
   1.086  3402 3171  73 1  0  0 0 0 0 0  00000000
   1.099  3402 3172  73 1  0  0 0 0 0 0  00000000
   1.123  3402 3172  74 1  0  0 0 0 0 0  00000000
   1.135  3400 3172  74 1  0  0 0 0 0 0  00000000
   1.148  3400 3172  73 1  0  0 0 0 0 0  00000000
   1.160  3399 3170  74 1  0  0 0 0 0 0  00000000
   1.174  3397 3165  74 1  0  0 0 0 0 0  00000000
   1.185  3396 3163  74 1  0  0 0 0 0 0  00000000
   1.197  3396 3158  74 1  0  0 0 0 0 0  00000000
   1.210  3395 3153  73 1  0  0 0 0 0 0  00000000
   1.222  3394 3147  74 1  0  0 0 0 0 0  00000000
   1.235  3394 3142  74 1  0  0 0 0 0 0  00000000
   1.247  3392 3140  74 1  0  0 0 0 0 0  00000000
   1.259  3392 3138  74 1  0  0 0 0 0 0  00000000
   1.272  3391 3133  74 1  0  0 0 0 0 0  00000000
   1.285  3390 3131  74 1  0  0 0 0 0 0  00000000
   1.297  3388 3129  74 1  0  0 0 0 0 0  00000000
   1.310  3388 3128  74 1  0  0 0 0 0 0  00000000
   1.334  3386 3127  75 1  0  0 0 0 0 0  00000000
   1.459  3386 3122  75 1  0  0 0 0 0 0  00000000
   1.470  3386 3120  75 1  0  0 0 0 0 0  00000000
   1.483  3385 3115  74 1  0  0 0 0 0 0  00000000
   1.496  3385 3113  75 1  0  0 0 0 0 0  00000000
   1.508  3385 3108  74 1  0  0 0 0 0 0  00000000
   1.520  3384 3102  74 1  0  0 0 0 0 0  00000000
   1.534  3384 3095  74 1  0  0 0 0 0 0  00000000
   1.546  3384 3091  73 1  0  0 0 0 0 0  00000000
   1.559  3384 3089  72 1  0  0 0 0 0 0  00000000
   1.571  3382 3083  71 1  0  0 0 0 0 0  00000000
   1.582  3382 3081  68 1  0  0 0 0 0 0  00000000
   1.594  3381 3079  58 1  0  0 0 0 0 0  00000000
   1.606  3381 3079   0 0  0  0 0 0 0 0  00000000
   1.818  3355 3156  76 1  0  0 0 0 0 0  00000000
   1.831  3336 3156  78 1  0  0 0 0 0 0  00000000
   1.843  3336 3156  81 1  0  0 0 0 0 0  00000000
   1.855  3336 3157  82 1  0  0 0 0 0 0  00000000
   1.867  3336 3161  82 1  0  0 0 0 0 0  00000000
   1.880  3336 3162  82 1  0  0 0 0 0 0  00000000
   1.893  3336 3163  81 1  0  0 0 0 0 0  00000000
   1.905  3336 3164  79 1  0  0 0 0 0 0  00000000
   1.917  3363 3165  76 1  0  0 0 0 0 0  00000000
   1.930  3397 3169  71 1  0  0 0 0 0 0  00000000
   1.941  3520 3175  60 1  0  0 0 0 0 0  00000000
   1.953  3520 3175   0 0  0  0 0 0 0 0  00000000
   2.128  3407 3136  73 1  0  0 0 0 0 0  00000000
   2.141  3377 3099  77 1  0  0 0 0 0 0  00000000
   2.153  3350 3082  82 1  0  0 0 0 0 0  00000000
   2.166  3350 3082  83 1  0  0 0 0 0 0  00000000
   2.179  3350 3080  82 1  0  0 0 0 0 0  00000000
   2.190  3350 3076  81 1  0  0 0 0 0 0  00000000
   2.202  3350 3056  77 1  0  0 0 0 0 0  00000000
   2.214  3350 3055  72 1  0  0 0 0 0 0  00000000
   2.227  3351 3055  64 1  0  0 0 0 0 0  00000000
   2.240  3351 3055   0 0  0  0 0 0 0 0  00000000
   2.389  3325 3055  63 1  0  0 0 0 0 0  00000000
   2.403  3254 3055  76 1  0  0 0 0 0 0  00000000
   2.414  3252 3053  80 1  0  0 0 0 0 0  00000000
   2.425  3223 3049  84 1  0  0 0 0 0 0  00000000
   2.438  3223 3048  82 1  0  0 0 0 0 0  00000000
   2.451  3223 3043  81 1  0  0 0 0 0 0  00000000
   2.463  3223 3037  78 1  0  0 0 0 0 0  00000000
   2.475  3271 3031  70 1  0  0 0 0 0 0  00000000
   2.489  3316 3029  52 1  0  0 0 0 0 0  00000000
   2.499  3316 3029   0 0  0  0 0 0 0 0  00000000
   2.662  3384 2981  70 1  0  0 0 0 0 0  00000000
   2.673  3336 2981  75 1  0  0 0 0 0 0  00000000
   2.686  3316 2981  79 1  0  0 0 0 0 0  00000000
   2.700  3316 2980  80 1  0  0 0 0 0 0  00000000
   2.712  3316 2976  80 1  0  0 0 0 0 0  00000000
   2.724  3316 2974  77 1  0  0 0 0 0 0  00000000
   2.736  3315 2968  75 1  0  0 0 0 0 0  00000000
   2.749  3314 2966  70 1  0  0 0 0 0 0  00000000
   2.761  3314 2966  55 1  0  0 0 0 0 0  00000000
   2.773  3314 2966   0 0  0  0 0 0 0 0  00000000
   2.947  3283 2944  75 1  0  0 0 0 0 0  00000000
   2.960  3262 2926  77 1  0  0 0 0 0 0  00000000
   2.973  3260 2925  79 1  0  0 0 0 0 0  00000000
   2.984  3258 2925  79 1  0  0 0 0 0 0  00000000
   2.997  3258 2920  76 1  0  0 0 0 0 0  00000000
   3.009  3258 2897  72 1  0  0 0 0 0 0  00000000
   3.022  3287 2898  58 1  0  0 0 0 0 0  00000000
   3.033  3287 2898   0 0  0  0 0 0 0 0  00000000
   3.220  3401 2899  56 1  0  0 0 0 0 0  00000000
   3.232  3313 2883  78 1  0  0 0 0 0 0  00000000
   3.244  3292 2881  82 1  0  0 0 0 0 0  00000000
   3.257  3290 2879  85 1  0  0 0 0 0 0  00000000
   3.269  3285 2879  86 1  0  0 0 0 0 0  00000000
   3.282  3283 2880  86 1  0  0 0 0 0 0  00000000
   3.294  3281 2881  88 1  0  0 0 0 0 0  00000000
   3.307  3281 2882  86 1  0  0 0 0 0 0  00000000
   3.319  3281 2883  87 1  0  0 0 0 0 0  00000000
   3.331  3281 2883  86 1  0  0 0 0 0 0  00000000
   3.382  3279 2881  87 1  0  0 0 0 0 0  00000000
   3.394  3277 2880  88 1  0  0 0 0 0 0  00000000
   3.406  3277 2880  87 1  0  0 0 0 0 0  00000000
   3.419  3276 2880  87 1  0  0 0 0 0 0  00000000
   3.468  3276 2881  88 1  0  0 0 0 0 0  00000000
   3.481  3276 2882  88 1  0  0 0 0 0 0  00000000
   3.493  3274 2882  89 1  0  0 0 0 0 0  00000000
   3.505  3274 2882  87 1  0  0 0 0 0 0  00000000
   3.530  3274 2883  88 1  0  0 0 0 0 0  00000000
   3.567  3272 2883  89 1  0  0 0 0 0 0  00000000
   3.580  3270 2883  89 1  0  0 0 0 0 0  00000000
   3.605  3270 2881  89 1  0  0 0 0 0 0  00000000
   3.616  3270 2880  88 1  0  0 0 0 0 0  00000000
   3.629  3268 2878  88 1  0  0 0 0 0 0  00000000
   3.642  3266 2876  88 1  0  0 0 0 0 0  00000000
   3.654  3264 2874  88 1  0  0 0 0 0 0  00000000
   3.666  3263 2868  88 1  0  0 0 0 0 0  00000000
   3.679  3261 2863  88 1  0  0 0 0 0 0  00000000
   3.691  3260 2861  87 1  0  0 0 0 0 0  00000000
   3.704  3260 2859  86 1  0  0 0 0 0 0  00000000
   3.716  3259 2839  87 1  0  0 0 0 0 0  00000000
   3.729  3259 2839  86 1  0  0 0 0 0 0  00000000
   3.741  3259 2839  85 1  0  0 0 0 0 0  00000000
   3.754  3259 2838  86 1  0  0 0 0 0 0  00000000
   3.766  3259 2838  85 1  0  0 0 0 0 0  00000000
   3.791  3259 2838  86 1  0  0 0 0 0 0  00000000
   3.802  3259 2838  87 1  0  0 0 0 0 0  00000000
   3.827  3260 2838  87 1  0  0 0 0 0 0  00000000
   3.840  3261 2838  86 1  0  0 0 0 0 0  00000000
   3.852  3262 2839  87 1  0  0 0 0 0 0  00000000
   3.865  3266 2840  86 1  0  0 0 0 0 0  00000000
   3.878  3267 2841  86 1  0  0 0 0 0 0  00000000
   3.890  3267 2842  86 1  0  0 0 0 0 0  00000000
   3.904  3268 2847  86 1  0  0 0 0 0 0  00000000
   3.915  3269 2848  88 1  0  0 0 0 0 0  00000000
   3.927  3269 2853  87 1  0  0 0 0 0 0  00000000
   3.940  3269 2854  88 1  0  0 0 0 0 0  00000000
   3.952  3270 2854  87 1  0  0 0 0 0 0  00000000
   3.964  3270 2853  87 1  0  0 0 0 0 0  00000000
   3.976  3271 2851  87 1  0  0 0 0 0 0  00000000
   3.990  3271 2832  88 1  0  0 0 0 0 0  00000000
   4.002  3271 2832  87 1  0  0 0 0 0 0  00000000
   4.014  3271 2832  86 1  0  0 0 0 0 0  00000000
   4.026  3271 2830  88 1  0  0 0 0 0 0  00000000
   4.039  3270 2825  88 1  0  0 0 0 0 0  00000000
   4.052  3269 2823  88 1  0  0 0 0 0 0  00000000
   4.064  3268 2822  88 1  0  0 0 0 0 0  00000000
   4.077  3266 2822  88 1  0  0 0 0 0 0  00000000
   4.089  3266 2822  85 1  0  0 0 0 0 0  00000000
   4.113  3265 2820  86 1  0  0 0 0 0 0  00000000
   4.126  3264 2818  85 1  0  0 0 0 0 0  00000000
   4.138  3264 2813  83 1  0  0 0 0 0 0  00000000
   4.151  3264 2777  80 1  0  0 0 0 0 0  00000000
   4.163  3287 2756  75 1  0  0 0 0 0 0  00000000
   4.176  3360 2737  57 1  0  0 0 0 0 0  00000000
   4.186  3360 2737   0 0  0  0 0 0 0 0  00000000
   4.411  3210 2834  79 1  0  0 0 0 0 0  00000000
   4.423  3174 2810  79 1  0  0 0 0 0 0  00000000
   4.436  3172 2810  83 1  0  0 0 0 0 0  00000000
   4.448  3167 2810  86 1  0  0 0 0 0 0  00000000
   4.461  3165 2814  86 1  0  0 0 0 0 0  00000000
   4.472  3163 2818  86 1  0  0 0 0 0 0  00000000
   4.486  3162 2822  86 1  0  0 0 0 0 0  00000000
   4.497  3162 2823  86 1  0  0 0 0 0 0  00000000
   4.510  3162 2824  86 1  0  0 0 0 0 0  00000000
   4.522  3162 2824  85 1  0  0 0 0 0 0  00000000
   4.535  3162 2824  86 1  0  0 0 0 0 0  00000000
   4.548  3162 2824  85 1  0  0 0 0 0 0  00000000
   4.573  3162 2822  84 1  0  0 0 0 0 0  00000000
   4.585  3162 2820  84 1  0  0 0 0 0 0  00000000
   4.598  3162 2819  84 1  0  0 0 0 0 0  00000000
   4.610  3162 2817  85 1  0  0 0 0 0 0  00000000
   4.623  3162 2817  84 1  0  0 0 0 0 0  00000000
   4.633  3162 2817  85 1  0  0 0 0 0 0  00000000
   4.647  3162 2817  84 1  0  0 0 0 0 0  00000000
   4.658  3161 2816  84 1  0  0 0 0 0 0  00000000
   4.671  3161 2816  85 1  0  0 0 0 0 0  00000000
   4.684  3160 2816  84 1  0  0 0 0 0 0  00000000
   4.696  3160 2816  85 1  0  0 0 0 0 0  00000000
   4.709  3158 2814  84 1  0  0 0 0 0 0  00000000
   4.721  3157 2812  84 1  0  0 0 0 0 0  00000000
   4.734  3157 2811  84 1  0  0 0 0 0 0  00000000
   4.759  3157 2811  85 1  0  0 0 0 0 0  00000000
   4.796  3157 2812  85 1  0  0 0 0 0 0  00000000
   4.808  3157 2816  86 1  0  0 0 0 0 0  00000000
   4.821  3157 2820  86 1  0  0 0 0 0 0  00000000
   4.834  3157 2826  87 1  0  0 0 0 0 0  00000000
   4.844  3157 2832  88 1  0  0 0 0 0 0  00000000
   4.858  3157 2838  87 1  0  0 0 0 0 0  00000000
   4.870  3157 2844  89 1  0  0 0 0 0 0  00000000
   4.883  3157 2850  89 1  0  0 0 0 0 0  00000000
   4.894  3174 2878  91 1  0  0 0 0 0 0  00000000
   4.914  3174 2879  91 1  0  0 0 0 0 0  00000000
   4.932  3174 2905  92 1  0  0 0 0 0 0  00000000
   4.945  3174 2905  93 1  0  0 0 0 0 0  00000000
   4.956  3174 2934  94 1  0  0 0 0 0 0  00000000
   4.969  3174 2935  95 1  0  0 0 0 0 0  00000000
   4.982  3174 2958  96 1  0  0 0 0 0 0  00000000
   4.994  3174 2959  97 1  0  0 0 0 0 0  00000000
   5.006  3174 2982  97 1  0  0 0 0 0 0  00000000
   5.019  3174 3000  97 1  0  0 0 0 0 0  00000000
   5.032  3175 3000  98 1  0  0 0 0 0 0  00000000
   5.043  3176 3025  97 1  0  0 0 0 0 0  00000000
   5.056  3177 3025  97 1  0  0 0 0 0 0  00000000
   5.069  3177 3025  96 1  0  0 0 0 0 0  00000000
   5.081  3178 3023  96 1  0  0 0 0 0 0  00000000
   5.094  3179 2994  92 1  0  0 0 0 0 0  00000000
   5.105  3203 2956  88 1  0  0 0 0 0 0  00000000
   5.119  3278 2914  76 1  0  0 0 0 0 0  00000000
   5.130  3438 2890  48 1  0  0 0 0 0 0  00000000
   5.142  3438 2890   0 0  0  0 0 0 0 0  00000000
   5.565  3112 2865  74 1  0  0 0 0 0 0  00000000
   5.578  3096 2829  74 1  0  0 0 0 0 0  00000000
   5.589  3094 2806  77 1  0  0 0 0 0 0  00000000
   5.602  3089 2804  79 1  0  0 0 0 0 0  00000000
   5.614  3087 2799  80 1  0  0 0 0 0 0  00000000
   5.627  3082 2797  80 1  0  0 0 0 0 0  00000000
   5.640  3080 2796  80 1  0  0 0 0 0 0  00000000
   5.652  3080 2794  80 1  0  0 0 0 0 0  00000000
   5.665  3078 2792  79 1  0  0 0 0 0 0  00000000
   5.676  3076 2787  79 1  0  0 0 0 0 0  00000000
   5.689  3076 2781  79 1  0  0 0 0 0 0  00000000
   5.702  3076 2777  79 1  0  0 0 0 0 0  00000000
   5.713  3071 2775  78 1  0  0 0 0 0 0  00000000
   5.726  3070 2770  78 1  0  0 0 0 0 0  00000000
   5.739  3069 2764  79 1  0  0 0 0 0 0  00000000
   5.750  3069 2762  79 1  0  0 0 0 0 0  00000000
   5.763  3067 2757  78 1  0  0 0 0 0 0  00000000
   5.775  3067 2755  78 1  0  0 0 0 0 0  00000000
   5.788  3065 2749  79 1  0  0 0 0 0 0  00000000
   5.800  3065 2747  79 1  0  0 0 0 0 0  00000000
   5.825  3063 2745  78 1  0  0 0 0 0 0  00000000
   5.839  3063 2745  79 1  0  0 0 0 0 0  00000000
   5.849  3063 2743  78 1  0  0 0 0 0 0  00000000
   5.862  3061 2742  78 1  0  0 0 0 0 0  00000000
   5.874  3061 2742  79 1  0  0 0 0 0 0  00000000
   5.888  3060 2742  79 1  0  0 0 0 0 0  00000000
   5.901  3060 2762  79 1  0  0 0 0 0 0  00000000
   5.911  3060 2762  80 1  0  0 0 0 0 0  00000000
   5.924  3060 2763  80 1  0  0 0 0 0 0  00000000
   5.937  3060 2796  82 1  0  0 0 0 0 0  00000000
   5.950  3060 2797  81 1  0  0 0 0 0 0  00000000
   5.962  3060 2801  82 1  0  0 0 0 0 0  00000000
   5.974  3060 2832  83 1  0  0 0 0 0 0  00000000
   5.987  3060 2833  83 1  0  0 0 0 0 0  00000000
   5.998  3060 2858  85 1  0  0 0 0 0 0  00000000
   6.011  3060 2877  84 1  0  0 0 0 0 0  00000000
   6.024  3060 2878  86 1  0  0 0 0 0 0  00000000
   6.037  3060 2906  87 1  0  0 0 0 0 0  00000000
   6.049  3061 2931  87 1  0  0 0 0 0 0  00000000
   6.061  3062 2932  89 1  0  0 0 0 0 0  00000000
   6.073  3067 2958  90 1  0  0 0 0 0 0  00000000
   6.086  3068 2959  90 1  0  0 0 0 0 0  00000000
   6.099  3069 2988  91 1  0  0 0 0 0 0  00000000
   6.111  3070 2989  91 1  0  0 0 0 0 0  00000000
   6.124  3074 2994  92 1  0  0 0 0 0 0  00000000
   6.136  3079 3000  93 1  0  0 0 0 0 0  00000000
   6.149  3080 3006  93 1  0  0 0 0 0 0  00000000
   6.162  3081 3007  92 1  0  0 0 0 0 0  00000000
   6.173  3081 3008  93 1  0  0 0 0 0 0  00000000
   6.185  3081 2992  91 1  0  0 0 0 0 0  00000000
   6.197  3081 2976  90 1  0  0 0 0 0 0  00000000
   6.210  3081 2952  89 1  0  0 0 0 0 0  00000000
   6.222  3081 2926  87 1  0  0 0 0 0 0  00000000
   6.234  3079 2890  83 1  0  0 0 0 0 0  00000000
   6.247  3078 2869  77 1  0  0 0 0 0 0  00000000
   6.259  3171 2824  65 1  0  0 0 0 0 0  00000000
   6.272  3171 2824   0 0  0  0 0 0 0 0  00000000
   6.445  3138 2894  64 1  0  0 0 0 0 0  00000000
   6.459  3071 2864  77 1  0  0 0 0 0 0  00000000
   6.471  3046 2865  82 1  0  0 0 0 0 0  00000000
   6.484  3046 2869  85 1  0  0 0 0 0 0  00000000
   6.496  3045 2874  84 1  0  0 0 0 0 0  00000000
   6.508  3045 2875  84 1  0  0 0 0 0 0  00000000
   6.520  3045 2875  81 1  0  0 0 0 0 0  00000000
   6.534  3068 2874  77 1  0  0 0 0 0 0  00000000
   6.546  3150 2850  68 1  0  0 0 0 0 0  00000000
   6.557  3293 2850  47 1  0  0 0 0 0 0  00000000
   6.569  3293 2850   0 0  0  0 0 0 0 0  00000000
   6.719  3462 2702  77 1  0  0 0 0 0 0  00000000
   6.731  3443 2680  77 1  0  0 0 0 0 0  00000000
   6.744  3420 2661  80 1  0  0 0 0 0 0  00000000
   6.756  3420 2661  82 1  0  0 0 0 0 0  00000000
   6.768  3415 2660  83 1  0  0 0 0 0 0  00000000
   6.782  3413 2641  83 1  0  0 0 0 0 0  00000000
   6.792  3412 2641  82 1  0  0 0 0 0 0  00000000
   6.805  3412 2622  80 1  0  0 0 0 0 0  00000000
   6.817  3412 2622  81 1  0  0 0 0 0 0  00000000
   6.830  3412 2606  79 1  0  0 0 0 0 0  00000000
   6.843  3412 2604  79 1  0  0 0 0 0 0  00000000
   6.854  3412 2582  79 1  0  0 0 0 0 0  00000000
   6.867  3410 2582  78 1  0  0 0 0 0 0  00000000
   6.879  3408 2581  78 1  0  0 0 0 0 0  00000000
   6.893  3408 2576  79 1  0  0 0 0 0 0  00000000
   6.906  3406 2570  79 1  0  0 0 0 0 0  00000000
   6.917  3402 2564  79 1  0  0 0 0 0 0  00000000
   6.930  3400 2533  79 1  0  0 0 0 0 0  00000000
   6.942  3396 2533  79 1  0  0 0 0 0 0  00000000
   6.955  3395 2533  78 1  0  0 0 0 0 0  00000000
   6.967  3393 2511  79 1  0  0 0 0 0 0  00000000
   6.979  3392 2511  79 1  0  0 0 0 0 0  00000000
   6.991  3392 2506  77 1  0  0 0 0 0 0  00000000
   7.004  3388 2481  77 1  0  0 0 0 0 0  00000000
   7.017  3386 2479  77 1  0  0 0 0 0 0  00000000
   7.029  3384 2475  76 1  0  0 0 0 0 0  00000000
   7.041  3382 2469  74 1  0  0 0 0 0 0  00000000
   7.054  3381 2431  72 1  0  0 0 0 0 0  00000000
   7.065  3381 2429  66 1  0  0 0 0 0 0  00000000
   7.078  3408 2389  56 1  0  0 0 0 0 0  00000000
   7.089  3408 2389   0 0  0  0 0 0 0 0  00000000
   7.302  3249 2591  77 1  0  0 0 0 0 0  00000000
   7.315  3247 2592  81 1  0  0 0 0 0 0  00000000
   7.327  3241 2598  82 1  0  0 0 0 0 0  00000000
   7.340  3237 2621  84 1  0  0 0 0 0 0  00000000
   7.352  3235 2621  85 1  0  0 0 0 0 0  00000000
   7.364  3235 2622  84 1  0  0 0 0 0 0  00000000
   7.374  3235 2623  84 1  0  0 0 0 0 0  00000000
   7.390  3235 2624  85 1  0  0 0 0 0 0  00000000
   7.401  3234 2625  85 1  0  0 0 0 0 0  00000000
   7.415  3234 2626  85 1  0  0 0 0 0 0  00000000
   7.425  3234 2627  84 1  0  0 0 0 0 0  00000000
   7.438  3234 2627  85 1  0  0 0 0 0 0  00000000
   7.476  3232 2627  84 1  0  0 0 0 0 0  00000000
   7.488  3227 2622  88 1  0  0 0 0 0 0  00000000
   7.500  3221 2617  87 1  0  0 0 0 0 0  00000000
   7.514  3215 2611  86 1  0  0 0 0 0 0  00000000
   7.525  3210 2589  87 1  0  0 0 0 0 0  00000000
   7.538  3208 2587  86 1  0  0 0 0 0 0  00000000
   7.551  3206 2565  84 1  0  0 0 0 0 0  00000000
   7.563  3204 2563  82 1  0  0 0 0 0 0  00000000
   7.575  3202 2527  81 1  0  0 0 0 0 0  00000000
   7.587  3219 2504  74 1  0  0 0 0 0 0  00000000
   7.600  3236 2500  67 1  0  0 0 0 0 0  00000000
   7.612  3212 2498  42 1  0  0 0 0 0 0  00000000
   7.624  3212 2498   0 0  0  0 0 0 0 0  00000000
   7.873  3337 2587  70 1  0  0 0 0 0 0  00000000
   7.886  3282 2566  78 1  0  0 0 0 0 0  00000000
   7.898  3280 2566  81 1  0  0 0 0 0 0  00000000
   7.910  3260 2566  84 1  0  0 0 0 0 0  00000000
   7.922  3260 2567  84 1  0  0 0 0 0 0  00000000
   7.935  3260 2568  85 1  0  0 0 0 0 0  00000000
   7.947  3260 2569  85 1  0  0 0 0 0 0  00000000
   7.960  3260 2570  85 1  0  0 0 0 0 0  00000000
   7.971  3260 2571  85 1  0  0 0 0 0 0  00000000
   7.984  3260 2572  84 1  0  0 0 0 0 0  00000000
   7.997  3260 2564  83 1  0  0 0 0 0 0  00000000
   8.020  3260 2560  83 1  0  0 0 0 0 0  00000000
   8.033  3260 2556  83 1  0  0 0 0 0 0  00000000
   8.046  3260 2533  82 1  0  0 0 0 0 0  00000000
   8.084  3260 2528  81 1  0  0 0 0 0 0  00000000
   8.096  3258 2506  82 1  0  0 0 0 0 0  00000000
   8.108  3256 2506  81 1  0  0 0 0 0 0  00000000
   8.121  3254 2504  82 1  0  0 0 0 0 0  00000000
   8.133  3249 2484  80 1  0  0 0 0 0 0  00000000
   8.146  3248 2484  79 1  0  0 0 0 0 0  00000000
   8.157  3248 2483  79 1  0  0 0 0 0 0  00000000
   8.170  3248 2464  79 1  0  0 0 0 0 0  00000000
   8.183  3246 2464  79 1  0  0 0 0 0 0  00000000
   8.195  3246 2460  77 1  0  0 0 0 0 0  00000000
   8.208  3245 2456  77 1  0  0 0 0 0 0  00000000
   8.220  3244 2450  78 1  0  0 0 0 0 0  00000000
   8.232  3244 2444  78 1  0  0 0 0 0 0  00000000
   8.245  3242 2421  78 1  0  0 0 0 0 0  00000000
   8.258  3242 2421  77 1  0  0 0 0 0 0  00000000
   8.282  3242 2417  76 1  0  0 0 0 0 0  00000000
   8.295  3242 2415  77 1  0  0 0 0 0 0  00000000
   8.307  3240 2410  76 1  0  0 0 0 0 0  00000000
   8.320  3240 2405  75 1  0  0 0 0 0 0  00000000
   8.331  3238 2403  76 1  0  0 0 0 0 0  00000000
   8.344  3238 2397  75 1  0  0 0 0 0 0  00000000
   8.356  3238 2391  74 1  0  0 0 0 0 0  00000000
   8.369  3238 2385  74 1  0  0 0 0 0 0  00000000
   8.381  3238 2379  74 1  0  0 0 0 0 0  00000000
   8.395  3238 2377  74 1  0  0 0 0 0 0  00000000
   8.408  3238 2371  74 1  0  0 0 0 0 0  00000000
   8.420  3238 2349  73 1  0  0 0 0 0 0  00000000
   8.431  3238 2349  74 1  0  0 0 0 0 0  00000000
   8.444  3236 2349  73 1  0  0 0 0 0 0  00000000
   8.456  3234 2348  73 1  0  0 0 0 0 0  00000000
   8.468  3234 2346  73 1  0  0 0 0 0 0  00000000
   8.481  3234 2342  73 1  0  0 0 0 0 0  00000000
   8.493  3232 2338  72 1  0  0 0 0 0 0  00000000
   8.506  3232 2334  71 1  0  0 0 0 0 0  00000000
   8.517  3232 2328  71 1  0  0 0 0 0 0  00000000
   8.529  3232 2322  72 1  0  0 0 0 0 0  00000000
   8.542  3230 2316  71 1  0  0 0 0 0 0  00000000
   8.554  3225 2292  70 1  0  0 0 0 0 0  00000000
   8.567  3224 2292  70 1  0  0 0 0 0 0  00000000
   8.580  3222 2290  69 1  0  0 0 0 0 0  00000000
   8.592  3220 2285  69 1  0  0 0 0 0 0  00000000
   8.604  3220 2283  69 1  0  0 0 0 0 0  00000000
   8.614  3220 2282  69 1  0  0 0 0 0 0  00000000
   8.623  3220 2277  68 1  0  0 0 0 0 0  00000000
   8.642  3218 2270  68 1  0  0 0 0 0 0  00000000
   8.654  3218 2266  68 1  0  0 0 0 0 0  00000000
   8.666  3218 2261  68 1  0  0 0 0 0 0  00000000
   8.676  3218 2259  68 1  0  0 0 0 0 0  00000000
   8.685  3218 2257  68 1  0  0 0 0 0 0  00000000
   8.704  3216 2237  68 1  0  0 0 0 0 0  00000000
   8.715  3214 2237  68 1  0  0 0 0 0 0  00000000
   8.729  3214 2235  67 1  0  0 0 0 0 0  00000000
   8.741  3214 2235  68 1  0  0 0 0 0 0  00000000
   8.753  3214 2233  67 1  0  0 0 0 0 0  00000000
   8.766  3214 2231  67 1  0  0 0 0 0 0  00000000
   8.778  3214 2229  67 1  0  0 0 0 0 0  00000000
   8.791  3210 2227  66 1  0  0 0 0 0 0  00000000
   8.802  3209 2227  67 1  0  0 0 0 0 0  00000000
   8.828  3209 2227  68 1  0  0 0 0 0 0  00000000
   8.841  3209 2227  67 1  0  0 0 0 0 0  00000000
   8.852  3209 2227  68 1  0  0 0 0 0 0  00000000
   8.902  3209 2228  68 1  0  0 0 0 0 0  00000000
   8.915  3209 2233  68 1  0  0 0 0 0 0  00000000
   8.927  3209 2234  68 1  0  0 0 0 0 0  00000000
   8.939  3209 2235  69 1  0  0 0 0 0 0  00000000
   8.949  3209 2236  69 1  0  0 0 0 0 0  00000000
   8.959  3209 2237  68 1  0  0 0 0 0 0  00000000
   8.977  3209 2241  68 1  0  0 0 0 0 0  00000000
   8.990  3209 2246  69 1  0  0 0 0 0 0  00000000
   9.001  3209 2251  69 1  0  0 0 0 0 0  00000000
   9.014  3209 2252  69 1  0  0 0 0 0 0  00000000
   9.026  3209 2256  69 1  0  0 0 0 0 0  00000000
   9.038  3209 2257  70 1  0  0 0 0 0 0  00000000
   9.050  3209 2258  70 1  0  0 0 0 0 0  00000000
   9.061  3209 2259  70 1  0  0 0 0 0 0  00000000
   9.071  3210 2260  70 1  0  0 0 0 0 0  00000000
   9.089  3211 2261  70 1  0  0 0 0 0 0  00000000
   9.101  3211 2266  70 1  0  0 0 0 0 0  00000000
   9.113  3211 2267  70 1  0  0 0 0 0 0  00000000
   9.125  3211 2268  70 1  0  0 0 0 0 0  00000000
   9.135  3211 2269  70 1  0  0 0 0 0 0  00000000
   9.145  3211 2270  70 1  0  0 0 0 0 0  00000000
   9.163  3211 2271  70 1  0  0 0 0 0 0  00000000
   9.187  3211 2272  70 1  0  0 0 0 0 0  00000000
   9.250  3211 2272  71 1  0  0 0 0 0 0  00000000
   9.262  3211 2272  70 1  0  0 0 0 0 0  00000000
   9.312  3212 2265  68 1  0  0 0 0 0 0  00000000
   9.324  3218 2258  65 1  0  0 0 0 0 0  00000000
   9.336  3249 2254  60 1  0  0 0 0 0 0  00000000
   9.349  3249 2253  49 1  0  0 0 0 0 0  00000000
   9.361  3249 2253   0 0  0  0 0 0 0 0  00000000
